[0.029s] Invoking command in '/home/sentry-nov/code/colcon_3/build/debug_tools': CMAKE_PREFIX_PATH=${CMAKE_PREFIX_PATH}:/opt/ros/humble /usr/bin/cmake /home/sentry-nov/code/colcon_3/src/common/debug_tools -DCMAKE_INSTALL_PREFIX=/home/sentry-nov/code/colcon_3/install/debug_tools
[0.043s] -- Found ament_cmake: 1.3.11 (/opt/ros/humble/share/ament_cmake/cmake)
[0.173s] -- Found rclcpp: 16.0.11 (/opt/ros/humble/share/rclcpp/cmake)
[0.206s] -- Found rosidl_generator_c: 3.1.6 (/opt/ros/humble/share/rosidl_generator_c/cmake)
[0.208s] -- Found rosidl_adapter: 3.1.6 (/opt/ros/humble/share/rosidl_adapter/cmake)
[0.214s] -- Found rosidl_generator_cpp: 3.1.6 (/opt/ros/humble/share/rosidl_generator_cpp/cmake)
[0.223s] -- Using all available rosidl_typesupport_c: rosidl_typesupport_fastrtps_c;rosidl_typesupport_introspection_c
[0.234s] -- Using all available rosidl_typesupport_cpp: rosidl_typesupport_fastrtps_cpp;rosidl_typesupport_introspection_cpp
[0.263s] -- Found rmw_implementation_cmake: 6.1.2 (/opt/ros/humble/share/rmw_implementation_cmake/cmake)
[0.264s] -- Found rmw_fastrtps_cpp: 6.2.7 (/opt/ros/humble/share/rmw_fastrtps_cpp/cmake)
[0.378s] -- Using RMW implementation 'rmw_fastrtps_cpp' as default
[0.514s] -- Configuring done
[0.525s] -- Generating done
[0.529s] -- Build files have been written to: /home/sentry-nov/code/colcon_3/build/debug_tools
[0.539s] Invoked command in '/home/sentry-nov/code/colcon_3/build/debug_tools' returned '0': CMAKE_PREFIX_PATH=${CMAKE_PREFIX_PATH}:/opt/ros/humble /usr/bin/cmake /home/sentry-nov/code/colcon_3/src/common/debug_tools -DCMAKE_INSTALL_PREFIX=/home/sentry-nov/code/colcon_3/install/debug_tools
[0.542s] Invoking command in '/home/sentry-nov/code/colcon_3/build/debug_tools': CMAKE_PREFIX_PATH=${CMAKE_PREFIX_PATH}:/opt/ros/humble /usr/bin/cmake --build /home/sentry-nov/code/colcon_3/build/debug_tools -- -j12 -l12
[0.590s] Invoked command in '/home/sentry-nov/code/colcon_3/build/debug_tools' returned '0': CMAKE_PREFIX_PATH=${CMAKE_PREFIX_PATH}:/opt/ros/humble /usr/bin/cmake --build /home/sentry-nov/code/colcon_3/build/debug_tools -- -j12 -l12
[0.603s] Invoking command in '/home/sentry-nov/code/colcon_3/build/debug_tools': CMAKE_PREFIX_PATH=${CMAKE_PREFIX_PATH}:/opt/ros/humble /usr/bin/cmake --install /home/sentry-nov/code/colcon_3/build/debug_tools
[0.612s] -- Install configuration: "Release"
[0.612s] -- Up-to-date: /home/sentry-nov/code/colcon_3/install/debug_tools/include
[0.612s] -- Up-to-date: /home/sentry-nov/code/colcon_3/install/debug_tools/include/debug_tools
[0.613s] -- Up-to-date: /home/sentry-nov/code/colcon_3/install/debug_tools/include/debug_tools/color_print.h
[0.613s] -- Up-to-date: /home/sentry-nov/code/colcon_3/install/debug_tools/include/debug_tools/debug_tools.h
[0.613s] -- Up-to-date: /home/sentry-nov/code/colcon_3/install/debug_tools/share/ament_index/resource_index/package_run_dependencies/debug_tools
[0.613s] -- Installing: /home/sentry-nov/code/colcon_3/install/debug_tools/share/ament_index/resource_index/parent_prefix_path/debug_tools
[0.613s] -- Up-to-date: /home/sentry-nov/code/colcon_3/install/debug_tools/share/debug_tools/environment/ament_prefix_path.sh
[0.613s] -- Installing: /home/sentry-nov/code/colcon_3/install/debug_tools/share/debug_tools/environment/ament_prefix_path.dsv
[0.613s] -- Up-to-date: /home/sentry-nov/code/colcon_3/install/debug_tools/share/debug_tools/environment/path.sh
[0.613s] -- Installing: /home/sentry-nov/code/colcon_3/install/debug_tools/share/debug_tools/environment/path.dsv
[0.613s] -- Up-to-date: /home/sentry-nov/code/colcon_3/install/debug_tools/share/debug_tools/local_setup.bash
[0.613s] -- Up-to-date: /home/sentry-nov/code/colcon_3/install/debug_tools/share/debug_tools/local_setup.sh
[0.613s] -- Up-to-date: /home/sentry-nov/code/colcon_3/install/debug_tools/share/debug_tools/local_setup.zsh
[0.613s] -- Installing: /home/sentry-nov/code/colcon_3/install/debug_tools/share/debug_tools/local_setup.dsv
[0.614s] -- Installing: /home/sentry-nov/code/colcon_3/install/debug_tools/share/debug_tools/package.dsv
[0.614s] -- Up-to-date: /home/sentry-nov/code/colcon_3/install/debug_tools/share/ament_index/resource_index/packages/debug_tools
[0.614s] -- Up-to-date: /home/sentry-nov/code/colcon_3/install/debug_tools/share/debug_tools/cmake/ament_cmake_export_include_directories-extras.cmake
[0.614s] -- Up-to-date: /home/sentry-nov/code/colcon_3/install/debug_tools/share/debug_tools/cmake/debug_toolsConfig.cmake
[0.614s] -- Up-to-date: /home/sentry-nov/code/colcon_3/install/debug_tools/share/debug_tools/cmake/debug_toolsConfig-version.cmake
[0.614s] -- Up-to-date: /home/sentry-nov/code/colcon_3/install/debug_tools/share/debug_tools/package.xml
[0.617s] Invoked command in '/home/sentry-nov/code/colcon_3/build/debug_tools' returned '0': CMAKE_PREFIX_PATH=${CMAKE_PREFIX_PATH}:/opt/ros/humble /usr/bin/cmake --install /home/sentry-nov/code/colcon_3/build/debug_tools
