[0.022s] Invoking command in '/home/sentry-nov/code/colcon_3/build/rm_serial': CMAKE_PREFIX_PATH=/home/sentry-nov/code/colcon_3/install/rm_interface:/home/sentry-nov/code/colcon_3/install/debug_tools:/home/sentry-nov/code/colcon_3/install/tilted_lidar:/home/sentry-nov/code/colcon_3/install/rviz_plugin:/home/sentry-nov/code/colcon_3/install/robot_decision_system:/home/sentry-nov/code/colcon_3/install/rm_serial:/home/sentry-nov/code/colcon_3/install/rm_decision:/home/sentry-nov/code/colcon_3/install/motion_planning:/home/sentry-nov/code/colcon_3/install/path_planning:/home/sentry-nov/code/colcon_3/install/ikd_tree_mapping:/home/sentry-nov/code/colcon_3/install/point_lio:/home/sentry-nov/code/colcon_3/install/m_detector:/home/sentry-nov/code/colcon_3/install/fast_lio:/home/sentry-nov/code/colcon_3/install/livox_ros_driver2:/home/sentry-nov/code/colcon_3/install/icp_relocalization:/home/sentry-nov/code/colcon_3/install/altitude_map:/home/sentry-nov/code/colcon_3/install/auto_start:/opt/ros/humble LD_LIBRARY_PATH=/home/sentry-nov/code/colcon_3/install/rm_interface/lib:/home/sentry-nov/code/colcon_3/install/robot_decision_system/lib:/home/sentry-nov/code/colcon_3/install/path_planning/lib:/home/sentry-nov/code/colcon_3/install/m_detector/lib:/home/sentry-nov/code/colcon_3/install/fast_lio/lib:/home/sentry-nov/code/colcon_3/install/livox_ros_driver2/lib:/home/sentry-nov/code/colcon_3/install/altitude_map/lib:/usr/local/lib:/opt/ros/humble/opt/rviz_ogre_vendor/lib:/opt/ros/humble/lib/x86_64-linux-gnu:/opt/ros/humble/lib /usr/bin/cmake --build /home/sentry-nov/code/colcon_3/build/rm_serial -- -j12 -l12
[0.075s] [35m[1mConsolidate compiler generated dependencies of target rm_serial_handle_datas_test[0m
[0.078s] [35m[1mConsolidate compiler generated dependencies of target rm_serial_rec_command_node[0m
[0.084s] gmake[2]: Warning: File '/home/sentry-nov/code/colcon_3/src/common/rm_serial/include/rm_serial/data_list.h' has modification time 25378 s in the future
[0.094s] [ 40%] Built target serial_reader_reconnection_test
[0.094s] [ 40%] Built target serial_reader_test
[0.095s] [ 60%] Built target crc_test
[0.098s] gmake[2]: Warning: File '/home/sentry-nov/code/colcon_3/src/common/rm_serial/include/rm_serial/data_list.h' has modification time 25378 s in the future
[0.099s] [ 70%] [32mBuilding CXX object CMakeFiles/rm_serial_handle_datas_test.dir/test/handle_datas.cpp.o[0m
[0.108s] [ 80%] [32mBuilding CXX object CMakeFiles/rm_serial_rec_command_node.dir/src/rec_command.cpp.o[0m
[0.890s] [ 90%] [32m[1mLinking CXX executable rm_serial_handle_datas_test[0m
[1.008s] gmake[2]: warning: Clock skew detected. Your build may be incomplete.
[1.019s] [ 90%] Built target rm_serial_handle_datas_test
[11.954s] [100%] [32m[1mLinking CXX executable rm_serial_rec_command_node[0m
[12.216s] gmake[2]: warning: Clock skew detected. Your build may be incomplete.
[12.227s] [100%] Built target rm_serial_rec_command_node
[12.243s] Invoked command in '/home/sentry-nov/code/colcon_3/build/rm_serial' returned '0': CMAKE_PREFIX_PATH=/home/sentry-nov/code/colcon_3/install/rm_interface:/home/sentry-nov/code/colcon_3/install/debug_tools:/home/sentry-nov/code/colcon_3/install/tilted_lidar:/home/sentry-nov/code/colcon_3/install/rviz_plugin:/home/sentry-nov/code/colcon_3/install/robot_decision_system:/home/sentry-nov/code/colcon_3/install/rm_serial:/home/sentry-nov/code/colcon_3/install/rm_decision:/home/sentry-nov/code/colcon_3/install/motion_planning:/home/sentry-nov/code/colcon_3/install/path_planning:/home/sentry-nov/code/colcon_3/install/ikd_tree_mapping:/home/sentry-nov/code/colcon_3/install/point_lio:/home/sentry-nov/code/colcon_3/install/m_detector:/home/sentry-nov/code/colcon_3/install/fast_lio:/home/sentry-nov/code/colcon_3/install/livox_ros_driver2:/home/sentry-nov/code/colcon_3/install/icp_relocalization:/home/sentry-nov/code/colcon_3/install/altitude_map:/home/sentry-nov/code/colcon_3/install/auto_start:/opt/ros/humble LD_LIBRARY_PATH=/home/sentry-nov/code/colcon_3/install/rm_interface/lib:/home/sentry-nov/code/colcon_3/install/robot_decision_system/lib:/home/sentry-nov/code/colcon_3/install/path_planning/lib:/home/sentry-nov/code/colcon_3/install/m_detector/lib:/home/sentry-nov/code/colcon_3/install/fast_lio/lib:/home/sentry-nov/code/colcon_3/install/livox_ros_driver2/lib:/home/sentry-nov/code/colcon_3/install/altitude_map/lib:/usr/local/lib:/opt/ros/humble/opt/rviz_ogre_vendor/lib:/opt/ros/humble/lib/x86_64-linux-gnu:/opt/ros/humble/lib /usr/bin/cmake --build /home/sentry-nov/code/colcon_3/build/rm_serial -- -j12 -l12
[12.244s] Invoking command in '/home/sentry-nov/code/colcon_3/build/rm_serial': CMAKE_PREFIX_PATH=/home/sentry-nov/code/colcon_3/install/rm_interface:/home/sentry-nov/code/colcon_3/install/debug_tools:/home/sentry-nov/code/colcon_3/install/tilted_lidar:/home/sentry-nov/code/colcon_3/install/rviz_plugin:/home/sentry-nov/code/colcon_3/install/robot_decision_system:/home/sentry-nov/code/colcon_3/install/rm_serial:/home/sentry-nov/code/colcon_3/install/rm_decision:/home/sentry-nov/code/colcon_3/install/motion_planning:/home/sentry-nov/code/colcon_3/install/path_planning:/home/sentry-nov/code/colcon_3/install/ikd_tree_mapping:/home/sentry-nov/code/colcon_3/install/point_lio:/home/sentry-nov/code/colcon_3/install/m_detector:/home/sentry-nov/code/colcon_3/install/fast_lio:/home/sentry-nov/code/colcon_3/install/livox_ros_driver2:/home/sentry-nov/code/colcon_3/install/icp_relocalization:/home/sentry-nov/code/colcon_3/install/altitude_map:/home/sentry-nov/code/colcon_3/install/auto_start:/opt/ros/humble LD_LIBRARY_PATH=/home/sentry-nov/code/colcon_3/install/rm_interface/lib:/home/sentry-nov/code/colcon_3/install/robot_decision_system/lib:/home/sentry-nov/code/colcon_3/install/path_planning/lib:/home/sentry-nov/code/colcon_3/install/m_detector/lib:/home/sentry-nov/code/colcon_3/install/fast_lio/lib:/home/sentry-nov/code/colcon_3/install/livox_ros_driver2/lib:/home/sentry-nov/code/colcon_3/install/altitude_map/lib:/usr/local/lib:/opt/ros/humble/opt/rviz_ogre_vendor/lib:/opt/ros/humble/lib/x86_64-linux-gnu:/opt/ros/humble/lib /usr/bin/cmake --install /home/sentry-nov/code/colcon_3/build/rm_serial
[12.255s] -- Install configuration: "Release"
[12.255s] -- Installing: /home/sentry-nov/code/colcon_3/install/rm_serial/lib/rm_serial/rm_serial_rec_command_node
[12.258s] -- Set runtime path of "/home/sentry-nov/code/colcon_3/install/rm_serial/lib/rm_serial/rm_serial_rec_command_node" to ""
[12.258s] -- Installing: /home/sentry-nov/code/colcon_3/install/rm_serial/lib/rm_serial/rm_serial_handle_datas_test
[12.258s] -- Up-to-date: /home/sentry-nov/code/colcon_3/install/rm_serial/lib/rm_serial/crc_test
[12.259s] -- Up-to-date: /home/sentry-nov/code/colcon_3/install/rm_serial/lib/rm_serial/serial_reader_test
[12.259s] -- Up-to-date: /home/sentry-nov/code/colcon_3/install/rm_serial/lib/rm_serial/serial_reader_reconnection_test
[12.259s] -- Up-to-date: /home/sentry-nov/code/colcon_3/install/rm_serial/share/ament_index/resource_index/package_run_dependencies/rm_serial
[12.259s] -- Up-to-date: /home/sentry-nov/code/colcon_3/install/rm_serial/share/ament_index/resource_index/parent_prefix_path/rm_serial
[12.259s] -- Up-to-date: /home/sentry-nov/code/colcon_3/install/rm_serial/share/rm_serial/environment/ament_prefix_path.sh
[12.259s] -- Up-to-date: /home/sentry-nov/code/colcon_3/install/rm_serial/share/rm_serial/environment/ament_prefix_path.dsv
[12.259s] -- Up-to-date: /home/sentry-nov/code/colcon_3/install/rm_serial/share/rm_serial/environment/path.sh
[12.260s] -- Up-to-date: /home/sentry-nov/code/colcon_3/install/rm_serial/share/rm_serial/environment/path.dsv
[12.260s] -- Up-to-date: /home/sentry-nov/code/colcon_3/install/rm_serial/share/rm_serial/local_setup.bash
[12.260s] -- Up-to-date: /home/sentry-nov/code/colcon_3/install/rm_serial/share/rm_serial/local_setup.sh
[12.260s] -- Up-to-date: /home/sentry-nov/code/colcon_3/install/rm_serial/share/rm_serial/local_setup.zsh
[12.260s] -- Up-to-date: /home/sentry-nov/code/colcon_3/install/rm_serial/share/rm_serial/local_setup.dsv
[12.260s] -- Installing: /home/sentry-nov/code/colcon_3/install/rm_serial/share/rm_serial/package.dsv
[12.260s] -- Up-to-date: /home/sentry-nov/code/colcon_3/install/rm_serial/share/ament_index/resource_index/packages/rm_serial
[12.260s] -- Up-to-date: /home/sentry-nov/code/colcon_3/install/rm_serial/share/rm_serial/cmake/rm_serialConfig.cmake
[12.260s] -- Up-to-date: /home/sentry-nov/code/colcon_3/install/rm_serial/share/rm_serial/cmake/rm_serialConfig-version.cmake
[12.260s] -- Up-to-date: /home/sentry-nov/code/colcon_3/install/rm_serial/share/rm_serial/package.xml
[12.265s] Invoked command in '/home/sentry-nov/code/colcon_3/build/rm_serial' returned '0': CMAKE_PREFIX_PATH=/home/sentry-nov/code/colcon_3/install/rm_interface:/home/sentry-nov/code/colcon_3/install/debug_tools:/home/sentry-nov/code/colcon_3/install/tilted_lidar:/home/sentry-nov/code/colcon_3/install/rviz_plugin:/home/sentry-nov/code/colcon_3/install/robot_decision_system:/home/sentry-nov/code/colcon_3/install/rm_serial:/home/sentry-nov/code/colcon_3/install/rm_decision:/home/sentry-nov/code/colcon_3/install/motion_planning:/home/sentry-nov/code/colcon_3/install/path_planning:/home/sentry-nov/code/colcon_3/install/ikd_tree_mapping:/home/sentry-nov/code/colcon_3/install/point_lio:/home/sentry-nov/code/colcon_3/install/m_detector:/home/sentry-nov/code/colcon_3/install/fast_lio:/home/sentry-nov/code/colcon_3/install/livox_ros_driver2:/home/sentry-nov/code/colcon_3/install/icp_relocalization:/home/sentry-nov/code/colcon_3/install/altitude_map:/home/sentry-nov/code/colcon_3/install/auto_start:/opt/ros/humble LD_LIBRARY_PATH=/home/sentry-nov/code/colcon_3/install/rm_interface/lib:/home/sentry-nov/code/colcon_3/install/robot_decision_system/lib:/home/sentry-nov/code/colcon_3/install/path_planning/lib:/home/sentry-nov/code/colcon_3/install/m_detector/lib:/home/sentry-nov/code/colcon_3/install/fast_lio/lib:/home/sentry-nov/code/colcon_3/install/livox_ros_driver2/lib:/home/sentry-nov/code/colcon_3/install/altitude_map/lib:/usr/local/lib:/opt/ros/humble/opt/rviz_ogre_vendor/lib:/opt/ros/humble/lib/x86_64-linux-gnu:/opt/ros/humble/lib /usr/bin/cmake --install /home/sentry-nov/code/colcon_3/build/rm_serial
