[0.045s] Invoking command in '/home/sentry-nov/code/colcon_3/build/motion_planning': AMENT_PREFIX_PATH=/home/sentry-nov/code/colcon_3/install/path_planning:/home/sentry-nov/code/colcon_3/install/rm_interface:/home/sentry-nov/code/colcon_3/install/debug_tools:${AMENT_PREFIX_PATH} CMAKE_PREFIX_PATH=/home/sentry-nov/code/colcon_3/install/path_planning:/home/sentry-nov/code/colcon_3/install/rm_interface:/home/sentry-nov/code/colcon_3/install/debug_tools:/opt/ros/humble LD_LIBRARY_PATH=/home/sentry-nov/code/colcon_3/install/path_planning/lib:/home/sentry-nov/code/colcon_3/install/rm_interface/lib:${LD_LIBRARY_PATH} PYTHONPATH=/home/sentry-nov/code/colcon_3/install/rm_interface/local/lib/python3.10/dist-packages:${PYTHONPATH} /usr/bin/cmake --build /home/sentry-nov/code/colcon_3/build/motion_planning -- -j12 -l12
[0.098s] [35m[1mConsolidate compiler generated dependencies of target motion_planning_ros_node[0m
[0.110s] [ 40%] Built target motion_demo_node
[0.117s] gmake[2]: Warning: File '/home/sentry-nov/code/colcon_3/src/navigation/motion_planning/src/motion_core.cpp' has modification time 21302 s in the future
[0.128s] [ 60%] [32mBuilding CXX object CMakeFiles/motion_planning_ros_node.dir/src/motion_core.cpp.o[0m
[0.130s] [ 80%] [32mBuilding CXX object CMakeFiles/motion_planning_ros_node.dir/src/motion_core_ros.cpp.o[0m
[13.299s] [100%] [32m[1mLinking CXX executable motion_planning_ros_node[0m
[19.077s] gmake[2]: warning: Clock skew detected. Your build may be incomplete.
[19.088s] [100%] Built target motion_planning_ros_node
[19.101s] Invoked command in '/home/sentry-nov/code/colcon_3/build/motion_planning' returned '0': AMENT_PREFIX_PATH=/home/sentry-nov/code/colcon_3/install/path_planning:/home/sentry-nov/code/colcon_3/install/rm_interface:/home/sentry-nov/code/colcon_3/install/debug_tools:${AMENT_PREFIX_PATH} CMAKE_PREFIX_PATH=/home/sentry-nov/code/colcon_3/install/path_planning:/home/sentry-nov/code/colcon_3/install/rm_interface:/home/sentry-nov/code/colcon_3/install/debug_tools:/opt/ros/humble LD_LIBRARY_PATH=/home/sentry-nov/code/colcon_3/install/path_planning/lib:/home/sentry-nov/code/colcon_3/install/rm_interface/lib:${LD_LIBRARY_PATH} PYTHONPATH=/home/sentry-nov/code/colcon_3/install/rm_interface/local/lib/python3.10/dist-packages:${PYTHONPATH} /usr/bin/cmake --build /home/sentry-nov/code/colcon_3/build/motion_planning -- -j12 -l12
[19.103s] Invoking command in '/home/sentry-nov/code/colcon_3/build/motion_planning': AMENT_PREFIX_PATH=/home/sentry-nov/code/colcon_3/install/path_planning:/home/sentry-nov/code/colcon_3/install/rm_interface:/home/sentry-nov/code/colcon_3/install/debug_tools:${AMENT_PREFIX_PATH} CMAKE_PREFIX_PATH=/home/sentry-nov/code/colcon_3/install/path_planning:/home/sentry-nov/code/colcon_3/install/rm_interface:/home/sentry-nov/code/colcon_3/install/debug_tools:/opt/ros/humble LD_LIBRARY_PATH=/home/sentry-nov/code/colcon_3/install/path_planning/lib:/home/sentry-nov/code/colcon_3/install/rm_interface/lib:${LD_LIBRARY_PATH} PYTHONPATH=/home/sentry-nov/code/colcon_3/install/rm_interface/local/lib/python3.10/dist-packages:${PYTHONPATH} /usr/bin/cmake --install /home/sentry-nov/code/colcon_3/build/motion_planning
[19.112s] -- Install configuration: "Release"
[19.112s] -- Up-to-date: /home/sentry-nov/code/colcon_3/install/motion_planning/lib/motion_planning/motion_demo_node
[19.112s] -- Installing: /home/sentry-nov/code/colcon_3/install/motion_planning/lib/motion_planning/motion_planning_ros_node
[19.114s] -- Set runtime path of "/home/sentry-nov/code/colcon_3/install/motion_planning/lib/motion_planning/motion_planning_ros_node" to ""
[19.115s] -- Up-to-date: /home/sentry-nov/code/colcon_3/install/motion_planning/share/ament_index/resource_index/package_run_dependencies/motion_planning
[19.115s] -- Up-to-date: /home/sentry-nov/code/colcon_3/install/motion_planning/share/ament_index/resource_index/parent_prefix_path/motion_planning
[19.115s] -- Up-to-date: /home/sentry-nov/code/colcon_3/install/motion_planning/share/motion_planning/environment/ament_prefix_path.sh
[19.115s] -- Up-to-date: /home/sentry-nov/code/colcon_3/install/motion_planning/share/motion_planning/environment/ament_prefix_path.dsv
[19.115s] -- Up-to-date: /home/sentry-nov/code/colcon_3/install/motion_planning/share/motion_planning/environment/path.sh
[19.115s] -- Up-to-date: /home/sentry-nov/code/colcon_3/install/motion_planning/share/motion_planning/environment/path.dsv
[19.115s] -- Up-to-date: /home/sentry-nov/code/colcon_3/install/motion_planning/share/motion_planning/local_setup.bash
[19.115s] -- Up-to-date: /home/sentry-nov/code/colcon_3/install/motion_planning/share/motion_planning/local_setup.sh
[19.115s] -- Up-to-date: /home/sentry-nov/code/colcon_3/install/motion_planning/share/motion_planning/local_setup.zsh
[19.115s] -- Up-to-date: /home/sentry-nov/code/colcon_3/install/motion_planning/share/motion_planning/local_setup.dsv
[19.115s] -- Installing: /home/sentry-nov/code/colcon_3/install/motion_planning/share/motion_planning/package.dsv
[19.115s] -- Up-to-date: /home/sentry-nov/code/colcon_3/install/motion_planning/share/ament_index/resource_index/packages/motion_planning
[19.115s] -- Up-to-date: /home/sentry-nov/code/colcon_3/install/motion_planning/share/motion_planning/cmake/motion_planningConfig.cmake
[19.116s] -- Up-to-date: /home/sentry-nov/code/colcon_3/install/motion_planning/share/motion_planning/cmake/motion_planningConfig-version.cmake
[19.116s] -- Up-to-date: /home/sentry-nov/code/colcon_3/install/motion_planning/share/motion_planning/package.xml
[19.118s] Invoked command in '/home/sentry-nov/code/colcon_3/build/motion_planning' returned '0': AMENT_PREFIX_PATH=/home/sentry-nov/code/colcon_3/install/path_planning:/home/sentry-nov/code/colcon_3/install/rm_interface:/home/sentry-nov/code/colcon_3/install/debug_tools:${AMENT_PREFIX_PATH} CMAKE_PREFIX_PATH=/home/sentry-nov/code/colcon_3/install/path_planning:/home/sentry-nov/code/colcon_3/install/rm_interface:/home/sentry-nov/code/colcon_3/install/debug_tools:/opt/ros/humble LD_LIBRARY_PATH=/home/sentry-nov/code/colcon_3/install/path_planning/lib:/home/sentry-nov/code/colcon_3/install/rm_interface/lib:${LD_LIBRARY_PATH} PYTHONPATH=/home/sentry-nov/code/colcon_3/install/rm_interface/local/lib/python3.10/dist-packages:${PYTHONPATH} /usr/bin/cmake --install /home/sentry-nov/code/colcon_3/build/motion_planning
