[0mCMake Deprecation Warning at /opt/ros/humble/share/rosidl_cmake/cmake/rosidl_target_interfaces.cmake:32 (message):
  Use rosidl_get_typesupport_target() and target_link_libraries() instead of
  rosidl_target_interfaces()
Call Stack (most recent call first):
  CMakeLists.txt:44 (rosidl_target_interfaces)

[0m
[0mCMake Deprecation Warning at /opt/ros/humble/share/rosidl_cmake/cmake/rosidl_target_interfaces.cmake:32 (message):
  Use rosidl_get_typesupport_target() and target_link_libraries() instead of
  rosidl_target_interfaces()
Call Stack (most recent call first):
  CMakeLists.txt:47 (rosidl_target_interfaces)

[0m
[01m[K/home/sentry-nov/code/colcon_3/src/robot_decision_system/src/robot_decision_blue.cpp:[m[K In member function ‘[01m[Kvoid RobotDecisionNode::handle_navigation_result_failure(int, RobotDecisionNode::RobotState)[m[K’:
[01m[K/home/sentry-nov/code/colcon_3/src/robot_decision_system/src/robot_decision_blue.cpp:987:64:[m[K [01;35m[Kwarning: [m[Kunused parameter ‘[01m[Kprev_state[m[K’ [[01;35m[K]8;;https://gcc.gnu.org/onlinedocs/gcc/Warning-Options.html#index-Wunused-parameter-Wunused-parameter]8;;[m[K]
  987 |   void handle_navigation_result_failure(int status, [01;35m[KRobotState prev_state[m[K)
      |                                                     [01;35m[K~~~~~~~~~~~^~~~~~~~~~[m[K
[01m[K/home/sentry-nov/code/colcon_3/src/robot_decision_system/src/robot_decision_red.cpp:[m[K In member function ‘[01m[Kvoid RobotDecisionNode::handle_navigation_result_failure(int, RobotDecisionNode::RobotState)[m[K’:
[01m[K/home/sentry-nov/code/colcon_3/src/robot_decision_system/src/robot_decision_red.cpp:987:64:[m[K [01;35m[Kwarning: [m[Kunused parameter ‘[01m[Kprev_state[m[K’ [[01;35m[K]8;;https://gcc.gnu.org/onlinedocs/gcc/Warning-Options.html#index-Wunused-parameter-Wunused-parameter]8;;[m[K]
  987 |   void handle_navigation_result_failure(int status, [01;35m[KRobotState prev_state[m[K)
      |                                                     [01;35m[K~~~~~~~~~~~^~~~~~~~~~[m[K
