[0.019s] Invoking command in '/home/sentry-nov/code/colcon_3/build/path_planning': CMAKE_PREFIX_PATH=/home/sentry-nov/code/colcon_3/install/rm_interface:/home/sentry-nov/code/colcon_3/install/debug_tools:/home/sentry-nov/code/colcon_3/install/tilted_lidar:/home/sentry-nov/code/colcon_3/install/rviz_plugin:/home/sentry-nov/code/colcon_3/install/robot_decision_system:/home/sentry-nov/code/colcon_3/install/rm_serial:/home/sentry-nov/code/colcon_3/install/rm_decision:/home/sentry-nov/code/colcon_3/install/motion_planning:/home/sentry-nov/code/colcon_3/install/path_planning:/home/sentry-nov/code/colcon_3/install/ikd_tree_mapping:/home/sentry-nov/code/colcon_3/install/point_lio:/home/sentry-nov/code/colcon_3/install/m_detector:/home/sentry-nov/code/colcon_3/install/fast_lio:/home/sentry-nov/code/colcon_3/install/livox_ros_driver2:/home/sentry-nov/code/colcon_3/install/icp_relocalization:/home/sentry-nov/code/colcon_3/install/altitude_map:/home/sentry-nov/code/colcon_3/install/auto_start:/opt/ros/humble LD_LIBRARY_PATH=/home/sentry-nov/code/colcon_3/install/rm_interface/lib:/home/sentry-nov/code/colcon_3/install/robot_decision_system/lib:/home/sentry-nov/code/colcon_3/install/path_planning/lib:/home/sentry-nov/code/colcon_3/install/m_detector/lib:/home/sentry-nov/code/colcon_3/install/fast_lio/lib:/home/sentry-nov/code/colcon_3/install/livox_ros_driver2/lib:/home/sentry-nov/code/colcon_3/install/altitude_map/lib:/usr/local/lib:/opt/ros/humble/opt/rviz_ogre_vendor/lib:/opt/ros/humble/lib/x86_64-linux-gnu:/opt/ros/humble/lib /usr/bin/cmake --build /home/sentry-nov/code/colcon_3/build/path_planning -- -j12 -l12
[0.051s] -- Found ament_cmake: 1.3.11 (/opt/ros/humble/share/ament_cmake/cmake)
[0.186s] -- Found rclcpp: 16.0.11 (/opt/ros/humble/share/rclcpp/cmake)
[0.212s] -- Found rosidl_generator_c: 3.1.6 (/opt/ros/humble/share/rosidl_generator_c/cmake)
[0.215s] -- Found rosidl_adapter: 3.1.6 (/opt/ros/humble/share/rosidl_adapter/cmake)
[0.221s] -- Found rosidl_generator_cpp: 3.1.6 (/opt/ros/humble/share/rosidl_generator_cpp/cmake)
[0.230s] -- Using all available rosidl_typesupport_c: rosidl_typesupport_fastrtps_c;rosidl_typesupport_introspection_c
[0.242s] -- Using all available rosidl_typesupport_cpp: rosidl_typesupport_fastrtps_cpp;rosidl_typesupport_introspection_cpp
[0.275s] -- Found rmw_implementation_cmake: 6.1.2 (/opt/ros/humble/share/rmw_implementation_cmake/cmake)
[0.277s] -- Found rmw_fastrtps_cpp: 6.2.7 (/opt/ros/humble/share/rmw_fastrtps_cpp/cmake)
[0.402s] -- Using RMW implementation 'rmw_fastrtps_cpp' as default
[0.451s] -- Found sensor_msgs: 4.2.4 (/opt/ros/humble/share/sensor_msgs/cmake)
[0.477s] -- Found nav_msgs: 4.2.4 (/opt/ros/humble/share/nav_msgs/cmake)
[0.493s] -- Found visualization_msgs: 4.2.4 (/opt/ros/humble/share/visualization_msgs/cmake)
[0.511s] -- Found pcl_ros: 2.4.5 (/opt/ros/humble/share/pcl_ros/cmake)
[0.551s] -- Eigen found (include: /usr/include/eigen3, version: 3.4.0)
[0.587s] -- FLANN found (include: /usr/include, lib: /usr/lib/x86_64-linux-gnu/libflann_cpp.so)
[0.957s] -- OpenNI found (version: 1.5.4.0, include: /usr/include/ni, lib: /usr/lib/libOpenNI.so;libusb::libusb)
[0.966s] -- OpenNI2 found (version: 2.2.0.33, include: /usr/include/openni2, lib: /usr/lib/x86_64-linux-gnu/libOpenNI2.so;libusb::libusb)
[1.179s] -- Eigen found (include: /usr/include/eigen3, version: 3.4.0)
[1.189s] -- OpenNI found (version: 1.5.4.0, include: /usr/include/ni, lib: /usr/lib/libOpenNI.so;libusb::libusb)
[1.199s] -- OpenNI2 found (version: 2.2.0.33, include: /usr/include/openni2, lib: /usr/lib/x86_64-linux-gnu/libOpenNI2.so;libusb::libusb)
[1.428s] -- Found Qhull version 8.0.2
[1.635s] -- OpenNI found (version: 1.5.4.0, include: /usr/include/ni, lib: /usr/lib/libOpenNI.so;libusb::libusb)
[1.841s] -- Found eigen3_cmake_module: 0.1.1 (/opt/ros/humble/share/eigen3_cmake_module/cmake)
[1.842s] -- Ensuring Eigen3 include directory is part of orocos-kdl CMake target
[1.924s] -- Found altitude_map: 0.0.0 (/home/sentry-nov/code/colcon_3/install/altitude_map/share/altitude_map/cmake)
[1.928s] -- Found debug_tools: 0.0.0 (/home/sentry-nov/code/colcon_3/install/debug_tools/share/debug_tools/cmake)
[1.929s] -- Found rm_interface: 0.0.0 (/home/sentry-nov/code/colcon_3/install/rm_interface/share/rm_interface/cmake)
[2.068s] -- Configuring done
[2.454s] -- Generating done
[2.533s] -- Build files have been written to: /home/sentry-nov/code/colcon_3/build/path_planning
[2.579s] [35m[1mConsolidate compiler generated dependencies of target test_hash_uuid_node[0m
[2.579s] [35m[1mConsolidate compiler generated dependencies of target test_set_hhid_node[0m
[2.580s] [35m[1mConsolidate compiler generated dependencies of target test_vel_estimator_node[0m
[2.588s] [35m[1mConsolidate compiler generated dependencies of target path_planning[0m
[2.604s] [  6%] Built target test_set_hhid_node
[2.606s] [ 13%] Built target test_hash_uuid_node
[2.612s] [ 23%] Built target test_vel_estimator_node
[2.662s] gmake[2]: Warning: File '/home/sentry-nov/code/colcon_3/src/navigation/path_planning/src/motion/motion_core.cpp' has modification time 20654 s in the future
[2.673s] [ 26%] [32mBuilding CXX object CMakeFiles/path_planning.dir/src/motion/motion_core.cpp.o[0m
[2.673s] [ 30%] [32mBuilding CXX object CMakeFiles/path_planning.dir/src/nav_core/local_assist_nav_motion.cpp.o[0m
[8.238s] [ 33%] [32m[1mLinking CXX shared library libpath_planning.so[0m
[8.725s] gmake[2]: warning: Clock skew detected. Your build may be incomplete.
[8.735s] [ 60%] Built target path_planning
[8.753s] [35m[1mConsolidate compiler generated dependencies of target gl_nav_ros_node[0m
[8.754s] [35m[1mConsolidate compiler generated dependencies of target local_assist_nav_motion_ros_node[0m
[8.755s] [35m[1mConsolidate compiler generated dependencies of target local_assist_nav_ros_node[0m
[8.755s] [35m[1mConsolidate compiler generated dependencies of target local_nav_ros_node[0m
[8.755s] [35m[1mConsolidate compiler generated dependencies of target gl_nav_motion_ros_node[0m
[8.756s] [35m[1mConsolidate compiler generated dependencies of target global_nav_ros_node[0m
[8.792s] gmake[2]: Warning: File '/home/sentry-nov/code/colcon_3/src/navigation/path_planning/src/nav_core/local_assist_nav_ros.cpp' has modification time 8982 s in the future
[8.795s] gmake[2]: Warning: File '/home/sentry-nov/code/colcon_3/src/navigation/path_planning/include/path_planning/nav_core/local_assist_nav_motion.h' has modification time 14093 s in the future
[8.801s] gmake[2]: Warning: File '/home/sentry-nov/code/colcon_3/src/navigation/path_planning/include/path_planning/motion_planning/motion_core.h' has modification time 20337 s in the future
[8.809s] [ 63%] [32mBuilding CXX object CMakeFiles/local_assist_nav_motion_ros_node.dir/src/nav_core/local_assist_nav_motion_ros.cpp.o[0m
[8.810s] [ 66%] [32m[1mLinking CXX executable local_nav_ros_node[0m
[8.812s] [ 73%] [32mBuilding CXX object CMakeFiles/local_assist_nav_ros_node.dir/src/nav_core/local_assist_nav_ros.cpp.o[0m
[8.812s] [ 73%] [32m[1mLinking CXX executable gl_nav_ros_node[0m
[8.816s] [ 80%] [32m[1mLinking CXX executable global_nav_ros_node[0m
[8.816s] [ 80%] [32mBuilding CXX object CMakeFiles/gl_nav_motion_ros_node.dir/src/nav_core/gl_nav_motion_ros.cpp.o[0m
[10.098s] [ 83%] Built target global_nav_ros_node
[10.274s] [ 86%] Built target local_nav_ros_node
[10.287s] [ 90%] Built target gl_nav_ros_node
[44.585s] [ 93%] [32m[1mLinking CXX executable local_assist_nav_ros_node[0m
[45.553s] gmake[2]: warning: Clock skew detected. Your build may be incomplete.
[45.565s] [ 93%] Built target local_assist_nav_ros_node
[46.362s] [ 96%] [32m[1mLinking CXX executable local_assist_nav_motion_ros_node[0m
[46.744s] [100%] [32m[1mLinking CXX executable gl_nav_motion_ros_node[0m
[47.238s] gmake[2]: warning: Clock skew detected. Your build may be incomplete.
[47.248s] [100%] Built target local_assist_nav_motion_ros_node
[47.612s] gmake[2]: warning: Clock skew detected. Your build may be incomplete.
[47.623s] [100%] Built target gl_nav_motion_ros_node
[47.638s] Invoked command in '/home/sentry-nov/code/colcon_3/build/path_planning' returned '0': CMAKE_PREFIX_PATH=/home/sentry-nov/code/colcon_3/install/rm_interface:/home/sentry-nov/code/colcon_3/install/debug_tools:/home/sentry-nov/code/colcon_3/install/tilted_lidar:/home/sentry-nov/code/colcon_3/install/rviz_plugin:/home/sentry-nov/code/colcon_3/install/robot_decision_system:/home/sentry-nov/code/colcon_3/install/rm_serial:/home/sentry-nov/code/colcon_3/install/rm_decision:/home/sentry-nov/code/colcon_3/install/motion_planning:/home/sentry-nov/code/colcon_3/install/path_planning:/home/sentry-nov/code/colcon_3/install/ikd_tree_mapping:/home/sentry-nov/code/colcon_3/install/point_lio:/home/sentry-nov/code/colcon_3/install/m_detector:/home/sentry-nov/code/colcon_3/install/fast_lio:/home/sentry-nov/code/colcon_3/install/livox_ros_driver2:/home/sentry-nov/code/colcon_3/install/icp_relocalization:/home/sentry-nov/code/colcon_3/install/altitude_map:/home/sentry-nov/code/colcon_3/install/auto_start:/opt/ros/humble LD_LIBRARY_PATH=/home/sentry-nov/code/colcon_3/install/rm_interface/lib:/home/sentry-nov/code/colcon_3/install/robot_decision_system/lib:/home/sentry-nov/code/colcon_3/install/path_planning/lib:/home/sentry-nov/code/colcon_3/install/m_detector/lib:/home/sentry-nov/code/colcon_3/install/fast_lio/lib:/home/sentry-nov/code/colcon_3/install/livox_ros_driver2/lib:/home/sentry-nov/code/colcon_3/install/altitude_map/lib:/usr/local/lib:/opt/ros/humble/opt/rviz_ogre_vendor/lib:/opt/ros/humble/lib/x86_64-linux-gnu:/opt/ros/humble/lib /usr/bin/cmake --build /home/sentry-nov/code/colcon_3/build/path_planning -- -j12 -l12
[47.640s] Invoking command in '/home/sentry-nov/code/colcon_3/build/path_planning': CMAKE_PREFIX_PATH=/home/sentry-nov/code/colcon_3/install/rm_interface:/home/sentry-nov/code/colcon_3/install/debug_tools:/home/sentry-nov/code/colcon_3/install/tilted_lidar:/home/sentry-nov/code/colcon_3/install/rviz_plugin:/home/sentry-nov/code/colcon_3/install/robot_decision_system:/home/sentry-nov/code/colcon_3/install/rm_serial:/home/sentry-nov/code/colcon_3/install/rm_decision:/home/sentry-nov/code/colcon_3/install/motion_planning:/home/sentry-nov/code/colcon_3/install/path_planning:/home/sentry-nov/code/colcon_3/install/ikd_tree_mapping:/home/sentry-nov/code/colcon_3/install/point_lio:/home/sentry-nov/code/colcon_3/install/m_detector:/home/sentry-nov/code/colcon_3/install/fast_lio:/home/sentry-nov/code/colcon_3/install/livox_ros_driver2:/home/sentry-nov/code/colcon_3/install/icp_relocalization:/home/sentry-nov/code/colcon_3/install/altitude_map:/home/sentry-nov/code/colcon_3/install/auto_start:/opt/ros/humble LD_LIBRARY_PATH=/home/sentry-nov/code/colcon_3/install/rm_interface/lib:/home/sentry-nov/code/colcon_3/install/robot_decision_system/lib:/home/sentry-nov/code/colcon_3/install/path_planning/lib:/home/sentry-nov/code/colcon_3/install/m_detector/lib:/home/sentry-nov/code/colcon_3/install/fast_lio/lib:/home/sentry-nov/code/colcon_3/install/livox_ros_driver2/lib:/home/sentry-nov/code/colcon_3/install/altitude_map/lib:/usr/local/lib:/opt/ros/humble/opt/rviz_ogre_vendor/lib:/opt/ros/humble/lib/x86_64-linux-gnu:/opt/ros/humble/lib /usr/bin/cmake --install /home/sentry-nov/code/colcon_3/build/path_planning
[47.649s] -- Install configuration: "Release"
[47.649s] -- Installing: /home/sentry-nov/code/colcon_3/install/path_planning/lib/libpath_planning.so
[47.650s] -- Set runtime path of "/home/sentry-nov/code/colcon_3/install/path_planning/lib/libpath_planning.so" to ""
[47.651s] -- Up-to-date: /home/sentry-nov/code/colcon_3/install/path_planning/share/path_planning/environment/library_path.sh
[47.651s] -- Installing: /home/sentry-nov/code/colcon_3/install/path_planning/share/path_planning/environment/library_path.dsv
[47.651s] -- Up-to-date: /home/sentry-nov/code/colcon_3/install/path_planning/include
[47.651s] -- Up-to-date: /home/sentry-nov/code/colcon_3/install/path_planning/include/path_planning
[47.651s] -- Up-to-date: /home/sentry-nov/code/colcon_3/install/path_planning/include/path_planning/util
[47.651s] -- Up-to-date: /home/sentry-nov/code/colcon_3/install/path_planning/include/path_planning/util/group_run.h
[47.651s] -- Up-to-date: /home/sentry-nov/code/colcon_3/install/path_planning/include/path_planning/util/vis_ros.h
[47.651s] -- Up-to-date: /home/sentry-nov/code/colcon_3/install/path_planning/include/path_planning/util/vel_estimator.h
[47.651s] -- Up-to-date: /home/sentry-nov/code/colcon_3/install/path_planning/include/path_planning/nav_core
[47.651s] -- Up-to-date: /home/sentry-nov/code/colcon_3/install/path_planning/include/path_planning/nav_core/gl_nav.h
[47.651s] -- Up-to-date: /home/sentry-nov/code/colcon_3/install/path_planning/include/path_planning/nav_core/nav_core.h
[47.652s] -- Up-to-date: /home/sentry-nov/code/colcon_3/install/path_planning/include/path_planning/nav_core/local_nav.h
[47.652s] -- Up-to-date: /home/sentry-nov/code/colcon_3/install/path_planning/include/path_planning/nav_core/global_nav.h
[47.652s] -- Up-to-date: /home/sentry-nov/code/colcon_3/install/path_planning/include/path_planning/nav_core/local_assist_nav_motion.h
[47.652s] -- Up-to-date: /home/sentry-nov/code/colcon_3/install/path_planning/include/path_planning/nav_core/local_assist_nav.h
[47.652s] -- Up-to-date: /home/sentry-nov/code/colcon_3/install/path_planning/include/path_planning/motion_planning
[47.652s] -- Up-to-date: /home/sentry-nov/code/colcon_3/install/path_planning/include/path_planning/motion_planning/speed_tracker.h
[47.652s] -- Up-to-date: /home/sentry-nov/code/colcon_3/install/path_planning/include/path_planning/motion_planning/motion_core.h
[47.652s] -- Up-to-date: /home/sentry-nov/code/colcon_3/install/path_planning/include/path_planning/path_searcher
[47.652s] -- Up-to-date: /home/sentry-nov/code/colcon_3/install/path_planning/include/path_planning/path_searcher/path_searcher.h
[47.652s] -- Up-to-date: /home/sentry-nov/code/colcon_3/install/path_planning/include/path_planning/path_searcher/theta_star_assist.h
[47.652s] -- Up-to-date: /home/sentry-nov/code/colcon_3/install/path_planning/include/path_planning/path_searcher/theta_star.h
[47.652s] -- Up-to-date: /home/sentry-nov/code/colcon_3/install/path_planning/include/path_planning/path_searcher/gird_node.h
[47.652s] -- Installing: /home/sentry-nov/code/colcon_3/install/path_planning/lib/path_planning/gl_nav_ros_node
[47.655s] -- Set runtime path of "/home/sentry-nov/code/colcon_3/install/path_planning/lib/path_planning/gl_nav_ros_node" to ""
[47.655s] -- Installing: /home/sentry-nov/code/colcon_3/install/path_planning/lib/path_planning/gl_nav_motion_ros_node
[47.660s] -- Set runtime path of "/home/sentry-nov/code/colcon_3/install/path_planning/lib/path_planning/gl_nav_motion_ros_node" to ""
[47.660s] -- Installing: /home/sentry-nov/code/colcon_3/install/path_planning/lib/path_planning/global_nav_ros_node
[47.662s] -- Set runtime path of "/home/sentry-nov/code/colcon_3/install/path_planning/lib/path_planning/global_nav_ros_node" to ""
[47.662s] -- Installing: /home/sentry-nov/code/colcon_3/install/path_planning/lib/path_planning/local_nav_ros_node
[47.666s] -- Set runtime path of "/home/sentry-nov/code/colcon_3/install/path_planning/lib/path_planning/local_nav_ros_node" to ""
[47.667s] -- Installing: /home/sentry-nov/code/colcon_3/install/path_planning/lib/path_planning/local_assist_nav_ros_node
[47.671s] -- Set runtime path of "/home/sentry-nov/code/colcon_3/install/path_planning/lib/path_planning/local_assist_nav_ros_node" to ""
[47.671s] -- Installing: /home/sentry-nov/code/colcon_3/install/path_planning/lib/path_planning/local_assist_nav_motion_ros_node
[47.675s] -- Set runtime path of "/home/sentry-nov/code/colcon_3/install/path_planning/lib/path_planning/local_assist_nav_motion_ros_node" to ""
[47.675s] -- Up-to-date: /home/sentry-nov/code/colcon_3/install/path_planning/lib/path_planning/test_hash_uuid_node
[47.676s] -- Up-to-date: /home/sentry-nov/code/colcon_3/install/path_planning/lib/path_planning/test_set_hhid_node
[47.676s] -- Up-to-date: /home/sentry-nov/code/colcon_3/install/path_planning/lib/path_planning/test_vel_estimator_node
[47.676s] -- Up-to-date: /home/sentry-nov/code/colcon_3/install/path_planning/share/ament_index/resource_index/package_run_dependencies/path_planning
[47.676s] -- Up-to-date: /home/sentry-nov/code/colcon_3/install/path_planning/share/ament_index/resource_index/parent_prefix_path/path_planning
[47.676s] -- Up-to-date: /home/sentry-nov/code/colcon_3/install/path_planning/share/path_planning/environment/ament_prefix_path.sh
[47.677s] -- Installing: /home/sentry-nov/code/colcon_3/install/path_planning/share/path_planning/environment/ament_prefix_path.dsv
[47.677s] -- Up-to-date: /home/sentry-nov/code/colcon_3/install/path_planning/share/path_planning/environment/path.sh
[47.677s] -- Installing: /home/sentry-nov/code/colcon_3/install/path_planning/share/path_planning/environment/path.dsv
[47.677s] -- Up-to-date: /home/sentry-nov/code/colcon_3/install/path_planning/share/path_planning/local_setup.bash
[47.677s] -- Up-to-date: /home/sentry-nov/code/colcon_3/install/path_planning/share/path_planning/local_setup.sh
[47.677s] -- Up-to-date: /home/sentry-nov/code/colcon_3/install/path_planning/share/path_planning/local_setup.zsh
[47.677s] -- Installing: /home/sentry-nov/code/colcon_3/install/path_planning/share/path_planning/local_setup.dsv
[47.677s] -- Installing: /home/sentry-nov/code/colcon_3/install/path_planning/share/path_planning/package.dsv
[47.677s] -- Up-to-date: /home/sentry-nov/code/colcon_3/install/path_planning/share/ament_index/resource_index/packages/path_planning
[47.677s] -- Up-to-date: /home/sentry-nov/code/colcon_3/install/path_planning/share/path_planning/cmake/ament_cmake_export_include_directories-extras.cmake
[47.677s] -- Up-to-date: /home/sentry-nov/code/colcon_3/install/path_planning/share/path_planning/cmake/ament_cmake_export_libraries-extras.cmake
[47.678s] -- Up-to-date: /home/sentry-nov/code/colcon_3/install/path_planning/share/path_planning/cmake/path_planningConfig.cmake
[47.678s] -- Up-to-date: /home/sentry-nov/code/colcon_3/install/path_planning/share/path_planning/cmake/path_planningConfig-version.cmake
[47.678s] -- Up-to-date: /home/sentry-nov/code/colcon_3/install/path_planning/share/path_planning/package.xml
[47.680s] Invoked command in '/home/sentry-nov/code/colcon_3/build/path_planning' returned '0': CMAKE_PREFIX_PATH=/home/sentry-nov/code/colcon_3/install/rm_interface:/home/sentry-nov/code/colcon_3/install/debug_tools:/home/sentry-nov/code/colcon_3/install/tilted_lidar:/home/sentry-nov/code/colcon_3/install/rviz_plugin:/home/sentry-nov/code/colcon_3/install/robot_decision_system:/home/sentry-nov/code/colcon_3/install/rm_serial:/home/sentry-nov/code/colcon_3/install/rm_decision:/home/sentry-nov/code/colcon_3/install/motion_planning:/home/sentry-nov/code/colcon_3/install/path_planning:/home/sentry-nov/code/colcon_3/install/ikd_tree_mapping:/home/sentry-nov/code/colcon_3/install/point_lio:/home/sentry-nov/code/colcon_3/install/m_detector:/home/sentry-nov/code/colcon_3/install/fast_lio:/home/sentry-nov/code/colcon_3/install/livox_ros_driver2:/home/sentry-nov/code/colcon_3/install/icp_relocalization:/home/sentry-nov/code/colcon_3/install/altitude_map:/home/sentry-nov/code/colcon_3/install/auto_start:/opt/ros/humble LD_LIBRARY_PATH=/home/sentry-nov/code/colcon_3/install/rm_interface/lib:/home/sentry-nov/code/colcon_3/install/robot_decision_system/lib:/home/sentry-nov/code/colcon_3/install/path_planning/lib:/home/sentry-nov/code/colcon_3/install/m_detector/lib:/home/sentry-nov/code/colcon_3/install/fast_lio/lib:/home/sentry-nov/code/colcon_3/install/livox_ros_driver2/lib:/home/sentry-nov/code/colcon_3/install/altitude_map/lib:/usr/local/lib:/opt/ros/humble/opt/rviz_ogre_vendor/lib:/opt/ros/humble/lib/x86_64-linux-gnu:/opt/ros/humble/lib /usr/bin/cmake --install /home/sentry-nov/code/colcon_3/build/path_planning
