[0.019s] Invoking command in '/home/sentry-nov/code/colcon_3/build/rm_interface': CMAKE_PREFIX_PATH=${CMAKE_PREFIX_PATH}:/opt/ros/humble /usr/bin/cmake --build /home/sentry-nov/code/colcon_3/build/rm_interface -- -j12 -l12
[0.074s] [35m[1mConsolidate compiler generated dependencies of target rm_interface__rosidl_generator_c[0m
[0.089s] [  1%] Built target rm_interface__cpp
[0.095s] [ 12%] Built target rm_interface__rosidl_generator_c
[0.104s] [ 12%] Built target ament_cmake_python_copy_rm_interface
[0.110s] [35m[1mConsolidate compiler generated dependencies of target rm_interface__rosidl_typesupport_cpp[0m
[0.112s] [35m[1mConsolidate compiler generated dependencies of target rm_interface__rosidl_typesupport_fastrtps_cpp[0m
[0.113s] [35m[1mConsolidate compiler generated dependencies of target rm_interface__rosidl_typesupport_introspection_cpp[0m
[0.117s] [35m[1mConsolidate compiler generated dependencies of target rm_interface__rosidl_typesupport_introspection_c[0m
[0.117s] [35m[1mConsolidate compiler generated dependencies of target rm_interface__rosidl_typesupport_c[0m
[0.118s] [35m[1mConsolidate compiler generated dependencies of target rm_interface__rosidl_typesupport_fastrtps_c[0m
[0.140s] [ 34%] Built target rm_interface__rosidl_typesupport_introspection_c
[0.140s] [ 34%] Built target rm_interface__rosidl_typesupport_c
[0.141s] [ 46%] Built target rm_interface__rosidl_typesupport_cpp
[0.145s] [ 57%] Built target rm_interface__rosidl_typesupport_introspection_cpp
[0.146s] [ 68%] Built target rm_interface__rosidl_typesupport_fastrtps_cpp
[0.149s] [ 79%] Built target rm_interface__rosidl_typesupport_fastrtps_c
[0.177s] [ 79%] Built target rm_interface
[0.207s] [ 80%] Built target rm_interface__py
[0.224s] [35m[1mConsolidate compiler generated dependencies of target rm_interface__rosidl_generator_py[0m
[0.247s] [ 90%] Built target rm_interface__rosidl_generator_py
[0.262s] [35m[1mConsolidate compiler generated dependencies of target rm_interface__rosidl_typesupport_fastrtps_c__pyext[0m
[0.262s] [35m[1mConsolidate compiler generated dependencies of target rm_interface__rosidl_typesupport_introspection_c__pyext[0m
[0.264s] [35m[1mConsolidate compiler generated dependencies of target rm_interface__rosidl_typesupport_c__pyext[0m
[0.280s] [ 96%] Built target rm_interface__rosidl_typesupport_introspection_c__pyext
[0.280s] [ 96%] Built target rm_interface__rosidl_typesupport_fastrtps_c__pyext
[0.282s] [100%] Built target rm_interface__rosidl_typesupport_c__pyext
[0.355s] running egg_info
[0.356s] writing rm_interface.egg-info/PKG-INFO
[0.356s] writing dependency_links to rm_interface.egg-info/dependency_links.txt
[0.357s] writing top-level names to rm_interface.egg-info/top_level.txt
[0.359s] reading manifest file 'rm_interface.egg-info/SOURCES.txt'
[0.360s] writing manifest file 'rm_interface.egg-info/SOURCES.txt'
[0.400s] [100%] Built target ament_cmake_python_build_rm_interface_egg
[0.419s] Invoked command in '/home/sentry-nov/code/colcon_3/build/rm_interface' returned '0': CMAKE_PREFIX_PATH=${CMAKE_PREFIX_PATH}:/opt/ros/humble /usr/bin/cmake --build /home/sentry-nov/code/colcon_3/build/rm_interface -- -j12 -l12
[0.420s] Invoking command in '/home/sentry-nov/code/colcon_3/build/rm_interface': CMAKE_PREFIX_PATH=${CMAKE_PREFIX_PATH}:/opt/ros/humble /usr/bin/cmake --install /home/sentry-nov/code/colcon_3/build/rm_interface
[0.431s] -- Install configuration: "Release"
[0.432s] -- Up-to-date: /home/sentry-nov/code/colcon_3/install/rm_interface/share/ament_index/resource_index/rosidl_interfaces/rm_interface
[0.432s] -- Up-to-date: /home/sentry-nov/code/colcon_3/install/rm_interface/include/rm_interface/rm_interface
[0.432s] -- Up-to-date: /home/sentry-nov/code/colcon_3/install/rm_interface/include/rm_interface/rm_interface/srv
[0.432s] -- Up-to-date: /home/sentry-nov/code/colcon_3/install/rm_interface/include/rm_interface/rm_interface/srv/set_local_mode.h
[0.432s] -- Up-to-date: /home/sentry-nov/code/colcon_3/install/rm_interface/include/rm_interface/rm_interface/srv/save_pcd.h
[0.432s] -- Up-to-date: /home/sentry-nov/code/colcon_3/install/rm_interface/include/rm_interface/rm_interface/srv/nav_core.h
[0.433s] -- Up-to-date: /home/sentry-nov/code/colcon_3/install/rm_interface/include/rm_interface/rm_interface/srv/detail
[0.433s] -- Up-to-date: /home/sentry-nov/code/colcon_3/install/rm_interface/include/rm_interface/rm_interface/srv/detail/nav_core__functions.h
[0.433s] -- Up-to-date: /home/sentry-nov/code/colcon_3/install/rm_interface/include/rm_interface/rm_interface/srv/detail/nav_core__type_support.h
[0.433s] -- Up-to-date: /home/sentry-nov/code/colcon_3/install/rm_interface/include/rm_interface/rm_interface/srv/detail/nav_core__struct.h
[0.433s] -- Up-to-date: /home/sentry-nov/code/colcon_3/install/rm_interface/include/rm_interface/rm_interface/srv/detail/set_local_mode__functions.c
[0.433s] -- Up-to-date: /home/sentry-nov/code/colcon_3/install/rm_interface/include/rm_interface/rm_interface/srv/detail/save_pcd__functions.h
[0.433s] -- Up-to-date: /home/sentry-nov/code/colcon_3/install/rm_interface/include/rm_interface/rm_interface/srv/detail/nav_core__functions.c
[0.433s] -- Up-to-date: /home/sentry-nov/code/colcon_3/install/rm_interface/include/rm_interface/rm_interface/srv/detail/set_local_mode__type_support.h
[0.433s] -- Up-to-date: /home/sentry-nov/code/colcon_3/install/rm_interface/include/rm_interface/rm_interface/srv/detail/set_local_mode__functions.h
[0.433s] -- Up-to-date: /home/sentry-nov/code/colcon_3/install/rm_interface/include/rm_interface/rm_interface/srv/detail/set_local_mode__struct.h
[0.433s] -- Up-to-date: /home/sentry-nov/code/colcon_3/install/rm_interface/include/rm_interface/rm_interface/srv/detail/save_pcd__struct.h
[0.433s] -- Up-to-date: /home/sentry-nov/code/colcon_3/install/rm_interface/include/rm_interface/rm_interface/srv/detail/save_pcd__functions.c
[0.434s] -- Up-to-date: /home/sentry-nov/code/colcon_3/install/rm_interface/include/rm_interface/rm_interface/srv/detail/save_pcd__type_support.h
[0.434s] -- Up-to-date: /home/sentry-nov/code/colcon_3/install/rm_interface/include/rm_interface/rm_interface/msg
[0.434s] -- Up-to-date: /home/sentry-nov/code/colcon_3/install/rm_interface/include/rm_interface/rm_interface/msg/rosidl_generator_c__visibility_control.h
[0.434s] -- Up-to-date: /home/sentry-nov/code/colcon_3/install/rm_interface/include/rm_interface/rm_interface/msg/local_state.h
[0.434s] -- Up-to-date: /home/sentry-nov/code/colcon_3/install/rm_interface/include/rm_interface/rm_interface/msg/command.h
[0.434s] -- Up-to-date: /home/sentry-nov/code/colcon_3/install/rm_interface/include/rm_interface/rm_interface/msg/detail
[0.434s] -- Up-to-date: /home/sentry-nov/code/colcon_3/install/rm_interface/include/rm_interface/rm_interface/msg/detail/local_state__type_support.h
[0.434s] -- Up-to-date: /home/sentry-nov/code/colcon_3/install/rm_interface/include/rm_interface/rm_interface/msg/detail/command__functions.h
[0.435s] -- Up-to-date: /home/sentry-nov/code/colcon_3/install/rm_interface/include/rm_interface/rm_interface/msg/detail/command__type_support.h
[0.435s] -- Up-to-date: /home/sentry-nov/code/colcon_3/install/rm_interface/include/rm_interface/rm_interface/msg/detail/command__functions.c
[0.435s] -- Up-to-date: /home/sentry-nov/code/colcon_3/install/rm_interface/include/rm_interface/rm_interface/msg/detail/local_state__functions.h
[0.435s] -- Up-to-date: /home/sentry-nov/code/colcon_3/install/rm_interface/include/rm_interface/rm_interface/msg/detail/local_state__struct.h
[0.435s] -- Up-to-date: /home/sentry-nov/code/colcon_3/install/rm_interface/include/rm_interface/rm_interface/msg/detail/command__struct.h
[0.435s] -- Up-to-date: /home/sentry-nov/code/colcon_3/install/rm_interface/include/rm_interface/rm_interface/msg/detail/local_state__functions.c
[0.435s] -- Up-to-date: /home/sentry-nov/code/colcon_3/install/rm_interface/share/rm_interface/environment/library_path.sh
[0.435s] -- Up-to-date: /home/sentry-nov/code/colcon_3/install/rm_interface/share/rm_interface/environment/library_path.dsv
[0.435s] -- Up-to-date: /home/sentry-nov/code/colcon_3/install/rm_interface/lib/librm_interface__rosidl_generator_c.so
[0.435s] -- Up-to-date: /home/sentry-nov/code/colcon_3/install/rm_interface/include/rm_interface/rm_interface
[0.435s] -- Up-to-date: /home/sentry-nov/code/colcon_3/install/rm_interface/include/rm_interface/rm_interface/srv
[0.435s] -- Up-to-date: /home/sentry-nov/code/colcon_3/install/rm_interface/include/rm_interface/rm_interface/srv/detail
[0.435s] -- Up-to-date: /home/sentry-nov/code/colcon_3/install/rm_interface/include/rm_interface/rm_interface/srv/detail/nav_core__rosidl_typesupport_fastrtps_c.h
[0.436s] -- Up-to-date: /home/sentry-nov/code/colcon_3/install/rm_interface/include/rm_interface/rm_interface/srv/detail/set_local_mode__rosidl_typesupport_fastrtps_c.h
[0.436s] -- Up-to-date: /home/sentry-nov/code/colcon_3/install/rm_interface/include/rm_interface/rm_interface/srv/detail/save_pcd__rosidl_typesupport_fastrtps_c.h
[0.436s] -- Up-to-date: /home/sentry-nov/code/colcon_3/install/rm_interface/include/rm_interface/rm_interface/msg
[0.436s] -- Up-to-date: /home/sentry-nov/code/colcon_3/install/rm_interface/include/rm_interface/rm_interface/msg/detail
[0.436s] -- Up-to-date: /home/sentry-nov/code/colcon_3/install/rm_interface/include/rm_interface/rm_interface/msg/detail/command__rosidl_typesupport_fastrtps_c.h
[0.436s] -- Up-to-date: /home/sentry-nov/code/colcon_3/install/rm_interface/include/rm_interface/rm_interface/msg/detail/local_state__rosidl_typesupport_fastrtps_c.h
[0.436s] -- Up-to-date: /home/sentry-nov/code/colcon_3/install/rm_interface/include/rm_interface/rm_interface/msg/rosidl_typesupport_fastrtps_c__visibility_control.h
[0.436s] -- Up-to-date: /home/sentry-nov/code/colcon_3/install/rm_interface/lib/librm_interface__rosidl_typesupport_fastrtps_c.so
[0.436s] -- Up-to-date: /home/sentry-nov/code/colcon_3/install/rm_interface/include/rm_interface/rm_interface
[0.436s] -- Up-to-date: /home/sentry-nov/code/colcon_3/install/rm_interface/include/rm_interface/rm_interface/srv
[0.436s] -- Up-to-date: /home/sentry-nov/code/colcon_3/install/rm_interface/include/rm_interface/rm_interface/srv/detail
[0.436s] -- Up-to-date: /home/sentry-nov/code/colcon_3/install/rm_interface/include/rm_interface/rm_interface/srv/detail/save_pcd__traits.hpp
[0.437s] -- Up-to-date: /home/sentry-nov/code/colcon_3/install/rm_interface/include/rm_interface/rm_interface/srv/detail/set_local_mode__traits.hpp
[0.437s] -- Up-to-date: /home/sentry-nov/code/colcon_3/install/rm_interface/include/rm_interface/rm_interface/srv/detail/save_pcd__struct.hpp
[0.437s] -- Up-to-date: /home/sentry-nov/code/colcon_3/install/rm_interface/include/rm_interface/rm_interface/srv/detail/save_pcd__builder.hpp
[0.437s] -- Up-to-date: /home/sentry-nov/code/colcon_3/install/rm_interface/include/rm_interface/rm_interface/srv/detail/save_pcd__type_support.hpp
[0.437s] -- Up-to-date: /home/sentry-nov/code/colcon_3/install/rm_interface/include/rm_interface/rm_interface/srv/detail/nav_core__type_support.hpp
[0.437s] -- Up-to-date: /home/sentry-nov/code/colcon_3/install/rm_interface/include/rm_interface/rm_interface/srv/detail/nav_core__builder.hpp
[0.437s] -- Up-to-date: /home/sentry-nov/code/colcon_3/install/rm_interface/include/rm_interface/rm_interface/srv/detail/set_local_mode__type_support.hpp
[0.437s] -- Up-to-date: /home/sentry-nov/code/colcon_3/install/rm_interface/include/rm_interface/rm_interface/srv/detail/set_local_mode__builder.hpp
[0.437s] -- Up-to-date: /home/sentry-nov/code/colcon_3/install/rm_interface/include/rm_interface/rm_interface/srv/detail/set_local_mode__struct.hpp
[0.437s] -- Up-to-date: /home/sentry-nov/code/colcon_3/install/rm_interface/include/rm_interface/rm_interface/srv/detail/nav_core__traits.hpp
[0.437s] -- Up-to-date: /home/sentry-nov/code/colcon_3/install/rm_interface/include/rm_interface/rm_interface/srv/detail/nav_core__struct.hpp
[0.437s] -- Up-to-date: /home/sentry-nov/code/colcon_3/install/rm_interface/include/rm_interface/rm_interface/srv/nav_core.hpp
[0.437s] -- Up-to-date: /home/sentry-nov/code/colcon_3/install/rm_interface/include/rm_interface/rm_interface/srv/save_pcd.hpp
[0.437s] -- Up-to-date: /home/sentry-nov/code/colcon_3/install/rm_interface/include/rm_interface/rm_interface/srv/set_local_mode.hpp
[0.437s] -- Up-to-date: /home/sentry-nov/code/colcon_3/install/rm_interface/include/rm_interface/rm_interface/msg
[0.438s] -- Up-to-date: /home/sentry-nov/code/colcon_3/install/rm_interface/include/rm_interface/rm_interface/msg/detail
[0.438s] -- Up-to-date: /home/sentry-nov/code/colcon_3/install/rm_interface/include/rm_interface/rm_interface/msg/detail/command__struct.hpp
[0.438s] -- Up-to-date: /home/sentry-nov/code/colcon_3/install/rm_interface/include/rm_interface/rm_interface/msg/detail/command__traits.hpp
[0.438s] -- Up-to-date: /home/sentry-nov/code/colcon_3/install/rm_interface/include/rm_interface/rm_interface/msg/detail/command__type_support.hpp
[0.438s] -- Up-to-date: /home/sentry-nov/code/colcon_3/install/rm_interface/include/rm_interface/rm_interface/msg/detail/local_state__struct.hpp
[0.438s] -- Up-to-date: /home/sentry-nov/code/colcon_3/install/rm_interface/include/rm_interface/rm_interface/msg/detail/local_state__traits.hpp
[0.438s] -- Up-to-date: /home/sentry-nov/code/colcon_3/install/rm_interface/include/rm_interface/rm_interface/msg/detail/command__builder.hpp
[0.438s] -- Up-to-date: /home/sentry-nov/code/colcon_3/install/rm_interface/include/rm_interface/rm_interface/msg/detail/local_state__type_support.hpp
[0.438s] -- Up-to-date: /home/sentry-nov/code/colcon_3/install/rm_interface/include/rm_interface/rm_interface/msg/detail/local_state__builder.hpp
[0.438s] -- Up-to-date: /home/sentry-nov/code/colcon_3/install/rm_interface/include/rm_interface/rm_interface/msg/rosidl_generator_cpp__visibility_control.hpp
[0.438s] -- Up-to-date: /home/sentry-nov/code/colcon_3/install/rm_interface/include/rm_interface/rm_interface/msg/local_state.hpp
[0.439s] -- Up-to-date: /home/sentry-nov/code/colcon_3/install/rm_interface/include/rm_interface/rm_interface/msg/command.hpp
[0.439s] -- Up-to-date: /home/sentry-nov/code/colcon_3/install/rm_interface/include/rm_interface/rm_interface
[0.439s] -- Up-to-date: /home/sentry-nov/code/colcon_3/install/rm_interface/include/rm_interface/rm_interface/srv
[0.439s] -- Up-to-date: /home/sentry-nov/code/colcon_3/install/rm_interface/include/rm_interface/rm_interface/srv/detail
[0.439s] -- Up-to-date: /home/sentry-nov/code/colcon_3/install/rm_interface/include/rm_interface/rm_interface/srv/detail/nav_core__rosidl_typesupport_fastrtps_cpp.hpp
[0.439s] -- Up-to-date: /home/sentry-nov/code/colcon_3/install/rm_interface/include/rm_interface/rm_interface/srv/detail/dds_fastrtps
[0.439s] -- Up-to-date: /home/sentry-nov/code/colcon_3/install/rm_interface/include/rm_interface/rm_interface/srv/detail/set_local_mode__rosidl_typesupport_fastrtps_cpp.hpp
[0.439s] -- Up-to-date: /home/sentry-nov/code/colcon_3/install/rm_interface/include/rm_interface/rm_interface/srv/detail/save_pcd__rosidl_typesupport_fastrtps_cpp.hpp
[0.439s] -- Up-to-date: /home/sentry-nov/code/colcon_3/install/rm_interface/include/rm_interface/rm_interface/msg
[0.439s] -- Up-to-date: /home/sentry-nov/code/colcon_3/install/rm_interface/include/rm_interface/rm_interface/msg/detail
[0.439s] -- Up-to-date: /home/sentry-nov/code/colcon_3/install/rm_interface/include/rm_interface/rm_interface/msg/detail/local_state__rosidl_typesupport_fastrtps_cpp.hpp
[0.439s] -- Up-to-date: /home/sentry-nov/code/colcon_3/install/rm_interface/include/rm_interface/rm_interface/msg/detail/dds_fastrtps
[0.439s] -- Up-to-date: /home/sentry-nov/code/colcon_3/install/rm_interface/include/rm_interface/rm_interface/msg/detail/command__rosidl_typesupport_fastrtps_cpp.hpp
[0.439s] -- Up-to-date: /home/sentry-nov/code/colcon_3/install/rm_interface/include/rm_interface/rm_interface/msg/rosidl_typesupport_fastrtps_cpp__visibility_control.h
[0.439s] -- Up-to-date: /home/sentry-nov/code/colcon_3/install/rm_interface/lib/librm_interface__rosidl_typesupport_fastrtps_cpp.so
[0.439s] -- Up-to-date: /home/sentry-nov/code/colcon_3/install/rm_interface/include/rm_interface/rm_interface
[0.439s] -- Up-to-date: /home/sentry-nov/code/colcon_3/install/rm_interface/include/rm_interface/rm_interface/srv
[0.439s] -- Up-to-date: /home/sentry-nov/code/colcon_3/install/rm_interface/include/rm_interface/rm_interface/srv/detail
[0.440s] -- Up-to-date: /home/sentry-nov/code/colcon_3/install/rm_interface/include/rm_interface/rm_interface/srv/detail/set_local_mode__type_support.c
[0.440s] -- Up-to-date: /home/sentry-nov/code/colcon_3/install/rm_interface/include/rm_interface/rm_interface/srv/detail/nav_core__rosidl_typesupport_introspection_c.h
[0.440s] -- Up-to-date: /home/sentry-nov/code/colcon_3/install/rm_interface/include/rm_interface/rm_interface/srv/detail/save_pcd__type_support.c
[0.440s] -- Up-to-date: /home/sentry-nov/code/colcon_3/install/rm_interface/include/rm_interface/rm_interface/srv/detail/set_local_mode__rosidl_typesupport_introspection_c.h
[0.440s] -- Up-to-date: /home/sentry-nov/code/colcon_3/install/rm_interface/include/rm_interface/rm_interface/srv/detail/nav_core__type_support.c
[0.440s] -- Up-to-date: /home/sentry-nov/code/colcon_3/install/rm_interface/include/rm_interface/rm_interface/srv/detail/save_pcd__rosidl_typesupport_introspection_c.h
[0.440s] -- Up-to-date: /home/sentry-nov/code/colcon_3/install/rm_interface/include/rm_interface/rm_interface/msg
[0.440s] -- Up-to-date: /home/sentry-nov/code/colcon_3/install/rm_interface/include/rm_interface/rm_interface/msg/detail
[0.440s] -- Up-to-date: /home/sentry-nov/code/colcon_3/install/rm_interface/include/rm_interface/rm_interface/msg/detail/command__rosidl_typesupport_introspection_c.h
[0.440s] -- Up-to-date: /home/sentry-nov/code/colcon_3/install/rm_interface/include/rm_interface/rm_interface/msg/detail/local_state__rosidl_typesupport_introspection_c.h
[0.440s] -- Up-to-date: /home/sentry-nov/code/colcon_3/install/rm_interface/include/rm_interface/rm_interface/msg/detail/command__type_support.c
[0.440s] -- Up-to-date: /home/sentry-nov/code/colcon_3/install/rm_interface/include/rm_interface/rm_interface/msg/detail/local_state__type_support.c
[0.440s] -- Up-to-date: /home/sentry-nov/code/colcon_3/install/rm_interface/include/rm_interface/rm_interface/msg/rosidl_typesupport_introspection_c__visibility_control.h
[0.440s] -- Up-to-date: /home/sentry-nov/code/colcon_3/install/rm_interface/lib/librm_interface__rosidl_typesupport_introspection_c.so
[0.440s] -- Up-to-date: /home/sentry-nov/code/colcon_3/install/rm_interface/lib/librm_interface__rosidl_typesupport_c.so
[0.440s] -- Up-to-date: /home/sentry-nov/code/colcon_3/install/rm_interface/include/rm_interface/rm_interface
[0.440s] -- Up-to-date: /home/sentry-nov/code/colcon_3/install/rm_interface/include/rm_interface/rm_interface/srv
[0.441s] -- Up-to-date: /home/sentry-nov/code/colcon_3/install/rm_interface/include/rm_interface/rm_interface/srv/detail
[0.441s] -- Up-to-date: /home/sentry-nov/code/colcon_3/install/rm_interface/include/rm_interface/rm_interface/srv/detail/save_pcd__rosidl_typesupport_introspection_cpp.hpp
[0.441s] -- Up-to-date: /home/sentry-nov/code/colcon_3/install/rm_interface/include/rm_interface/rm_interface/srv/detail/save_pcd__type_support.cpp
[0.441s] -- Up-to-date: /home/sentry-nov/code/colcon_3/install/rm_interface/include/rm_interface/rm_interface/srv/detail/nav_core__rosidl_typesupport_introspection_cpp.hpp
[0.441s] -- Up-to-date: /home/sentry-nov/code/colcon_3/install/rm_interface/include/rm_interface/rm_interface/srv/detail/nav_core__type_support.cpp
[0.441s] -- Up-to-date: /home/sentry-nov/code/colcon_3/install/rm_interface/include/rm_interface/rm_interface/srv/detail/set_local_mode__rosidl_typesupport_introspection_cpp.hpp
[0.441s] -- Up-to-date: /home/sentry-nov/code/colcon_3/install/rm_interface/include/rm_interface/rm_interface/srv/detail/set_local_mode__type_support.cpp
[0.441s] -- Up-to-date: /home/sentry-nov/code/colcon_3/install/rm_interface/include/rm_interface/rm_interface/msg
[0.441s] -- Up-to-date: /home/sentry-nov/code/colcon_3/install/rm_interface/include/rm_interface/rm_interface/msg/detail
[0.441s] -- Up-to-date: /home/sentry-nov/code/colcon_3/install/rm_interface/include/rm_interface/rm_interface/msg/detail/command__type_support.cpp
[0.441s] -- Up-to-date: /home/sentry-nov/code/colcon_3/install/rm_interface/include/rm_interface/rm_interface/msg/detail/local_state__rosidl_typesupport_introspection_cpp.hpp
[0.441s] -- Up-to-date: /home/sentry-nov/code/colcon_3/install/rm_interface/include/rm_interface/rm_interface/msg/detail/command__rosidl_typesupport_introspection_cpp.hpp
[0.441s] -- Up-to-date: /home/sentry-nov/code/colcon_3/install/rm_interface/include/rm_interface/rm_interface/msg/detail/local_state__type_support.cpp
[0.441s] -- Up-to-date: /home/sentry-nov/code/colcon_3/install/rm_interface/lib/librm_interface__rosidl_typesupport_introspection_cpp.so
[0.441s] -- Up-to-date: /home/sentry-nov/code/colcon_3/install/rm_interface/lib/librm_interface__rosidl_typesupport_cpp.so
[0.441s] -- Up-to-date: /home/sentry-nov/code/colcon_3/install/rm_interface/share/rm_interface/environment/pythonpath.sh
[0.441s] -- Up-to-date: /home/sentry-nov/code/colcon_3/install/rm_interface/share/rm_interface/environment/pythonpath.dsv
[0.441s] -- Up-to-date: /home/sentry-nov/code/colcon_3/install/rm_interface/local/lib/python3.10/dist-packages/rm_interface-0.0.0-py3.10.egg-info
[0.442s] -- Installing: /home/sentry-nov/code/colcon_3/install/rm_interface/local/lib/python3.10/dist-packages/rm_interface-0.0.0-py3.10.egg-info/top_level.txt
[0.442s] -- Installing: /home/sentry-nov/code/colcon_3/install/rm_interface/local/lib/python3.10/dist-packages/rm_interface-0.0.0-py3.10.egg-info/dependency_links.txt
[0.442s] -- Installing: /home/sentry-nov/code/colcon_3/install/rm_interface/local/lib/python3.10/dist-packages/rm_interface-0.0.0-py3.10.egg-info/PKG-INFO
[0.442s] -- Installing: /home/sentry-nov/code/colcon_3/install/rm_interface/local/lib/python3.10/dist-packages/rm_interface-0.0.0-py3.10.egg-info/SOURCES.txt
[0.442s] -- Up-to-date: /home/sentry-nov/code/colcon_3/install/rm_interface/local/lib/python3.10/dist-packages/rm_interface
[0.442s] -- Up-to-date: /home/sentry-nov/code/colcon_3/install/rm_interface/local/lib/python3.10/dist-packages/rm_interface/rm_interface_s__rosidl_typesupport_introspection_c.cpython-310-x86_64-linux-gnu.so
[0.442s] -- Up-to-date: /home/sentry-nov/code/colcon_3/install/rm_interface/local/lib/python3.10/dist-packages/rm_interface/srv
[0.442s] -- Up-to-date: /home/sentry-nov/code/colcon_3/install/rm_interface/local/lib/python3.10/dist-packages/rm_interface/srv/_nav_core_s.c
[0.442s] -- Up-to-date: /home/sentry-nov/code/colcon_3/install/rm_interface/local/lib/python3.10/dist-packages/rm_interface/srv/_nav_core.py
[0.442s] -- Up-to-date: /home/sentry-nov/code/colcon_3/install/rm_interface/local/lib/python3.10/dist-packages/rm_interface/srv/_save_pcd.py
[0.442s] -- Up-to-date: /home/sentry-nov/code/colcon_3/install/rm_interface/local/lib/python3.10/dist-packages/rm_interface/srv/_save_pcd_s.c
[0.442s] -- Up-to-date: /home/sentry-nov/code/colcon_3/install/rm_interface/local/lib/python3.10/dist-packages/rm_interface/srv/_set_local_mode_s.c
[0.442s] -- Up-to-date: /home/sentry-nov/code/colcon_3/install/rm_interface/local/lib/python3.10/dist-packages/rm_interface/srv/__init__.py
[0.442s] -- Up-to-date: /home/sentry-nov/code/colcon_3/install/rm_interface/local/lib/python3.10/dist-packages/rm_interface/srv/_set_local_mode.py
[0.442s] -- Up-to-date: /home/sentry-nov/code/colcon_3/install/rm_interface/local/lib/python3.10/dist-packages/rm_interface/rm_interface_s__rosidl_typesupport_c.cpython-310-x86_64-linux-gnu.so
[0.442s] -- Up-to-date: /home/sentry-nov/code/colcon_3/install/rm_interface/local/lib/python3.10/dist-packages/rm_interface/_rm_interface_s.ep.rosidl_typesupport_c.c
[0.442s] -- Up-to-date: /home/sentry-nov/code/colcon_3/install/rm_interface/local/lib/python3.10/dist-packages/rm_interface/_rm_interface_s.ep.rosidl_typesupport_fastrtps_c.c
[0.442s] -- Up-to-date: /home/sentry-nov/code/colcon_3/install/rm_interface/local/lib/python3.10/dist-packages/rm_interface/rm_interface_s__rosidl_typesupport_fastrtps_c.cpython-310-x86_64-linux-gnu.so
[0.443s] -- Up-to-date: /home/sentry-nov/code/colcon_3/install/rm_interface/local/lib/python3.10/dist-packages/rm_interface/__init__.py
[0.443s] -- Up-to-date: /home/sentry-nov/code/colcon_3/install/rm_interface/local/lib/python3.10/dist-packages/rm_interface/msg
[0.443s] -- Up-to-date: /home/sentry-nov/code/colcon_3/install/rm_interface/local/lib/python3.10/dist-packages/rm_interface/msg/_local_state.py
[0.443s] -- Up-to-date: /home/sentry-nov/code/colcon_3/install/rm_interface/local/lib/python3.10/dist-packages/rm_interface/msg/_local_state_s.c
[0.443s] -- Up-to-date: /home/sentry-nov/code/colcon_3/install/rm_interface/local/lib/python3.10/dist-packages/rm_interface/msg/_command.py
[0.443s] -- Up-to-date: /home/sentry-nov/code/colcon_3/install/rm_interface/local/lib/python3.10/dist-packages/rm_interface/msg/__init__.py
[0.443s] -- Up-to-date: /home/sentry-nov/code/colcon_3/install/rm_interface/local/lib/python3.10/dist-packages/rm_interface/msg/_command_s.c
[0.443s] -- Up-to-date: /home/sentry-nov/code/colcon_3/install/rm_interface/local/lib/python3.10/dist-packages/rm_interface/librm_interface__rosidl_generator_py.so
[0.443s] -- Up-to-date: /home/sentry-nov/code/colcon_3/install/rm_interface/local/lib/python3.10/dist-packages/rm_interface/_rm_interface_s.ep.rosidl_typesupport_introspection_c.c
[0.472s] Listing '/home/sentry-nov/code/colcon_3/install/rm_interface/local/lib/python3.10/dist-packages/rm_interface'...
[0.472s] Listing '/home/sentry-nov/code/colcon_3/install/rm_interface/local/lib/python3.10/dist-packages/rm_interface/msg'...
[0.472s] Listing '/home/sentry-nov/code/colcon_3/install/rm_interface/local/lib/python3.10/dist-packages/rm_interface/srv'...
[0.478s] -- Up-to-date: /home/sentry-nov/code/colcon_3/install/rm_interface/local/lib/python3.10/dist-packages/rm_interface/rm_interface_s__rosidl_typesupport_fastrtps_c.cpython-310-x86_64-linux-gnu.so
[0.478s] -- Up-to-date: /home/sentry-nov/code/colcon_3/install/rm_interface/local/lib/python3.10/dist-packages/rm_interface/rm_interface_s__rosidl_typesupport_introspection_c.cpython-310-x86_64-linux-gnu.so
[0.478s] -- Up-to-date: /home/sentry-nov/code/colcon_3/install/rm_interface/local/lib/python3.10/dist-packages/rm_interface/rm_interface_s__rosidl_typesupport_c.cpython-310-x86_64-linux-gnu.so
[0.479s] -- Up-to-date: /home/sentry-nov/code/colcon_3/install/rm_interface/lib/librm_interface__rosidl_generator_py.so
[0.479s] -- Up-to-date: /home/sentry-nov/code/colcon_3/install/rm_interface/share/rm_interface/srv/SavePCD.idl
[0.479s] -- Up-to-date: /home/sentry-nov/code/colcon_3/install/rm_interface/share/rm_interface/srv/NavCore.idl
[0.479s] -- Up-to-date: /home/sentry-nov/code/colcon_3/install/rm_interface/share/rm_interface/srv/SetLocalMode.idl
[0.479s] -- Up-to-date: /home/sentry-nov/code/colcon_3/install/rm_interface/share/rm_interface/msg/Command.idl
[0.479s] -- Up-to-date: /home/sentry-nov/code/colcon_3/install/rm_interface/share/rm_interface/msg/LocalState.idl
[0.479s] -- Up-to-date: /home/sentry-nov/code/colcon_3/install/rm_interface/share/rm_interface/srv/SavePCD.srv
[0.479s] -- Up-to-date: /home/sentry-nov/code/colcon_3/install/rm_interface/share/rm_interface/srv/SavePCD_Request.msg
[0.480s] -- Up-to-date: /home/sentry-nov/code/colcon_3/install/rm_interface/share/rm_interface/srv/SavePCD_Response.msg
[0.480s] -- Up-to-date: /home/sentry-nov/code/colcon_3/install/rm_interface/share/rm_interface/srv/NavCore.srv
[0.480s] -- Up-to-date: /home/sentry-nov/code/colcon_3/install/rm_interface/share/rm_interface/srv/NavCore_Request.msg
[0.480s] -- Up-to-date: /home/sentry-nov/code/colcon_3/install/rm_interface/share/rm_interface/srv/NavCore_Response.msg
[0.480s] -- Up-to-date: /home/sentry-nov/code/colcon_3/install/rm_interface/share/rm_interface/srv/SetLocalMode.srv
[0.480s] -- Up-to-date: /home/sentry-nov/code/colcon_3/install/rm_interface/share/rm_interface/srv/SetLocalMode_Request.msg
[0.480s] -- Up-to-date: /home/sentry-nov/code/colcon_3/install/rm_interface/share/rm_interface/srv/SetLocalMode_Response.msg
[0.480s] -- Up-to-date: /home/sentry-nov/code/colcon_3/install/rm_interface/share/rm_interface/msg/Command.msg
[0.480s] -- Up-to-date: /home/sentry-nov/code/colcon_3/install/rm_interface/share/rm_interface/msg/LocalState.msg
[0.480s] -- Up-to-date: /home/sentry-nov/code/colcon_3/install/rm_interface/share/ament_index/resource_index/package_run_dependencies/rm_interface
[0.481s] -- Up-to-date: /home/sentry-nov/code/colcon_3/install/rm_interface/share/ament_index/resource_index/parent_prefix_path/rm_interface
[0.481s] -- Up-to-date: /home/sentry-nov/code/colcon_3/install/rm_interface/share/rm_interface/environment/ament_prefix_path.sh
[0.481s] -- Up-to-date: /home/sentry-nov/code/colcon_3/install/rm_interface/share/rm_interface/environment/ament_prefix_path.dsv
[0.481s] -- Up-to-date: /home/sentry-nov/code/colcon_3/install/rm_interface/share/rm_interface/environment/path.sh
[0.481s] -- Up-to-date: /home/sentry-nov/code/colcon_3/install/rm_interface/share/rm_interface/environment/path.dsv
[0.481s] -- Up-to-date: /home/sentry-nov/code/colcon_3/install/rm_interface/share/rm_interface/local_setup.bash
[0.481s] -- Up-to-date: /home/sentry-nov/code/colcon_3/install/rm_interface/share/rm_interface/local_setup.sh
[0.481s] -- Up-to-date: /home/sentry-nov/code/colcon_3/install/rm_interface/share/rm_interface/local_setup.zsh
[0.481s] -- Up-to-date: /home/sentry-nov/code/colcon_3/install/rm_interface/share/rm_interface/local_setup.dsv
[0.482s] -- Installing: /home/sentry-nov/code/colcon_3/install/rm_interface/share/rm_interface/package.dsv
[0.482s] -- Up-to-date: /home/sentry-nov/code/colcon_3/install/rm_interface/share/ament_index/resource_index/packages/rm_interface
[0.482s] -- Up-to-date: /home/sentry-nov/code/colcon_3/install/rm_interface/share/rm_interface/cmake/export_rm_interface__rosidl_generator_cExport.cmake
[0.482s] -- Up-to-date: /home/sentry-nov/code/colcon_3/install/rm_interface/share/rm_interface/cmake/export_rm_interface__rosidl_generator_cExport-release.cmake
[0.482s] -- Up-to-date: /home/sentry-nov/code/colcon_3/install/rm_interface/share/rm_interface/cmake/export_rm_interface__rosidl_typesupport_fastrtps_cExport.cmake
[0.482s] -- Up-to-date: /home/sentry-nov/code/colcon_3/install/rm_interface/share/rm_interface/cmake/export_rm_interface__rosidl_typesupport_fastrtps_cExport-release.cmake
[0.482s] -- Up-to-date: /home/sentry-nov/code/colcon_3/install/rm_interface/share/rm_interface/cmake/export_rm_interface__rosidl_generator_cppExport.cmake
[0.482s] -- Up-to-date: /home/sentry-nov/code/colcon_3/install/rm_interface/share/rm_interface/cmake/export_rm_interface__rosidl_typesupport_fastrtps_cppExport.cmake
[0.482s] -- Up-to-date: /home/sentry-nov/code/colcon_3/install/rm_interface/share/rm_interface/cmake/export_rm_interface__rosidl_typesupport_fastrtps_cppExport-release.cmake
[0.482s] -- Up-to-date: /home/sentry-nov/code/colcon_3/install/rm_interface/share/rm_interface/cmake/rm_interface__rosidl_typesupport_introspection_cExport.cmake
[0.482s] -- Up-to-date: /home/sentry-nov/code/colcon_3/install/rm_interface/share/rm_interface/cmake/rm_interface__rosidl_typesupport_introspection_cExport-release.cmake
[0.483s] -- Up-to-date: /home/sentry-nov/code/colcon_3/install/rm_interface/share/rm_interface/cmake/rm_interface__rosidl_typesupport_cExport.cmake
[0.483s] -- Up-to-date: /home/sentry-nov/code/colcon_3/install/rm_interface/share/rm_interface/cmake/rm_interface__rosidl_typesupport_cExport-release.cmake
[0.483s] -- Up-to-date: /home/sentry-nov/code/colcon_3/install/rm_interface/share/rm_interface/cmake/rm_interface__rosidl_typesupport_introspection_cppExport.cmake
[0.483s] -- Up-to-date: /home/sentry-nov/code/colcon_3/install/rm_interface/share/rm_interface/cmake/rm_interface__rosidl_typesupport_introspection_cppExport-release.cmake
[0.483s] -- Up-to-date: /home/sentry-nov/code/colcon_3/install/rm_interface/share/rm_interface/cmake/rm_interface__rosidl_typesupport_cppExport.cmake
[0.483s] -- Up-to-date: /home/sentry-nov/code/colcon_3/install/rm_interface/share/rm_interface/cmake/rm_interface__rosidl_typesupport_cppExport-release.cmake
[0.483s] -- Up-to-date: /home/sentry-nov/code/colcon_3/install/rm_interface/share/rm_interface/cmake/export_rm_interface__rosidl_generator_pyExport.cmake
[0.483s] -- Up-to-date: /home/sentry-nov/code/colcon_3/install/rm_interface/share/rm_interface/cmake/export_rm_interface__rosidl_generator_pyExport-release.cmake
[0.483s] -- Up-to-date: /home/sentry-nov/code/colcon_3/install/rm_interface/share/rm_interface/cmake/rosidl_cmake-extras.cmake
[0.483s] -- Up-to-date: /home/sentry-nov/code/colcon_3/install/rm_interface/share/rm_interface/cmake/ament_cmake_export_include_directories-extras.cmake
[0.483s] -- Up-to-date: /home/sentry-nov/code/colcon_3/install/rm_interface/share/rm_interface/cmake/ament_cmake_export_libraries-extras.cmake
[0.483s] -- Up-to-date: /home/sentry-nov/code/colcon_3/install/rm_interface/share/rm_interface/cmake/ament_cmake_export_targets-extras.cmake
[0.483s] -- Up-to-date: /home/sentry-nov/code/colcon_3/install/rm_interface/share/rm_interface/cmake/rosidl_cmake_export_typesupport_targets-extras.cmake
[0.484s] -- Up-to-date: /home/sentry-nov/code/colcon_3/install/rm_interface/share/rm_interface/cmake/ament_cmake_export_dependencies-extras.cmake
[0.484s] -- Up-to-date: /home/sentry-nov/code/colcon_3/install/rm_interface/share/rm_interface/cmake/rosidl_cmake_export_typesupport_libraries-extras.cmake
[0.484s] -- Up-to-date: /home/sentry-nov/code/colcon_3/install/rm_interface/share/rm_interface/cmake/rm_interfaceConfig.cmake
[0.484s] -- Up-to-date: /home/sentry-nov/code/colcon_3/install/rm_interface/share/rm_interface/cmake/rm_interfaceConfig-version.cmake
[0.484s] -- Up-to-date: /home/sentry-nov/code/colcon_3/install/rm_interface/share/rm_interface/package.xml
[0.486s] Invoked command in '/home/sentry-nov/code/colcon_3/build/rm_interface' returned '0': CMAKE_PREFIX_PATH=${CMAKE_PREFIX_PATH}:/opt/ros/humble /usr/bin/cmake --install /home/sentry-nov/code/colcon_3/build/rm_interface
