[0.042s] Invoking command in '/home/sentry-nov/code/colcon_3/build/fast_lio': CMAKE_PREFIX_PATH=/home/sentry-nov/code/colcon_3/install/livox_ros_driver2:/home/sentry-nov/code/colcon_3/install/debug_tools:/home/sentry-nov/code/colcon_3/install/path_planning:/home/sentry-nov/code/colcon_3/install/z_related_map:/home/sentry-nov/code/colcon_3/install/tilted_lidar:/home/sentry-nov/code/colcon_3/install/rm_serial:/home/sentry-nov/code/colcon_3/install/motion_planning:/home/sentry-nov/code/colcon_3/install/ikd_tree_mapping:/home/sentry-nov/code/colcon_3/install/rm_interface:/home/sentry-nov/code/colcon_3/install/point_lio:/home/sentry-nov/code/colcon_3/install/m_detector:/home/sentry-nov/code/colcon_3/install/fast_lio:/home/sentry-nov/code/colcon_3/install/icp_relocalization:/home/sentry-nov/code/colcon_3/install/auto_start:/opt/ros/humble LD_LIBRARY_PATH=/home/sentry-nov/code/colcon_3/install/livox_ros_driver2/lib:/home/sentry-nov/code/colcon_3/install/z_related_map/lib:/home/sentry-nov/code/colcon_3/install/rm_interface/lib:/home/sentry-nov/code/colcon_3/install/m_detector/lib:/home/sentry-nov/code/colcon_3/install/fast_lio/lib:/usr/local/lib:/opt/ros/humble/opt/rviz_ogre_vendor/lib:/opt/ros/humble/lib/x86_64-linux-gnu:/opt/ros/humble/lib /usr/bin/cmake --build /home/sentry-nov/code/colcon_3/build/fast_lio -- -j12 -l12
[0.155s] [  2%] Built target fast_lio__cpp
[0.159s] [ 11%] Built target fast_lio__rosidl_generator_c
[0.193s] [ 11%] Built target ament_cmake_python_copy_fast_lio
[0.211s] [ 20%] Built target fast_lio__rosidl_typesupport_introspection_cpp
[0.211s] [ 28%] Built target fast_lio__rosidl_typesupport_cpp
[0.211s] [ 45%] Built target fast_lio__rosidl_typesupport_fastrtps_cpp
[0.211s] [ 45%] Built target fast_lio__rosidl_typesupport_introspection_c
[0.219s] [ 54%] Built target fast_lio__rosidl_typesupport_fastrtps_c
[0.229s] [ 62%] Built target fast_lio__rosidl_typesupport_c
[0.264s] [ 62%] Built target fast_lio
[0.287s] [ 74%] Built target fastlio_mapping
[0.301s] [ 77%] Built target fast_lio__py
[0.339s] [ 82%] Built target fast_lio__rosidl_generator_py
[0.376s] [ 88%] Built target fast_lio__rosidl_typesupport_c__pyext
[0.377s] [100%] Built target fast_lio__rosidl_typesupport_introspection_c__pyext
[0.377s] [100%] Built target fast_lio__rosidl_typesupport_fastrtps_c__pyext
[0.477s] running egg_info
[0.477s] writing fast_lio.egg-info/PKG-INFO
[0.478s] writing dependency_links to fast_lio.egg-info/dependency_links.txt
[0.478s] writing top-level names to fast_lio.egg-info/top_level.txt
[0.480s] reading manifest file 'fast_lio.egg-info/SOURCES.txt'
[0.481s] writing manifest file 'fast_lio.egg-info/SOURCES.txt'
[0.521s] [100%] Built target ament_cmake_python_build_fast_lio_egg
