[0.049s] Invoking command in '/home/sentry-nov/code/colcon_3/build/behaviortree_cpp': CMAKE_PREFIX_PATH=/opt/ros/humble /usr/bin/cmake --build /home/sentry-nov/code/colcon_3/build/behaviortree_cpp -- -j12 -l12
[0.118s] [35m[1mConsolidate compiler generated dependencies of target lexy_file[0m
[0.123s] [35m[1mConsolidate compiler generated dependencies of target minitrace[0m
[0.135s] [35m[1mConsolidate compiler generated dependencies of target gtest_main[0m
[0.152s] [35m[1mConsolidate compiler generated dependencies of target gtest[0m
[0.170s] [  1%] Built target minitrace
[0.170s] [  3%] Built target lexy_file
[0.170s] [  4%] Built target gtest_main
[0.224s] [35m[1mConsolidate compiler generated dependencies of target behaviortree_cpp[0m
[0.228s] [  5%] Built target gtest
[0.452s] [ 35%] Built target behaviortree_cpp
[0.500s] [35m[1mConsolidate compiler generated dependencies of target bt_sample_nodes[0m
[0.518s] [35m[1mConsolidate compiler generated dependencies of target crossdoor_nodes_dyn[0m
[0.528s] [35m[1mConsolidate compiler generated dependencies of target dummy_nodes_dyn[0m
[0.539s] [35m[1mConsolidate compiler generated dependencies of target movebase_node_dyn[0m
[0.549s] [35m[1mConsolidate compiler generated dependencies of target bt4_plugin_manifest[0m
[0.565s] [35m[1mConsolidate compiler generated dependencies of target t01_first_tree_dynamic[0m
[0.584s] [35m[1mConsolidate compiler generated dependencies of target test_plugin_executor[0m
[0.587s] [35m[1mConsolidate compiler generated dependencies of target test_plugin_action[0m
[0.627s] [ 38%] Built target bt_sample_nodes
[0.646s] [ 40%] Built target crossdoor_nodes_dyn
[0.651s] [ 41%] Built target dummy_nodes_dyn
[0.661s] [ 42%] Built target bt4_plugin_manifest
[0.680s] [ 45%] Built target t01_first_tree_dynamic
[0.680s] [ 45%] Built target movebase_node_dyn
[0.707s] [ 47%] Built target test_plugin_executor
[0.712s] [ 48%] Built target test_plugin_action
[0.714s] [35m[1mConsolidate compiler generated dependencies of target t01_first_tree_static[0m
[0.733s] [35m[1mConsolidate compiler generated dependencies of target t03_generic_ports[0m
[0.742s] [35m[1mConsolidate compiler generated dependencies of target t04_reactive_sequence[0m
[0.755s] [35m[1mConsolidate compiler generated dependencies of target t05_crossdoor[0m
[0.759s] [35m[1mConsolidate compiler generated dependencies of target t07_load_multiple_xml[0m
[0.771s] [35m[1mConsolidate compiler generated dependencies of target behaviortree_cpp_test[0m
[0.776s] [35m[1mConsolidate compiler generated dependencies of target t02_basic_ports[0m
[0.782s] [35m[1mConsolidate compiler generated dependencies of target t06_subtree_port_remapping[0m
[0.809s] [ 50%] Built target t03_generic_ports
[0.841s] [ 52%] Built target t01_first_tree_static
[0.849s] [ 53%] Built target t04_reactive_sequence
[0.855s] [ 54%] Built target t02_basic_ports
[0.858s] [ 55%] Built target t06_subtree_port_remapping
[0.860s] [35m[1mConsolidate compiler generated dependencies of target t08_additional_node_args[0m
[0.865s] [ 57%] Built target t05_crossdoor
[0.865s] [ 59%] Built target t07_load_multiple_xml
[0.878s] [35m[1mConsolidate compiler generated dependencies of target t09_scripting[0m
[0.880s] [35m[1mConsolidate compiler generated dependencies of target t11_groot_howto[0m
[0.888s] [35m[1mConsolidate compiler generated dependencies of target t10_observer[0m
[0.895s] [35m[1mConsolidate compiler generated dependencies of target t14_subtree_model[0m
[0.903s] [35m[1mConsolidate compiler generated dependencies of target t13_access_by_ref[0m
[0.907s] [35m[1mConsolidate compiler generated dependencies of target t15_nodes_mocking[0m
[0.928s] [35m[1mConsolidate compiler generated dependencies of target t12_default_ports[0m
[0.950s] [ 60%] Built target t08_additional_node_args
[0.951s] [ 61%] Built target t09_scripting
[0.951s] [ 63%] Built target t10_observer
[0.959s] [ 65%] Built target t14_subtree_model
[0.959s] [ 66%] Built target t11_groot_howto
[0.962s] [ 67%] Built target t15_nodes_mocking
[0.962s] [ 68%] Built target t13_access_by_ref
[0.981s] [ 70%] Built target t12_default_ports
[0.990s] [35m[1mConsolidate compiler generated dependencies of target t16_global_blackboard[0m
[0.995s] [35m[1mConsolidate compiler generated dependencies of target ex03_sqlite_log[0m
[0.998s] [35m[1mConsolidate compiler generated dependencies of target t18_waypoints[0m
[1.003s] [35m[1mConsolidate compiler generated dependencies of target ex02_runtime_ports[0m
[1.004s] [35m[1mConsolidate compiler generated dependencies of target t17_blackboard_backup[0m
[1.007s] [35m[1mConsolidate compiler generated dependencies of target ex01_wrap_legacy[0m
[1.024s] [ 90%] Built target behaviortree_cpp_test
[1.051s] [ 92%] Built target t16_global_blackboard
[1.051s] [ 94%] Built target ex03_sqlite_log
[1.056s] [ 96%] Built target t18_waypoints
[1.080s] [ 98%] Built target ex01_wrap_legacy
[1.089s] [100%] Built target ex02_runtime_ports
[1.089s] [100%] Built target t17_blackboard_backup
[1.110s] Invoked command in '/home/sentry-nov/code/colcon_3/build/behaviortree_cpp' returned '0': CMAKE_PREFIX_PATH=/opt/ros/humble /usr/bin/cmake --build /home/sentry-nov/code/colcon_3/build/behaviortree_cpp -- -j12 -l12
[1.111s] Invoking command in '/home/sentry-nov/code/colcon_3/build/behaviortree_cpp': CMAKE_PREFIX_PATH=/opt/ros/humble /usr/bin/cmake --install /home/sentry-nov/code/colcon_3/build/behaviortree_cpp
[1.114s] -- Install configuration: "Release"
[1.115s] -- Installing: /home/sentry-nov/code/colcon_3/install/behaviortree_cpp/lib/liblexy_file.a
[1.115s] -- Installing: /home/sentry-nov/code/colcon_3/install/behaviortree_cpp/lib/cmake/lexy/lexyTargets.cmake
[1.116s] -- Installing: /home/sentry-nov/code/colcon_3/install/behaviortree_cpp/lib/cmake/lexy/lexyTargets-release.cmake
[1.116s] -- Installing: /home/sentry-nov/code/colcon_3/install/behaviortree_cpp/lib/cmake/lexy/lexyConfig.cmake
[1.116s] -- Installing: /home/sentry-nov/code/colcon_3/install/behaviortree_cpp/lib/cmake/lexy/lexyConfigVersion.cmake
[1.116s] -- Installing: /home/sentry-nov/code/colcon_3/install/behaviortree_cpp/include/lexy
[1.116s] -- Installing: /home/sentry-nov/code/colcon_3/install/behaviortree_cpp/include/lexy/callback.hpp
[1.117s] -- Installing: /home/sentry-nov/code/colcon_3/install/behaviortree_cpp/include/lexy/lexeme.hpp
[1.117s] -- Installing: /home/sentry-nov/code/colcon_3/install/behaviortree_cpp/include/lexy/grammar.hpp
[1.117s] -- Installing: /home/sentry-nov/code/colcon_3/install/behaviortree_cpp/include/lexy/callback
[1.117s] -- Installing: /home/sentry-nov/code/colcon_3/install/behaviortree_cpp/include/lexy/callback/constant.hpp
[1.118s] -- Installing: /home/sentry-nov/code/colcon_3/install/behaviortree_cpp/include/lexy/callback/bit_cast.hpp
[1.118s] -- Installing: /home/sentry-nov/code/colcon_3/install/behaviortree_cpp/include/lexy/callback/base.hpp
[1.118s] -- Installing: /home/sentry-nov/code/colcon_3/install/behaviortree_cpp/include/lexy/callback/adapter.hpp
[1.119s] -- Installing: /home/sentry-nov/code/colcon_3/install/behaviortree_cpp/include/lexy/callback/fold.hpp
[1.119s] -- Installing: /home/sentry-nov/code/colcon_3/install/behaviortree_cpp/include/lexy/callback/container.hpp
[1.119s] -- Installing: /home/sentry-nov/code/colcon_3/install/behaviortree_cpp/include/lexy/callback/composition.hpp
[1.119s] -- Installing: /home/sentry-nov/code/colcon_3/install/behaviortree_cpp/include/lexy/callback/string.hpp
[1.119s] -- Installing: /home/sentry-nov/code/colcon_3/install/behaviortree_cpp/include/lexy/callback/noop.hpp
[1.119s] -- Installing: /home/sentry-nov/code/colcon_3/install/behaviortree_cpp/include/lexy/callback/forward.hpp
[1.119s] -- Installing: /home/sentry-nov/code/colcon_3/install/behaviortree_cpp/include/lexy/callback/integer.hpp
[1.119s] -- Installing: /home/sentry-nov/code/colcon_3/install/behaviortree_cpp/include/lexy/callback/bind.hpp
[1.120s] -- Installing: /home/sentry-nov/code/colcon_3/install/behaviortree_cpp/include/lexy/callback/object.hpp
[1.120s] -- Installing: /home/sentry-nov/code/colcon_3/install/behaviortree_cpp/include/lexy/callback/aggregate.hpp
[1.122s] -- Installing: /home/sentry-nov/code/colcon_3/install/behaviortree_cpp/include/lexy/parse_tree.hpp
[1.122s] -- Installing: /home/sentry-nov/code/colcon_3/install/behaviortree_cpp/include/lexy/dsl.hpp
[1.122s] -- Installing: /home/sentry-nov/code/colcon_3/install/behaviortree_cpp/include/lexy/token.hpp
[1.122s] -- Installing: /home/sentry-nov/code/colcon_3/install/behaviortree_cpp/include/lexy/input
[1.122s] -- Installing: /home/sentry-nov/code/colcon_3/install/behaviortree_cpp/include/lexy/input/argv_input.hpp
[1.123s] -- Installing: /home/sentry-nov/code/colcon_3/install/behaviortree_cpp/include/lexy/input/string_input.hpp
[1.123s] -- Installing: /home/sentry-nov/code/colcon_3/install/behaviortree_cpp/include/lexy/input/lexeme_input.hpp
[1.124s] -- Installing: /home/sentry-nov/code/colcon_3/install/behaviortree_cpp/include/lexy/input/base.hpp
[1.124s] -- Installing: /home/sentry-nov/code/colcon_3/install/behaviortree_cpp/include/lexy/input/range_input.hpp
[1.124s] -- Installing: /home/sentry-nov/code/colcon_3/install/behaviortree_cpp/include/lexy/input/buffer.hpp
[1.126s] -- Installing: /home/sentry-nov/code/colcon_3/install/behaviortree_cpp/include/lexy/input/file.hpp
[1.126s] -- Installing: /home/sentry-nov/code/colcon_3/install/behaviortree_cpp/include/lexy/input/parse_tree_input.hpp
[1.126s] -- Installing: /home/sentry-nov/code/colcon_3/install/behaviortree_cpp/include/lexy/input_location.hpp
[1.126s] -- Installing: /home/sentry-nov/code/colcon_3/install/behaviortree_cpp/include/lexy/code_point.hpp
[1.127s] -- Installing: /home/sentry-nov/code/colcon_3/install/behaviortree_cpp/include/lexy/action
[1.127s] -- Installing: /home/sentry-nov/code/colcon_3/install/behaviortree_cpp/include/lexy/action/trace.hpp
[1.128s] -- Installing: /home/sentry-nov/code/colcon_3/install/behaviortree_cpp/include/lexy/action/base.hpp
[1.128s] -- Installing: /home/sentry-nov/code/colcon_3/install/behaviortree_cpp/include/lexy/action/scan.hpp
[1.129s] -- Installing: /home/sentry-nov/code/colcon_3/install/behaviortree_cpp/include/lexy/action/parse_as_tree.hpp
[1.129s] -- Installing: /home/sentry-nov/code/colcon_3/install/behaviortree_cpp/include/lexy/action/match.hpp
[1.129s] -- Installing: /home/sentry-nov/code/colcon_3/install/behaviortree_cpp/include/lexy/action/parse.hpp
[1.129s] -- Installing: /home/sentry-nov/code/colcon_3/install/behaviortree_cpp/include/lexy/action/validate.hpp
[1.131s] -- Installing: /home/sentry-nov/code/colcon_3/install/behaviortree_cpp/include/lexy/encoding.hpp
[1.133s] -- Installing: /home/sentry-nov/code/colcon_3/install/behaviortree_cpp/include/lexy/dsl
[1.133s] -- Installing: /home/sentry-nov/code/colcon_3/install/behaviortree_cpp/include/lexy/dsl/list.hpp
[1.133s] -- Installing: /home/sentry-nov/code/colcon_3/install/behaviortree_cpp/include/lexy/dsl/expression.hpp
[1.136s] -- Installing: /home/sentry-nov/code/colcon_3/install/behaviortree_cpp/include/lexy/dsl/sequence.hpp
[1.136s] -- Installing: /home/sentry-nov/code/colcon_3/install/behaviortree_cpp/include/lexy/dsl/flags.hpp
[1.137s] -- Installing: /home/sentry-nov/code/colcon_3/install/behaviortree_cpp/include/lexy/dsl/recover.hpp
[1.137s] -- Installing: /home/sentry-nov/code/colcon_3/install/behaviortree_cpp/include/lexy/dsl/effect.hpp
[1.137s] -- Installing: /home/sentry-nov/code/colcon_3/install/behaviortree_cpp/include/lexy/dsl/base.hpp
[1.137s] -- Installing: /home/sentry-nov/code/colcon_3/install/behaviortree_cpp/include/lexy/dsl/follow.hpp
[1.139s] -- Installing: /home/sentry-nov/code/colcon_3/install/behaviortree_cpp/include/lexy/dsl/newline.hpp
[1.139s] -- Installing: /home/sentry-nov/code/colcon_3/install/behaviortree_cpp/include/lexy/dsl/production.hpp
[1.140s] -- Installing: /home/sentry-nov/code/colcon_3/install/behaviortree_cpp/include/lexy/dsl/delimited.hpp
[1.143s] -- Installing: /home/sentry-nov/code/colcon_3/install/behaviortree_cpp/include/lexy/dsl/branch.hpp
[1.143s] -- Installing: /home/sentry-nov/code/colcon_3/install/behaviortree_cpp/include/lexy/dsl/scan.hpp
[1.144s] -- Installing: /home/sentry-nov/code/colcon_3/install/behaviortree_cpp/include/lexy/dsl/parse_tree_node.hpp
[1.144s] -- Installing: /home/sentry-nov/code/colcon_3/install/behaviortree_cpp/include/lexy/dsl/digit.hpp
[1.144s] -- Installing: /home/sentry-nov/code/colcon_3/install/behaviortree_cpp/include/lexy/dsl/separator.hpp
[1.144s] -- Installing: /home/sentry-nov/code/colcon_3/install/behaviortree_cpp/include/lexy/dsl/parse_as.hpp
[1.144s] -- Installing: /home/sentry-nov/code/colcon_3/install/behaviortree_cpp/include/lexy/dsl/capture.hpp
[1.144s] -- Installing: /home/sentry-nov/code/colcon_3/install/behaviortree_cpp/include/lexy/dsl/return.hpp
[1.144s] -- Installing: /home/sentry-nov/code/colcon_3/install/behaviortree_cpp/include/lexy/dsl/combination.hpp
[1.145s] -- Installing: /home/sentry-nov/code/colcon_3/install/behaviortree_cpp/include/lexy/dsl/bits.hpp
[1.145s] -- Installing: /home/sentry-nov/code/colcon_3/install/behaviortree_cpp/include/lexy/dsl/token.hpp
[1.145s] -- Installing: /home/sentry-nov/code/colcon_3/install/behaviortree_cpp/include/lexy/dsl/loop.hpp
[1.145s] -- Installing: /home/sentry-nov/code/colcon_3/install/behaviortree_cpp/include/lexy/dsl/context_counter.hpp
[1.145s] -- Installing: /home/sentry-nov/code/colcon_3/install/behaviortree_cpp/include/lexy/dsl/position.hpp
[1.145s] -- Installing: /home/sentry-nov/code/colcon_3/install/behaviortree_cpp/include/lexy/dsl/option.hpp
[1.145s] -- Installing: /home/sentry-nov/code/colcon_3/install/behaviortree_cpp/include/lexy/dsl/if.hpp
[1.145s] -- Installing: /home/sentry-nov/code/colcon_3/install/behaviortree_cpp/include/lexy/dsl/punctuator.hpp
[1.145s] -- Installing: /home/sentry-nov/code/colcon_3/install/behaviortree_cpp/include/lexy/dsl/member.hpp
[1.146s] -- Installing: /home/sentry-nov/code/colcon_3/install/behaviortree_cpp/include/lexy/dsl/lookahead.hpp
[1.146s] -- Installing: /home/sentry-nov/code/colcon_3/install/behaviortree_cpp/include/lexy/dsl/times.hpp
[1.147s] -- Installing: /home/sentry-nov/code/colcon_3/install/behaviortree_cpp/include/lexy/dsl/code_point.hpp
[1.147s] -- Installing: /home/sentry-nov/code/colcon_3/install/behaviortree_cpp/include/lexy/dsl/byte.hpp
[1.148s] -- Installing: /home/sentry-nov/code/colcon_3/install/behaviortree_cpp/include/lexy/dsl/context_identifier.hpp
[1.148s] -- Installing: /home/sentry-nov/code/colcon_3/install/behaviortree_cpp/include/lexy/dsl/repeat.hpp
[1.148s] -- Installing: /home/sentry-nov/code/colcon_3/install/behaviortree_cpp/include/lexy/dsl/case_folding.hpp
[1.148s] -- Installing: /home/sentry-nov/code/colcon_3/install/behaviortree_cpp/include/lexy/dsl/operator.hpp
[1.149s] -- Installing: /home/sentry-nov/code/colcon_3/install/behaviortree_cpp/include/lexy/dsl/subgrammar.hpp
[1.149s] -- Installing: /home/sentry-nov/code/colcon_3/install/behaviortree_cpp/include/lexy/dsl/any.hpp
[1.149s] -- Installing: /home/sentry-nov/code/colcon_3/install/behaviortree_cpp/include/lexy/dsl/char_class.hpp
[1.149s] -- Installing: /home/sentry-nov/code/colcon_3/install/behaviortree_cpp/include/lexy/dsl/unicode.hpp
[1.149s] -- Installing: /home/sentry-nov/code/colcon_3/install/behaviortree_cpp/include/lexy/dsl/sign.hpp
[1.149s] -- Installing: /home/sentry-nov/code/colcon_3/install/behaviortree_cpp/include/lexy/dsl/choice.hpp
[1.149s] -- Installing: /home/sentry-nov/code/colcon_3/install/behaviortree_cpp/include/lexy/dsl/identifier.hpp
[1.149s] -- Installing: /home/sentry-nov/code/colcon_3/install/behaviortree_cpp/include/lexy/dsl/literal.hpp
[1.149s] -- Installing: /home/sentry-nov/code/colcon_3/install/behaviortree_cpp/include/lexy/dsl/terminator.hpp
[1.149s] -- Installing: /home/sentry-nov/code/colcon_3/install/behaviortree_cpp/include/lexy/dsl/eof.hpp
[1.149s] -- Installing: /home/sentry-nov/code/colcon_3/install/behaviortree_cpp/include/lexy/dsl/integer.hpp
[1.149s] -- Installing: /home/sentry-nov/code/colcon_3/install/behaviortree_cpp/include/lexy/dsl/peek.hpp
[1.150s] -- Installing: /home/sentry-nov/code/colcon_3/install/behaviortree_cpp/include/lexy/dsl/brackets.hpp
[1.151s] -- Installing: /home/sentry-nov/code/colcon_3/install/behaviortree_cpp/include/lexy/dsl/whitespace.hpp
[1.151s] -- Installing: /home/sentry-nov/code/colcon_3/install/behaviortree_cpp/include/lexy/dsl/error.hpp
[1.151s] -- Installing: /home/sentry-nov/code/colcon_3/install/behaviortree_cpp/include/lexy/dsl/until.hpp
[1.151s] -- Installing: /home/sentry-nov/code/colcon_3/install/behaviortree_cpp/include/lexy/dsl/ascii.hpp
[1.151s] -- Installing: /home/sentry-nov/code/colcon_3/install/behaviortree_cpp/include/lexy/dsl/symbol.hpp
[1.151s] -- Installing: /home/sentry-nov/code/colcon_3/install/behaviortree_cpp/include/lexy/dsl/context_flag.hpp
[1.151s] -- Installing: /home/sentry-nov/code/colcon_3/install/behaviortree_cpp/include/lexy/dsl/bom.hpp
[1.152s] -- Installing: /home/sentry-nov/code/colcon_3/install/behaviortree_cpp/include/lexy/error.hpp
[1.152s] -- Installing: /home/sentry-nov/code/colcon_3/install/behaviortree_cpp/include/lexy/_detail
[1.152s] -- Installing: /home/sentry-nov/code/colcon_3/install/behaviortree_cpp/include/lexy/_detail/type_name.hpp
[1.152s] -- Installing: /home/sentry-nov/code/colcon_3/install/behaviortree_cpp/include/lexy/_detail/std.hpp
[1.152s] -- Installing: /home/sentry-nov/code/colcon_3/install/behaviortree_cpp/include/lexy/_detail/assert.hpp
[1.152s] -- Installing: /home/sentry-nov/code/colcon_3/install/behaviortree_cpp/include/lexy/_detail/nttp_string.hpp
[1.152s] -- Installing: /home/sentry-nov/code/colcon_3/install/behaviortree_cpp/include/lexy/_detail/iterator.hpp
[1.152s] -- Installing: /home/sentry-nov/code/colcon_3/install/behaviortree_cpp/include/lexy/_detail/any_ref.hpp
[1.152s] -- Installing: /home/sentry-nov/code/colcon_3/install/behaviortree_cpp/include/lexy/_detail/tuple.hpp
[1.152s] -- Installing: /home/sentry-nov/code/colcon_3/install/behaviortree_cpp/include/lexy/_detail/integer_sequence.hpp
[1.153s] -- Installing: /home/sentry-nov/code/colcon_3/install/behaviortree_cpp/include/lexy/_detail/config.hpp
[1.153s] -- Installing: /home/sentry-nov/code/colcon_3/install/behaviortree_cpp/include/lexy/_detail/string_view.hpp
[1.153s] -- Installing: /home/sentry-nov/code/colcon_3/install/behaviortree_cpp/include/lexy/_detail/code_point.hpp
[1.153s] -- Installing: /home/sentry-nov/code/colcon_3/install/behaviortree_cpp/include/lexy/_detail/unicode_database.hpp
[1.153s] -- Installing: /home/sentry-nov/code/colcon_3/install/behaviortree_cpp/include/lexy/_detail/stateless_lambda.hpp
[1.154s] -- Installing: /home/sentry-nov/code/colcon_3/install/behaviortree_cpp/include/lexy/_detail/detect.hpp
[1.154s] -- Installing: /home/sentry-nov/code/colcon_3/install/behaviortree_cpp/include/lexy/_detail/invoke.hpp
[1.154s] -- Installing: /home/sentry-nov/code/colcon_3/install/behaviortree_cpp/include/lexy/_detail/memory_resource.hpp
[1.154s] -- Installing: /home/sentry-nov/code/colcon_3/install/behaviortree_cpp/include/lexy/_detail/buffer_builder.hpp
[1.154s] -- Installing: /home/sentry-nov/code/colcon_3/install/behaviortree_cpp/include/lexy/_detail/swar.hpp
[1.154s] -- Installing: /home/sentry-nov/code/colcon_3/install/behaviortree_cpp/include/lexy/_detail/lazy_init.hpp
[1.154s] -- Installing: /home/sentry-nov/code/colcon_3/install/behaviortree_cpp/include/lexy/visualize.hpp
[1.154s] -- Installing: /home/sentry-nov/code/colcon_3/install/behaviortree_cpp/include/lexy_ext
[1.155s] -- Installing: /home/sentry-nov/code/colcon_3/install/behaviortree_cpp/include/lexy_ext/parse_tree_doctest.hpp
[1.155s] -- Installing: /home/sentry-nov/code/colcon_3/install/behaviortree_cpp/include/lexy_ext/shell.hpp
[1.155s] -- Installing: /home/sentry-nov/code/colcon_3/install/behaviortree_cpp/include/lexy_ext/parse_tree_algorithm.hpp
[1.155s] -- Installing: /home/sentry-nov/code/colcon_3/install/behaviortree_cpp/include/lexy_ext/report_error.hpp
[1.155s] -- Installing: /home/sentry-nov/code/colcon_3/install/behaviortree_cpp/include/lexy_ext/compiler_explorer.hpp
[1.155s] -- Installing: /home/sentry-nov/code/colcon_3/install/behaviortree_cpp/share/behaviortree_cpp/bt_plugins/libcrossdoor_nodes_dyn.so
[1.156s] -- Set runtime path of "/home/sentry-nov/code/colcon_3/install/behaviortree_cpp/share/behaviortree_cpp/bt_plugins/libcrossdoor_nodes_dyn.so" to ""
[1.156s] -- Installing: /home/sentry-nov/code/colcon_3/install/behaviortree_cpp/share/behaviortree_cpp/bt_plugins/libdummy_nodes_dyn.so
[1.156s] -- Set runtime path of "/home/sentry-nov/code/colcon_3/install/behaviortree_cpp/share/behaviortree_cpp/bt_plugins/libdummy_nodes_dyn.so" to ""
[1.156s] -- Installing: /home/sentry-nov/code/colcon_3/install/behaviortree_cpp/share/behaviortree_cpp/bt_plugins/libmovebase_node_dyn.so
[1.157s] -- Set runtime path of "/home/sentry-nov/code/colcon_3/install/behaviortree_cpp/share/behaviortree_cpp/bt_plugins/libmovebase_node_dyn.so" to ""
[1.157s] -- Installing: /home/sentry-nov/code/colcon_3/install/behaviortree_cpp/bin/bt4_plugin_manifest
[1.157s] -- Set runtime path of "/home/sentry-nov/code/colcon_3/install/behaviortree_cpp/bin/bt4_plugin_manifest" to ""
[1.157s] -- Installing: /home/sentry-nov/code/colcon_3/install/behaviortree_cpp/lib/libbehaviortree_cpp.so
[1.157s] -- Set runtime path of "/home/sentry-nov/code/colcon_3/install/behaviortree_cpp/lib/libbehaviortree_cpp.so" to ""
[1.157s] -- Up-to-date: /home/sentry-nov/code/colcon_3/install/behaviortree_cpp/include
[1.157s] -- Installing: /home/sentry-nov/code/colcon_3/install/behaviortree_cpp/include/behaviortree_cpp
[1.157s] -- Installing: /home/sentry-nov/code/colcon_3/install/behaviortree_cpp/include/behaviortree_cpp/scripting
[1.157s] -- Installing: /home/sentry-nov/code/colcon_3/install/behaviortree_cpp/include/behaviortree_cpp/scripting/script_parser.hpp
[1.157s] -- Installing: /home/sentry-nov/code/colcon_3/install/behaviortree_cpp/include/behaviortree_cpp/scripting/any_types.hpp
[1.158s] -- Installing: /home/sentry-nov/code/colcon_3/install/behaviortree_cpp/include/behaviortree_cpp/scripting/operators.hpp
[1.158s] -- Installing: /home/sentry-nov/code/colcon_3/install/behaviortree_cpp/include/behaviortree_cpp/decorator_node.h
[1.158s] -- Installing: /home/sentry-nov/code/colcon_3/install/behaviortree_cpp/include/behaviortree_cpp/condition_node.h
[1.158s] -- Installing: /home/sentry-nov/code/colcon_3/install/behaviortree_cpp/include/behaviortree_cpp/tree_node.h
[1.158s] -- Installing: /home/sentry-nov/code/colcon_3/install/behaviortree_cpp/include/behaviortree_cpp/xml_parsing.h
[1.158s] -- Installing: /home/sentry-nov/code/colcon_3/install/behaviortree_cpp/include/behaviortree_cpp/leaf_node.h
[1.158s] -- Installing: /home/sentry-nov/code/colcon_3/install/behaviortree_cpp/include/behaviortree_cpp/exceptions.h
[1.158s] -- Installing: /home/sentry-nov/code/colcon_3/install/behaviortree_cpp/include/behaviortree_cpp/blackboard.h
[1.158s] -- Installing: /home/sentry-nov/code/colcon_3/install/behaviortree_cpp/include/behaviortree_cpp/control_node.h
[1.158s] -- Installing: /home/sentry-nov/code/colcon_3/install/behaviortree_cpp/include/behaviortree_cpp/controls
[1.159s] -- Installing: /home/sentry-nov/code/colcon_3/install/behaviortree_cpp/include/behaviortree_cpp/controls/sequence_node.h
[1.159s] -- Installing: /home/sentry-nov/code/colcon_3/install/behaviortree_cpp/include/behaviortree_cpp/controls/if_then_else_node.h
[1.159s] -- Installing: /home/sentry-nov/code/colcon_3/install/behaviortree_cpp/include/behaviortree_cpp/controls/reactive_fallback.h
[1.159s] -- Installing: /home/sentry-nov/code/colcon_3/install/behaviortree_cpp/include/behaviortree_cpp/controls/reactive_sequence.h
[1.159s] -- Installing: /home/sentry-nov/code/colcon_3/install/behaviortree_cpp/include/behaviortree_cpp/controls/parallel_node.h
[1.159s] -- Installing: /home/sentry-nov/code/colcon_3/install/behaviortree_cpp/include/behaviortree_cpp/controls/while_do_else_node.h
[1.159s] -- Installing: /home/sentry-nov/code/colcon_3/install/behaviortree_cpp/include/behaviortree_cpp/controls/manual_node.h
[1.159s] -- Installing: /home/sentry-nov/code/colcon_3/install/behaviortree_cpp/include/behaviortree_cpp/controls/sequence_with_memory_node.h
[1.159s] -- Installing: /home/sentry-nov/code/colcon_3/install/behaviortree_cpp/include/behaviortree_cpp/controls/parallel_all_node.h
[1.160s] -- Installing: /home/sentry-nov/code/colcon_3/install/behaviortree_cpp/include/behaviortree_cpp/controls/switch_node.h
[1.160s] -- Installing: /home/sentry-nov/code/colcon_3/install/behaviortree_cpp/include/behaviortree_cpp/controls/fallback_node.h
[1.160s] -- Installing: /home/sentry-nov/code/colcon_3/install/behaviortree_cpp/include/behaviortree_cpp/decorators
[1.160s] -- Installing: /home/sentry-nov/code/colcon_3/install/behaviortree_cpp/include/behaviortree_cpp/decorators/delay_node.h
[1.160s] -- Installing: /home/sentry-nov/code/colcon_3/install/behaviortree_cpp/include/behaviortree_cpp/decorators/timeout_node.h
[1.160s] -- Installing: /home/sentry-nov/code/colcon_3/install/behaviortree_cpp/include/behaviortree_cpp/decorators/repeat_node.h
[1.160s] -- Installing: /home/sentry-nov/code/colcon_3/install/behaviortree_cpp/include/behaviortree_cpp/decorators/script_precondition.h
[1.160s] -- Installing: /home/sentry-nov/code/colcon_3/install/behaviortree_cpp/include/behaviortree_cpp/decorators/force_success_node.h
[1.160s] -- Installing: /home/sentry-nov/code/colcon_3/install/behaviortree_cpp/include/behaviortree_cpp/decorators/run_once_node.h
[1.161s] -- Installing: /home/sentry-nov/code/colcon_3/install/behaviortree_cpp/include/behaviortree_cpp/decorators/force_failure_node.h
[1.161s] -- Installing: /home/sentry-nov/code/colcon_3/install/behaviortree_cpp/include/behaviortree_cpp/decorators/retry_node.h
[1.161s] -- Installing: /home/sentry-nov/code/colcon_3/install/behaviortree_cpp/include/behaviortree_cpp/decorators/subtree_node.h
[1.161s] -- Installing: /home/sentry-nov/code/colcon_3/install/behaviortree_cpp/include/behaviortree_cpp/decorators/consume_queue.h
[1.161s] -- Installing: /home/sentry-nov/code/colcon_3/install/behaviortree_cpp/include/behaviortree_cpp/decorators/loop_node.h
[1.161s] -- Installing: /home/sentry-nov/code/colcon_3/install/behaviortree_cpp/include/behaviortree_cpp/decorators/updated_decorator.h
[1.161s] -- Installing: /home/sentry-nov/code/colcon_3/install/behaviortree_cpp/include/behaviortree_cpp/decorators/keep_running_until_failure_node.h
[1.161s] -- Installing: /home/sentry-nov/code/colcon_3/install/behaviortree_cpp/include/behaviortree_cpp/decorators/inverter_node.h
[1.161s] -- Installing: /home/sentry-nov/code/colcon_3/install/behaviortree_cpp/include/behaviortree_cpp/loggers
[1.161s] -- Installing: /home/sentry-nov/code/colcon_3/install/behaviortree_cpp/include/behaviortree_cpp/loggers/bt_minitrace_logger.h
[1.161s] -- Installing: /home/sentry-nov/code/colcon_3/install/behaviortree_cpp/include/behaviortree_cpp/loggers/bt_cout_logger.h
[1.162s] -- Installing: /home/sentry-nov/code/colcon_3/install/behaviortree_cpp/include/behaviortree_cpp/loggers/bt_observer.h
[1.162s] -- Installing: /home/sentry-nov/code/colcon_3/install/behaviortree_cpp/include/behaviortree_cpp/loggers/bt_sqlite_logger.h
[1.162s] -- Installing: /home/sentry-nov/code/colcon_3/install/behaviortree_cpp/include/behaviortree_cpp/loggers/abstract_logger.h
[1.162s] -- Installing: /home/sentry-nov/code/colcon_3/install/behaviortree_cpp/include/behaviortree_cpp/loggers/groot2_protocol.h
[1.162s] -- Installing: /home/sentry-nov/code/colcon_3/install/behaviortree_cpp/include/behaviortree_cpp/loggers/groot2_publisher.h
[1.162s] -- Installing: /home/sentry-nov/code/colcon_3/install/behaviortree_cpp/include/behaviortree_cpp/loggers/bt_file_logger_v2.h
[1.162s] -- Installing: /home/sentry-nov/code/colcon_3/install/behaviortree_cpp/include/behaviortree_cpp/json_export.h
[1.162s] -- Installing: /home/sentry-nov/code/colcon_3/install/behaviortree_cpp/include/behaviortree_cpp/contrib
[1.162s] -- Installing: /home/sentry-nov/code/colcon_3/install/behaviortree_cpp/include/behaviortree_cpp/contrib/magic_enum.hpp
[1.162s] -- Installing: /home/sentry-nov/code/colcon_3/install/behaviortree_cpp/include/behaviortree_cpp/contrib/json.hpp
[1.164s] -- Installing: /home/sentry-nov/code/colcon_3/install/behaviortree_cpp/include/behaviortree_cpp/contrib/expected.hpp
[1.165s] -- Installing: /home/sentry-nov/code/colcon_3/install/behaviortree_cpp/include/behaviortree_cpp/contrib/any.hpp
[1.165s] -- Installing: /home/sentry-nov/code/colcon_3/install/behaviortree_cpp/include/behaviortree_cpp/bt_factory.h
[1.165s] -- Installing: /home/sentry-nov/code/colcon_3/install/behaviortree_cpp/include/behaviortree_cpp/behavior_tree.h
[1.165s] -- Installing: /home/sentry-nov/code/colcon_3/install/behaviortree_cpp/include/behaviortree_cpp/action_node.h
[1.165s] -- Installing: /home/sentry-nov/code/colcon_3/install/behaviortree_cpp/include/behaviortree_cpp/basic_types.h
[1.165s] -- Installing: /home/sentry-nov/code/colcon_3/install/behaviortree_cpp/include/behaviortree_cpp/actions
[1.165s] -- Installing: /home/sentry-nov/code/colcon_3/install/behaviortree_cpp/include/behaviortree_cpp/actions/always_failure_node.h
[1.166s] -- Installing: /home/sentry-nov/code/colcon_3/install/behaviortree_cpp/include/behaviortree_cpp/actions/script_node.h
[1.166s] -- Installing: /home/sentry-nov/code/colcon_3/install/behaviortree_cpp/include/behaviortree_cpp/actions/unset_blackboard_node.h
[1.167s] -- Installing: /home/sentry-nov/code/colcon_3/install/behaviortree_cpp/include/behaviortree_cpp/actions/always_success_node.h
[1.167s] -- Installing: /home/sentry-nov/code/colcon_3/install/behaviortree_cpp/include/behaviortree_cpp/actions/sleep_node.h
[1.167s] -- Installing: /home/sentry-nov/code/colcon_3/install/behaviortree_cpp/include/behaviortree_cpp/actions/test_node.h
[1.167s] -- Installing: /home/sentry-nov/code/colcon_3/install/behaviortree_cpp/include/behaviortree_cpp/actions/pop_from_queue.hpp
[1.167s] -- Installing: /home/sentry-nov/code/colcon_3/install/behaviortree_cpp/include/behaviortree_cpp/actions/set_blackboard_node.h
[1.167s] -- Installing: /home/sentry-nov/code/colcon_3/install/behaviortree_cpp/include/behaviortree_cpp/actions/updated_action.h
[1.167s] -- Installing: /home/sentry-nov/code/colcon_3/install/behaviortree_cpp/include/behaviortree_cpp/actions/script_condition.h
[1.167s] -- Installing: /home/sentry-nov/code/colcon_3/install/behaviortree_cpp/include/behaviortree_cpp/flatbuffers
[1.168s] -- Installing: /home/sentry-nov/code/colcon_3/install/behaviortree_cpp/include/behaviortree_cpp/flatbuffers/bt_flatbuffer_helper.h
[1.168s] -- Installing: /home/sentry-nov/code/colcon_3/install/behaviortree_cpp/include/behaviortree_cpp/utils
[1.168s] -- Installing: /home/sentry-nov/code/colcon_3/install/behaviortree_cpp/include/behaviortree_cpp/utils/locked_reference.hpp
[1.168s] -- Installing: /home/sentry-nov/code/colcon_3/install/behaviortree_cpp/include/behaviortree_cpp/utils/timer_queue.h
[1.169s] -- Installing: /home/sentry-nov/code/colcon_3/install/behaviortree_cpp/include/behaviortree_cpp/utils/platform.hpp
[1.169s] -- Installing: /home/sentry-nov/code/colcon_3/install/behaviortree_cpp/include/behaviortree_cpp/utils/signal.h
[1.169s] -- Installing: /home/sentry-nov/code/colcon_3/install/behaviortree_cpp/include/behaviortree_cpp/utils/demangle_util.h
[1.169s] -- Installing: /home/sentry-nov/code/colcon_3/install/behaviortree_cpp/include/behaviortree_cpp/utils/safe_any.hpp
[1.169s] -- Installing: /home/sentry-nov/code/colcon_3/install/behaviortree_cpp/include/behaviortree_cpp/utils/wakeup_signal.hpp
[1.169s] -- Installing: /home/sentry-nov/code/colcon_3/install/behaviortree_cpp/include/behaviortree_cpp/utils/strcat.hpp
[1.169s] -- Installing: /home/sentry-nov/code/colcon_3/install/behaviortree_cpp/include/behaviortree_cpp/utils/convert_impl.hpp
[1.170s] -- Installing: /home/sentry-nov/code/colcon_3/install/behaviortree_cpp/include/behaviortree_cpp/utils/simple_string.hpp
[1.170s] -- Installing: /home/sentry-nov/code/colcon_3/install/behaviortree_cpp/include/behaviortree_cpp/utils/shared_library.h
[1.170s] -- Installing: /home/sentry-nov/code/colcon_3/install/behaviortree_cpp/include/behaviortree_cpp/bt_parser.h
[1.170s] -- Installing: /home/sentry-nov/code/colcon_3/install/behaviortree_cpp/share/behaviortree_cpp/environment/library_path.sh
[1.170s] -- Installing: /home/sentry-nov/code/colcon_3/install/behaviortree_cpp/share/behaviortree_cpp/environment/library_path.dsv
[1.173s] -- Installing: /home/sentry-nov/code/colcon_3/install/behaviortree_cpp/share/ament_index/resource_index/package_run_dependencies/behaviortree_cpp
[1.174s] -- Installing: /home/sentry-nov/code/colcon_3/install/behaviortree_cpp/share/ament_index/resource_index/parent_prefix_path/behaviortree_cpp
[1.175s] -- Installing: /home/sentry-nov/code/colcon_3/install/behaviortree_cpp/share/behaviortree_cpp/environment/ament_prefix_path.sh
[1.177s] -- Installing: /home/sentry-nov/code/colcon_3/install/behaviortree_cpp/share/behaviortree_cpp/environment/ament_prefix_path.dsv
[1.177s] -- Installing: /home/sentry-nov/code/colcon_3/install/behaviortree_cpp/share/behaviortree_cpp/environment/path.sh
[1.177s] -- Installing: /home/sentry-nov/code/colcon_3/install/behaviortree_cpp/share/behaviortree_cpp/environment/path.dsv
[1.177s] -- Installing: /home/sentry-nov/code/colcon_3/install/behaviortree_cpp/share/behaviortree_cpp/local_setup.bash
[1.178s] -- Installing: /home/sentry-nov/code/colcon_3/install/behaviortree_cpp/share/behaviortree_cpp/local_setup.sh
[1.179s] -- Installing: /home/sentry-nov/code/colcon_3/install/behaviortree_cpp/share/behaviortree_cpp/local_setup.zsh
[1.180s] -- Installing: /home/sentry-nov/code/colcon_3/install/behaviortree_cpp/share/behaviortree_cpp/local_setup.dsv
[1.180s] -- Installing: /home/sentry-nov/code/colcon_3/install/behaviortree_cpp/share/behaviortree_cpp/package.dsv
[1.180s] -- Installing: /home/sentry-nov/code/colcon_3/install/behaviortree_cpp/share/ament_index/resource_index/packages/behaviortree_cpp
[1.180s] -- Installing: /home/sentry-nov/code/colcon_3/install/behaviortree_cpp/share/behaviortree_cpp/cmake/behaviortree_cppTargetsExport.cmake
[1.180s] -- Installing: /home/sentry-nov/code/colcon_3/install/behaviortree_cpp/share/behaviortree_cpp/cmake/behaviortree_cppTargetsExport-release.cmake
[1.180s] -- Installing: /home/sentry-nov/code/colcon_3/install/behaviortree_cpp/share/behaviortree_cpp/cmake/ament_cmake_export_dependencies-extras.cmake
[1.180s] -- Installing: /home/sentry-nov/code/colcon_3/install/behaviortree_cpp/share/behaviortree_cpp/cmake/ament_cmake_export_include_directories-extras.cmake
[1.180s] -- Installing: /home/sentry-nov/code/colcon_3/install/behaviortree_cpp/share/behaviortree_cpp/cmake/ament_cmake_export_libraries-extras.cmake
[1.180s] -- Installing: /home/sentry-nov/code/colcon_3/install/behaviortree_cpp/share/behaviortree_cpp/cmake/ament_cmake_export_targets-extras.cmake
[1.180s] -- Installing: /home/sentry-nov/code/colcon_3/install/behaviortree_cpp/share/behaviortree_cpp/cmake/behaviortree_cppConfig.cmake
[1.181s] -- Installing: /home/sentry-nov/code/colcon_3/install/behaviortree_cpp/share/behaviortree_cpp/cmake/behaviortree_cppConfig-version.cmake
[1.181s] -- Installing: /home/sentry-nov/code/colcon_3/install/behaviortree_cpp/share/behaviortree_cpp/package.xml
[1.205s] Invoked command in '/home/sentry-nov/code/colcon_3/build/behaviortree_cpp' returned '0': CMAKE_PREFIX_PATH=/opt/ros/humble /usr/bin/cmake --install /home/sentry-nov/code/colcon_3/build/behaviortree_cpp
