-- Found ament_cmake: 1.3.11 (/opt/ros/humble/share/ament_cmake/cmake)
-- Found rclcpp: 16.0.11 (/opt/ros/humble/share/rclcpp/cmake)
-- Found rosidl_generator_c: 3.1.6 (/opt/ros/humble/share/rosidl_generator_c/cmake)
-- Found rosidl_adapter: 3.1.6 (/opt/ros/humble/share/rosidl_adapter/cmake)
-- Found rosidl_generator_cpp: 3.1.6 (/opt/ros/humble/share/rosidl_generator_cpp/cmake)
-- Using all available rosidl_typesupport_c: rosidl_typesupport_fastrtps_c;rosidl_typesupport_introspection_c
-- Using all available rosidl_typesupport_cpp: rosidl_typesupport_fastrtps_cpp;rosidl_typesupport_introspection_cpp
-- Found rmw_implementation_cmake: 6.1.2 (/opt/ros/humble/share/rmw_implementation_cmake/cmake)
-- Found rmw_fastrtps_cpp: 6.2.7 (/opt/ros/humble/share/rmw_fastrtps_cpp/cmake)
-- Using RMW implementation 'rmw_fastrtps_cpp' as default
-- Found nav_msgs: 4.2.4 (/opt/ros/humble/share/nav_msgs/cmake)
-- Found debug_tools: 0.0.0 (/home/sentry-nov/code/colcon_3/install/debug_tools/share/debug_tools/cmake)
-- Found rm_interface: 0.0.0 (/home/sentry-nov/code/colcon_3/install/rm_interface/share/rm_interface/cmake)
-- Found auto_start: 0.0.0 (/home/sentry-nov/code/colcon_3/install/auto_start/share/auto_start/cmake)
-- Configuring done
-- Generating done
-- Build files have been written to: /home/sentry-nov/code/colcon_3/build/rm_decision
[35m[1mConsolidate compiler generated dependencies of target test_node[0m
[35m[1mConsolidate compiler generated dependencies of target rm_decision_node[0m
[ 33%] [32mBuilding CXX object CMakeFiles/test_node.dir/test/test.cpp.o[0m
[ 33%] [32mBuilding CXX object CMakeFiles/test_node.dir/src/rm_decision.cpp.o[0m
[ 50%] [32mBuilding CXX object CMakeFiles/rm_decision_node.dir/src/rm_decision.cpp.o[0m
[ 66%] [32mBuilding CXX object CMakeFiles/rm_decision_node.dir/src/rm_decision_ros.cpp.o[0m
In file included from [01m[K/usr/include/eigen3/Eigen/Core:257[m[K,
                 from [01m[K/usr/include/eigen3/Eigen/Dense:1[m[K,
                 from [01m[K/usr/include/eigen3/Eigen/Eigen:1[m[K,
                 from [01m[K/home/sentry-nov/code/colcon_3/src/common/rm_decision/include/rm_decision/polygon_region.h:7[m[K,
                 from [01m[K/home/sentry-nov/code/colcon_3/src/common/rm_decision/include/rm_decision/rm_decision.h:8[m[K,
                 from [01m[K/home/sentry-nov/code/colcon_3/src/common/rm_decision/src/rm_decision.cpp:1[m[K:
[01m[K/usr/include/eigen3/Eigen/src/Core/functors/AssignmentFunctors.h:[m[K In member function ‘[01m[Kbool rm_decision::RMDecision::getTargetPos(Eigen::Vector3d&)[m[K’:
[01m[K/usr/include/eigen3/Eigen/src/Core/functors/AssignmentFunctors.h:24:102:[m[K [01;35m[Kwarning: [m[K‘[01m[Knew_target.Eigen::Matrix<double, 3, 1, 0, 3, 1>::<unnamed>.Eigen::PlainObjectBase<Eigen::Matrix<double, 3, 1, 0, 3, 1> >::m_storage.Eigen::DenseStorage<double, 3, 3, 1, 0>::m_data.Eigen::internal::plain_array<double, 3, 0, 0>::array[2][m[K’ may be used uninitialized [[01;35m[K]8;;https://gcc.gnu.org/onlinedocs/gcc/Warning-Options.html#index-Wmaybe-uninitialized-Wmaybe-uninitialized]8;;[m[K]
   24 |   EIGEN_DEVICE_FUNC EIGEN_STRONG_INLINE void assignCoeff(DstScalar& a, const SrcScalar& b) const { [01;35m[Ka = b[m[K; }
      |                                                                                                    [01;35m[K~~^~~[m[K
[01m[K/home/sentry-nov/code/colcon_3/src/common/rm_decision/src/rm_decision.cpp:38:25:[m[K [01;36m[Knote: [m[K‘[01m[Knew_target.Eigen::Matrix<double, 3, 1, 0, 3, 1>::<unnamed>.Eigen::PlainObjectBase<Eigen::Matrix<double, 3, 1, 0, 3, 1> >::m_storage.Eigen::DenseStorage<double, 3, 3, 1, 0>::m_data.Eigen::internal::plain_array<double, 3, 0, 0>::array[2][m[K’ was declared here
   38 |         Eigen::Vector3d [01;36m[Knew_target[m[K;
      |                         [01;36m[K^~~~~~~~~~[m[K
In file included from [01m[K/usr/include/eigen3/Eigen/Core:257[m[K,
                 from [01m[K/usr/include/eigen3/Eigen/Dense:1[m[K,
                 from [01m[K/usr/include/eigen3/Eigen/Eigen:1[m[K,
                 from [01m[K/home/sentry-nov/code/colcon_3/src/common/rm_decision/include/rm_decision/polygon_region.h:7[m[K,
                 from [01m[K/home/sentry-nov/code/colcon_3/src/common/rm_decision/include/rm_decision/rm_decision.h:8[m[K,
                 from [01m[K/home/sentry-nov/code/colcon_3/src/common/rm_decision/src/rm_decision.cpp:1[m[K:
[01m[K/usr/include/eigen3/Eigen/src/Core/functors/AssignmentFunctors.h:[m[K In member function ‘[01m[Kbool rm_decision::RMDecision::getTargetPos(Eigen::Vector3d&)[m[K’:
[01m[K/usr/include/eigen3/Eigen/src/Core/functors/AssignmentFunctors.h:24:102:[m[K [01;35m[Kwarning: [m[K‘[01m[Knew_target.Eigen::Matrix<double, 3, 1, 0, 3, 1>::<unnamed>.Eigen::PlainObjectBase<Eigen::Matrix<double, 3, 1, 0, 3, 1> >::m_storage.Eigen::DenseStorage<double, 3, 3, 1, 0>::m_data.Eigen::internal::plain_array<double, 3, 0, 0>::array[2][m[K’ may be used uninitialized [[01;35m[K]8;;https://gcc.gnu.org/onlinedocs/gcc/Warning-Options.html#index-Wmaybe-uninitialized-Wmaybe-uninitialized]8;;[m[K]
   24 | INE void assignCoeff(DstScalar& a, const SrcScalar& b) const { [01;35m[Ka = b[m[K; }
      |                                                                [01;35m[K~~^~~[m[K

[01m[K/home/sentry-nov/code/colcon_3/src/common/rm_decision/src/rm_decision.cpp:38:25:[m[K [01;36m[Knote: [m[K‘[01m[Knew_target.Eigen::Matrix<double, 3, 1, 0, 3, 1>::<unnamed>.Eigen::PlainObjectBase<Eigen::Matrix<double, 3, 1, 0, 3, 1> >::m_storage.Eigen::DenseStorage<double, 3, 3, 1, 0>::m_data.Eigen::internal::plain_array<double, 3, 0, 0>::array[2][m[K’ was declared here
   38 |         Eigen::Vector3d [01;36m[Knew_target[m[K;
      |                         [01;36m[K^~~~~~~~~~[m[K
[ 83%] [32m[1mLinking CXX executable test_node[0m
[ 83%] Built target test_node
[100%] [32m[1mLinking CXX executable rm_decision_node[0m
[100%] Built target rm_decision_node
-- Install configuration: "Release"
-- Installing: /home/sentry-nov/code/colcon_3/install/rm_decision/lib/rm_decision/rm_decision_node
-- Set runtime path of "/home/sentry-nov/code/colcon_3/install/rm_decision/lib/rm_decision/rm_decision_node" to ""
-- Installing: /home/sentry-nov/code/colcon_3/install/rm_decision/lib/rm_decision/test_node
-- Set runtime path of "/home/sentry-nov/code/colcon_3/install/rm_decision/lib/rm_decision/test_node" to ""
-- Up-to-date: /home/sentry-nov/code/colcon_3/install/rm_decision/share/ament_index/resource_index/package_run_dependencies/rm_decision
-- Up-to-date: /home/sentry-nov/code/colcon_3/install/rm_decision/share/ament_index/resource_index/parent_prefix_path/rm_decision
-- Up-to-date: /home/sentry-nov/code/colcon_3/install/rm_decision/share/rm_decision/environment/ament_prefix_path.sh
-- Installing: /home/sentry-nov/code/colcon_3/install/rm_decision/share/rm_decision/environment/ament_prefix_path.dsv
-- Up-to-date: /home/sentry-nov/code/colcon_3/install/rm_decision/share/rm_decision/environment/path.sh
-- Installing: /home/sentry-nov/code/colcon_3/install/rm_decision/share/rm_decision/environment/path.dsv
-- Up-to-date: /home/sentry-nov/code/colcon_3/install/rm_decision/share/rm_decision/local_setup.bash
-- Up-to-date: /home/sentry-nov/code/colcon_3/install/rm_decision/share/rm_decision/local_setup.sh
-- Up-to-date: /home/sentry-nov/code/colcon_3/install/rm_decision/share/rm_decision/local_setup.zsh
-- Installing: /home/sentry-nov/code/colcon_3/install/rm_decision/share/rm_decision/local_setup.dsv
-- Installing: /home/sentry-nov/code/colcon_3/install/rm_decision/share/rm_decision/package.dsv
-- Up-to-date: /home/sentry-nov/code/colcon_3/install/rm_decision/share/ament_index/resource_index/packages/rm_decision
-- Up-to-date: /home/sentry-nov/code/colcon_3/install/rm_decision/share/rm_decision/cmake/rm_decisionConfig.cmake
-- Up-to-date: /home/sentry-nov/code/colcon_3/install/rm_decision/share/rm_decision/cmake/rm_decisionConfig-version.cmake
-- Up-to-date: /home/sentry-nov/code/colcon_3/install/rm_decision/share/rm_decision/package.xml
