[0.023s] Invoking command in '/home/sentry-nov/code/colcon_3/build/altitude_map': AMENT_PREFIX_PATH=/home/sentry-nov/code/colcon_3/install/debug_tools:${AMENT_PREFIX_PATH} CMAKE_PREFIX_PATH=/home/sentry-nov/code/colcon_3/install/debug_tools:/opt/ros/humble /usr/bin/cmake --build /home/sentry-nov/code/colcon_3/build/altitude_map -- -j12 -l12
[0.363s] [ 50%] Built target test_generate_cloud_node
[0.363s] [ 71%] Built target altitude_map
[0.424s] [ 85%] Built target test_global_node
[0.429s] [100%] Built target test_local_node
[0.444s] Invoked command in '/home/sentry-nov/code/colcon_3/build/altitude_map' returned '0': AMENT_PREFIX_PATH=/home/sentry-nov/code/colcon_3/install/debug_tools:${AMENT_PREFIX_PATH} CMAKE_PREFIX_PATH=/home/sentry-nov/code/colcon_3/install/debug_tools:/opt/ros/humble /usr/bin/cmake --build /home/sentry-nov/code/colcon_3/build/altitude_map -- -j12 -l12
[0.450s] Invoking command in '/home/sentry-nov/code/colcon_3/build/altitude_map': AMENT_PREFIX_PATH=/home/sentry-nov/code/colcon_3/install/debug_tools:${AMENT_PREFIX_PATH} CMAKE_PREFIX_PATH=/home/sentry-nov/code/colcon_3/install/debug_tools:/opt/ros/humble /usr/bin/cmake --install /home/sentry-nov/code/colcon_3/build/altitude_map
[0.460s] -- Install configuration: "Release"
[0.461s] -- Up-to-date: /home/sentry-nov/code/colcon_3/install/altitude_map/share/altitude_map/environment/library_path.sh
[0.461s] -- Up-to-date: /home/sentry-nov/code/colcon_3/install/altitude_map/share/altitude_map/environment/library_path.dsv
[0.461s] -- Up-to-date: /home/sentry-nov/code/colcon_3/install/altitude_map/include
[0.462s] -- Up-to-date: /home/sentry-nov/code/colcon_3/install/altitude_map/include/altitude_map
[0.462s] -- Up-to-date: /home/sentry-nov/code/colcon_3/install/altitude_map/include/altitude_map/prob
[0.462s] -- Up-to-date: /home/sentry-nov/code/colcon_3/install/altitude_map/include/altitude_map/prob/sliding_map.h
[0.462s] -- Up-to-date: /home/sentry-nov/code/colcon_3/install/altitude_map/include/altitude_map/prob/prob_map.h
[0.462s] -- Up-to-date: /home/sentry-nov/code/colcon_3/install/altitude_map/include/altitude_map/prob/prob_config.hpp
[0.462s] -- Up-to-date: /home/sentry-nov/code/colcon_3/install/altitude_map/include/altitude_map/prob/raycaster.h
[0.462s] -- Up-to-date: /home/sentry-nov/code/colcon_3/install/altitude_map/include/altitude_map/altitude_map.h
[0.462s] -- Up-to-date: /home/sentry-nov/code/colcon_3/install/altitude_map/include/altitude_map/local_map.h
[0.462s] -- Up-to-date: /home/sentry-nov/code/colcon_3/install/altitude_map/include/altitude_map/cloud_generator.h
[0.462s] -- Up-to-date: /home/sentry-nov/code/colcon_3/install/altitude_map/include/altitude_map/grid_map.h
[0.462s] -- Up-to-date: /home/sentry-nov/code/colcon_3/install/altitude_map/include/altitude_map/global_map.h
[0.466s] -- Up-to-date: /home/sentry-nov/code/colcon_3/install/altitude_map/lib/libaltitude_map.so
[0.470s] -- Up-to-date: /home/sentry-nov/code/colcon_3/install/altitude_map/lib/altitude_map/test_global_node
[0.472s] -- Up-to-date: /home/sentry-nov/code/colcon_3/install/altitude_map/lib/altitude_map/test_local_node
[0.476s] -- Up-to-date: /home/sentry-nov/code/colcon_3/install/altitude_map/lib/altitude_map/test_generate_cloud_node
[0.478s] -- Up-to-date: /home/sentry-nov/code/colcon_3/install/altitude_map/share/ament_index/resource_index/package_run_dependencies/altitude_map
[0.479s] -- Up-to-date: /home/sentry-nov/code/colcon_3/install/altitude_map/share/ament_index/resource_index/parent_prefix_path/altitude_map
[0.479s] -- Up-to-date: /home/sentry-nov/code/colcon_3/install/altitude_map/share/altitude_map/environment/ament_prefix_path.sh
[0.479s] -- Up-to-date: /home/sentry-nov/code/colcon_3/install/altitude_map/share/altitude_map/environment/ament_prefix_path.dsv
[0.479s] -- Up-to-date: /home/sentry-nov/code/colcon_3/install/altitude_map/share/altitude_map/environment/path.sh
[0.479s] -- Up-to-date: /home/sentry-nov/code/colcon_3/install/altitude_map/share/altitude_map/environment/path.dsv
[0.479s] -- Up-to-date: /home/sentry-nov/code/colcon_3/install/altitude_map/share/altitude_map/local_setup.bash
[0.480s] -- Up-to-date: /home/sentry-nov/code/colcon_3/install/altitude_map/share/altitude_map/local_setup.sh
[0.480s] -- Up-to-date: /home/sentry-nov/code/colcon_3/install/altitude_map/share/altitude_map/local_setup.zsh
[0.480s] -- Up-to-date: /home/sentry-nov/code/colcon_3/install/altitude_map/share/altitude_map/local_setup.dsv
[0.480s] -- Installing: /home/sentry-nov/code/colcon_3/install/altitude_map/share/altitude_map/package.dsv
[0.481s] -- Up-to-date: /home/sentry-nov/code/colcon_3/install/altitude_map/share/ament_index/resource_index/packages/altitude_map
[0.482s] -- Up-to-date: /home/sentry-nov/code/colcon_3/install/altitude_map/share/altitude_map/cmake/ament_cmake_export_include_directories-extras.cmake
[0.482s] -- Up-to-date: /home/sentry-nov/code/colcon_3/install/altitude_map/share/altitude_map/cmake/ament_cmake_export_libraries-extras.cmake
[0.482s] -- Up-to-date: /home/sentry-nov/code/colcon_3/install/altitude_map/share/altitude_map/cmake/altitude_mapConfig.cmake
[0.482s] -- Up-to-date: /home/sentry-nov/code/colcon_3/install/altitude_map/share/altitude_map/cmake/altitude_mapConfig-version.cmake
[0.482s] -- Up-to-date: /home/sentry-nov/code/colcon_3/install/altitude_map/share/altitude_map/package.xml
[0.484s] Invoked command in '/home/sentry-nov/code/colcon_3/build/altitude_map' returned '0': AMENT_PREFIX_PATH=/home/sentry-nov/code/colcon_3/install/debug_tools:${AMENT_PREFIX_PATH} CMAKE_PREFIX_PATH=/home/sentry-nov/code/colcon_3/install/debug_tools:/opt/ros/humble /usr/bin/cmake --install /home/sentry-nov/code/colcon_3/build/altitude_map
