[0.027s] Invoking command in '/home/sentry-nov/code/colcon_3/build/rm_serial': CMAKE_PREFIX_PATH=/home/sentry-nov/code/colcon_3/install/rm_interface:/home/sentry-nov/code/colcon_3/install/debug_tools:/home/sentry-nov/code/colcon_3/install/tilted_lidar:/home/sentry-nov/code/colcon_3/install/rviz_plugin:/home/sentry-nov/code/colcon_3/install/robot_decision_system:/home/sentry-nov/code/colcon_3/install/rm_serial:/home/sentry-nov/code/colcon_3/install/rm_decision:/home/sentry-nov/code/colcon_3/install/motion_planning:/home/sentry-nov/code/colcon_3/install/path_planning:/home/sentry-nov/code/colcon_3/install/ikd_tree_mapping:/home/sentry-nov/code/colcon_3/install/point_lio:/home/sentry-nov/code/colcon_3/install/m_detector:/home/sentry-nov/code/colcon_3/install/fast_lio:/home/sentry-nov/code/colcon_3/install/livox_ros_driver2:/home/sentry-nov/code/colcon_3/install/icp_relocalization:/home/sentry-nov/code/colcon_3/install/altitude_map:/home/sentry-nov/code/colcon_3/install/auto_start:/opt/ros/humble LD_LIBRARY_PATH=/home/sentry-nov/code/colcon_3/install/rm_interface/lib:/home/sentry-nov/code/colcon_3/install/robot_decision_system/lib:/home/sentry-nov/code/colcon_3/install/path_planning/lib:/home/sentry-nov/code/colcon_3/install/m_detector/lib:/home/sentry-nov/code/colcon_3/install/fast_lio/lib:/home/sentry-nov/code/colcon_3/install/livox_ros_driver2/lib:/home/sentry-nov/code/colcon_3/install/altitude_map/lib:/usr/local/lib:/opt/ros/humble/opt/rviz_ogre_vendor/lib:/opt/ros/humble/lib/x86_64-linux-gnu:/opt/ros/humble/lib /usr/bin/cmake --build /home/sentry-nov/code/colcon_3/build/rm_serial -- -j12 -l12
[0.140s] [35m[1mConsolidate compiler generated dependencies of target rm_serial_rec_command_node[0m
[0.158s] [ 60%] Built target rm_serial_handle_datas_test
[0.158s] [ 60%] Built target serial_reader_test
[0.158s] [ 60%] Built target crc_test
[0.161s] [ 80%] Built target serial_reader_reconnection_test
[0.176s] [ 90%] [32mBuilding CXX object CMakeFiles/rm_serial_rec_command_node.dir/src/rec_command.cpp.o[0m
[10.719s] [100%] [32m[1mLinking CXX executable rm_serial_rec_command_node[0m
[11.089s] [100%] Built target rm_serial_rec_command_node
[11.105s] Invoked command in '/home/sentry-nov/code/colcon_3/build/rm_serial' returned '0': CMAKE_PREFIX_PATH=/home/sentry-nov/code/colcon_3/install/rm_interface:/home/sentry-nov/code/colcon_3/install/debug_tools:/home/sentry-nov/code/colcon_3/install/tilted_lidar:/home/sentry-nov/code/colcon_3/install/rviz_plugin:/home/sentry-nov/code/colcon_3/install/robot_decision_system:/home/sentry-nov/code/colcon_3/install/rm_serial:/home/sentry-nov/code/colcon_3/install/rm_decision:/home/sentry-nov/code/colcon_3/install/motion_planning:/home/sentry-nov/code/colcon_3/install/path_planning:/home/sentry-nov/code/colcon_3/install/ikd_tree_mapping:/home/sentry-nov/code/colcon_3/install/point_lio:/home/sentry-nov/code/colcon_3/install/m_detector:/home/sentry-nov/code/colcon_3/install/fast_lio:/home/sentry-nov/code/colcon_3/install/livox_ros_driver2:/home/sentry-nov/code/colcon_3/install/icp_relocalization:/home/sentry-nov/code/colcon_3/install/altitude_map:/home/sentry-nov/code/colcon_3/install/auto_start:/opt/ros/humble LD_LIBRARY_PATH=/home/sentry-nov/code/colcon_3/install/rm_interface/lib:/home/sentry-nov/code/colcon_3/install/robot_decision_system/lib:/home/sentry-nov/code/colcon_3/install/path_planning/lib:/home/sentry-nov/code/colcon_3/install/m_detector/lib:/home/sentry-nov/code/colcon_3/install/fast_lio/lib:/home/sentry-nov/code/colcon_3/install/livox_ros_driver2/lib:/home/sentry-nov/code/colcon_3/install/altitude_map/lib:/usr/local/lib:/opt/ros/humble/opt/rviz_ogre_vendor/lib:/opt/ros/humble/lib/x86_64-linux-gnu:/opt/ros/humble/lib /usr/bin/cmake --build /home/sentry-nov/code/colcon_3/build/rm_serial -- -j12 -l12
[11.108s] Invoking command in '/home/sentry-nov/code/colcon_3/build/rm_serial': CMAKE_PREFIX_PATH=/home/sentry-nov/code/colcon_3/install/rm_interface:/home/sentry-nov/code/colcon_3/install/debug_tools:/home/sentry-nov/code/colcon_3/install/tilted_lidar:/home/sentry-nov/code/colcon_3/install/rviz_plugin:/home/sentry-nov/code/colcon_3/install/robot_decision_system:/home/sentry-nov/code/colcon_3/install/rm_serial:/home/sentry-nov/code/colcon_3/install/rm_decision:/home/sentry-nov/code/colcon_3/install/motion_planning:/home/sentry-nov/code/colcon_3/install/path_planning:/home/sentry-nov/code/colcon_3/install/ikd_tree_mapping:/home/sentry-nov/code/colcon_3/install/point_lio:/home/sentry-nov/code/colcon_3/install/m_detector:/home/sentry-nov/code/colcon_3/install/fast_lio:/home/sentry-nov/code/colcon_3/install/livox_ros_driver2:/home/sentry-nov/code/colcon_3/install/icp_relocalization:/home/sentry-nov/code/colcon_3/install/altitude_map:/home/sentry-nov/code/colcon_3/install/auto_start:/opt/ros/humble LD_LIBRARY_PATH=/home/sentry-nov/code/colcon_3/install/rm_interface/lib:/home/sentry-nov/code/colcon_3/install/robot_decision_system/lib:/home/sentry-nov/code/colcon_3/install/path_planning/lib:/home/sentry-nov/code/colcon_3/install/m_detector/lib:/home/sentry-nov/code/colcon_3/install/fast_lio/lib:/home/sentry-nov/code/colcon_3/install/livox_ros_driver2/lib:/home/sentry-nov/code/colcon_3/install/altitude_map/lib:/usr/local/lib:/opt/ros/humble/opt/rviz_ogre_vendor/lib:/opt/ros/humble/lib/x86_64-linux-gnu:/opt/ros/humble/lib /usr/bin/cmake --install /home/sentry-nov/code/colcon_3/build/rm_serial
[11.121s] -- Install configuration: "Release"
[11.123s] -- Installing: /home/sentry-nov/code/colcon_3/install/rm_serial/lib/rm_serial/rm_serial_rec_command_node
[11.125s] -- Set runtime path of "/home/sentry-nov/code/colcon_3/install/rm_serial/lib/rm_serial/rm_serial_rec_command_node" to ""
[11.126s] -- Up-to-date: /home/sentry-nov/code/colcon_3/install/rm_serial/lib/rm_serial/rm_serial_handle_datas_test
[11.127s] -- Up-to-date: /home/sentry-nov/code/colcon_3/install/rm_serial/lib/rm_serial/crc_test
[11.130s] -- Up-to-date: /home/sentry-nov/code/colcon_3/install/rm_serial/lib/rm_serial/serial_reader_test
[11.132s] -- Up-to-date: /home/sentry-nov/code/colcon_3/install/rm_serial/lib/rm_serial/serial_reader_reconnection_test
[11.132s] -- Up-to-date: /home/sentry-nov/code/colcon_3/install/rm_serial/share/ament_index/resource_index/package_run_dependencies/rm_serial
[11.132s] -- Up-to-date: /home/sentry-nov/code/colcon_3/install/rm_serial/share/ament_index/resource_index/parent_prefix_path/rm_serial
[11.132s] -- Up-to-date: /home/sentry-nov/code/colcon_3/install/rm_serial/share/rm_serial/environment/ament_prefix_path.sh
[11.132s] -- Up-to-date: /home/sentry-nov/code/colcon_3/install/rm_serial/share/rm_serial/environment/ament_prefix_path.dsv
[11.133s] -- Up-to-date: /home/sentry-nov/code/colcon_3/install/rm_serial/share/rm_serial/environment/path.sh
[11.133s] -- Up-to-date: /home/sentry-nov/code/colcon_3/install/rm_serial/share/rm_serial/environment/path.dsv
[11.133s] -- Up-to-date: /home/sentry-nov/code/colcon_3/install/rm_serial/share/rm_serial/local_setup.bash
[11.133s] -- Up-to-date: /home/sentry-nov/code/colcon_3/install/rm_serial/share/rm_serial/local_setup.sh
[11.133s] -- Up-to-date: /home/sentry-nov/code/colcon_3/install/rm_serial/share/rm_serial/local_setup.zsh
[11.133s] -- Up-to-date: /home/sentry-nov/code/colcon_3/install/rm_serial/share/rm_serial/local_setup.dsv
[11.133s] -- Installing: /home/sentry-nov/code/colcon_3/install/rm_serial/share/rm_serial/package.dsv
[11.133s] -- Up-to-date: /home/sentry-nov/code/colcon_3/install/rm_serial/share/ament_index/resource_index/packages/rm_serial
[11.134s] -- Up-to-date: /home/sentry-nov/code/colcon_3/install/rm_serial/share/rm_serial/cmake/rm_serialConfig.cmake
[11.134s] -- Up-to-date: /home/sentry-nov/code/colcon_3/install/rm_serial/share/rm_serial/cmake/rm_serialConfig-version.cmake
[11.134s] -- Up-to-date: /home/sentry-nov/code/colcon_3/install/rm_serial/share/rm_serial/package.xml
[11.136s] Invoked command in '/home/sentry-nov/code/colcon_3/build/rm_serial' returned '0': CMAKE_PREFIX_PATH=/home/sentry-nov/code/colcon_3/install/rm_interface:/home/sentry-nov/code/colcon_3/install/debug_tools:/home/sentry-nov/code/colcon_3/install/tilted_lidar:/home/sentry-nov/code/colcon_3/install/rviz_plugin:/home/sentry-nov/code/colcon_3/install/robot_decision_system:/home/sentry-nov/code/colcon_3/install/rm_serial:/home/sentry-nov/code/colcon_3/install/rm_decision:/home/sentry-nov/code/colcon_3/install/motion_planning:/home/sentry-nov/code/colcon_3/install/path_planning:/home/sentry-nov/code/colcon_3/install/ikd_tree_mapping:/home/sentry-nov/code/colcon_3/install/point_lio:/home/sentry-nov/code/colcon_3/install/m_detector:/home/sentry-nov/code/colcon_3/install/fast_lio:/home/sentry-nov/code/colcon_3/install/livox_ros_driver2:/home/sentry-nov/code/colcon_3/install/icp_relocalization:/home/sentry-nov/code/colcon_3/install/altitude_map:/home/sentry-nov/code/colcon_3/install/auto_start:/opt/ros/humble LD_LIBRARY_PATH=/home/sentry-nov/code/colcon_3/install/rm_interface/lib:/home/sentry-nov/code/colcon_3/install/robot_decision_system/lib:/home/sentry-nov/code/colcon_3/install/path_planning/lib:/home/sentry-nov/code/colcon_3/install/m_detector/lib:/home/sentry-nov/code/colcon_3/install/fast_lio/lib:/home/sentry-nov/code/colcon_3/install/livox_ros_driver2/lib:/home/sentry-nov/code/colcon_3/install/altitude_map/lib:/usr/local/lib:/opt/ros/humble/opt/rviz_ogre_vendor/lib:/opt/ros/humble/lib/x86_64-linux-gnu:/opt/ros/humble/lib /usr/bin/cmake --install /home/sentry-nov/code/colcon_3/build/rm_serial
