[0.024s] Invoking command in '/home/sentry-nov/code/colcon_3/build/icp_relocalization': CMAKE_PREFIX_PATH=/home/sentry-nov/code/colcon_3/install/debug_tools:/home/sentry-nov/code/colcon_3/install/tilted_lidar:/home/sentry-nov/code/colcon_3/install/rviz_plugin:/home/sentry-nov/code/colcon_3/install/robot_decision_system:/home/sentry-nov/code/colcon_3/install/rm_serial:/home/sentry-nov/code/colcon_3/install/rm_decision:/home/sentry-nov/code/colcon_3/install/motion_planning:/home/sentry-nov/code/colcon_3/install/path_planning:/home/sentry-nov/code/colcon_3/install/path_motion_planning:/home/sentry-nov/code/colcon_3/install/ikd_tree_mapping:/home/sentry-nov/code/colcon_3/install/rm_interface:/home/sentry-nov/code/colcon_3/install/point_lio:/home/sentry-nov/code/colcon_3/install/m_detector:/home/sentry-nov/code/colcon_3/install/fast_lio:/home/sentry-nov/code/colcon_3/install/livox_ros_driver2:/home/sentry-nov/code/colcon_3/install/icp_relocalization:/home/sentry-nov/code/colcon_3/install/altitude_map:/home/sentry-nov/code/colcon_3/install/auto_start:/opt/ros/humble /usr/bin/cmake --build /home/sentry-nov/code/colcon_3/build/icp_relocalization -- -j12 -l12
[0.112s] [35m[1mConsolidate compiler generated dependencies of target icp_relocalization_sync_node[0m
[0.123s] [ 25%] Built target gravity_node
[0.129s] [ 50%] Built target virtual_icp_node
[0.136s] [ 75%] Built target icp_relocalization_node
[0.168s] [ 87%] [32mBuilding CXX object CMakeFiles/icp_relocalization_sync_node.dir/src/icp_relocalization_sync.cpp.o[0m
[1.786s] In file included from [01m[K/home/sentry-nov/code/colcon_3/src/slam/icp_relocalization/include/icp_relocalization/icp_relocalization_sync.h:10[m[K,
[1.786s]                  from [01m[K/home/sentry-nov/code/colcon_3/src/slam/icp_relocalization/src/icp_relocalization_sync.cpp:1[m[K:
[1.786s] [01m[K/usr/local/include/small_gicp/registration/reduction_omp.hpp:10:2:[m[K [01;35m[Kwarning: [m[K#warning "OpenMP is not available. Parallel reduction will be disabled." [[01;35m[K]8;;https://gcc.gnu.org/onlinedocs/gcc/Warning-Options.html#index-Wcpp-Wcpp]8;;[m[K]
[1.787s]    10 | #[01;35m[Kwarning[m[K "OpenMP is not available. Parallel reduction will be disabled."
[1.787s]       |  [01;35m[K^~~~~~~[m[K
[34.066s] [100%] [32m[1mLinking CXX executable icp_relocalization_sync_node[0m
[34.813s] [100%] Built target icp_relocalization_sync_node
[34.829s] Invoked command in '/home/sentry-nov/code/colcon_3/build/icp_relocalization' returned '0': CMAKE_PREFIX_PATH=/home/sentry-nov/code/colcon_3/install/debug_tools:/home/sentry-nov/code/colcon_3/install/tilted_lidar:/home/sentry-nov/code/colcon_3/install/rviz_plugin:/home/sentry-nov/code/colcon_3/install/robot_decision_system:/home/sentry-nov/code/colcon_3/install/rm_serial:/home/sentry-nov/code/colcon_3/install/rm_decision:/home/sentry-nov/code/colcon_3/install/motion_planning:/home/sentry-nov/code/colcon_3/install/path_planning:/home/sentry-nov/code/colcon_3/install/path_motion_planning:/home/sentry-nov/code/colcon_3/install/ikd_tree_mapping:/home/sentry-nov/code/colcon_3/install/rm_interface:/home/sentry-nov/code/colcon_3/install/point_lio:/home/sentry-nov/code/colcon_3/install/m_detector:/home/sentry-nov/code/colcon_3/install/fast_lio:/home/sentry-nov/code/colcon_3/install/livox_ros_driver2:/home/sentry-nov/code/colcon_3/install/icp_relocalization:/home/sentry-nov/code/colcon_3/install/altitude_map:/home/sentry-nov/code/colcon_3/install/auto_start:/opt/ros/humble /usr/bin/cmake --build /home/sentry-nov/code/colcon_3/build/icp_relocalization -- -j12 -l12
[34.837s] Invoking command in '/home/sentry-nov/code/colcon_3/build/icp_relocalization': CMAKE_PREFIX_PATH=/home/sentry-nov/code/colcon_3/install/debug_tools:/home/sentry-nov/code/colcon_3/install/tilted_lidar:/home/sentry-nov/code/colcon_3/install/rviz_plugin:/home/sentry-nov/code/colcon_3/install/robot_decision_system:/home/sentry-nov/code/colcon_3/install/rm_serial:/home/sentry-nov/code/colcon_3/install/rm_decision:/home/sentry-nov/code/colcon_3/install/motion_planning:/home/sentry-nov/code/colcon_3/install/path_planning:/home/sentry-nov/code/colcon_3/install/path_motion_planning:/home/sentry-nov/code/colcon_3/install/ikd_tree_mapping:/home/sentry-nov/code/colcon_3/install/rm_interface:/home/sentry-nov/code/colcon_3/install/point_lio:/home/sentry-nov/code/colcon_3/install/m_detector:/home/sentry-nov/code/colcon_3/install/fast_lio:/home/sentry-nov/code/colcon_3/install/livox_ros_driver2:/home/sentry-nov/code/colcon_3/install/icp_relocalization:/home/sentry-nov/code/colcon_3/install/altitude_map:/home/sentry-nov/code/colcon_3/install/auto_start:/opt/ros/humble /usr/bin/cmake --install /home/sentry-nov/code/colcon_3/build/icp_relocalization
[34.845s] -- Install configuration: "Release"
[34.849s] -- Up-to-date: /home/sentry-nov/code/colcon_3/install/icp_relocalization/lib/icp_relocalization/icp_relocalization_node
[34.850s] -- Installing: /home/sentry-nov/code/colcon_3/install/icp_relocalization/lib/icp_relocalization/icp_relocalization_sync_node
[34.854s] -- Set runtime path of "/home/sentry-nov/code/colcon_3/install/icp_relocalization/lib/icp_relocalization/icp_relocalization_sync_node" to ""
[34.855s] -- Up-to-date: /home/sentry-nov/code/colcon_3/install/icp_relocalization/lib/icp_relocalization/gravity_node
[34.858s] -- Up-to-date: /home/sentry-nov/code/colcon_3/install/icp_relocalization/lib/icp_relocalization/virtual_icp_node
[34.858s] -- Up-to-date: /home/sentry-nov/code/colcon_3/install/icp_relocalization/share/ament_index/resource_index/package_run_dependencies/icp_relocalization
[34.858s] -- Up-to-date: /home/sentry-nov/code/colcon_3/install/icp_relocalization/share/ament_index/resource_index/parent_prefix_path/icp_relocalization
[34.859s] -- Up-to-date: /home/sentry-nov/code/colcon_3/install/icp_relocalization/share/icp_relocalization/environment/ament_prefix_path.sh
[34.859s] -- Up-to-date: /home/sentry-nov/code/colcon_3/install/icp_relocalization/share/icp_relocalization/environment/ament_prefix_path.dsv
[34.859s] -- Up-to-date: /home/sentry-nov/code/colcon_3/install/icp_relocalization/share/icp_relocalization/environment/path.sh
[34.859s] -- Up-to-date: /home/sentry-nov/code/colcon_3/install/icp_relocalization/share/icp_relocalization/environment/path.dsv
[34.859s] -- Up-to-date: /home/sentry-nov/code/colcon_3/install/icp_relocalization/share/icp_relocalization/local_setup.bash
[34.859s] -- Up-to-date: /home/sentry-nov/code/colcon_3/install/icp_relocalization/share/icp_relocalization/local_setup.sh
[34.859s] -- Up-to-date: /home/sentry-nov/code/colcon_3/install/icp_relocalization/share/icp_relocalization/local_setup.zsh
[34.859s] -- Up-to-date: /home/sentry-nov/code/colcon_3/install/icp_relocalization/share/icp_relocalization/local_setup.dsv
[34.859s] -- Installing: /home/sentry-nov/code/colcon_3/install/icp_relocalization/share/icp_relocalization/package.dsv
[34.859s] -- Up-to-date: /home/sentry-nov/code/colcon_3/install/icp_relocalization/share/ament_index/resource_index/packages/icp_relocalization
[34.859s] -- Up-to-date: /home/sentry-nov/code/colcon_3/install/icp_relocalization/share/icp_relocalization/cmake/icp_relocalizationConfig.cmake
[34.859s] -- Up-to-date: /home/sentry-nov/code/colcon_3/install/icp_relocalization/share/icp_relocalization/cmake/icp_relocalizationConfig-version.cmake
[34.859s] -- Up-to-date: /home/sentry-nov/code/colcon_3/install/icp_relocalization/share/icp_relocalization/package.xml
[34.862s] Invoked command in '/home/sentry-nov/code/colcon_3/build/icp_relocalization' returned '0': CMAKE_PREFIX_PATH=/home/sentry-nov/code/colcon_3/install/debug_tools:/home/sentry-nov/code/colcon_3/install/tilted_lidar:/home/sentry-nov/code/colcon_3/install/rviz_plugin:/home/sentry-nov/code/colcon_3/install/robot_decision_system:/home/sentry-nov/code/colcon_3/install/rm_serial:/home/sentry-nov/code/colcon_3/install/rm_decision:/home/sentry-nov/code/colcon_3/install/motion_planning:/home/sentry-nov/code/colcon_3/install/path_planning:/home/sentry-nov/code/colcon_3/install/path_motion_planning:/home/sentry-nov/code/colcon_3/install/ikd_tree_mapping:/home/sentry-nov/code/colcon_3/install/rm_interface:/home/sentry-nov/code/colcon_3/install/point_lio:/home/sentry-nov/code/colcon_3/install/m_detector:/home/sentry-nov/code/colcon_3/install/fast_lio:/home/sentry-nov/code/colcon_3/install/livox_ros_driver2:/home/sentry-nov/code/colcon_3/install/icp_relocalization:/home/sentry-nov/code/colcon_3/install/altitude_map:/home/sentry-nov/code/colcon_3/install/auto_start:/opt/ros/humble /usr/bin/cmake --install /home/sentry-nov/code/colcon_3/build/icp_relocalization
