-- Found ament_cmake: 1.3.11 (/opt/ros/humble/share/ament_cmake/cmake)
-- Found rclcpp: 16.0.11 (/opt/ros/humble/share/rclcpp/cmake)
-- Found rosidl_generator_c: 3.1.6 (/opt/ros/humble/share/rosidl_generator_c/cmake)
-- Found rosidl_adapter: 3.1.6 (/opt/ros/humble/share/rosidl_adapter/cmake)
-- Found rosidl_generator_cpp: 3.1.6 (/opt/ros/humble/share/rosidl_generator_cpp/cmake)
-- Using all available rosidl_typesupport_c: rosidl_typesupport_fastrtps_c;rosidl_typesupport_introspection_c
-- Using all available rosidl_typesupport_cpp: rosidl_typesupport_fastrtps_cpp;rosidl_typesupport_introspection_cpp
-- Found rmw_implementation_cmake: 6.1.2 (/opt/ros/humble/share/rmw_implementation_cmake/cmake)
-- Found rmw_fastrtps_cpp: 6.2.7 (/opt/ros/humble/share/rmw_fastrtps_cpp/cmake)
-- Using RMW implementation 'rmw_fastrtps_cpp' as default
-- Found sensor_msgs: 4.2.4 (/opt/ros/humble/share/sensor_msgs/cmake)
-- Found nav_msgs: 4.2.4 (/opt/ros/humble/share/nav_msgs/cmake)
-- Found pcl_ros: 2.4.5 (/opt/ros/humble/share/pcl_ros/cmake)
-- Eigen found (include: /usr/include/eigen3, version: 3.4.0)
-- FLANN found (include: /usr/include, lib: /usr/lib/x86_64-linux-gnu/libflann_cpp.so)
-- OpenNI found (version: 1.5.4.0, include: /usr/include/ni, lib: /usr/lib/libOpenNI.so;libusb::libusb)
-- OpenNI2 found (version: 2.2.0.33, include: /usr/include/openni2, lib: /usr/lib/x86_64-linux-gnu/libOpenNI2.so;libusb::libusb)
-- Eigen found (include: /usr/include/eigen3, version: 3.4.0)
-- OpenNI found (version: 1.5.4.0, include: /usr/include/ni, lib: /usr/lib/libOpenNI.so;libusb::libusb)
-- OpenNI2 found (version: 2.2.0.33, include: /usr/include/openni2, lib: /usr/lib/x86_64-linux-gnu/libOpenNI2.so;libusb::libusb)
-- Found Qhull version 8.0.2
-- OpenNI found (version: 1.5.4.0, include: /usr/include/ni, lib: /usr/lib/libOpenNI.so;libusb::libusb)
-- Found eigen3_cmake_module: 0.1.1 (/opt/ros/humble/share/eigen3_cmake_module/cmake)
-- Ensuring Eigen3 include directory is part of orocos-kdl CMake target
-- Found debug_tools: 0.0.0 (/home/sentry-nov/code/colcon_3/install/debug_tools/share/debug_tools/cmake)
-- Configuring done
-- Generating done
-- Build files have been written to: /home/sentry-nov/code/colcon_3/build/altitude_map
[35m[1mConsolidate compiler generated dependencies of target test_generate_cloud_node[0m
[35m[1mConsolidate compiler generated dependencies of target altitude_map[0m
[  7%] [32mBuilding CXX object CMakeFiles/test_generate_cloud_node.dir/test/generate_cloud.cpp.o[0m
[ 14%] [32mBuilding CXX object CMakeFiles/altitude_map.dir/src/prob/sliding_map.cpp.o[0m
[ 21%] [32mBuilding CXX object CMakeFiles/altitude_map.dir/src/prob/raycaster.cpp.o[0m
[ 28%] [32mBuilding CXX object CMakeFiles/altitude_map.dir/src/prob/prob_map.cpp.o[0m
[ 35%] [32mBuilding CXX object CMakeFiles/altitude_map.dir/src/altitude_map.cpp.o[0m
[ 42%] [32mBuilding CXX object CMakeFiles/altitude_map.dir/src/grid_map.cpp.o[0m
[ 50%] [32mBuilding CXX object CMakeFiles/altitude_map.dir/src/local_map.cpp.o[0m
[ 57%] [32mBuilding CXX object CMakeFiles/altitude_map.dir/src/global_map.cpp.o[0m
[ 64%] [32m[1mLinking CXX shared library libaltitude_map.so[0m
[ 64%] Built target altitude_map
[35m[1mConsolidate compiler generated dependencies of target test_local_node[0m
[35m[1mConsolidate compiler generated dependencies of target test_global_node[0m
[ 71%] [32mBuilding CXX object CMakeFiles/test_local_node.dir/test/local_node.cpp.o[0m
[ 78%] [32mBuilding CXX object CMakeFiles/test_global_node.dir/test/global_node.cpp.o[0m
[ 85%] [32m[1mLinking CXX executable test_generate_cloud_node[0m
[ 85%] Built target test_generate_cloud_node
[ 92%] [32m[1mLinking CXX executable test_global_node[0m
[ 92%] Built target test_global_node
[100%] [32m[1mLinking CXX executable test_local_node[0m
[100%] Built target test_local_node
