-- Processor number:  12
-- core for MP:  3
-- Found ament_cmake: 1.3.11 (/opt/ros/humble/share/ament_cmake/cmake)
-- Found rclcpp: 16.0.11 (/opt/ros/humble/share/rclcpp/cmake)
-- Found rosidl_generator_c: 3.1.6 (/opt/ros/humble/share/rosidl_generator_c/cmake)
-- Found rosidl_adapter: 3.1.6 (/opt/ros/humble/share/rosidl_adapter/cmake)
-- Found rosidl_generator_cpp: 3.1.6 (/opt/ros/humble/share/rosidl_generator_cpp/cmake)
-- Using all available rosidl_typesupport_c: rosidl_typesupport_fastrtps_c;rosidl_typesupport_introspection_c
-- Using all available rosidl_typesupport_cpp: rosidl_typesupport_fastrtps_cpp;rosidl_typesupport_introspection_cpp
-- Found rmw_implementation_cmake: 6.1.2 (/opt/ros/humble/share/rmw_implementation_cmake/cmake)
-- Found rmw_fastrtps_cpp: 6.2.7 (/opt/ros/humble/share/rmw_fastrtps_cpp/cmake)
-- Using RMW implementation 'rmw_fastrtps_cpp' as default
-- Found rclpy: 3.3.15 (/opt/ros/humble/share/rclpy/cmake)
-- Found geometry_msgs: 4.2.4 (/opt/ros/humble/share/geometry_msgs/cmake)
-- Found nav_msgs: 4.2.4 (/opt/ros/humble/share/nav_msgs/cmake)
-- Found sensor_msgs: 4.2.4 (/opt/ros/humble/share/sensor_msgs/cmake)
-- Found visualization_msgs: 4.2.4 (/opt/ros/humble/share/visualization_msgs/cmake)
-- Found pcl_ros: 2.4.5 (/opt/ros/humble/share/pcl_ros/cmake)
-- Eigen found (include: /usr/include/eigen3, version: 3.4.0)
-- FLANN found (include: /usr/include, lib: /usr/lib/x86_64-linux-gnu/libflann_cpp.so)
-- OpenNI found (version: 1.5.4.0, include: /usr/include/ni, lib: /usr/lib/libOpenNI.so;libusb::libusb)
-- OpenNI2 found (version: 2.2.0.33, include: /usr/include/openni2, lib: /usr/lib/x86_64-linux-gnu/libOpenNI2.so;libusb::libusb)
-- Eigen found (include: /usr/include/eigen3, version: 3.4.0)
-- OpenNI found (version: 1.5.4.0, include: /usr/include/ni, lib: /usr/lib/libOpenNI.so;libusb::libusb)
-- OpenNI2 found (version: 2.2.0.33, include: /usr/include/openni2, lib: /usr/lib/x86_64-linux-gnu/libOpenNI2.so;libusb::libusb)
-- Found Qhull version 8.0.2
-- OpenNI found (version: 1.5.4.0, include: /usr/include/ni, lib: /usr/lib/libOpenNI.so;libusb::libusb)
-- Found eigen3_cmake_module: 0.1.1 (/opt/ros/humble/share/eigen3_cmake_module/cmake)
-- Ensuring Eigen3 include directory is part of orocos-kdl CMake target
-- Found livox_ros_driver2: 1.0.0 (/home/sentry-nov/code/colcon_3/install/livox_ros_driver2/share/livox_ros_driver2/cmake)
-- Configuring done
-- Generating done
-- Build files have been written to: /home/sentry-nov/code/colcon_3/build/point_lio
[35m[1mConsolidate compiler generated dependencies of target pointlio_mapping[0m
[100%] Built target pointlio_mapping
-- Install configuration: "Release"
-- Installing: /home/sentry-nov/code/colcon_3/install/point_lio/lib/point_lio/pointlio_mapping
-- Set runtime path of "/home/sentry-nov/code/colcon_3/install/point_lio/lib/point_lio/pointlio_mapping" to ""
-- Up-to-date: /home/sentry-nov/code/colcon_3/install/point_lio/share/point_lio/config
-- Installing: /home/sentry-nov/code/colcon_3/install/point_lio/share/point_lio/config/ouster64.yaml
-- Installing: /home/sentry-nov/code/colcon_3/install/point_lio/share/point_lio/config/avia.yaml
-- Installing: /home/sentry-nov/code/colcon_3/install/point_lio/share/point_lio/config/velody16.yaml
-- Installing: /home/sentry-nov/code/colcon_3/install/point_lio/share/point_lio/config/mid360.yaml
-- Installing: /home/sentry-nov/code/colcon_3/install/point_lio/share/point_lio/config/horizon.yaml
-- Up-to-date: /home/sentry-nov/code/colcon_3/install/point_lio/share/point_lio/launch
-- Installing: /home/sentry-nov/code/colcon_3/install/point_lio/share/point_lio/launch/point_lio.launch.py
-- Up-to-date: /home/sentry-nov/code/colcon_3/install/point_lio/share/point_lio/rviz_cfg
-- Installing: /home/sentry-nov/code/colcon_3/install/point_lio/share/point_lio/rviz_cfg/loam_livox.rviz
-- Installing: /home/sentry-nov/code/colcon_3/install/point_lio/share/point_lio/rviz_cfg/.gitignore
-- Up-to-date: /home/sentry-nov/code/colcon_3/install/point_lio/share/ament_index/resource_index/package_run_dependencies/point_lio
-- Installing: /home/sentry-nov/code/colcon_3/install/point_lio/share/ament_index/resource_index/parent_prefix_path/point_lio
-- Up-to-date: /home/sentry-nov/code/colcon_3/install/point_lio/share/point_lio/environment/ament_prefix_path.sh
-- Installing: /home/sentry-nov/code/colcon_3/install/point_lio/share/point_lio/environment/ament_prefix_path.dsv
-- Up-to-date: /home/sentry-nov/code/colcon_3/install/point_lio/share/point_lio/environment/path.sh
-- Installing: /home/sentry-nov/code/colcon_3/install/point_lio/share/point_lio/environment/path.dsv
-- Up-to-date: /home/sentry-nov/code/colcon_3/install/point_lio/share/point_lio/local_setup.bash
-- Up-to-date: /home/sentry-nov/code/colcon_3/install/point_lio/share/point_lio/local_setup.sh
-- Up-to-date: /home/sentry-nov/code/colcon_3/install/point_lio/share/point_lio/local_setup.zsh
-- Installing: /home/sentry-nov/code/colcon_3/install/point_lio/share/point_lio/local_setup.dsv
-- Installing: /home/sentry-nov/code/colcon_3/install/point_lio/share/point_lio/package.dsv
-- Up-to-date: /home/sentry-nov/code/colcon_3/install/point_lio/share/ament_index/resource_index/packages/point_lio
-- Up-to-date: /home/sentry-nov/code/colcon_3/install/point_lio/share/point_lio/cmake/ament_cmake_export_dependencies-extras.cmake
-- Up-to-date: /home/sentry-nov/code/colcon_3/install/point_lio/share/point_lio/cmake/point_lioConfig.cmake
-- Up-to-date: /home/sentry-nov/code/colcon_3/install/point_lio/share/point_lio/cmake/point_lioConfig-version.cmake
-- Installing: /home/sentry-nov/code/colcon_3/install/point_lio/share/point_lio/package.xml
