[0.153s] Invoking command in '/home/sentry-nov/code/colcon_3/build/auto_start': CMAKE_PREFIX_PATH=${CMAKE_PREFIX_PATH}:/opt/ros/humble /usr/bin/cmake --build /home/sentry-nov/code/colcon_3/build/auto_start -- -j12 -l12
[0.988s] Invoked command in '/home/sentry-nov/code/colcon_3/build/auto_start' returned '0': CMAKE_PREFIX_PATH=${CMAKE_PREFIX_PATH}:/opt/ros/humble /usr/bin/cmake --build /home/sentry-nov/code/colcon_3/build/auto_start -- -j12 -l12
[1.016s] Invoking command in '/home/sentry-nov/code/colcon_3/build/auto_start': CMAKE_PREFIX_PATH=${CMAKE_PREFIX_PATH}:/opt/ros/humble /usr/bin/cmake --install /home/sentry-nov/code/colcon_3/build/auto_start
[1.030s] -- Install configuration: "Release"
[1.031s] -- Up-to-date: /home/sentry-nov/code/colcon_3/install/auto_start/share/auto_start/rviz
[1.031s] -- Up-to-date: /home/sentry-nov/code/colcon_3/install/auto_start/share/auto_start/rviz/odom_icp.rviz
[1.031s] -- Up-to-date: /home/sentry-nov/code/colcon_3/install/auto_start/share/auto_start/rviz/odom_mapping.rviz
[1.031s] -- Up-to-date: /home/sentry-nov/code/colcon_3/install/auto_start/share/auto_start/rviz/mapping_ikd.rviz
[1.031s] -- Up-to-date: /home/sentry-nov/code/colcon_3/install/auto_start/share/auto_start/rviz/planning.rviz
[1.031s] -- Up-to-date: /home/sentry-nov/code/colcon_3/install/auto_start/share/auto_start/launch
[1.032s] -- Up-to-date: /home/sentry-nov/code/colcon_3/install/auto_start/share/auto_start/launch/odom_icp.launch.py
[1.032s] -- Up-to-date: /home/sentry-nov/code/colcon_3/install/auto_start/share/auto_start/launch/decision.launch.py
[1.032s] -- Up-to-date: /home/sentry-nov/code/colcon_3/install/auto_start/share/auto_start/launch/planning.launch.py
[1.032s] -- Up-to-date: /home/sentry-nov/code/colcon_3/install/auto_start/share/auto_start/launch/mapping_ikd.launch.py
[1.033s] -- Up-to-date: /home/sentry-nov/code/colcon_3/install/auto_start/share/auto_start/launch/path_motion.launch.py
[1.033s] -- Up-to-date: /home/sentry-nov/code/colcon_3/install/auto_start/share/auto_start/launch/odom_mapping.launch.py
[1.033s] -- Up-to-date: /home/sentry-nov/code/colcon_3/install/auto_start/share/auto_start/launch/manager.py
[1.033s] -- Up-to-date: /home/sentry-nov/code/colcon_3/install/auto_start/share/auto_start/config
[1.033s] -- Up-to-date: /home/sentry-nov/code/colcon_3/install/auto_start/share/auto_start/config/path_planning.yaml
[1.033s] -- Up-to-date: /home/sentry-nov/code/colcon_3/install/auto_start/share/auto_start/config/path_motion_planning.yaml
[1.033s] -- Up-to-date: /home/sentry-nov/code/colcon_3/install/auto_start/share/auto_start/config/region_points.yaml
[1.033s] -- Up-to-date: /home/sentry-nov/code/colcon_3/install/auto_start/share/auto_start/config/path_planning copy.yaml
[1.034s] -- Up-to-date: /home/sentry-nov/code/colcon_3/install/auto_start/share/ament_index/resource_index/package_run_dependencies/auto_start
[1.034s] -- Up-to-date: /home/sentry-nov/code/colcon_3/install/auto_start/share/ament_index/resource_index/parent_prefix_path/auto_start
[1.034s] -- Up-to-date: /home/sentry-nov/code/colcon_3/install/auto_start/share/auto_start/environment/ament_prefix_path.sh
[1.034s] -- Up-to-date: /home/sentry-nov/code/colcon_3/install/auto_start/share/auto_start/environment/ament_prefix_path.dsv
[1.034s] -- Up-to-date: /home/sentry-nov/code/colcon_3/install/auto_start/share/auto_start/environment/path.sh
[1.034s] -- Up-to-date: /home/sentry-nov/code/colcon_3/install/auto_start/share/auto_start/environment/path.dsv
[1.034s] -- Up-to-date: /home/sentry-nov/code/colcon_3/install/auto_start/share/auto_start/local_setup.bash
[1.034s] -- Up-to-date: /home/sentry-nov/code/colcon_3/install/auto_start/share/auto_start/local_setup.sh
[1.034s] -- Up-to-date: /home/sentry-nov/code/colcon_3/install/auto_start/share/auto_start/local_setup.zsh
[1.034s] -- Up-to-date: /home/sentry-nov/code/colcon_3/install/auto_start/share/auto_start/local_setup.dsv
[1.034s] -- Installing: /home/sentry-nov/code/colcon_3/install/auto_start/share/auto_start/package.dsv
[1.035s] -- Up-to-date: /home/sentry-nov/code/colcon_3/install/auto_start/share/ament_index/resource_index/packages/auto_start
[1.035s] -- Up-to-date: /home/sentry-nov/code/colcon_3/install/auto_start/share/auto_start/cmake/auto_startConfig.cmake
[1.035s] -- Up-to-date: /home/sentry-nov/code/colcon_3/install/auto_start/share/auto_start/cmake/auto_startConfig-version.cmake
[1.035s] -- Up-to-date: /home/sentry-nov/code/colcon_3/install/auto_start/share/auto_start/package.xml
[1.040s] Invoked command in '/home/sentry-nov/code/colcon_3/build/auto_start' returned '0': CMAKE_PREFIX_PATH=${CMAKE_PREFIX_PATH}:/opt/ros/humble /usr/bin/cmake --install /home/sentry-nov/code/colcon_3/build/auto_start
