[0.035s] Invoking command in '/home/sentry-nov/code/colcon_3/build/path_motion_planning': CMAKE_PREFIX_PATH=/home/sentry-nov/code/colcon_3/install/rm_interface:/home/sentry-nov/code/colcon_3/install/debug_tools:/home/sentry-nov/code/colcon_3/install/tilted_lidar:/home/sentry-nov/code/colcon_3/install/rviz_plugin:/home/sentry-nov/code/colcon_3/install/robot_decision_system:/home/sentry-nov/code/colcon_3/install/rm_serial:/home/sentry-nov/code/colcon_3/install/rm_decision:/home/sentry-nov/code/colcon_3/install/motion_planning:/home/sentry-nov/code/colcon_3/install/path_planning:/home/sentry-nov/code/colcon_3/install/path_motion_planning:/home/sentry-nov/code/colcon_3/install/ikd_tree_mapping:/home/sentry-nov/code/colcon_3/install/point_lio:/home/sentry-nov/code/colcon_3/install/m_detector:/home/sentry-nov/code/colcon_3/install/fast_lio:/home/sentry-nov/code/colcon_3/install/livox_ros_driver2:/home/sentry-nov/code/colcon_3/install/icp_relocalization:/home/sentry-nov/code/colcon_3/install/altitude_map:/home/sentry-nov/code/colcon_3/install/auto_start:/opt/ros/humble LD_LIBRARY_PATH=/home/sentry-nov/code/colcon_3/install/rm_interface/lib:/home/sentry-nov/code/colcon_3/install/robot_decision_system/lib:/home/sentry-nov/code/colcon_3/install/path_planning/lib:/home/sentry-nov/code/colcon_3/install/path_motion_planning/lib:/home/sentry-nov/code/colcon_3/install/m_detector/lib:/home/sentry-nov/code/colcon_3/install/fast_lio/lib:/home/sentry-nov/code/colcon_3/install/livox_ros_driver2/lib:/home/sentry-nov/code/colcon_3/install/altitude_map/lib:/usr/local/lib:/opt/ros/humble/opt/rviz_ogre_vendor/lib:/opt/ros/humble/lib/x86_64-linux-gnu:/opt/ros/humble/lib /usr/bin/cmake --build /home/sentry-nov/code/colcon_3/build/path_motion_planning -- -j12 -l12
[0.140s] [35m[1mConsolidate compiler generated dependencies of target path_motion_planning[0m
[0.153s] [  8%] Built target test_based_node
[0.163s] [ 17%] Built target test_virtual_speed_node
[0.173s] [ 26%] Built target test_fit_cloud_node
[0.260s] gmake[2]: Warning: File '/home/sentry-nov/code/colcon_3/src/navigation/path_motion_planning/src/nav_core/nav_global.cpp' has modification time 22916 s in the future
[0.275s] [ 30%] [32mBuilding CXX object CMakeFiles/path_motion_planning.dir/src/nav_core/nav_global.cpp.o[0m
[7.736s] [ 34%] [32m[1mLinking CXX shared library libpath_motion_planning.so[0m
[8.411s] gmake[2]: warning: Clock skew detected. Your build may be incomplete.
[8.426s] [ 73%] Built target path_motion_planning
[8.482s] [ 86%] [32m[1mLinking CXX executable nav_gl_ros_node[0m
[8.483s] [ 86%] [32m[1mLinking CXX executable nav_local_ros_node[0m
[8.483s] [ 86%] [32m[1mLinking CXX executable nav_global_ros_node[0m
[9.999s] [ 91%] Built target nav_global_ros_node
[10.314s] [ 95%] Built target nav_local_ros_node
[10.483s] [100%] Built target nav_gl_ros_node
[10.503s] Invoked command in '/home/sentry-nov/code/colcon_3/build/path_motion_planning' returned '0': CMAKE_PREFIX_PATH=/home/sentry-nov/code/colcon_3/install/rm_interface:/home/sentry-nov/code/colcon_3/install/debug_tools:/home/sentry-nov/code/colcon_3/install/tilted_lidar:/home/sentry-nov/code/colcon_3/install/rviz_plugin:/home/sentry-nov/code/colcon_3/install/robot_decision_system:/home/sentry-nov/code/colcon_3/install/rm_serial:/home/sentry-nov/code/colcon_3/install/rm_decision:/home/sentry-nov/code/colcon_3/install/motion_planning:/home/sentry-nov/code/colcon_3/install/path_planning:/home/sentry-nov/code/colcon_3/install/path_motion_planning:/home/sentry-nov/code/colcon_3/install/ikd_tree_mapping:/home/sentry-nov/code/colcon_3/install/point_lio:/home/sentry-nov/code/colcon_3/install/m_detector:/home/sentry-nov/code/colcon_3/install/fast_lio:/home/sentry-nov/code/colcon_3/install/livox_ros_driver2:/home/sentry-nov/code/colcon_3/install/icp_relocalization:/home/sentry-nov/code/colcon_3/install/altitude_map:/home/sentry-nov/code/colcon_3/install/auto_start:/opt/ros/humble LD_LIBRARY_PATH=/home/sentry-nov/code/colcon_3/install/rm_interface/lib:/home/sentry-nov/code/colcon_3/install/robot_decision_system/lib:/home/sentry-nov/code/colcon_3/install/path_planning/lib:/home/sentry-nov/code/colcon_3/install/path_motion_planning/lib:/home/sentry-nov/code/colcon_3/install/m_detector/lib:/home/sentry-nov/code/colcon_3/install/fast_lio/lib:/home/sentry-nov/code/colcon_3/install/livox_ros_driver2/lib:/home/sentry-nov/code/colcon_3/install/altitude_map/lib:/usr/local/lib:/opt/ros/humble/opt/rviz_ogre_vendor/lib:/opt/ros/humble/lib/x86_64-linux-gnu:/opt/ros/humble/lib /usr/bin/cmake --build /home/sentry-nov/code/colcon_3/build/path_motion_planning -- -j12 -l12
[10.506s] Invoking command in '/home/sentry-nov/code/colcon_3/build/path_motion_planning': CMAKE_PREFIX_PATH=/home/sentry-nov/code/colcon_3/install/rm_interface:/home/sentry-nov/code/colcon_3/install/debug_tools:/home/sentry-nov/code/colcon_3/install/tilted_lidar:/home/sentry-nov/code/colcon_3/install/rviz_plugin:/home/sentry-nov/code/colcon_3/install/robot_decision_system:/home/sentry-nov/code/colcon_3/install/rm_serial:/home/sentry-nov/code/colcon_3/install/rm_decision:/home/sentry-nov/code/colcon_3/install/motion_planning:/home/sentry-nov/code/colcon_3/install/path_planning:/home/sentry-nov/code/colcon_3/install/path_motion_planning:/home/sentry-nov/code/colcon_3/install/ikd_tree_mapping:/home/sentry-nov/code/colcon_3/install/point_lio:/home/sentry-nov/code/colcon_3/install/m_detector:/home/sentry-nov/code/colcon_3/install/fast_lio:/home/sentry-nov/code/colcon_3/install/livox_ros_driver2:/home/sentry-nov/code/colcon_3/install/icp_relocalization:/home/sentry-nov/code/colcon_3/install/altitude_map:/home/sentry-nov/code/colcon_3/install/auto_start:/opt/ros/humble LD_LIBRARY_PATH=/home/sentry-nov/code/colcon_3/install/rm_interface/lib:/home/sentry-nov/code/colcon_3/install/robot_decision_system/lib:/home/sentry-nov/code/colcon_3/install/path_planning/lib:/home/sentry-nov/code/colcon_3/install/path_motion_planning/lib:/home/sentry-nov/code/colcon_3/install/m_detector/lib:/home/sentry-nov/code/colcon_3/install/fast_lio/lib:/home/sentry-nov/code/colcon_3/install/livox_ros_driver2/lib:/home/sentry-nov/code/colcon_3/install/altitude_map/lib:/usr/local/lib:/opt/ros/humble/opt/rviz_ogre_vendor/lib:/opt/ros/humble/lib/x86_64-linux-gnu:/opt/ros/humble/lib /usr/bin/cmake --install /home/sentry-nov/code/colcon_3/build/path_motion_planning
[10.518s] -- Install configuration: "Release"
[10.518s] -- Installing: /home/sentry-nov/code/colcon_3/install/path_motion_planning/lib/libpath_motion_planning.so
[10.519s] -- Set runtime path of "/home/sentry-nov/code/colcon_3/install/path_motion_planning/lib/libpath_motion_planning.so" to ""
[10.519s] -- Up-to-date: /home/sentry-nov/code/colcon_3/install/path_motion_planning/share/path_motion_planning/environment/library_path.sh
[10.520s] -- Up-to-date: /home/sentry-nov/code/colcon_3/install/path_motion_planning/share/path_motion_planning/environment/library_path.dsv
[10.520s] -- Up-to-date: /home/sentry-nov/code/colcon_3/install/path_motion_planning/include
[10.520s] -- Up-to-date: /home/sentry-nov/code/colcon_3/install/path_motion_planning/include/path_motion_planning
[10.520s] -- Up-to-date: /home/sentry-nov/code/colcon_3/install/path_motion_planning/include/path_motion_planning/util
[10.520s] -- Up-to-date: /home/sentry-nov/code/colcon_3/install/path_motion_planning/include/path_motion_planning/util/group_runner.h
[10.520s] -- Up-to-date: /home/sentry-nov/code/colcon_3/install/path_motion_planning/include/path_motion_planning/util/vis_ros.h
[10.520s] -- Up-to-date: /home/sentry-nov/code/colcon_3/install/path_motion_planning/include/path_motion_planning/util/vel_estimator.h
[10.520s] -- Up-to-date: /home/sentry-nov/code/colcon_3/install/path_motion_planning/include/path_motion_planning/nav_core
[10.521s] -- Up-to-date: /home/sentry-nov/code/colcon_3/install/path_motion_planning/include/path_motion_planning/nav_core/nav_core.h
[10.521s] -- Up-to-date: /home/sentry-nov/code/colcon_3/install/path_motion_planning/include/path_motion_planning/nav_core/nav_local_track.h
[10.521s] -- Up-to-date: /home/sentry-nov/code/colcon_3/install/path_motion_planning/include/path_motion_planning/nav_core/nav_local.h
[10.521s] -- Up-to-date: /home/sentry-nov/code/colcon_3/install/path_motion_planning/include/path_motion_planning/nav_core/nav_global.h
[10.521s] -- Up-to-date: /home/sentry-nov/code/colcon_3/install/path_motion_planning/include/path_motion_planning/nav_core/nav_local_ros.hpp
[10.521s] -- Up-to-date: /home/sentry-nov/code/colcon_3/install/path_motion_planning/include/path_motion_planning/nav_core/nav_gl_ros.hpp
[10.521s] -- Up-to-date: /home/sentry-nov/code/colcon_3/install/path_motion_planning/include/path_motion_planning/nav_core/nav_local_base.hpp
[10.521s] -- Up-to-date: /home/sentry-nov/code/colcon_3/install/path_motion_planning/include/path_motion_planning/nav_core/nav_gl.h
[10.521s] -- Up-to-date: /home/sentry-nov/code/colcon_3/install/path_motion_planning/include/path_motion_planning/motion
[10.521s] -- Up-to-date: /home/sentry-nov/code/colcon_3/install/path_motion_planning/include/path_motion_planning/motion/tracker.h
[10.522s] -- Up-to-date: /home/sentry-nov/code/colcon_3/install/path_motion_planning/include/path_motion_planning/motion/path_tracker.h
[10.522s] -- Up-to-date: /home/sentry-nov/code/colcon_3/install/path_motion_planning/include/path_motion_planning/motion/controller.h
[10.522s] -- Up-to-date: /home/sentry-nov/code/colcon_3/install/path_motion_planning/include/path_motion_planning/path_searcher
[10.522s] -- Up-to-date: /home/sentry-nov/code/colcon_3/install/path_motion_planning/include/path_motion_planning/path_searcher/path_searcher.h
[10.522s] -- Up-to-date: /home/sentry-nov/code/colcon_3/install/path_motion_planning/include/path_motion_planning/path_searcher/theta_star_explored.h
[10.522s] -- Up-to-date: /home/sentry-nov/code/colcon_3/install/path_motion_planning/include/path_motion_planning/path_searcher/theta_star_track.h
[10.522s] -- Up-to-date: /home/sentry-nov/code/colcon_3/install/path_motion_planning/include/path_motion_planning/path_searcher/theta_star.h
[10.522s] -- Up-to-date: /home/sentry-nov/code/colcon_3/install/path_motion_planning/include/path_motion_planning/path_searcher/gird_node.h
[10.522s] -- Installing: /home/sentry-nov/code/colcon_3/install/path_motion_planning/lib/path_motion_planning/nav_global_ros_node
[10.524s] -- Set runtime path of "/home/sentry-nov/code/colcon_3/install/path_motion_planning/lib/path_motion_planning/nav_global_ros_node" to ""
[10.525s] -- Installing: /home/sentry-nov/code/colcon_3/install/path_motion_planning/lib/path_motion_planning/nav_local_ros_node
[10.531s] -- Set runtime path of "/home/sentry-nov/code/colcon_3/install/path_motion_planning/lib/path_motion_planning/nav_local_ros_node" to ""
[10.531s] -- Installing: /home/sentry-nov/code/colcon_3/install/path_motion_planning/lib/path_motion_planning/nav_gl_ros_node
[10.538s] -- Set runtime path of "/home/sentry-nov/code/colcon_3/install/path_motion_planning/lib/path_motion_planning/nav_gl_ros_node" to ""
[10.538s] -- Up-to-date: /home/sentry-nov/code/colcon_3/install/path_motion_planning/lib/path_motion_planning/test_based_node
[10.538s] -- Up-to-date: /home/sentry-nov/code/colcon_3/install/path_motion_planning/lib/path_motion_planning/test_virtual_speed_node
[10.538s] -- Up-to-date: /home/sentry-nov/code/colcon_3/install/path_motion_planning/lib/path_motion_planning/test_fit_cloud_node
[10.539s] -- Up-to-date: /home/sentry-nov/code/colcon_3/install/path_motion_planning/share/ament_index/resource_index/package_run_dependencies/path_motion_planning
[10.539s] -- Up-to-date: /home/sentry-nov/code/colcon_3/install/path_motion_planning/share/ament_index/resource_index/parent_prefix_path/path_motion_planning
[10.539s] -- Up-to-date: /home/sentry-nov/code/colcon_3/install/path_motion_planning/share/path_motion_planning/environment/ament_prefix_path.sh
[10.539s] -- Up-to-date: /home/sentry-nov/code/colcon_3/install/path_motion_planning/share/path_motion_planning/environment/ament_prefix_path.dsv
[10.539s] -- Up-to-date: /home/sentry-nov/code/colcon_3/install/path_motion_planning/share/path_motion_planning/environment/path.sh
[10.539s] -- Up-to-date: /home/sentry-nov/code/colcon_3/install/path_motion_planning/share/path_motion_planning/environment/path.dsv
[10.539s] -- Up-to-date: /home/sentry-nov/code/colcon_3/install/path_motion_planning/share/path_motion_planning/local_setup.bash
[10.539s] -- Up-to-date: /home/sentry-nov/code/colcon_3/install/path_motion_planning/share/path_motion_planning/local_setup.sh
[10.540s] -- Up-to-date: /home/sentry-nov/code/colcon_3/install/path_motion_planning/share/path_motion_planning/local_setup.zsh
[10.540s] -- Up-to-date: /home/sentry-nov/code/colcon_3/install/path_motion_planning/share/path_motion_planning/local_setup.dsv
[10.540s] -- Installing: /home/sentry-nov/code/colcon_3/install/path_motion_planning/share/path_motion_planning/package.dsv
[10.540s] -- Up-to-date: /home/sentry-nov/code/colcon_3/install/path_motion_planning/share/ament_index/resource_index/packages/path_motion_planning
[10.540s] -- Up-to-date: /home/sentry-nov/code/colcon_3/install/path_motion_planning/share/path_motion_planning/cmake/ament_cmake_export_include_directories-extras.cmake
[10.540s] -- Up-to-date: /home/sentry-nov/code/colcon_3/install/path_motion_planning/share/path_motion_planning/cmake/ament_cmake_export_libraries-extras.cmake
[10.540s] -- Up-to-date: /home/sentry-nov/code/colcon_3/install/path_motion_planning/share/path_motion_planning/cmake/path_motion_planningConfig.cmake
[10.540s] -- Up-to-date: /home/sentry-nov/code/colcon_3/install/path_motion_planning/share/path_motion_planning/cmake/path_motion_planningConfig-version.cmake
[10.540s] -- Up-to-date: /home/sentry-nov/code/colcon_3/install/path_motion_planning/share/path_motion_planning/package.xml
[10.544s] Invoked command in '/home/sentry-nov/code/colcon_3/build/path_motion_planning' returned '0': CMAKE_PREFIX_PATH=/home/sentry-nov/code/colcon_3/install/rm_interface:/home/sentry-nov/code/colcon_3/install/debug_tools:/home/sentry-nov/code/colcon_3/install/tilted_lidar:/home/sentry-nov/code/colcon_3/install/rviz_plugin:/home/sentry-nov/code/colcon_3/install/robot_decision_system:/home/sentry-nov/code/colcon_3/install/rm_serial:/home/sentry-nov/code/colcon_3/install/rm_decision:/home/sentry-nov/code/colcon_3/install/motion_planning:/home/sentry-nov/code/colcon_3/install/path_planning:/home/sentry-nov/code/colcon_3/install/path_motion_planning:/home/sentry-nov/code/colcon_3/install/ikd_tree_mapping:/home/sentry-nov/code/colcon_3/install/point_lio:/home/sentry-nov/code/colcon_3/install/m_detector:/home/sentry-nov/code/colcon_3/install/fast_lio:/home/sentry-nov/code/colcon_3/install/livox_ros_driver2:/home/sentry-nov/code/colcon_3/install/icp_relocalization:/home/sentry-nov/code/colcon_3/install/altitude_map:/home/sentry-nov/code/colcon_3/install/auto_start:/opt/ros/humble LD_LIBRARY_PATH=/home/sentry-nov/code/colcon_3/install/rm_interface/lib:/home/sentry-nov/code/colcon_3/install/robot_decision_system/lib:/home/sentry-nov/code/colcon_3/install/path_planning/lib:/home/sentry-nov/code/colcon_3/install/path_motion_planning/lib:/home/sentry-nov/code/colcon_3/install/m_detector/lib:/home/sentry-nov/code/colcon_3/install/fast_lio/lib:/home/sentry-nov/code/colcon_3/install/livox_ros_driver2/lib:/home/sentry-nov/code/colcon_3/install/altitude_map/lib:/usr/local/lib:/opt/ros/humble/opt/rviz_ogre_vendor/lib:/opt/ros/humble/lib/x86_64-linux-gnu:/opt/ros/humble/lib /usr/bin/cmake --install /home/sentry-nov/code/colcon_3/build/path_motion_planning
