[0.032s] Invoking command in '/home/sentry-nov/code/colcon_3/build/path_motion_planning': CMAKE_PREFIX_PATH=/home/sentry-nov/code/colcon_3/install/rm_interface:/home/sentry-nov/code/colcon_3/install/debug_tools:/home/sentry-nov/code/colcon_3/install/tilted_lidar:/home/sentry-nov/code/colcon_3/install/rviz_plugin:/home/sentry-nov/code/colcon_3/install/robot_decision_system:/home/sentry-nov/code/colcon_3/install/rm_serial:/home/sentry-nov/code/colcon_3/install/rm_decision_system:/home/sentry-nov/code/colcon_3/install/rm_decision:/home/sentry-nov/code/colcon_3/install/motion_planning:/home/sentry-nov/code/colcon_3/install/path_planning:/home/sentry-nov/code/colcon_3/install/path_motion_planning:/home/sentry-nov/code/colcon_3/install/ikd_tree_mapping:/home/sentry-nov/code/colcon_3/install/point_lio:/home/sentry-nov/code/colcon_3/install/m_detector:/home/sentry-nov/code/colcon_3/install/fast_lio:/home/sentry-nov/code/colcon_3/install/livox_ros_driver2:/home/sentry-nov/code/colcon_3/install/icp_relocalization:/home/sentry-nov/code/colcon_3/install/altitude_map:/home/sentry-nov/code/colcon_3/install/auto_start:/opt/ros/humble LD_LIBRARY_PATH=/home/sentry-nov/code/colcon_3/install/rm_interface/lib:/home/sentry-nov/code/colcon_3/install/robot_decision_system/lib:/home/sentry-nov/code/colcon_3/install/rm_decision_system/lib:/home/sentry-nov/code/colcon_3/install/path_planning/lib:/home/sentry-nov/code/colcon_3/install/path_motion_planning/lib:/home/sentry-nov/code/colcon_3/install/m_detector/lib:/home/sentry-nov/code/colcon_3/install/fast_lio/lib:/home/sentry-nov/code/colcon_3/install/livox_ros_driver2/lib:/home/sentry-nov/code/colcon_3/install/altitude_map/lib:/usr/local/lib:/opt/ros/humble/opt/rviz_ogre_vendor/lib:/opt/ros/humble/lib/x86_64-linux-gnu:/opt/ros/humble/lib /usr/bin/cmake --build /home/sentry-nov/code/colcon_3/build/path_motion_planning -- -j12 -l12
[0.188s] [  9%] Built target test_based_node
[0.190s] [ 19%] Built target test_virtual_speed_node
[0.192s] gmake[2]: Warning: File '/home/sentry-nov/code/colcon_3/src/navigation/path_motion_planning/include/path_motion_planning/path_searcher/path_searcher.h' has modification time 26513 s in the future
[0.212s] [ 23%] [32mBuilding CXX object CMakeFiles/path_motion_planning.dir/src/path_searcher/theta_star.cpp.o[0m
[0.213s] [ 33%] [32mBuilding CXX object CMakeFiles/path_motion_planning.dir/src/path_searcher/theta_star_track.cpp.o[0m
[0.213s] [ 33%] [32mBuilding CXX object CMakeFiles/path_motion_planning.dir/src/path_searcher/theta_star_explored.cpp.o[0m
[0.214s] [ 38%] [32mBuilding CXX object CMakeFiles/path_motion_planning.dir/src/nav_core/nav_core.cpp.o[0m
[0.214s] [ 42%] [32mBuilding CXX object CMakeFiles/path_motion_planning.dir/src/nav_core/nav_global.cpp.o[0m
[0.214s] [ 47%] [32mBuilding CXX object CMakeFiles/path_motion_planning.dir/src/nav_core/nav_local.cpp.o[0m
[0.216s] [ 52%] [32mBuilding CXX object CMakeFiles/path_motion_planning.dir/src/nav_core/nav_local_track.cpp.o[0m
[0.217s] [ 57%] [32mBuilding CXX object CMakeFiles/path_motion_planning.dir/src/nav_core/nav_gl.cpp.o[0m
[8.222s] [ 61%] [32m[1mLinking CXX shared library libpath_motion_planning.so[0m
[9.184s] gmake[2]: warning: Clock skew detected. Your build may be incomplete.
[9.209s] [ 71%] Built target path_motion_planning
[9.244s] [35m[1mConsolidate compiler generated dependencies of target nav_global_ros_node[0m
[9.254s] gmake[2]: Warning: File '/home/sentry-nov/code/colcon_3/src/navigation/path_motion_planning/include/path_motion_planning/path_searcher/path_searcher.h' has modification time 26504 s in the future
[9.260s] gmake[2]: Warning: File '/home/sentry-nov/code/colcon_3/src/navigation/path_motion_planning/include/path_motion_planning/path_searcher/path_searcher.h' has modification time 26504 s in the future
[9.266s] [ 76%] [32mBuilding CXX object CMakeFiles/nav_local_ros_node.dir/src/nav_core/nav_local_ros.cpp.o[0m
[9.274s] [ 80%] [32mBuilding CXX object CMakeFiles/nav_gl_ros_node.dir/src/nav_core/nav_gl_ros.cpp.o[0m
[9.277s] gmake[2]: Warning: File '/home/sentry-nov/code/colcon_3/src/navigation/path_motion_planning/include/path_motion_planning/path_searcher/path_searcher.h' has modification time 26504 s in the future
[9.291s] [ 85%] [32mBuilding CXX object CMakeFiles/nav_global_ros_node.dir/src/nav_core/nav_global_ros.cpp.o[0m
[25.559s] [ 90%] [32m[1mLinking CXX executable nav_global_ros_node[0m
[26.468s] gmake[2]: warning: Clock skew detected. Your build may be incomplete.
[26.478s] [ 90%] Built target nav_global_ros_node
[38.173s] [ 95%] [32m[1mLinking CXX executable nav_local_ros_node[0m
[38.909s] [100%] [32m[1mLinking CXX executable nav_gl_ros_node[0m
[39.151s] gmake[2]: warning: Clock skew detected. Your build may be incomplete.
[39.163s] [100%] Built target nav_local_ros_node
[39.838s] gmake[2]: warning: Clock skew detected. Your build may be incomplete.
[39.848s] [100%] Built target nav_gl_ros_node
[39.864s] Invoked command in '/home/sentry-nov/code/colcon_3/build/path_motion_planning' returned '0': CMAKE_PREFIX_PATH=/home/sentry-nov/code/colcon_3/install/rm_interface:/home/sentry-nov/code/colcon_3/install/debug_tools:/home/sentry-nov/code/colcon_3/install/tilted_lidar:/home/sentry-nov/code/colcon_3/install/rviz_plugin:/home/sentry-nov/code/colcon_3/install/robot_decision_system:/home/sentry-nov/code/colcon_3/install/rm_serial:/home/sentry-nov/code/colcon_3/install/rm_decision_system:/home/sentry-nov/code/colcon_3/install/rm_decision:/home/sentry-nov/code/colcon_3/install/motion_planning:/home/sentry-nov/code/colcon_3/install/path_planning:/home/sentry-nov/code/colcon_3/install/path_motion_planning:/home/sentry-nov/code/colcon_3/install/ikd_tree_mapping:/home/sentry-nov/code/colcon_3/install/point_lio:/home/sentry-nov/code/colcon_3/install/m_detector:/home/sentry-nov/code/colcon_3/install/fast_lio:/home/sentry-nov/code/colcon_3/install/livox_ros_driver2:/home/sentry-nov/code/colcon_3/install/icp_relocalization:/home/sentry-nov/code/colcon_3/install/altitude_map:/home/sentry-nov/code/colcon_3/install/auto_start:/opt/ros/humble LD_LIBRARY_PATH=/home/sentry-nov/code/colcon_3/install/rm_interface/lib:/home/sentry-nov/code/colcon_3/install/robot_decision_system/lib:/home/sentry-nov/code/colcon_3/install/rm_decision_system/lib:/home/sentry-nov/code/colcon_3/install/path_planning/lib:/home/sentry-nov/code/colcon_3/install/path_motion_planning/lib:/home/sentry-nov/code/colcon_3/install/m_detector/lib:/home/sentry-nov/code/colcon_3/install/fast_lio/lib:/home/sentry-nov/code/colcon_3/install/livox_ros_driver2/lib:/home/sentry-nov/code/colcon_3/install/altitude_map/lib:/usr/local/lib:/opt/ros/humble/opt/rviz_ogre_vendor/lib:/opt/ros/humble/lib/x86_64-linux-gnu:/opt/ros/humble/lib /usr/bin/cmake --build /home/sentry-nov/code/colcon_3/build/path_motion_planning -- -j12 -l12
[39.868s] Invoking command in '/home/sentry-nov/code/colcon_3/build/path_motion_planning': CMAKE_PREFIX_PATH=/home/sentry-nov/code/colcon_3/install/rm_interface:/home/sentry-nov/code/colcon_3/install/debug_tools:/home/sentry-nov/code/colcon_3/install/tilted_lidar:/home/sentry-nov/code/colcon_3/install/rviz_plugin:/home/sentry-nov/code/colcon_3/install/robot_decision_system:/home/sentry-nov/code/colcon_3/install/rm_serial:/home/sentry-nov/code/colcon_3/install/rm_decision_system:/home/sentry-nov/code/colcon_3/install/rm_decision:/home/sentry-nov/code/colcon_3/install/motion_planning:/home/sentry-nov/code/colcon_3/install/path_planning:/home/sentry-nov/code/colcon_3/install/path_motion_planning:/home/sentry-nov/code/colcon_3/install/ikd_tree_mapping:/home/sentry-nov/code/colcon_3/install/point_lio:/home/sentry-nov/code/colcon_3/install/m_detector:/home/sentry-nov/code/colcon_3/install/fast_lio:/home/sentry-nov/code/colcon_3/install/livox_ros_driver2:/home/sentry-nov/code/colcon_3/install/icp_relocalization:/home/sentry-nov/code/colcon_3/install/altitude_map:/home/sentry-nov/code/colcon_3/install/auto_start:/opt/ros/humble LD_LIBRARY_PATH=/home/sentry-nov/code/colcon_3/install/rm_interface/lib:/home/sentry-nov/code/colcon_3/install/robot_decision_system/lib:/home/sentry-nov/code/colcon_3/install/rm_decision_system/lib:/home/sentry-nov/code/colcon_3/install/path_planning/lib:/home/sentry-nov/code/colcon_3/install/path_motion_planning/lib:/home/sentry-nov/code/colcon_3/install/m_detector/lib:/home/sentry-nov/code/colcon_3/install/fast_lio/lib:/home/sentry-nov/code/colcon_3/install/livox_ros_driver2/lib:/home/sentry-nov/code/colcon_3/install/altitude_map/lib:/usr/local/lib:/opt/ros/humble/opt/rviz_ogre_vendor/lib:/opt/ros/humble/lib/x86_64-linux-gnu:/opt/ros/humble/lib /usr/bin/cmake --install /home/sentry-nov/code/colcon_3/build/path_motion_planning
[39.877s] -- Install configuration: "Release"
[39.879s] -- Installing: /home/sentry-nov/code/colcon_3/install/path_motion_planning/lib/libpath_motion_planning.so
[39.881s] -- Set runtime path of "/home/sentry-nov/code/colcon_3/install/path_motion_planning/lib/libpath_motion_planning.so" to ""
[39.881s] -- Up-to-date: /home/sentry-nov/code/colcon_3/install/path_motion_planning/share/path_motion_planning/environment/library_path.sh
[39.881s] -- Up-to-date: /home/sentry-nov/code/colcon_3/install/path_motion_planning/share/path_motion_planning/environment/library_path.dsv
[39.881s] -- Up-to-date: /home/sentry-nov/code/colcon_3/install/path_motion_planning/include
[39.882s] -- Up-to-date: /home/sentry-nov/code/colcon_3/install/path_motion_planning/include/path_motion_planning
[39.882s] -- Up-to-date: /home/sentry-nov/code/colcon_3/install/path_motion_planning/include/path_motion_planning/util
[39.882s] -- Up-to-date: /home/sentry-nov/code/colcon_3/install/path_motion_planning/include/path_motion_planning/util/group_runner.h
[39.882s] -- Up-to-date: /home/sentry-nov/code/colcon_3/install/path_motion_planning/include/path_motion_planning/util/vis_ros.h
[39.882s] -- Up-to-date: /home/sentry-nov/code/colcon_3/install/path_motion_planning/include/path_motion_planning/util/vel_estimator.h
[39.882s] -- Up-to-date: /home/sentry-nov/code/colcon_3/install/path_motion_planning/include/path_motion_planning/nav_core
[39.882s] -- Up-to-date: /home/sentry-nov/code/colcon_3/install/path_motion_planning/include/path_motion_planning/nav_core/nav_core.h
[39.883s] -- Up-to-date: /home/sentry-nov/code/colcon_3/install/path_motion_planning/include/path_motion_planning/nav_core/nav_local_track.h
[39.883s] -- Up-to-date: /home/sentry-nov/code/colcon_3/install/path_motion_planning/include/path_motion_planning/nav_core/nav_local.h
[39.883s] -- Up-to-date: /home/sentry-nov/code/colcon_3/install/path_motion_planning/include/path_motion_planning/nav_core/nav_global.h
[39.883s] -- Up-to-date: /home/sentry-nov/code/colcon_3/install/path_motion_planning/include/path_motion_planning/nav_core/nav_local_ros.hpp
[39.883s] -- Up-to-date: /home/sentry-nov/code/colcon_3/install/path_motion_planning/include/path_motion_planning/nav_core/nav_gl_ros.hpp
[39.883s] -- Up-to-date: /home/sentry-nov/code/colcon_3/install/path_motion_planning/include/path_motion_planning/nav_core/nav_local_base.hpp
[39.883s] -- Up-to-date: /home/sentry-nov/code/colcon_3/install/path_motion_planning/include/path_motion_planning/nav_core/nav_gl.h
[39.883s] -- Up-to-date: /home/sentry-nov/code/colcon_3/install/path_motion_planning/include/path_motion_planning/motion
[39.883s] -- Up-to-date: /home/sentry-nov/code/colcon_3/install/path_motion_planning/include/path_motion_planning/motion/tracker.h
[39.883s] -- Installing: /home/sentry-nov/code/colcon_3/install/path_motion_planning/include/path_motion_planning/motion/path_tracker.h
[39.884s] -- Up-to-date: /home/sentry-nov/code/colcon_3/install/path_motion_planning/include/path_motion_planning/motion/controller.h
[39.884s] -- Up-to-date: /home/sentry-nov/code/colcon_3/install/path_motion_planning/include/path_motion_planning/path_searcher
[39.884s] -- Installing: /home/sentry-nov/code/colcon_3/install/path_motion_planning/include/path_motion_planning/path_searcher/path_searcher.h
[39.884s] -- Up-to-date: /home/sentry-nov/code/colcon_3/install/path_motion_planning/include/path_motion_planning/path_searcher/theta_star_explored.h
[39.884s] -- Up-to-date: /home/sentry-nov/code/colcon_3/install/path_motion_planning/include/path_motion_planning/path_searcher/theta_star_track.h
[39.884s] -- Up-to-date: /home/sentry-nov/code/colcon_3/install/path_motion_planning/include/path_motion_planning/path_searcher/theta_star.h
[39.884s] -- Up-to-date: /home/sentry-nov/code/colcon_3/install/path_motion_planning/include/path_motion_planning/path_searcher/gird_node.h
[39.884s] -- Installing: /home/sentry-nov/code/colcon_3/install/path_motion_planning/lib/path_motion_planning/nav_global_ros_node
[39.885s] -- Set runtime path of "/home/sentry-nov/code/colcon_3/install/path_motion_planning/lib/path_motion_planning/nav_global_ros_node" to ""
[39.887s] -- Installing: /home/sentry-nov/code/colcon_3/install/path_motion_planning/lib/path_motion_planning/nav_local_ros_node
[39.891s] -- Set runtime path of "/home/sentry-nov/code/colcon_3/install/path_motion_planning/lib/path_motion_planning/nav_local_ros_node" to ""
[39.899s] -- Installing: /home/sentry-nov/code/colcon_3/install/path_motion_planning/lib/path_motion_planning/nav_gl_ros_node
[39.904s] -- Set runtime path of "/home/sentry-nov/code/colcon_3/install/path_motion_planning/lib/path_motion_planning/nav_gl_ros_node" to ""
[39.905s] -- Up-to-date: /home/sentry-nov/code/colcon_3/install/path_motion_planning/lib/path_motion_planning/test_based_node
[39.907s] -- Up-to-date: /home/sentry-nov/code/colcon_3/install/path_motion_planning/lib/path_motion_planning/test_virtual_speed_node
[39.908s] -- Up-to-date: /home/sentry-nov/code/colcon_3/install/path_motion_planning/share/ament_index/resource_index/package_run_dependencies/path_motion_planning
[39.908s] -- Up-to-date: /home/sentry-nov/code/colcon_3/install/path_motion_planning/share/ament_index/resource_index/parent_prefix_path/path_motion_planning
[39.908s] -- Up-to-date: /home/sentry-nov/code/colcon_3/install/path_motion_planning/share/path_motion_planning/environment/ament_prefix_path.sh
[39.908s] -- Up-to-date: /home/sentry-nov/code/colcon_3/install/path_motion_planning/share/path_motion_planning/environment/ament_prefix_path.dsv
[39.909s] -- Up-to-date: /home/sentry-nov/code/colcon_3/install/path_motion_planning/share/path_motion_planning/environment/path.sh
[39.909s] -- Up-to-date: /home/sentry-nov/code/colcon_3/install/path_motion_planning/share/path_motion_planning/environment/path.dsv
[39.909s] -- Up-to-date: /home/sentry-nov/code/colcon_3/install/path_motion_planning/share/path_motion_planning/local_setup.bash
[39.909s] -- Up-to-date: /home/sentry-nov/code/colcon_3/install/path_motion_planning/share/path_motion_planning/local_setup.sh
[39.909s] -- Up-to-date: /home/sentry-nov/code/colcon_3/install/path_motion_planning/share/path_motion_planning/local_setup.zsh
[39.909s] -- Up-to-date: /home/sentry-nov/code/colcon_3/install/path_motion_planning/share/path_motion_planning/local_setup.dsv
[39.909s] -- Installing: /home/sentry-nov/code/colcon_3/install/path_motion_planning/share/path_motion_planning/package.dsv
[39.909s] -- Up-to-date: /home/sentry-nov/code/colcon_3/install/path_motion_planning/share/ament_index/resource_index/packages/path_motion_planning
[39.909s] -- Up-to-date: /home/sentry-nov/code/colcon_3/install/path_motion_planning/share/path_motion_planning/cmake/ament_cmake_export_include_directories-extras.cmake
[39.909s] -- Up-to-date: /home/sentry-nov/code/colcon_3/install/path_motion_planning/share/path_motion_planning/cmake/ament_cmake_export_libraries-extras.cmake
[39.910s] -- Up-to-date: /home/sentry-nov/code/colcon_3/install/path_motion_planning/share/path_motion_planning/cmake/path_motion_planningConfig.cmake
[39.910s] -- Up-to-date: /home/sentry-nov/code/colcon_3/install/path_motion_planning/share/path_motion_planning/cmake/path_motion_planningConfig-version.cmake
[39.910s] -- Up-to-date: /home/sentry-nov/code/colcon_3/install/path_motion_planning/share/path_motion_planning/package.xml
[39.912s] Invoked command in '/home/sentry-nov/code/colcon_3/build/path_motion_planning' returned '0': CMAKE_PREFIX_PATH=/home/sentry-nov/code/colcon_3/install/rm_interface:/home/sentry-nov/code/colcon_3/install/debug_tools:/home/sentry-nov/code/colcon_3/install/tilted_lidar:/home/sentry-nov/code/colcon_3/install/rviz_plugin:/home/sentry-nov/code/colcon_3/install/robot_decision_system:/home/sentry-nov/code/colcon_3/install/rm_serial:/home/sentry-nov/code/colcon_3/install/rm_decision_system:/home/sentry-nov/code/colcon_3/install/rm_decision:/home/sentry-nov/code/colcon_3/install/motion_planning:/home/sentry-nov/code/colcon_3/install/path_planning:/home/sentry-nov/code/colcon_3/install/path_motion_planning:/home/sentry-nov/code/colcon_3/install/ikd_tree_mapping:/home/sentry-nov/code/colcon_3/install/point_lio:/home/sentry-nov/code/colcon_3/install/m_detector:/home/sentry-nov/code/colcon_3/install/fast_lio:/home/sentry-nov/code/colcon_3/install/livox_ros_driver2:/home/sentry-nov/code/colcon_3/install/icp_relocalization:/home/sentry-nov/code/colcon_3/install/altitude_map:/home/sentry-nov/code/colcon_3/install/auto_start:/opt/ros/humble LD_LIBRARY_PATH=/home/sentry-nov/code/colcon_3/install/rm_interface/lib:/home/sentry-nov/code/colcon_3/install/robot_decision_system/lib:/home/sentry-nov/code/colcon_3/install/rm_decision_system/lib:/home/sentry-nov/code/colcon_3/install/path_planning/lib:/home/sentry-nov/code/colcon_3/install/path_motion_planning/lib:/home/sentry-nov/code/colcon_3/install/m_detector/lib:/home/sentry-nov/code/colcon_3/install/fast_lio/lib:/home/sentry-nov/code/colcon_3/install/livox_ros_driver2/lib:/home/sentry-nov/code/colcon_3/install/altitude_map/lib:/usr/local/lib:/opt/ros/humble/opt/rviz_ogre_vendor/lib:/opt/ros/humble/lib/x86_64-linux-gnu:/opt/ros/humble/lib /usr/bin/cmake --install /home/sentry-nov/code/colcon_3/build/path_motion_planning
