[0.019s] Invoking command in '/home/sentry-nov/code/colcon_3/build/altitude_map': CMAKE_PREFIX_PATH=/home/sentry-nov/code/colcon_3/install/debug_tools:/home/sentry-nov/code/colcon_3/install/tilted_lidar:/home/sentry-nov/code/colcon_3/install/rviz_plugin:/home/sentry-nov/code/colcon_3/install/robot_decision_system:/home/sentry-nov/code/colcon_3/install/rm_serial:/home/sentry-nov/code/colcon_3/install/rm_decision_system:/home/sentry-nov/code/colcon_3/install/rm_decision:/home/sentry-nov/code/colcon_3/install/motion_planning:/home/sentry-nov/code/colcon_3/install/path_planning:/home/sentry-nov/code/colcon_3/install/path_motion_planning:/home/sentry-nov/code/colcon_3/install/ikd_tree_mapping:/home/sentry-nov/code/colcon_3/install/rm_interface:/home/sentry-nov/code/colcon_3/install/point_lio:/home/sentry-nov/code/colcon_3/install/m_detector:/home/sentry-nov/code/colcon_3/install/fast_lio:/home/sentry-nov/code/colcon_3/install/livox_ros_driver2:/home/sentry-nov/code/colcon_3/install/icp_relocalization:/home/sentry-nov/code/colcon_3/install/altitude_map:/home/sentry-nov/code/colcon_3/install/auto_start:/opt/ros/humble /usr/bin/cmake --build /home/sentry-nov/code/colcon_3/build/altitude_map -- -j12 -l12
[0.091s] [35m[1mConsolidate compiler generated dependencies of target altitude_map[0m
[0.122s] [ 14%] Built target test_generate_cloud_node
[0.165s] gmake[2]: Warning: File '/home/sentry-nov/code/colcon_3/src/navigation/altitude_map/src/global_map.cpp' has modification time 13546 s in the future
[0.180s] [ 21%] [32mBuilding CXX object CMakeFiles/altitude_map.dir/src/global_map.cpp.o[0m
[5.692s] [ 28%] [32m[1mLinking CXX shared library libaltitude_map.so[0m
[6.328s] gmake[2]: warning: Clock skew detected. Your build may be incomplete.
[6.342s] [ 71%] Built target altitude_map
[6.404s] [ 78%] [32m[1mLinking CXX executable test_local_node[0m
[6.405s] [ 85%] [32m[1mLinking CXX executable test_global_node[0m
[7.310s] [ 92%] Built target test_global_node
[7.486s] [100%] Built target test_local_node
[7.507s] Invoked command in '/home/sentry-nov/code/colcon_3/build/altitude_map' returned '0': CMAKE_PREFIX_PATH=/home/sentry-nov/code/colcon_3/install/debug_tools:/home/sentry-nov/code/colcon_3/install/tilted_lidar:/home/sentry-nov/code/colcon_3/install/rviz_plugin:/home/sentry-nov/code/colcon_3/install/robot_decision_system:/home/sentry-nov/code/colcon_3/install/rm_serial:/home/sentry-nov/code/colcon_3/install/rm_decision_system:/home/sentry-nov/code/colcon_3/install/rm_decision:/home/sentry-nov/code/colcon_3/install/motion_planning:/home/sentry-nov/code/colcon_3/install/path_planning:/home/sentry-nov/code/colcon_3/install/path_motion_planning:/home/sentry-nov/code/colcon_3/install/ikd_tree_mapping:/home/sentry-nov/code/colcon_3/install/rm_interface:/home/sentry-nov/code/colcon_3/install/point_lio:/home/sentry-nov/code/colcon_3/install/m_detector:/home/sentry-nov/code/colcon_3/install/fast_lio:/home/sentry-nov/code/colcon_3/install/livox_ros_driver2:/home/sentry-nov/code/colcon_3/install/icp_relocalization:/home/sentry-nov/code/colcon_3/install/altitude_map:/home/sentry-nov/code/colcon_3/install/auto_start:/opt/ros/humble /usr/bin/cmake --build /home/sentry-nov/code/colcon_3/build/altitude_map -- -j12 -l12
[7.509s] Invoking command in '/home/sentry-nov/code/colcon_3/build/altitude_map': CMAKE_PREFIX_PATH=/home/sentry-nov/code/colcon_3/install/debug_tools:/home/sentry-nov/code/colcon_3/install/tilted_lidar:/home/sentry-nov/code/colcon_3/install/rviz_plugin:/home/sentry-nov/code/colcon_3/install/robot_decision_system:/home/sentry-nov/code/colcon_3/install/rm_serial:/home/sentry-nov/code/colcon_3/install/rm_decision_system:/home/sentry-nov/code/colcon_3/install/rm_decision:/home/sentry-nov/code/colcon_3/install/motion_planning:/home/sentry-nov/code/colcon_3/install/path_planning:/home/sentry-nov/code/colcon_3/install/path_motion_planning:/home/sentry-nov/code/colcon_3/install/ikd_tree_mapping:/home/sentry-nov/code/colcon_3/install/rm_interface:/home/sentry-nov/code/colcon_3/install/point_lio:/home/sentry-nov/code/colcon_3/install/m_detector:/home/sentry-nov/code/colcon_3/install/fast_lio:/home/sentry-nov/code/colcon_3/install/livox_ros_driver2:/home/sentry-nov/code/colcon_3/install/icp_relocalization:/home/sentry-nov/code/colcon_3/install/altitude_map:/home/sentry-nov/code/colcon_3/install/auto_start:/opt/ros/humble /usr/bin/cmake --install /home/sentry-nov/code/colcon_3/build/altitude_map
[7.521s] -- Install configuration: "Release"
[7.521s] -- Up-to-date: /home/sentry-nov/code/colcon_3/install/altitude_map/share/altitude_map/environment/library_path.sh
[7.522s] -- Up-to-date: /home/sentry-nov/code/colcon_3/install/altitude_map/share/altitude_map/environment/library_path.dsv
[7.522s] -- Up-to-date: /home/sentry-nov/code/colcon_3/install/altitude_map/include
[7.522s] -- Up-to-date: /home/sentry-nov/code/colcon_3/install/altitude_map/include/altitude_map
[7.522s] -- Up-to-date: /home/sentry-nov/code/colcon_3/install/altitude_map/include/altitude_map/prob
[7.522s] -- Up-to-date: /home/sentry-nov/code/colcon_3/install/altitude_map/include/altitude_map/prob/sliding_map.h
[7.522s] -- Up-to-date: /home/sentry-nov/code/colcon_3/install/altitude_map/include/altitude_map/prob/prob_map.h
[7.522s] -- Up-to-date: /home/sentry-nov/code/colcon_3/install/altitude_map/include/altitude_map/prob/prob_config.hpp
[7.523s] -- Up-to-date: /home/sentry-nov/code/colcon_3/install/altitude_map/include/altitude_map/prob/raycaster.h
[7.523s] -- Up-to-date: /home/sentry-nov/code/colcon_3/install/altitude_map/include/altitude_map/altitude_map.h
[7.523s] -- Up-to-date: /home/sentry-nov/code/colcon_3/install/altitude_map/include/altitude_map/local_map.h
[7.523s] -- Up-to-date: /home/sentry-nov/code/colcon_3/install/altitude_map/include/altitude_map/cloud_generator.h
[7.523s] -- Up-to-date: /home/sentry-nov/code/colcon_3/install/altitude_map/include/altitude_map/grid_map.h
[7.523s] -- Up-to-date: /home/sentry-nov/code/colcon_3/install/altitude_map/include/altitude_map/global_map.h
[7.523s] -- Installing: /home/sentry-nov/code/colcon_3/install/altitude_map/lib/libaltitude_map.so
[7.524s] -- Installing: /home/sentry-nov/code/colcon_3/install/altitude_map/lib/altitude_map/test_global_node
[7.525s] -- Set runtime path of "/home/sentry-nov/code/colcon_3/install/altitude_map/lib/altitude_map/test_global_node" to ""
[7.526s] -- Installing: /home/sentry-nov/code/colcon_3/install/altitude_map/lib/altitude_map/test_local_node
[7.530s] -- Set runtime path of "/home/sentry-nov/code/colcon_3/install/altitude_map/lib/altitude_map/test_local_node" to ""
[7.530s] -- Up-to-date: /home/sentry-nov/code/colcon_3/install/altitude_map/lib/altitude_map/test_generate_cloud_node
[7.530s] -- Up-to-date: /home/sentry-nov/code/colcon_3/install/altitude_map/share/ament_index/resource_index/package_run_dependencies/altitude_map
[7.530s] -- Up-to-date: /home/sentry-nov/code/colcon_3/install/altitude_map/share/ament_index/resource_index/parent_prefix_path/altitude_map
[7.530s] -- Up-to-date: /home/sentry-nov/code/colcon_3/install/altitude_map/share/altitude_map/environment/ament_prefix_path.sh
[7.530s] -- Up-to-date: /home/sentry-nov/code/colcon_3/install/altitude_map/share/altitude_map/environment/ament_prefix_path.dsv
[7.531s] -- Up-to-date: /home/sentry-nov/code/colcon_3/install/altitude_map/share/altitude_map/environment/path.sh
[7.531s] -- Up-to-date: /home/sentry-nov/code/colcon_3/install/altitude_map/share/altitude_map/environment/path.dsv
[7.531s] -- Up-to-date: /home/sentry-nov/code/colcon_3/install/altitude_map/share/altitude_map/local_setup.bash
[7.531s] -- Up-to-date: /home/sentry-nov/code/colcon_3/install/altitude_map/share/altitude_map/local_setup.sh
[7.531s] -- Up-to-date: /home/sentry-nov/code/colcon_3/install/altitude_map/share/altitude_map/local_setup.zsh
[7.531s] -- Up-to-date: /home/sentry-nov/code/colcon_3/install/altitude_map/share/altitude_map/local_setup.dsv
[7.531s] -- Installing: /home/sentry-nov/code/colcon_3/install/altitude_map/share/altitude_map/package.dsv
[7.531s] -- Up-to-date: /home/sentry-nov/code/colcon_3/install/altitude_map/share/ament_index/resource_index/packages/altitude_map
[7.532s] -- Up-to-date: /home/sentry-nov/code/colcon_3/install/altitude_map/share/altitude_map/cmake/ament_cmake_export_include_directories-extras.cmake
[7.532s] -- Up-to-date: /home/sentry-nov/code/colcon_3/install/altitude_map/share/altitude_map/cmake/ament_cmake_export_libraries-extras.cmake
[7.532s] -- Up-to-date: /home/sentry-nov/code/colcon_3/install/altitude_map/share/altitude_map/cmake/altitude_mapConfig.cmake
[7.532s] -- Up-to-date: /home/sentry-nov/code/colcon_3/install/altitude_map/share/altitude_map/cmake/altitude_mapConfig-version.cmake
[7.532s] -- Up-to-date: /home/sentry-nov/code/colcon_3/install/altitude_map/share/altitude_map/package.xml
[7.535s] Invoked command in '/home/sentry-nov/code/colcon_3/build/altitude_map' returned '0': CMAKE_PREFIX_PATH=/home/sentry-nov/code/colcon_3/install/debug_tools:/home/sentry-nov/code/colcon_3/install/tilted_lidar:/home/sentry-nov/code/colcon_3/install/rviz_plugin:/home/sentry-nov/code/colcon_3/install/robot_decision_system:/home/sentry-nov/code/colcon_3/install/rm_serial:/home/sentry-nov/code/colcon_3/install/rm_decision_system:/home/sentry-nov/code/colcon_3/install/rm_decision:/home/sentry-nov/code/colcon_3/install/motion_planning:/home/sentry-nov/code/colcon_3/install/path_planning:/home/sentry-nov/code/colcon_3/install/path_motion_planning:/home/sentry-nov/code/colcon_3/install/ikd_tree_mapping:/home/sentry-nov/code/colcon_3/install/rm_interface:/home/sentry-nov/code/colcon_3/install/point_lio:/home/sentry-nov/code/colcon_3/install/m_detector:/home/sentry-nov/code/colcon_3/install/fast_lio:/home/sentry-nov/code/colcon_3/install/livox_ros_driver2:/home/sentry-nov/code/colcon_3/install/icp_relocalization:/home/sentry-nov/code/colcon_3/install/altitude_map:/home/sentry-nov/code/colcon_3/install/auto_start:/opt/ros/humble /usr/bin/cmake --install /home/sentry-nov/code/colcon_3/build/altitude_map
