[0.071s] Invoking command in '/home/sentry-nov/code/colcon_3/build/rviz_plugin': CMAKE_PREFIX_PATH=/opt/ros/humble /usr/bin/cmake /home/sentry-nov/code/colcon_3/src/common/rviz_plugin -DCMAKE_INSTALL_PREFIX=/home/sentry-nov/code/colcon_3/install/rviz_plugin
[0.093s] -- Found ament_cmake: 1.3.11 (/opt/ros/humble/share/ament_cmake/cmake)
[0.373s] -- Found rviz_common: 11.2.14 (/opt/ros/humble/share/rviz_common/cmake)
[0.458s] -- Setting assimp_DIR to: '/opt/ros/humble/share/rviz_assimp_vendor/cmake/../../../opt/rviz_assimp_vendor/lib/cmake/assimp-4.1'
[0.470s] -- Setting OGRE_DIR to: '/opt/ros/humble/share/rviz_ogre_vendor/cmake/../../../opt/rviz_ogre_vendor/lib/OGRE/cmake'
[0.480s] -- Found OGRE
[0.480s] --   static     : OFF
[0.480s] --   components : HLMS;MeshLodGenerator;Overlay;Paging;Property;RTShaderSystem;Terrain;Volume
[0.480s] --   plugins    : Plugin_BSPSceneManager;Plugin_OctreeSceneManager;Plugin_PCZSceneManager;Plugin_ParticleFX;RenderSystem_GL;RenderSystem_GL3Plus;Codec_STBI
[0.480s] --   media      : /opt/ros/humble/opt/rviz_ogre_vendor/share/OGRE/Media
[0.481s] -- OGRE_LIBRARIES: OgreHLMS;OgreMeshLodGenerator;OgreOverlay;OgrePaging;OgreProperty;OgreRTShaderSystem;OgreTerrain;OgreVolume;OgreMain
[0.481s] -- OGRE_LIBRARY_DIRS: /opt/ros/humble/opt/rviz_ogre_vendor/lib
[0.481s] -- OGRE_PLUGINS: Plugin_BSPSceneManager;Plugin_OctreeSceneManager;Plugin_PCZSceneManager;Plugin_ParticleFX;RenderSystem_GL;RenderSystem_GL3Plus;Codec_STBI
[0.481s] -- OGRE_PLUGIN_DIR: /opt/ros/humble/opt/rviz_ogre_vendor/lib/OGRE
[0.482s] -- rviz_ogre_vendor::OgreOverlay for IMPORTED_LOCATION_RELEASE: /opt/ros/humble/opt/rviz_ogre_vendor/lib/libOgreOverlay.so
[0.482s] -- rviz_ogre_vendor::OgreOverlay for IMPORTED_LOCATION_DEBUG: /opt/ros/humble/opt/rviz_ogre_vendor/lib/libOgreOverlay.so
[0.483s] -- rviz_ogre_vendor::OgreMain for IMPORTED_LOCATION_RELEASE: /opt/ros/humble/opt/rviz_ogre_vendor/lib/libOgreMain.so
[0.483s] -- rviz_ogre_vendor::OgreMain for IMPORTED_LOCATION_DEBUG: /opt/ros/humble/opt/rviz_ogre_vendor/lib/libOgreMain.so
[0.488s] -- Could not find freeimage library
[0.624s] -- library: /usr/lib/x86_64-linux-gnu/libcurl.so
[0.655s] -- Found rosidl_generator_c: 3.1.6 (/opt/ros/humble/share/rosidl_generator_c/cmake)
[0.659s] -- Found rosidl_adapter: 3.1.6 (/opt/ros/humble/share/rosidl_adapter/cmake)
[0.667s] -- Found rosidl_generator_cpp: 3.1.6 (/opt/ros/humble/share/rosidl_generator_cpp/cmake)
[0.679s] -- Using all available rosidl_typesupport_c: rosidl_typesupport_fastrtps_c;rosidl_typesupport_introspection_c
[0.696s] -- Using all available rosidl_typesupport_cpp: rosidl_typesupport_fastrtps_cpp;rosidl_typesupport_introspection_cpp
[0.820s] -- Found rmw_implementation_cmake: 6.1.2 (/opt/ros/humble/share/rmw_implementation_cmake/cmake)
[0.821s] -- Found rmw_fastrtps_cpp: 6.2.7 (/opt/ros/humble/share/rmw_fastrtps_cpp/cmake)
[0.842s] -- Found TinyXML2 via Config file: TinyXML2_DIR-NOTFOUND
[0.859s] -- Found TinyXML2 via Config file: TinyXML2_DIR-NOTFOUND
[0.881s] -- Found TinyXML2 via Config file: TinyXML2_DIR-NOTFOUND
[0.897s] -- Found TinyXML2 via Config file: TinyXML2_DIR-NOTFOUND
[0.916s] -- Using RMW implementation 'rmw_fastrtps_cpp' as default
[1.006s] -- Ensuring Eigen3 include directory is part of orocos-kdl CMake target
[1.252s] -- Found rviz_default_plugins: 11.2.14 (/opt/ros/humble/share/rviz_default_plugins/cmake)
[1.467s] -- Found OGRE
[1.467s] --   static     : OFF
[1.467s] --   components : HLMS;MeshLodGenerator;Overlay;Paging;Property;RTShaderSystem;Terrain;Volume
[1.467s] --   plugins    : Plugin_BSPSceneManager;Plugin_OctreeSceneManager;Plugin_PCZSceneManager;Plugin_ParticleFX;RenderSystem_GL;RenderSystem_GL3Plus;Codec_STBI
[1.468s] --   media      : /opt/ros/humble/opt/rviz_ogre_vendor/share/OGRE/Media
[1.480s] -- Found ament_lint_auto: 0.12.11 (/opt/ros/humble/share/ament_lint_auto/cmake)
[1.622s] -- Added test 'cppcheck' to perform static code analysis on C / C++ code
[1.624s] -- Configured cppcheck include dirs: /home/sentry-nov/code/colcon_3/src/common/rviz_plugin/include
[1.624s] -- Configured cppcheck exclude dirs and/or files: 
[1.627s] -- Added test 'lint_cmake' to check CMake code style
[1.629s] -- Added test 'uncrustify' to check C / C++ code style
[1.629s] -- Configured uncrustify additional arguments: 
[1.631s] -- Added test 'xmllint' to check XML markup files
[1.634s] -- Configuring done
[1.755s] -- Generating done
[1.772s] -- Build files have been written to: /home/sentry-nov/code/colcon_3/build/rviz_plugin
[1.802s] Invoked command in '/home/sentry-nov/code/colcon_3/build/rviz_plugin' returned '0': CMAKE_PREFIX_PATH=/opt/ros/humble /usr/bin/cmake /home/sentry-nov/code/colcon_3/src/common/rviz_plugin -DCMAKE_INSTALL_PREFIX=/home/sentry-nov/code/colcon_3/install/rviz_plugin
[1.804s] Invoking command in '/home/sentry-nov/code/colcon_3/build/rviz_plugin': CMAKE_PREFIX_PATH=/opt/ros/humble /usr/bin/cmake --build /home/sentry-nov/code/colcon_3/build/rviz_plugin -- -j12 -l12
[1.888s] [35m[1mConsolidate compiler generated dependencies of target point_publish_tool[0m
[1.888s] [35m[1mConsolidate compiler generated dependencies of target polygons_tool[0m
[1.981s] [ 50%] Built target point_publish_tool
[1.988s] [100%] Built target polygons_tool
[2.037s] Invoked command in '/home/sentry-nov/code/colcon_3/build/rviz_plugin' returned '0': CMAKE_PREFIX_PATH=/opt/ros/humble /usr/bin/cmake --build /home/sentry-nov/code/colcon_3/build/rviz_plugin -- -j12 -l12
[2.050s] Invoking command in '/home/sentry-nov/code/colcon_3/build/rviz_plugin': CMAKE_PREFIX_PATH=/opt/ros/humble /usr/bin/cmake --install /home/sentry-nov/code/colcon_3/build/rviz_plugin
[2.068s] -- Install configuration: "Release"
[2.070s] -- Up-to-date: /home/sentry-nov/code/colcon_3/install/rviz_plugin/lib/rviz_plugin/libpoint_publish_tool.so
[2.081s] -- Up-to-date: /home/sentry-nov/code/colcon_3/install/rviz_plugin/lib/rviz_plugin/libpolygons_tool.so
[2.081s] -- Up-to-date: /home/sentry-nov/code/colcon_3/install/rviz_plugin/share/rviz_plugin/plugins_1.xml
[2.081s] -- Up-to-date: /home/sentry-nov/code/colcon_3/install/rviz_plugin/share/rviz_plugin/plugins_2.xml
[2.081s] -- Up-to-date: /home/sentry-nov/code/colcon_3/install/rviz_plugin/share/ament_index/resource_index/package_run_dependencies/rviz_plugin
[2.082s] -- Up-to-date: /home/sentry-nov/code/colcon_3/install/rviz_plugin/share/ament_index/resource_index/parent_prefix_path/rviz_plugin
[2.082s] -- Up-to-date: /home/sentry-nov/code/colcon_3/install/rviz_plugin/share/rviz_plugin/environment/ament_prefix_path.sh
[2.082s] -- Installing: /home/sentry-nov/code/colcon_3/install/rviz_plugin/share/rviz_plugin/environment/ament_prefix_path.dsv
[2.082s] -- Up-to-date: /home/sentry-nov/code/colcon_3/install/rviz_plugin/share/rviz_plugin/environment/path.sh
[2.082s] -- Installing: /home/sentry-nov/code/colcon_3/install/rviz_plugin/share/rviz_plugin/environment/path.dsv
[2.082s] -- Up-to-date: /home/sentry-nov/code/colcon_3/install/rviz_plugin/share/rviz_plugin/local_setup.bash
[2.082s] -- Up-to-date: /home/sentry-nov/code/colcon_3/install/rviz_plugin/share/rviz_plugin/local_setup.sh
[2.082s] -- Up-to-date: /home/sentry-nov/code/colcon_3/install/rviz_plugin/share/rviz_plugin/local_setup.zsh
[2.083s] -- Installing: /home/sentry-nov/code/colcon_3/install/rviz_plugin/share/rviz_plugin/local_setup.dsv
[2.083s] -- Installing: /home/sentry-nov/code/colcon_3/install/rviz_plugin/share/rviz_plugin/package.dsv
[2.083s] -- Up-to-date: /home/sentry-nov/code/colcon_3/install/rviz_plugin/share/ament_index/resource_index/packages/rviz_plugin
[2.083s] -- Up-to-date: /home/sentry-nov/code/colcon_3/install/rviz_plugin/share/ament_index/resource_index/rviz_common__pluginlib__plugin/rviz_plugin
[2.083s] -- Up-to-date: /home/sentry-nov/code/colcon_3/install/rviz_plugin/share/rviz_plugin/cmake/rviz_pluginConfig.cmake
[2.083s] -- Up-to-date: /home/sentry-nov/code/colcon_3/install/rviz_plugin/share/rviz_plugin/cmake/rviz_pluginConfig-version.cmake
[2.083s] -- Up-to-date: /home/sentry-nov/code/colcon_3/install/rviz_plugin/share/rviz_plugin/package.xml
[2.124s] Invoked command in '/home/sentry-nov/code/colcon_3/build/rviz_plugin' returned '0': CMAKE_PREFIX_PATH=/opt/ros/humble /usr/bin/cmake --install /home/sentry-nov/code/colcon_3/build/rviz_plugin
