[0.043s] Invoking command in '/home/sentry-nov/code/colcon_3/build/ikd_tree_mapping': AMENT_PREFIX_PATH=/home/sentry-nov/code/colcon_3/install/rm_interface:/home/sentry-nov/code/colcon_3/install/debug_tools:${AMENT_PREFIX_PATH} CMAKE_PREFIX_PATH=/home/sentry-nov/code/colcon_3/install/rm_interface:/home/sentry-nov/code/colcon_3/install/debug_tools:/opt/ros/humble: LD_LIBRARY_PATH=/home/sentry-nov/code/colcon_3/install/rm_interface/lib:/opt/ros/humble/lib PYTHONPATH=/home/sentry-nov/code/colcon_3/install/rm_interface/local/lib/python3.10/dist-packages:${PYTHONPATH} /usr/bin/cmake --build /home/sentry-nov/code/colcon_3/build/ikd_tree_mapping -- -j12 -l12
[0.139s] [ 50%] Built target pcd_saver_node
[0.158s] [100%] Built target ikd_tree_mapping_node
[0.174s] Invoked command in '/home/sentry-nov/code/colcon_3/build/ikd_tree_mapping' returned '0': AMENT_PREFIX_PATH=/home/sentry-nov/code/colcon_3/install/rm_interface:/home/sentry-nov/code/colcon_3/install/debug_tools:${AMENT_PREFIX_PATH} CMAKE_PREFIX_PATH=/home/sentry-nov/code/colcon_3/install/rm_interface:/home/sentry-nov/code/colcon_3/install/debug_tools:/opt/ros/humble: LD_LIBRARY_PATH=/home/sentry-nov/code/colcon_3/install/rm_interface/lib:/opt/ros/humble/lib PYTHONPATH=/home/sentry-nov/code/colcon_3/install/rm_interface/local/lib/python3.10/dist-packages:${PYTHONPATH} /usr/bin/cmake --build /home/sentry-nov/code/colcon_3/build/ikd_tree_mapping -- -j12 -l12
[0.181s] Invoking command in '/home/sentry-nov/code/colcon_3/build/ikd_tree_mapping': AMENT_PREFIX_PATH=/home/sentry-nov/code/colcon_3/install/rm_interface:/home/sentry-nov/code/colcon_3/install/debug_tools:${AMENT_PREFIX_PATH} CMAKE_PREFIX_PATH=/home/sentry-nov/code/colcon_3/install/rm_interface:/home/sentry-nov/code/colcon_3/install/debug_tools:/opt/ros/humble: LD_LIBRARY_PATH=/home/sentry-nov/code/colcon_3/install/rm_interface/lib:/opt/ros/humble/lib PYTHONPATH=/home/sentry-nov/code/colcon_3/install/rm_interface/local/lib/python3.10/dist-packages:${PYTHONPATH} /usr/bin/cmake --install /home/sentry-nov/code/colcon_3/build/ikd_tree_mapping
[0.197s] -- Install configuration: "Release"
[0.202s] -- Up-to-date: /home/sentry-nov/code/colcon_3/install/ikd_tree_mapping/lib/ikd_tree_mapping/ikd_tree_mapping_node
[0.211s] -- Up-to-date: /home/sentry-nov/code/colcon_3/install/ikd_tree_mapping/lib/ikd_tree_mapping/pcd_saver_node
[0.211s] -- Up-to-date: /home/sentry-nov/code/colcon_3/install/ikd_tree_mapping/share/ament_index/resource_index/package_run_dependencies/ikd_tree_mapping
[0.211s] -- Up-to-date: /home/sentry-nov/code/colcon_3/install/ikd_tree_mapping/share/ament_index/resource_index/parent_prefix_path/ikd_tree_mapping
[0.211s] -- Up-to-date: /home/sentry-nov/code/colcon_3/install/ikd_tree_mapping/share/ikd_tree_mapping/environment/ament_prefix_path.sh
[0.211s] -- Up-to-date: /home/sentry-nov/code/colcon_3/install/ikd_tree_mapping/share/ikd_tree_mapping/environment/ament_prefix_path.dsv
[0.212s] -- Up-to-date: /home/sentry-nov/code/colcon_3/install/ikd_tree_mapping/share/ikd_tree_mapping/environment/path.sh
[0.212s] -- Up-to-date: /home/sentry-nov/code/colcon_3/install/ikd_tree_mapping/share/ikd_tree_mapping/environment/path.dsv
[0.212s] -- Up-to-date: /home/sentry-nov/code/colcon_3/install/ikd_tree_mapping/share/ikd_tree_mapping/local_setup.bash
[0.212s] -- Up-to-date: /home/sentry-nov/code/colcon_3/install/ikd_tree_mapping/share/ikd_tree_mapping/local_setup.sh
[0.212s] -- Up-to-date: /home/sentry-nov/code/colcon_3/install/ikd_tree_mapping/share/ikd_tree_mapping/local_setup.zsh
[0.212s] -- Up-to-date: /home/sentry-nov/code/colcon_3/install/ikd_tree_mapping/share/ikd_tree_mapping/local_setup.dsv
[0.212s] -- Installing: /home/sentry-nov/code/colcon_3/install/ikd_tree_mapping/share/ikd_tree_mapping/package.dsv
[0.215s] -- Up-to-date: /home/sentry-nov/code/colcon_3/install/ikd_tree_mapping/share/ament_index/resource_index/packages/ikd_tree_mapping
[0.215s] -- Up-to-date: /home/sentry-nov/code/colcon_3/install/ikd_tree_mapping/share/ikd_tree_mapping/cmake/ikd_tree_mappingConfig.cmake
[0.215s] -- Up-to-date: /home/sentry-nov/code/colcon_3/install/ikd_tree_mapping/share/ikd_tree_mapping/cmake/ikd_tree_mappingConfig-version.cmake
[0.215s] -- Up-to-date: /home/sentry-nov/code/colcon_3/install/ikd_tree_mapping/share/ikd_tree_mapping/package.xml
[0.219s] Invoked command in '/home/sentry-nov/code/colcon_3/build/ikd_tree_mapping' returned '0': AMENT_PREFIX_PATH=/home/sentry-nov/code/colcon_3/install/rm_interface:/home/sentry-nov/code/colcon_3/install/debug_tools:${AMENT_PREFIX_PATH} CMAKE_PREFIX_PATH=/home/sentry-nov/code/colcon_3/install/rm_interface:/home/sentry-nov/code/colcon_3/install/debug_tools:/opt/ros/humble: LD_LIBRARY_PATH=/home/sentry-nov/code/colcon_3/install/rm_interface/lib:/opt/ros/humble/lib PYTHONPATH=/home/sentry-nov/code/colcon_3/install/rm_interface/local/lib/python3.10/dist-packages:${PYTHONPATH} /usr/bin/cmake --install /home/sentry-nov/code/colcon_3/build/ikd_tree_mapping
