[0.241s] DEBUG:colcon:Command line arguments: ['/usr/bin/colcon', 'build', '--packages-select', 'rm_decision_system']
[0.241s] DEBUG:colcon:Parsed command line arguments: Namespace(log_base=None, log_level=None, verb_name='build', build_base='build', install_base='install', merge_install=False, symlink_install=False, test_result_base=None, continue_on_error=False, executor='parallel', parallel_workers=12, event_handlers=None, ignore_user_meta=False, metas=['./colcon.meta'], base_paths=['.'], packages_ignore=None, packages_ignore_regex=None, paths=None, packages_up_to=None, packages_up_to_regex=None, packages_above=None, packages_above_and_dependencies=None, packages_above_depth=None, packages_select_by_dep=None, packages_skip_by_dep=None, packages_skip_up_to=None, packages_select_build_failed=False, packages_skip_build_finished=False, packages_select_test_failures=False, packages_skip_test_passed=False, packages_select=['rm_decision_system'], packages_skip=None, packages_select_regex=None, packages_skip_regex=None, packages_start=None, packages_end=None, allow_overriding=[], cmake_args=None, cmake_target=None, cmake_target_skip_unavailable=False, cmake_clean_cache=False, cmake_clean_first=False, cmake_force_configure=False, ament_cmake_args=None, catkin_cmake_args=None, catkin_skip_building_tests=False, mixin_files=None, mixin=None, verb_parser=<colcon_mixin.mixin.mixin_argument.MixinArgumentDecorator object at 0x7ff4ed431c00>, verb_extension=<colcon_core.verb.build.BuildVerb object at 0x7ff4ed431690>, main=<bound method BuildVerb.main of <colcon_core.verb.build.BuildVerb object at 0x7ff4ed431690>>, mixin_verb=('build',))
[0.385s] Level 1:colcon.colcon_core.package_discovery:discover_packages(colcon_meta) check parameters
[0.385s] Level 1:colcon.colcon_core.package_discovery:discover_packages(recursive) check parameters
[0.392s] Level 1:colcon.colcon_core.package_discovery:discover_packages(ignore) check parameters
[0.392s] Level 1:colcon.colcon_core.package_discovery:discover_packages(path) check parameters
[0.392s] Level 1:colcon.colcon_core.package_discovery:discover_packages(colcon_meta) discover
[0.392s] Level 1:colcon.colcon_core.package_discovery:discover_packages(recursive) discover
[0.392s] INFO:colcon.colcon_core.package_discovery:Crawling recursively for packages in '/home/sentry-nov/code/colcon_3'
[0.392s] Level 1:colcon.colcon_core.package_identification:_identify(.) by extensions ['ignore', 'ignore_ament_install']
[0.392s] Level 1:colcon.colcon_core.package_identification:_identify(.) by extension 'ignore'
[0.393s] Level 1:colcon.colcon_core.package_identification:_identify(.) by extension 'ignore_ament_install'
[0.393s] Level 1:colcon.colcon_core.package_identification:_identify(.) by extensions ['colcon_pkg']
[0.393s] Level 1:colcon.colcon_core.package_identification:_identify(.) by extension 'colcon_pkg'
[0.393s] Level 1:colcon.colcon_core.package_identification:_identify(.) by extensions ['colcon_meta']
[0.393s] Level 1:colcon.colcon_core.package_identification:_identify(.) by extension 'colcon_meta'
[0.393s] Level 1:colcon.colcon_core.package_identification:_identify(.) by extensions ['ros']
[0.393s] Level 1:colcon.colcon_core.package_identification:_identify(.) by extension 'ros'
[0.404s] Level 1:colcon.colcon_core.package_identification:_identify(.) by extensions ['cmake', 'python']
[0.404s] Level 1:colcon.colcon_core.package_identification:_identify(.) by extension 'cmake'
[0.404s] Level 1:colcon.colcon_core.package_identification:_identify(.) by extension 'python'
[0.404s] Level 1:colcon.colcon_core.package_identification:_identify(.) by extensions ['python_setup_py']
[0.404s] Level 1:colcon.colcon_core.package_identification:_identify(.) by extension 'python_setup_py'
[0.404s] Level 1:colcon.colcon_core.package_identification:_identify(build) by extensions ['ignore', 'ignore_ament_install']
[0.404s] Level 1:colcon.colcon_core.package_identification:_identify(build) by extension 'ignore'
[0.404s] Level 1:colcon.colcon_core.package_identification:_identify(build) ignored
[0.405s] Level 1:colcon.colcon_core.package_identification:_identify(install) by extensions ['ignore', 'ignore_ament_install']
[0.405s] Level 1:colcon.colcon_core.package_identification:_identify(install) by extension 'ignore'
[0.405s] Level 1:colcon.colcon_core.package_identification:_identify(install) ignored
[0.405s] Level 1:colcon.colcon_core.package_identification:_identify(log) by extensions ['ignore', 'ignore_ament_install']
[0.405s] Level 1:colcon.colcon_core.package_identification:_identify(log) by extension 'ignore'
[0.405s] Level 1:colcon.colcon_core.package_identification:_identify(log) ignored
[0.405s] Level 1:colcon.colcon_core.package_identification:_identify(src) by extensions ['ignore', 'ignore_ament_install']
[0.405s] Level 1:colcon.colcon_core.package_identification:_identify(src) by extension 'ignore'
[0.405s] Level 1:colcon.colcon_core.package_identification:_identify(src) by extension 'ignore_ament_install'
[0.405s] Level 1:colcon.colcon_core.package_identification:_identify(src) by extensions ['colcon_pkg']
[0.405s] Level 1:colcon.colcon_core.package_identification:_identify(src) by extension 'colcon_pkg'
[0.405s] Level 1:colcon.colcon_core.package_identification:_identify(src) by extensions ['colcon_meta']
[0.405s] Level 1:colcon.colcon_core.package_identification:_identify(src) by extension 'colcon_meta'
[0.405s] Level 1:colcon.colcon_core.package_identification:_identify(src) by extensions ['ros']
[0.405s] Level 1:colcon.colcon_core.package_identification:_identify(src) by extension 'ros'
[0.405s] Level 1:colcon.colcon_core.package_identification:_identify(src) by extensions ['cmake', 'python']
[0.406s] Level 1:colcon.colcon_core.package_identification:_identify(src) by extension 'cmake'
[0.406s] Level 1:colcon.colcon_core.package_identification:_identify(src) by extension 'python'
[0.406s] Level 1:colcon.colcon_core.package_identification:_identify(src) by extensions ['python_setup_py']
[0.406s] Level 1:colcon.colcon_core.package_identification:_identify(src) by extension 'python_setup_py'
[0.406s] Level 1:colcon.colcon_core.package_identification:_identify(src/auto_start) by extensions ['ignore', 'ignore_ament_install']
[0.406s] Level 1:colcon.colcon_core.package_identification:_identify(src/auto_start) by extension 'ignore'
[0.406s] Level 1:colcon.colcon_core.package_identification:_identify(src/auto_start) by extension 'ignore_ament_install'
[0.406s] Level 1:colcon.colcon_core.package_identification:_identify(src/auto_start) by extensions ['colcon_pkg']
[0.406s] Level 1:colcon.colcon_core.package_identification:_identify(src/auto_start) by extension 'colcon_pkg'
[0.406s] Level 1:colcon.colcon_core.package_identification:_identify(src/auto_start) by extensions ['colcon_meta']
[0.406s] Level 1:colcon.colcon_core.package_identification:_identify(src/auto_start) by extension 'colcon_meta'
[0.406s] Level 1:colcon.colcon_core.package_identification:_identify(src/auto_start) by extensions ['ros']
[0.406s] Level 1:colcon.colcon_core.package_identification:_identify(src/auto_start) by extension 'ros'
[0.408s] DEBUG:colcon.colcon_core.package_identification:Package 'src/auto_start' with type 'ros.ament_cmake' and name 'auto_start'
[0.408s] Level 1:colcon.colcon_core.package_identification:_identify(src/build) by extensions ['ignore', 'ignore_ament_install']
[0.408s] Level 1:colcon.colcon_core.package_identification:_identify(src/build) by extension 'ignore'
[0.408s] Level 1:colcon.colcon_core.package_identification:_identify(src/build) ignored
[0.408s] Level 1:colcon.colcon_core.package_identification:_identify(src/common) by extensions ['ignore', 'ignore_ament_install']
[0.408s] Level 1:colcon.colcon_core.package_identification:_identify(src/common) by extension 'ignore'
[0.408s] Level 1:colcon.colcon_core.package_identification:_identify(src/common) by extension 'ignore_ament_install'
[0.409s] Level 1:colcon.colcon_core.package_identification:_identify(src/common) by extensions ['colcon_pkg']
[0.409s] Level 1:colcon.colcon_core.package_identification:_identify(src/common) by extension 'colcon_pkg'
[0.409s] Level 1:colcon.colcon_core.package_identification:_identify(src/common) by extensions ['colcon_meta']
[0.409s] Level 1:colcon.colcon_core.package_identification:_identify(src/common) by extension 'colcon_meta'
[0.409s] Level 1:colcon.colcon_core.package_identification:_identify(src/common) by extensions ['ros']
[0.409s] Level 1:colcon.colcon_core.package_identification:_identify(src/common) by extension 'ros'
[0.409s] Level 1:colcon.colcon_core.package_identification:_identify(src/common) by extensions ['cmake', 'python']
[0.409s] Level 1:colcon.colcon_core.package_identification:_identify(src/common) by extension 'cmake'
[0.409s] Level 1:colcon.colcon_core.package_identification:_identify(src/common) by extension 'python'
[0.409s] Level 1:colcon.colcon_core.package_identification:_identify(src/common) by extensions ['python_setup_py']
[0.409s] Level 1:colcon.colcon_core.package_identification:_identify(src/common) by extension 'python_setup_py'
[0.409s] Level 1:colcon.colcon_core.package_identification:_identify(src/common/debug_tools) by extensions ['ignore', 'ignore_ament_install']
[0.409s] Level 1:colcon.colcon_core.package_identification:_identify(src/common/debug_tools) by extension 'ignore'
[0.409s] Level 1:colcon.colcon_core.package_identification:_identify(src/common/debug_tools) by extension 'ignore_ament_install'
[0.409s] Level 1:colcon.colcon_core.package_identification:_identify(src/common/debug_tools) by extensions ['colcon_pkg']
[0.409s] Level 1:colcon.colcon_core.package_identification:_identify(src/common/debug_tools) by extension 'colcon_pkg'
[0.409s] Level 1:colcon.colcon_core.package_identification:_identify(src/common/debug_tools) by extensions ['colcon_meta']
[0.409s] Level 1:colcon.colcon_core.package_identification:_identify(src/common/debug_tools) by extension 'colcon_meta'
[0.409s] Level 1:colcon.colcon_core.package_identification:_identify(src/common/debug_tools) by extensions ['ros']
[0.409s] Level 1:colcon.colcon_core.package_identification:_identify(src/common/debug_tools) by extension 'ros'
[0.410s] DEBUG:colcon.colcon_core.package_identification:Package 'src/common/debug_tools' with type 'ros.ament_cmake' and name 'debug_tools'
[0.410s] Level 1:colcon.colcon_core.package_identification:_identify(src/common/livox_ros_driver2) by extensions ['ignore', 'ignore_ament_install']
[0.410s] Level 1:colcon.colcon_core.package_identification:_identify(src/common/livox_ros_driver2) by extension 'ignore'
[0.410s] Level 1:colcon.colcon_core.package_identification:_identify(src/common/livox_ros_driver2) by extension 'ignore_ament_install'
[0.410s] Level 1:colcon.colcon_core.package_identification:_identify(src/common/livox_ros_driver2) by extensions ['colcon_pkg']
[0.410s] Level 1:colcon.colcon_core.package_identification:_identify(src/common/livox_ros_driver2) by extension 'colcon_pkg'
[0.410s] Level 1:colcon.colcon_core.package_identification:_identify(src/common/livox_ros_driver2) by extensions ['colcon_meta']
[0.410s] Level 1:colcon.colcon_core.package_identification:_identify(src/common/livox_ros_driver2) by extension 'colcon_meta'
[0.410s] Level 1:colcon.colcon_core.package_identification:_identify(src/common/livox_ros_driver2) by extensions ['ros']
[0.410s] Level 1:colcon.colcon_core.package_identification:_identify(src/common/livox_ros_driver2) by extension 'ros'
[0.411s] DEBUG:colcon.colcon_core.package_identification:Package 'src/common/livox_ros_driver2' with type 'ros.ament_cmake' and name 'livox_ros_driver2'
[0.411s] Level 1:colcon.colcon_core.package_identification:_identify(src/common/rm_decision) by extensions ['ignore', 'ignore_ament_install']
[0.412s] Level 1:colcon.colcon_core.package_identification:_identify(src/common/rm_decision) by extension 'ignore'
[0.412s] Level 1:colcon.colcon_core.package_identification:_identify(src/common/rm_decision) by extension 'ignore_ament_install'
[0.412s] Level 1:colcon.colcon_core.package_identification:_identify(src/common/rm_decision) by extensions ['colcon_pkg']
[0.412s] Level 1:colcon.colcon_core.package_identification:_identify(src/common/rm_decision) by extension 'colcon_pkg'
[0.412s] Level 1:colcon.colcon_core.package_identification:_identify(src/common/rm_decision) by extensions ['colcon_meta']
[0.412s] Level 1:colcon.colcon_core.package_identification:_identify(src/common/rm_decision) by extension 'colcon_meta'
[0.412s] Level 1:colcon.colcon_core.package_identification:_identify(src/common/rm_decision) by extensions ['ros']
[0.412s] Level 1:colcon.colcon_core.package_identification:_identify(src/common/rm_decision) by extension 'ros'
[0.413s] DEBUG:colcon.colcon_core.package_identification:Package 'src/common/rm_decision' with type 'ros.ament_cmake' and name 'rm_decision'
[0.413s] Level 1:colcon.colcon_core.package_identification:_identify(src/common/rm_interface) by extensions ['ignore', 'ignore_ament_install']
[0.413s] Level 1:colcon.colcon_core.package_identification:_identify(src/common/rm_interface) by extension 'ignore'
[0.413s] Level 1:colcon.colcon_core.package_identification:_identify(src/common/rm_interface) by extension 'ignore_ament_install'
[0.413s] Level 1:colcon.colcon_core.package_identification:_identify(src/common/rm_interface) by extensions ['colcon_pkg']
[0.413s] Level 1:colcon.colcon_core.package_identification:_identify(src/common/rm_interface) by extension 'colcon_pkg'
[0.413s] Level 1:colcon.colcon_core.package_identification:_identify(src/common/rm_interface) by extensions ['colcon_meta']
[0.413s] Level 1:colcon.colcon_core.package_identification:_identify(src/common/rm_interface) by extension 'colcon_meta'
[0.413s] Level 1:colcon.colcon_core.package_identification:_identify(src/common/rm_interface) by extensions ['ros']
[0.413s] Level 1:colcon.colcon_core.package_identification:_identify(src/common/rm_interface) by extension 'ros'
[0.414s] DEBUG:colcon.colcon_core.package_identification:Package 'src/common/rm_interface' with type 'ros.ament_cmake' and name 'rm_interface'
[0.414s] Level 1:colcon.colcon_core.package_identification:_identify(src/common/rm_serial) by extensions ['ignore', 'ignore_ament_install']
[0.414s] Level 1:colcon.colcon_core.package_identification:_identify(src/common/rm_serial) by extension 'ignore'
[0.415s] Level 1:colcon.colcon_core.package_identification:_identify(src/common/rm_serial) by extension 'ignore_ament_install'
[0.415s] Level 1:colcon.colcon_core.package_identification:_identify(src/common/rm_serial) by extensions ['colcon_pkg']
[0.415s] Level 1:colcon.colcon_core.package_identification:_identify(src/common/rm_serial) by extension 'colcon_pkg'
[0.415s] Level 1:colcon.colcon_core.package_identification:_identify(src/common/rm_serial) by extensions ['colcon_meta']
[0.415s] Level 1:colcon.colcon_core.package_identification:_identify(src/common/rm_serial) by extension 'colcon_meta'
[0.415s] Level 1:colcon.colcon_core.package_identification:_identify(src/common/rm_serial) by extensions ['ros']
[0.415s] Level 1:colcon.colcon_core.package_identification:_identify(src/common/rm_serial) by extension 'ros'
[0.416s] DEBUG:colcon.colcon_core.package_identification:Package 'src/common/rm_serial' with type 'ros.ament_cmake' and name 'rm_serial'
[0.416s] Level 1:colcon.colcon_core.package_identification:_identify(src/common/rviz_plugin) by extensions ['ignore', 'ignore_ament_install']
[0.416s] Level 1:colcon.colcon_core.package_identification:_identify(src/common/rviz_plugin) by extension 'ignore'
[0.416s] Level 1:colcon.colcon_core.package_identification:_identify(src/common/rviz_plugin) by extension 'ignore_ament_install'
[0.416s] Level 1:colcon.colcon_core.package_identification:_identify(src/common/rviz_plugin) by extensions ['colcon_pkg']
[0.416s] Level 1:colcon.colcon_core.package_identification:_identify(src/common/rviz_plugin) by extension 'colcon_pkg'
[0.416s] Level 1:colcon.colcon_core.package_identification:_identify(src/common/rviz_plugin) by extensions ['colcon_meta']
[0.416s] Level 1:colcon.colcon_core.package_identification:_identify(src/common/rviz_plugin) by extension 'colcon_meta'
[0.416s] Level 1:colcon.colcon_core.package_identification:_identify(src/common/rviz_plugin) by extensions ['ros']
[0.416s] Level 1:colcon.colcon_core.package_identification:_identify(src/common/rviz_plugin) by extension 'ros'
[0.417s] DEBUG:colcon.colcon_core.package_identification:Package 'src/common/rviz_plugin' with type 'ros.ament_cmake' and name 'rviz_plugin'
[0.417s] Level 1:colcon.colcon_core.package_identification:_identify(src/install) by extensions ['ignore', 'ignore_ament_install']
[0.417s] Level 1:colcon.colcon_core.package_identification:_identify(src/install) by extension 'ignore'
[0.417s] Level 1:colcon.colcon_core.package_identification:_identify(src/install) ignored
[0.417s] Level 1:colcon.colcon_core.package_identification:_identify(src/log) by extensions ['ignore', 'ignore_ament_install']
[0.417s] Level 1:colcon.colcon_core.package_identification:_identify(src/log) by extension 'ignore'
[0.417s] Level 1:colcon.colcon_core.package_identification:_identify(src/log) ignored
[0.417s] Level 1:colcon.colcon_core.package_identification:_identify(src/navigation) by extensions ['ignore', 'ignore_ament_install']
[0.417s] Level 1:colcon.colcon_core.package_identification:_identify(src/navigation) by extension 'ignore'
[0.417s] Level 1:colcon.colcon_core.package_identification:_identify(src/navigation) by extension 'ignore_ament_install'
[0.417s] Level 1:colcon.colcon_core.package_identification:_identify(src/navigation) by extensions ['colcon_pkg']
[0.417s] Level 1:colcon.colcon_core.package_identification:_identify(src/navigation) by extension 'colcon_pkg'
[0.417s] Level 1:colcon.colcon_core.package_identification:_identify(src/navigation) by extensions ['colcon_meta']
[0.417s] Level 1:colcon.colcon_core.package_identification:_identify(src/navigation) by extension 'colcon_meta'
[0.417s] Level 1:colcon.colcon_core.package_identification:_identify(src/navigation) by extensions ['ros']
[0.417s] Level 1:colcon.colcon_core.package_identification:_identify(src/navigation) by extension 'ros'
[0.418s] Level 1:colcon.colcon_core.package_identification:_identify(src/navigation) by extensions ['cmake', 'python']
[0.418s] Level 1:colcon.colcon_core.package_identification:_identify(src/navigation) by extension 'cmake'
[0.418s] Level 1:colcon.colcon_core.package_identification:_identify(src/navigation) by extension 'python'
[0.418s] Level 1:colcon.colcon_core.package_identification:_identify(src/navigation) by extensions ['python_setup_py']
[0.418s] Level 1:colcon.colcon_core.package_identification:_identify(src/navigation) by extension 'python_setup_py'
[0.418s] Level 1:colcon.colcon_core.package_identification:_identify(src/navigation/altitude_map) by extensions ['ignore', 'ignore_ament_install']
[0.418s] Level 1:colcon.colcon_core.package_identification:_identify(src/navigation/altitude_map) by extension 'ignore'
[0.418s] Level 1:colcon.colcon_core.package_identification:_identify(src/navigation/altitude_map) by extension 'ignore_ament_install'
[0.418s] Level 1:colcon.colcon_core.package_identification:_identify(src/navigation/altitude_map) by extensions ['colcon_pkg']
[0.418s] Level 1:colcon.colcon_core.package_identification:_identify(src/navigation/altitude_map) by extension 'colcon_pkg'
[0.418s] Level 1:colcon.colcon_core.package_identification:_identify(src/navigation/altitude_map) by extensions ['colcon_meta']
[0.418s] Level 1:colcon.colcon_core.package_identification:_identify(src/navigation/altitude_map) by extension 'colcon_meta'
[0.418s] Level 1:colcon.colcon_core.package_identification:_identify(src/navigation/altitude_map) by extensions ['ros']
[0.418s] Level 1:colcon.colcon_core.package_identification:_identify(src/navigation/altitude_map) by extension 'ros'
[0.419s] DEBUG:colcon.colcon_core.package_identification:Package 'src/navigation/altitude_map' with type 'ros.ament_cmake' and name 'altitude_map'
[0.419s] Level 1:colcon.colcon_core.package_identification:_identify(src/navigation/motion_planning) by extensions ['ignore', 'ignore_ament_install']
[0.419s] Level 1:colcon.colcon_core.package_identification:_identify(src/navigation/motion_planning) by extension 'ignore'
[0.419s] Level 1:colcon.colcon_core.package_identification:_identify(src/navigation/motion_planning) by extension 'ignore_ament_install'
[0.419s] Level 1:colcon.colcon_core.package_identification:_identify(src/navigation/motion_planning) by extensions ['colcon_pkg']
[0.419s] Level 1:colcon.colcon_core.package_identification:_identify(src/navigation/motion_planning) by extension 'colcon_pkg'
[0.419s] Level 1:colcon.colcon_core.package_identification:_identify(src/navigation/motion_planning) by extensions ['colcon_meta']
[0.419s] Level 1:colcon.colcon_core.package_identification:_identify(src/navigation/motion_planning) by extension 'colcon_meta'
[0.419s] Level 1:colcon.colcon_core.package_identification:_identify(src/navigation/motion_planning) by extensions ['ros']
[0.419s] Level 1:colcon.colcon_core.package_identification:_identify(src/navigation/motion_planning) by extension 'ros'
[0.420s] DEBUG:colcon.colcon_core.package_identification:Package 'src/navigation/motion_planning' with type 'ros.ament_cmake' and name 'motion_planning'
[0.420s] Level 1:colcon.colcon_core.package_identification:_identify(src/navigation/path_motion_planning) by extensions ['ignore', 'ignore_ament_install']
[0.420s] Level 1:colcon.colcon_core.package_identification:_identify(src/navigation/path_motion_planning) by extension 'ignore'
[0.420s] Level 1:colcon.colcon_core.package_identification:_identify(src/navigation/path_motion_planning) by extension 'ignore_ament_install'
[0.420s] Level 1:colcon.colcon_core.package_identification:_identify(src/navigation/path_motion_planning) by extensions ['colcon_pkg']
[0.420s] Level 1:colcon.colcon_core.package_identification:_identify(src/navigation/path_motion_planning) by extension 'colcon_pkg'
[0.420s] Level 1:colcon.colcon_core.package_identification:_identify(src/navigation/path_motion_planning) by extensions ['colcon_meta']
[0.420s] Level 1:colcon.colcon_core.package_identification:_identify(src/navigation/path_motion_planning) by extension 'colcon_meta'
[0.420s] Level 1:colcon.colcon_core.package_identification:_identify(src/navigation/path_motion_planning) by extensions ['ros']
[0.420s] Level 1:colcon.colcon_core.package_identification:_identify(src/navigation/path_motion_planning) by extension 'ros'
[0.421s] DEBUG:colcon.colcon_core.package_identification:Package 'src/navigation/path_motion_planning' with type 'ros.ament_cmake' and name 'path_motion_planning'
[0.421s] Level 1:colcon.colcon_core.package_identification:_identify(src/navigation/path_planning) by extensions ['ignore', 'ignore_ament_install']
[0.421s] Level 1:colcon.colcon_core.package_identification:_identify(src/navigation/path_planning) by extension 'ignore'
[0.421s] Level 1:colcon.colcon_core.package_identification:_identify(src/navigation/path_planning) by extension 'ignore_ament_install'
[0.421s] Level 1:colcon.colcon_core.package_identification:_identify(src/navigation/path_planning) by extensions ['colcon_pkg']
[0.422s] Level 1:colcon.colcon_core.package_identification:_identify(src/navigation/path_planning) by extension 'colcon_pkg'
[0.422s] Level 1:colcon.colcon_core.package_identification:_identify(src/navigation/path_planning) by extensions ['colcon_meta']
[0.422s] Level 1:colcon.colcon_core.package_identification:_identify(src/navigation/path_planning) by extension 'colcon_meta'
[0.422s] Level 1:colcon.colcon_core.package_identification:_identify(src/navigation/path_planning) by extensions ['ros']
[0.422s] Level 1:colcon.colcon_core.package_identification:_identify(src/navigation/path_planning) by extension 'ros'
[0.423s] DEBUG:colcon.colcon_core.package_identification:Package 'src/navigation/path_planning' with type 'ros.ament_cmake' and name 'path_planning'
[0.423s] Level 1:colcon.colcon_core.package_identification:_identify(src/navigation/rm_decision_system) by extensions ['ignore', 'ignore_ament_install']
[0.423s] Level 1:colcon.colcon_core.package_identification:_identify(src/navigation/rm_decision_system) by extension 'ignore'
[0.423s] Level 1:colcon.colcon_core.package_identification:_identify(src/navigation/rm_decision_system) by extension 'ignore_ament_install'
[0.423s] Level 1:colcon.colcon_core.package_identification:_identify(src/navigation/rm_decision_system) by extensions ['colcon_pkg']
[0.423s] Level 1:colcon.colcon_core.package_identification:_identify(src/navigation/rm_decision_system) by extension 'colcon_pkg'
[0.423s] Level 1:colcon.colcon_core.package_identification:_identify(src/navigation/rm_decision_system) by extensions ['colcon_meta']
[0.423s] Level 1:colcon.colcon_core.package_identification:_identify(src/navigation/rm_decision_system) by extension 'colcon_meta'
[0.423s] Level 1:colcon.colcon_core.package_identification:_identify(src/navigation/rm_decision_system) by extensions ['ros']
[0.423s] Level 1:colcon.colcon_core.package_identification:_identify(src/navigation/rm_decision_system) by extension 'ros'
[0.424s] DEBUG:colcon.colcon_core.package_identification:Package 'src/navigation/rm_decision_system' with type 'ros.ament_cmake' and name 'rm_decision_system'
[0.424s] Level 1:colcon.colcon_core.package_identification:_identify(src/slam) by extensions ['ignore', 'ignore_ament_install']
[0.424s] Level 1:colcon.colcon_core.package_identification:_identify(src/slam) by extension 'ignore'
[0.424s] Level 1:colcon.colcon_core.package_identification:_identify(src/slam) by extension 'ignore_ament_install'
[0.424s] Level 1:colcon.colcon_core.package_identification:_identify(src/slam) by extensions ['colcon_pkg']
[0.424s] Level 1:colcon.colcon_core.package_identification:_identify(src/slam) by extension 'colcon_pkg'
[0.424s] Level 1:colcon.colcon_core.package_identification:_identify(src/slam) by extensions ['colcon_meta']
[0.424s] Level 1:colcon.colcon_core.package_identification:_identify(src/slam) by extension 'colcon_meta'
[0.424s] Level 1:colcon.colcon_core.package_identification:_identify(src/slam) by extensions ['ros']
[0.424s] Level 1:colcon.colcon_core.package_identification:_identify(src/slam) by extension 'ros'
[0.424s] Level 1:colcon.colcon_core.package_identification:_identify(src/slam) by extensions ['cmake', 'python']
[0.424s] Level 1:colcon.colcon_core.package_identification:_identify(src/slam) by extension 'cmake'
[0.424s] Level 1:colcon.colcon_core.package_identification:_identify(src/slam) by extension 'python'
[0.424s] Level 1:colcon.colcon_core.package_identification:_identify(src/slam) by extensions ['python_setup_py']
[0.424s] Level 1:colcon.colcon_core.package_identification:_identify(src/slam) by extension 'python_setup_py'
[0.424s] Level 1:colcon.colcon_core.package_identification:_identify(src/slam/FAST_LIO-ROS2) by extensions ['ignore', 'ignore_ament_install']
[0.424s] Level 1:colcon.colcon_core.package_identification:_identify(src/slam/FAST_LIO-ROS2) by extension 'ignore'
[0.424s] Level 1:colcon.colcon_core.package_identification:_identify(src/slam/FAST_LIO-ROS2) by extension 'ignore_ament_install'
[0.424s] Level 1:colcon.colcon_core.package_identification:_identify(src/slam/FAST_LIO-ROS2) by extensions ['colcon_pkg']
[0.424s] Level 1:colcon.colcon_core.package_identification:_identify(src/slam/FAST_LIO-ROS2) by extension 'colcon_pkg'
[0.425s] Level 1:colcon.colcon_core.package_identification:_identify(src/slam/FAST_LIO-ROS2) by extensions ['colcon_meta']
[0.425s] Level 1:colcon.colcon_core.package_identification:_identify(src/slam/FAST_LIO-ROS2) by extension 'colcon_meta'
[0.425s] Level 1:colcon.colcon_core.package_identification:_identify(src/slam/FAST_LIO-ROS2) by extensions ['ros']
[0.425s] Level 1:colcon.colcon_core.package_identification:_identify(src/slam/FAST_LIO-ROS2) by extension 'ros'
[0.426s] DEBUG:colcon.colcon_core.package_identification:Package 'src/slam/FAST_LIO-ROS2' with type 'ros.ament_cmake' and name 'fast_lio'
[0.426s] Level 1:colcon.colcon_core.package_identification:_identify(src/slam/icp_relocalization) by extensions ['ignore', 'ignore_ament_install']
[0.426s] Level 1:colcon.colcon_core.package_identification:_identify(src/slam/icp_relocalization) by extension 'ignore'
[0.426s] Level 1:colcon.colcon_core.package_identification:_identify(src/slam/icp_relocalization) by extension 'ignore_ament_install'
[0.426s] Level 1:colcon.colcon_core.package_identification:_identify(src/slam/icp_relocalization) by extensions ['colcon_pkg']
[0.426s] Level 1:colcon.colcon_core.package_identification:_identify(src/slam/icp_relocalization) by extension 'colcon_pkg'
[0.426s] Level 1:colcon.colcon_core.package_identification:_identify(src/slam/icp_relocalization) by extensions ['colcon_meta']
[0.426s] Level 1:colcon.colcon_core.package_identification:_identify(src/slam/icp_relocalization) by extension 'colcon_meta'
[0.426s] Level 1:colcon.colcon_core.package_identification:_identify(src/slam/icp_relocalization) by extensions ['ros']
[0.426s] Level 1:colcon.colcon_core.package_identification:_identify(src/slam/icp_relocalization) by extension 'ros'
[0.427s] DEBUG:colcon.colcon_core.package_identification:Package 'src/slam/icp_relocalization' with type 'ros.ament_cmake' and name 'icp_relocalization'
[0.427s] Level 1:colcon.colcon_core.package_identification:_identify(src/slam/ikd_tree_mapping) by extensions ['ignore', 'ignore_ament_install']
[0.427s] Level 1:colcon.colcon_core.package_identification:_identify(src/slam/ikd_tree_mapping) by extension 'ignore'
[0.427s] Level 1:colcon.colcon_core.package_identification:_identify(src/slam/ikd_tree_mapping) by extension 'ignore_ament_install'
[0.427s] Level 1:colcon.colcon_core.package_identification:_identify(src/slam/ikd_tree_mapping) by extensions ['colcon_pkg']
[0.427s] Level 1:colcon.colcon_core.package_identification:_identify(src/slam/ikd_tree_mapping) by extension 'colcon_pkg'
[0.427s] Level 1:colcon.colcon_core.package_identification:_identify(src/slam/ikd_tree_mapping) by extensions ['colcon_meta']
[0.427s] Level 1:colcon.colcon_core.package_identification:_identify(src/slam/ikd_tree_mapping) by extension 'colcon_meta'
[0.427s] Level 1:colcon.colcon_core.package_identification:_identify(src/slam/ikd_tree_mapping) by extensions ['ros']
[0.427s] Level 1:colcon.colcon_core.package_identification:_identify(src/slam/ikd_tree_mapping) by extension 'ros'
[0.428s] DEBUG:colcon.colcon_core.package_identification:Package 'src/slam/ikd_tree_mapping' with type 'ros.ament_cmake' and name 'ikd_tree_mapping'
[0.428s] Level 1:colcon.colcon_core.package_identification:_identify(src/slam/m_detector) by extensions ['ignore', 'ignore_ament_install']
[0.428s] Level 1:colcon.colcon_core.package_identification:_identify(src/slam/m_detector) by extension 'ignore'
[0.428s] Level 1:colcon.colcon_core.package_identification:_identify(src/slam/m_detector) by extension 'ignore_ament_install'
[0.429s] Level 1:colcon.colcon_core.package_identification:_identify(src/slam/m_detector) by extensions ['colcon_pkg']
[0.429s] Level 1:colcon.colcon_core.package_identification:_identify(src/slam/m_detector) by extension 'colcon_pkg'
[0.429s] Level 1:colcon.colcon_core.package_identification:_identify(src/slam/m_detector) by extensions ['colcon_meta']
[0.429s] Level 1:colcon.colcon_core.package_identification:_identify(src/slam/m_detector) by extension 'colcon_meta'
[0.429s] Level 1:colcon.colcon_core.package_identification:_identify(src/slam/m_detector) by extensions ['ros']
[0.429s] Level 1:colcon.colcon_core.package_identification:_identify(src/slam/m_detector) by extension 'ros'
[0.430s] DEBUG:colcon.colcon_core.package_identification:Package 'src/slam/m_detector' with type 'ros.ament_cmake' and name 'm_detector'
[0.430s] Level 1:colcon.colcon_core.package_identification:_identify(src/slam/point_lio_ros2) by extensions ['ignore', 'ignore_ament_install']
[0.430s] Level 1:colcon.colcon_core.package_identification:_identify(src/slam/point_lio_ros2) by extension 'ignore'
[0.430s] Level 1:colcon.colcon_core.package_identification:_identify(src/slam/point_lio_ros2) by extension 'ignore_ament_install'
[0.430s] Level 1:colcon.colcon_core.package_identification:_identify(src/slam/point_lio_ros2) by extensions ['colcon_pkg']
[0.430s] Level 1:colcon.colcon_core.package_identification:_identify(src/slam/point_lio_ros2) by extension 'colcon_pkg'
[0.430s] Level 1:colcon.colcon_core.package_identification:_identify(src/slam/point_lio_ros2) by extensions ['colcon_meta']
[0.430s] Level 1:colcon.colcon_core.package_identification:_identify(src/slam/point_lio_ros2) by extension 'colcon_meta'
[0.430s] Level 1:colcon.colcon_core.package_identification:_identify(src/slam/point_lio_ros2) by extensions ['ros']
[0.430s] Level 1:colcon.colcon_core.package_identification:_identify(src/slam/point_lio_ros2) by extension 'ros'
[0.432s] DEBUG:colcon.colcon_core.package_identification:Package 'src/slam/point_lio_ros2' with type 'ros.ament_cmake' and name 'point_lio'
[0.432s] Level 1:colcon.colcon_core.package_identification:_identify(src/slam/tilted_lidar) by extensions ['ignore', 'ignore_ament_install']
[0.432s] Level 1:colcon.colcon_core.package_identification:_identify(src/slam/tilted_lidar) by extension 'ignore'
[0.432s] Level 1:colcon.colcon_core.package_identification:_identify(src/slam/tilted_lidar) by extension 'ignore_ament_install'
[0.432s] Level 1:colcon.colcon_core.package_identification:_identify(src/slam/tilted_lidar) by extensions ['colcon_pkg']
[0.432s] Level 1:colcon.colcon_core.package_identification:_identify(src/slam/tilted_lidar) by extension 'colcon_pkg'
[0.432s] Level 1:colcon.colcon_core.package_identification:_identify(src/slam/tilted_lidar) by extensions ['colcon_meta']
[0.432s] Level 1:colcon.colcon_core.package_identification:_identify(src/slam/tilted_lidar) by extension 'colcon_meta'
[0.432s] Level 1:colcon.colcon_core.package_identification:_identify(src/slam/tilted_lidar) by extensions ['ros']
[0.432s] Level 1:colcon.colcon_core.package_identification:_identify(src/slam/tilted_lidar) by extension 'ros'
[0.433s] DEBUG:colcon.colcon_core.package_identification:Package 'src/slam/tilted_lidar' with type 'ros.ament_cmake' and name 'tilted_lidar'
[0.433s] Level 1:colcon.colcon_core.package_discovery:discover_packages(recursive) using defaults
[0.433s] Level 1:colcon.colcon_core.package_discovery:discover_packages(ignore) discover
[0.433s] Level 1:colcon.colcon_core.package_discovery:discover_packages(ignore) using defaults
[0.433s] Level 1:colcon.colcon_core.package_discovery:discover_packages(path) discover
[0.433s] Level 1:colcon.colcon_core.package_discovery:discover_packages(path) using defaults
[0.469s] INFO:colcon.colcon_core.package_selection:Skipping not selected package 'auto_start' in 'src/auto_start'
[0.469s] INFO:colcon.colcon_core.package_selection:Skipping not selected package 'debug_tools' in 'src/common/debug_tools'
[0.469s] INFO:colcon.colcon_core.package_selection:Skipping not selected package 'livox_ros_driver2' in 'src/common/livox_ros_driver2'
[0.469s] INFO:colcon.colcon_core.package_selection:Skipping not selected package 'rm_interface' in 'src/common/rm_interface'
[0.469s] INFO:colcon.colcon_core.package_selection:Skipping not selected package 'rviz_plugin' in 'src/common/rviz_plugin'
[0.469s] INFO:colcon.colcon_core.package_selection:Skipping not selected package 'tilted_lidar' in 'src/slam/tilted_lidar'
[0.469s] INFO:colcon.colcon_core.package_selection:Skipping not selected package 'altitude_map' in 'src/navigation/altitude_map'
[0.469s] INFO:colcon.colcon_core.package_selection:Skipping not selected package 'fast_lio' in 'src/slam/FAST_LIO-ROS2'
[0.469s] INFO:colcon.colcon_core.package_selection:Skipping not selected package 'icp_relocalization' in 'src/slam/icp_relocalization'
[0.469s] INFO:colcon.colcon_core.package_selection:Skipping not selected package 'ikd_tree_mapping' in 'src/slam/ikd_tree_mapping'
[0.469s] INFO:colcon.colcon_core.package_selection:Skipping not selected package 'm_detector' in 'src/slam/m_detector'
[0.469s] INFO:colcon.colcon_core.package_selection:Skipping not selected package 'path_motion_planning' in 'src/navigation/path_motion_planning'
[0.469s] INFO:colcon.colcon_core.package_selection:Skipping not selected package 'path_planning' in 'src/navigation/path_planning'
[0.469s] INFO:colcon.colcon_core.package_selection:Skipping not selected package 'point_lio' in 'src/slam/point_lio_ros2'
[0.469s] INFO:colcon.colcon_core.package_selection:Skipping not selected package 'rm_decision' in 'src/common/rm_decision'
[0.470s] INFO:colcon.colcon_core.package_selection:Skipping not selected package 'rm_serial' in 'src/common/rm_serial'
[0.470s] INFO:colcon.colcon_core.package_selection:Skipping not selected package 'motion_planning' in 'src/navigation/motion_planning'
[0.476s] Level 1:colcon.colcon_core.package_discovery:discover_packages(prefix_path) check parameters
[0.476s] Level 1:colcon.colcon_core.package_discovery:discover_packages(prefix_path) discover
[0.482s] DEBUG:colcon.colcon_installed_package_information.package_discovery:Found 18 installed packages in /home/sentry-nov/code/colcon_3/install
[0.484s] DEBUG:colcon.colcon_installed_package_information.package_discovery:Found 273 installed packages in /opt/ros/humble
[0.485s] Level 1:colcon.colcon_core.package_discovery:discover_packages(prefix_path) using defaults
[0.527s] Level 5:colcon.colcon_core.verb:set package 'rm_decision_system' build argument 'cmake_args' from command line to 'None'
[0.527s] Level 5:colcon.colcon_core.verb:set package 'rm_decision_system' build argument 'cmake_target' from command line to 'None'
[0.528s] Level 5:colcon.colcon_core.verb:set package 'rm_decision_system' build argument 'cmake_target_skip_unavailable' from command line to 'False'
[0.528s] Level 5:colcon.colcon_core.verb:set package 'rm_decision_system' build argument 'cmake_clean_cache' from command line to 'False'
[0.528s] Level 5:colcon.colcon_core.verb:set package 'rm_decision_system' build argument 'cmake_clean_first' from command line to 'False'
[0.528s] Level 5:colcon.colcon_core.verb:set package 'rm_decision_system' build argument 'cmake_force_configure' from command line to 'False'
[0.528s] Level 5:colcon.colcon_core.verb:set package 'rm_decision_system' build argument 'ament_cmake_args' from command line to 'None'
[0.528s] Level 5:colcon.colcon_core.verb:set package 'rm_decision_system' build argument 'catkin_cmake_args' from command line to 'None'
[0.528s] Level 5:colcon.colcon_core.verb:set package 'rm_decision_system' build argument 'catkin_skip_building_tests' from command line to 'False'
[0.528s] DEBUG:colcon.colcon_core.verb:Building package 'rm_decision_system' with the following arguments: {'ament_cmake_args': None, 'build_base': '/home/sentry-nov/code/colcon_3/build/rm_decision_system', 'catkin_cmake_args': None, 'catkin_skip_building_tests': False, 'cmake_args': None, 'cmake_clean_cache': False, 'cmake_clean_first': False, 'cmake_force_configure': False, 'cmake_target': None, 'cmake_target_skip_unavailable': False, 'install_base': '/home/sentry-nov/code/colcon_3/install/rm_decision_system', 'merge_install': False, 'path': '/home/sentry-nov/code/colcon_3/src/navigation/rm_decision_system', 'symlink_install': False, 'test_result_base': None}
[0.528s] INFO:colcon.colcon_core.executor:Executing jobs using 'parallel' executor
[0.529s] DEBUG:colcon.colcon_parallel_executor.executor.parallel:run_until_complete
[0.530s] INFO:colcon.colcon_ros.task.ament_cmake.build:Building ROS package in '/home/sentry-nov/code/colcon_3/src/navigation/rm_decision_system' with build type 'ament_cmake'
[0.530s] INFO:colcon.colcon_cmake.task.cmake.build:Building CMake package in '/home/sentry-nov/code/colcon_3/src/navigation/rm_decision_system'
[0.541s] INFO:colcon.colcon_core.plugin_system:Skipping extension 'colcon_core.shell.bat': Not used on non-Windows systems
[0.541s] INFO:colcon.colcon_core.shell:Skip shell extension 'powershell' for command environment: Not usable outside of PowerShell
[0.541s] DEBUG:colcon.colcon_core.shell:Skip shell extension 'dsv' for command environment
[0.558s] DEBUG:colcon.colcon_core.event_handler.log_command:Invoking command in '/home/sentry-nov/code/colcon_3/build/rm_decision_system': CMAKE_PREFIX_PATH=/home/sentry-nov/code/colcon_3/install/rm_interface:/home/sentry-nov/code/colcon_3/install/tilted_lidar:/home/sentry-nov/code/colcon_3/install/rviz_plugin:/home/sentry-nov/code/colcon_3/install/robot_decision_system:/home/sentry-nov/code/colcon_3/install/rm_serial:/home/sentry-nov/code/colcon_3/install/rm_decision:/home/sentry-nov/code/colcon_3/install/motion_planning:/home/sentry-nov/code/colcon_3/install/path_planning:/home/sentry-nov/code/colcon_3/install/path_motion_planning:/home/sentry-nov/code/colcon_3/install/ikd_tree_mapping:/home/sentry-nov/code/colcon_3/install/point_lio:/home/sentry-nov/code/colcon_3/install/m_detector:/home/sentry-nov/code/colcon_3/install/fast_lio:/home/sentry-nov/code/colcon_3/install/livox_ros_driver2:/home/sentry-nov/code/colcon_3/install/icp_relocalization:/home/sentry-nov/code/colcon_3/install/altitude_map:/home/sentry-nov/code/colcon_3/install/debug_tools:/home/sentry-nov/code/colcon_3/install/auto_start:/opt/ros/humble LD_LIBRARY_PATH=/home/sentry-nov/code/colcon_3/install/rm_interface/lib:/usr/local/lib:/home/sentry-nov/code/colcon_3/install/robot_decision_system/lib:/home/sentry-nov/code/colcon_3/install/path_planning/lib:/home/sentry-nov/code/colcon_3/install/path_motion_planning/lib:/home/sentry-nov/code/colcon_3/install/m_detector/lib:/home/sentry-nov/code/colcon_3/install/fast_lio/lib:/home/sentry-nov/code/colcon_3/install/livox_ros_driver2/lib:/home/sentry-nov/code/colcon_3/install/altitude_map/lib:/usr/local/lib:/opt/ros/humble/opt/rviz_ogre_vendor/lib:/opt/ros/humble/lib/x86_64-linux-gnu:/opt/ros/humble/lib /usr/bin/cmake /home/sentry-nov/code/colcon_3/src/navigation/rm_decision_system -DCMAKE_INSTALL_PREFIX=/home/sentry-nov/code/colcon_3/install/rm_decision_system
[3.726s] DEBUG:colcon.colcon_core.event_handler.log_command:Invoked command in '/home/sentry-nov/code/colcon_3/build/rm_decision_system' returned '0': CMAKE_PREFIX_PATH=/home/sentry-nov/code/colcon_3/install/rm_interface:/home/sentry-nov/code/colcon_3/install/tilted_lidar:/home/sentry-nov/code/colcon_3/install/rviz_plugin:/home/sentry-nov/code/colcon_3/install/robot_decision_system:/home/sentry-nov/code/colcon_3/install/rm_serial:/home/sentry-nov/code/colcon_3/install/rm_decision:/home/sentry-nov/code/colcon_3/install/motion_planning:/home/sentry-nov/code/colcon_3/install/path_planning:/home/sentry-nov/code/colcon_3/install/path_motion_planning:/home/sentry-nov/code/colcon_3/install/ikd_tree_mapping:/home/sentry-nov/code/colcon_3/install/point_lio:/home/sentry-nov/code/colcon_3/install/m_detector:/home/sentry-nov/code/colcon_3/install/fast_lio:/home/sentry-nov/code/colcon_3/install/livox_ros_driver2:/home/sentry-nov/code/colcon_3/install/icp_relocalization:/home/sentry-nov/code/colcon_3/install/altitude_map:/home/sentry-nov/code/colcon_3/install/debug_tools:/home/sentry-nov/code/colcon_3/install/auto_start:/opt/ros/humble LD_LIBRARY_PATH=/home/sentry-nov/code/colcon_3/install/rm_interface/lib:/usr/local/lib:/home/sentry-nov/code/colcon_3/install/robot_decision_system/lib:/home/sentry-nov/code/colcon_3/install/path_planning/lib:/home/sentry-nov/code/colcon_3/install/path_motion_planning/lib:/home/sentry-nov/code/colcon_3/install/m_detector/lib:/home/sentry-nov/code/colcon_3/install/fast_lio/lib:/home/sentry-nov/code/colcon_3/install/livox_ros_driver2/lib:/home/sentry-nov/code/colcon_3/install/altitude_map/lib:/usr/local/lib:/opt/ros/humble/opt/rviz_ogre_vendor/lib:/opt/ros/humble/lib/x86_64-linux-gnu:/opt/ros/humble/lib /usr/bin/cmake /home/sentry-nov/code/colcon_3/src/navigation/rm_decision_system -DCMAKE_INSTALL_PREFIX=/home/sentry-nov/code/colcon_3/install/rm_decision_system
[3.728s] DEBUG:colcon.colcon_core.event_handler.log_command:Invoking command in '/home/sentry-nov/code/colcon_3/build/rm_decision_system': CMAKE_PREFIX_PATH=/home/sentry-nov/code/colcon_3/install/rm_interface:/home/sentry-nov/code/colcon_3/install/tilted_lidar:/home/sentry-nov/code/colcon_3/install/rviz_plugin:/home/sentry-nov/code/colcon_3/install/robot_decision_system:/home/sentry-nov/code/colcon_3/install/rm_serial:/home/sentry-nov/code/colcon_3/install/rm_decision:/home/sentry-nov/code/colcon_3/install/motion_planning:/home/sentry-nov/code/colcon_3/install/path_planning:/home/sentry-nov/code/colcon_3/install/path_motion_planning:/home/sentry-nov/code/colcon_3/install/ikd_tree_mapping:/home/sentry-nov/code/colcon_3/install/point_lio:/home/sentry-nov/code/colcon_3/install/m_detector:/home/sentry-nov/code/colcon_3/install/fast_lio:/home/sentry-nov/code/colcon_3/install/livox_ros_driver2:/home/sentry-nov/code/colcon_3/install/icp_relocalization:/home/sentry-nov/code/colcon_3/install/altitude_map:/home/sentry-nov/code/colcon_3/install/debug_tools:/home/sentry-nov/code/colcon_3/install/auto_start:/opt/ros/humble LD_LIBRARY_PATH=/home/sentry-nov/code/colcon_3/install/rm_interface/lib:/usr/local/lib:/home/sentry-nov/code/colcon_3/install/robot_decision_system/lib:/home/sentry-nov/code/colcon_3/install/path_planning/lib:/home/sentry-nov/code/colcon_3/install/path_motion_planning/lib:/home/sentry-nov/code/colcon_3/install/m_detector/lib:/home/sentry-nov/code/colcon_3/install/fast_lio/lib:/home/sentry-nov/code/colcon_3/install/livox_ros_driver2/lib:/home/sentry-nov/code/colcon_3/install/altitude_map/lib:/usr/local/lib:/opt/ros/humble/opt/rviz_ogre_vendor/lib:/opt/ros/humble/lib/x86_64-linux-gnu:/opt/ros/humble/lib /usr/bin/cmake --build /home/sentry-nov/code/colcon_3/build/rm_decision_system -- -j12 -l12
[20.856s] DEBUG:colcon.colcon_core.event_handler.log_command:Invoked command in '/home/sentry-nov/code/colcon_3/build/rm_decision_system' returned '0': CMAKE_PREFIX_PATH=/home/sentry-nov/code/colcon_3/install/rm_interface:/home/sentry-nov/code/colcon_3/install/tilted_lidar:/home/sentry-nov/code/colcon_3/install/rviz_plugin:/home/sentry-nov/code/colcon_3/install/robot_decision_system:/home/sentry-nov/code/colcon_3/install/rm_serial:/home/sentry-nov/code/colcon_3/install/rm_decision:/home/sentry-nov/code/colcon_3/install/motion_planning:/home/sentry-nov/code/colcon_3/install/path_planning:/home/sentry-nov/code/colcon_3/install/path_motion_planning:/home/sentry-nov/code/colcon_3/install/ikd_tree_mapping:/home/sentry-nov/code/colcon_3/install/point_lio:/home/sentry-nov/code/colcon_3/install/m_detector:/home/sentry-nov/code/colcon_3/install/fast_lio:/home/sentry-nov/code/colcon_3/install/livox_ros_driver2:/home/sentry-nov/code/colcon_3/install/icp_relocalization:/home/sentry-nov/code/colcon_3/install/altitude_map:/home/sentry-nov/code/colcon_3/install/debug_tools:/home/sentry-nov/code/colcon_3/install/auto_start:/opt/ros/humble LD_LIBRARY_PATH=/home/sentry-nov/code/colcon_3/install/rm_interface/lib:/usr/local/lib:/home/sentry-nov/code/colcon_3/install/robot_decision_system/lib:/home/sentry-nov/code/colcon_3/install/path_planning/lib:/home/sentry-nov/code/colcon_3/install/path_motion_planning/lib:/home/sentry-nov/code/colcon_3/install/m_detector/lib:/home/sentry-nov/code/colcon_3/install/fast_lio/lib:/home/sentry-nov/code/colcon_3/install/livox_ros_driver2/lib:/home/sentry-nov/code/colcon_3/install/altitude_map/lib:/usr/local/lib:/opt/ros/humble/opt/rviz_ogre_vendor/lib:/opt/ros/humble/lib/x86_64-linux-gnu:/opt/ros/humble/lib /usr/bin/cmake --build /home/sentry-nov/code/colcon_3/build/rm_decision_system -- -j12 -l12
[20.869s] DEBUG:colcon.colcon_core.event_handler.log_command:Invoking command in '/home/sentry-nov/code/colcon_3/build/rm_decision_system': CMAKE_PREFIX_PATH=/home/sentry-nov/code/colcon_3/install/rm_interface:/home/sentry-nov/code/colcon_3/install/tilted_lidar:/home/sentry-nov/code/colcon_3/install/rviz_plugin:/home/sentry-nov/code/colcon_3/install/robot_decision_system:/home/sentry-nov/code/colcon_3/install/rm_serial:/home/sentry-nov/code/colcon_3/install/rm_decision:/home/sentry-nov/code/colcon_3/install/motion_planning:/home/sentry-nov/code/colcon_3/install/path_planning:/home/sentry-nov/code/colcon_3/install/path_motion_planning:/home/sentry-nov/code/colcon_3/install/ikd_tree_mapping:/home/sentry-nov/code/colcon_3/install/point_lio:/home/sentry-nov/code/colcon_3/install/m_detector:/home/sentry-nov/code/colcon_3/install/fast_lio:/home/sentry-nov/code/colcon_3/install/livox_ros_driver2:/home/sentry-nov/code/colcon_3/install/icp_relocalization:/home/sentry-nov/code/colcon_3/install/altitude_map:/home/sentry-nov/code/colcon_3/install/debug_tools:/home/sentry-nov/code/colcon_3/install/auto_start:/opt/ros/humble LD_LIBRARY_PATH=/home/sentry-nov/code/colcon_3/install/rm_interface/lib:/usr/local/lib:/home/sentry-nov/code/colcon_3/install/robot_decision_system/lib:/home/sentry-nov/code/colcon_3/install/path_planning/lib:/home/sentry-nov/code/colcon_3/install/path_motion_planning/lib:/home/sentry-nov/code/colcon_3/install/m_detector/lib:/home/sentry-nov/code/colcon_3/install/fast_lio/lib:/home/sentry-nov/code/colcon_3/install/livox_ros_driver2/lib:/home/sentry-nov/code/colcon_3/install/altitude_map/lib:/usr/local/lib:/opt/ros/humble/opt/rviz_ogre_vendor/lib:/opt/ros/humble/lib/x86_64-linux-gnu:/opt/ros/humble/lib /usr/bin/cmake --install /home/sentry-nov/code/colcon_3/build/rm_decision_system
[20.961s] Level 1:colcon.colcon_core.environment:create_environment_scripts_only(rm_decision_system)
[20.962s] DEBUG:colcon.colcon_core.event_handler.log_command:Invoked command in '/home/sentry-nov/code/colcon_3/build/rm_decision_system' returned '0': CMAKE_PREFIX_PATH=/home/sentry-nov/code/colcon_3/install/rm_interface:/home/sentry-nov/code/colcon_3/install/tilted_lidar:/home/sentry-nov/code/colcon_3/install/rviz_plugin:/home/sentry-nov/code/colcon_3/install/robot_decision_system:/home/sentry-nov/code/colcon_3/install/rm_serial:/home/sentry-nov/code/colcon_3/install/rm_decision:/home/sentry-nov/code/colcon_3/install/motion_planning:/home/sentry-nov/code/colcon_3/install/path_planning:/home/sentry-nov/code/colcon_3/install/path_motion_planning:/home/sentry-nov/code/colcon_3/install/ikd_tree_mapping:/home/sentry-nov/code/colcon_3/install/point_lio:/home/sentry-nov/code/colcon_3/install/m_detector:/home/sentry-nov/code/colcon_3/install/fast_lio:/home/sentry-nov/code/colcon_3/install/livox_ros_driver2:/home/sentry-nov/code/colcon_3/install/icp_relocalization:/home/sentry-nov/code/colcon_3/install/altitude_map:/home/sentry-nov/code/colcon_3/install/debug_tools:/home/sentry-nov/code/colcon_3/install/auto_start:/opt/ros/humble LD_LIBRARY_PATH=/home/sentry-nov/code/colcon_3/install/rm_interface/lib:/usr/local/lib:/home/sentry-nov/code/colcon_3/install/robot_decision_system/lib:/home/sentry-nov/code/colcon_3/install/path_planning/lib:/home/sentry-nov/code/colcon_3/install/path_motion_planning/lib:/home/sentry-nov/code/colcon_3/install/m_detector/lib:/home/sentry-nov/code/colcon_3/install/fast_lio/lib:/home/sentry-nov/code/colcon_3/install/livox_ros_driver2/lib:/home/sentry-nov/code/colcon_3/install/altitude_map/lib:/usr/local/lib:/opt/ros/humble/opt/rviz_ogre_vendor/lib:/opt/ros/humble/lib/x86_64-linux-gnu:/opt/ros/humble/lib /usr/bin/cmake --install /home/sentry-nov/code/colcon_3/build/rm_decision_system
[20.970s] Level 1:colcon.colcon_core.environment:checking '/home/sentry-nov/code/colcon_3/install/rm_decision_system' for CMake module files
[20.971s] Level 1:colcon.colcon_core.environment:checking '/home/sentry-nov/code/colcon_3/install/rm_decision_system' for CMake config files
[20.971s] Level 1:colcon.colcon_core.shell:create_environment_hook('rm_decision_system', 'cmake_prefix_path')
[20.972s] INFO:colcon.colcon_core.shell:Creating environment hook '/home/sentry-nov/code/colcon_3/install/rm_decision_system/share/rm_decision_system/hook/cmake_prefix_path.ps1'
[20.973s] INFO:colcon.colcon_core.shell:Creating environment descriptor '/home/sentry-nov/code/colcon_3/install/rm_decision_system/share/rm_decision_system/hook/cmake_prefix_path.dsv'
[20.973s] INFO:colcon.colcon_core.shell:Creating environment hook '/home/sentry-nov/code/colcon_3/install/rm_decision_system/share/rm_decision_system/hook/cmake_prefix_path.sh'
[20.974s] Level 1:colcon.colcon_core.environment:checking '/home/sentry-nov/code/colcon_3/install/rm_decision_system/lib'
[20.974s] Level 1:colcon.colcon_core.shell:create_environment_hook('rm_decision_system', 'ld_library_path_lib')
[20.975s] INFO:colcon.colcon_core.shell:Creating environment hook '/home/sentry-nov/code/colcon_3/install/rm_decision_system/share/rm_decision_system/hook/ld_library_path_lib.ps1'
[20.975s] INFO:colcon.colcon_core.shell:Creating environment descriptor '/home/sentry-nov/code/colcon_3/install/rm_decision_system/share/rm_decision_system/hook/ld_library_path_lib.dsv'
[20.975s] INFO:colcon.colcon_core.shell:Creating environment hook '/home/sentry-nov/code/colcon_3/install/rm_decision_system/share/rm_decision_system/hook/ld_library_path_lib.sh'
[20.975s] Level 1:colcon.colcon_core.environment:checking '/home/sentry-nov/code/colcon_3/install/rm_decision_system/bin'
[20.976s] Level 1:colcon.colcon_core.environment:checking '/home/sentry-nov/code/colcon_3/install/rm_decision_system/lib/pkgconfig/rm_decision_system.pc'
[20.976s] Level 1:colcon.colcon_core.environment:checking '/home/sentry-nov/code/colcon_3/install/rm_decision_system/lib/python3.10/site-packages'
[20.976s] Level 1:colcon.colcon_core.environment:checking '/home/sentry-nov/code/colcon_3/install/rm_decision_system/bin'
[20.976s] INFO:colcon.colcon_core.shell:Creating package script '/home/sentry-nov/code/colcon_3/install/rm_decision_system/share/rm_decision_system/package.ps1'
[20.977s] INFO:colcon.colcon_core.shell:Creating package descriptor '/home/sentry-nov/code/colcon_3/install/rm_decision_system/share/rm_decision_system/package.dsv'
[20.978s] INFO:colcon.colcon_core.shell:Creating package script '/home/sentry-nov/code/colcon_3/install/rm_decision_system/share/rm_decision_system/package.sh'
[20.979s] INFO:colcon.colcon_core.shell:Creating package script '/home/sentry-nov/code/colcon_3/install/rm_decision_system/share/rm_decision_system/package.bash'
[20.980s] INFO:colcon.colcon_core.shell:Creating package script '/home/sentry-nov/code/colcon_3/install/rm_decision_system/share/rm_decision_system/package.zsh'
[20.981s] Level 1:colcon.colcon_core.environment:create_file_with_runtime_dependencies(/home/sentry-nov/code/colcon_3/install/rm_decision_system/share/colcon-core/packages/rm_decision_system)
[20.982s] Level 1:colcon.colcon_core.environment:create_environment_scripts_only(rm_decision_system)
[20.982s] Level 1:colcon.colcon_core.environment:checking '/home/sentry-nov/code/colcon_3/install/rm_decision_system' for CMake module files
[20.983s] Level 1:colcon.colcon_core.environment:checking '/home/sentry-nov/code/colcon_3/install/rm_decision_system' for CMake config files
[20.983s] Level 1:colcon.colcon_core.shell:create_environment_hook('rm_decision_system', 'cmake_prefix_path')
[20.983s] INFO:colcon.colcon_core.shell:Creating environment hook '/home/sentry-nov/code/colcon_3/install/rm_decision_system/share/rm_decision_system/hook/cmake_prefix_path.ps1'
[20.984s] INFO:colcon.colcon_core.shell:Creating environment descriptor '/home/sentry-nov/code/colcon_3/install/rm_decision_system/share/rm_decision_system/hook/cmake_prefix_path.dsv'
[20.984s] INFO:colcon.colcon_core.shell:Creating environment hook '/home/sentry-nov/code/colcon_3/install/rm_decision_system/share/rm_decision_system/hook/cmake_prefix_path.sh'
[20.985s] Level 1:colcon.colcon_core.environment:checking '/home/sentry-nov/code/colcon_3/install/rm_decision_system/lib'
[20.985s] Level 1:colcon.colcon_core.shell:create_environment_hook('rm_decision_system', 'ld_library_path_lib')
[20.985s] INFO:colcon.colcon_core.shell:Creating environment hook '/home/sentry-nov/code/colcon_3/install/rm_decision_system/share/rm_decision_system/hook/ld_library_path_lib.ps1'
[20.985s] INFO:colcon.colcon_core.shell:Creating environment descriptor '/home/sentry-nov/code/colcon_3/install/rm_decision_system/share/rm_decision_system/hook/ld_library_path_lib.dsv'
[20.986s] INFO:colcon.colcon_core.shell:Creating environment hook '/home/sentry-nov/code/colcon_3/install/rm_decision_system/share/rm_decision_system/hook/ld_library_path_lib.sh'
[20.986s] Level 1:colcon.colcon_core.environment:checking '/home/sentry-nov/code/colcon_3/install/rm_decision_system/bin'
[20.986s] Level 1:colcon.colcon_core.environment:checking '/home/sentry-nov/code/colcon_3/install/rm_decision_system/lib/pkgconfig/rm_decision_system.pc'
[20.986s] Level 1:colcon.colcon_core.environment:checking '/home/sentry-nov/code/colcon_3/install/rm_decision_system/lib/python3.10/site-packages'
[20.986s] Level 1:colcon.colcon_core.environment:checking '/home/sentry-nov/code/colcon_3/install/rm_decision_system/bin'
[20.987s] INFO:colcon.colcon_core.shell:Creating package script '/home/sentry-nov/code/colcon_3/install/rm_decision_system/share/rm_decision_system/package.ps1'
[20.987s] INFO:colcon.colcon_core.shell:Creating package descriptor '/home/sentry-nov/code/colcon_3/install/rm_decision_system/share/rm_decision_system/package.dsv'
[20.988s] INFO:colcon.colcon_core.shell:Creating package script '/home/sentry-nov/code/colcon_3/install/rm_decision_system/share/rm_decision_system/package.sh'
[20.988s] INFO:colcon.colcon_core.shell:Creating package script '/home/sentry-nov/code/colcon_3/install/rm_decision_system/share/rm_decision_system/package.bash'
[20.989s] INFO:colcon.colcon_core.shell:Creating package script '/home/sentry-nov/code/colcon_3/install/rm_decision_system/share/rm_decision_system/package.zsh'
[20.989s] Level 1:colcon.colcon_core.environment:create_file_with_runtime_dependencies(/home/sentry-nov/code/colcon_3/install/rm_decision_system/share/colcon-core/packages/rm_decision_system)
[20.989s] DEBUG:colcon.colcon_parallel_executor.executor.parallel:closing loop
[20.990s] DEBUG:colcon.colcon_parallel_executor.executor.parallel:loop closed
[20.990s] DEBUG:colcon.colcon_parallel_executor.executor.parallel:run_until_complete finished with '0'
[20.990s] DEBUG:colcon.colcon_core.event_reactor:joining thread
[21.001s] INFO:colcon.colcon_core.plugin_system:Skipping extension 'colcon_notification.desktop_notification.terminal_notifier': Not used on non-Darwin systems
[21.001s] INFO:colcon.colcon_core.plugin_system:Skipping extension 'colcon_notification.desktop_notification.win32': Not used on non-Windows systems
[21.002s] INFO:colcon.colcon_notification.desktop_notification:Sending desktop notification using 'notify2'
[21.022s] DEBUG:colcon.colcon_core.event_reactor:joined thread
[21.023s] INFO:colcon.colcon_core.shell:Creating prefix script '/home/sentry-nov/code/colcon_3/install/local_setup.ps1'
[21.024s] INFO:colcon.colcon_core.shell:Creating prefix util module '/home/sentry-nov/code/colcon_3/install/_local_setup_util_ps1.py'
[21.026s] INFO:colcon.colcon_core.shell:Creating prefix chain script '/home/sentry-nov/code/colcon_3/install/setup.ps1'
[21.029s] INFO:colcon.colcon_core.shell:Creating prefix script '/home/sentry-nov/code/colcon_3/install/local_setup.sh'
[21.030s] INFO:colcon.colcon_core.shell:Creating prefix util module '/home/sentry-nov/code/colcon_3/install/_local_setup_util_sh.py'
[21.031s] INFO:colcon.colcon_core.shell:Creating prefix chain script '/home/sentry-nov/code/colcon_3/install/setup.sh'
[21.039s] INFO:colcon.colcon_core.shell:Creating prefix script '/home/sentry-nov/code/colcon_3/install/local_setup.bash'
[21.043s] INFO:colcon.colcon_core.shell:Creating prefix chain script '/home/sentry-nov/code/colcon_3/install/setup.bash'
[21.048s] INFO:colcon.colcon_core.shell:Creating prefix script '/home/sentry-nov/code/colcon_3/install/local_setup.zsh'
[21.052s] INFO:colcon.colcon_core.shell:Creating prefix chain script '/home/sentry-nov/code/colcon_3/install/setup.zsh'
