[  2%] Built target fast_lio__cpp
[ 11%] Built target fast_lio__rosidl_generator_c
[ 11%] Built target ament_cmake_python_copy_fast_lio
[ 20%] Built target fast_lio__rosidl_typesupport_fastrtps_cpp
[ 28%] Built target fast_lio__rosidl_typesupport_introspection_cpp
[ 37%] Built target fast_lio__rosidl_typesupport_fastrtps_c
[ 45%] Built target fast_lio__rosidl_typesupport_introspection_c
[ 54%] Built target fast_lio__rosidl_typesupport_cpp
[ 62%] Built target fast_lio__rosidl_typesupport_c
[ 62%] Built target fast_lio
[ 74%] Built target fastlio_mapping
[ 77%] Built target fast_lio__py
[ 82%] Built target fast_lio__rosidl_generator_py
[ 88%] Built target fast_lio__rosidl_typesupport_introspection_c__pyext
[ 94%] Built target fast_lio__rosidl_typesupport_fastrtps_c__pyext
[100%] Built target fast_lio__rosidl_typesupport_c__pyext
running egg_info
writing fast_lio.egg-info/PKG-INFO
writing dependency_links to fast_lio.egg-info/dependency_links.txt
writing top-level names to fast_lio.egg-info/top_level.txt
reading manifest file 'fast_lio.egg-info/SOURCES.txt'
writing manifest file 'fast_lio.egg-info/SOURCES.txt'
[100%] Built target ament_cmake_python_build_fast_lio_egg
