[0.015s] Invoking command in '/home/sentry-nov/code/colcon_3/build/rm_interface': CMAKE_PREFIX_PATH=${CMAKE_PREFIX_PATH}:/opt/ros/humble /usr/bin/cmake --build /home/sentry-nov/code/colcon_3/build/rm_interface -- -j12 -l12
[0.067s] -- Found ament_cmake: 1.3.11 (/opt/ros/humble/share/ament_cmake/cmake)
[0.267s] -- Found rclcpp: 16.0.11 (/opt/ros/humble/share/rclcpp/cmake)
[0.324s] -- Found rosidl_generator_c: 3.1.6 (/opt/ros/humble/share/rosidl_generator_c/cmake)
[0.329s] -- Found rosidl_adapter: 3.1.6 (/opt/ros/humble/share/rosidl_adapter/cmake)
[0.342s] -- Found rosidl_generator_cpp: 3.1.6 (/opt/ros/humble/share/rosidl_generator_cpp/cmake)
[0.361s] -- Using all available rosidl_typesupport_c: rosidl_typesupport_fastrtps_c;rosidl_typesupport_introspection_c
[0.382s] -- Using all available rosidl_typesupport_cpp: rosidl_typesupport_fastrtps_cpp;rosidl_typesupport_introspection_cpp
[0.441s] -- Found rmw_implementation_cmake: 6.1.2 (/opt/ros/humble/share/rmw_implementation_cmake/cmake)
[0.445s] -- Found rmw_fastrtps_cpp: 6.2.7 (/opt/ros/humble/share/rmw_fastrtps_cpp/cmake)
[0.591s] -- Using RMW implementation 'rmw_fastrtps_cpp' as default
[0.671s] -- Found rosidl_default_generators: 1.2.0 (/opt/ros/humble/share/rosidl_default_generators/cmake)
[0.973s] -- Found ament_cmake_ros: 0.10.0 (/opt/ros/humble/share/ament_cmake_ros/cmake)
[1.303s] -- Using all available rosidl_typesupport_c: rosidl_typesupport_fastrtps_c;rosidl_typesupport_introspection_c
[1.432s] -- Using all available rosidl_typesupport_cpp: rosidl_typesupport_fastrtps_cpp;rosidl_typesupport_introspection_cpp
[1.460s] -- Found python_cmake_module: 0.10.0 (/opt/ros/humble/share/python_cmake_module/cmake)
[1.488s] -- Using PYTHON_EXECUTABLE: /usr/bin/python3
[1.488s] -- Using PYTHON_INCLUDE_DIRS: /usr/include/python3.10
[1.488s] -- Using PYTHON_LIBRARIES: /usr/lib/x86_64-linux-gnu/libpython3.10.so
[1.528s] -- Configuring done
[1.610s] -- Generating done
[1.628s] -- Build files have been written to: /home/sentry-nov/code/colcon_3/build/rm_interface
[1.665s] [  1%] [34m[1mGenerating C code for ROS interfaces[0m
[1.683s] [  2%] [34m[1mGenerating C++ code for ROS interfaces[0m
[1.708s] [  2%] Built target ament_cmake_python_copy_rm_interface
[1.943s] running egg_info
[1.944s] writing rm_interface.egg-info/PKG-INFO
[1.944s] writing dependency_links to rm_interface.egg-info/dependency_links.txt
[1.944s] writing top-level names to rm_interface.egg-info/top_level.txt
[1.948s] reading manifest file 'rm_interface.egg-info/SOURCES.txt'
[1.950s] writing manifest file 'rm_interface.egg-info/SOURCES.txt'
[1.990s] [  2%] Built target ament_cmake_python_build_rm_interface_egg
[2.331s] [35m[1mConsolidate compiler generated dependencies of target rm_interface__rosidl_generator_c[0m
[2.335s] [  2%] Built target rm_interface__cpp
[2.351s] [  7%] [34m[1mGenerating C++ introspection for ROS interfaces[0m
[2.351s] [  7%] [34m[1mGenerating C++ type support for eProsima Fast-RTPS[0m
[2.351s] [  7%] [34m[1mGenerating C++ type support dispatch for ROS interfaces[0m
[2.351s] [  8%] [32mBuilding C object CMakeFiles/rm_interface__rosidl_generator_c.dir/rosidl_generator_c/rm_interface/srv/detail/nav_core__functions.c.o[0m
[2.354s] [  9%] [32mBuilding C object CMakeFiles/rm_interface__rosidl_generator_c.dir/rosidl_generator_c/rm_interface/srv/detail/save_pcd__functions.c.o[0m
[2.355s] [ 12%] [32mBuilding C object CMakeFiles/rm_interface__rosidl_generator_c.dir/rosidl_generator_c/rm_interface/msg/detail/command__functions.c.o[0m
[2.355s] [ 12%] [32mBuilding C object CMakeFiles/rm_interface__rosidl_generator_c.dir/rosidl_generator_c/rm_interface/srv/detail/set_robot_mode__functions.c.o[0m
[2.356s] [ 15%] [32mBuilding C object CMakeFiles/rm_interface__rosidl_generator_c.dir/rosidl_generator_c/rm_interface/msg/detail/local_state__functions.c.o[0m
[2.357s] [ 15%] [32mBuilding C object CMakeFiles/rm_interface__rosidl_generator_c.dir/rosidl_generator_c/rm_interface/msg/detail/enforced_yaw__functions.c.o[0m
[2.618s] [ 16%] [32m[1mLinking C shared library librm_interface__rosidl_generator_c.so[0m
[2.668s] [ 16%] Built target rm_interface__rosidl_generator_c
[2.683s] [ 18%] [34m[1mGenerating C type support for eProsima Fast-RTPS[0m
[2.685s] [ 21%] [34m[1mGenerating C introspection for ROS interfaces[0m
[2.685s] [ 21%] [34m[1mGenerating C type support dispatch for ROS interfaces[0m
[2.827s] [35m[1mConsolidate compiler generated dependencies of target rm_interface__rosidl_typesupport_cpp[0m
[2.858s] [ 22%] [32mBuilding CXX object CMakeFiles/rm_interface__rosidl_typesupport_cpp.dir/rosidl_typesupport_cpp/rm_interface/srv/nav_core__type_support.cpp.o[0m
[2.859s] [ 23%] [32mBuilding CXX object CMakeFiles/rm_interface__rosidl_typesupport_cpp.dir/rosidl_typesupport_cpp/rm_interface/srv/save_pcd__type_support.cpp.o[0m
[2.860s] [ 28%] [32mBuilding CXX object CMakeFiles/rm_interface__rosidl_typesupport_cpp.dir/rosidl_typesupport_cpp/rm_interface/msg/command__type_support.cpp.o[0m
[2.861s] [ 28%] [32mBuilding CXX object CMakeFiles/rm_interface__rosidl_typesupport_cpp.dir/rosidl_typesupport_cpp/rm_interface/msg/enforced_yaw__type_support.cpp.o[0m
[2.861s] [ 29%] [32mBuilding CXX object CMakeFiles/rm_interface__rosidl_typesupport_cpp.dir/rosidl_typesupport_cpp/rm_interface/msg/local_state__type_support.cpp.o[0m
[2.861s] [ 29%] [32mBuilding CXX object CMakeFiles/rm_interface__rosidl_typesupport_cpp.dir/rosidl_typesupport_cpp/rm_interface/srv/set_robot_mode__type_support.cpp.o[0m
[3.099s] [35m[1mConsolidate compiler generated dependencies of target rm_interface__rosidl_typesupport_introspection_cpp[0m
[3.154s] [ 30%] [32mBuilding CXX object CMakeFiles/rm_interface__rosidl_typesupport_introspection_cpp.dir/rosidl_typesupport_introspection_cpp/rm_interface/srv/detail/save_pcd__type_support.cpp.o[0m
[3.214s] [35m[1mConsolidate compiler generated dependencies of target rm_interface__rosidl_typesupport_fastrtps_cpp[0m
[3.247s] [ 32%] [32mBuilding CXX object CMakeFiles/rm_interface__rosidl_typesupport_introspection_cpp.dir/rosidl_typesupport_introspection_cpp/rm_interface/srv/detail/nav_core__type_support.cpp.o[0m
[3.298s] [ 33%] [32mBuilding CXX object CMakeFiles/rm_interface__rosidl_typesupport_fastrtps_cpp.dir/rosidl_typesupport_fastrtps_cpp/rm_interface/srv/detail/dds_fastrtps/save_pcd__type_support.cpp.o[0m
[3.308s] [ 35%] [32mBuilding CXX object CMakeFiles/rm_interface__rosidl_typesupport_introspection_cpp.dir/rosidl_typesupport_introspection_cpp/rm_interface/srv/detail/set_robot_mode__type_support.cpp.o[0m
[3.317s] [ 36%] [32mBuilding CXX object CMakeFiles/rm_interface__rosidl_typesupport_fastrtps_cpp.dir/rosidl_typesupport_fastrtps_cpp/rm_interface/srv/detail/dds_fastrtps/nav_core__type_support.cpp.o[0m
[3.331s] [ 38%] [32mBuilding CXX object CMakeFiles/rm_interface__rosidl_typesupport_introspection_cpp.dir/rosidl_typesupport_introspection_cpp/rm_interface/msg/detail/command__type_support.cpp.o[0m
[3.332s] [ 39%] [32mBuilding CXX object CMakeFiles/rm_interface__rosidl_typesupport_fastrtps_cpp.dir/rosidl_typesupport_fastrtps_cpp/rm_interface/srv/detail/dds_fastrtps/set_robot_mode__type_support.cpp.o[0m
[3.342s] [ 40%] [32mBuilding CXX object CMakeFiles/rm_interface__rosidl_typesupport_fastrtps_cpp.dir/rosidl_typesupport_fastrtps_cpp/rm_interface/msg/detail/dds_fastrtps/command__type_support.cpp.o[0m
[3.348s] [ 42%] [32m[1mLinking CXX shared library librm_interface__rosidl_typesupport_cpp.so[0m
[3.448s] [ 42%] Built target rm_interface__rosidl_typesupport_cpp
[3.477s] [ 43%] [32mBuilding CXX object CMakeFiles/rm_interface__rosidl_typesupport_fastrtps_cpp.dir/rosidl_typesupport_fastrtps_cpp/rm_interface/msg/detail/dds_fastrtps/local_state__type_support.cpp.o[0m
[3.479s] [35m[1mConsolidate compiler generated dependencies of target rm_interface__rosidl_typesupport_c[0m
[3.569s] [ 45%] [32mBuilding CXX object CMakeFiles/rm_interface__rosidl_typesupport_c.dir/rosidl_typesupport_c/rm_interface/srv/save_pcd__type_support.cpp.o[0m
[3.727s] [ 46%] [32mBuilding CXX object CMakeFiles/rm_interface__rosidl_typesupport_c.dir/rosidl_typesupport_c/rm_interface/srv/nav_core__type_support.cpp.o[0m
[3.793s] [ 47%] [32mBuilding CXX object CMakeFiles/rm_interface__rosidl_typesupport_c.dir/rosidl_typesupport_c/rm_interface/srv/set_robot_mode__type_support.cpp.o[0m
[3.884s] [ 49%] [32mBuilding CXX object CMakeFiles/rm_interface__rosidl_typesupport_c.dir/rosidl_typesupport_c/rm_interface/msg/command__type_support.cpp.o[0m
[3.918s] [ 50%] [32mBuilding CXX object CMakeFiles/rm_interface__rosidl_typesupport_introspection_cpp.dir/rosidl_typesupport_introspection_cpp/rm_interface/msg/detail/local_state__type_support.cpp.o[0m
[3.957s] [ 52%] [32mBuilding CXX object CMakeFiles/rm_interface__rosidl_typesupport_introspection_cpp.dir/rosidl_typesupport_introspection_cpp/rm_interface/msg/detail/enforced_yaw__type_support.cpp.o[0m
[3.972s] [ 53%] [32mBuilding CXX object CMakeFiles/rm_interface__rosidl_typesupport_c.dir/rosidl_typesupport_c/rm_interface/msg/local_state__type_support.cpp.o[0m
[3.995s] [35m[1mConsolidate compiler generated dependencies of target rm_interface__rosidl_typesupport_introspection_c[0m
[4.000s] [ 54%] [32mBuilding CXX object CMakeFiles/rm_interface__rosidl_typesupport_fastrtps_cpp.dir/rosidl_typesupport_fastrtps_cpp/rm_interface/msg/detail/dds_fastrtps/enforced_yaw__type_support.cpp.o[0m
[4.005s] [ 56%] [32mBuilding CXX object CMakeFiles/rm_interface__rosidl_typesupport_c.dir/rosidl_typesupport_c/rm_interface/msg/enforced_yaw__type_support.cpp.o[0m
[4.020s] [35m[1mConsolidate compiler generated dependencies of target rm_interface__rosidl_typesupport_fastrtps_c[0m
[4.023s] [ 57%] [32mBuilding C object CMakeFiles/rm_interface__rosidl_typesupport_introspection_c.dir/rosidl_typesupport_introspection_c/rm_interface/srv/detail/save_pcd__type_support.c.o[0m
[4.030s] [ 59%] [32mBuilding C object CMakeFiles/rm_interface__rosidl_typesupport_introspection_c.dir/rosidl_typesupport_introspection_c/rm_interface/srv/detail/nav_core__type_support.c.o[0m
[4.045s] [ 60%] [32mBuilding C object CMakeFiles/rm_interface__rosidl_typesupport_introspection_c.dir/rosidl_typesupport_introspection_c/rm_interface/msg/detail/command__type_support.c.o[0m
[4.048s] [ 61%] [32mBuilding C object CMakeFiles/rm_interface__rosidl_typesupport_introspection_c.dir/rosidl_typesupport_introspection_c/rm_interface/srv/detail/set_robot_mode__type_support.c.o[0m
[4.066s] [ 63%] [32mBuilding C object CMakeFiles/rm_interface__rosidl_typesupport_introspection_c.dir/rosidl_typesupport_introspection_c/rm_interface/msg/detail/local_state__type_support.c.o[0m
[4.068s] [ 64%] [32mBuilding CXX object CMakeFiles/rm_interface__rosidl_typesupport_fastrtps_c.dir/rosidl_typesupport_fastrtps_c/rm_interface/srv/detail/save_pcd__type_support_c.cpp.o[0m
[4.093s] [ 66%] [32m[1mLinking CXX shared library librm_interface__rosidl_typesupport_c.so[0m
[4.105s] [ 67%] [32mBuilding C object CMakeFiles/rm_interface__rosidl_typesupport_introspection_c.dir/rosidl_typesupport_introspection_c/rm_interface/msg/detail/enforced_yaw__type_support.c.o[0m
[4.111s] [ 69%] [32mBuilding CXX object CMakeFiles/rm_interface__rosidl_typesupport_fastrtps_c.dir/rosidl_typesupport_fastrtps_c/rm_interface/srv/detail/nav_core__type_support_c.cpp.o[0m
[4.114s] [ 70%] [32mBuilding CXX object CMakeFiles/rm_interface__rosidl_typesupport_fastrtps_c.dir/rosidl_typesupport_fastrtps_c/rm_interface/srv/detail/set_robot_mode__type_support_c.cpp.o[0m
[4.134s] [ 71%] [32mBuilding CXX object CMakeFiles/rm_interface__rosidl_typesupport_fastrtps_c.dir/rosidl_typesupport_fastrtps_c/rm_interface/msg/detail/command__type_support_c.cpp.o[0m
[4.138s] [ 73%] [32mBuilding CXX object CMakeFiles/rm_interface__rosidl_typesupport_fastrtps_c.dir/rosidl_typesupport_fastrtps_c/rm_interface/msg/detail/local_state__type_support_c.cpp.o[0m
[4.171s] [ 74%] [32mBuilding CXX object CMakeFiles/rm_interface__rosidl_typesupport_fastrtps_c.dir/rosidl_typesupport_fastrtps_c/rm_interface/msg/detail/enforced_yaw__type_support_c.cpp.o[0m
[4.182s] [ 76%] [32m[1mLinking C shared library librm_interface__rosidl_typesupport_introspection_c.so[0m
[4.187s] [ 76%] Built target rm_interface__rosidl_typesupport_c
[4.253s] [ 76%] Built target rm_interface__rosidl_typesupport_introspection_c
[4.569s] [ 77%] [32m[1mLinking CXX shared library librm_interface__rosidl_typesupport_fastrtps_cpp.so[0m
[4.581s] [ 78%] [32m[1mLinking CXX shared library librm_interface__rosidl_typesupport_introspection_cpp.so[0m
[4.684s] [ 78%] Built target rm_interface__rosidl_typesupport_introspection_cpp
[4.695s] [ 80%] [32m[1mLinking CXX shared library librm_interface__rosidl_typesupport_fastrtps_c.so[0m
[4.699s] [ 80%] Built target rm_interface__rosidl_typesupport_fastrtps_cpp
[4.792s] [ 80%] Built target rm_interface__rosidl_typesupport_fastrtps_c
[4.822s] [ 80%] Built target rm_interface
[4.853s] [ 81%] [34m[1mGenerating Python code for ROS interfaces[0m
[5.796s] [ 81%] Built target rm_interface__py
[5.813s] [35m[1mConsolidate compiler generated dependencies of target rm_interface__rosidl_generator_py[0m
[5.840s] [ 87%] [32mBuilding C object CMakeFiles/rm_interface__rosidl_generator_py.dir/rosidl_generator_py/rm_interface/msg/_command_s.c.o[0m
[5.841s] [ 87%] [32mBuilding C object CMakeFiles/rm_interface__rosidl_generator_py.dir/rosidl_generator_py/rm_interface/msg/_local_state_s.c.o[0m
[5.841s] [ 87%] [32mBuilding C object CMakeFiles/rm_interface__rosidl_generator_py.dir/rosidl_generator_py/rm_interface/srv/_save_pcd_s.c.o[0m
[5.841s] [ 87%] [32mBuilding C object CMakeFiles/rm_interface__rosidl_generator_py.dir/rosidl_generator_py/rm_interface/msg/_enforced_yaw_s.c.o[0m
[5.841s] [ 88%] [32mBuilding C object CMakeFiles/rm_interface__rosidl_generator_py.dir/rosidl_generator_py/rm_interface/srv/_nav_core_s.c.o[0m
[5.843s] [ 90%] [32mBuilding C object CMakeFiles/rm_interface__rosidl_generator_py.dir/rosidl_generator_py/rm_interface/srv/_set_robot_mode_s.c.o[0m
[6.061s] [ 91%] [32m[1mLinking C shared library rosidl_generator_py/rm_interface/librm_interface__rosidl_generator_py.so[0m
[6.115s] [ 91%] Built target rm_interface__rosidl_generator_py
[6.130s] [35m[1mConsolidate compiler generated dependencies of target rm_interface__rosidl_typesupport_fastrtps_c__pyext[0m
[6.130s] [35m[1mConsolidate compiler generated dependencies of target rm_interface__rosidl_typesupport_introspection_c__pyext[0m
[6.131s] [35m[1mConsolidate compiler generated dependencies of target rm_interface__rosidl_typesupport_c__pyext[0m
[6.148s] [ 94%] [32mBuilding C object CMakeFiles/rm_interface__rosidl_typesupport_fastrtps_c__pyext.dir/rosidl_generator_py/rm_interface/_rm_interface_s.ep.rosidl_typesupport_fastrtps_c.c.o[0m
[6.148s] [ 94%] [32mBuilding C object CMakeFiles/rm_interface__rosidl_typesupport_introspection_c__pyext.dir/rosidl_generator_py/rm_interface/_rm_interface_s.ep.rosidl_typesupport_introspection_c.c.o[0m
[6.151s] [ 95%] [32mBuilding C object CMakeFiles/rm_interface__rosidl_typesupport_c__pyext.dir/rosidl_generator_py/rm_interface/_rm_interface_s.ep.rosidl_typesupport_c.c.o[0m
[6.367s] [ 97%] [32m[1mLinking C shared library rosidl_generator_py/rm_interface/rm_interface_s__rosidl_typesupport_c.cpython-310-x86_64-linux-gnu.so[0m
[6.376s] [ 98%] [32m[1mLinking C shared library rosidl_generator_py/rm_interface/rm_interface_s__rosidl_typesupport_introspection_c.cpython-310-x86_64-linux-gnu.so[0m
[6.385s] [100%] [32m[1mLinking C shared library rosidl_generator_py/rm_interface/rm_interface_s__rosidl_typesupport_fastrtps_c.cpython-310-x86_64-linux-gnu.so[0m
[6.410s] [100%] Built target rm_interface__rosidl_typesupport_c__pyext
[6.422s] [100%] Built target rm_interface__rosidl_typesupport_introspection_c__pyext
[6.430s] [100%] Built target rm_interface__rosidl_typesupport_fastrtps_c__pyext
[6.448s] Invoked command in '/home/sentry-nov/code/colcon_3/build/rm_interface' returned '0': CMAKE_PREFIX_PATH=${CMAKE_PREFIX_PATH}:/opt/ros/humble /usr/bin/cmake --build /home/sentry-nov/code/colcon_3/build/rm_interface -- -j12 -l12
[6.451s] Invoking command in '/home/sentry-nov/code/colcon_3/build/rm_interface': CMAKE_PREFIX_PATH=${CMAKE_PREFIX_PATH}:/opt/ros/humble /usr/bin/cmake --install /home/sentry-nov/code/colcon_3/build/rm_interface
[6.461s] -- Install configuration: "Release"
[6.461s] -- Up-to-date: /home/sentry-nov/code/colcon_3/install/rm_interface/share/ament_index/resource_index/rosidl_interfaces/rm_interface
[6.461s] -- Up-to-date: /home/sentry-nov/code/colcon_3/install/rm_interface/include/rm_interface/rm_interface
[6.461s] -- Up-to-date: /home/sentry-nov/code/colcon_3/install/rm_interface/include/rm_interface/rm_interface/srv
[6.462s] -- Installing: /home/sentry-nov/code/colcon_3/install/rm_interface/include/rm_interface/rm_interface/srv/save_pcd.h
[6.462s] -- Installing: /home/sentry-nov/code/colcon_3/install/rm_interface/include/rm_interface/rm_interface/srv/nav_core.h
[6.462s] -- Up-to-date: /home/sentry-nov/code/colcon_3/install/rm_interface/include/rm_interface/rm_interface/srv/detail
[6.462s] -- Installing: /home/sentry-nov/code/colcon_3/install/rm_interface/include/rm_interface/rm_interface/srv/detail/nav_core__functions.h
[6.462s] -- Installing: /home/sentry-nov/code/colcon_3/install/rm_interface/include/rm_interface/rm_interface/srv/detail/set_robot_mode__type_support.h
[6.462s] -- Installing: /home/sentry-nov/code/colcon_3/install/rm_interface/include/rm_interface/rm_interface/srv/detail/nav_core__type_support.h
[6.462s] -- Installing: /home/sentry-nov/code/colcon_3/install/rm_interface/include/rm_interface/rm_interface/srv/detail/set_robot_mode__functions.c
[6.462s] -- Installing: /home/sentry-nov/code/colcon_3/install/rm_interface/include/rm_interface/rm_interface/srv/detail/nav_core__struct.h
[6.463s] -- Installing: /home/sentry-nov/code/colcon_3/install/rm_interface/include/rm_interface/rm_interface/srv/detail/set_robot_mode__functions.h
[6.463s] -- Installing: /home/sentry-nov/code/colcon_3/install/rm_interface/include/rm_interface/rm_interface/srv/detail/save_pcd__functions.h
[6.463s] -- Installing: /home/sentry-nov/code/colcon_3/install/rm_interface/include/rm_interface/rm_interface/srv/detail/nav_core__functions.c
[6.463s] -- Installing: /home/sentry-nov/code/colcon_3/install/rm_interface/include/rm_interface/rm_interface/srv/detail/set_robot_mode__struct.h
[6.463s] -- Installing: /home/sentry-nov/code/colcon_3/install/rm_interface/include/rm_interface/rm_interface/srv/detail/save_pcd__struct.h
[6.463s] -- Installing: /home/sentry-nov/code/colcon_3/install/rm_interface/include/rm_interface/rm_interface/srv/detail/save_pcd__functions.c
[6.463s] -- Installing: /home/sentry-nov/code/colcon_3/install/rm_interface/include/rm_interface/rm_interface/srv/detail/save_pcd__type_support.h
[6.463s] -- Installing: /home/sentry-nov/code/colcon_3/install/rm_interface/include/rm_interface/rm_interface/srv/set_robot_mode.h
[6.463s] -- Up-to-date: /home/sentry-nov/code/colcon_3/install/rm_interface/include/rm_interface/rm_interface/msg
[6.463s] -- Up-to-date: /home/sentry-nov/code/colcon_3/install/rm_interface/include/rm_interface/rm_interface/msg/rosidl_generator_c__visibility_control.h
[6.464s] -- Installing: /home/sentry-nov/code/colcon_3/install/rm_interface/include/rm_interface/rm_interface/msg/local_state.h
[6.464s] -- Installing: /home/sentry-nov/code/colcon_3/install/rm_interface/include/rm_interface/rm_interface/msg/command.h
[6.464s] -- Up-to-date: /home/sentry-nov/code/colcon_3/install/rm_interface/include/rm_interface/rm_interface/msg/detail
[6.464s] -- Installing: /home/sentry-nov/code/colcon_3/install/rm_interface/include/rm_interface/rm_interface/msg/detail/local_state__type_support.h
[6.464s] -- Installing: /home/sentry-nov/code/colcon_3/install/rm_interface/include/rm_interface/rm_interface/msg/detail/enforced_yaw__type_support.h
[6.464s] -- Installing: /home/sentry-nov/code/colcon_3/install/rm_interface/include/rm_interface/rm_interface/msg/detail/enforced_yaw__functions.h
[6.464s] -- Installing: /home/sentry-nov/code/colcon_3/install/rm_interface/include/rm_interface/rm_interface/msg/detail/command__functions.h
[6.465s] -- Installing: /home/sentry-nov/code/colcon_3/install/rm_interface/include/rm_interface/rm_interface/msg/detail/command__type_support.h
[6.465s] -- Installing: /home/sentry-nov/code/colcon_3/install/rm_interface/include/rm_interface/rm_interface/msg/detail/enforced_yaw__functions.c
[6.465s] -- Installing: /home/sentry-nov/code/colcon_3/install/rm_interface/include/rm_interface/rm_interface/msg/detail/command__functions.c
[6.465s] -- Installing: /home/sentry-nov/code/colcon_3/install/rm_interface/include/rm_interface/rm_interface/msg/detail/local_state__functions.h
[6.465s] -- Installing: /home/sentry-nov/code/colcon_3/install/rm_interface/include/rm_interface/rm_interface/msg/detail/local_state__struct.h
[6.465s] -- Installing: /home/sentry-nov/code/colcon_3/install/rm_interface/include/rm_interface/rm_interface/msg/detail/command__struct.h
[6.465s] -- Installing: /home/sentry-nov/code/colcon_3/install/rm_interface/include/rm_interface/rm_interface/msg/detail/enforced_yaw__struct.h
[6.466s] -- Installing: /home/sentry-nov/code/colcon_3/install/rm_interface/include/rm_interface/rm_interface/msg/detail/local_state__functions.c
[6.466s] -- Installing: /home/sentry-nov/code/colcon_3/install/rm_interface/include/rm_interface/rm_interface/msg/enforced_yaw.h
[6.466s] -- Up-to-date: /home/sentry-nov/code/colcon_3/install/rm_interface/share/rm_interface/environment/library_path.sh
[6.466s] -- Installing: /home/sentry-nov/code/colcon_3/install/rm_interface/share/rm_interface/environment/library_path.dsv
[6.466s] -- Installing: /home/sentry-nov/code/colcon_3/install/rm_interface/lib/librm_interface__rosidl_generator_c.so
[6.467s] -- Set runtime path of "/home/sentry-nov/code/colcon_3/install/rm_interface/lib/librm_interface__rosidl_generator_c.so" to ""
[6.467s] -- Up-to-date: /home/sentry-nov/code/colcon_3/install/rm_interface/include/rm_interface/rm_interface
[6.467s] -- Up-to-date: /home/sentry-nov/code/colcon_3/install/rm_interface/include/rm_interface/rm_interface/srv
[6.467s] -- Up-to-date: /home/sentry-nov/code/colcon_3/install/rm_interface/include/rm_interface/rm_interface/srv/detail
[6.467s] -- Installing: /home/sentry-nov/code/colcon_3/install/rm_interface/include/rm_interface/rm_interface/srv/detail/nav_core__rosidl_typesupport_fastrtps_c.h
[6.467s] -- Installing: /home/sentry-nov/code/colcon_3/install/rm_interface/include/rm_interface/rm_interface/srv/detail/save_pcd__rosidl_typesupport_fastrtps_c.h
[6.467s] -- Installing: /home/sentry-nov/code/colcon_3/install/rm_interface/include/rm_interface/rm_interface/srv/detail/set_robot_mode__rosidl_typesupport_fastrtps_c.h
[6.467s] -- Up-to-date: /home/sentry-nov/code/colcon_3/install/rm_interface/include/rm_interface/rm_interface/msg
[6.467s] -- Up-to-date: /home/sentry-nov/code/colcon_3/install/rm_interface/include/rm_interface/rm_interface/msg/detail
[6.468s] -- Installing: /home/sentry-nov/code/colcon_3/install/rm_interface/include/rm_interface/rm_interface/msg/detail/command__rosidl_typesupport_fastrtps_c.h
[6.468s] -- Installing: /home/sentry-nov/code/colcon_3/install/rm_interface/include/rm_interface/rm_interface/msg/detail/local_state__rosidl_typesupport_fastrtps_c.h
[6.468s] -- Installing: /home/sentry-nov/code/colcon_3/install/rm_interface/include/rm_interface/rm_interface/msg/detail/enforced_yaw__rosidl_typesupport_fastrtps_c.h
[6.468s] -- Up-to-date: /home/sentry-nov/code/colcon_3/install/rm_interface/include/rm_interface/rm_interface/msg/rosidl_typesupport_fastrtps_c__visibility_control.h
[6.468s] -- Installing: /home/sentry-nov/code/colcon_3/install/rm_interface/lib/librm_interface__rosidl_typesupport_fastrtps_c.so
[6.469s] -- Set runtime path of "/home/sentry-nov/code/colcon_3/install/rm_interface/lib/librm_interface__rosidl_typesupport_fastrtps_c.so" to ""
[6.469s] -- Up-to-date: /home/sentry-nov/code/colcon_3/install/rm_interface/include/rm_interface/rm_interface
[6.469s] -- Up-to-date: /home/sentry-nov/code/colcon_3/install/rm_interface/include/rm_interface/rm_interface/srv
[6.469s] -- Installing: /home/sentry-nov/code/colcon_3/install/rm_interface/include/rm_interface/rm_interface/srv/set_robot_mode.hpp
[6.469s] -- Up-to-date: /home/sentry-nov/code/colcon_3/install/rm_interface/include/rm_interface/rm_interface/srv/detail
[6.469s] -- Installing: /home/sentry-nov/code/colcon_3/install/rm_interface/include/rm_interface/rm_interface/srv/detail/set_robot_mode__builder.hpp
[6.469s] -- Installing: /home/sentry-nov/code/colcon_3/install/rm_interface/include/rm_interface/rm_interface/srv/detail/save_pcd__traits.hpp
[6.469s] -- Installing: /home/sentry-nov/code/colcon_3/install/rm_interface/include/rm_interface/rm_interface/srv/detail/save_pcd__struct.hpp
[6.469s] -- Installing: /home/sentry-nov/code/colcon_3/install/rm_interface/include/rm_interface/rm_interface/srv/detail/save_pcd__builder.hpp
[6.470s] -- Installing: /home/sentry-nov/code/colcon_3/install/rm_interface/include/rm_interface/rm_interface/srv/detail/save_pcd__type_support.hpp
[6.470s] -- Installing: /home/sentry-nov/code/colcon_3/install/rm_interface/include/rm_interface/rm_interface/srv/detail/nav_core__type_support.hpp
[6.470s] -- Installing: /home/sentry-nov/code/colcon_3/install/rm_interface/include/rm_interface/rm_interface/srv/detail/nav_core__builder.hpp
[6.470s] -- Installing: /home/sentry-nov/code/colcon_3/install/rm_interface/include/rm_interface/rm_interface/srv/detail/nav_core__traits.hpp
[6.470s] -- Installing: /home/sentry-nov/code/colcon_3/install/rm_interface/include/rm_interface/rm_interface/srv/detail/set_robot_mode__type_support.hpp
[6.470s] -- Installing: /home/sentry-nov/code/colcon_3/install/rm_interface/include/rm_interface/rm_interface/srv/detail/set_robot_mode__struct.hpp
[6.471s] -- Installing: /home/sentry-nov/code/colcon_3/install/rm_interface/include/rm_interface/rm_interface/srv/detail/nav_core__struct.hpp
[6.471s] -- Installing: /home/sentry-nov/code/colcon_3/install/rm_interface/include/rm_interface/rm_interface/srv/detail/set_robot_mode__traits.hpp
[6.471s] -- Installing: /home/sentry-nov/code/colcon_3/install/rm_interface/include/rm_interface/rm_interface/srv/nav_core.hpp
[6.471s] -- Installing: /home/sentry-nov/code/colcon_3/install/rm_interface/include/rm_interface/rm_interface/srv/save_pcd.hpp
[6.471s] -- Up-to-date: /home/sentry-nov/code/colcon_3/install/rm_interface/include/rm_interface/rm_interface/msg
[6.471s] -- Up-to-date: /home/sentry-nov/code/colcon_3/install/rm_interface/include/rm_interface/rm_interface/msg/detail
[6.471s] -- Installing: /home/sentry-nov/code/colcon_3/install/rm_interface/include/rm_interface/rm_interface/msg/detail/command__struct.hpp
[6.471s] -- Installing: /home/sentry-nov/code/colcon_3/install/rm_interface/include/rm_interface/rm_interface/msg/detail/command__traits.hpp
[6.472s] -- Installing: /home/sentry-nov/code/colcon_3/install/rm_interface/include/rm_interface/rm_interface/msg/detail/command__type_support.hpp
[6.472s] -- Installing: /home/sentry-nov/code/colcon_3/install/rm_interface/include/rm_interface/rm_interface/msg/detail/local_state__struct.hpp
[6.472s] -- Installing: /home/sentry-nov/code/colcon_3/install/rm_interface/include/rm_interface/rm_interface/msg/detail/enforced_yaw__type_support.hpp
[6.472s] -- Installing: /home/sentry-nov/code/colcon_3/install/rm_interface/include/rm_interface/rm_interface/msg/detail/local_state__traits.hpp
[6.472s] -- Installing: /home/sentry-nov/code/colcon_3/install/rm_interface/include/rm_interface/rm_interface/msg/detail/enforced_yaw__struct.hpp
[6.473s] -- Installing: /home/sentry-nov/code/colcon_3/install/rm_interface/include/rm_interface/rm_interface/msg/detail/command__builder.hpp
[6.473s] -- Installing: /home/sentry-nov/code/colcon_3/install/rm_interface/include/rm_interface/rm_interface/msg/detail/local_state__type_support.hpp
[6.473s] -- Installing: /home/sentry-nov/code/colcon_3/install/rm_interface/include/rm_interface/rm_interface/msg/detail/enforced_yaw__traits.hpp
[6.473s] -- Installing: /home/sentry-nov/code/colcon_3/install/rm_interface/include/rm_interface/rm_interface/msg/detail/local_state__builder.hpp
[6.473s] -- Installing: /home/sentry-nov/code/colcon_3/install/rm_interface/include/rm_interface/rm_interface/msg/detail/enforced_yaw__builder.hpp
[6.473s] -- Up-to-date: /home/sentry-nov/code/colcon_3/install/rm_interface/include/rm_interface/rm_interface/msg/rosidl_generator_cpp__visibility_control.hpp
[6.473s] -- Installing: /home/sentry-nov/code/colcon_3/install/rm_interface/include/rm_interface/rm_interface/msg/enforced_yaw.hpp
[6.473s] -- Installing: /home/sentry-nov/code/colcon_3/install/rm_interface/include/rm_interface/rm_interface/msg/local_state.hpp
[6.473s] -- Installing: /home/sentry-nov/code/colcon_3/install/rm_interface/include/rm_interface/rm_interface/msg/command.hpp
[6.474s] -- Up-to-date: /home/sentry-nov/code/colcon_3/install/rm_interface/include/rm_interface/rm_interface
[6.474s] -- Up-to-date: /home/sentry-nov/code/colcon_3/install/rm_interface/include/rm_interface/rm_interface/srv
[6.474s] -- Up-to-date: /home/sentry-nov/code/colcon_3/install/rm_interface/include/rm_interface/rm_interface/srv/detail
[6.474s] -- Installing: /home/sentry-nov/code/colcon_3/install/rm_interface/include/rm_interface/rm_interface/srv/detail/nav_core__rosidl_typesupport_fastrtps_cpp.hpp
[6.474s] -- Installing: /home/sentry-nov/code/colcon_3/install/rm_interface/include/rm_interface/rm_interface/srv/detail/set_robot_mode__rosidl_typesupport_fastrtps_cpp.hpp
[6.474s] -- Up-to-date: /home/sentry-nov/code/colcon_3/install/rm_interface/include/rm_interface/rm_interface/srv/detail/dds_fastrtps
[6.474s] -- Installing: /home/sentry-nov/code/colcon_3/install/rm_interface/include/rm_interface/rm_interface/srv/detail/save_pcd__rosidl_typesupport_fastrtps_cpp.hpp
[6.474s] -- Up-to-date: /home/sentry-nov/code/colcon_3/install/rm_interface/include/rm_interface/rm_interface/msg
[6.474s] -- Up-to-date: /home/sentry-nov/code/colcon_3/install/rm_interface/include/rm_interface/rm_interface/msg/detail
[6.474s] -- Installing: /home/sentry-nov/code/colcon_3/install/rm_interface/include/rm_interface/rm_interface/msg/detail/enforced_yaw__rosidl_typesupport_fastrtps_cpp.hpp
[6.475s] -- Installing: /home/sentry-nov/code/colcon_3/install/rm_interface/include/rm_interface/rm_interface/msg/detail/local_state__rosidl_typesupport_fastrtps_cpp.hpp
[6.475s] -- Up-to-date: /home/sentry-nov/code/colcon_3/install/rm_interface/include/rm_interface/rm_interface/msg/detail/dds_fastrtps
[6.475s] -- Installing: /home/sentry-nov/code/colcon_3/install/rm_interface/include/rm_interface/rm_interface/msg/detail/command__rosidl_typesupport_fastrtps_cpp.hpp
[6.475s] -- Up-to-date: /home/sentry-nov/code/colcon_3/install/rm_interface/include/rm_interface/rm_interface/msg/rosidl_typesupport_fastrtps_cpp__visibility_control.h
[6.475s] -- Installing: /home/sentry-nov/code/colcon_3/install/rm_interface/lib/librm_interface__rosidl_typesupport_fastrtps_cpp.so
[6.476s] -- Set runtime path of "/home/sentry-nov/code/colcon_3/install/rm_interface/lib/librm_interface__rosidl_typesupport_fastrtps_cpp.so" to ""
[6.476s] -- Up-to-date: /home/sentry-nov/code/colcon_3/install/rm_interface/include/rm_interface/rm_interface
[6.476s] -- Up-to-date: /home/sentry-nov/code/colcon_3/install/rm_interface/include/rm_interface/rm_interface/srv
[6.476s] -- Up-to-date: /home/sentry-nov/code/colcon_3/install/rm_interface/include/rm_interface/rm_interface/srv/detail
[6.476s] -- Installing: /home/sentry-nov/code/colcon_3/install/rm_interface/include/rm_interface/rm_interface/srv/detail/nav_core__rosidl_typesupport_introspection_c.h
[6.476s] -- Installing: /home/sentry-nov/code/colcon_3/install/rm_interface/include/rm_interface/rm_interface/srv/detail/set_robot_mode__type_support.c
[6.476s] -- Installing: /home/sentry-nov/code/colcon_3/install/rm_interface/include/rm_interface/rm_interface/srv/detail/save_pcd__type_support.c
[6.476s] -- Installing: /home/sentry-nov/code/colcon_3/install/rm_interface/include/rm_interface/rm_interface/srv/detail/set_robot_mode__rosidl_typesupport_introspection_c.h
[6.476s] -- Installing: /home/sentry-nov/code/colcon_3/install/rm_interface/include/rm_interface/rm_interface/srv/detail/nav_core__type_support.c
[6.477s] -- Installing: /home/sentry-nov/code/colcon_3/install/rm_interface/include/rm_interface/rm_interface/srv/detail/save_pcd__rosidl_typesupport_introspection_c.h
[6.477s] -- Up-to-date: /home/sentry-nov/code/colcon_3/install/rm_interface/include/rm_interface/rm_interface/msg
[6.477s] -- Up-to-date: /home/sentry-nov/code/colcon_3/install/rm_interface/include/rm_interface/rm_interface/msg/detail
[6.477s] -- Installing: /home/sentry-nov/code/colcon_3/install/rm_interface/include/rm_interface/rm_interface/msg/detail/enforced_yaw__type_support.c
[6.477s] -- Installing: /home/sentry-nov/code/colcon_3/install/rm_interface/include/rm_interface/rm_interface/msg/detail/command__rosidl_typesupport_introspection_c.h
[6.477s] -- Installing: /home/sentry-nov/code/colcon_3/install/rm_interface/include/rm_interface/rm_interface/msg/detail/local_state__rosidl_typesupport_introspection_c.h
[6.477s] -- Installing: /home/sentry-nov/code/colcon_3/install/rm_interface/include/rm_interface/rm_interface/msg/detail/enforced_yaw__rosidl_typesupport_introspection_c.h
[6.477s] -- Installing: /home/sentry-nov/code/colcon_3/install/rm_interface/include/rm_interface/rm_interface/msg/detail/command__type_support.c
[6.478s] -- Installing: /home/sentry-nov/code/colcon_3/install/rm_interface/include/rm_interface/rm_interface/msg/detail/local_state__type_support.c
[6.478s] -- Up-to-date: /home/sentry-nov/code/colcon_3/install/rm_interface/include/rm_interface/rm_interface/msg/rosidl_typesupport_introspection_c__visibility_control.h
[6.478s] -- Installing: /home/sentry-nov/code/colcon_3/install/rm_interface/lib/librm_interface__rosidl_typesupport_introspection_c.so
[6.478s] -- Set runtime path of "/home/sentry-nov/code/colcon_3/install/rm_interface/lib/librm_interface__rosidl_typesupport_introspection_c.so" to ""
[6.479s] -- Installing: /home/sentry-nov/code/colcon_3/install/rm_interface/lib/librm_interface__rosidl_typesupport_c.so
[6.479s] -- Set runtime path of "/home/sentry-nov/code/colcon_3/install/rm_interface/lib/librm_interface__rosidl_typesupport_c.so" to ""
[6.479s] -- Up-to-date: /home/sentry-nov/code/colcon_3/install/rm_interface/include/rm_interface/rm_interface
[6.479s] -- Up-to-date: /home/sentry-nov/code/colcon_3/install/rm_interface/include/rm_interface/rm_interface/srv
[6.479s] -- Up-to-date: /home/sentry-nov/code/colcon_3/install/rm_interface/include/rm_interface/rm_interface/srv/detail
[6.479s] -- Installing: /home/sentry-nov/code/colcon_3/install/rm_interface/include/rm_interface/rm_interface/srv/detail/set_robot_mode__type_support.cpp
[6.479s] -- Installing: /home/sentry-nov/code/colcon_3/install/rm_interface/include/rm_interface/rm_interface/srv/detail/save_pcd__rosidl_typesupport_introspection_cpp.hpp
[6.479s] -- Installing: /home/sentry-nov/code/colcon_3/install/rm_interface/include/rm_interface/rm_interface/srv/detail/save_pcd__type_support.cpp
[6.480s] -- Installing: /home/sentry-nov/code/colcon_3/install/rm_interface/include/rm_interface/rm_interface/srv/detail/set_robot_mode__rosidl_typesupport_introspection_cpp.hpp
[6.480s] -- Installing: /home/sentry-nov/code/colcon_3/install/rm_interface/include/rm_interface/rm_interface/srv/detail/nav_core__rosidl_typesupport_introspection_cpp.hpp
[6.480s] -- Installing: /home/sentry-nov/code/colcon_3/install/rm_interface/include/rm_interface/rm_interface/srv/detail/nav_core__type_support.cpp
[6.480s] -- Up-to-date: /home/sentry-nov/code/colcon_3/install/rm_interface/include/rm_interface/rm_interface/msg
[6.480s] -- Up-to-date: /home/sentry-nov/code/colcon_3/install/rm_interface/include/rm_interface/rm_interface/msg/detail
[6.480s] -- Installing: /home/sentry-nov/code/colcon_3/install/rm_interface/include/rm_interface/rm_interface/msg/detail/enforced_yaw__type_support.cpp
[6.480s] -- Installing: /home/sentry-nov/code/colcon_3/install/rm_interface/include/rm_interface/rm_interface/msg/detail/command__type_support.cpp
[6.481s] -- Installing: /home/sentry-nov/code/colcon_3/install/rm_interface/include/rm_interface/rm_interface/msg/detail/local_state__rosidl_typesupport_introspection_cpp.hpp
[6.481s] -- Installing: /home/sentry-nov/code/colcon_3/install/rm_interface/include/rm_interface/rm_interface/msg/detail/command__rosidl_typesupport_introspection_cpp.hpp
[6.481s] -- Installing: /home/sentry-nov/code/colcon_3/install/rm_interface/include/rm_interface/rm_interface/msg/detail/local_state__type_support.cpp
[6.481s] -- Installing: /home/sentry-nov/code/colcon_3/install/rm_interface/include/rm_interface/rm_interface/msg/detail/enforced_yaw__rosidl_typesupport_introspection_cpp.hpp
[6.481s] -- Installing: /home/sentry-nov/code/colcon_3/install/rm_interface/lib/librm_interface__rosidl_typesupport_introspection_cpp.so
[6.482s] -- Set runtime path of "/home/sentry-nov/code/colcon_3/install/rm_interface/lib/librm_interface__rosidl_typesupport_introspection_cpp.so" to ""
[6.482s] -- Installing: /home/sentry-nov/code/colcon_3/install/rm_interface/lib/librm_interface__rosidl_typesupport_cpp.so
[6.482s] -- Set runtime path of "/home/sentry-nov/code/colcon_3/install/rm_interface/lib/librm_interface__rosidl_typesupport_cpp.so" to ""
[6.482s] -- Up-to-date: /home/sentry-nov/code/colcon_3/install/rm_interface/share/rm_interface/environment/pythonpath.sh
[6.482s] -- Installing: /home/sentry-nov/code/colcon_3/install/rm_interface/share/rm_interface/environment/pythonpath.dsv
[6.483s] -- Up-to-date: /home/sentry-nov/code/colcon_3/install/rm_interface/local/lib/python3.10/dist-packages/rm_interface-0.0.0-py3.10.egg-info
[6.483s] -- Installing: /home/sentry-nov/code/colcon_3/install/rm_interface/local/lib/python3.10/dist-packages/rm_interface-0.0.0-py3.10.egg-info/top_level.txt
[6.483s] -- Installing: /home/sentry-nov/code/colcon_3/install/rm_interface/local/lib/python3.10/dist-packages/rm_interface-0.0.0-py3.10.egg-info/dependency_links.txt
[6.483s] -- Installing: /home/sentry-nov/code/colcon_3/install/rm_interface/local/lib/python3.10/dist-packages/rm_interface-0.0.0-py3.10.egg-info/PKG-INFO
[6.483s] -- Installing: /home/sentry-nov/code/colcon_3/install/rm_interface/local/lib/python3.10/dist-packages/rm_interface-0.0.0-py3.10.egg-info/SOURCES.txt
[6.483s] -- Up-to-date: /home/sentry-nov/code/colcon_3/install/rm_interface/local/lib/python3.10/dist-packages/rm_interface
[6.483s] -- Installing: /home/sentry-nov/code/colcon_3/install/rm_interface/local/lib/python3.10/dist-packages/rm_interface/rm_interface_s__rosidl_typesupport_introspection_c.cpython-310-x86_64-linux-gnu.so
[6.484s] -- Up-to-date: /home/sentry-nov/code/colcon_3/install/rm_interface/local/lib/python3.10/dist-packages/rm_interface/srv
[6.484s] -- Installing: /home/sentry-nov/code/colcon_3/install/rm_interface/local/lib/python3.10/dist-packages/rm_interface/srv/_nav_core_s.c
[6.484s] -- Installing: /home/sentry-nov/code/colcon_3/install/rm_interface/local/lib/python3.10/dist-packages/rm_interface/srv/_set_robot_mode_s.c
[6.484s] -- Installing: /home/sentry-nov/code/colcon_3/install/rm_interface/local/lib/python3.10/dist-packages/rm_interface/srv/_nav_core.py
[6.484s] -- Installing: /home/sentry-nov/code/colcon_3/install/rm_interface/local/lib/python3.10/dist-packages/rm_interface/srv/_save_pcd.py
[6.484s] -- Installing: /home/sentry-nov/code/colcon_3/install/rm_interface/local/lib/python3.10/dist-packages/rm_interface/srv/_set_robot_mode.py
[6.484s] -- Installing: /home/sentry-nov/code/colcon_3/install/rm_interface/local/lib/python3.10/dist-packages/rm_interface/srv/_save_pcd_s.c
[6.485s] -- Installing: /home/sentry-nov/code/colcon_3/install/rm_interface/local/lib/python3.10/dist-packages/rm_interface/srv/__init__.py
[6.485s] -- Installing: /home/sentry-nov/code/colcon_3/install/rm_interface/local/lib/python3.10/dist-packages/rm_interface/rm_interface_s__rosidl_typesupport_c.cpython-310-x86_64-linux-gnu.so
[6.485s] -- Installing: /home/sentry-nov/code/colcon_3/install/rm_interface/local/lib/python3.10/dist-packages/rm_interface/_rm_interface_s.ep.rosidl_typesupport_c.c
[6.485s] -- Installing: /home/sentry-nov/code/colcon_3/install/rm_interface/local/lib/python3.10/dist-packages/rm_interface/_rm_interface_s.ep.rosidl_typesupport_fastrtps_c.c
[6.485s] -- Installing: /home/sentry-nov/code/colcon_3/install/rm_interface/local/lib/python3.10/dist-packages/rm_interface/rm_interface_s__rosidl_typesupport_fastrtps_c.cpython-310-x86_64-linux-gnu.so
[6.486s] -- Installing: /home/sentry-nov/code/colcon_3/install/rm_interface/local/lib/python3.10/dist-packages/rm_interface/__init__.py
[6.486s] -- Up-to-date: /home/sentry-nov/code/colcon_3/install/rm_interface/local/lib/python3.10/dist-packages/rm_interface/msg
[6.486s] -- Installing: /home/sentry-nov/code/colcon_3/install/rm_interface/local/lib/python3.10/dist-packages/rm_interface/msg/_local_state.py
[6.486s] -- Installing: /home/sentry-nov/code/colcon_3/install/rm_interface/local/lib/python3.10/dist-packages/rm_interface/msg/_local_state_s.c
[6.486s] -- Installing: /home/sentry-nov/code/colcon_3/install/rm_interface/local/lib/python3.10/dist-packages/rm_interface/msg/_enforced_yaw.py
[6.486s] -- Installing: /home/sentry-nov/code/colcon_3/install/rm_interface/local/lib/python3.10/dist-packages/rm_interface/msg/_command.py
[6.486s] -- Installing: /home/sentry-nov/code/colcon_3/install/rm_interface/local/lib/python3.10/dist-packages/rm_interface/msg/_enforced_yaw_s.c
[6.487s] -- Installing: /home/sentry-nov/code/colcon_3/install/rm_interface/local/lib/python3.10/dist-packages/rm_interface/msg/__init__.py
[6.487s] -- Installing: /home/sentry-nov/code/colcon_3/install/rm_interface/local/lib/python3.10/dist-packages/rm_interface/msg/_command_s.c
[6.487s] -- Installing: /home/sentry-nov/code/colcon_3/install/rm_interface/local/lib/python3.10/dist-packages/rm_interface/librm_interface__rosidl_generator_py.so
[6.487s] -- Installing: /home/sentry-nov/code/colcon_3/install/rm_interface/local/lib/python3.10/dist-packages/rm_interface/_rm_interface_s.ep.rosidl_typesupport_introspection_c.c
[6.538s] Listing '/home/sentry-nov/code/colcon_3/install/rm_interface/local/lib/python3.10/dist-packages/rm_interface'...
[6.538s] Compiling '/home/sentry-nov/code/colcon_3/install/rm_interface/local/lib/python3.10/dist-packages/rm_interface/__init__.py'...
[6.539s] Listing '/home/sentry-nov/code/colcon_3/install/rm_interface/local/lib/python3.10/dist-packages/rm_interface/msg'...
[6.539s] Compiling '/home/sentry-nov/code/colcon_3/install/rm_interface/local/lib/python3.10/dist-packages/rm_interface/msg/__init__.py'...
[6.539s] Compiling '/home/sentry-nov/code/colcon_3/install/rm_interface/local/lib/python3.10/dist-packages/rm_interface/msg/_command.py'...
[6.539s] Compiling '/home/sentry-nov/code/colcon_3/install/rm_interface/local/lib/python3.10/dist-packages/rm_interface/msg/_enforced_yaw.py'...
[6.539s] Compiling '/home/sentry-nov/code/colcon_3/install/rm_interface/local/lib/python3.10/dist-packages/rm_interface/msg/_local_state.py'...
[6.539s] Listing '/home/sentry-nov/code/colcon_3/install/rm_interface/local/lib/python3.10/dist-packages/rm_interface/srv'...
[6.539s] Compiling '/home/sentry-nov/code/colcon_3/install/rm_interface/local/lib/python3.10/dist-packages/rm_interface/srv/__init__.py'...
[6.539s] Compiling '/home/sentry-nov/code/colcon_3/install/rm_interface/local/lib/python3.10/dist-packages/rm_interface/srv/_nav_core.py'...
[6.539s] Compiling '/home/sentry-nov/code/colcon_3/install/rm_interface/local/lib/python3.10/dist-packages/rm_interface/srv/_save_pcd.py'...
[6.540s] Compiling '/home/sentry-nov/code/colcon_3/install/rm_interface/local/lib/python3.10/dist-packages/rm_interface/srv/_set_robot_mode.py'...
[6.544s] -- Installing: /home/sentry-nov/code/colcon_3/install/rm_interface/local/lib/python3.10/dist-packages/rm_interface/rm_interface_s__rosidl_typesupport_fastrtps_c.cpython-310-x86_64-linux-gnu.so
[6.545s] -- Set runtime path of "/home/sentry-nov/code/colcon_3/install/rm_interface/local/lib/python3.10/dist-packages/rm_interface/rm_interface_s__rosidl_typesupport_fastrtps_c.cpython-310-x86_64-linux-gnu.so" to ""
[6.545s] -- Installing: /home/sentry-nov/code/colcon_3/install/rm_interface/local/lib/python3.10/dist-packages/rm_interface/rm_interface_s__rosidl_typesupport_introspection_c.cpython-310-x86_64-linux-gnu.so
[6.546s] -- Set runtime path of "/home/sentry-nov/code/colcon_3/install/rm_interface/local/lib/python3.10/dist-packages/rm_interface/rm_interface_s__rosidl_typesupport_introspection_c.cpython-310-x86_64-linux-gnu.so" to ""
[6.546s] -- Installing: /home/sentry-nov/code/colcon_3/install/rm_interface/local/lib/python3.10/dist-packages/rm_interface/rm_interface_s__rosidl_typesupport_c.cpython-310-x86_64-linux-gnu.so
[6.546s] -- Set runtime path of "/home/sentry-nov/code/colcon_3/install/rm_interface/local/lib/python3.10/dist-packages/rm_interface/rm_interface_s__rosidl_typesupport_c.cpython-310-x86_64-linux-gnu.so" to ""
[6.546s] -- Installing: /home/sentry-nov/code/colcon_3/install/rm_interface/lib/librm_interface__rosidl_generator_py.so
[6.547s] -- Set runtime path of "/home/sentry-nov/code/colcon_3/install/rm_interface/lib/librm_interface__rosidl_generator_py.so" to ""
[6.547s] -- Up-to-date: /home/sentry-nov/code/colcon_3/install/rm_interface/share/rm_interface/srv/SavePCD.idl
[6.547s] -- Up-to-date: /home/sentry-nov/code/colcon_3/install/rm_interface/share/rm_interface/srv/NavCore.idl
[6.548s] -- Up-to-date: /home/sentry-nov/code/colcon_3/install/rm_interface/share/rm_interface/srv/SetRobotMode.idl
[6.548s] -- Up-to-date: /home/sentry-nov/code/colcon_3/install/rm_interface/share/rm_interface/msg/Command.idl
[6.548s] -- Up-to-date: /home/sentry-nov/code/colcon_3/install/rm_interface/share/rm_interface/msg/LocalState.idl
[6.548s] -- Installing: /home/sentry-nov/code/colcon_3/install/rm_interface/share/rm_interface/msg/EnforcedYaw.idl
[6.548s] -- Up-to-date: /home/sentry-nov/code/colcon_3/install/rm_interface/share/rm_interface/srv/SavePCD.srv
[6.548s] -- Up-to-date: /home/sentry-nov/code/colcon_3/install/rm_interface/share/rm_interface/srv/SavePCD_Request.msg
[6.548s] -- Up-to-date: /home/sentry-nov/code/colcon_3/install/rm_interface/share/rm_interface/srv/SavePCD_Response.msg
[6.548s] -- Up-to-date: /home/sentry-nov/code/colcon_3/install/rm_interface/share/rm_interface/srv/NavCore.srv
[6.548s] -- Up-to-date: /home/sentry-nov/code/colcon_3/install/rm_interface/share/rm_interface/srv/NavCore_Request.msg
[6.549s] -- Up-to-date: /home/sentry-nov/code/colcon_3/install/rm_interface/share/rm_interface/srv/NavCore_Response.msg
[6.549s] -- Up-to-date: /home/sentry-nov/code/colcon_3/install/rm_interface/share/rm_interface/srv/SetRobotMode.srv
[6.549s] -- Up-to-date: /home/sentry-nov/code/colcon_3/install/rm_interface/share/rm_interface/srv/SetRobotMode_Request.msg
[6.549s] -- Up-to-date: /home/sentry-nov/code/colcon_3/install/rm_interface/share/rm_interface/srv/SetRobotMode_Response.msg
[6.549s] -- Up-to-date: /home/sentry-nov/code/colcon_3/install/rm_interface/share/rm_interface/msg/Command.msg
[6.549s] -- Up-to-date: /home/sentry-nov/code/colcon_3/install/rm_interface/share/rm_interface/msg/LocalState.msg
[6.549s] -- Installing: /home/sentry-nov/code/colcon_3/install/rm_interface/share/rm_interface/msg/EnforcedYaw.msg
[6.549s] -- Up-to-date: /home/sentry-nov/code/colcon_3/install/rm_interface/share/ament_index/resource_index/package_run_dependencies/rm_interface
[6.549s] -- Up-to-date: /home/sentry-nov/code/colcon_3/install/rm_interface/share/ament_index/resource_index/parent_prefix_path/rm_interface
[6.549s] -- Up-to-date: /home/sentry-nov/code/colcon_3/install/rm_interface/share/rm_interface/environment/ament_prefix_path.sh
[6.549s] -- Installing: /home/sentry-nov/code/colcon_3/install/rm_interface/share/rm_interface/environment/ament_prefix_path.dsv
[6.549s] -- Up-to-date: /home/sentry-nov/code/colcon_3/install/rm_interface/share/rm_interface/environment/path.sh
[6.549s] -- Installing: /home/sentry-nov/code/colcon_3/install/rm_interface/share/rm_interface/environment/path.dsv
[6.549s] -- Up-to-date: /home/sentry-nov/code/colcon_3/install/rm_interface/share/rm_interface/local_setup.bash
[6.549s] -- Up-to-date: /home/sentry-nov/code/colcon_3/install/rm_interface/share/rm_interface/local_setup.sh
[6.549s] -- Up-to-date: /home/sentry-nov/code/colcon_3/install/rm_interface/share/rm_interface/local_setup.zsh
[6.550s] -- Installing: /home/sentry-nov/code/colcon_3/install/rm_interface/share/rm_interface/local_setup.dsv
[6.550s] -- Installing: /home/sentry-nov/code/colcon_3/install/rm_interface/share/rm_interface/package.dsv
[6.550s] -- Up-to-date: /home/sentry-nov/code/colcon_3/install/rm_interface/share/ament_index/resource_index/packages/rm_interface
[6.550s] -- Up-to-date: /home/sentry-nov/code/colcon_3/install/rm_interface/share/rm_interface/cmake/export_rm_interface__rosidl_generator_cExport.cmake
[6.550s] -- Up-to-date: /home/sentry-nov/code/colcon_3/install/rm_interface/share/rm_interface/cmake/export_rm_interface__rosidl_generator_cExport-release.cmake
[6.550s] -- Up-to-date: /home/sentry-nov/code/colcon_3/install/rm_interface/share/rm_interface/cmake/export_rm_interface__rosidl_typesupport_fastrtps_cExport.cmake
[6.551s] -- Up-to-date: /home/sentry-nov/code/colcon_3/install/rm_interface/share/rm_interface/cmake/export_rm_interface__rosidl_typesupport_fastrtps_cExport-release.cmake
[6.551s] -- Up-to-date: /home/sentry-nov/code/colcon_3/install/rm_interface/share/rm_interface/cmake/export_rm_interface__rosidl_generator_cppExport.cmake
[6.551s] -- Up-to-date: /home/sentry-nov/code/colcon_3/install/rm_interface/share/rm_interface/cmake/export_rm_interface__rosidl_typesupport_fastrtps_cppExport.cmake
[6.551s] -- Up-to-date: /home/sentry-nov/code/colcon_3/install/rm_interface/share/rm_interface/cmake/export_rm_interface__rosidl_typesupport_fastrtps_cppExport-release.cmake
[6.552s] -- Up-to-date: /home/sentry-nov/code/colcon_3/install/rm_interface/share/rm_interface/cmake/rm_interface__rosidl_typesupport_introspection_cExport.cmake
[6.552s] -- Up-to-date: /home/sentry-nov/code/colcon_3/install/rm_interface/share/rm_interface/cmake/rm_interface__rosidl_typesupport_introspection_cExport-release.cmake
[6.553s] -- Up-to-date: /home/sentry-nov/code/colcon_3/install/rm_interface/share/rm_interface/cmake/rm_interface__rosidl_typesupport_cExport.cmake
[6.553s] -- Up-to-date: /home/sentry-nov/code/colcon_3/install/rm_interface/share/rm_interface/cmake/rm_interface__rosidl_typesupport_cExport-release.cmake
[6.553s] -- Up-to-date: /home/sentry-nov/code/colcon_3/install/rm_interface/share/rm_interface/cmake/rm_interface__rosidl_typesupport_introspection_cppExport.cmake
[6.553s] -- Up-to-date: /home/sentry-nov/code/colcon_3/install/rm_interface/share/rm_interface/cmake/rm_interface__rosidl_typesupport_introspection_cppExport-release.cmake
[6.554s] -- Up-to-date: /home/sentry-nov/code/colcon_3/install/rm_interface/share/rm_interface/cmake/rm_interface__rosidl_typesupport_cppExport.cmake
[6.554s] -- Up-to-date: /home/sentry-nov/code/colcon_3/install/rm_interface/share/rm_interface/cmake/rm_interface__rosidl_typesupport_cppExport-release.cmake
[6.554s] -- Up-to-date: /home/sentry-nov/code/colcon_3/install/rm_interface/share/rm_interface/cmake/export_rm_interface__rosidl_generator_pyExport.cmake
[6.554s] -- Up-to-date: /home/sentry-nov/code/colcon_3/install/rm_interface/share/rm_interface/cmake/export_rm_interface__rosidl_generator_pyExport-release.cmake
[6.554s] -- Up-to-date: /home/sentry-nov/code/colcon_3/install/rm_interface/share/rm_interface/cmake/rosidl_cmake-extras.cmake
[6.554s] -- Up-to-date: /home/sentry-nov/code/colcon_3/install/rm_interface/share/rm_interface/cmake/ament_cmake_export_include_directories-extras.cmake
[6.555s] -- Up-to-date: /home/sentry-nov/code/colcon_3/install/rm_interface/share/rm_interface/cmake/ament_cmake_export_libraries-extras.cmake
[6.555s] -- Up-to-date: /home/sentry-nov/code/colcon_3/install/rm_interface/share/rm_interface/cmake/ament_cmake_export_targets-extras.cmake
[6.555s] -- Up-to-date: /home/sentry-nov/code/colcon_3/install/rm_interface/share/rm_interface/cmake/rosidl_cmake_export_typesupport_targets-extras.cmake
[6.555s] -- Up-to-date: /home/sentry-nov/code/colcon_3/install/rm_interface/share/rm_interface/cmake/ament_cmake_export_dependencies-extras.cmake
[6.555s] -- Up-to-date: /home/sentry-nov/code/colcon_3/install/rm_interface/share/rm_interface/cmake/rosidl_cmake_export_typesupport_libraries-extras.cmake
[6.555s] -- Up-to-date: /home/sentry-nov/code/colcon_3/install/rm_interface/share/rm_interface/cmake/rm_interfaceConfig.cmake
[6.555s] -- Up-to-date: /home/sentry-nov/code/colcon_3/install/rm_interface/share/rm_interface/cmake/rm_interfaceConfig-version.cmake
[6.555s] -- Up-to-date: /home/sentry-nov/code/colcon_3/install/rm_interface/share/rm_interface/package.xml
[6.558s] Invoked command in '/home/sentry-nov/code/colcon_3/build/rm_interface' returned '0': CMAKE_PREFIX_PATH=${CMAKE_PREFIX_PATH}:/opt/ros/humble /usr/bin/cmake --install /home/sentry-nov/code/colcon_3/build/rm_interface
