[0.023s] Invoking command in '/home/sentry-nov/code/colcon_3/build/altitude_map': AMENT_PREFIX_PATH=/home/sentry-nov/code/colcon_3/install/debug_tools:${AMENT_PREFIX_PATH} CMAKE_PREFIX_PATH=/home/sentry-nov/code/colcon_3/install/debug_tools:/opt/ros/humble /usr/bin/cmake --build /home/sentry-nov/code/colcon_3/build/altitude_map -- -j12 -l12
[0.188s] [  7%] [32mBuilding CXX object CMakeFiles/altitude_map.dir/src/prob/prob_map.cpp.o[0m
[0.189s] [ 21%] Built target test_generate_cloud_node
[0.190s] [ 28%] [32mBuilding CXX object CMakeFiles/altitude_map.dir/src/altitude_map.cpp.o[0m
[0.193s] [ 35%] [32mBuilding CXX object CMakeFiles/altitude_map.dir/src/local_map.cpp.o[0m
[0.193s] [ 42%] [32mBuilding CXX object CMakeFiles/altitude_map.dir/src/global_map.cpp.o[0m
[9.433s] [ 50%] [32m[1mLinking CXX shared library libaltitude_map.so[0m
[11.009s] [ 71%] Built target altitude_map
[11.061s] [ 78%] [32mBuilding CXX object CMakeFiles/test_global_node.dir/test/global_node.cpp.o[0m
[11.064s] [ 85%] [32mBuilding CXX object CMakeFiles/test_local_node.dir/test/local_node.cpp.o[0m
[20.411s] [ 92%] [32m[1mLinking CXX executable test_global_node[0m
[21.254s] [ 92%] Built target test_global_node
[31.059s] [100%] [32m[1mLinking CXX executable test_local_node[0m
[31.838s] [100%] Built target test_local_node
[31.853s] Invoked command in '/home/sentry-nov/code/colcon_3/build/altitude_map' returned '0': AMENT_PREFIX_PATH=/home/sentry-nov/code/colcon_3/install/debug_tools:${AMENT_PREFIX_PATH} CMAKE_PREFIX_PATH=/home/sentry-nov/code/colcon_3/install/debug_tools:/opt/ros/humble /usr/bin/cmake --build /home/sentry-nov/code/colcon_3/build/altitude_map -- -j12 -l12
[31.856s] Invoking command in '/home/sentry-nov/code/colcon_3/build/altitude_map': AMENT_PREFIX_PATH=/home/sentry-nov/code/colcon_3/install/debug_tools:${AMENT_PREFIX_PATH} CMAKE_PREFIX_PATH=/home/sentry-nov/code/colcon_3/install/debug_tools:/opt/ros/humble /usr/bin/cmake --install /home/sentry-nov/code/colcon_3/build/altitude_map
[31.865s] -- Install configuration: "Release"
[31.865s] -- Up-to-date: /home/sentry-nov/code/colcon_3/install/altitude_map/share/altitude_map/environment/library_path.sh
[31.865s] -- Up-to-date: /home/sentry-nov/code/colcon_3/install/altitude_map/share/altitude_map/environment/library_path.dsv
[31.866s] -- Up-to-date: /home/sentry-nov/code/colcon_3/install/altitude_map/include
[31.866s] -- Up-to-date: /home/sentry-nov/code/colcon_3/install/altitude_map/include/altitude_map
[31.866s] -- Up-to-date: /home/sentry-nov/code/colcon_3/install/altitude_map/include/altitude_map/prob
[31.866s] -- Up-to-date: /home/sentry-nov/code/colcon_3/install/altitude_map/include/altitude_map/prob/sliding_map.h
[31.866s] -- Up-to-date: /home/sentry-nov/code/colcon_3/install/altitude_map/include/altitude_map/prob/prob_map.h
[31.866s] -- Up-to-date: /home/sentry-nov/code/colcon_3/install/altitude_map/include/altitude_map/prob/prob_config.hpp
[31.866s] -- Up-to-date: /home/sentry-nov/code/colcon_3/install/altitude_map/include/altitude_map/prob/raycaster.h
[31.866s] -- Installing: /home/sentry-nov/code/colcon_3/install/altitude_map/include/altitude_map/altitude_map.h
[31.866s] -- Installing: /home/sentry-nov/code/colcon_3/install/altitude_map/include/altitude_map/local_map.h
[31.866s] -- Up-to-date: /home/sentry-nov/code/colcon_3/install/altitude_map/include/altitude_map/cloud_generator.h
[31.866s] -- Up-to-date: /home/sentry-nov/code/colcon_3/install/altitude_map/include/altitude_map/grid_map.h
[31.866s] -- Up-to-date: /home/sentry-nov/code/colcon_3/install/altitude_map/include/altitude_map/global_map.h
[31.867s] -- Installing: /home/sentry-nov/code/colcon_3/install/altitude_map/lib/libaltitude_map.so
[31.870s] -- Installing: /home/sentry-nov/code/colcon_3/install/altitude_map/lib/altitude_map/test_global_node
[31.871s] -- Set runtime path of "/home/sentry-nov/code/colcon_3/install/altitude_map/lib/altitude_map/test_global_node" to ""
[31.872s] -- Installing: /home/sentry-nov/code/colcon_3/install/altitude_map/lib/altitude_map/test_local_node
[31.875s] -- Set runtime path of "/home/sentry-nov/code/colcon_3/install/altitude_map/lib/altitude_map/test_local_node" to ""
[31.876s] -- Up-to-date: /home/sentry-nov/code/colcon_3/install/altitude_map/lib/altitude_map/test_generate_cloud_node
[31.876s] -- Up-to-date: /home/sentry-nov/code/colcon_3/install/altitude_map/share/ament_index/resource_index/package_run_dependencies/altitude_map
[31.876s] -- Up-to-date: /home/sentry-nov/code/colcon_3/install/altitude_map/share/ament_index/resource_index/parent_prefix_path/altitude_map
[31.876s] -- Up-to-date: /home/sentry-nov/code/colcon_3/install/altitude_map/share/altitude_map/environment/ament_prefix_path.sh
[31.877s] -- Up-to-date: /home/sentry-nov/code/colcon_3/install/altitude_map/share/altitude_map/environment/ament_prefix_path.dsv
[31.877s] -- Up-to-date: /home/sentry-nov/code/colcon_3/install/altitude_map/share/altitude_map/environment/path.sh
[31.877s] -- Up-to-date: /home/sentry-nov/code/colcon_3/install/altitude_map/share/altitude_map/environment/path.dsv
[31.877s] -- Up-to-date: /home/sentry-nov/code/colcon_3/install/altitude_map/share/altitude_map/local_setup.bash
[31.877s] -- Up-to-date: /home/sentry-nov/code/colcon_3/install/altitude_map/share/altitude_map/local_setup.sh
[31.877s] -- Up-to-date: /home/sentry-nov/code/colcon_3/install/altitude_map/share/altitude_map/local_setup.zsh
[31.877s] -- Up-to-date: /home/sentry-nov/code/colcon_3/install/altitude_map/share/altitude_map/local_setup.dsv
[31.877s] -- Installing: /home/sentry-nov/code/colcon_3/install/altitude_map/share/altitude_map/package.dsv
[31.877s] -- Up-to-date: /home/sentry-nov/code/colcon_3/install/altitude_map/share/ament_index/resource_index/packages/altitude_map
[31.878s] -- Up-to-date: /home/sentry-nov/code/colcon_3/install/altitude_map/share/altitude_map/cmake/ament_cmake_export_include_directories-extras.cmake
[31.878s] -- Up-to-date: /home/sentry-nov/code/colcon_3/install/altitude_map/share/altitude_map/cmake/ament_cmake_export_libraries-extras.cmake
[31.878s] -- Up-to-date: /home/sentry-nov/code/colcon_3/install/altitude_map/share/altitude_map/cmake/altitude_mapConfig.cmake
[31.878s] -- Up-to-date: /home/sentry-nov/code/colcon_3/install/altitude_map/share/altitude_map/cmake/altitude_mapConfig-version.cmake
[31.878s] -- Up-to-date: /home/sentry-nov/code/colcon_3/install/altitude_map/share/altitude_map/package.xml
[31.880s] Invoked command in '/home/sentry-nov/code/colcon_3/build/altitude_map' returned '0': AMENT_PREFIX_PATH=/home/sentry-nov/code/colcon_3/install/debug_tools:${AMENT_PREFIX_PATH} CMAKE_PREFIX_PATH=/home/sentry-nov/code/colcon_3/install/debug_tools:/opt/ros/humble /usr/bin/cmake --install /home/sentry-nov/code/colcon_3/build/altitude_map
