-- The C compiler identification is GNU 11.4.0
-- The CXX compiler identification is GNU 11.4.0
-- Detecting C compiler ABI info
-- Detecting C compiler ABI info - done
-- Check for working C compiler: /usr/bin/cc - skipped
-- Detecting C compile features
-- Detecting C compile features - done
-- Detecting CXX compiler ABI info
-- Detecting CXX compiler ABI info - done
-- Check for working CXX compiler: /usr/bin/c++ - skipped
-- Detecting CXX compile features
-- Detecting CXX compile features - done
-- Found ament_cmake: 1.3.11 (/opt/ros/humble/share/ament_cmake/cmake)
-- Found Python3: /usr/bin/python3 (found version "3.10.12") found components: Interpreter 
-- Found rclcpp: 16.0.11 (/opt/ros/humble/share/rclcpp/cmake)
-- Found rosidl_generator_c: 3.1.6 (/opt/ros/humble/share/rosidl_generator_c/cmake)
-- Found rosidl_adapter: 3.1.6 (/opt/ros/humble/share/rosidl_adapter/cmake)
-- Found rosidl_generator_cpp: 3.1.6 (/opt/ros/humble/share/rosidl_generator_cpp/cmake)
-- Using all available rosidl_typesupport_c: rosidl_typesupport_fastrtps_c;rosidl_typesupport_introspection_c
-- Using all available rosidl_typesupport_cpp: rosidl_typesupport_fastrtps_cpp;rosidl_typesupport_introspection_cpp
-- Found rmw_implementation_cmake: 6.1.2 (/opt/ros/humble/share/rmw_implementation_cmake/cmake)
-- Found rmw_fastrtps_cpp: 6.2.7 (/opt/ros/humble/share/rmw_fastrtps_cpp/cmake)
-- Found OpenSSL: /usr/lib/x86_64-linux-gnu/libcrypto.so (found version "3.0.2")  
-- Found FastRTPS: /opt/ros/humble/include  
-- Using RMW implementation 'rmw_fastrtps_cpp' as default
-- Looking for pthread.h
-- Looking for pthread.h - found
-- Performing Test CMAKE_HAVE_LIBC_PTHREAD
-- Performing Test CMAKE_HAVE_LIBC_PTHREAD - Success
-- Found Threads: TRUE  
-- Found geometry_msgs: 4.2.4 (/opt/ros/humble/share/geometry_msgs/cmake)
-- Found nav_msgs: 4.2.4 (/opt/ros/humble/share/nav_msgs/cmake)
-- Found rosidl_default_generators: 1.2.0 (/opt/ros/humble/share/rosidl_default_generators/cmake)
-- Found rm_interface: 0.0.0 (/home/sentry-nov/code/colcon_3/install/rm_interface/share/rm_interface/cmake)
-- Found ament_cmake_ros: 0.10.0 (/opt/ros/humble/share/ament_cmake_ros/cmake)
-- Using all available rosidl_typesupport_c: rosidl_typesupport_fastrtps_c;rosidl_typesupport_introspection_c
-- Using all available rosidl_typesupport_cpp: rosidl_typesupport_fastrtps_cpp;rosidl_typesupport_introspection_cpp
-- Found PythonInterp: /usr/bin/python3 (found suitable version "3.10.12", minimum required is "3.6") 
-- Found python_cmake_module: 0.10.0 (/opt/ros/humble/share/python_cmake_module/cmake)
-- Found PythonLibs: /usr/lib/x86_64-linux-gnu/libpython3.10.so (found suitable version "3.10.12", minimum required is "3.5") 
-- Using PYTHON_EXECUTABLE: /usr/bin/python3
-- Using PYTHON_INCLUDE_DIRS: /usr/include/python3.10
-- Using PYTHON_LIBRARIES: /usr/lib/x86_64-linux-gnu/libpython3.10.so
-- Found PythonExtra: .so  
-- Found ament_lint_auto: 0.12.11 (/opt/ros/humble/share/ament_lint_auto/cmake)
-- Added test 'cppcheck' to perform static code analysis on C / C++ code
-- Configured cppcheck include dirs: 
-- Configured cppcheck exclude dirs and/or files: 
-- Added test 'lint_cmake' to check CMake code style
-- Added test 'uncrustify' to check C / C++ code style
-- Configured uncrustify additional arguments: 
-- Added test 'xmllint' to check XML markup files
-- Configuring done
-- Generating done
-- Build files have been written to: /home/sentry-nov/code/colcon_3/build/rm_decision_system
[  2%] [34m[1mGenerating C code for ROS interfaces[0m
[  4%] [34m[1mGenerating C++ code for ROS interfaces[0m
[  4%] Built target ament_cmake_python_copy_rm_decision_system
running egg_info
creating rm_decision_system.egg-info
writing rm_decision_system.egg-info/PKG-INFO
writing dependency_links to rm_decision_system.egg-info/dependency_links.txt
writing top-level names to rm_decision_system.egg-info/top_level.txt
writing manifest file 'rm_decision_system.egg-info/SOURCES.txt'
reading manifest file 'rm_decision_system.egg-info/SOURCES.txt'
writing manifest file 'rm_decision_system.egg-info/SOURCES.txt'
[  4%] Built target ament_cmake_python_build_rm_decision_system_egg
[  4%] Built target rm_decision_system__cpp
[  7%] [34m[1mGenerating C++ type support for eProsima Fast-RTPS[0m
[  9%] [34m[1mGenerating C++ type support dispatch for ROS interfaces[0m
[ 12%] [34m[1mGenerating C++ introspection for ROS interfaces[0m
[ 17%] [32mBuilding C object CMakeFiles/rm_decision_system__rosidl_generator_c.dir/rosidl_generator_c/rm_decision_system/srv/detail/enemy_srv__functions.c.o[0m
[ 17%] [32mBuilding C object CMakeFiles/rm_decision_system__rosidl_generator_c.dir/rosidl_generator_c/rm_decision_system/srv/detail/nav_srv__functions.c.o[0m
[ 19%] [32m[1mLinking C shared library librm_decision_system__rosidl_generator_c.so[0m
[ 19%] Built target rm_decision_system__rosidl_generator_c
[ 26%] [34m[1mGenerating C type support for eProsima Fast-RTPS[0m
[ 26%] [34m[1mGenerating C type support dispatch for ROS interfaces[0m
[ 26%] [34m[1mGenerating C introspection for ROS interfaces[0m
[ 29%] [32mBuilding CXX object CMakeFiles/rm_decision_system__rosidl_typesupport_introspection_cpp.dir/rosidl_typesupport_introspection_cpp/rm_decision_system/srv/detail/enemy_srv__type_support.cpp.o[0m
[ 31%] [32mBuilding CXX object CMakeFiles/rm_decision_system__rosidl_typesupport_introspection_cpp.dir/rosidl_typesupport_introspection_cpp/rm_decision_system/srv/detail/nav_srv__type_support.cpp.o[0m
[ 36%] [32mBuilding CXX object CMakeFiles/rm_decision_system__rosidl_typesupport_cpp.dir/rosidl_typesupport_cpp/rm_decision_system/srv/enemy_srv__type_support.cpp.o[0m
[ 36%] [32mBuilding CXX object CMakeFiles/rm_decision_system__rosidl_typesupport_cpp.dir/rosidl_typesupport_cpp/rm_decision_system/srv/nav_srv__type_support.cpp.o[0m
[ 39%] [32mBuilding CXX object CMakeFiles/rm_decision_system__rosidl_typesupport_fastrtps_cpp.dir/rosidl_typesupport_fastrtps_cpp/rm_decision_system/srv/detail/dds_fastrtps/nav_srv__type_support.cpp.o[0m
[ 41%] [32mBuilding CXX object CMakeFiles/rm_decision_system__rosidl_typesupport_fastrtps_cpp.dir/rosidl_typesupport_fastrtps_cpp/rm_decision_system/srv/detail/dds_fastrtps/enemy_srv__type_support.cpp.o[0m
[ 46%] [32mBuilding CXX object CMakeFiles/rm_decision_system__rosidl_typesupport_c.dir/rosidl_typesupport_c/rm_decision_system/srv/nav_srv__type_support.cpp.o[0m
[ 46%] [32mBuilding CXX object CMakeFiles/rm_decision_system__rosidl_typesupport_c.dir/rosidl_typesupport_c/rm_decision_system/srv/enemy_srv__type_support.cpp.o[0m
[ 48%] [32m[1mLinking CXX shared library librm_decision_system__rosidl_typesupport_c.so[0m
[ 51%] [32mBuilding CXX object CMakeFiles/rm_decision_system__rosidl_typesupport_fastrtps_c.dir/rosidl_typesupport_fastrtps_c/rm_decision_system/srv/detail/enemy_srv__type_support_c.cpp.o[0m
[ 53%] [32mBuilding CXX object CMakeFiles/rm_decision_system__rosidl_typesupport_fastrtps_c.dir/rosidl_typesupport_fastrtps_c/rm_decision_system/srv/detail/nav_srv__type_support_c.cpp.o[0m
[ 56%] [32mBuilding C object CMakeFiles/rm_decision_system__rosidl_typesupport_introspection_c.dir/rosidl_typesupport_introspection_c/rm_decision_system/srv/detail/enemy_srv__type_support.c.o[0m
[ 58%] [32mBuilding C object CMakeFiles/rm_decision_system__rosidl_typesupport_introspection_c.dir/rosidl_typesupport_introspection_c/rm_decision_system/srv/detail/nav_srv__type_support.c.o[0m
[ 58%] Built target rm_decision_system__rosidl_typesupport_c
[ 60%] [32m[1mLinking C shared library librm_decision_system__rosidl_typesupport_introspection_c.so[0m
[ 63%] [32m[1mLinking CXX shared library librm_decision_system__rosidl_typesupport_cpp.so[0m
[ 63%] Built target rm_decision_system__rosidl_typesupport_introspection_c
[ 63%] Built target rm_decision_system__rosidl_typesupport_cpp
[ 65%] [32m[1mLinking CXX shared library librm_decision_system__rosidl_typesupport_fastrtps_cpp.so[0m
[ 68%] [32m[1mLinking CXX shared library librm_decision_system__rosidl_typesupport_introspection_cpp.so[0m
[ 68%] Built target rm_decision_system__rosidl_typesupport_introspection_cpp
[ 68%] Built target rm_decision_system__rosidl_typesupport_fastrtps_cpp
[ 70%] [32m[1mLinking CXX shared library librm_decision_system__rosidl_typesupport_fastrtps_c.so[0m
[ 70%] Built target rm_decision_system__rosidl_typesupport_fastrtps_c
[ 70%] Built target rm_decision_system
[ 73%] [32mBuilding CXX object CMakeFiles/rm_decision_node.dir/src/rm_decision.cpp.o[0m
[ 75%] [34m[1mGenerating Python code for ROS interfaces[0m
[ 75%] Built target rm_decision_system__py
[ 80%] [32mBuilding C object CMakeFiles/rm_decision_system__rosidl_generator_py.dir/rosidl_generator_py/rm_decision_system/srv/_enemy_srv_s.c.o[0m
[ 80%] [32mBuilding C object CMakeFiles/rm_decision_system__rosidl_generator_py.dir/rosidl_generator_py/rm_decision_system/srv/_nav_srv_s.c.o[0m
[ 82%] [32m[1mLinking C shared library rosidl_generator_py/rm_decision_system/librm_decision_system__rosidl_generator_py.so[0m
[ 82%] Built target rm_decision_system__rosidl_generator_py
[ 87%] [32mBuilding C object CMakeFiles/rm_decision_system__rosidl_typesupport_c__pyext.dir/rosidl_generator_py/rm_decision_system/_rm_decision_system_s.ep.rosidl_typesupport_c.c.o[0m
[ 87%] [32mBuilding C object CMakeFiles/rm_decision_system__rosidl_typesupport_fastrtps_c__pyext.dir/rosidl_generator_py/rm_decision_system/_rm_decision_system_s.ep.rosidl_typesupport_fastrtps_c.c.o[0m
[ 90%] [32mBuilding C object CMakeFiles/rm_decision_system__rosidl_typesupport_introspection_c__pyext.dir/rosidl_generator_py/rm_decision_system/_rm_decision_system_s.ep.rosidl_typesupport_introspection_c.c.o[0m
[ 92%] [32m[1mLinking C shared library rosidl_generator_py/rm_decision_system/rm_decision_system_s__rosidl_typesupport_c.cpython-310-x86_64-linux-gnu.so[0m
[ 95%] [32m[1mLinking C shared library rosidl_generator_py/rm_decision_system/rm_decision_system_s__rosidl_typesupport_introspection_c.cpython-310-x86_64-linux-gnu.so[0m
[ 97%] [32m[1mLinking C shared library rosidl_generator_py/rm_decision_system/rm_decision_system_s__rosidl_typesupport_fastrtps_c.cpython-310-x86_64-linux-gnu.so[0m
[ 97%] Built target rm_decision_system__rosidl_typesupport_c__pyext
[ 97%] Built target rm_decision_system__rosidl_typesupport_introspection_c__pyext
[ 97%] Built target rm_decision_system__rosidl_typesupport_fastrtps_c__pyext
[100%] [32m[1mLinking CXX executable rm_decision_node[0m
[100%] Built target rm_decision_node
-- Install configuration: ""
-- Installing: /home/sentry-nov/code/colcon_3/install/rm_decision_system/share/ament_index/resource_index/rosidl_interfaces/rm_decision_system
-- Installing: /home/sentry-nov/code/colcon_3/install/rm_decision_system/include/rm_decision_system/rm_decision_system
-- Installing: /home/sentry-nov/code/colcon_3/install/rm_decision_system/include/rm_decision_system/rm_decision_system/srv
-- Installing: /home/sentry-nov/code/colcon_3/install/rm_decision_system/include/rm_decision_system/rm_decision_system/srv/detail
-- Installing: /home/sentry-nov/code/colcon_3/install/rm_decision_system/include/rm_decision_system/rm_decision_system/srv/detail/nav_srv__struct.h
-- Installing: /home/sentry-nov/code/colcon_3/install/rm_decision_system/include/rm_decision_system/rm_decision_system/srv/detail/nav_srv__type_support.h
-- Installing: /home/sentry-nov/code/colcon_3/install/rm_decision_system/include/rm_decision_system/rm_decision_system/srv/detail/enemy_srv__type_support.h
-- Installing: /home/sentry-nov/code/colcon_3/install/rm_decision_system/include/rm_decision_system/rm_decision_system/srv/detail/nav_srv__functions.h
-- Installing: /home/sentry-nov/code/colcon_3/install/rm_decision_system/include/rm_decision_system/rm_decision_system/srv/detail/nav_srv__functions.c
-- Installing: /home/sentry-nov/code/colcon_3/install/rm_decision_system/include/rm_decision_system/rm_decision_system/srv/detail/enemy_srv__functions.c
-- Installing: /home/sentry-nov/code/colcon_3/install/rm_decision_system/include/rm_decision_system/rm_decision_system/srv/detail/enemy_srv__functions.h
-- Installing: /home/sentry-nov/code/colcon_3/install/rm_decision_system/include/rm_decision_system/rm_decision_system/srv/detail/enemy_srv__struct.h
-- Installing: /home/sentry-nov/code/colcon_3/install/rm_decision_system/include/rm_decision_system/rm_decision_system/srv/enemy_srv.h
-- Installing: /home/sentry-nov/code/colcon_3/install/rm_decision_system/include/rm_decision_system/rm_decision_system/srv/nav_srv.h
-- Installing: /home/sentry-nov/code/colcon_3/install/rm_decision_system/include/rm_decision_system/rm_decision_system/msg
-- Installing: /home/sentry-nov/code/colcon_3/install/rm_decision_system/include/rm_decision_system/rm_decision_system/msg/rosidl_generator_c__visibility_control.h
-- Installing: /home/sentry-nov/code/colcon_3/install/rm_decision_system/share/rm_decision_system/environment/library_path.sh
-- Installing: /home/sentry-nov/code/colcon_3/install/rm_decision_system/share/rm_decision_system/environment/library_path.dsv
-- Installing: /home/sentry-nov/code/colcon_3/install/rm_decision_system/lib/librm_decision_system__rosidl_generator_c.so
-- Set runtime path of "/home/sentry-nov/code/colcon_3/install/rm_decision_system/lib/librm_decision_system__rosidl_generator_c.so" to ""
-- Up-to-date: /home/sentry-nov/code/colcon_3/install/rm_decision_system/include/rm_decision_system/rm_decision_system
-- Up-to-date: /home/sentry-nov/code/colcon_3/install/rm_decision_system/include/rm_decision_system/rm_decision_system/srv
-- Up-to-date: /home/sentry-nov/code/colcon_3/install/rm_decision_system/include/rm_decision_system/rm_decision_system/srv/detail
-- Installing: /home/sentry-nov/code/colcon_3/install/rm_decision_system/include/rm_decision_system/rm_decision_system/srv/detail/nav_srv__rosidl_typesupport_fastrtps_c.h
-- Installing: /home/sentry-nov/code/colcon_3/install/rm_decision_system/include/rm_decision_system/rm_decision_system/srv/detail/enemy_srv__rosidl_typesupport_fastrtps_c.h
-- Up-to-date: /home/sentry-nov/code/colcon_3/install/rm_decision_system/include/rm_decision_system/rm_decision_system/msg
-- Installing: /home/sentry-nov/code/colcon_3/install/rm_decision_system/include/rm_decision_system/rm_decision_system/msg/rosidl_typesupport_fastrtps_c__visibility_control.h
-- Installing: /home/sentry-nov/code/colcon_3/install/rm_decision_system/lib/librm_decision_system__rosidl_typesupport_fastrtps_c.so
-- Set runtime path of "/home/sentry-nov/code/colcon_3/install/rm_decision_system/lib/librm_decision_system__rosidl_typesupport_fastrtps_c.so" to ""
-- Up-to-date: /home/sentry-nov/code/colcon_3/install/rm_decision_system/include/rm_decision_system/rm_decision_system
-- Up-to-date: /home/sentry-nov/code/colcon_3/install/rm_decision_system/include/rm_decision_system/rm_decision_system/srv
-- Up-to-date: /home/sentry-nov/code/colcon_3/install/rm_decision_system/include/rm_decision_system/rm_decision_system/srv/detail
-- Installing: /home/sentry-nov/code/colcon_3/install/rm_decision_system/include/rm_decision_system/rm_decision_system/srv/detail/nav_srv__type_support.hpp
-- Installing: /home/sentry-nov/code/colcon_3/install/rm_decision_system/include/rm_decision_system/rm_decision_system/srv/detail/enemy_srv__type_support.hpp
-- Installing: /home/sentry-nov/code/colcon_3/install/rm_decision_system/include/rm_decision_system/rm_decision_system/srv/detail/enemy_srv__struct.hpp
-- Installing: /home/sentry-nov/code/colcon_3/install/rm_decision_system/include/rm_decision_system/rm_decision_system/srv/detail/nav_srv__struct.hpp
-- Installing: /home/sentry-nov/code/colcon_3/install/rm_decision_system/include/rm_decision_system/rm_decision_system/srv/detail/nav_srv__traits.hpp
-- Installing: /home/sentry-nov/code/colcon_3/install/rm_decision_system/include/rm_decision_system/rm_decision_system/srv/detail/nav_srv__builder.hpp
-- Installing: /home/sentry-nov/code/colcon_3/install/rm_decision_system/include/rm_decision_system/rm_decision_system/srv/detail/enemy_srv__traits.hpp
-- Installing: /home/sentry-nov/code/colcon_3/install/rm_decision_system/include/rm_decision_system/rm_decision_system/srv/detail/enemy_srv__builder.hpp
-- Installing: /home/sentry-nov/code/colcon_3/install/rm_decision_system/include/rm_decision_system/rm_decision_system/srv/enemy_srv.hpp
-- Installing: /home/sentry-nov/code/colcon_3/install/rm_decision_system/include/rm_decision_system/rm_decision_system/srv/nav_srv.hpp
-- Up-to-date: /home/sentry-nov/code/colcon_3/install/rm_decision_system/include/rm_decision_system/rm_decision_system/msg
-- Installing: /home/sentry-nov/code/colcon_3/install/rm_decision_system/include/rm_decision_system/rm_decision_system/msg/rosidl_generator_cpp__visibility_control.hpp
-- Up-to-date: /home/sentry-nov/code/colcon_3/install/rm_decision_system/include/rm_decision_system/rm_decision_system
-- Up-to-date: /home/sentry-nov/code/colcon_3/install/rm_decision_system/include/rm_decision_system/rm_decision_system/srv
-- Up-to-date: /home/sentry-nov/code/colcon_3/install/rm_decision_system/include/rm_decision_system/rm_decision_system/srv/detail
-- Installing: /home/sentry-nov/code/colcon_3/install/rm_decision_system/include/rm_decision_system/rm_decision_system/srv/detail/enemy_srv__rosidl_typesupport_fastrtps_cpp.hpp
-- Installing: /home/sentry-nov/code/colcon_3/install/rm_decision_system/include/rm_decision_system/rm_decision_system/srv/detail/dds_fastrtps
-- Installing: /home/sentry-nov/code/colcon_3/install/rm_decision_system/include/rm_decision_system/rm_decision_system/srv/detail/nav_srv__rosidl_typesupport_fastrtps_cpp.hpp
-- Up-to-date: /home/sentry-nov/code/colcon_3/install/rm_decision_system/include/rm_decision_system/rm_decision_system/msg
-- Installing: /home/sentry-nov/code/colcon_3/install/rm_decision_system/include/rm_decision_system/rm_decision_system/msg/rosidl_typesupport_fastrtps_cpp__visibility_control.h
-- Installing: /home/sentry-nov/code/colcon_3/install/rm_decision_system/lib/librm_decision_system__rosidl_typesupport_fastrtps_cpp.so
-- Set runtime path of "/home/sentry-nov/code/colcon_3/install/rm_decision_system/lib/librm_decision_system__rosidl_typesupport_fastrtps_cpp.so" to ""
-- Up-to-date: /home/sentry-nov/code/colcon_3/install/rm_decision_system/include/rm_decision_system/rm_decision_system
-- Up-to-date: /home/sentry-nov/code/colcon_3/install/rm_decision_system/include/rm_decision_system/rm_decision_system/srv
-- Up-to-date: /home/sentry-nov/code/colcon_3/install/rm_decision_system/include/rm_decision_system/rm_decision_system/srv/detail
-- Installing: /home/sentry-nov/code/colcon_3/install/rm_decision_system/include/rm_decision_system/rm_decision_system/srv/detail/nav_srv__type_support.c
-- Installing: /home/sentry-nov/code/colcon_3/install/rm_decision_system/include/rm_decision_system/rm_decision_system/srv/detail/nav_srv__rosidl_typesupport_introspection_c.h
-- Installing: /home/sentry-nov/code/colcon_3/install/rm_decision_system/include/rm_decision_system/rm_decision_system/srv/detail/enemy_srv__type_support.c
-- Installing: /home/sentry-nov/code/colcon_3/install/rm_decision_system/include/rm_decision_system/rm_decision_system/srv/detail/enemy_srv__rosidl_typesupport_introspection_c.h
-- Up-to-date: /home/sentry-nov/code/colcon_3/install/rm_decision_system/include/rm_decision_system/rm_decision_system/msg
-- Installing: /home/sentry-nov/code/colcon_3/install/rm_decision_system/include/rm_decision_system/rm_decision_system/msg/rosidl_typesupport_introspection_c__visibility_control.h
-- Installing: /home/sentry-nov/code/colcon_3/install/rm_decision_system/lib/librm_decision_system__rosidl_typesupport_introspection_c.so
-- Set runtime path of "/home/sentry-nov/code/colcon_3/install/rm_decision_system/lib/librm_decision_system__rosidl_typesupport_introspection_c.so" to ""
-- Installing: /home/sentry-nov/code/colcon_3/install/rm_decision_system/lib/librm_decision_system__rosidl_typesupport_c.so
-- Set runtime path of "/home/sentry-nov/code/colcon_3/install/rm_decision_system/lib/librm_decision_system__rosidl_typesupport_c.so" to ""
-- Up-to-date: /home/sentry-nov/code/colcon_3/install/rm_decision_system/include/rm_decision_system/rm_decision_system
-- Up-to-date: /home/sentry-nov/code/colcon_3/install/rm_decision_system/include/rm_decision_system/rm_decision_system/srv
-- Up-to-date: /home/sentry-nov/code/colcon_3/install/rm_decision_system/include/rm_decision_system/rm_decision_system/srv/detail
-- Installing: /home/sentry-nov/code/colcon_3/install/rm_decision_system/include/rm_decision_system/rm_decision_system/srv/detail/enemy_srv__rosidl_typesupport_introspection_cpp.hpp
-- Installing: /home/sentry-nov/code/colcon_3/install/rm_decision_system/include/rm_decision_system/rm_decision_system/srv/detail/nav_srv__type_support.cpp
-- Installing: /home/sentry-nov/code/colcon_3/install/rm_decision_system/include/rm_decision_system/rm_decision_system/srv/detail/nav_srv__rosidl_typesupport_introspection_cpp.hpp
-- Installing: /home/sentry-nov/code/colcon_3/install/rm_decision_system/include/rm_decision_system/rm_decision_system/srv/detail/enemy_srv__type_support.cpp
-- Installing: /home/sentry-nov/code/colcon_3/install/rm_decision_system/lib/librm_decision_system__rosidl_typesupport_introspection_cpp.so
-- Set runtime path of "/home/sentry-nov/code/colcon_3/install/rm_decision_system/lib/librm_decision_system__rosidl_typesupport_introspection_cpp.so" to ""
-- Installing: /home/sentry-nov/code/colcon_3/install/rm_decision_system/lib/librm_decision_system__rosidl_typesupport_cpp.so
-- Set runtime path of "/home/sentry-nov/code/colcon_3/install/rm_decision_system/lib/librm_decision_system__rosidl_typesupport_cpp.so" to ""
-- Installing: /home/sentry-nov/code/colcon_3/install/rm_decision_system/share/rm_decision_system/environment/pythonpath.sh
-- Installing: /home/sentry-nov/code/colcon_3/install/rm_decision_system/share/rm_decision_system/environment/pythonpath.dsv
-- Installing: /home/sentry-nov/code/colcon_3/install/rm_decision_system/local/lib/python3.10/dist-packages/rm_decision_system-0.0.0-py3.10.egg-info
-- Installing: /home/sentry-nov/code/colcon_3/install/rm_decision_system/local/lib/python3.10/dist-packages/rm_decision_system-0.0.0-py3.10.egg-info/top_level.txt
-- Installing: /home/sentry-nov/code/colcon_3/install/rm_decision_system/local/lib/python3.10/dist-packages/rm_decision_system-0.0.0-py3.10.egg-info/dependency_links.txt
-- Installing: /home/sentry-nov/code/colcon_3/install/rm_decision_system/local/lib/python3.10/dist-packages/rm_decision_system-0.0.0-py3.10.egg-info/PKG-INFO
-- Installing: /home/sentry-nov/code/colcon_3/install/rm_decision_system/local/lib/python3.10/dist-packages/rm_decision_system-0.0.0-py3.10.egg-info/SOURCES.txt
-- Installing: /home/sentry-nov/code/colcon_3/install/rm_decision_system/local/lib/python3.10/dist-packages/rm_decision_system
-- Installing: /home/sentry-nov/code/colcon_3/install/rm_decision_system/local/lib/python3.10/dist-packages/rm_decision_system/srv
-- Installing: /home/sentry-nov/code/colcon_3/install/rm_decision_system/local/lib/python3.10/dist-packages/rm_decision_system/srv/_enemy_srv_s.c
-- Installing: /home/sentry-nov/code/colcon_3/install/rm_decision_system/local/lib/python3.10/dist-packages/rm_decision_system/srv/_nav_srv_s.c
-- Installing: /home/sentry-nov/code/colcon_3/install/rm_decision_system/local/lib/python3.10/dist-packages/rm_decision_system/srv/_nav_srv.py
-- Installing: /home/sentry-nov/code/colcon_3/install/rm_decision_system/local/lib/python3.10/dist-packages/rm_decision_system/srv/_enemy_srv.py
-- Installing: /home/sentry-nov/code/colcon_3/install/rm_decision_system/local/lib/python3.10/dist-packages/rm_decision_system/srv/__init__.py
-- Installing: /home/sentry-nov/code/colcon_3/install/rm_decision_system/local/lib/python3.10/dist-packages/rm_decision_system/_rm_decision_system_s.ep.rosidl_typesupport_fastrtps_c.c
-- Installing: /home/sentry-nov/code/colcon_3/install/rm_decision_system/local/lib/python3.10/dist-packages/rm_decision_system/__init__.py
-- Installing: /home/sentry-nov/code/colcon_3/install/rm_decision_system/local/lib/python3.10/dist-packages/rm_decision_system/librm_decision_system__rosidl_generator_py.so
-- Installing: /home/sentry-nov/code/colcon_3/install/rm_decision_system/local/lib/python3.10/dist-packages/rm_decision_system/_rm_decision_system_s.ep.rosidl_typesupport_c.c
-- Installing: /home/sentry-nov/code/colcon_3/install/rm_decision_system/local/lib/python3.10/dist-packages/rm_decision_system/_rm_decision_system_s.ep.rosidl_typesupport_introspection_c.c
-- Installing: /home/sentry-nov/code/colcon_3/install/rm_decision_system/local/lib/python3.10/dist-packages/rm_decision_system/rm_decision_system_s__rosidl_typesupport_introspection_c.cpython-310-x86_64-linux-gnu.so
-- Installing: /home/sentry-nov/code/colcon_3/install/rm_decision_system/local/lib/python3.10/dist-packages/rm_decision_system/rm_decision_system_s__rosidl_typesupport_c.cpython-310-x86_64-linux-gnu.so
-- Installing: /home/sentry-nov/code/colcon_3/install/rm_decision_system/local/lib/python3.10/dist-packages/rm_decision_system/rm_decision_system_s__rosidl_typesupport_fastrtps_c.cpython-310-x86_64-linux-gnu.so
Listing '/home/sentry-nov/code/colcon_3/install/rm_decision_system/local/lib/python3.10/dist-packages/rm_decision_system'...
Compiling '/home/sentry-nov/code/colcon_3/install/rm_decision_system/local/lib/python3.10/dist-packages/rm_decision_system/__init__.py'...
Listing '/home/sentry-nov/code/colcon_3/install/rm_decision_system/local/lib/python3.10/dist-packages/rm_decision_system/srv'...
Compiling '/home/sentry-nov/code/colcon_3/install/rm_decision_system/local/lib/python3.10/dist-packages/rm_decision_system/srv/__init__.py'...
Compiling '/home/sentry-nov/code/colcon_3/install/rm_decision_system/local/lib/python3.10/dist-packages/rm_decision_system/srv/_enemy_srv.py'...
Compiling '/home/sentry-nov/code/colcon_3/install/rm_decision_system/local/lib/python3.10/dist-packages/rm_decision_system/srv/_nav_srv.py'...
-- Installing: /home/sentry-nov/code/colcon_3/install/rm_decision_system/local/lib/python3.10/dist-packages/rm_decision_system/rm_decision_system_s__rosidl_typesupport_fastrtps_c.cpython-310-x86_64-linux-gnu.so
-- Set runtime path of "/home/sentry-nov/code/colcon_3/install/rm_decision_system/local/lib/python3.10/dist-packages/rm_decision_system/rm_decision_system_s__rosidl_typesupport_fastrtps_c.cpython-310-x86_64-linux-gnu.so" to ""
-- Installing: /home/sentry-nov/code/colcon_3/install/rm_decision_system/local/lib/python3.10/dist-packages/rm_decision_system/rm_decision_system_s__rosidl_typesupport_introspection_c.cpython-310-x86_64-linux-gnu.so
-- Set runtime path of "/home/sentry-nov/code/colcon_3/install/rm_decision_system/local/lib/python3.10/dist-packages/rm_decision_system/rm_decision_system_s__rosidl_typesupport_introspection_c.cpython-310-x86_64-linux-gnu.so" to ""
-- Installing: /home/sentry-nov/code/colcon_3/install/rm_decision_system/local/lib/python3.10/dist-packages/rm_decision_system/rm_decision_system_s__rosidl_typesupport_c.cpython-310-x86_64-linux-gnu.so
-- Set runtime path of "/home/sentry-nov/code/colcon_3/install/rm_decision_system/local/lib/python3.10/dist-packages/rm_decision_system/rm_decision_system_s__rosidl_typesupport_c.cpython-310-x86_64-linux-gnu.so" to ""
-- Installing: /home/sentry-nov/code/colcon_3/install/rm_decision_system/lib/librm_decision_system__rosidl_generator_py.so
-- Set runtime path of "/home/sentry-nov/code/colcon_3/install/rm_decision_system/lib/librm_decision_system__rosidl_generator_py.so" to ""
-- Installing: /home/sentry-nov/code/colcon_3/install/rm_decision_system/share/rm_decision_system/srv/EnemySrv.idl
-- Installing: /home/sentry-nov/code/colcon_3/install/rm_decision_system/share/rm_decision_system/srv/NavSrv.idl
-- Installing: /home/sentry-nov/code/colcon_3/install/rm_decision_system/share/rm_decision_system/srv/EnemySrv.srv
-- Installing: /home/sentry-nov/code/colcon_3/install/rm_decision_system/share/rm_decision_system/srv/EnemySrv_Request.msg
-- Installing: /home/sentry-nov/code/colcon_3/install/rm_decision_system/share/rm_decision_system/srv/EnemySrv_Response.msg
-- Installing: /home/sentry-nov/code/colcon_3/install/rm_decision_system/share/rm_decision_system/srv/NavSrv.srv
-- Installing: /home/sentry-nov/code/colcon_3/install/rm_decision_system/share/rm_decision_system/srv/NavSrv_Request.msg
-- Installing: /home/sentry-nov/code/colcon_3/install/rm_decision_system/share/rm_decision_system/srv/NavSrv_Response.msg
-- Installing: /home/sentry-nov/code/colcon_3/install/rm_decision_system/lib/rm_decision_system/rm_decision_node
-- Set runtime path of "/home/sentry-nov/code/colcon_3/install/rm_decision_system/lib/rm_decision_system/rm_decision_node" to ""
-- Installing: /home/sentry-nov/code/colcon_3/install/rm_decision_system/share/ament_index/resource_index/package_run_dependencies/rm_decision_system
-- Installing: /home/sentry-nov/code/colcon_3/install/rm_decision_system/share/ament_index/resource_index/parent_prefix_path/rm_decision_system
-- Installing: /home/sentry-nov/code/colcon_3/install/rm_decision_system/share/rm_decision_system/environment/ament_prefix_path.sh
-- Installing: /home/sentry-nov/code/colcon_3/install/rm_decision_system/share/rm_decision_system/environment/ament_prefix_path.dsv
-- Installing: /home/sentry-nov/code/colcon_3/install/rm_decision_system/share/rm_decision_system/environment/path.sh
-- Installing: /home/sentry-nov/code/colcon_3/install/rm_decision_system/share/rm_decision_system/environment/path.dsv
-- Installing: /home/sentry-nov/code/colcon_3/install/rm_decision_system/share/rm_decision_system/local_setup.bash
-- Installing: /home/sentry-nov/code/colcon_3/install/rm_decision_system/share/rm_decision_system/local_setup.sh
-- Installing: /home/sentry-nov/code/colcon_3/install/rm_decision_system/share/rm_decision_system/local_setup.zsh
-- Installing: /home/sentry-nov/code/colcon_3/install/rm_decision_system/share/rm_decision_system/local_setup.dsv
-- Installing: /home/sentry-nov/code/colcon_3/install/rm_decision_system/share/rm_decision_system/package.dsv
-- Installing: /home/sentry-nov/code/colcon_3/install/rm_decision_system/share/ament_index/resource_index/packages/rm_decision_system
-- Installing: /home/sentry-nov/code/colcon_3/install/rm_decision_system/share/rm_decision_system/cmake/export_rm_decision_system__rosidl_generator_cExport.cmake
-- Installing: /home/sentry-nov/code/colcon_3/install/rm_decision_system/share/rm_decision_system/cmake/export_rm_decision_system__rosidl_generator_cExport-noconfig.cmake
-- Installing: /home/sentry-nov/code/colcon_3/install/rm_decision_system/share/rm_decision_system/cmake/export_rm_decision_system__rosidl_typesupport_fastrtps_cExport.cmake
-- Installing: /home/sentry-nov/code/colcon_3/install/rm_decision_system/share/rm_decision_system/cmake/export_rm_decision_system__rosidl_typesupport_fastrtps_cExport-noconfig.cmake
-- Installing: /home/sentry-nov/code/colcon_3/install/rm_decision_system/share/rm_decision_system/cmake/export_rm_decision_system__rosidl_generator_cppExport.cmake
-- Installing: /home/sentry-nov/code/colcon_3/install/rm_decision_system/share/rm_decision_system/cmake/export_rm_decision_system__rosidl_typesupport_fastrtps_cppExport.cmake
-- Installing: /home/sentry-nov/code/colcon_3/install/rm_decision_system/share/rm_decision_system/cmake/export_rm_decision_system__rosidl_typesupport_fastrtps_cppExport-noconfig.cmake
-- Installing: /home/sentry-nov/code/colcon_3/install/rm_decision_system/share/rm_decision_system/cmake/rm_decision_system__rosidl_typesupport_introspection_cExport.cmake
-- Installing: /home/sentry-nov/code/colcon_3/install/rm_decision_system/share/rm_decision_system/cmake/rm_decision_system__rosidl_typesupport_introspection_cExport-noconfig.cmake
-- Installing: /home/sentry-nov/code/colcon_3/install/rm_decision_system/share/rm_decision_system/cmake/rm_decision_system__rosidl_typesupport_cExport.cmake
-- Installing: /home/sentry-nov/code/colcon_3/install/rm_decision_system/share/rm_decision_system/cmake/rm_decision_system__rosidl_typesupport_cExport-noconfig.cmake
-- Installing: /home/sentry-nov/code/colcon_3/install/rm_decision_system/share/rm_decision_system/cmake/rm_decision_system__rosidl_typesupport_introspection_cppExport.cmake
-- Installing: /home/sentry-nov/code/colcon_3/install/rm_decision_system/share/rm_decision_system/cmake/rm_decision_system__rosidl_typesupport_introspection_cppExport-noconfig.cmake
-- Installing: /home/sentry-nov/code/colcon_3/install/rm_decision_system/share/rm_decision_system/cmake/rm_decision_system__rosidl_typesupport_cppExport.cmake
-- Installing: /home/sentry-nov/code/colcon_3/install/rm_decision_system/share/rm_decision_system/cmake/rm_decision_system__rosidl_typesupport_cppExport-noconfig.cmake
-- Installing: /home/sentry-nov/code/colcon_3/install/rm_decision_system/share/rm_decision_system/cmake/export_rm_decision_system__rosidl_generator_pyExport.cmake
-- Installing: /home/sentry-nov/code/colcon_3/install/rm_decision_system/share/rm_decision_system/cmake/export_rm_decision_system__rosidl_generator_pyExport-noconfig.cmake
-- Installing: /home/sentry-nov/code/colcon_3/install/rm_decision_system/share/rm_decision_system/cmake/rosidl_cmake-extras.cmake
-- Installing: /home/sentry-nov/code/colcon_3/install/rm_decision_system/share/rm_decision_system/cmake/ament_cmake_export_include_directories-extras.cmake
-- Installing: /home/sentry-nov/code/colcon_3/install/rm_decision_system/share/rm_decision_system/cmake/ament_cmake_export_libraries-extras.cmake
-- Installing: /home/sentry-nov/code/colcon_3/install/rm_decision_system/share/rm_decision_system/cmake/ament_cmake_export_targets-extras.cmake
-- Installing: /home/sentry-nov/code/colcon_3/install/rm_decision_system/share/rm_decision_system/cmake/rosidl_cmake_export_typesupport_targets-extras.cmake
-- Installing: /home/sentry-nov/code/colcon_3/install/rm_decision_system/share/rm_decision_system/cmake/ament_cmake_export_dependencies-extras.cmake
-- Installing: /home/sentry-nov/code/colcon_3/install/rm_decision_system/share/rm_decision_system/cmake/rosidl_cmake_export_typesupport_libraries-extras.cmake
-- Installing: /home/sentry-nov/code/colcon_3/install/rm_decision_system/share/rm_decision_system/cmake/rm_decision_systemConfig.cmake
-- Installing: /home/sentry-nov/code/colcon_3/install/rm_decision_system/share/rm_decision_system/cmake/rm_decision_systemConfig-version.cmake
-- Installing: /home/sentry-nov/code/colcon_3/install/rm_decision_system/share/rm_decision_system/package.xml
