[0.012s] Invoking command in '/home/sentry-nov/code/colcon_3/build/robot_decision_system': CMAKE_PREFIX_PATH=${CMAKE_PREFIX_PATH}:/opt/ros/humble /usr/bin/cmake --build /home/sentry-nov/code/colcon_3/build/robot_decision_system -- -j12 -l12
[0.080s] [  2%] Built target robot_decision_system__cpp
[0.080s] [ 11%] Built target robot_decision_system__rosidl_generator_c
[0.093s] [ 11%] Built target ament_cmake_python_copy_robot_decision_system
[0.110s] [ 20%] Built target robot_decision_system__rosidl_typesupport_cpp
[0.110s] [ 28%] Built target robot_decision_system__rosidl_typesupport_introspection_c
[0.113s] [ 37%] Built target robot_decision_system__rosidl_typesupport_fastrtps_cpp
[0.113s] [ 45%] Built target robot_decision_system__rosidl_typesupport_c
[0.115s] [ 54%] Built target robot_decision_system__rosidl_typesupport_introspection_cpp
[0.126s] [ 62%] Built target robot_decision_system__rosidl_typesupport_fastrtps_c
[0.155s] [ 62%] Built target robot_decision_system
[0.171s] [35m[1mConsolidate compiler generated dependencies of target robot_decision_blue[0m
[0.186s] [ 65%] Built target robot_decision_system__py
[0.190s] [ 71%] Built target robot_decision_red
[0.199s] [ 74%] [32mBuilding CXX object CMakeFiles/robot_decision_blue.dir/src/robot_decision_blue.cpp.o[0m
[0.214s] [ 80%] Built target robot_decision_system__rosidl_generator_py
[0.242s] [ 91%] Built target robot_decision_system__rosidl_typesupport_fastrtps_c__pyext
[0.242s] [ 91%] Built target robot_decision_system__rosidl_typesupport_introspection_c__pyext
[0.242s] [ 97%] Built target robot_decision_system__rosidl_typesupport_c__pyext
[0.324s] running egg_info
[0.325s] writing robot_decision_system.egg-info/PKG-INFO
[0.326s] writing dependency_links to robot_decision_system.egg-info/dependency_links.txt
[0.326s] writing top-level names to robot_decision_system.egg-info/top_level.txt
[0.329s] reading manifest file 'robot_decision_system.egg-info/SOURCES.txt'
[0.329s] writing manifest file 'robot_decision_system.egg-info/SOURCES.txt'
[0.372s] [ 97%] Built target ament_cmake_python_build_robot_decision_system_egg
[3.219s] [01m[K/home/sentry-nov/code/colcon_3/src/robot_decision_system/src/robot_decision_blue.cpp:[m[K In member function ‘[01m[Kvoid RobotDecisionNode::handle_navigation_result_failure(int, RobotDecisionNode::RobotState)[m[K’:
[3.219s] [01m[K/home/sentry-nov/code/colcon_3/src/robot_decision_system/src/robot_decision_blue.cpp:987:64:[m[K [01;35m[Kwarning: [m[Kunused parameter ‘[01m[Kprev_state[m[K’ [[01;35m[K]8;;https://gcc.gnu.org/onlinedocs/gcc/Warning-Options.html#index-Wunused-parameter-Wunused-parameter]8;;[m[K]
[3.220s]   987 |   void handle_navigation_result_failure(int status, [01;35m[KRobotState prev_state[m[K)
[3.220s]       |                                                     [01;35m[K~~~~~~~~~~~^~~~~~~~~~[m[K
[12.052s] [100%] [32m[1mLinking CXX executable robot_decision_blue[0m
[12.859s] [100%] Built target robot_decision_blue
[12.874s] Invoked command in '/home/sentry-nov/code/colcon_3/build/robot_decision_system' returned '0': CMAKE_PREFIX_PATH=${CMAKE_PREFIX_PATH}:/opt/ros/humble /usr/bin/cmake --build /home/sentry-nov/code/colcon_3/build/robot_decision_system -- -j12 -l12
[12.888s] Invoking command in '/home/sentry-nov/code/colcon_3/build/robot_decision_system': CMAKE_PREFIX_PATH=${CMAKE_PREFIX_PATH}:/opt/ros/humble /usr/bin/cmake --install /home/sentry-nov/code/colcon_3/build/robot_decision_system
[12.899s] -- Install configuration: ""
[12.899s] -- Up-to-date: /home/sentry-nov/code/colcon_3/install/robot_decision_system/share/ament_index/resource_index/rosidl_interfaces/robot_decision_system
[12.899s] -- Up-to-date: /home/sentry-nov/code/colcon_3/install/robot_decision_system/include/robot_decision_system/robot_decision_system
[12.899s] -- Up-to-date: /home/sentry-nov/code/colcon_3/install/robot_decision_system/include/robot_decision_system/robot_decision_system/srv
[12.900s] -- Up-to-date: /home/sentry-nov/code/colcon_3/install/robot_decision_system/include/robot_decision_system/robot_decision_system/srv/detail
[12.900s] -- Up-to-date: /home/sentry-nov/code/colcon_3/install/robot_decision_system/include/robot_decision_system/robot_decision_system/srv/detail/nav_srv__struct.h
[12.900s] -- Up-to-date: /home/sentry-nov/code/colcon_3/install/robot_decision_system/include/robot_decision_system/robot_decision_system/srv/detail/nav_srv__type_support.h
[12.900s] -- Up-to-date: /home/sentry-nov/code/colcon_3/install/robot_decision_system/include/robot_decision_system/robot_decision_system/srv/detail/nav_srv__functions.h
[12.900s] -- Up-to-date: /home/sentry-nov/code/colcon_3/install/robot_decision_system/include/robot_decision_system/robot_decision_system/srv/detail/nav_srv__functions.c
[12.900s] -- Up-to-date: /home/sentry-nov/code/colcon_3/install/robot_decision_system/include/robot_decision_system/robot_decision_system/srv/nav_srv.h
[12.900s] -- Up-to-date: /home/sentry-nov/code/colcon_3/install/robot_decision_system/include/robot_decision_system/robot_decision_system/msg
[12.900s] -- Up-to-date: /home/sentry-nov/code/colcon_3/install/robot_decision_system/include/robot_decision_system/robot_decision_system/msg/rosidl_generator_c__visibility_control.h
[12.900s] -- Up-to-date: /home/sentry-nov/code/colcon_3/install/robot_decision_system/share/robot_decision_system/environment/library_path.sh
[12.900s] -- Up-to-date: /home/sentry-nov/code/colcon_3/install/robot_decision_system/share/robot_decision_system/environment/library_path.dsv
[12.900s] -- Up-to-date: /home/sentry-nov/code/colcon_3/install/robot_decision_system/lib/librobot_decision_system__rosidl_generator_c.so
[12.900s] -- Up-to-date: /home/sentry-nov/code/colcon_3/install/robot_decision_system/include/robot_decision_system/robot_decision_system
[12.901s] -- Up-to-date: /home/sentry-nov/code/colcon_3/install/robot_decision_system/include/robot_decision_system/robot_decision_system/srv
[12.901s] -- Up-to-date: /home/sentry-nov/code/colcon_3/install/robot_decision_system/include/robot_decision_system/robot_decision_system/srv/detail
[12.901s] -- Up-to-date: /home/sentry-nov/code/colcon_3/install/robot_decision_system/include/robot_decision_system/robot_decision_system/srv/detail/nav_srv__rosidl_typesupport_fastrtps_c.h
[12.901s] -- Up-to-date: /home/sentry-nov/code/colcon_3/install/robot_decision_system/include/robot_decision_system/robot_decision_system/msg
[12.901s] -- Up-to-date: /home/sentry-nov/code/colcon_3/install/robot_decision_system/include/robot_decision_system/robot_decision_system/msg/rosidl_typesupport_fastrtps_c__visibility_control.h
[12.901s] -- Up-to-date: /home/sentry-nov/code/colcon_3/install/robot_decision_system/lib/librobot_decision_system__rosidl_typesupport_fastrtps_c.so
[12.901s] -- Up-to-date: /home/sentry-nov/code/colcon_3/install/robot_decision_system/include/robot_decision_system/robot_decision_system
[12.901s] -- Up-to-date: /home/sentry-nov/code/colcon_3/install/robot_decision_system/include/robot_decision_system/robot_decision_system/srv
[12.901s] -- Up-to-date: /home/sentry-nov/code/colcon_3/install/robot_decision_system/include/robot_decision_system/robot_decision_system/srv/detail
[12.901s] -- Up-to-date: /home/sentry-nov/code/colcon_3/install/robot_decision_system/include/robot_decision_system/robot_decision_system/srv/detail/nav_srv__type_support.hpp
[12.901s] -- Up-to-date: /home/sentry-nov/code/colcon_3/install/robot_decision_system/include/robot_decision_system/robot_decision_system/srv/detail/nav_srv__struct.hpp
[12.901s] -- Up-to-date: /home/sentry-nov/code/colcon_3/install/robot_decision_system/include/robot_decision_system/robot_decision_system/srv/detail/nav_srv__traits.hpp
[12.901s] -- Up-to-date: /home/sentry-nov/code/colcon_3/install/robot_decision_system/include/robot_decision_system/robot_decision_system/srv/detail/nav_srv__builder.hpp
[12.901s] -- Up-to-date: /home/sentry-nov/code/colcon_3/install/robot_decision_system/include/robot_decision_system/robot_decision_system/srv/nav_srv.hpp
[12.901s] -- Up-to-date: /home/sentry-nov/code/colcon_3/install/robot_decision_system/include/robot_decision_system/robot_decision_system/msg
[12.901s] -- Up-to-date: /home/sentry-nov/code/colcon_3/install/robot_decision_system/include/robot_decision_system/robot_decision_system/msg/rosidl_generator_cpp__visibility_control.hpp
[12.902s] -- Up-to-date: /home/sentry-nov/code/colcon_3/install/robot_decision_system/include/robot_decision_system/robot_decision_system
[12.902s] -- Up-to-date: /home/sentry-nov/code/colcon_3/install/robot_decision_system/include/robot_decision_system/robot_decision_system/srv
[12.902s] -- Up-to-date: /home/sentry-nov/code/colcon_3/install/robot_decision_system/include/robot_decision_system/robot_decision_system/srv/detail
[12.902s] -- Up-to-date: /home/sentry-nov/code/colcon_3/install/robot_decision_system/include/robot_decision_system/robot_decision_system/srv/detail/dds_fastrtps
[12.902s] -- Up-to-date: /home/sentry-nov/code/colcon_3/install/robot_decision_system/include/robot_decision_system/robot_decision_system/srv/detail/nav_srv__rosidl_typesupport_fastrtps_cpp.hpp
[12.902s] -- Up-to-date: /home/sentry-nov/code/colcon_3/install/robot_decision_system/include/robot_decision_system/robot_decision_system/msg
[12.902s] -- Up-to-date: /home/sentry-nov/code/colcon_3/install/robot_decision_system/include/robot_decision_system/robot_decision_system/msg/rosidl_typesupport_fastrtps_cpp__visibility_control.h
[12.902s] -- Up-to-date: /home/sentry-nov/code/colcon_3/install/robot_decision_system/lib/librobot_decision_system__rosidl_typesupport_fastrtps_cpp.so
[12.902s] -- Up-to-date: /home/sentry-nov/code/colcon_3/install/robot_decision_system/include/robot_decision_system/robot_decision_system
[12.902s] -- Up-to-date: /home/sentry-nov/code/colcon_3/install/robot_decision_system/include/robot_decision_system/robot_decision_system/srv
[12.902s] -- Up-to-date: /home/sentry-nov/code/colcon_3/install/robot_decision_system/include/robot_decision_system/robot_decision_system/srv/detail
[12.902s] -- Up-to-date: /home/sentry-nov/code/colcon_3/install/robot_decision_system/include/robot_decision_system/robot_decision_system/srv/detail/nav_srv__type_support.c
[12.902s] -- Up-to-date: /home/sentry-nov/code/colcon_3/install/robot_decision_system/include/robot_decision_system/robot_decision_system/srv/detail/nav_srv__rosidl_typesupport_introspection_c.h
[12.902s] -- Up-to-date: /home/sentry-nov/code/colcon_3/install/robot_decision_system/include/robot_decision_system/robot_decision_system/msg
[12.902s] -- Up-to-date: /home/sentry-nov/code/colcon_3/install/robot_decision_system/include/robot_decision_system/robot_decision_system/msg/rosidl_typesupport_introspection_c__visibility_control.h
[12.902s] -- Up-to-date: /home/sentry-nov/code/colcon_3/install/robot_decision_system/lib/librobot_decision_system__rosidl_typesupport_introspection_c.so
[12.903s] -- Up-to-date: /home/sentry-nov/code/colcon_3/install/robot_decision_system/lib/librobot_decision_system__rosidl_typesupport_c.so
[12.903s] -- Up-to-date: /home/sentry-nov/code/colcon_3/install/robot_decision_system/include/robot_decision_system/robot_decision_system
[12.903s] -- Up-to-date: /home/sentry-nov/code/colcon_3/install/robot_decision_system/include/robot_decision_system/robot_decision_system/srv
[12.903s] -- Up-to-date: /home/sentry-nov/code/colcon_3/install/robot_decision_system/include/robot_decision_system/robot_decision_system/srv/detail
[12.903s] -- Up-to-date: /home/sentry-nov/code/colcon_3/install/robot_decision_system/include/robot_decision_system/robot_decision_system/srv/detail/nav_srv__type_support.cpp
[12.903s] -- Up-to-date: /home/sentry-nov/code/colcon_3/install/robot_decision_system/include/robot_decision_system/robot_decision_system/srv/detail/nav_srv__rosidl_typesupport_introspection_cpp.hpp
[12.903s] -- Up-to-date: /home/sentry-nov/code/colcon_3/install/robot_decision_system/lib/librobot_decision_system__rosidl_typesupport_introspection_cpp.so
[12.904s] -- Up-to-date: /home/sentry-nov/code/colcon_3/install/robot_decision_system/lib/librobot_decision_system__rosidl_typesupport_cpp.so
[12.904s] -- Up-to-date: /home/sentry-nov/code/colcon_3/install/robot_decision_system/share/robot_decision_system/environment/pythonpath.sh
[12.904s] -- Up-to-date: /home/sentry-nov/code/colcon_3/install/robot_decision_system/share/robot_decision_system/environment/pythonpath.dsv
[12.904s] -- Up-to-date: /home/sentry-nov/code/colcon_3/install/robot_decision_system/local/lib/python3.10/dist-packages/robot_decision_system-0.0.0-py3.10.egg-info
[12.904s] -- Installing: /home/sentry-nov/code/colcon_3/install/robot_decision_system/local/lib/python3.10/dist-packages/robot_decision_system-0.0.0-py3.10.egg-info/top_level.txt
[12.904s] -- Installing: /home/sentry-nov/code/colcon_3/install/robot_decision_system/local/lib/python3.10/dist-packages/robot_decision_system-0.0.0-py3.10.egg-info/dependency_links.txt
[12.904s] -- Installing: /home/sentry-nov/code/colcon_3/install/robot_decision_system/local/lib/python3.10/dist-packages/robot_decision_system-0.0.0-py3.10.egg-info/PKG-INFO
[12.905s] -- Installing: /home/sentry-nov/code/colcon_3/install/robot_decision_system/local/lib/python3.10/dist-packages/robot_decision_system-0.0.0-py3.10.egg-info/SOURCES.txt
[12.905s] -- Up-to-date: /home/sentry-nov/code/colcon_3/install/robot_decision_system/local/lib/python3.10/dist-packages/robot_decision_system
[12.905s] -- Up-to-date: /home/sentry-nov/code/colcon_3/install/robot_decision_system/local/lib/python3.10/dist-packages/robot_decision_system/robot_decision_system_s__rosidl_typesupport_c.cpython-310-x86_64-linux-gnu.so
[12.905s] -- Up-to-date: /home/sentry-nov/code/colcon_3/install/robot_decision_system/local/lib/python3.10/dist-packages/robot_decision_system/robot_decision_system_s__rosidl_typesupport_introspection_c.cpython-310-x86_64-linux-gnu.so
[12.905s] -- Up-to-date: /home/sentry-nov/code/colcon_3/install/robot_decision_system/local/lib/python3.10/dist-packages/robot_decision_system/srv
[12.905s] -- Up-to-date: /home/sentry-nov/code/colcon_3/install/robot_decision_system/local/lib/python3.10/dist-packages/robot_decision_system/srv/_nav_srv_s.c
[12.905s] -- Up-to-date: /home/sentry-nov/code/colcon_3/install/robot_decision_system/local/lib/python3.10/dist-packages/robot_decision_system/srv/_nav_srv.py
[12.905s] -- Up-to-date: /home/sentry-nov/code/colcon_3/install/robot_decision_system/local/lib/python3.10/dist-packages/robot_decision_system/srv/__init__.py
[12.905s] -- Up-to-date: /home/sentry-nov/code/colcon_3/install/robot_decision_system/local/lib/python3.10/dist-packages/robot_decision_system/_robot_decision_system_s.ep.rosidl_typesupport_introspection_c.c
[12.905s] -- Up-to-date: /home/sentry-nov/code/colcon_3/install/robot_decision_system/local/lib/python3.10/dist-packages/robot_decision_system/_robot_decision_system_s.ep.rosidl_typesupport_c.c
[12.905s] -- Up-to-date: /home/sentry-nov/code/colcon_3/install/robot_decision_system/local/lib/python3.10/dist-packages/robot_decision_system/robot_decision_system_s__rosidl_typesupport_fastrtps_c.cpython-310-x86_64-linux-gnu.so
[12.905s] -- Up-to-date: /home/sentry-nov/code/colcon_3/install/robot_decision_system/local/lib/python3.10/dist-packages/robot_decision_system/__init__.py
[12.906s] -- Up-to-date: /home/sentry-nov/code/colcon_3/install/robot_decision_system/local/lib/python3.10/dist-packages/robot_decision_system/_robot_decision_system_s.ep.rosidl_typesupport_fastrtps_c.c
[12.906s] -- Up-to-date: /home/sentry-nov/code/colcon_3/install/robot_decision_system/local/lib/python3.10/dist-packages/robot_decision_system/librobot_decision_system__rosidl_generator_py.so
[12.935s] Listing '/home/sentry-nov/code/colcon_3/install/robot_decision_system/local/lib/python3.10/dist-packages/robot_decision_system'...
[12.935s] Listing '/home/sentry-nov/code/colcon_3/install/robot_decision_system/local/lib/python3.10/dist-packages/robot_decision_system/srv'...
[12.939s] -- Up-to-date: /home/sentry-nov/code/colcon_3/install/robot_decision_system/local/lib/python3.10/dist-packages/robot_decision_system/robot_decision_system_s__rosidl_typesupport_fastrtps_c.cpython-310-x86_64-linux-gnu.so
[12.940s] -- Up-to-date: /home/sentry-nov/code/colcon_3/install/robot_decision_system/local/lib/python3.10/dist-packages/robot_decision_system/robot_decision_system_s__rosidl_typesupport_introspection_c.cpython-310-x86_64-linux-gnu.so
[12.940s] -- Up-to-date: /home/sentry-nov/code/colcon_3/install/robot_decision_system/local/lib/python3.10/dist-packages/robot_decision_system/robot_decision_system_s__rosidl_typesupport_c.cpython-310-x86_64-linux-gnu.so
[12.941s] -- Up-to-date: /home/sentry-nov/code/colcon_3/install/robot_decision_system/lib/librobot_decision_system__rosidl_generator_py.so
[12.941s] -- Up-to-date: /home/sentry-nov/code/colcon_3/install/robot_decision_system/share/robot_decision_system/srv/NavSrv.idl
[12.941s] -- Up-to-date: /home/sentry-nov/code/colcon_3/install/robot_decision_system/share/robot_decision_system/srv/NavSrv.srv
[12.941s] -- Up-to-date: /home/sentry-nov/code/colcon_3/install/robot_decision_system/share/robot_decision_system/srv/NavSrv_Request.msg
[12.941s] -- Up-to-date: /home/sentry-nov/code/colcon_3/install/robot_decision_system/share/robot_decision_system/srv/NavSrv_Response.msg
[12.941s] -- Installing: /home/sentry-nov/code/colcon_3/install/robot_decision_system/lib/robot_decision_system/robot_decision_blue
[12.952s] -- Set runtime path of "/home/sentry-nov/code/colcon_3/install/robot_decision_system/lib/robot_decision_system/robot_decision_blue" to ""
[12.952s] -- Up-to-date: /home/sentry-nov/code/colcon_3/install/robot_decision_system/lib/robot_decision_system/robot_decision_red
[12.952s] -- Up-to-date: /home/sentry-nov/code/colcon_3/install/robot_decision_system/share/ament_index/resource_index/package_run_dependencies/robot_decision_system
[12.952s] -- Up-to-date: /home/sentry-nov/code/colcon_3/install/robot_decision_system/share/ament_index/resource_index/parent_prefix_path/robot_decision_system
[12.952s] -- Up-to-date: /home/sentry-nov/code/colcon_3/install/robot_decision_system/share/robot_decision_system/environment/ament_prefix_path.sh
[12.952s] -- Up-to-date: /home/sentry-nov/code/colcon_3/install/robot_decision_system/share/robot_decision_system/environment/ament_prefix_path.dsv
[12.953s] -- Up-to-date: /home/sentry-nov/code/colcon_3/install/robot_decision_system/share/robot_decision_system/environment/path.sh
[12.953s] -- Up-to-date: /home/sentry-nov/code/colcon_3/install/robot_decision_system/share/robot_decision_system/environment/path.dsv
[12.953s] -- Up-to-date: /home/sentry-nov/code/colcon_3/install/robot_decision_system/share/robot_decision_system/local_setup.bash
[12.953s] -- Up-to-date: /home/sentry-nov/code/colcon_3/install/robot_decision_system/share/robot_decision_system/local_setup.sh
[12.953s] -- Up-to-date: /home/sentry-nov/code/colcon_3/install/robot_decision_system/share/robot_decision_system/local_setup.zsh
[12.953s] -- Up-to-date: /home/sentry-nov/code/colcon_3/install/robot_decision_system/share/robot_decision_system/local_setup.dsv
[12.953s] -- Installing: /home/sentry-nov/code/colcon_3/install/robot_decision_system/share/robot_decision_system/package.dsv
[12.953s] -- Up-to-date: /home/sentry-nov/code/colcon_3/install/robot_decision_system/share/ament_index/resource_index/packages/robot_decision_system
[12.954s] -- Up-to-date: /home/sentry-nov/code/colcon_3/install/robot_decision_system/share/robot_decision_system/cmake/export_robot_decision_system__rosidl_generator_cExport.cmake
[12.954s] -- Up-to-date: /home/sentry-nov/code/colcon_3/install/robot_decision_system/share/robot_decision_system/cmake/export_robot_decision_system__rosidl_generator_cExport-noconfig.cmake
[12.954s] -- Up-to-date: /home/sentry-nov/code/colcon_3/install/robot_decision_system/share/robot_decision_system/cmake/export_robot_decision_system__rosidl_typesupport_fastrtps_cExport.cmake
[12.954s] -- Up-to-date: /home/sentry-nov/code/colcon_3/install/robot_decision_system/share/robot_decision_system/cmake/export_robot_decision_system__rosidl_typesupport_fastrtps_cExport-noconfig.cmake
[12.954s] -- Up-to-date: /home/sentry-nov/code/colcon_3/install/robot_decision_system/share/robot_decision_system/cmake/export_robot_decision_system__rosidl_generator_cppExport.cmake
[12.954s] -- Up-to-date: /home/sentry-nov/code/colcon_3/install/robot_decision_system/share/robot_decision_system/cmake/export_robot_decision_system__rosidl_typesupport_fastrtps_cppExport.cmake
[12.954s] -- Up-to-date: /home/sentry-nov/code/colcon_3/install/robot_decision_system/share/robot_decision_system/cmake/export_robot_decision_system__rosidl_typesupport_fastrtps_cppExport-noconfig.cmake
[12.954s] -- Up-to-date: /home/sentry-nov/code/colcon_3/install/robot_decision_system/share/robot_decision_system/cmake/robot_decision_system__rosidl_typesupport_introspection_cExport.cmake
[12.954s] -- Up-to-date: /home/sentry-nov/code/colcon_3/install/robot_decision_system/share/robot_decision_system/cmake/robot_decision_system__rosidl_typesupport_introspection_cExport-noconfig.cmake
[12.954s] -- Up-to-date: /home/sentry-nov/code/colcon_3/install/robot_decision_system/share/robot_decision_system/cmake/robot_decision_system__rosidl_typesupport_cExport.cmake
[12.954s] -- Up-to-date: /home/sentry-nov/code/colcon_3/install/robot_decision_system/share/robot_decision_system/cmake/robot_decision_system__rosidl_typesupport_cExport-noconfig.cmake
[12.954s] -- Up-to-date: /home/sentry-nov/code/colcon_3/install/robot_decision_system/share/robot_decision_system/cmake/robot_decision_system__rosidl_typesupport_introspection_cppExport.cmake
[12.954s] -- Up-to-date: /home/sentry-nov/code/colcon_3/install/robot_decision_system/share/robot_decision_system/cmake/robot_decision_system__rosidl_typesupport_introspection_cppExport-noconfig.cmake
[12.954s] -- Up-to-date: /home/sentry-nov/code/colcon_3/install/robot_decision_system/share/robot_decision_system/cmake/robot_decision_system__rosidl_typesupport_cppExport.cmake
[12.955s] -- Up-to-date: /home/sentry-nov/code/colcon_3/install/robot_decision_system/share/robot_decision_system/cmake/robot_decision_system__rosidl_typesupport_cppExport-noconfig.cmake
[12.955s] -- Up-to-date: /home/sentry-nov/code/colcon_3/install/robot_decision_system/share/robot_decision_system/cmake/export_robot_decision_system__rosidl_generator_pyExport.cmake
[12.955s] -- Up-to-date: /home/sentry-nov/code/colcon_3/install/robot_decision_system/share/robot_decision_system/cmake/export_robot_decision_system__rosidl_generator_pyExport-noconfig.cmake
[12.955s] -- Up-to-date: /home/sentry-nov/code/colcon_3/install/robot_decision_system/share/robot_decision_system/cmake/rosidl_cmake-extras.cmake
[12.955s] -- Up-to-date: /home/sentry-nov/code/colcon_3/install/robot_decision_system/share/robot_decision_system/cmake/ament_cmake_export_include_directories-extras.cmake
[12.955s] -- Up-to-date: /home/sentry-nov/code/colcon_3/install/robot_decision_system/share/robot_decision_system/cmake/ament_cmake_export_libraries-extras.cmake
[12.955s] -- Up-to-date: /home/sentry-nov/code/colcon_3/install/robot_decision_system/share/robot_decision_system/cmake/ament_cmake_export_targets-extras.cmake
[12.955s] -- Up-to-date: /home/sentry-nov/code/colcon_3/install/robot_decision_system/share/robot_decision_system/cmake/rosidl_cmake_export_typesupport_targets-extras.cmake
[12.955s] -- Up-to-date: /home/sentry-nov/code/colcon_3/install/robot_decision_system/share/robot_decision_system/cmake/ament_cmake_export_dependencies-extras.cmake
[12.955s] -- Up-to-date: /home/sentry-nov/code/colcon_3/install/robot_decision_system/share/robot_decision_system/cmake/rosidl_cmake_export_typesupport_libraries-extras.cmake
[12.955s] -- Up-to-date: /home/sentry-nov/code/colcon_3/install/robot_decision_system/share/robot_decision_system/cmake/robot_decision_systemConfig.cmake
[12.955s] -- Up-to-date: /home/sentry-nov/code/colcon_3/install/robot_decision_system/share/robot_decision_system/cmake/robot_decision_systemConfig-version.cmake
[12.955s] -- Up-to-date: /home/sentry-nov/code/colcon_3/install/robot_decision_system/share/robot_decision_system/package.xml
[12.957s] Invoked command in '/home/sentry-nov/code/colcon_3/build/robot_decision_system' returned '0': CMAKE_PREFIX_PATH=${CMAKE_PREFIX_PATH}:/opt/ros/humble /usr/bin/cmake --install /home/sentry-nov/code/colcon_3/build/robot_decision_system
