[0.025s] Invoking command in '/home/sentry-nov/code/colcon_3/build/altitude_map': CMAKE_PREFIX_PATH=/home/sentry-nov/code/colcon_3/install/debug_tools:/home/sentry-nov/code/colcon_3/install/tilted_lidar:/home/sentry-nov/code/colcon_3/install/rviz_plugin:/home/sentry-nov/code/colcon_3/install/robot_decision_system:/home/sentry-nov/code/colcon_3/install/rm_serial:/home/sentry-nov/code/colcon_3/install/rm_decision_system:/home/sentry-nov/code/colcon_3/install/rm_decision:/home/sentry-nov/code/colcon_3/install/motion_planning:/home/sentry-nov/code/colcon_3/install/path_planning:/home/sentry-nov/code/colcon_3/install/path_motion_planning:/home/sentry-nov/code/colcon_3/install/ikd_tree_mapping:/home/sentry-nov/code/colcon_3/install/rm_interface:/home/sentry-nov/code/colcon_3/install/point_lio:/home/sentry-nov/code/colcon_3/install/m_detector:/home/sentry-nov/code/colcon_3/install/fast_lio:/home/sentry-nov/code/colcon_3/install/livox_ros_driver2:/home/sentry-nov/code/colcon_3/install/icp_relocalization:/home/sentry-nov/code/colcon_3/install/altitude_map:/home/sentry-nov/code/colcon_3/install/auto_start:/opt/ros/humble /usr/bin/cmake --build /home/sentry-nov/code/colcon_3/build/altitude_map -- -j12 -l12
[0.098s] [35m[1mConsolidate compiler generated dependencies of target altitude_map[0m
[0.125s] [ 14%] Built target test_generate_cloud_node
[0.152s] gmake[2]: Warning: File '/home/sentry-nov/code/colcon_3/src/navigation/altitude_map/src/altitude_map.cpp' has modification time 26914 s in the future
[0.164s] [ 28%] [32mBuilding CXX object CMakeFiles/altitude_map.dir/src/local_map.cpp.o[0m
[0.165s] [ 28%] [32mBuilding CXX object CMakeFiles/altitude_map.dir/src/altitude_map.cpp.o[0m
[0.169s] [ 35%] [32mBuilding CXX object CMakeFiles/altitude_map.dir/src/global_map.cpp.o[0m
[6.699s] [ 42%] [32m[1mLinking CXX shared library libaltitude_map.so[0m
[7.339s] gmake[2]: warning: Clock skew detected. Your build may be incomplete.
[7.353s] [ 71%] Built target altitude_map
[7.374s] [35m[1mConsolidate compiler generated dependencies of target test_global_node[0m
[7.374s] [35m[1mConsolidate compiler generated dependencies of target test_local_node[0m
[7.406s] gmake[2]: Warning: File '/home/sentry-nov/code/colcon_3/src/navigation/altitude_map/include/altitude_map/altitude_map.h' has modification time 27025 s in the future
[7.407s] gmake[2]: Warning: File '/home/sentry-nov/code/colcon_3/src/navigation/altitude_map/include/altitude_map/altitude_map.h' has modification time 27025 s in the future
[7.419s] [ 85%] [32mBuilding CXX object CMakeFiles/test_global_node.dir/test/global_node.cpp.o[0m
[7.420s] [ 85%] [32mBuilding CXX object CMakeFiles/test_local_node.dir/test/local_node.cpp.o[0m
[16.015s] [ 92%] [32m[1mLinking CXX executable test_global_node[0m
[16.666s] gmake[2]: warning: Clock skew detected. Your build may be incomplete.
[16.676s] [ 92%] Built target test_global_node
[26.141s] [100%] [32m[1mLinking CXX executable test_local_node[0m
[26.958s] gmake[2]: warning: Clock skew detected. Your build may be incomplete.
[26.970s] [100%] Built target test_local_node
