[0.095s] DEBUG:colcon:Command line arguments: ['/usr/bin/colcon', 'build', '--cmake-args', '-DCMAKE_BUILD_TYPE=Release', '--packages-select', 'auto_start', 'altitude_map', 'path_planning']
[0.095s] DEBUG:colcon:Parsed command line arguments: Namespace(log_base=None, log_level=None, verb_name='build', build_base='build', install_base='install', merge_install=False, symlink_install=False, test_result_base=None, continue_on_error=False, executor='parallel', parallel_workers=12, event_handlers=None, ignore_user_meta=False, metas=['./colcon.meta'], base_paths=['.'], packages_ignore=None, packages_ignore_regex=None, paths=None, packages_up_to=None, packages_up_to_regex=None, packages_above=None, packages_above_and_dependencies=None, packages_above_depth=None, packages_select_by_dep=None, packages_skip_by_dep=None, packages_skip_up_to=None, packages_select_build_failed=False, packages_skip_build_finished=False, packages_select_test_failures=False, packages_skip_test_passed=False, packages_select=['auto_start', 'altitude_map', 'path_planning'], packages_skip=None, packages_select_regex=None, packages_skip_regex=None, packages_start=None, packages_end=None, allow_overriding=[], cmake_args=['-DCMAKE_BUILD_TYPE=Release'], cmake_target=None, cmake_target_skip_unavailable=False, cmake_clean_cache=False, cmake_clean_first=False, cmake_force_configure=False, ament_cmake_args=None, catkin_cmake_args=None, catkin_skip_building_tests=False, mixin_files=None, mixin=None, verb_parser=<colcon_mixin.mixin.mixin_argument.MixinArgumentDecorator object at 0x7f5fd08299c0>, verb_extension=<colcon_core.verb.build.BuildVerb object at 0x7f5fd0829450>, main=<bound method BuildVerb.main of <colcon_core.verb.build.BuildVerb object at 0x7f5fd0829450>>, mixin_verb=('build',))
[0.235s] Level 1:colcon.colcon_core.package_discovery:discover_packages(colcon_meta) check parameters
[0.235s] Level 1:colcon.colcon_core.package_discovery:discover_packages(recursive) check parameters
[0.235s] Level 1:colcon.colcon_core.package_discovery:discover_packages(ignore) check parameters
[0.235s] Level 1:colcon.colcon_core.package_discovery:discover_packages(path) check parameters
[0.235s] Level 1:colcon.colcon_core.package_discovery:discover_packages(colcon_meta) discover
[0.235s] Level 1:colcon.colcon_core.package_discovery:discover_packages(recursive) discover
[0.235s] INFO:colcon.colcon_core.package_discovery:Crawling recursively for packages in '/home/sentry-nov/code/colcon_3'
[0.235s] Level 1:colcon.colcon_core.package_identification:_identify(.) by extensions ['ignore', 'ignore_ament_install']
[0.235s] Level 1:colcon.colcon_core.package_identification:_identify(.) by extension 'ignore'
[0.235s] Level 1:colcon.colcon_core.package_identification:_identify(.) by extension 'ignore_ament_install'
[0.235s] Level 1:colcon.colcon_core.package_identification:_identify(.) by extensions ['colcon_pkg']
[0.235s] Level 1:colcon.colcon_core.package_identification:_identify(.) by extension 'colcon_pkg'
[0.235s] Level 1:colcon.colcon_core.package_identification:_identify(.) by extensions ['colcon_meta']
[0.235s] Level 1:colcon.colcon_core.package_identification:_identify(.) by extension 'colcon_meta'
[0.235s] Level 1:colcon.colcon_core.package_identification:_identify(.) by extensions ['ros']
[0.235s] Level 1:colcon.colcon_core.package_identification:_identify(.) by extension 'ros'
[0.245s] Level 1:colcon.colcon_core.package_identification:_identify(.) by extensions ['cmake', 'python']
[0.245s] Level 1:colcon.colcon_core.package_identification:_identify(.) by extension 'cmake'
[0.245s] Level 1:colcon.colcon_core.package_identification:_identify(.) by extension 'python'
[0.245s] Level 1:colcon.colcon_core.package_identification:_identify(.) by extensions ['python_setup_py']
[0.245s] Level 1:colcon.colcon_core.package_identification:_identify(.) by extension 'python_setup_py'
[0.245s] Level 1:colcon.colcon_core.package_identification:_identify(build) by extensions ['ignore', 'ignore_ament_install']
[0.245s] Level 1:colcon.colcon_core.package_identification:_identify(build) by extension 'ignore'
[0.245s] Level 1:colcon.colcon_core.package_identification:_identify(build) ignored
[0.246s] Level 1:colcon.colcon_core.package_identification:_identify(install) by extensions ['ignore', 'ignore_ament_install']
[0.246s] Level 1:colcon.colcon_core.package_identification:_identify(install) by extension 'ignore'
[0.246s] Level 1:colcon.colcon_core.package_identification:_identify(install) ignored
[0.246s] Level 1:colcon.colcon_core.package_identification:_identify(log) by extensions ['ignore', 'ignore_ament_install']
[0.246s] Level 1:colcon.colcon_core.package_identification:_identify(log) by extension 'ignore'
[0.246s] Level 1:colcon.colcon_core.package_identification:_identify(log) ignored
[0.246s] Level 1:colcon.colcon_core.package_identification:_identify(src) by extensions ['ignore', 'ignore_ament_install']
[0.246s] Level 1:colcon.colcon_core.package_identification:_identify(src) by extension 'ignore'
[0.246s] Level 1:colcon.colcon_core.package_identification:_identify(src) by extension 'ignore_ament_install'
[0.246s] Level 1:colcon.colcon_core.package_identification:_identify(src) by extensions ['colcon_pkg']
[0.246s] Level 1:colcon.colcon_core.package_identification:_identify(src) by extension 'colcon_pkg'
[0.246s] Level 1:colcon.colcon_core.package_identification:_identify(src) by extensions ['colcon_meta']
[0.246s] Level 1:colcon.colcon_core.package_identification:_identify(src) by extension 'colcon_meta'
[0.246s] Level 1:colcon.colcon_core.package_identification:_identify(src) by extensions ['ros']
[0.246s] Level 1:colcon.colcon_core.package_identification:_identify(src) by extension 'ros'
[0.247s] Level 1:colcon.colcon_core.package_identification:_identify(src) by extensions ['cmake', 'python']
[0.247s] Level 1:colcon.colcon_core.package_identification:_identify(src) by extension 'cmake'
[0.247s] Level 1:colcon.colcon_core.package_identification:_identify(src) by extension 'python'
[0.247s] Level 1:colcon.colcon_core.package_identification:_identify(src) by extensions ['python_setup_py']
[0.247s] Level 1:colcon.colcon_core.package_identification:_identify(src) by extension 'python_setup_py'
[0.247s] Level 1:colcon.colcon_core.package_identification:_identify(src/auto_start) by extensions ['ignore', 'ignore_ament_install']
[0.247s] Level 1:colcon.colcon_core.package_identification:_identify(src/auto_start) by extension 'ignore'
[0.247s] Level 1:colcon.colcon_core.package_identification:_identify(src/auto_start) by extension 'ignore_ament_install'
[0.247s] Level 1:colcon.colcon_core.package_identification:_identify(src/auto_start) by extensions ['colcon_pkg']
[0.247s] Level 1:colcon.colcon_core.package_identification:_identify(src/auto_start) by extension 'colcon_pkg'
[0.247s] Level 1:colcon.colcon_core.package_identification:_identify(src/auto_start) by extensions ['colcon_meta']
[0.247s] Level 1:colcon.colcon_core.package_identification:_identify(src/auto_start) by extension 'colcon_meta'
[0.247s] Level 1:colcon.colcon_core.package_identification:_identify(src/auto_start) by extensions ['ros']
[0.247s] Level 1:colcon.colcon_core.package_identification:_identify(src/auto_start) by extension 'ros'
[0.249s] DEBUG:colcon.colcon_core.package_identification:Package 'src/auto_start' with type 'ros.ament_cmake' and name 'auto_start'
[0.249s] Level 1:colcon.colcon_core.package_identification:_identify(src/common) by extensions ['ignore', 'ignore_ament_install']
[0.249s] Level 1:colcon.colcon_core.package_identification:_identify(src/common) by extension 'ignore'
[0.249s] Level 1:colcon.colcon_core.package_identification:_identify(src/common) by extension 'ignore_ament_install'
[0.249s] Level 1:colcon.colcon_core.package_identification:_identify(src/common) by extensions ['colcon_pkg']
[0.249s] Level 1:colcon.colcon_core.package_identification:_identify(src/common) by extension 'colcon_pkg'
[0.249s] Level 1:colcon.colcon_core.package_identification:_identify(src/common) by extensions ['colcon_meta']
[0.249s] Level 1:colcon.colcon_core.package_identification:_identify(src/common) by extension 'colcon_meta'
[0.249s] Level 1:colcon.colcon_core.package_identification:_identify(src/common) by extensions ['ros']
[0.250s] Level 1:colcon.colcon_core.package_identification:_identify(src/common) by extension 'ros'
[0.250s] Level 1:colcon.colcon_core.package_identification:_identify(src/common) by extensions ['cmake', 'python']
[0.250s] Level 1:colcon.colcon_core.package_identification:_identify(src/common) by extension 'cmake'
[0.250s] Level 1:colcon.colcon_core.package_identification:_identify(src/common) by extension 'python'
[0.250s] Level 1:colcon.colcon_core.package_identification:_identify(src/common) by extensions ['python_setup_py']
[0.250s] Level 1:colcon.colcon_core.package_identification:_identify(src/common) by extension 'python_setup_py'
[0.250s] Level 1:colcon.colcon_core.package_identification:_identify(src/common/debug_tools) by extensions ['ignore', 'ignore_ament_install']
[0.250s] Level 1:colcon.colcon_core.package_identification:_identify(src/common/debug_tools) by extension 'ignore'
[0.250s] Level 1:colcon.colcon_core.package_identification:_identify(src/common/debug_tools) by extension 'ignore_ament_install'
[0.250s] Level 1:colcon.colcon_core.package_identification:_identify(src/common/debug_tools) by extensions ['colcon_pkg']
[0.250s] Level 1:colcon.colcon_core.package_identification:_identify(src/common/debug_tools) by extension 'colcon_pkg'
[0.250s] Level 1:colcon.colcon_core.package_identification:_identify(src/common/debug_tools) by extensions ['colcon_meta']
[0.250s] Level 1:colcon.colcon_core.package_identification:_identify(src/common/debug_tools) by extension 'colcon_meta'
[0.250s] Level 1:colcon.colcon_core.package_identification:_identify(src/common/debug_tools) by extensions ['ros']
[0.250s] Level 1:colcon.colcon_core.package_identification:_identify(src/common/debug_tools) by extension 'ros'
[0.251s] DEBUG:colcon.colcon_core.package_identification:Package 'src/common/debug_tools' with type 'ros.ament_cmake' and name 'debug_tools'
[0.251s] Level 1:colcon.colcon_core.package_identification:_identify(src/common/livox_ros_driver2) by extensions ['ignore', 'ignore_ament_install']
[0.251s] Level 1:colcon.colcon_core.package_identification:_identify(src/common/livox_ros_driver2) by extension 'ignore'
[0.251s] Level 1:colcon.colcon_core.package_identification:_identify(src/common/livox_ros_driver2) by extension 'ignore_ament_install'
[0.251s] Level 1:colcon.colcon_core.package_identification:_identify(src/common/livox_ros_driver2) by extensions ['colcon_pkg']
[0.251s] Level 1:colcon.colcon_core.package_identification:_identify(src/common/livox_ros_driver2) by extension 'colcon_pkg'
[0.251s] Level 1:colcon.colcon_core.package_identification:_identify(src/common/livox_ros_driver2) by extensions ['colcon_meta']
[0.251s] Level 1:colcon.colcon_core.package_identification:_identify(src/common/livox_ros_driver2) by extension 'colcon_meta'
[0.251s] Level 1:colcon.colcon_core.package_identification:_identify(src/common/livox_ros_driver2) by extensions ['ros']
[0.251s] Level 1:colcon.colcon_core.package_identification:_identify(src/common/livox_ros_driver2) by extension 'ros'
[0.252s] DEBUG:colcon.colcon_core.package_identification:Package 'src/common/livox_ros_driver2' with type 'ros.ament_cmake' and name 'livox_ros_driver2'
[0.252s] Level 1:colcon.colcon_core.package_identification:_identify(src/common/rm_decision) by extensions ['ignore', 'ignore_ament_install']
[0.252s] Level 1:colcon.colcon_core.package_identification:_identify(src/common/rm_decision) by extension 'ignore'
[0.252s] Level 1:colcon.colcon_core.package_identification:_identify(src/common/rm_decision) by extension 'ignore_ament_install'
[0.252s] Level 1:colcon.colcon_core.package_identification:_identify(src/common/rm_decision) by extensions ['colcon_pkg']
[0.252s] Level 1:colcon.colcon_core.package_identification:_identify(src/common/rm_decision) by extension 'colcon_pkg'
[0.253s] Level 1:colcon.colcon_core.package_identification:_identify(src/common/rm_decision) by extensions ['colcon_meta']
[0.253s] Level 1:colcon.colcon_core.package_identification:_identify(src/common/rm_decision) by extension 'colcon_meta'
[0.253s] Level 1:colcon.colcon_core.package_identification:_identify(src/common/rm_decision) by extensions ['ros']
[0.253s] Level 1:colcon.colcon_core.package_identification:_identify(src/common/rm_decision) by extension 'ros'
[0.253s] DEBUG:colcon.colcon_core.package_identification:Package 'src/common/rm_decision' with type 'ros.ament_cmake' and name 'rm_decision'
[0.253s] Level 1:colcon.colcon_core.package_identification:_identify(src/common/rm_interface) by extensions ['ignore', 'ignore_ament_install']
[0.253s] Level 1:colcon.colcon_core.package_identification:_identify(src/common/rm_interface) by extension 'ignore'
[0.253s] Level 1:colcon.colcon_core.package_identification:_identify(src/common/rm_interface) by extension 'ignore_ament_install'
[0.253s] Level 1:colcon.colcon_core.package_identification:_identify(src/common/rm_interface) by extensions ['colcon_pkg']
[0.253s] Level 1:colcon.colcon_core.package_identification:_identify(src/common/rm_interface) by extension 'colcon_pkg'
[0.253s] Level 1:colcon.colcon_core.package_identification:_identify(src/common/rm_interface) by extensions ['colcon_meta']
[0.254s] Level 1:colcon.colcon_core.package_identification:_identify(src/common/rm_interface) by extension 'colcon_meta'
[0.254s] Level 1:colcon.colcon_core.package_identification:_identify(src/common/rm_interface) by extensions ['ros']
[0.254s] Level 1:colcon.colcon_core.package_identification:_identify(src/common/rm_interface) by extension 'ros'
[0.254s] DEBUG:colcon.colcon_core.package_identification:Package 'src/common/rm_interface' with type 'ros.ament_cmake' and name 'rm_interface'
[0.254s] Level 1:colcon.colcon_core.package_identification:_identify(src/common/rm_serial) by extensions ['ignore', 'ignore_ament_install']
[0.254s] Level 1:colcon.colcon_core.package_identification:_identify(src/common/rm_serial) by extension 'ignore'
[0.254s] Level 1:colcon.colcon_core.package_identification:_identify(src/common/rm_serial) by extension 'ignore_ament_install'
[0.255s] Level 1:colcon.colcon_core.package_identification:_identify(src/common/rm_serial) by extensions ['colcon_pkg']
[0.255s] Level 1:colcon.colcon_core.package_identification:_identify(src/common/rm_serial) by extension 'colcon_pkg'
[0.255s] Level 1:colcon.colcon_core.package_identification:_identify(src/common/rm_serial) by extensions ['colcon_meta']
[0.255s] Level 1:colcon.colcon_core.package_identification:_identify(src/common/rm_serial) by extension 'colcon_meta'
[0.255s] Level 1:colcon.colcon_core.package_identification:_identify(src/common/rm_serial) by extensions ['ros']
[0.255s] Level 1:colcon.colcon_core.package_identification:_identify(src/common/rm_serial) by extension 'ros'
[0.255s] DEBUG:colcon.colcon_core.package_identification:Package 'src/common/rm_serial' with type 'ros.ament_cmake' and name 'rm_serial'
[0.255s] Level 1:colcon.colcon_core.package_identification:_identify(src/common/rviz_plugin) by extensions ['ignore', 'ignore_ament_install']
[0.256s] Level 1:colcon.colcon_core.package_identification:_identify(src/common/rviz_plugin) by extension 'ignore'
[0.256s] Level 1:colcon.colcon_core.package_identification:_identify(src/common/rviz_plugin) by extension 'ignore_ament_install'
[0.256s] Level 1:colcon.colcon_core.package_identification:_identify(src/common/rviz_plugin) by extensions ['colcon_pkg']
[0.256s] Level 1:colcon.colcon_core.package_identification:_identify(src/common/rviz_plugin) by extension 'colcon_pkg'
[0.256s] Level 1:colcon.colcon_core.package_identification:_identify(src/common/rviz_plugin) by extensions ['colcon_meta']
[0.256s] Level 1:colcon.colcon_core.package_identification:_identify(src/common/rviz_plugin) by extension 'colcon_meta'
[0.256s] Level 1:colcon.colcon_core.package_identification:_identify(src/common/rviz_plugin) by extensions ['ros']
[0.256s] Level 1:colcon.colcon_core.package_identification:_identify(src/common/rviz_plugin) by extension 'ros'
[0.256s] DEBUG:colcon.colcon_core.package_identification:Package 'src/common/rviz_plugin' with type 'ros.ament_cmake' and name 'rviz_plugin'
[0.256s] Level 1:colcon.colcon_core.package_identification:_identify(src/navigation) by extensions ['ignore', 'ignore_ament_install']
[0.256s] Level 1:colcon.colcon_core.package_identification:_identify(src/navigation) by extension 'ignore'
[0.256s] Level 1:colcon.colcon_core.package_identification:_identify(src/navigation) by extension 'ignore_ament_install'
[0.256s] Level 1:colcon.colcon_core.package_identification:_identify(src/navigation) by extensions ['colcon_pkg']
[0.256s] Level 1:colcon.colcon_core.package_identification:_identify(src/navigation) by extension 'colcon_pkg'
[0.257s] Level 1:colcon.colcon_core.package_identification:_identify(src/navigation) by extensions ['colcon_meta']
[0.257s] Level 1:colcon.colcon_core.package_identification:_identify(src/navigation) by extension 'colcon_meta'
[0.257s] Level 1:colcon.colcon_core.package_identification:_identify(src/navigation) by extensions ['ros']
[0.257s] Level 1:colcon.colcon_core.package_identification:_identify(src/navigation) by extension 'ros'
[0.257s] Level 1:colcon.colcon_core.package_identification:_identify(src/navigation) by extensions ['cmake', 'python']
[0.257s] Level 1:colcon.colcon_core.package_identification:_identify(src/navigation) by extension 'cmake'
[0.257s] Level 1:colcon.colcon_core.package_identification:_identify(src/navigation) by extension 'python'
[0.257s] Level 1:colcon.colcon_core.package_identification:_identify(src/navigation) by extensions ['python_setup_py']
[0.257s] Level 1:colcon.colcon_core.package_identification:_identify(src/navigation) by extension 'python_setup_py'
[0.257s] Level 1:colcon.colcon_core.package_identification:_identify(src/navigation/altitude_map) by extensions ['ignore', 'ignore_ament_install']
[0.257s] Level 1:colcon.colcon_core.package_identification:_identify(src/navigation/altitude_map) by extension 'ignore'
[0.257s] Level 1:colcon.colcon_core.package_identification:_identify(src/navigation/altitude_map) by extension 'ignore_ament_install'
[0.257s] Level 1:colcon.colcon_core.package_identification:_identify(src/navigation/altitude_map) by extensions ['colcon_pkg']
[0.257s] Level 1:colcon.colcon_core.package_identification:_identify(src/navigation/altitude_map) by extension 'colcon_pkg'
[0.257s] Level 1:colcon.colcon_core.package_identification:_identify(src/navigation/altitude_map) by extensions ['colcon_meta']
[0.257s] Level 1:colcon.colcon_core.package_identification:_identify(src/navigation/altitude_map) by extension 'colcon_meta'
[0.257s] Level 1:colcon.colcon_core.package_identification:_identify(src/navigation/altitude_map) by extensions ['ros']
[0.257s] Level 1:colcon.colcon_core.package_identification:_identify(src/navigation/altitude_map) by extension 'ros'
[0.258s] DEBUG:colcon.colcon_core.package_identification:Package 'src/navigation/altitude_map' with type 'ros.ament_cmake' and name 'altitude_map'
[0.258s] Level 1:colcon.colcon_core.package_identification:_identify(src/navigation/motion_planning) by extensions ['ignore', 'ignore_ament_install']
[0.258s] Level 1:colcon.colcon_core.package_identification:_identify(src/navigation/motion_planning) by extension 'ignore'
[0.258s] Level 1:colcon.colcon_core.package_identification:_identify(src/navigation/motion_planning) by extension 'ignore_ament_install'
[0.258s] Level 1:colcon.colcon_core.package_identification:_identify(src/navigation/motion_planning) by extensions ['colcon_pkg']
[0.258s] Level 1:colcon.colcon_core.package_identification:_identify(src/navigation/motion_planning) by extension 'colcon_pkg'
[0.258s] Level 1:colcon.colcon_core.package_identification:_identify(src/navigation/motion_planning) by extensions ['colcon_meta']
[0.258s] Level 1:colcon.colcon_core.package_identification:_identify(src/navigation/motion_planning) by extension 'colcon_meta'
[0.258s] Level 1:colcon.colcon_core.package_identification:_identify(src/navigation/motion_planning) by extensions ['ros']
[0.258s] Level 1:colcon.colcon_core.package_identification:_identify(src/navigation/motion_planning) by extension 'ros'
[0.260s] DEBUG:colcon.colcon_core.package_identification:Package 'src/navigation/motion_planning' with type 'ros.ament_cmake' and name 'motion_planning'
[0.260s] Level 1:colcon.colcon_core.package_identification:_identify(src/navigation/path_planning) by extensions ['ignore', 'ignore_ament_install']
[0.260s] Level 1:colcon.colcon_core.package_identification:_identify(src/navigation/path_planning) by extension 'ignore'
[0.260s] Level 1:colcon.colcon_core.package_identification:_identify(src/navigation/path_planning) by extension 'ignore_ament_install'
[0.260s] Level 1:colcon.colcon_core.package_identification:_identify(src/navigation/path_planning) by extensions ['colcon_pkg']
[0.260s] Level 1:colcon.colcon_core.package_identification:_identify(src/navigation/path_planning) by extension 'colcon_pkg'
[0.260s] Level 1:colcon.colcon_core.package_identification:_identify(src/navigation/path_planning) by extensions ['colcon_meta']
[0.260s] Level 1:colcon.colcon_core.package_identification:_identify(src/navigation/path_planning) by extension 'colcon_meta'
[0.260s] Level 1:colcon.colcon_core.package_identification:_identify(src/navigation/path_planning) by extensions ['ros']
[0.260s] Level 1:colcon.colcon_core.package_identification:_identify(src/navigation/path_planning) by extension 'ros'
[0.261s] DEBUG:colcon.colcon_core.package_identification:Package 'src/navigation/path_planning' with type 'ros.ament_cmake' and name 'path_planning'
[0.261s] Level 1:colcon.colcon_core.package_identification:_identify(src/robot_decision_system) by extensions ['ignore', 'ignore_ament_install']
[0.261s] Level 1:colcon.colcon_core.package_identification:_identify(src/robot_decision_system) by extension 'ignore'
[0.262s] Level 1:colcon.colcon_core.package_identification:_identify(src/robot_decision_system) by extension 'ignore_ament_install'
[0.262s] Level 1:colcon.colcon_core.package_identification:_identify(src/robot_decision_system) by extensions ['colcon_pkg']
[0.262s] Level 1:colcon.colcon_core.package_identification:_identify(src/robot_decision_system) by extension 'colcon_pkg'
[0.262s] Level 1:colcon.colcon_core.package_identification:_identify(src/robot_decision_system) by extensions ['colcon_meta']
[0.262s] Level 1:colcon.colcon_core.package_identification:_identify(src/robot_decision_system) by extension 'colcon_meta'
[0.262s] Level 1:colcon.colcon_core.package_identification:_identify(src/robot_decision_system) by extensions ['ros']
[0.262s] Level 1:colcon.colcon_core.package_identification:_identify(src/robot_decision_system) by extension 'ros'
[0.263s] DEBUG:colcon.colcon_core.package_identification:Package 'src/robot_decision_system' with type 'ros.ament_cmake' and name 'robot_decision_system'
[0.263s] Level 1:colcon.colcon_core.package_identification:_identify(src/slam) by extensions ['ignore', 'ignore_ament_install']
[0.263s] Level 1:colcon.colcon_core.package_identification:_identify(src/slam) by extension 'ignore'
[0.263s] Level 1:colcon.colcon_core.package_identification:_identify(src/slam) by extension 'ignore_ament_install'
[0.263s] Level 1:colcon.colcon_core.package_identification:_identify(src/slam) by extensions ['colcon_pkg']
[0.263s] Level 1:colcon.colcon_core.package_identification:_identify(src/slam) by extension 'colcon_pkg'
[0.263s] Level 1:colcon.colcon_core.package_identification:_identify(src/slam) by extensions ['colcon_meta']
[0.263s] Level 1:colcon.colcon_core.package_identification:_identify(src/slam) by extension 'colcon_meta'
[0.263s] Level 1:colcon.colcon_core.package_identification:_identify(src/slam) by extensions ['ros']
[0.263s] Level 1:colcon.colcon_core.package_identification:_identify(src/slam) by extension 'ros'
[0.263s] Level 1:colcon.colcon_core.package_identification:_identify(src/slam) by extensions ['cmake', 'python']
[0.263s] Level 1:colcon.colcon_core.package_identification:_identify(src/slam) by extension 'cmake'
[0.263s] Level 1:colcon.colcon_core.package_identification:_identify(src/slam) by extension 'python'
[0.263s] Level 1:colcon.colcon_core.package_identification:_identify(src/slam) by extensions ['python_setup_py']
[0.263s] Level 1:colcon.colcon_core.package_identification:_identify(src/slam) by extension 'python_setup_py'
[0.263s] Level 1:colcon.colcon_core.package_identification:_identify(src/slam/FAST_LIO-ROS2) by extensions ['ignore', 'ignore_ament_install']
[0.263s] Level 1:colcon.colcon_core.package_identification:_identify(src/slam/FAST_LIO-ROS2) by extension 'ignore'
[0.263s] Level 1:colcon.colcon_core.package_identification:_identify(src/slam/FAST_LIO-ROS2) by extension 'ignore_ament_install'
[0.263s] Level 1:colcon.colcon_core.package_identification:_identify(src/slam/FAST_LIO-ROS2) by extensions ['colcon_pkg']
[0.263s] Level 1:colcon.colcon_core.package_identification:_identify(src/slam/FAST_LIO-ROS2) by extension 'colcon_pkg'
[0.263s] Level 1:colcon.colcon_core.package_identification:_identify(src/slam/FAST_LIO-ROS2) by extensions ['colcon_meta']
[0.264s] Level 1:colcon.colcon_core.package_identification:_identify(src/slam/FAST_LIO-ROS2) by extension 'colcon_meta'
[0.264s] Level 1:colcon.colcon_core.package_identification:_identify(src/slam/FAST_LIO-ROS2) by extensions ['ros']
[0.264s] Level 1:colcon.colcon_core.package_identification:_identify(src/slam/FAST_LIO-ROS2) by extension 'ros'
[0.265s] DEBUG:colcon.colcon_core.package_identification:Package 'src/slam/FAST_LIO-ROS2' with type 'ros.ament_cmake' and name 'fast_lio'
[0.265s] Level 1:colcon.colcon_core.package_identification:_identify(src/slam/icp_relocalization) by extensions ['ignore', 'ignore_ament_install']
[0.265s] Level 1:colcon.colcon_core.package_identification:_identify(src/slam/icp_relocalization) by extension 'ignore'
[0.265s] Level 1:colcon.colcon_core.package_identification:_identify(src/slam/icp_relocalization) by extension 'ignore_ament_install'
[0.265s] Level 1:colcon.colcon_core.package_identification:_identify(src/slam/icp_relocalization) by extensions ['colcon_pkg']
[0.265s] Level 1:colcon.colcon_core.package_identification:_identify(src/slam/icp_relocalization) by extension 'colcon_pkg'
[0.265s] Level 1:colcon.colcon_core.package_identification:_identify(src/slam/icp_relocalization) by extensions ['colcon_meta']
[0.265s] Level 1:colcon.colcon_core.package_identification:_identify(src/slam/icp_relocalization) by extension 'colcon_meta'
[0.265s] Level 1:colcon.colcon_core.package_identification:_identify(src/slam/icp_relocalization) by extensions ['ros']
[0.265s] Level 1:colcon.colcon_core.package_identification:_identify(src/slam/icp_relocalization) by extension 'ros'
[0.266s] DEBUG:colcon.colcon_core.package_identification:Package 'src/slam/icp_relocalization' with type 'ros.ament_cmake' and name 'icp_relocalization'
[0.266s] Level 1:colcon.colcon_core.package_identification:_identify(src/slam/ikd_tree_mapping) by extensions ['ignore', 'ignore_ament_install']
[0.266s] Level 1:colcon.colcon_core.package_identification:_identify(src/slam/ikd_tree_mapping) by extension 'ignore'
[0.266s] Level 1:colcon.colcon_core.package_identification:_identify(src/slam/ikd_tree_mapping) by extension 'ignore_ament_install'
[0.266s] Level 1:colcon.colcon_core.package_identification:_identify(src/slam/ikd_tree_mapping) by extensions ['colcon_pkg']
[0.266s] Level 1:colcon.colcon_core.package_identification:_identify(src/slam/ikd_tree_mapping) by extension 'colcon_pkg'
[0.266s] Level 1:colcon.colcon_core.package_identification:_identify(src/slam/ikd_tree_mapping) by extensions ['colcon_meta']
[0.266s] Level 1:colcon.colcon_core.package_identification:_identify(src/slam/ikd_tree_mapping) by extension 'colcon_meta'
[0.266s] Level 1:colcon.colcon_core.package_identification:_identify(src/slam/ikd_tree_mapping) by extensions ['ros']
[0.266s] Level 1:colcon.colcon_core.package_identification:_identify(src/slam/ikd_tree_mapping) by extension 'ros'
[0.267s] DEBUG:colcon.colcon_core.package_identification:Package 'src/slam/ikd_tree_mapping' with type 'ros.ament_cmake' and name 'ikd_tree_mapping'
[0.267s] Level 1:colcon.colcon_core.package_identification:_identify(src/slam/m_detector) by extensions ['ignore', 'ignore_ament_install']
[0.267s] Level 1:colcon.colcon_core.package_identification:_identify(src/slam/m_detector) by extension 'ignore'
[0.267s] Level 1:colcon.colcon_core.package_identification:_identify(src/slam/m_detector) by extension 'ignore_ament_install'
[0.267s] Level 1:colcon.colcon_core.package_identification:_identify(src/slam/m_detector) by extensions ['colcon_pkg']
[0.267s] Level 1:colcon.colcon_core.package_identification:_identify(src/slam/m_detector) by extension 'colcon_pkg'
[0.267s] Level 1:colcon.colcon_core.package_identification:_identify(src/slam/m_detector) by extensions ['colcon_meta']
[0.267s] Level 1:colcon.colcon_core.package_identification:_identify(src/slam/m_detector) by extension 'colcon_meta'
[0.267s] Level 1:colcon.colcon_core.package_identification:_identify(src/slam/m_detector) by extensions ['ros']
[0.267s] Level 1:colcon.colcon_core.package_identification:_identify(src/slam/m_detector) by extension 'ros'
[0.268s] DEBUG:colcon.colcon_core.package_identification:Package 'src/slam/m_detector' with type 'ros.ament_cmake' and name 'm_detector'
[0.268s] Level 1:colcon.colcon_core.package_identification:_identify(src/slam/point_lio_ros2) by extensions ['ignore', 'ignore_ament_install']
[0.268s] Level 1:colcon.colcon_core.package_identification:_identify(src/slam/point_lio_ros2) by extension 'ignore'
[0.268s] Level 1:colcon.colcon_core.package_identification:_identify(src/slam/point_lio_ros2) by extension 'ignore_ament_install'
[0.268s] Level 1:colcon.colcon_core.package_identification:_identify(src/slam/point_lio_ros2) by extensions ['colcon_pkg']
[0.269s] Level 1:colcon.colcon_core.package_identification:_identify(src/slam/point_lio_ros2) by extension 'colcon_pkg'
[0.269s] Level 1:colcon.colcon_core.package_identification:_identify(src/slam/point_lio_ros2) by extensions ['colcon_meta']
[0.269s] Level 1:colcon.colcon_core.package_identification:_identify(src/slam/point_lio_ros2) by extension 'colcon_meta'
[0.269s] Level 1:colcon.colcon_core.package_identification:_identify(src/slam/point_lio_ros2) by extensions ['ros']
[0.269s] Level 1:colcon.colcon_core.package_identification:_identify(src/slam/point_lio_ros2) by extension 'ros'
[0.270s] DEBUG:colcon.colcon_core.package_identification:Package 'src/slam/point_lio_ros2' with type 'ros.ament_cmake' and name 'point_lio'
[0.270s] Level 1:colcon.colcon_core.package_identification:_identify(src/slam/tilted_lidar) by extensions ['ignore', 'ignore_ament_install']
[0.270s] Level 1:colcon.colcon_core.package_identification:_identify(src/slam/tilted_lidar) by extension 'ignore'
[0.270s] Level 1:colcon.colcon_core.package_identification:_identify(src/slam/tilted_lidar) by extension 'ignore_ament_install'
[0.270s] Level 1:colcon.colcon_core.package_identification:_identify(src/slam/tilted_lidar) by extensions ['colcon_pkg']
[0.270s] Level 1:colcon.colcon_core.package_identification:_identify(src/slam/tilted_lidar) by extension 'colcon_pkg'
[0.270s] Level 1:colcon.colcon_core.package_identification:_identify(src/slam/tilted_lidar) by extensions ['colcon_meta']
[0.270s] Level 1:colcon.colcon_core.package_identification:_identify(src/slam/tilted_lidar) by extension 'colcon_meta'
[0.270s] Level 1:colcon.colcon_core.package_identification:_identify(src/slam/tilted_lidar) by extensions ['ros']
[0.270s] Level 1:colcon.colcon_core.package_identification:_identify(src/slam/tilted_lidar) by extension 'ros'
[0.271s] DEBUG:colcon.colcon_core.package_identification:Package 'src/slam/tilted_lidar' with type 'ros.ament_cmake' and name 'tilted_lidar'
[0.271s] Level 1:colcon.colcon_core.package_discovery:discover_packages(recursive) using defaults
[0.271s] Level 1:colcon.colcon_core.package_discovery:discover_packages(ignore) discover
[0.271s] Level 1:colcon.colcon_core.package_discovery:discover_packages(ignore) using defaults
[0.271s] Level 1:colcon.colcon_core.package_discovery:discover_packages(path) discover
[0.271s] Level 1:colcon.colcon_core.package_discovery:discover_packages(path) using defaults
[0.309s] INFO:colcon.colcon_core.package_selection:Skipping not selected package 'debug_tools' in 'src/common/debug_tools'
[0.309s] INFO:colcon.colcon_core.package_selection:Skipping not selected package 'livox_ros_driver2' in 'src/common/livox_ros_driver2'
[0.309s] INFO:colcon.colcon_core.package_selection:Skipping not selected package 'rm_interface' in 'src/common/rm_interface'
[0.309s] INFO:colcon.colcon_core.package_selection:Skipping not selected package 'robot_decision_system' in 'src/robot_decision_system'
[0.309s] INFO:colcon.colcon_core.package_selection:Skipping not selected package 'rviz_plugin' in 'src/common/rviz_plugin'
[0.310s] INFO:colcon.colcon_core.package_selection:Skipping not selected package 'tilted_lidar' in 'src/slam/tilted_lidar'
[0.310s] INFO:colcon.colcon_core.package_selection:Skipping not selected package 'fast_lio' in 'src/slam/FAST_LIO-ROS2'
[0.310s] INFO:colcon.colcon_core.package_selection:Skipping not selected package 'icp_relocalization' in 'src/slam/icp_relocalization'
[0.310s] INFO:colcon.colcon_core.package_selection:Skipping not selected package 'ikd_tree_mapping' in 'src/slam/ikd_tree_mapping'
[0.310s] INFO:colcon.colcon_core.package_selection:Skipping not selected package 'm_detector' in 'src/slam/m_detector'
[0.310s] INFO:colcon.colcon_core.package_selection:Skipping not selected package 'point_lio' in 'src/slam/point_lio_ros2'
[0.310s] INFO:colcon.colcon_core.package_selection:Skipping not selected package 'rm_decision' in 'src/common/rm_decision'
[0.310s] INFO:colcon.colcon_core.package_selection:Skipping not selected package 'rm_serial' in 'src/common/rm_serial'
[0.310s] INFO:colcon.colcon_core.package_selection:Skipping not selected package 'motion_planning' in 'src/navigation/motion_planning'
[0.310s] Level 1:colcon.colcon_core.package_discovery:discover_packages(prefix_path) check parameters
[0.310s] Level 1:colcon.colcon_core.package_discovery:discover_packages(prefix_path) discover
[0.313s] DEBUG:colcon.colcon_installed_package_information.package_discovery:Found 17 installed packages in /home/sentry-nov/code/colcon_3/install
[0.314s] DEBUG:colcon.colcon_installed_package_information.package_discovery:Found 273 installed packages in /opt/ros/humble
[0.315s] Level 1:colcon.colcon_core.package_discovery:discover_packages(prefix_path) using defaults
[0.347s] WARNING:colcon.colcon_core.package_selection:Some selected packages are already built in one or more underlay workspaces:
	'path_planning' is in: /home/sentry-nov/code/colcon_3/install/path_planning
If a package in a merged underlay workspace is overridden and it installs headers, then all packages in the overlay must sort their include directories by workspace order. Failure to do so may result in build failures or undefined behavior at run time.
If the overridden package is used by another package in any underlay, then the overriding package in the overlay must be API and ABI compatible or undefined behavior at run time may occur.

If you understand the risks and want to override a package anyways, add the following to the command line:
	--allow-overriding path_planning

This may be promoted to an error in a future release of colcon-override-check.
[0.348s] Level 5:colcon.colcon_core.verb:set package 'auto_start' build argument 'cmake_args' from command line to '['-DCMAKE_BUILD_TYPE=Release']'
[0.348s] Level 5:colcon.colcon_core.verb:set package 'auto_start' build argument 'cmake_target' from command line to 'None'
[0.348s] Level 5:colcon.colcon_core.verb:set package 'auto_start' build argument 'cmake_target_skip_unavailable' from command line to 'False'
[0.348s] Level 5:colcon.colcon_core.verb:set package 'auto_start' build argument 'cmake_clean_cache' from command line to 'False'
[0.348s] Level 5:colcon.colcon_core.verb:set package 'auto_start' build argument 'cmake_clean_first' from command line to 'False'
[0.348s] Level 5:colcon.colcon_core.verb:set package 'auto_start' build argument 'cmake_force_configure' from command line to 'False'
[0.348s] Level 5:colcon.colcon_core.verb:set package 'auto_start' build argument 'ament_cmake_args' from command line to 'None'
[0.348s] Level 5:colcon.colcon_core.verb:set package 'auto_start' build argument 'catkin_cmake_args' from command line to 'None'
[0.348s] Level 5:colcon.colcon_core.verb:set package 'auto_start' build argument 'catkin_skip_building_tests' from command line to 'False'
[0.348s] DEBUG:colcon.colcon_core.verb:Building package 'auto_start' with the following arguments: {'ament_cmake_args': None, 'build_base': '/home/sentry-nov/code/colcon_3/build/auto_start', 'catkin_cmake_args': None, 'catkin_skip_building_tests': False, 'cmake_args': ['-DCMAKE_BUILD_TYPE=Release'], 'cmake_clean_cache': False, 'cmake_clean_first': False, 'cmake_force_configure': False, 'cmake_target': None, 'cmake_target_skip_unavailable': False, 'install_base': '/home/sentry-nov/code/colcon_3/install/auto_start', 'merge_install': False, 'path': '/home/sentry-nov/code/colcon_3/src/auto_start', 'symlink_install': False, 'test_result_base': None}
[0.348s] Level 5:colcon.colcon_core.verb:set package 'altitude_map' build argument 'cmake_args' from command line to '['-DCMAKE_BUILD_TYPE=Release']'
[0.348s] Level 5:colcon.colcon_core.verb:set package 'altitude_map' build argument 'cmake_target' from command line to 'None'
[0.348s] Level 5:colcon.colcon_core.verb:set package 'altitude_map' build argument 'cmake_target_skip_unavailable' from command line to 'False'
[0.348s] Level 5:colcon.colcon_core.verb:set package 'altitude_map' build argument 'cmake_clean_cache' from command line to 'False'
[0.348s] Level 5:colcon.colcon_core.verb:set package 'altitude_map' build argument 'cmake_clean_first' from command line to 'False'
[0.349s] Level 5:colcon.colcon_core.verb:set package 'altitude_map' build argument 'cmake_force_configure' from command line to 'False'
[0.349s] Level 5:colcon.colcon_core.verb:set package 'altitude_map' build argument 'ament_cmake_args' from command line to 'None'
[0.349s] Level 5:colcon.colcon_core.verb:set package 'altitude_map' build argument 'catkin_cmake_args' from command line to 'None'
[0.349s] Level 5:colcon.colcon_core.verb:set package 'altitude_map' build argument 'catkin_skip_building_tests' from command line to 'False'
[0.349s] DEBUG:colcon.colcon_core.verb:Building package 'altitude_map' with the following arguments: {'ament_cmake_args': None, 'build_base': '/home/sentry-nov/code/colcon_3/build/altitude_map', 'catkin_cmake_args': None, 'catkin_skip_building_tests': False, 'cmake_args': ['-DCMAKE_BUILD_TYPE=Release'], 'cmake_clean_cache': False, 'cmake_clean_first': False, 'cmake_force_configure': False, 'cmake_target': None, 'cmake_target_skip_unavailable': False, 'install_base': '/home/sentry-nov/code/colcon_3/install/altitude_map', 'merge_install': False, 'path': '/home/sentry-nov/code/colcon_3/src/navigation/altitude_map', 'symlink_install': False, 'test_result_base': None}
[0.349s] Level 5:colcon.colcon_core.verb:set package 'path_planning' build argument 'cmake_args' from command line to '['-DCMAKE_BUILD_TYPE=Release']'
[0.349s] Level 5:colcon.colcon_core.verb:set package 'path_planning' build argument 'cmake_target' from command line to 'None'
[0.349s] Level 5:colcon.colcon_core.verb:set package 'path_planning' build argument 'cmake_target_skip_unavailable' from command line to 'False'
[0.349s] Level 5:colcon.colcon_core.verb:set package 'path_planning' build argument 'cmake_clean_cache' from command line to 'False'
[0.349s] Level 5:colcon.colcon_core.verb:set package 'path_planning' build argument 'cmake_clean_first' from command line to 'False'
[0.349s] Level 5:colcon.colcon_core.verb:set package 'path_planning' build argument 'cmake_force_configure' from command line to 'False'
[0.349s] Level 5:colcon.colcon_core.verb:set package 'path_planning' build argument 'ament_cmake_args' from command line to 'None'
[0.349s] Level 5:colcon.colcon_core.verb:set package 'path_planning' build argument 'catkin_cmake_args' from command line to 'None'
[0.349s] Level 5:colcon.colcon_core.verb:set package 'path_planning' build argument 'catkin_skip_building_tests' from command line to 'False'
[0.349s] DEBUG:colcon.colcon_core.verb:Building package 'path_planning' with the following arguments: {'ament_cmake_args': None, 'build_base': '/home/sentry-nov/code/colcon_3/build/path_planning', 'catkin_cmake_args': None, 'catkin_skip_building_tests': False, 'cmake_args': ['-DCMAKE_BUILD_TYPE=Release'], 'cmake_clean_cache': False, 'cmake_clean_first': False, 'cmake_force_configure': False, 'cmake_target': None, 'cmake_target_skip_unavailable': False, 'install_base': '/home/sentry-nov/code/colcon_3/install/path_planning', 'merge_install': False, 'path': '/home/sentry-nov/code/colcon_3/src/navigation/path_planning', 'symlink_install': False, 'test_result_base': None}
[0.349s] INFO:colcon.colcon_core.executor:Executing jobs using 'parallel' executor
[0.350s] DEBUG:colcon.colcon_parallel_executor.executor.parallel:run_until_complete
[0.351s] INFO:colcon.colcon_ros.task.ament_cmake.build:Building ROS package in '/home/sentry-nov/code/colcon_3/src/auto_start' with build type 'ament_cmake'
[0.351s] INFO:colcon.colcon_cmake.task.cmake.build:Building CMake package in '/home/sentry-nov/code/colcon_3/src/auto_start'
[0.353s] INFO:colcon.colcon_core.plugin_system:Skipping extension 'colcon_core.shell.bat': Not used on non-Windows systems
[0.353s] INFO:colcon.colcon_core.shell:Skip shell extension 'powershell' for command environment: Not usable outside of PowerShell
[0.353s] DEBUG:colcon.colcon_core.shell:Skip shell extension 'dsv' for command environment
[0.357s] INFO:colcon.colcon_ros.task.ament_cmake.build:Building ROS package in '/home/sentry-nov/code/colcon_3/src/navigation/altitude_map' with build type 'ament_cmake'
[0.357s] INFO:colcon.colcon_cmake.task.cmake.build:Building CMake package in '/home/sentry-nov/code/colcon_3/src/navigation/altitude_map'
[0.358s] INFO:colcon.colcon_core.shell:Skip shell extension 'powershell' for command environment: Not usable outside of PowerShell
[0.358s] DEBUG:colcon.colcon_core.shell:Skip shell extension 'dsv' for command environment
[0.362s] INFO:colcon.colcon_ros.task.ament_cmake.build:Building ROS package in '/home/sentry-nov/code/colcon_3/src/navigation/path_planning' with build type 'ament_cmake'
[0.363s] INFO:colcon.colcon_cmake.task.cmake.build:Building CMake package in '/home/sentry-nov/code/colcon_3/src/navigation/path_planning'
[0.363s] INFO:colcon.colcon_core.shell:Skip shell extension 'powershell' for command environment: Not usable outside of PowerShell
[0.363s] DEBUG:colcon.colcon_core.shell:Skip shell extension 'dsv' for command environment
[0.372s] DEBUG:colcon.colcon_core.event_handler.log_command:Invoking command in '/home/sentry-nov/code/colcon_3/build/auto_start': CMAKE_PREFIX_PATH=${CMAKE_PREFIX_PATH}:/opt/ros/humble /usr/bin/cmake --build /home/sentry-nov/code/colcon_3/build/auto_start -- -j12 -l12
[0.377s] DEBUG:colcon.colcon_core.event_handler.log_command:Invoking command in '/home/sentry-nov/code/colcon_3/build/altitude_map': CMAKE_PREFIX_PATH=/home/sentry-nov/code/colcon_3/install/debug_tools:/home/sentry-nov/code/colcon_3/install/tilted_lidar:/home/sentry-nov/code/colcon_3/install/rviz_plugin:/home/sentry-nov/code/colcon_3/install/robot_decision_system:/home/sentry-nov/code/colcon_3/install/rm_serial:/home/sentry-nov/code/colcon_3/install/rm_decision:/home/sentry-nov/code/colcon_3/install/motion_planning:/home/sentry-nov/code/colcon_3/install/path_planning:/home/sentry-nov/code/colcon_3/install/ikd_tree_mapping:/home/sentry-nov/code/colcon_3/install/rm_interface:/home/sentry-nov/code/colcon_3/install/point_lio:/home/sentry-nov/code/colcon_3/install/m_detector:/home/sentry-nov/code/colcon_3/install/fast_lio:/home/sentry-nov/code/colcon_3/install/livox_ros_driver2:/home/sentry-nov/code/colcon_3/install/icp_relocalization:/home/sentry-nov/code/colcon_3/install/altitude_map:/home/sentry-nov/code/colcon_3/install/auto_start:/opt/ros/humble /usr/bin/cmake --build /home/sentry-nov/code/colcon_3/build/altitude_map -- -j12 -l12
[0.384s] DEBUG:colcon.colcon_core.event_handler.log_command:Invoking command in '/home/sentry-nov/code/colcon_3/build/path_planning': CMAKE_PREFIX_PATH=/home/sentry-nov/code/colcon_3/install/rm_interface:/home/sentry-nov/code/colcon_3/install/debug_tools:/home/sentry-nov/code/colcon_3/install/tilted_lidar:/home/sentry-nov/code/colcon_3/install/rviz_plugin:/home/sentry-nov/code/colcon_3/install/robot_decision_system:/home/sentry-nov/code/colcon_3/install/rm_serial:/home/sentry-nov/code/colcon_3/install/rm_decision:/home/sentry-nov/code/colcon_3/install/motion_planning:/home/sentry-nov/code/colcon_3/install/path_planning:/home/sentry-nov/code/colcon_3/install/ikd_tree_mapping:/home/sentry-nov/code/colcon_3/install/point_lio:/home/sentry-nov/code/colcon_3/install/m_detector:/home/sentry-nov/code/colcon_3/install/fast_lio:/home/sentry-nov/code/colcon_3/install/livox_ros_driver2:/home/sentry-nov/code/colcon_3/install/icp_relocalization:/home/sentry-nov/code/colcon_3/install/altitude_map:/home/sentry-nov/code/colcon_3/install/auto_start:/opt/ros/humble LD_LIBRARY_PATH=/home/sentry-nov/code/colcon_3/install/rm_interface/lib:/home/sentry-nov/code/colcon_3/install/robot_decision_system/lib:/home/sentry-nov/code/colcon_3/install/path_planning/lib:/home/sentry-nov/code/colcon_3/install/m_detector/lib:/home/sentry-nov/code/colcon_3/install/fast_lio/lib:/home/sentry-nov/code/colcon_3/install/livox_ros_driver2/lib:/home/sentry-nov/code/colcon_3/install/altitude_map/lib:/usr/local/lib:/opt/ros/humble/opt/rviz_ogre_vendor/lib:/opt/ros/humble/lib/x86_64-linux-gnu:/opt/ros/humble/lib /usr/bin/cmake --build /home/sentry-nov/code/colcon_3/build/path_planning -- -j12 -l12
[0.426s] DEBUG:colcon.colcon_core.event_handler.log_command:Invoked command in '/home/sentry-nov/code/colcon_3/build/auto_start' returned '0': CMAKE_PREFIX_PATH=${CMAKE_PREFIX_PATH}:/opt/ros/humble /usr/bin/cmake --build /home/sentry-nov/code/colcon_3/build/auto_start -- -j12 -l12
[0.442s] DEBUG:colcon.colcon_core.event_handler.log_command:Invoking command in '/home/sentry-nov/code/colcon_3/build/auto_start': CMAKE_PREFIX_PATH=${CMAKE_PREFIX_PATH}:/opt/ros/humble /usr/bin/cmake --install /home/sentry-nov/code/colcon_3/build/auto_start
[0.455s] Level 1:colcon.colcon_core.environment:create_environment_scripts_only(auto_start)
[0.456s] DEBUG:colcon.colcon_core.event_handler.log_command:Invoked command in '/home/sentry-nov/code/colcon_3/build/auto_start' returned '0': CMAKE_PREFIX_PATH=${CMAKE_PREFIX_PATH}:/opt/ros/humble /usr/bin/cmake --install /home/sentry-nov/code/colcon_3/build/auto_start
[0.458s] Level 1:colcon.colcon_core.environment:checking '/home/sentry-nov/code/colcon_3/install/auto_start' for CMake module files
[0.458s] Level 1:colcon.colcon_core.environment:checking '/home/sentry-nov/code/colcon_3/install/auto_start' for CMake config files
[0.458s] Level 1:colcon.colcon_core.shell:create_environment_hook('auto_start', 'cmake_prefix_path')
[0.459s] INFO:colcon.colcon_core.shell:Creating environment hook '/home/sentry-nov/code/colcon_3/install/auto_start/share/auto_start/hook/cmake_prefix_path.ps1'
[0.460s] INFO:colcon.colcon_core.shell:Creating environment descriptor '/home/sentry-nov/code/colcon_3/install/auto_start/share/auto_start/hook/cmake_prefix_path.dsv'
[0.460s] INFO:colcon.colcon_core.shell:Creating environment hook '/home/sentry-nov/code/colcon_3/install/auto_start/share/auto_start/hook/cmake_prefix_path.sh'
[0.462s] Level 1:colcon.colcon_core.environment:checking '/home/sentry-nov/code/colcon_3/install/auto_start/bin'
[0.463s] Level 1:colcon.colcon_core.environment:checking '/home/sentry-nov/code/colcon_3/install/auto_start/lib/pkgconfig/auto_start.pc'
[0.463s] Level 1:colcon.colcon_core.environment:checking '/home/sentry-nov/code/colcon_3/install/auto_start/lib/python3.10/site-packages'
[0.463s] Level 1:colcon.colcon_core.environment:checking '/home/sentry-nov/code/colcon_3/install/auto_start/bin'
[0.464s] INFO:colcon.colcon_core.shell:Creating package script '/home/sentry-nov/code/colcon_3/install/auto_start/share/auto_start/package.ps1'
[0.465s] INFO:colcon.colcon_core.shell:Creating package descriptor '/home/sentry-nov/code/colcon_3/install/auto_start/share/auto_start/package.dsv'
[0.466s] INFO:colcon.colcon_core.shell:Creating package script '/home/sentry-nov/code/colcon_3/install/auto_start/share/auto_start/package.sh'
[0.467s] INFO:colcon.colcon_core.shell:Creating package script '/home/sentry-nov/code/colcon_3/install/auto_start/share/auto_start/package.bash'
[0.469s] INFO:colcon.colcon_core.shell:Creating package script '/home/sentry-nov/code/colcon_3/install/auto_start/share/auto_start/package.zsh'
[0.470s] Level 1:colcon.colcon_core.environment:create_file_with_runtime_dependencies(/home/sentry-nov/code/colcon_3/install/auto_start/share/colcon-core/packages/auto_start)
[0.471s] Level 1:colcon.colcon_core.environment:create_environment_scripts_only(auto_start)
[0.471s] Level 1:colcon.colcon_core.environment:checking '/home/sentry-nov/code/colcon_3/install/auto_start' for CMake module files
[0.471s] Level 1:colcon.colcon_core.environment:checking '/home/sentry-nov/code/colcon_3/install/auto_start' for CMake config files
[0.471s] Level 1:colcon.colcon_core.shell:create_environment_hook('auto_start', 'cmake_prefix_path')
[0.472s] INFO:colcon.colcon_core.shell:Creating environment hook '/home/sentry-nov/code/colcon_3/install/auto_start/share/auto_start/hook/cmake_prefix_path.ps1'
[0.472s] INFO:colcon.colcon_core.shell:Creating environment descriptor '/home/sentry-nov/code/colcon_3/install/auto_start/share/auto_start/hook/cmake_prefix_path.dsv'
[0.473s] INFO:colcon.colcon_core.shell:Creating environment hook '/home/sentry-nov/code/colcon_3/install/auto_start/share/auto_start/hook/cmake_prefix_path.sh'
[0.473s] Level 1:colcon.colcon_core.environment:checking '/home/sentry-nov/code/colcon_3/install/auto_start/bin'
[0.473s] Level 1:colcon.colcon_core.environment:checking '/home/sentry-nov/code/colcon_3/install/auto_start/lib/pkgconfig/auto_start.pc'
[0.474s] Level 1:colcon.colcon_core.environment:checking '/home/sentry-nov/code/colcon_3/install/auto_start/lib/python3.10/site-packages'
[0.474s] Level 1:colcon.colcon_core.environment:checking '/home/sentry-nov/code/colcon_3/install/auto_start/bin'
[0.474s] INFO:colcon.colcon_core.shell:Creating package script '/home/sentry-nov/code/colcon_3/install/auto_start/share/auto_start/package.ps1'
[0.475s] INFO:colcon.colcon_core.shell:Creating package descriptor '/home/sentry-nov/code/colcon_3/install/auto_start/share/auto_start/package.dsv'
[0.475s] INFO:colcon.colcon_core.shell:Creating package script '/home/sentry-nov/code/colcon_3/install/auto_start/share/auto_start/package.sh'
[0.476s] INFO:colcon.colcon_core.shell:Creating package script '/home/sentry-nov/code/colcon_3/install/auto_start/share/auto_start/package.bash'
[0.477s] INFO:colcon.colcon_core.shell:Creating package script '/home/sentry-nov/code/colcon_3/install/auto_start/share/auto_start/package.zsh'
[0.478s] Level 1:colcon.colcon_core.environment:create_file_with_runtime_dependencies(/home/sentry-nov/code/colcon_3/install/auto_start/share/colcon-core/packages/auto_start)
[0.539s] DEBUG:colcon.colcon_core.event_handler.log_command:Invoked command in '/home/sentry-nov/code/colcon_3/build/altitude_map' returned '0': CMAKE_PREFIX_PATH=/home/sentry-nov/code/colcon_3/install/debug_tools:/home/sentry-nov/code/colcon_3/install/tilted_lidar:/home/sentry-nov/code/colcon_3/install/rviz_plugin:/home/sentry-nov/code/colcon_3/install/robot_decision_system:/home/sentry-nov/code/colcon_3/install/rm_serial:/home/sentry-nov/code/colcon_3/install/rm_decision:/home/sentry-nov/code/colcon_3/install/motion_planning:/home/sentry-nov/code/colcon_3/install/path_planning:/home/sentry-nov/code/colcon_3/install/ikd_tree_mapping:/home/sentry-nov/code/colcon_3/install/rm_interface:/home/sentry-nov/code/colcon_3/install/point_lio:/home/sentry-nov/code/colcon_3/install/m_detector:/home/sentry-nov/code/colcon_3/install/fast_lio:/home/sentry-nov/code/colcon_3/install/livox_ros_driver2:/home/sentry-nov/code/colcon_3/install/icp_relocalization:/home/sentry-nov/code/colcon_3/install/altitude_map:/home/sentry-nov/code/colcon_3/install/auto_start:/opt/ros/humble /usr/bin/cmake --build /home/sentry-nov/code/colcon_3/build/altitude_map -- -j12 -l12
[0.541s] DEBUG:colcon.colcon_core.event_handler.log_command:Invoking command in '/home/sentry-nov/code/colcon_3/build/altitude_map': CMAKE_PREFIX_PATH=/home/sentry-nov/code/colcon_3/install/debug_tools:/home/sentry-nov/code/colcon_3/install/tilted_lidar:/home/sentry-nov/code/colcon_3/install/rviz_plugin:/home/sentry-nov/code/colcon_3/install/robot_decision_system:/home/sentry-nov/code/colcon_3/install/rm_serial:/home/sentry-nov/code/colcon_3/install/rm_decision:/home/sentry-nov/code/colcon_3/install/motion_planning:/home/sentry-nov/code/colcon_3/install/path_planning:/home/sentry-nov/code/colcon_3/install/ikd_tree_mapping:/home/sentry-nov/code/colcon_3/install/rm_interface:/home/sentry-nov/code/colcon_3/install/point_lio:/home/sentry-nov/code/colcon_3/install/m_detector:/home/sentry-nov/code/colcon_3/install/fast_lio:/home/sentry-nov/code/colcon_3/install/livox_ros_driver2:/home/sentry-nov/code/colcon_3/install/icp_relocalization:/home/sentry-nov/code/colcon_3/install/altitude_map:/home/sentry-nov/code/colcon_3/install/auto_start:/opt/ros/humble /usr/bin/cmake --install /home/sentry-nov/code/colcon_3/build/altitude_map
[0.557s] Level 1:colcon.colcon_core.environment:create_environment_scripts_only(altitude_map)
[0.558s] Level 1:colcon.colcon_core.environment:checking '/home/sentry-nov/code/colcon_3/install/altitude_map' for CMake module files
[0.559s] DEBUG:colcon.colcon_core.event_handler.log_command:Invoked command in '/home/sentry-nov/code/colcon_3/build/altitude_map' returned '0': CMAKE_PREFIX_PATH=/home/sentry-nov/code/colcon_3/install/debug_tools:/home/sentry-nov/code/colcon_3/install/tilted_lidar:/home/sentry-nov/code/colcon_3/install/rviz_plugin:/home/sentry-nov/code/colcon_3/install/robot_decision_system:/home/sentry-nov/code/colcon_3/install/rm_serial:/home/sentry-nov/code/colcon_3/install/rm_decision:/home/sentry-nov/code/colcon_3/install/motion_planning:/home/sentry-nov/code/colcon_3/install/path_planning:/home/sentry-nov/code/colcon_3/install/ikd_tree_mapping:/home/sentry-nov/code/colcon_3/install/rm_interface:/home/sentry-nov/code/colcon_3/install/point_lio:/home/sentry-nov/code/colcon_3/install/m_detector:/home/sentry-nov/code/colcon_3/install/fast_lio:/home/sentry-nov/code/colcon_3/install/livox_ros_driver2:/home/sentry-nov/code/colcon_3/install/icp_relocalization:/home/sentry-nov/code/colcon_3/install/altitude_map:/home/sentry-nov/code/colcon_3/install/auto_start:/opt/ros/humble /usr/bin/cmake --install /home/sentry-nov/code/colcon_3/build/altitude_map
[0.559s] Level 1:colcon.colcon_core.environment:checking '/home/sentry-nov/code/colcon_3/install/altitude_map' for CMake config files
[0.559s] Level 1:colcon.colcon_core.shell:create_environment_hook('altitude_map', 'cmake_prefix_path')
[0.560s] INFO:colcon.colcon_core.shell:Creating environment hook '/home/sentry-nov/code/colcon_3/install/altitude_map/share/altitude_map/hook/cmake_prefix_path.ps1'
[0.561s] INFO:colcon.colcon_core.shell:Creating environment descriptor '/home/sentry-nov/code/colcon_3/install/altitude_map/share/altitude_map/hook/cmake_prefix_path.dsv'
[0.561s] INFO:colcon.colcon_core.shell:Creating environment hook '/home/sentry-nov/code/colcon_3/install/altitude_map/share/altitude_map/hook/cmake_prefix_path.sh'
[0.562s] Level 1:colcon.colcon_core.environment:checking '/home/sentry-nov/code/colcon_3/install/altitude_map/lib'
[0.562s] Level 1:colcon.colcon_core.shell:create_environment_hook('altitude_map', 'ld_library_path_lib')
[0.563s] INFO:colcon.colcon_core.shell:Creating environment hook '/home/sentry-nov/code/colcon_3/install/altitude_map/share/altitude_map/hook/ld_library_path_lib.ps1'
[0.563s] INFO:colcon.colcon_core.shell:Creating environment descriptor '/home/sentry-nov/code/colcon_3/install/altitude_map/share/altitude_map/hook/ld_library_path_lib.dsv'
[0.563s] INFO:colcon.colcon_core.shell:Creating environment hook '/home/sentry-nov/code/colcon_3/install/altitude_map/share/altitude_map/hook/ld_library_path_lib.sh'
[0.564s] Level 1:colcon.colcon_core.environment:checking '/home/sentry-nov/code/colcon_3/install/altitude_map/bin'
[0.564s] Level 1:colcon.colcon_core.environment:checking '/home/sentry-nov/code/colcon_3/install/altitude_map/lib/pkgconfig/altitude_map.pc'
[0.564s] Level 1:colcon.colcon_core.environment:checking '/home/sentry-nov/code/colcon_3/install/altitude_map/lib/python3.10/site-packages'
[0.564s] Level 1:colcon.colcon_core.environment:checking '/home/sentry-nov/code/colcon_3/install/altitude_map/bin'
[0.565s] INFO:colcon.colcon_core.shell:Creating package script '/home/sentry-nov/code/colcon_3/install/altitude_map/share/altitude_map/package.ps1'
[0.565s] INFO:colcon.colcon_core.shell:Creating package descriptor '/home/sentry-nov/code/colcon_3/install/altitude_map/share/altitude_map/package.dsv'
[0.566s] INFO:colcon.colcon_core.shell:Creating package script '/home/sentry-nov/code/colcon_3/install/altitude_map/share/altitude_map/package.sh'
[0.566s] INFO:colcon.colcon_core.shell:Creating package script '/home/sentry-nov/code/colcon_3/install/altitude_map/share/altitude_map/package.bash'
[0.567s] INFO:colcon.colcon_core.shell:Creating package script '/home/sentry-nov/code/colcon_3/install/altitude_map/share/altitude_map/package.zsh'
[0.567s] Level 1:colcon.colcon_core.environment:create_file_with_runtime_dependencies(/home/sentry-nov/code/colcon_3/install/altitude_map/share/colcon-core/packages/altitude_map)
[0.567s] Level 1:colcon.colcon_core.environment:create_environment_scripts_only(altitude_map)
[0.568s] Level 1:colcon.colcon_core.environment:checking '/home/sentry-nov/code/colcon_3/install/altitude_map' for CMake module files
[0.568s] Level 1:colcon.colcon_core.environment:checking '/home/sentry-nov/code/colcon_3/install/altitude_map' for CMake config files
[0.568s] Level 1:colcon.colcon_core.shell:create_environment_hook('altitude_map', 'cmake_prefix_path')
[0.568s] INFO:colcon.colcon_core.shell:Creating environment hook '/home/sentry-nov/code/colcon_3/install/altitude_map/share/altitude_map/hook/cmake_prefix_path.ps1'
[0.569s] INFO:colcon.colcon_core.shell:Creating environment descriptor '/home/sentry-nov/code/colcon_3/install/altitude_map/share/altitude_map/hook/cmake_prefix_path.dsv'
[0.569s] INFO:colcon.colcon_core.shell:Creating environment hook '/home/sentry-nov/code/colcon_3/install/altitude_map/share/altitude_map/hook/cmake_prefix_path.sh'
[0.570s] Level 1:colcon.colcon_core.environment:checking '/home/sentry-nov/code/colcon_3/install/altitude_map/lib'
[0.570s] Level 1:colcon.colcon_core.shell:create_environment_hook('altitude_map', 'ld_library_path_lib')
[0.570s] INFO:colcon.colcon_core.shell:Creating environment hook '/home/sentry-nov/code/colcon_3/install/altitude_map/share/altitude_map/hook/ld_library_path_lib.ps1'
[0.571s] INFO:colcon.colcon_core.shell:Creating environment descriptor '/home/sentry-nov/code/colcon_3/install/altitude_map/share/altitude_map/hook/ld_library_path_lib.dsv'
[0.572s] INFO:colcon.colcon_core.shell:Creating environment hook '/home/sentry-nov/code/colcon_3/install/altitude_map/share/altitude_map/hook/ld_library_path_lib.sh'
[0.572s] Level 1:colcon.colcon_core.environment:checking '/home/sentry-nov/code/colcon_3/install/altitude_map/bin'
[0.572s] Level 1:colcon.colcon_core.environment:checking '/home/sentry-nov/code/colcon_3/install/altitude_map/lib/pkgconfig/altitude_map.pc'
[0.572s] Level 1:colcon.colcon_core.environment:checking '/home/sentry-nov/code/colcon_3/install/altitude_map/lib/python3.10/site-packages'
[0.573s] Level 1:colcon.colcon_core.environment:checking '/home/sentry-nov/code/colcon_3/install/altitude_map/bin'
[0.573s] INFO:colcon.colcon_core.shell:Creating package script '/home/sentry-nov/code/colcon_3/install/altitude_map/share/altitude_map/package.ps1'
[0.574s] INFO:colcon.colcon_core.shell:Creating package descriptor '/home/sentry-nov/code/colcon_3/install/altitude_map/share/altitude_map/package.dsv'
[0.574s] INFO:colcon.colcon_core.shell:Creating package script '/home/sentry-nov/code/colcon_3/install/altitude_map/share/altitude_map/package.sh'
[0.574s] INFO:colcon.colcon_core.shell:Creating package script '/home/sentry-nov/code/colcon_3/install/altitude_map/share/altitude_map/package.bash'
[0.575s] INFO:colcon.colcon_core.shell:Creating package script '/home/sentry-nov/code/colcon_3/install/altitude_map/share/altitude_map/package.zsh'
[0.575s] Level 1:colcon.colcon_core.environment:create_file_with_runtime_dependencies(/home/sentry-nov/code/colcon_3/install/altitude_map/share/colcon-core/packages/altitude_map)
[29.347s] DEBUG:colcon.colcon_core.event_handler.log_command:Invoked command in '/home/sentry-nov/code/colcon_3/build/path_planning' returned '0': CMAKE_PREFIX_PATH=/home/sentry-nov/code/colcon_3/install/rm_interface:/home/sentry-nov/code/colcon_3/install/debug_tools:/home/sentry-nov/code/colcon_3/install/tilted_lidar:/home/sentry-nov/code/colcon_3/install/rviz_plugin:/home/sentry-nov/code/colcon_3/install/robot_decision_system:/home/sentry-nov/code/colcon_3/install/rm_serial:/home/sentry-nov/code/colcon_3/install/rm_decision:/home/sentry-nov/code/colcon_3/install/motion_planning:/home/sentry-nov/code/colcon_3/install/path_planning:/home/sentry-nov/code/colcon_3/install/ikd_tree_mapping:/home/sentry-nov/code/colcon_3/install/point_lio:/home/sentry-nov/code/colcon_3/install/m_detector:/home/sentry-nov/code/colcon_3/install/fast_lio:/home/sentry-nov/code/colcon_3/install/livox_ros_driver2:/home/sentry-nov/code/colcon_3/install/icp_relocalization:/home/sentry-nov/code/colcon_3/install/altitude_map:/home/sentry-nov/code/colcon_3/install/auto_start:/opt/ros/humble LD_LIBRARY_PATH=/home/sentry-nov/code/colcon_3/install/rm_interface/lib:/home/sentry-nov/code/colcon_3/install/robot_decision_system/lib:/home/sentry-nov/code/colcon_3/install/path_planning/lib:/home/sentry-nov/code/colcon_3/install/m_detector/lib:/home/sentry-nov/code/colcon_3/install/fast_lio/lib:/home/sentry-nov/code/colcon_3/install/livox_ros_driver2/lib:/home/sentry-nov/code/colcon_3/install/altitude_map/lib:/usr/local/lib:/opt/ros/humble/opt/rviz_ogre_vendor/lib:/opt/ros/humble/lib/x86_64-linux-gnu:/opt/ros/humble/lib /usr/bin/cmake --build /home/sentry-nov/code/colcon_3/build/path_planning -- -j12 -l12
[29.349s] DEBUG:colcon.colcon_core.event_handler.log_command:Invoking command in '/home/sentry-nov/code/colcon_3/build/path_planning': CMAKE_PREFIX_PATH=/home/sentry-nov/code/colcon_3/install/rm_interface:/home/sentry-nov/code/colcon_3/install/debug_tools:/home/sentry-nov/code/colcon_3/install/tilted_lidar:/home/sentry-nov/code/colcon_3/install/rviz_plugin:/home/sentry-nov/code/colcon_3/install/robot_decision_system:/home/sentry-nov/code/colcon_3/install/rm_serial:/home/sentry-nov/code/colcon_3/install/rm_decision:/home/sentry-nov/code/colcon_3/install/motion_planning:/home/sentry-nov/code/colcon_3/install/path_planning:/home/sentry-nov/code/colcon_3/install/ikd_tree_mapping:/home/sentry-nov/code/colcon_3/install/point_lio:/home/sentry-nov/code/colcon_3/install/m_detector:/home/sentry-nov/code/colcon_3/install/fast_lio:/home/sentry-nov/code/colcon_3/install/livox_ros_driver2:/home/sentry-nov/code/colcon_3/install/icp_relocalization:/home/sentry-nov/code/colcon_3/install/altitude_map:/home/sentry-nov/code/colcon_3/install/auto_start:/opt/ros/humble LD_LIBRARY_PATH=/home/sentry-nov/code/colcon_3/install/rm_interface/lib:/home/sentry-nov/code/colcon_3/install/robot_decision_system/lib:/home/sentry-nov/code/colcon_3/install/path_planning/lib:/home/sentry-nov/code/colcon_3/install/m_detector/lib:/home/sentry-nov/code/colcon_3/install/fast_lio/lib:/home/sentry-nov/code/colcon_3/install/livox_ros_driver2/lib:/home/sentry-nov/code/colcon_3/install/altitude_map/lib:/usr/local/lib:/opt/ros/humble/opt/rviz_ogre_vendor/lib:/opt/ros/humble/lib/x86_64-linux-gnu:/opt/ros/humble/lib /usr/bin/cmake --install /home/sentry-nov/code/colcon_3/build/path_planning
[29.368s] Level 1:colcon.colcon_core.environment:create_environment_scripts_only(path_planning)
[29.369s] Level 1:colcon.colcon_core.environment:checking '/home/sentry-nov/code/colcon_3/install/path_planning' for CMake module files
[29.369s] DEBUG:colcon.colcon_core.event_handler.log_command:Invoked command in '/home/sentry-nov/code/colcon_3/build/path_planning' returned '0': CMAKE_PREFIX_PATH=/home/sentry-nov/code/colcon_3/install/rm_interface:/home/sentry-nov/code/colcon_3/install/debug_tools:/home/sentry-nov/code/colcon_3/install/tilted_lidar:/home/sentry-nov/code/colcon_3/install/rviz_plugin:/home/sentry-nov/code/colcon_3/install/robot_decision_system:/home/sentry-nov/code/colcon_3/install/rm_serial:/home/sentry-nov/code/colcon_3/install/rm_decision:/home/sentry-nov/code/colcon_3/install/motion_planning:/home/sentry-nov/code/colcon_3/install/path_planning:/home/sentry-nov/code/colcon_3/install/ikd_tree_mapping:/home/sentry-nov/code/colcon_3/install/point_lio:/home/sentry-nov/code/colcon_3/install/m_detector:/home/sentry-nov/code/colcon_3/install/fast_lio:/home/sentry-nov/code/colcon_3/install/livox_ros_driver2:/home/sentry-nov/code/colcon_3/install/icp_relocalization:/home/sentry-nov/code/colcon_3/install/altitude_map:/home/sentry-nov/code/colcon_3/install/auto_start:/opt/ros/humble LD_LIBRARY_PATH=/home/sentry-nov/code/colcon_3/install/rm_interface/lib:/home/sentry-nov/code/colcon_3/install/robot_decision_system/lib:/home/sentry-nov/code/colcon_3/install/path_planning/lib:/home/sentry-nov/code/colcon_3/install/m_detector/lib:/home/sentry-nov/code/colcon_3/install/fast_lio/lib:/home/sentry-nov/code/colcon_3/install/livox_ros_driver2/lib:/home/sentry-nov/code/colcon_3/install/altitude_map/lib:/usr/local/lib:/opt/ros/humble/opt/rviz_ogre_vendor/lib:/opt/ros/humble/lib/x86_64-linux-gnu:/opt/ros/humble/lib /usr/bin/cmake --install /home/sentry-nov/code/colcon_3/build/path_planning
[29.370s] Level 1:colcon.colcon_core.environment:checking '/home/sentry-nov/code/colcon_3/install/path_planning' for CMake config files
[29.370s] Level 1:colcon.colcon_core.shell:create_environment_hook('path_planning', 'cmake_prefix_path')
[29.370s] INFO:colcon.colcon_core.shell:Creating environment hook '/home/sentry-nov/code/colcon_3/install/path_planning/share/path_planning/hook/cmake_prefix_path.ps1'
[29.371s] INFO:colcon.colcon_core.shell:Creating environment descriptor '/home/sentry-nov/code/colcon_3/install/path_planning/share/path_planning/hook/cmake_prefix_path.dsv'
[29.371s] INFO:colcon.colcon_core.shell:Creating environment hook '/home/sentry-nov/code/colcon_3/install/path_planning/share/path_planning/hook/cmake_prefix_path.sh'
[29.372s] Level 1:colcon.colcon_core.environment:checking '/home/sentry-nov/code/colcon_3/install/path_planning/lib'
[29.372s] Level 1:colcon.colcon_core.shell:create_environment_hook('path_planning', 'ld_library_path_lib')
[29.373s] INFO:colcon.colcon_core.shell:Creating environment hook '/home/sentry-nov/code/colcon_3/install/path_planning/share/path_planning/hook/ld_library_path_lib.ps1'
[29.374s] INFO:colcon.colcon_core.shell:Creating environment descriptor '/home/sentry-nov/code/colcon_3/install/path_planning/share/path_planning/hook/ld_library_path_lib.dsv'
[29.374s] INFO:colcon.colcon_core.shell:Creating environment hook '/home/sentry-nov/code/colcon_3/install/path_planning/share/path_planning/hook/ld_library_path_lib.sh'
[29.375s] Level 1:colcon.colcon_core.environment:checking '/home/sentry-nov/code/colcon_3/install/path_planning/bin'
[29.375s] Level 1:colcon.colcon_core.environment:checking '/home/sentry-nov/code/colcon_3/install/path_planning/lib/pkgconfig/path_planning.pc'
[29.375s] Level 1:colcon.colcon_core.environment:checking '/home/sentry-nov/code/colcon_3/install/path_planning/lib/python3.10/site-packages'
[29.375s] Level 1:colcon.colcon_core.environment:checking '/home/sentry-nov/code/colcon_3/install/path_planning/bin'
[29.376s] INFO:colcon.colcon_core.shell:Creating package script '/home/sentry-nov/code/colcon_3/install/path_planning/share/path_planning/package.ps1'
[29.376s] INFO:colcon.colcon_core.shell:Creating package descriptor '/home/sentry-nov/code/colcon_3/install/path_planning/share/path_planning/package.dsv'
[29.377s] INFO:colcon.colcon_core.shell:Creating package script '/home/sentry-nov/code/colcon_3/install/path_planning/share/path_planning/package.sh'
[29.377s] INFO:colcon.colcon_core.shell:Creating package script '/home/sentry-nov/code/colcon_3/install/path_planning/share/path_planning/package.bash'
[29.378s] INFO:colcon.colcon_core.shell:Creating package script '/home/sentry-nov/code/colcon_3/install/path_planning/share/path_planning/package.zsh'
[29.378s] Level 1:colcon.colcon_core.environment:create_file_with_runtime_dependencies(/home/sentry-nov/code/colcon_3/install/path_planning/share/colcon-core/packages/path_planning)
[29.379s] Level 1:colcon.colcon_core.environment:create_environment_scripts_only(path_planning)
[29.379s] Level 1:colcon.colcon_core.environment:checking '/home/sentry-nov/code/colcon_3/install/path_planning' for CMake module files
[29.379s] Level 1:colcon.colcon_core.environment:checking '/home/sentry-nov/code/colcon_3/install/path_planning' for CMake config files
[29.380s] Level 1:colcon.colcon_core.shell:create_environment_hook('path_planning', 'cmake_prefix_path')
[29.380s] INFO:colcon.colcon_core.shell:Creating environment hook '/home/sentry-nov/code/colcon_3/install/path_planning/share/path_planning/hook/cmake_prefix_path.ps1'
[29.380s] INFO:colcon.colcon_core.shell:Creating environment descriptor '/home/sentry-nov/code/colcon_3/install/path_planning/share/path_planning/hook/cmake_prefix_path.dsv'
[29.381s] INFO:colcon.colcon_core.shell:Creating environment hook '/home/sentry-nov/code/colcon_3/install/path_planning/share/path_planning/hook/cmake_prefix_path.sh'
[29.381s] Level 1:colcon.colcon_core.environment:checking '/home/sentry-nov/code/colcon_3/install/path_planning/lib'
[29.381s] Level 1:colcon.colcon_core.shell:create_environment_hook('path_planning', 'ld_library_path_lib')
[29.382s] INFO:colcon.colcon_core.shell:Creating environment hook '/home/sentry-nov/code/colcon_3/install/path_planning/share/path_planning/hook/ld_library_path_lib.ps1'
[29.382s] INFO:colcon.colcon_core.shell:Creating environment descriptor '/home/sentry-nov/code/colcon_3/install/path_planning/share/path_planning/hook/ld_library_path_lib.dsv'
[29.382s] INFO:colcon.colcon_core.shell:Creating environment hook '/home/sentry-nov/code/colcon_3/install/path_planning/share/path_planning/hook/ld_library_path_lib.sh'
[29.383s] Level 1:colcon.colcon_core.environment:checking '/home/sentry-nov/code/colcon_3/install/path_planning/bin'
[29.383s] Level 1:colcon.colcon_core.environment:checking '/home/sentry-nov/code/colcon_3/install/path_planning/lib/pkgconfig/path_planning.pc'
[29.383s] Level 1:colcon.colcon_core.environment:checking '/home/sentry-nov/code/colcon_3/install/path_planning/lib/python3.10/site-packages'
[29.383s] Level 1:colcon.colcon_core.environment:checking '/home/sentry-nov/code/colcon_3/install/path_planning/bin'
[29.383s] INFO:colcon.colcon_core.shell:Creating package script '/home/sentry-nov/code/colcon_3/install/path_planning/share/path_planning/package.ps1'
[29.384s] INFO:colcon.colcon_core.shell:Creating package descriptor '/home/sentry-nov/code/colcon_3/install/path_planning/share/path_planning/package.dsv'
[29.385s] INFO:colcon.colcon_core.shell:Creating package script '/home/sentry-nov/code/colcon_3/install/path_planning/share/path_planning/package.sh'
[29.385s] INFO:colcon.colcon_core.shell:Creating package script '/home/sentry-nov/code/colcon_3/install/path_planning/share/path_planning/package.bash'
[29.386s] INFO:colcon.colcon_core.shell:Creating package script '/home/sentry-nov/code/colcon_3/install/path_planning/share/path_planning/package.zsh'
[29.386s] Level 1:colcon.colcon_core.environment:create_file_with_runtime_dependencies(/home/sentry-nov/code/colcon_3/install/path_planning/share/colcon-core/packages/path_planning)
[29.386s] DEBUG:colcon.colcon_parallel_executor.executor.parallel:closing loop
[29.387s] DEBUG:colcon.colcon_parallel_executor.executor.parallel:loop closed
[29.387s] DEBUG:colcon.colcon_parallel_executor.executor.parallel:run_until_complete finished with '0'
[29.387s] DEBUG:colcon.colcon_core.event_reactor:joining thread
[29.394s] INFO:colcon.colcon_core.plugin_system:Skipping extension 'colcon_notification.desktop_notification.terminal_notifier': Not used on non-Darwin systems
[29.394s] INFO:colcon.colcon_core.plugin_system:Skipping extension 'colcon_notification.desktop_notification.win32': Not used on non-Windows systems
[29.394s] INFO:colcon.colcon_notification.desktop_notification:Sending desktop notification using 'notify2'
[29.407s] DEBUG:colcon.colcon_core.event_reactor:joined thread
[29.408s] INFO:colcon.colcon_core.shell:Creating prefix script '/home/sentry-nov/code/colcon_3/install/local_setup.ps1'
[29.409s] INFO:colcon.colcon_core.shell:Creating prefix util module '/home/sentry-nov/code/colcon_3/install/_local_setup_util_ps1.py'
[29.411s] INFO:colcon.colcon_core.shell:Creating prefix chain script '/home/sentry-nov/code/colcon_3/install/setup.ps1'
[29.412s] INFO:colcon.colcon_core.shell:Creating prefix script '/home/sentry-nov/code/colcon_3/install/local_setup.sh'
[29.413s] INFO:colcon.colcon_core.shell:Creating prefix util module '/home/sentry-nov/code/colcon_3/install/_local_setup_util_sh.py'
[29.414s] INFO:colcon.colcon_core.shell:Creating prefix chain script '/home/sentry-nov/code/colcon_3/install/setup.sh'
[29.416s] INFO:colcon.colcon_core.shell:Creating prefix script '/home/sentry-nov/code/colcon_3/install/local_setup.bash'
[29.417s] INFO:colcon.colcon_core.shell:Creating prefix chain script '/home/sentry-nov/code/colcon_3/install/setup.bash'
[29.419s] INFO:colcon.colcon_core.shell:Creating prefix script '/home/sentry-nov/code/colcon_3/install/local_setup.zsh'
[29.419s] INFO:colcon.colcon_core.shell:Creating prefix chain script '/home/sentry-nov/code/colcon_3/install/setup.zsh'
