[0.043s] Invoking command in '/home/sentry-nov/code/colcon_3/build/path_motion_planning': CMAKE_PREFIX_PATH=/home/sentry-nov/code/colcon_3/install/rm_interface:/home/sentry-nov/code/colcon_3/install/debug_tools:/home/sentry-nov/code/colcon_3/install/tilted_lidar:/home/sentry-nov/code/colcon_3/install/rviz_plugin:/home/sentry-nov/code/colcon_3/install/robot_decision_system:/home/sentry-nov/code/colcon_3/install/rm_serial:/home/sentry-nov/code/colcon_3/install/rm_decision_system:/home/sentry-nov/code/colcon_3/install/rm_decision:/home/sentry-nov/code/colcon_3/install/motion_planning:/home/sentry-nov/code/colcon_3/install/path_planning:/home/sentry-nov/code/colcon_3/install/path_motion_planning:/home/sentry-nov/code/colcon_3/install/ikd_tree_mapping:/home/sentry-nov/code/colcon_3/install/point_lio:/home/sentry-nov/code/colcon_3/install/m_detector:/home/sentry-nov/code/colcon_3/install/fast_lio:/home/sentry-nov/code/colcon_3/install/livox_ros_driver2:/home/sentry-nov/code/colcon_3/install/icp_relocalization:/home/sentry-nov/code/colcon_3/install/altitude_map:/home/sentry-nov/code/colcon_3/install/auto_start:/opt/ros/humble LD_LIBRARY_PATH=/home/sentry-nov/code/colcon_3/install/rm_interface/lib:/home/sentry-nov/code/colcon_3/install/robot_decision_system/lib:/home/sentry-nov/code/colcon_3/install/rm_decision_system/lib:/home/sentry-nov/code/colcon_3/install/path_planning/lib:/home/sentry-nov/code/colcon_3/install/path_motion_planning/lib:/home/sentry-nov/code/colcon_3/install/m_detector/lib:/home/sentry-nov/code/colcon_3/install/fast_lio/lib:/home/sentry-nov/code/colcon_3/install/livox_ros_driver2/lib:/home/sentry-nov/code/colcon_3/install/altitude_map/lib:/usr/local/lib:/opt/ros/humble/opt/rviz_ogre_vendor/lib:/opt/ros/humble/lib/x86_64-linux-gnu:/opt/ros/humble/lib /usr/bin/cmake --build /home/sentry-nov/code/colcon_3/build/path_motion_planning -- -j12 -l12
[0.194s] [35m[1mConsolidate compiler generated dependencies of target path_motion_planning[0m
[0.201s] [  9%] Built target test_based_node
[0.205s] [ 19%] Built target test_virtual_speed_node
[0.285s] gmake[2]: Warning: File '/home/sentry-nov/code/colcon_3/src/navigation/path_motion_planning/src/nav_core/nav_global.cpp' has modification time 11622 s in the future
[0.299s] [ 23%] [32mBuilding CXX object CMakeFiles/path_motion_planning.dir/src/nav_core/nav_global.cpp.o[0m
[5.400s] [ 28%] [32m[1mLinking CXX shared library libpath_motion_planning.so[0m
[6.465s] gmake[2]: warning: Clock skew detected. Your build may be incomplete.
[6.479s] [ 71%] Built target path_motion_planning
[6.514s] [35m[1mConsolidate compiler generated dependencies of target nav_global_ros_node[0m
[6.539s] [ 80%] [32m[1mLinking CXX executable nav_local_ros_node[0m
[6.539s] [ 80%] [32mBuilding CXX object CMakeFiles/nav_gl_ros_node.dir/src/nav_core/nav_gl_ros.cpp.o[0m
[6.554s] gmake[2]: Warning: File '/home/sentry-nov/code/colcon_3/src/navigation/path_motion_planning/src/nav_core/nav_global_ros.cpp' has modification time 10196 s in the future
[6.574s] [ 85%] [32mBuilding CXX object CMakeFiles/nav_global_ros_node.dir/src/nav_core/nav_global_ros.cpp.o[0m
[8.198s] [ 90%] Built target nav_local_ros_node
[25.452s] [ 95%] [32m[1mLinking CXX executable nav_global_ros_node[0m
[26.378s] gmake[2]: warning: Clock skew detected. Your build may be incomplete.
[26.390s] [ 95%] Built target nav_global_ros_node
[41.449s] [100%] [32m[1mLinking CXX executable nav_gl_ros_node[0m
[42.592s] [100%] Built target nav_gl_ros_node
[42.610s] Invoked command in '/home/sentry-nov/code/colcon_3/build/path_motion_planning' returned '0': CMAKE_PREFIX_PATH=/home/sentry-nov/code/colcon_3/install/rm_interface:/home/sentry-nov/code/colcon_3/install/debug_tools:/home/sentry-nov/code/colcon_3/install/tilted_lidar:/home/sentry-nov/code/colcon_3/install/rviz_plugin:/home/sentry-nov/code/colcon_3/install/robot_decision_system:/home/sentry-nov/code/colcon_3/install/rm_serial:/home/sentry-nov/code/colcon_3/install/rm_decision_system:/home/sentry-nov/code/colcon_3/install/rm_decision:/home/sentry-nov/code/colcon_3/install/motion_planning:/home/sentry-nov/code/colcon_3/install/path_planning:/home/sentry-nov/code/colcon_3/install/path_motion_planning:/home/sentry-nov/code/colcon_3/install/ikd_tree_mapping:/home/sentry-nov/code/colcon_3/install/point_lio:/home/sentry-nov/code/colcon_3/install/m_detector:/home/sentry-nov/code/colcon_3/install/fast_lio:/home/sentry-nov/code/colcon_3/install/livox_ros_driver2:/home/sentry-nov/code/colcon_3/install/icp_relocalization:/home/sentry-nov/code/colcon_3/install/altitude_map:/home/sentry-nov/code/colcon_3/install/auto_start:/opt/ros/humble LD_LIBRARY_PATH=/home/sentry-nov/code/colcon_3/install/rm_interface/lib:/home/sentry-nov/code/colcon_3/install/robot_decision_system/lib:/home/sentry-nov/code/colcon_3/install/rm_decision_system/lib:/home/sentry-nov/code/colcon_3/install/path_planning/lib:/home/sentry-nov/code/colcon_3/install/path_motion_planning/lib:/home/sentry-nov/code/colcon_3/install/m_detector/lib:/home/sentry-nov/code/colcon_3/install/fast_lio/lib:/home/sentry-nov/code/colcon_3/install/livox_ros_driver2/lib:/home/sentry-nov/code/colcon_3/install/altitude_map/lib:/usr/local/lib:/opt/ros/humble/opt/rviz_ogre_vendor/lib:/opt/ros/humble/lib/x86_64-linux-gnu:/opt/ros/humble/lib /usr/bin/cmake --build /home/sentry-nov/code/colcon_3/build/path_motion_planning -- -j12 -l12
[42.613s] Invoking command in '/home/sentry-nov/code/colcon_3/build/path_motion_planning': CMAKE_PREFIX_PATH=/home/sentry-nov/code/colcon_3/install/rm_interface:/home/sentry-nov/code/colcon_3/install/debug_tools:/home/sentry-nov/code/colcon_3/install/tilted_lidar:/home/sentry-nov/code/colcon_3/install/rviz_plugin:/home/sentry-nov/code/colcon_3/install/robot_decision_system:/home/sentry-nov/code/colcon_3/install/rm_serial:/home/sentry-nov/code/colcon_3/install/rm_decision_system:/home/sentry-nov/code/colcon_3/install/rm_decision:/home/sentry-nov/code/colcon_3/install/motion_planning:/home/sentry-nov/code/colcon_3/install/path_planning:/home/sentry-nov/code/colcon_3/install/path_motion_planning:/home/sentry-nov/code/colcon_3/install/ikd_tree_mapping:/home/sentry-nov/code/colcon_3/install/point_lio:/home/sentry-nov/code/colcon_3/install/m_detector:/home/sentry-nov/code/colcon_3/install/fast_lio:/home/sentry-nov/code/colcon_3/install/livox_ros_driver2:/home/sentry-nov/code/colcon_3/install/icp_relocalization:/home/sentry-nov/code/colcon_3/install/altitude_map:/home/sentry-nov/code/colcon_3/install/auto_start:/opt/ros/humble LD_LIBRARY_PATH=/home/sentry-nov/code/colcon_3/install/rm_interface/lib:/home/sentry-nov/code/colcon_3/install/robot_decision_system/lib:/home/sentry-nov/code/colcon_3/install/rm_decision_system/lib:/home/sentry-nov/code/colcon_3/install/path_planning/lib:/home/sentry-nov/code/colcon_3/install/path_motion_planning/lib:/home/sentry-nov/code/colcon_3/install/m_detector/lib:/home/sentry-nov/code/colcon_3/install/fast_lio/lib:/home/sentry-nov/code/colcon_3/install/livox_ros_driver2/lib:/home/sentry-nov/code/colcon_3/install/altitude_map/lib:/usr/local/lib:/opt/ros/humble/opt/rviz_ogre_vendor/lib:/opt/ros/humble/lib/x86_64-linux-gnu:/opt/ros/humble/lib /usr/bin/cmake --install /home/sentry-nov/code/colcon_3/build/path_motion_planning
[42.623s] -- Install configuration: "Release"
[42.624s] -- Installing: /home/sentry-nov/code/colcon_3/install/path_motion_planning/lib/libpath_motion_planning.so
[42.626s] -- Set runtime path of "/home/sentry-nov/code/colcon_3/install/path_motion_planning/lib/libpath_motion_planning.so" to ""
[42.626s] -- Up-to-date: /home/sentry-nov/code/colcon_3/install/path_motion_planning/share/path_motion_planning/environment/library_path.sh
[42.626s] -- Up-to-date: /home/sentry-nov/code/colcon_3/install/path_motion_planning/share/path_motion_planning/environment/library_path.dsv
[42.626s] -- Up-to-date: /home/sentry-nov/code/colcon_3/install/path_motion_planning/include
[42.626s] -- Up-to-date: /home/sentry-nov/code/colcon_3/install/path_motion_planning/include/path_motion_planning
[42.626s] -- Up-to-date: /home/sentry-nov/code/colcon_3/install/path_motion_planning/include/path_motion_planning/util
[42.627s] -- Up-to-date: /home/sentry-nov/code/colcon_3/install/path_motion_planning/include/path_motion_planning/util/group_runner.h
[42.627s] -- Up-to-date: /home/sentry-nov/code/colcon_3/install/path_motion_planning/include/path_motion_planning/util/vis_ros.h
[42.627s] -- Up-to-date: /home/sentry-nov/code/colcon_3/install/path_motion_planning/include/path_motion_planning/util/vel_estimator.h
[42.627s] -- Up-to-date: /home/sentry-nov/code/colcon_3/install/path_motion_planning/include/path_motion_planning/nav_core
[42.627s] -- Up-to-date: /home/sentry-nov/code/colcon_3/install/path_motion_planning/include/path_motion_planning/nav_core/nav_core.h
[42.627s] -- Up-to-date: /home/sentry-nov/code/colcon_3/install/path_motion_planning/include/path_motion_planning/nav_core/nav_local_track.h
[42.627s] -- Up-to-date: /home/sentry-nov/code/colcon_3/install/path_motion_planning/include/path_motion_planning/nav_core/nav_local.h
[42.628s] -- Up-to-date: /home/sentry-nov/code/colcon_3/install/path_motion_planning/include/path_motion_planning/nav_core/nav_global.h
[42.628s] -- Up-to-date: /home/sentry-nov/code/colcon_3/install/path_motion_planning/include/path_motion_planning/nav_core/nav_local_ros.hpp
[42.628s] -- Up-to-date: /home/sentry-nov/code/colcon_3/install/path_motion_planning/include/path_motion_planning/nav_core/nav_gl_ros.hpp
[42.628s] -- Up-to-date: /home/sentry-nov/code/colcon_3/install/path_motion_planning/include/path_motion_planning/nav_core/nav_local_base.hpp
[42.628s] -- Up-to-date: /home/sentry-nov/code/colcon_3/install/path_motion_planning/include/path_motion_planning/nav_core/nav_gl.h
[42.628s] -- Up-to-date: /home/sentry-nov/code/colcon_3/install/path_motion_planning/include/path_motion_planning/motion
[42.628s] -- Up-to-date: /home/sentry-nov/code/colcon_3/install/path_motion_planning/include/path_motion_planning/motion/tracker.h
[42.628s] -- Up-to-date: /home/sentry-nov/code/colcon_3/install/path_motion_planning/include/path_motion_planning/motion/path_tracker.h
[42.628s] -- Up-to-date: /home/sentry-nov/code/colcon_3/install/path_motion_planning/include/path_motion_planning/motion/controller.h
[42.629s] -- Up-to-date: /home/sentry-nov/code/colcon_3/install/path_motion_planning/include/path_motion_planning/path_searcher
[42.629s] -- Up-to-date: /home/sentry-nov/code/colcon_3/install/path_motion_planning/include/path_motion_planning/path_searcher/path_searcher.h
[42.629s] -- Up-to-date: /home/sentry-nov/code/colcon_3/install/path_motion_planning/include/path_motion_planning/path_searcher/theta_star_explored.h
[42.629s] -- Up-to-date: /home/sentry-nov/code/colcon_3/install/path_motion_planning/include/path_motion_planning/path_searcher/theta_star_track.h
[42.629s] -- Up-to-date: /home/sentry-nov/code/colcon_3/install/path_motion_planning/include/path_motion_planning/path_searcher/theta_star.h
[42.629s] -- Up-to-date: /home/sentry-nov/code/colcon_3/install/path_motion_planning/include/path_motion_planning/path_searcher/gird_node.h
[42.629s] -- Installing: /home/sentry-nov/code/colcon_3/install/path_motion_planning/lib/path_motion_planning/nav_global_ros_node
[42.630s] -- Set runtime path of "/home/sentry-nov/code/colcon_3/install/path_motion_planning/lib/path_motion_planning/nav_global_ros_node" to ""
[42.632s] -- Installing: /home/sentry-nov/code/colcon_3/install/path_motion_planning/lib/path_motion_planning/nav_local_ros_node
[42.635s] -- Set runtime path of "/home/sentry-nov/code/colcon_3/install/path_motion_planning/lib/path_motion_planning/nav_local_ros_node" to ""
[42.657s] -- Installing: /home/sentry-nov/code/colcon_3/install/path_motion_planning/lib/path_motion_planning/nav_gl_ros_node
[42.663s] -- Set runtime path of "/home/sentry-nov/code/colcon_3/install/path_motion_planning/lib/path_motion_planning/nav_gl_ros_node" to ""
[42.664s] -- Up-to-date: /home/sentry-nov/code/colcon_3/install/path_motion_planning/lib/path_motion_planning/test_based_node
[42.667s] -- Up-to-date: /home/sentry-nov/code/colcon_3/install/path_motion_planning/lib/path_motion_planning/test_virtual_speed_node
[42.667s] -- Up-to-date: /home/sentry-nov/code/colcon_3/install/path_motion_planning/share/ament_index/resource_index/package_run_dependencies/path_motion_planning
[42.667s] -- Up-to-date: /home/sentry-nov/code/colcon_3/install/path_motion_planning/share/ament_index/resource_index/parent_prefix_path/path_motion_planning
[42.667s] -- Up-to-date: /home/sentry-nov/code/colcon_3/install/path_motion_planning/share/path_motion_planning/environment/ament_prefix_path.sh
[42.667s] -- Up-to-date: /home/sentry-nov/code/colcon_3/install/path_motion_planning/share/path_motion_planning/environment/ament_prefix_path.dsv
[42.667s] -- Up-to-date: /home/sentry-nov/code/colcon_3/install/path_motion_planning/share/path_motion_planning/environment/path.sh
[42.667s] -- Up-to-date: /home/sentry-nov/code/colcon_3/install/path_motion_planning/share/path_motion_planning/environment/path.dsv
[42.667s] -- Up-to-date: /home/sentry-nov/code/colcon_3/install/path_motion_planning/share/path_motion_planning/local_setup.bash
[42.668s] -- Up-to-date: /home/sentry-nov/code/colcon_3/install/path_motion_planning/share/path_motion_planning/local_setup.sh
[42.668s] -- Up-to-date: /home/sentry-nov/code/colcon_3/install/path_motion_planning/share/path_motion_planning/local_setup.zsh
[42.668s] -- Up-to-date: /home/sentry-nov/code/colcon_3/install/path_motion_planning/share/path_motion_planning/local_setup.dsv
[42.668s] -- Installing: /home/sentry-nov/code/colcon_3/install/path_motion_planning/share/path_motion_planning/package.dsv
[42.669s] -- Up-to-date: /home/sentry-nov/code/colcon_3/install/path_motion_planning/share/ament_index/resource_index/packages/path_motion_planning
[42.669s] -- Up-to-date: /home/sentry-nov/code/colcon_3/install/path_motion_planning/share/path_motion_planning/cmake/ament_cmake_export_include_directories-extras.cmake
[42.669s] -- Up-to-date: /home/sentry-nov/code/colcon_3/install/path_motion_planning/share/path_motion_planning/cmake/ament_cmake_export_libraries-extras.cmake
[42.669s] -- Up-to-date: /home/sentry-nov/code/colcon_3/install/path_motion_planning/share/path_motion_planning/cmake/path_motion_planningConfig.cmake
[42.669s] -- Up-to-date: /home/sentry-nov/code/colcon_3/install/path_motion_planning/share/path_motion_planning/cmake/path_motion_planningConfig-version.cmake
[42.669s] -- Up-to-date: /home/sentry-nov/code/colcon_3/install/path_motion_planning/share/path_motion_planning/package.xml
[42.672s] Invoked command in '/home/sentry-nov/code/colcon_3/build/path_motion_planning' returned '0': CMAKE_PREFIX_PATH=/home/sentry-nov/code/colcon_3/install/rm_interface:/home/sentry-nov/code/colcon_3/install/debug_tools:/home/sentry-nov/code/colcon_3/install/tilted_lidar:/home/sentry-nov/code/colcon_3/install/rviz_plugin:/home/sentry-nov/code/colcon_3/install/robot_decision_system:/home/sentry-nov/code/colcon_3/install/rm_serial:/home/sentry-nov/code/colcon_3/install/rm_decision_system:/home/sentry-nov/code/colcon_3/install/rm_decision:/home/sentry-nov/code/colcon_3/install/motion_planning:/home/sentry-nov/code/colcon_3/install/path_planning:/home/sentry-nov/code/colcon_3/install/path_motion_planning:/home/sentry-nov/code/colcon_3/install/ikd_tree_mapping:/home/sentry-nov/code/colcon_3/install/point_lio:/home/sentry-nov/code/colcon_3/install/m_detector:/home/sentry-nov/code/colcon_3/install/fast_lio:/home/sentry-nov/code/colcon_3/install/livox_ros_driver2:/home/sentry-nov/code/colcon_3/install/icp_relocalization:/home/sentry-nov/code/colcon_3/install/altitude_map:/home/sentry-nov/code/colcon_3/install/auto_start:/opt/ros/humble LD_LIBRARY_PATH=/home/sentry-nov/code/colcon_3/install/rm_interface/lib:/home/sentry-nov/code/colcon_3/install/robot_decision_system/lib:/home/sentry-nov/code/colcon_3/install/rm_decision_system/lib:/home/sentry-nov/code/colcon_3/install/path_planning/lib:/home/sentry-nov/code/colcon_3/install/path_motion_planning/lib:/home/sentry-nov/code/colcon_3/install/m_detector/lib:/home/sentry-nov/code/colcon_3/install/fast_lio/lib:/home/sentry-nov/code/colcon_3/install/livox_ros_driver2/lib:/home/sentry-nov/code/colcon_3/install/altitude_map/lib:/usr/local/lib:/opt/ros/humble/opt/rviz_ogre_vendor/lib:/opt/ros/humble/lib/x86_64-linux-gnu:/opt/ros/humble/lib /usr/bin/cmake --install /home/sentry-nov/code/colcon_3/build/path_motion_planning
