[0.032s] Invoking command in '/home/sentry-nov/code/colcon_3/build/icp_relocalization': CMAKE_PREFIX_PATH=/home/sentry-nov/code/colcon_3/install/debug_tools:/home/sentry-nov/code/colcon_3/install/tilted_lidar:/home/sentry-nov/code/colcon_3/install/rviz_plugin:/home/sentry-nov/code/colcon_3/install/robot_decision_system:/home/sentry-nov/code/colcon_3/install/rm_serial:/home/sentry-nov/code/colcon_3/install/rm_decision:/home/sentry-nov/code/colcon_3/install/motion_planning:/home/sentry-nov/code/colcon_3/install/path_planning:/home/sentry-nov/code/colcon_3/install/path_motion_planning:/home/sentry-nov/code/colcon_3/install/ikd_tree_mapping:/home/sentry-nov/code/colcon_3/install/rm_interface:/home/sentry-nov/code/colcon_3/install/point_lio:/home/sentry-nov/code/colcon_3/install/m_detector:/home/sentry-nov/code/colcon_3/install/fast_lio:/home/sentry-nov/code/colcon_3/install/livox_ros_driver2:/home/sentry-nov/code/colcon_3/install/icp_relocalization:/home/sentry-nov/code/colcon_3/install/altitude_map:/home/sentry-nov/code/colcon_3/install/auto_start:/opt/ros/humble /usr/bin/cmake --build /home/sentry-nov/code/colcon_3/build/icp_relocalization -- -j12 -l12
[0.193s] [ 25%] Built target virtual_icp_node
[0.216s] [ 50%] Built target icp_relocalization_node
[0.216s] [ 75%] Built target gravity_node
[0.225s] [ 87%] [32mBuilding CXX object CMakeFiles/icp_relocalization_sync_node.dir/src/icp_relocalization_sync.cpp.o[0m
[2.533s] In file included from [01m[K/home/sentry-nov/code/colcon_3/src/slam/icp_relocalization/include/icp_relocalization/icp_relocalization_sync.h:10[m[K,
[2.534s]                  from [01m[K/home/sentry-nov/code/colcon_3/src/slam/icp_relocalization/src/icp_relocalization_sync.cpp:1[m[K:
[2.534s] [01m[K/usr/local/include/small_gicp/registration/reduction_omp.hpp:10:2:[m[K [01;35m[Kwarning: [m[K#warning "OpenMP is not available. Parallel reduction will be disabled." [[01;35m[K]8;;https://gcc.gnu.org/onlinedocs/gcc/Warning-Options.html#index-Wcpp-Wcpp]8;;[m[K]
[2.534s]    10 | #[01;35m[Kwarning[m[K "OpenMP is not available. Parallel reduction will be disabled."
[2.534s]       |  [01;35m[K^~~~~~~[m[K
[53.254s] [100%] [32m[1mLinking CXX executable icp_relocalization_sync_node[0m
[54.508s] [100%] Built target icp_relocalization_sync_node
[54.542s] Invoked command in '/home/sentry-nov/code/colcon_3/build/icp_relocalization' returned '0': CMAKE_PREFIX_PATH=/home/sentry-nov/code/colcon_3/install/debug_tools:/home/sentry-nov/code/colcon_3/install/tilted_lidar:/home/sentry-nov/code/colcon_3/install/rviz_plugin:/home/sentry-nov/code/colcon_3/install/robot_decision_system:/home/sentry-nov/code/colcon_3/install/rm_serial:/home/sentry-nov/code/colcon_3/install/rm_decision:/home/sentry-nov/code/colcon_3/install/motion_planning:/home/sentry-nov/code/colcon_3/install/path_planning:/home/sentry-nov/code/colcon_3/install/path_motion_planning:/home/sentry-nov/code/colcon_3/install/ikd_tree_mapping:/home/sentry-nov/code/colcon_3/install/rm_interface:/home/sentry-nov/code/colcon_3/install/point_lio:/home/sentry-nov/code/colcon_3/install/m_detector:/home/sentry-nov/code/colcon_3/install/fast_lio:/home/sentry-nov/code/colcon_3/install/livox_ros_driver2:/home/sentry-nov/code/colcon_3/install/icp_relocalization:/home/sentry-nov/code/colcon_3/install/altitude_map:/home/sentry-nov/code/colcon_3/install/auto_start:/opt/ros/humble /usr/bin/cmake --build /home/sentry-nov/code/colcon_3/build/icp_relocalization -- -j12 -l12
[54.547s] Invoking command in '/home/sentry-nov/code/colcon_3/build/icp_relocalization': CMAKE_PREFIX_PATH=/home/sentry-nov/code/colcon_3/install/debug_tools:/home/sentry-nov/code/colcon_3/install/tilted_lidar:/home/sentry-nov/code/colcon_3/install/rviz_plugin:/home/sentry-nov/code/colcon_3/install/robot_decision_system:/home/sentry-nov/code/colcon_3/install/rm_serial:/home/sentry-nov/code/colcon_3/install/rm_decision:/home/sentry-nov/code/colcon_3/install/motion_planning:/home/sentry-nov/code/colcon_3/install/path_planning:/home/sentry-nov/code/colcon_3/install/path_motion_planning:/home/sentry-nov/code/colcon_3/install/ikd_tree_mapping:/home/sentry-nov/code/colcon_3/install/rm_interface:/home/sentry-nov/code/colcon_3/install/point_lio:/home/sentry-nov/code/colcon_3/install/m_detector:/home/sentry-nov/code/colcon_3/install/fast_lio:/home/sentry-nov/code/colcon_3/install/livox_ros_driver2:/home/sentry-nov/code/colcon_3/install/icp_relocalization:/home/sentry-nov/code/colcon_3/install/altitude_map:/home/sentry-nov/code/colcon_3/install/auto_start:/opt/ros/humble /usr/bin/cmake --install /home/sentry-nov/code/colcon_3/build/icp_relocalization
[54.572s] -- Install configuration: "Release"
[54.573s] -- Up-to-date: /home/sentry-nov/code/colcon_3/install/icp_relocalization/lib/icp_relocalization/icp_relocalization_node
[54.574s] -- Installing: /home/sentry-nov/code/colcon_3/install/icp_relocalization/lib/icp_relocalization/icp_relocalization_sync_node
[54.586s] -- Set runtime path of "/home/sentry-nov/code/colcon_3/install/icp_relocalization/lib/icp_relocalization/icp_relocalization_sync_node" to ""
[54.587s] -- Up-to-date: /home/sentry-nov/code/colcon_3/install/icp_relocalization/lib/icp_relocalization/gravity_node
[54.588s] -- Up-to-date: /home/sentry-nov/code/colcon_3/install/icp_relocalization/lib/icp_relocalization/virtual_icp_node
[54.588s] -- Up-to-date: /home/sentry-nov/code/colcon_3/install/icp_relocalization/share/ament_index/resource_index/package_run_dependencies/icp_relocalization
[54.588s] -- Up-to-date: /home/sentry-nov/code/colcon_3/install/icp_relocalization/share/ament_index/resource_index/parent_prefix_path/icp_relocalization
[54.589s] -- Up-to-date: /home/sentry-nov/code/colcon_3/install/icp_relocalization/share/icp_relocalization/environment/ament_prefix_path.sh
[54.589s] -- Up-to-date: /home/sentry-nov/code/colcon_3/install/icp_relocalization/share/icp_relocalization/environment/ament_prefix_path.dsv
[54.589s] -- Up-to-date: /home/sentry-nov/code/colcon_3/install/icp_relocalization/share/icp_relocalization/environment/path.sh
[54.589s] -- Up-to-date: /home/sentry-nov/code/colcon_3/install/icp_relocalization/share/icp_relocalization/environment/path.dsv
[54.589s] -- Up-to-date: /home/sentry-nov/code/colcon_3/install/icp_relocalization/share/icp_relocalization/local_setup.bash
[54.589s] -- Up-to-date: /home/sentry-nov/code/colcon_3/install/icp_relocalization/share/icp_relocalization/local_setup.sh
[54.589s] -- Up-to-date: /home/sentry-nov/code/colcon_3/install/icp_relocalization/share/icp_relocalization/local_setup.zsh
[54.590s] -- Up-to-date: /home/sentry-nov/code/colcon_3/install/icp_relocalization/share/icp_relocalization/local_setup.dsv
[54.590s] -- Installing: /home/sentry-nov/code/colcon_3/install/icp_relocalization/share/icp_relocalization/package.dsv
[54.590s] -- Up-to-date: /home/sentry-nov/code/colcon_3/install/icp_relocalization/share/ament_index/resource_index/packages/icp_relocalization
[54.590s] -- Up-to-date: /home/sentry-nov/code/colcon_3/install/icp_relocalization/share/icp_relocalization/cmake/icp_relocalizationConfig.cmake
[54.590s] -- Up-to-date: /home/sentry-nov/code/colcon_3/install/icp_relocalization/share/icp_relocalization/cmake/icp_relocalizationConfig-version.cmake
[54.590s] -- Up-to-date: /home/sentry-nov/code/colcon_3/install/icp_relocalization/share/icp_relocalization/package.xml
[54.595s] Invoked command in '/home/sentry-nov/code/colcon_3/build/icp_relocalization' returned '0': CMAKE_PREFIX_PATH=/home/sentry-nov/code/colcon_3/install/debug_tools:/home/sentry-nov/code/colcon_3/install/tilted_lidar:/home/sentry-nov/code/colcon_3/install/rviz_plugin:/home/sentry-nov/code/colcon_3/install/robot_decision_system:/home/sentry-nov/code/colcon_3/install/rm_serial:/home/sentry-nov/code/colcon_3/install/rm_decision:/home/sentry-nov/code/colcon_3/install/motion_planning:/home/sentry-nov/code/colcon_3/install/path_planning:/home/sentry-nov/code/colcon_3/install/path_motion_planning:/home/sentry-nov/code/colcon_3/install/ikd_tree_mapping:/home/sentry-nov/code/colcon_3/install/rm_interface:/home/sentry-nov/code/colcon_3/install/point_lio:/home/sentry-nov/code/colcon_3/install/m_detector:/home/sentry-nov/code/colcon_3/install/fast_lio:/home/sentry-nov/code/colcon_3/install/livox_ros_driver2:/home/sentry-nov/code/colcon_3/install/icp_relocalization:/home/sentry-nov/code/colcon_3/install/altitude_map:/home/sentry-nov/code/colcon_3/install/auto_start:/opt/ros/humble /usr/bin/cmake --install /home/sentry-nov/code/colcon_3/build/icp_relocalization
