[0.018s] Invoking command in '/home/sentry-nov/code/colcon_3/build/robot_decision_system': CMAKE_PREFIX_PATH=${CMAKE_PREFIX_PATH}:/opt/ros/humble /usr/bin/cmake --build /home/sentry-nov/code/colcon_3/build/robot_decision_system -- -j12 -l12
[0.112s] -- Found ament_cmake: 1.3.11 (/opt/ros/humble/share/ament_cmake/cmake)
[0.272s] -- Found rclcpp: 16.0.11 (/opt/ros/humble/share/rclcpp/cmake)
[0.324s] -- Found rosidl_generator_c: 3.1.6 (/opt/ros/humble/share/rosidl_generator_c/cmake)
[0.330s] -- Found rosidl_adapter: 3.1.6 (/opt/ros/humble/share/rosidl_adapter/cmake)
[0.345s] -- Found rosidl_generator_cpp: 3.1.6 (/opt/ros/humble/share/rosidl_generator_cpp/cmake)
[0.368s] -- Using all available rosidl_typesupport_c: rosidl_typesupport_fastrtps_c;rosidl_typesupport_introspection_c
[0.390s] -- Using all available rosidl_typesupport_cpp: rosidl_typesupport_fastrtps_cpp;rosidl_typesupport_introspection_cpp
[0.446s] -- Found rmw_implementation_cmake: 6.1.2 (/opt/ros/humble/share/rmw_implementation_cmake/cmake)
[0.451s] -- Found rmw_fastrtps_cpp: 6.2.7 (/opt/ros/humble/share/rmw_fastrtps_cpp/cmake)
[0.589s] -- Using RMW implementation 'rmw_fastrtps_cpp' as default
[0.665s] -- Found geometry_msgs: 4.2.4 (/opt/ros/humble/share/geometry_msgs/cmake)
[0.683s] -- Found nav_msgs: 4.2.4 (/opt/ros/humble/share/nav_msgs/cmake)
[0.706s] -- Found rosidl_default_generators: 1.2.0 (/opt/ros/humble/share/rosidl_default_generators/cmake)
[0.721s] -- Found rm_interface: 0.0.0 (/home/sentry-nov/code/colcon_3/install/rm_interface/share/rm_interface/cmake)
[0.982s] -- Found ament_cmake_ros: 0.10.0 (/opt/ros/humble/share/ament_cmake_ros/cmake)
[1.300s] -- Using all available rosidl_typesupport_c: rosidl_typesupport_fastrtps_c;rosidl_typesupport_introspection_c
[1.420s] -- Using all available rosidl_typesupport_cpp: rosidl_typesupport_fastrtps_cpp;rosidl_typesupport_introspection_cpp
[1.449s] -- Found python_cmake_module: 0.10.0 (/opt/ros/humble/share/python_cmake_module/cmake)
[1.476s] -- Using PYTHON_EXECUTABLE: /usr/bin/python3
[1.476s] -- Using PYTHON_INCLUDE_DIRS: /usr/include/python3.10
[1.476s] -- Using PYTHON_LIBRARIES: /usr/lib/x86_64-linux-gnu/libpython3.10.so
[1.495s] [0mCMake Deprecation Warning at /opt/ros/humble/share/rosidl_cmake/cmake/rosidl_target_interfaces.cmake:32 (message):
[1.495s]   Use rosidl_get_typesupport_target() and target_link_libraries() instead of
[1.495s]   rosidl_target_interfaces()
[1.495s] Call Stack (most recent call first):
[1.495s]   CMakeLists.txt:36 (rosidl_target_interfaces)
[1.495s] 
[1.495s] [0m
[1.496s] -- Found ament_lint_auto: 0.12.11 (/opt/ros/humble/share/ament_lint_auto/cmake)
[1.528s] -- Added test 'cppcheck' to perform static code analysis on C / C++ code
[1.528s] -- Configured cppcheck include dirs: 
[1.529s] -- Configured cppcheck exclude dirs and/or files: 
[1.529s] -- Added test 'lint_cmake' to check CMake code style
[1.531s] -- Added test 'uncrustify' to check C / C++ code style
[1.531s] -- Configured uncrustify additional arguments: 
[1.532s] -- Added test 'xmllint' to check XML markup files
[1.540s] -- Configuring done
[1.622s] -- Generating done
[1.642s] -- Build files have been written to: /home/sentry-nov/code/colcon_3/build/robot_decision_system
[1.686s] [35m[1mConsolidate compiler generated dependencies of target robot_decision_system__rosidl_generator_c[0m
[1.698s] [  3%] Built target robot_decision_system__cpp
[1.701s] [ 12%] Built target robot_decision_system__rosidl_generator_c
[1.713s] [35m[1mConsolidate compiler generated dependencies of target robot_decision_system__rosidl_typesupport_introspection_cpp[0m
[1.713s] [35m[1mConsolidate compiler generated dependencies of target robot_decision_system__rosidl_typesupport_cpp[0m
[1.713s] [35m[1mConsolidate compiler generated dependencies of target robot_decision_system__rosidl_typesupport_fastrtps_cpp[0m
[1.715s] [35m[1mConsolidate compiler generated dependencies of target robot_decision_system__rosidl_typesupport_introspection_c[0m
[1.718s] [35m[1mConsolidate compiler generated dependencies of target robot_decision_system__rosidl_typesupport_c[0m
[1.718s] [ 12%] Built target ament_cmake_python_copy_robot_decision_system
[1.718s] [35m[1mConsolidate compiler generated dependencies of target robot_decision_system__rosidl_typesupport_fastrtps_c[0m
[1.733s] [ 30%] Built target robot_decision_system__rosidl_typesupport_c
[1.733s] [ 30%] Built target robot_decision_system__rosidl_typesupport_introspection_cpp
[1.733s] [ 39%] Built target robot_decision_system__rosidl_typesupport_introspection_c
[1.734s] [ 48%] Built target robot_decision_system__rosidl_typesupport_cpp
[1.736s] [ 57%] Built target robot_decision_system__rosidl_typesupport_fastrtps_cpp
[1.741s] [ 66%] Built target robot_decision_system__rosidl_typesupport_fastrtps_c
[1.770s] [ 66%] Built target robot_decision_system
[1.800s] [ 72%] [32mBuilding CXX object CMakeFiles/robot_decision_node.dir/src/robot_decision_node.cpp.o[0m
[1.800s] [ 72%] Built target robot_decision_system__py
[1.814s] [35m[1mConsolidate compiler generated dependencies of target robot_decision_system__rosidl_generator_py[0m
[1.833s] [ 78%] Built target robot_decision_system__rosidl_generator_py
[1.849s] [35m[1mConsolidate compiler generated dependencies of target robot_decision_system__rosidl_typesupport_c__pyext[0m
[1.849s] [35m[1mConsolidate compiler generated dependencies of target robot_decision_system__rosidl_typesupport_fastrtps_c__pyext[0m
[1.850s] [35m[1mConsolidate compiler generated dependencies of target robot_decision_system__rosidl_typesupport_introspection_c__pyext[0m
[1.872s] [ 90%] Built target robot_decision_system__rosidl_typesupport_introspection_c__pyext
[1.873s] [ 93%] Built target robot_decision_system__rosidl_typesupport_fastrtps_c__pyext
[1.873s] [ 96%] Built target robot_decision_system__rosidl_typesupport_c__pyext
[1.963s] running egg_info
[1.965s] writing robot_decision_system.egg-info/PKG-INFO
[1.965s] writing dependency_links to robot_decision_system.egg-info/dependency_links.txt
[1.965s] writing top-level names to robot_decision_system.egg-info/top_level.txt
[1.969s] reading manifest file 'robot_decision_system.egg-info/SOURCES.txt'
[1.970s] writing manifest file 'robot_decision_system.egg-info/SOURCES.txt'
[2.009s] [ 96%] Built target ament_cmake_python_build_robot_decision_system_egg
[4.924s] [01m[K/home/sentry-nov/code/colcon_3/src/robot_decision_system/src/robot_decision_node.cpp:[m[K In member function ‘[01m[Kvoid RobotDecisionNode::handle_navigation_result_failure(int, RobotDecisionNode::RobotState)[m[K’:
[4.924s] [01m[K/home/sentry-nov/code/colcon_3/src/robot_decision_system/src/robot_decision_node.cpp:987:64:[m[K [01;35m[Kwarning: [m[Kunused parameter ‘[01m[Kprev_state[m[K’ [[01;35m[K]8;;https://gcc.gnu.org/onlinedocs/gcc/Warning-Options.html#index-Wunused-parameter-Wunused-parameter]8;;[m[K]
[4.924s]   987 |   void handle_navigation_result_failure(int status, [01;35m[KRobotState prev_state[m[K)
[4.925s]       |                                                     [01;35m[K~~~~~~~~~~~^~~~~~~~~~[m[K
[13.840s] [100%] [32m[1mLinking CXX executable robot_decision_node[0m
[14.776s] [100%] Built target robot_decision_node
[14.792s] Invoked command in '/home/sentry-nov/code/colcon_3/build/robot_decision_system' returned '0': CMAKE_PREFIX_PATH=${CMAKE_PREFIX_PATH}:/opt/ros/humble /usr/bin/cmake --build /home/sentry-nov/code/colcon_3/build/robot_decision_system -- -j12 -l12
[14.806s] Invoking command in '/home/sentry-nov/code/colcon_3/build/robot_decision_system': CMAKE_PREFIX_PATH=${CMAKE_PREFIX_PATH}:/opt/ros/humble /usr/bin/cmake --install /home/sentry-nov/code/colcon_3/build/robot_decision_system
[14.816s] -- Install configuration: ""
[14.816s] -- Installing: /home/sentry-nov/code/colcon_3/install/robot_decision_system/share/ament_index/resource_index/rosidl_interfaces/robot_decision_system
[14.816s] -- Installing: /home/sentry-nov/code/colcon_3/install/robot_decision_system/include/robot_decision_system/robot_decision_system
[14.816s] -- Installing: /home/sentry-nov/code/colcon_3/install/robot_decision_system/include/robot_decision_system/robot_decision_system/srv
[14.817s] -- Installing: /home/sentry-nov/code/colcon_3/install/robot_decision_system/include/robot_decision_system/robot_decision_system/srv/detail
[14.817s] -- Installing: /home/sentry-nov/code/colcon_3/install/robot_decision_system/include/robot_decision_system/robot_decision_system/srv/detail/nav_srv__struct.h
[14.817s] -- Installing: /home/sentry-nov/code/colcon_3/install/robot_decision_system/include/robot_decision_system/robot_decision_system/srv/detail/nav_srv__type_support.h
[14.819s] -- Installing: /home/sentry-nov/code/colcon_3/install/robot_decision_system/include/robot_decision_system/robot_decision_system/srv/detail/nav_srv__functions.h
[14.822s] -- Installing: /home/sentry-nov/code/colcon_3/install/robot_decision_system/include/robot_decision_system/robot_decision_system/srv/detail/nav_srv__functions.c
[14.823s] -- Installing: /home/sentry-nov/code/colcon_3/install/robot_decision_system/include/robot_decision_system/robot_decision_system/srv/nav_srv.h
[14.824s] -- Installing: /home/sentry-nov/code/colcon_3/install/robot_decision_system/include/robot_decision_system/robot_decision_system/msg
[14.825s] -- Installing: /home/sentry-nov/code/colcon_3/install/robot_decision_system/include/robot_decision_system/robot_decision_system/msg/rosidl_generator_c__visibility_control.h
[14.825s] -- Installing: /home/sentry-nov/code/colcon_3/install/robot_decision_system/share/robot_decision_system/environment/library_path.sh
[14.825s] -- Installing: /home/sentry-nov/code/colcon_3/install/robot_decision_system/share/robot_decision_system/environment/library_path.dsv
[14.825s] -- Installing: /home/sentry-nov/code/colcon_3/install/robot_decision_system/lib/librobot_decision_system__rosidl_generator_c.so
[14.827s] -- Set runtime path of "/home/sentry-nov/code/colcon_3/install/robot_decision_system/lib/librobot_decision_system__rosidl_generator_c.so" to ""
[14.827s] -- Up-to-date: /home/sentry-nov/code/colcon_3/install/robot_decision_system/include/robot_decision_system/robot_decision_system
[14.827s] -- Up-to-date: /home/sentry-nov/code/colcon_3/install/robot_decision_system/include/robot_decision_system/robot_decision_system/srv
[14.827s] -- Up-to-date: /home/sentry-nov/code/colcon_3/install/robot_decision_system/include/robot_decision_system/robot_decision_system/srv/detail
[14.827s] -- Installing: /home/sentry-nov/code/colcon_3/install/robot_decision_system/include/robot_decision_system/robot_decision_system/srv/detail/nav_srv__rosidl_typesupport_fastrtps_c.h
[14.828s] -- Up-to-date: /home/sentry-nov/code/colcon_3/install/robot_decision_system/include/robot_decision_system/robot_decision_system/msg
[14.828s] -- Installing: /home/sentry-nov/code/colcon_3/install/robot_decision_system/include/robot_decision_system/robot_decision_system/msg/rosidl_typesupport_fastrtps_c__visibility_control.h
[14.828s] -- Installing: /home/sentry-nov/code/colcon_3/install/robot_decision_system/lib/librobot_decision_system__rosidl_typesupport_fastrtps_c.so
[14.829s] -- Set runtime path of "/home/sentry-nov/code/colcon_3/install/robot_decision_system/lib/librobot_decision_system__rosidl_typesupport_fastrtps_c.so" to ""
[14.829s] -- Up-to-date: /home/sentry-nov/code/colcon_3/install/robot_decision_system/include/robot_decision_system/robot_decision_system
[14.829s] -- Up-to-date: /home/sentry-nov/code/colcon_3/install/robot_decision_system/include/robot_decision_system/robot_decision_system/srv
[14.829s] -- Up-to-date: /home/sentry-nov/code/colcon_3/install/robot_decision_system/include/robot_decision_system/robot_decision_system/srv/detail
[14.829s] -- Installing: /home/sentry-nov/code/colcon_3/install/robot_decision_system/include/robot_decision_system/robot_decision_system/srv/detail/nav_srv__type_support.hpp
[14.830s] -- Installing: /home/sentry-nov/code/colcon_3/install/robot_decision_system/include/robot_decision_system/robot_decision_system/srv/detail/nav_srv__struct.hpp
[14.830s] -- Installing: /home/sentry-nov/code/colcon_3/install/robot_decision_system/include/robot_decision_system/robot_decision_system/srv/detail/nav_srv__traits.hpp
[14.831s] -- Installing: /home/sentry-nov/code/colcon_3/install/robot_decision_system/include/robot_decision_system/robot_decision_system/srv/detail/nav_srv__builder.hpp
[14.831s] -- Installing: /home/sentry-nov/code/colcon_3/install/robot_decision_system/include/robot_decision_system/robot_decision_system/srv/nav_srv.hpp
[14.832s] -- Up-to-date: /home/sentry-nov/code/colcon_3/install/robot_decision_system/include/robot_decision_system/robot_decision_system/msg
[14.832s] -- Installing: /home/sentry-nov/code/colcon_3/install/robot_decision_system/include/robot_decision_system/robot_decision_system/msg/rosidl_generator_cpp__visibility_control.hpp
[14.832s] -- Up-to-date: /home/sentry-nov/code/colcon_3/install/robot_decision_system/include/robot_decision_system/robot_decision_system
[14.832s] -- Up-to-date: /home/sentry-nov/code/colcon_3/install/robot_decision_system/include/robot_decision_system/robot_decision_system/srv
[14.832s] -- Up-to-date: /home/sentry-nov/code/colcon_3/install/robot_decision_system/include/robot_decision_system/robot_decision_system/srv/detail
[14.832s] -- Installing: /home/sentry-nov/code/colcon_3/install/robot_decision_system/include/robot_decision_system/robot_decision_system/srv/detail/dds_fastrtps
[14.832s] -- Installing: /home/sentry-nov/code/colcon_3/install/robot_decision_system/include/robot_decision_system/robot_decision_system/srv/detail/nav_srv__rosidl_typesupport_fastrtps_cpp.hpp
[14.833s] -- Up-to-date: /home/sentry-nov/code/colcon_3/install/robot_decision_system/include/robot_decision_system/robot_decision_system/msg
[14.833s] -- Installing: /home/sentry-nov/code/colcon_3/install/robot_decision_system/include/robot_decision_system/robot_decision_system/msg/rosidl_typesupport_fastrtps_cpp__visibility_control.h
[14.833s] -- Installing: /home/sentry-nov/code/colcon_3/install/robot_decision_system/lib/librobot_decision_system__rosidl_typesupport_fastrtps_cpp.so
[14.834s] -- Set runtime path of "/home/sentry-nov/code/colcon_3/install/robot_decision_system/lib/librobot_decision_system__rosidl_typesupport_fastrtps_cpp.so" to ""
[14.834s] -- Up-to-date: /home/sentry-nov/code/colcon_3/install/robot_decision_system/include/robot_decision_system/robot_decision_system
[14.834s] -- Up-to-date: /home/sentry-nov/code/colcon_3/install/robot_decision_system/include/robot_decision_system/robot_decision_system/srv
[14.834s] -- Up-to-date: /home/sentry-nov/code/colcon_3/install/robot_decision_system/include/robot_decision_system/robot_decision_system/srv/detail
[14.834s] -- Installing: /home/sentry-nov/code/colcon_3/install/robot_decision_system/include/robot_decision_system/robot_decision_system/srv/detail/nav_srv__type_support.c
[14.835s] -- Installing: /home/sentry-nov/code/colcon_3/install/robot_decision_system/include/robot_decision_system/robot_decision_system/srv/detail/nav_srv__rosidl_typesupport_introspection_c.h
[14.835s] -- Up-to-date: /home/sentry-nov/code/colcon_3/install/robot_decision_system/include/robot_decision_system/robot_decision_system/msg
[14.836s] -- Installing: /home/sentry-nov/code/colcon_3/install/robot_decision_system/include/robot_decision_system/robot_decision_system/msg/rosidl_typesupport_introspection_c__visibility_control.h
[14.836s] -- Installing: /home/sentry-nov/code/colcon_3/install/robot_decision_system/lib/librobot_decision_system__rosidl_typesupport_introspection_c.so
[14.837s] -- Set runtime path of "/home/sentry-nov/code/colcon_3/install/robot_decision_system/lib/librobot_decision_system__rosidl_typesupport_introspection_c.so" to ""
[14.837s] -- Installing: /home/sentry-nov/code/colcon_3/install/robot_decision_system/lib/librobot_decision_system__rosidl_typesupport_c.so
[14.838s] -- Set runtime path of "/home/sentry-nov/code/colcon_3/install/robot_decision_system/lib/librobot_decision_system__rosidl_typesupport_c.so" to ""
[14.838s] -- Up-to-date: /home/sentry-nov/code/colcon_3/install/robot_decision_system/include/robot_decision_system/robot_decision_system
[14.838s] -- Up-to-date: /home/sentry-nov/code/colcon_3/install/robot_decision_system/include/robot_decision_system/robot_decision_system/srv
[14.838s] -- Up-to-date: /home/sentry-nov/code/colcon_3/install/robot_decision_system/include/robot_decision_system/robot_decision_system/srv/detail
[14.838s] -- Installing: /home/sentry-nov/code/colcon_3/install/robot_decision_system/include/robot_decision_system/robot_decision_system/srv/detail/nav_srv__type_support.cpp
[14.839s] -- Installing: /home/sentry-nov/code/colcon_3/install/robot_decision_system/include/robot_decision_system/robot_decision_system/srv/detail/nav_srv__rosidl_typesupport_introspection_cpp.hpp
[14.839s] -- Installing: /home/sentry-nov/code/colcon_3/install/robot_decision_system/lib/librobot_decision_system__rosidl_typesupport_introspection_cpp.so
[14.841s] -- Set runtime path of "/home/sentry-nov/code/colcon_3/install/robot_decision_system/lib/librobot_decision_system__rosidl_typesupport_introspection_cpp.so" to ""
[14.841s] -- Installing: /home/sentry-nov/code/colcon_3/install/robot_decision_system/lib/librobot_decision_system__rosidl_typesupport_cpp.so
[14.842s] -- Set runtime path of "/home/sentry-nov/code/colcon_3/install/robot_decision_system/lib/librobot_decision_system__rosidl_typesupport_cpp.so" to ""
[14.842s] -- Installing: /home/sentry-nov/code/colcon_3/install/robot_decision_system/share/robot_decision_system/environment/pythonpath.sh
[14.842s] -- Installing: /home/sentry-nov/code/colcon_3/install/robot_decision_system/share/robot_decision_system/environment/pythonpath.dsv
[14.842s] -- Installing: /home/sentry-nov/code/colcon_3/install/robot_decision_system/local/lib/python3.10/dist-packages/robot_decision_system-0.0.0-py3.10.egg-info
[14.842s] -- Installing: /home/sentry-nov/code/colcon_3/install/robot_decision_system/local/lib/python3.10/dist-packages/robot_decision_system-0.0.0-py3.10.egg-info/top_level.txt
[14.843s] -- Installing: /home/sentry-nov/code/colcon_3/install/robot_decision_system/local/lib/python3.10/dist-packages/robot_decision_system-0.0.0-py3.10.egg-info/dependency_links.txt
[14.843s] -- Installing: /home/sentry-nov/code/colcon_3/install/robot_decision_system/local/lib/python3.10/dist-packages/robot_decision_system-0.0.0-py3.10.egg-info/PKG-INFO
[14.843s] -- Installing: /home/sentry-nov/code/colcon_3/install/robot_decision_system/local/lib/python3.10/dist-packages/robot_decision_system-0.0.0-py3.10.egg-info/SOURCES.txt
[14.843s] -- Installing: /home/sentry-nov/code/colcon_3/install/robot_decision_system/local/lib/python3.10/dist-packages/robot_decision_system
[14.843s] -- Installing: /home/sentry-nov/code/colcon_3/install/robot_decision_system/local/lib/python3.10/dist-packages/robot_decision_system/robot_decision_system_s__rosidl_typesupport_c.cpython-310-x86_64-linux-gnu.so
[14.843s] -- Installing: /home/sentry-nov/code/colcon_3/install/robot_decision_system/local/lib/python3.10/dist-packages/robot_decision_system/robot_decision_system_s__rosidl_typesupport_introspection_c.cpython-310-x86_64-linux-gnu.so
[14.843s] -- Installing: /home/sentry-nov/code/colcon_3/install/robot_decision_system/local/lib/python3.10/dist-packages/robot_decision_system/srv
[14.843s] -- Installing: /home/sentry-nov/code/colcon_3/install/robot_decision_system/local/lib/python3.10/dist-packages/robot_decision_system/srv/_nav_srv_s.c
[14.843s] -- Installing: /home/sentry-nov/code/colcon_3/install/robot_decision_system/local/lib/python3.10/dist-packages/robot_decision_system/srv/_nav_srv.py
[14.844s] -- Installing: /home/sentry-nov/code/colcon_3/install/robot_decision_system/local/lib/python3.10/dist-packages/robot_decision_system/srv/__init__.py
[14.844s] -- Installing: /home/sentry-nov/code/colcon_3/install/robot_decision_system/local/lib/python3.10/dist-packages/robot_decision_system/_robot_decision_system_s.ep.rosidl_typesupport_introspection_c.c
[14.844s] -- Installing: /home/sentry-nov/code/colcon_3/install/robot_decision_system/local/lib/python3.10/dist-packages/robot_decision_system/_robot_decision_system_s.ep.rosidl_typesupport_c.c
[14.844s] -- Installing: /home/sentry-nov/code/colcon_3/install/robot_decision_system/local/lib/python3.10/dist-packages/robot_decision_system/robot_decision_system_s__rosidl_typesupport_fastrtps_c.cpython-310-x86_64-linux-gnu.so
[14.844s] -- Installing: /home/sentry-nov/code/colcon_3/install/robot_decision_system/local/lib/python3.10/dist-packages/robot_decision_system/__init__.py
[14.844s] -- Installing: /home/sentry-nov/code/colcon_3/install/robot_decision_system/local/lib/python3.10/dist-packages/robot_decision_system/_robot_decision_system_s.ep.rosidl_typesupport_fastrtps_c.c
[14.844s] -- Installing: /home/sentry-nov/code/colcon_3/install/robot_decision_system/local/lib/python3.10/dist-packages/robot_decision_system/librobot_decision_system__rosidl_generator_py.so
[14.879s] Listing '/home/sentry-nov/code/colcon_3/install/robot_decision_system/local/lib/python3.10/dist-packages/robot_decision_system'...
[14.880s] Compiling '/home/sentry-nov/code/colcon_3/install/robot_decision_system/local/lib/python3.10/dist-packages/robot_decision_system/__init__.py'...
[14.880s] Listing '/home/sentry-nov/code/colcon_3/install/robot_decision_system/local/lib/python3.10/dist-packages/robot_decision_system/srv'...
[14.880s] Compiling '/home/sentry-nov/code/colcon_3/install/robot_decision_system/local/lib/python3.10/dist-packages/robot_decision_system/srv/__init__.py'...
[14.880s] Compiling '/home/sentry-nov/code/colcon_3/install/robot_decision_system/local/lib/python3.10/dist-packages/robot_decision_system/srv/_nav_srv.py'...
[14.887s] -- Installing: /home/sentry-nov/code/colcon_3/install/robot_decision_system/local/lib/python3.10/dist-packages/robot_decision_system/robot_decision_system_s__rosidl_typesupport_fastrtps_c.cpython-310-x86_64-linux-gnu.so
[14.887s] -- Set runtime path of "/home/sentry-nov/code/colcon_3/install/robot_decision_system/local/lib/python3.10/dist-packages/robot_decision_system/robot_decision_system_s__rosidl_typesupport_fastrtps_c.cpython-310-x86_64-linux-gnu.so" to ""
[14.887s] -- Installing: /home/sentry-nov/code/colcon_3/install/robot_decision_system/local/lib/python3.10/dist-packages/robot_decision_system/robot_decision_system_s__rosidl_typesupport_introspection_c.cpython-310-x86_64-linux-gnu.so
[14.887s] -- Set runtime path of "/home/sentry-nov/code/colcon_3/install/robot_decision_system/local/lib/python3.10/dist-packages/robot_decision_system/robot_decision_system_s__rosidl_typesupport_introspection_c.cpython-310-x86_64-linux-gnu.so" to ""
[14.887s] -- Installing: /home/sentry-nov/code/colcon_3/install/robot_decision_system/local/lib/python3.10/dist-packages/robot_decision_system/robot_decision_system_s__rosidl_typesupport_c.cpython-310-x86_64-linux-gnu.so
[14.888s] -- Set runtime path of "/home/sentry-nov/code/colcon_3/install/robot_decision_system/local/lib/python3.10/dist-packages/robot_decision_system/robot_decision_system_s__rosidl_typesupport_c.cpython-310-x86_64-linux-gnu.so" to ""
[14.888s] -- Installing: /home/sentry-nov/code/colcon_3/install/robot_decision_system/lib/librobot_decision_system__rosidl_generator_py.so
[14.888s] -- Set runtime path of "/home/sentry-nov/code/colcon_3/install/robot_decision_system/lib/librobot_decision_system__rosidl_generator_py.so" to ""
[14.888s] -- Installing: /home/sentry-nov/code/colcon_3/install/robot_decision_system/share/robot_decision_system/srv/NavSrv.idl
[14.888s] -- Installing: /home/sentry-nov/code/colcon_3/install/robot_decision_system/share/robot_decision_system/srv/NavSrv.srv
[14.888s] -- Installing: /home/sentry-nov/code/colcon_3/install/robot_decision_system/share/robot_decision_system/srv/NavSrv_Request.msg
[14.889s] -- Installing: /home/sentry-nov/code/colcon_3/install/robot_decision_system/share/robot_decision_system/srv/NavSrv_Response.msg
[14.889s] -- Installing: /home/sentry-nov/code/colcon_3/install/robot_decision_system/lib/robot_decision_system/robot_decision_node
[14.897s] -- Set runtime path of "/home/sentry-nov/code/colcon_3/install/robot_decision_system/lib/robot_decision_system/robot_decision_node" to ""
[14.898s] -- Installing: /home/sentry-nov/code/colcon_3/install/robot_decision_system/share/ament_index/resource_index/package_run_dependencies/robot_decision_system
[14.898s] -- Installing: /home/sentry-nov/code/colcon_3/install/robot_decision_system/share/ament_index/resource_index/parent_prefix_path/robot_decision_system
[14.898s] -- Installing: /home/sentry-nov/code/colcon_3/install/robot_decision_system/share/robot_decision_system/environment/ament_prefix_path.sh
[14.898s] -- Installing: /home/sentry-nov/code/colcon_3/install/robot_decision_system/share/robot_decision_system/environment/ament_prefix_path.dsv
[14.898s] -- Installing: /home/sentry-nov/code/colcon_3/install/robot_decision_system/share/robot_decision_system/environment/path.sh
[14.898s] -- Installing: /home/sentry-nov/code/colcon_3/install/robot_decision_system/share/robot_decision_system/environment/path.dsv
[14.898s] -- Installing: /home/sentry-nov/code/colcon_3/install/robot_decision_system/share/robot_decision_system/local_setup.bash
[14.899s] -- Installing: /home/sentry-nov/code/colcon_3/install/robot_decision_system/share/robot_decision_system/local_setup.sh
[14.899s] -- Installing: /home/sentry-nov/code/colcon_3/install/robot_decision_system/share/robot_decision_system/local_setup.zsh
[14.899s] -- Installing: /home/sentry-nov/code/colcon_3/install/robot_decision_system/share/robot_decision_system/local_setup.dsv
[14.899s] -- Installing: /home/sentry-nov/code/colcon_3/install/robot_decision_system/share/robot_decision_system/package.dsv
[14.899s] -- Installing: /home/sentry-nov/code/colcon_3/install/robot_decision_system/share/ament_index/resource_index/packages/robot_decision_system
[14.899s] -- Installing: /home/sentry-nov/code/colcon_3/install/robot_decision_system/share/robot_decision_system/cmake/export_robot_decision_system__rosidl_generator_cExport.cmake
[14.900s] -- Installing: /home/sentry-nov/code/colcon_3/install/robot_decision_system/share/robot_decision_system/cmake/export_robot_decision_system__rosidl_generator_cExport-noconfig.cmake
[14.900s] -- Installing: /home/sentry-nov/code/colcon_3/install/robot_decision_system/share/robot_decision_system/cmake/export_robot_decision_system__rosidl_typesupport_fastrtps_cExport.cmake
[14.900s] -- Installing: /home/sentry-nov/code/colcon_3/install/robot_decision_system/share/robot_decision_system/cmake/export_robot_decision_system__rosidl_typesupport_fastrtps_cExport-noconfig.cmake
[14.900s] -- Installing: /home/sentry-nov/code/colcon_3/install/robot_decision_system/share/robot_decision_system/cmake/export_robot_decision_system__rosidl_generator_cppExport.cmake
[14.900s] -- Installing: /home/sentry-nov/code/colcon_3/install/robot_decision_system/share/robot_decision_system/cmake/export_robot_decision_system__rosidl_typesupport_fastrtps_cppExport.cmake
[14.900s] -- Installing: /home/sentry-nov/code/colcon_3/install/robot_decision_system/share/robot_decision_system/cmake/export_robot_decision_system__rosidl_typesupport_fastrtps_cppExport-noconfig.cmake
[14.901s] -- Installing: /home/sentry-nov/code/colcon_3/install/robot_decision_system/share/robot_decision_system/cmake/robot_decision_system__rosidl_typesupport_introspection_cExport.cmake
[14.901s] -- Installing: /home/sentry-nov/code/colcon_3/install/robot_decision_system/share/robot_decision_system/cmake/robot_decision_system__rosidl_typesupport_introspection_cExport-noconfig.cmake
[14.901s] -- Installing: /home/sentry-nov/code/colcon_3/install/robot_decision_system/share/robot_decision_system/cmake/robot_decision_system__rosidl_typesupport_cExport.cmake
[14.901s] -- Installing: /home/sentry-nov/code/colcon_3/install/robot_decision_system/share/robot_decision_system/cmake/robot_decision_system__rosidl_typesupport_cExport-noconfig.cmake
[14.901s] -- Installing: /home/sentry-nov/code/colcon_3/install/robot_decision_system/share/robot_decision_system/cmake/robot_decision_system__rosidl_typesupport_introspection_cppExport.cmake
[14.901s] -- Installing: /home/sentry-nov/code/colcon_3/install/robot_decision_system/share/robot_decision_system/cmake/robot_decision_system__rosidl_typesupport_introspection_cppExport-noconfig.cmake
[14.901s] -- Installing: /home/sentry-nov/code/colcon_3/install/robot_decision_system/share/robot_decision_system/cmake/robot_decision_system__rosidl_typesupport_cppExport.cmake
[14.902s] -- Installing: /home/sentry-nov/code/colcon_3/install/robot_decision_system/share/robot_decision_system/cmake/robot_decision_system__rosidl_typesupport_cppExport-noconfig.cmake
[14.902s] -- Installing: /home/sentry-nov/code/colcon_3/install/robot_decision_system/share/robot_decision_system/cmake/export_robot_decision_system__rosidl_generator_pyExport.cmake
[14.902s] -- Installing: /home/sentry-nov/code/colcon_3/install/robot_decision_system/share/robot_decision_system/cmake/export_robot_decision_system__rosidl_generator_pyExport-noconfig.cmake
[14.902s] -- Installing: /home/sentry-nov/code/colcon_3/install/robot_decision_system/share/robot_decision_system/cmake/rosidl_cmake-extras.cmake
[14.902s] -- Installing: /home/sentry-nov/code/colcon_3/install/robot_decision_system/share/robot_decision_system/cmake/ament_cmake_export_include_directories-extras.cmake
[14.902s] -- Installing: /home/sentry-nov/code/colcon_3/install/robot_decision_system/share/robot_decision_system/cmake/ament_cmake_export_libraries-extras.cmake
[14.902s] -- Installing: /home/sentry-nov/code/colcon_3/install/robot_decision_system/share/robot_decision_system/cmake/ament_cmake_export_targets-extras.cmake
[14.903s] -- Installing: /home/sentry-nov/code/colcon_3/install/robot_decision_system/share/robot_decision_system/cmake/rosidl_cmake_export_typesupport_targets-extras.cmake
[14.903s] -- Installing: /home/sentry-nov/code/colcon_3/install/robot_decision_system/share/robot_decision_system/cmake/ament_cmake_export_dependencies-extras.cmake
[14.903s] -- Installing: /home/sentry-nov/code/colcon_3/install/robot_decision_system/share/robot_decision_system/cmake/rosidl_cmake_export_typesupport_libraries-extras.cmake
[14.903s] -- Installing: /home/sentry-nov/code/colcon_3/install/robot_decision_system/share/robot_decision_system/cmake/robot_decision_systemConfig.cmake
[14.903s] -- Installing: /home/sentry-nov/code/colcon_3/install/robot_decision_system/share/robot_decision_system/cmake/robot_decision_systemConfig-version.cmake
[14.903s] -- Installing: /home/sentry-nov/code/colcon_3/install/robot_decision_system/share/robot_decision_system/package.xml
[14.906s] Invoked command in '/home/sentry-nov/code/colcon_3/build/robot_decision_system' returned '0': CMAKE_PREFIX_PATH=${CMAKE_PREFIX_PATH}:/opt/ros/humble /usr/bin/cmake --install /home/sentry-nov/code/colcon_3/build/robot_decision_system
