[0.139s] Invoking command in '/home/sentry-nov/code/colcon_3/build/auto_start': CMAKE_PREFIX_PATH=${CMAKE_PREFIX_PATH}:/opt/ros/humble /usr/bin/cmake --build /home/sentry-nov/code/colcon_3/build/auto_start -- -j12 -l12
[2.460s] Invoked command in '/home/sentry-nov/code/colcon_3/build/auto_start' returned '0': CMAKE_PREFIX_PATH=${CMAKE_PREFIX_PATH}:/opt/ros/humble /usr/bin/cmake --build /home/sentry-nov/code/colcon_3/build/auto_start -- -j12 -l12
[2.497s] Invoking command in '/home/sentry-nov/code/colcon_3/build/auto_start': CMAKE_PREFIX_PATH=${CMAKE_PREFIX_PATH}:/opt/ros/humble /usr/bin/cmake --install /home/sentry-nov/code/colcon_3/build/auto_start
[2.542s] -- Install configuration: "Release"
[2.559s] -- Up-to-date: /home/sentry-nov/code/colcon_3/install/auto_start/share/auto_start/rviz
[2.559s] -- Up-to-date: /home/sentry-nov/code/colcon_3/install/auto_start/share/auto_start/rviz/odom_icp.rviz
[2.560s] -- Up-to-date: /home/sentry-nov/code/colcon_3/install/auto_start/share/auto_start/rviz/odom_mapping.rviz
[2.560s] -- Up-to-date: /home/sentry-nov/code/colcon_3/install/auto_start/share/auto_start/rviz/mapping_ikd.rviz
[2.560s] -- Up-to-date: /home/sentry-nov/code/colcon_3/install/auto_start/share/auto_start/rviz/planning.rviz
[2.560s] -- Up-to-date: /home/sentry-nov/code/colcon_3/install/auto_start/share/auto_start/launch
[2.560s] -- Up-to-date: /home/sentry-nov/code/colcon_3/install/auto_start/share/auto_start/launch/odom_icp.launch.py
[2.560s] -- Up-to-date: /home/sentry-nov/code/colcon_3/install/auto_start/share/auto_start/launch/decision.launch.py
[2.560s] -- Installing: /home/sentry-nov/code/colcon_3/install/auto_start/share/auto_start/launch/planning.launch.py
[2.577s] -- Up-to-date: /home/sentry-nov/code/colcon_3/install/auto_start/share/auto_start/launch/mapping_ikd.launch.py
[2.577s] -- Up-to-date: /home/sentry-nov/code/colcon_3/install/auto_start/share/auto_start/launch/path_motion.launch.py
[2.577s] -- Up-to-date: /home/sentry-nov/code/colcon_3/install/auto_start/share/auto_start/launch/odom_mapping.launch.py
[2.577s] -- Up-to-date: /home/sentry-nov/code/colcon_3/install/auto_start/share/auto_start/launch/manager.py
[2.577s] -- Up-to-date: /home/sentry-nov/code/colcon_3/install/auto_start/share/auto_start/config
[2.578s] -- Up-to-date: /home/sentry-nov/code/colcon_3/install/auto_start/share/auto_start/config/path_planning.yaml
[2.578s] -- Up-to-date: /home/sentry-nov/code/colcon_3/install/auto_start/share/auto_start/config/path_motion_planning.yaml
[2.578s] -- Up-to-date: /home/sentry-nov/code/colcon_3/install/auto_start/share/auto_start/config/region_points.yaml
[2.578s] -- Up-to-date: /home/sentry-nov/code/colcon_3/install/auto_start/share/auto_start/config/path_planning copy.yaml
[2.578s] -- Up-to-date: /home/sentry-nov/code/colcon_3/install/auto_start/share/ament_index/resource_index/package_run_dependencies/auto_start
[2.578s] -- Up-to-date: /home/sentry-nov/code/colcon_3/install/auto_start/share/ament_index/resource_index/parent_prefix_path/auto_start
[2.578s] -- Up-to-date: /home/sentry-nov/code/colcon_3/install/auto_start/share/auto_start/environment/ament_prefix_path.sh
[2.578s] -- Up-to-date: /home/sentry-nov/code/colcon_3/install/auto_start/share/auto_start/environment/ament_prefix_path.dsv
[2.578s] -- Up-to-date: /home/sentry-nov/code/colcon_3/install/auto_start/share/auto_start/environment/path.sh
[2.578s] -- Up-to-date: /home/sentry-nov/code/colcon_3/install/auto_start/share/auto_start/environment/path.dsv
[2.578s] -- Up-to-date: /home/sentry-nov/code/colcon_3/install/auto_start/share/auto_start/local_setup.bash
[2.578s] -- Up-to-date: /home/sentry-nov/code/colcon_3/install/auto_start/share/auto_start/local_setup.sh
[2.578s] -- Up-to-date: /home/sentry-nov/code/colcon_3/install/auto_start/share/auto_start/local_setup.zsh
[2.579s] -- Up-to-date: /home/sentry-nov/code/colcon_3/install/auto_start/share/auto_start/local_setup.dsv
[2.579s] -- Installing: /home/sentry-nov/code/colcon_3/install/auto_start/share/auto_start/package.dsv
[2.595s] -- Up-to-date: /home/sentry-nov/code/colcon_3/install/auto_start/share/ament_index/resource_index/packages/auto_start
[2.595s] -- Up-to-date: /home/sentry-nov/code/colcon_3/install/auto_start/share/auto_start/cmake/auto_startConfig.cmake
[2.595s] -- Up-to-date: /home/sentry-nov/code/colcon_3/install/auto_start/share/auto_start/cmake/auto_startConfig-version.cmake
[2.595s] -- Up-to-date: /home/sentry-nov/code/colcon_3/install/auto_start/share/auto_start/package.xml
[2.616s] Invoked command in '/home/sentry-nov/code/colcon_3/build/auto_start' returned '0': CMAKE_PREFIX_PATH=${CMAKE_PREFIX_PATH}:/opt/ros/humble /usr/bin/cmake --install /home/sentry-nov/code/colcon_3/build/auto_start
