[0.019s] Invoking command in '/home/sentry-nov/code/colcon_3/build/robot_decision_system': CMAKE_PREFIX_PATH=${CMAKE_PREFIX_PATH}:/opt/ros/humble /usr/bin/cmake --build /home/sentry-nov/code/colcon_3/build/robot_decision_system -- -j12 -l12
[0.151s] [ 11%] Built target robot_decision_system__cpp
[0.152s] [ 11%] Built target robot_decision_system__rosidl_generator_c
[0.164s] [ 11%] Built target ament_cmake_python_copy_robot_decision_system
[0.184s] [ 28%] Built target robot_decision_system__rosidl_typesupport_c
[0.184s] [ 28%] Built target robot_decision_system__rosidl_typesupport_introspection_c
[0.186s] [ 45%] Built target robot_decision_system__rosidl_typesupport_introspection_cpp
[0.186s] [ 45%] Built target robot_decision_system__rosidl_typesupport_fastrtps_c
[0.199s] [ 62%] Built target robot_decision_system__rosidl_typesupport_cpp
[0.199s] [ 62%] Built target robot_decision_system__rosidl_typesupport_fastrtps_cpp
[0.230s] [ 62%] Built target robot_decision_system
[0.263s] [ 65%] Built target robot_decision_system__py
[0.266s] [ 71%] [32mBuilding CXX object CMakeFiles/robot_decision_blue.dir/src/robot_decision_blue.cpp.o[0m
[0.266s] [ 74%] Built target robot_decision_red
[0.296s] [ 80%] Built target robot_decision_system__rosidl_generator_py
[0.328s] [ 94%] Built target robot_decision_system__rosidl_typesupport_introspection_c__pyext
[0.328s] [ 97%] Built target robot_decision_system__rosidl_typesupport_c__pyext
[0.329s] [ 97%] Built target robot_decision_system__rosidl_typesupport_fastrtps_c__pyext
[0.420s] running egg_info
[0.421s] writing robot_decision_system.egg-info/PKG-INFO
[0.421s] writing dependency_links to robot_decision_system.egg-info/dependency_links.txt
[0.421s] writing top-level names to robot_decision_system.egg-info/top_level.txt
[0.426s] reading manifest file 'robot_decision_system.egg-info/SOURCES.txt'
[0.427s] writing manifest file 'robot_decision_system.egg-info/SOURCES.txt'
[0.466s] [ 97%] Built target ament_cmake_python_build_robot_decision_system_egg
[3.571s] [01m[K/home/sentry-nov/code/colcon_3/src/robot_decision_system/src/robot_decision_blue.cpp:[m[K In member function ‘[01m[Kvoid RobotDecisionNode::handle_navigation_result_failure(int, RobotDecisionNode::RobotState)[m[K’:
[3.572s] [01m[K/home/sentry-nov/code/colcon_3/src/robot_decision_system/src/robot_decision_blue.cpp:987:64:[m[K [01;35m[Kwarning: [m[Kunused parameter ‘[01m[Kprev_state[m[K’ [[01;35m[K]8;;https://gcc.gnu.org/onlinedocs/gcc/Warning-Options.html#index-Wunused-parameter-Wunused-parameter]8;;[m[K]
[3.572s]   987 |   void handle_navigation_result_failure(int status, [01;35m[KRobotState prev_state[m[K)
[3.572s]       |                                                     [01;35m[K~~~~~~~~~~~^~~~~~~~~~[m[K
[12.596s] [100%] [32m[1mLinking CXX executable robot_decision_blue[0m
[13.632s] [100%] Built target robot_decision_blue
[13.649s] Invoked command in '/home/sentry-nov/code/colcon_3/build/robot_decision_system' returned '0': CMAKE_PREFIX_PATH=${CMAKE_PREFIX_PATH}:/opt/ros/humble /usr/bin/cmake --build /home/sentry-nov/code/colcon_3/build/robot_decision_system -- -j12 -l12
[13.664s] Invoking command in '/home/sentry-nov/code/colcon_3/build/robot_decision_system': CMAKE_PREFIX_PATH=${CMAKE_PREFIX_PATH}:/opt/ros/humble /usr/bin/cmake --install /home/sentry-nov/code/colcon_3/build/robot_decision_system
[13.676s] -- Install configuration: ""
[13.677s] -- Up-to-date: /home/sentry-nov/code/colcon_3/install/robot_decision_system/share/ament_index/resource_index/rosidl_interfaces/robot_decision_system
[13.677s] -- Up-to-date: /home/sentry-nov/code/colcon_3/install/robot_decision_system/include/robot_decision_system/robot_decision_system
[13.677s] -- Up-to-date: /home/sentry-nov/code/colcon_3/install/robot_decision_system/include/robot_decision_system/robot_decision_system/srv
[13.677s] -- Up-to-date: /home/sentry-nov/code/colcon_3/install/robot_decision_system/include/robot_decision_system/robot_decision_system/srv/detail
[13.678s] -- Up-to-date: /home/sentry-nov/code/colcon_3/install/robot_decision_system/include/robot_decision_system/robot_decision_system/srv/detail/nav_srv__struct.h
[13.678s] -- Up-to-date: /home/sentry-nov/code/colcon_3/install/robot_decision_system/include/robot_decision_system/robot_decision_system/srv/detail/nav_srv__type_support.h
[13.678s] -- Up-to-date: /home/sentry-nov/code/colcon_3/install/robot_decision_system/include/robot_decision_system/robot_decision_system/srv/detail/nav_srv__functions.h
[13.678s] -- Up-to-date: /home/sentry-nov/code/colcon_3/install/robot_decision_system/include/robot_decision_system/robot_decision_system/srv/detail/nav_srv__functions.c
[13.678s] -- Up-to-date: /home/sentry-nov/code/colcon_3/install/robot_decision_system/include/robot_decision_system/robot_decision_system/srv/nav_srv.h
[13.678s] -- Up-to-date: /home/sentry-nov/code/colcon_3/install/robot_decision_system/include/robot_decision_system/robot_decision_system/msg
[13.678s] -- Up-to-date: /home/sentry-nov/code/colcon_3/install/robot_decision_system/include/robot_decision_system/robot_decision_system/msg/rosidl_generator_c__visibility_control.h
[13.678s] -- Up-to-date: /home/sentry-nov/code/colcon_3/install/robot_decision_system/share/robot_decision_system/environment/library_path.sh
[13.678s] -- Up-to-date: /home/sentry-nov/code/colcon_3/install/robot_decision_system/share/robot_decision_system/environment/library_path.dsv
[13.678s] -- Up-to-date: /home/sentry-nov/code/colcon_3/install/robot_decision_system/lib/librobot_decision_system__rosidl_generator_c.so
[13.678s] -- Up-to-date: /home/sentry-nov/code/colcon_3/install/robot_decision_system/include/robot_decision_system/robot_decision_system
[13.679s] -- Up-to-date: /home/sentry-nov/code/colcon_3/install/robot_decision_system/include/robot_decision_system/robot_decision_system/srv
[13.679s] -- Up-to-date: /home/sentry-nov/code/colcon_3/install/robot_decision_system/include/robot_decision_system/robot_decision_system/srv/detail
[13.679s] -- Up-to-date: /home/sentry-nov/code/colcon_3/install/robot_decision_system/include/robot_decision_system/robot_decision_system/srv/detail/nav_srv__rosidl_typesupport_fastrtps_c.h
[13.679s] -- Up-to-date: /home/sentry-nov/code/colcon_3/install/robot_decision_system/include/robot_decision_system/robot_decision_system/msg
[13.679s] -- Up-to-date: /home/sentry-nov/code/colcon_3/install/robot_decision_system/include/robot_decision_system/robot_decision_system/msg/rosidl_typesupport_fastrtps_c__visibility_control.h
[13.679s] -- Up-to-date: /home/sentry-nov/code/colcon_3/install/robot_decision_system/lib/librobot_decision_system__rosidl_typesupport_fastrtps_c.so
[13.679s] -- Up-to-date: /home/sentry-nov/code/colcon_3/install/robot_decision_system/include/robot_decision_system/robot_decision_system
[13.679s] -- Up-to-date: /home/sentry-nov/code/colcon_3/install/robot_decision_system/include/robot_decision_system/robot_decision_system/srv
[13.679s] -- Up-to-date: /home/sentry-nov/code/colcon_3/install/robot_decision_system/include/robot_decision_system/robot_decision_system/srv/detail
[13.679s] -- Up-to-date: /home/sentry-nov/code/colcon_3/install/robot_decision_system/include/robot_decision_system/robot_decision_system/srv/detail/nav_srv__type_support.hpp
[13.679s] -- Up-to-date: /home/sentry-nov/code/colcon_3/install/robot_decision_system/include/robot_decision_system/robot_decision_system/srv/detail/nav_srv__struct.hpp
[13.679s] -- Up-to-date: /home/sentry-nov/code/colcon_3/install/robot_decision_system/include/robot_decision_system/robot_decision_system/srv/detail/nav_srv__traits.hpp
[13.680s] -- Up-to-date: /home/sentry-nov/code/colcon_3/install/robot_decision_system/include/robot_decision_system/robot_decision_system/srv/detail/nav_srv__builder.hpp
[13.680s] -- Up-to-date: /home/sentry-nov/code/colcon_3/install/robot_decision_system/include/robot_decision_system/robot_decision_system/srv/nav_srv.hpp
[13.680s] -- Up-to-date: /home/sentry-nov/code/colcon_3/install/robot_decision_system/include/robot_decision_system/robot_decision_system/msg
[13.680s] -- Up-to-date: /home/sentry-nov/code/colcon_3/install/robot_decision_system/include/robot_decision_system/robot_decision_system/msg/rosidl_generator_cpp__visibility_control.hpp
[13.680s] -- Up-to-date: /home/sentry-nov/code/colcon_3/install/robot_decision_system/include/robot_decision_system/robot_decision_system
[13.680s] -- Up-to-date: /home/sentry-nov/code/colcon_3/install/robot_decision_system/include/robot_decision_system/robot_decision_system/srv
[13.680s] -- Up-to-date: /home/sentry-nov/code/colcon_3/install/robot_decision_system/include/robot_decision_system/robot_decision_system/srv/detail
[13.680s] -- Up-to-date: /home/sentry-nov/code/colcon_3/install/robot_decision_system/include/robot_decision_system/robot_decision_system/srv/detail/dds_fastrtps
[13.680s] -- Up-to-date: /home/sentry-nov/code/colcon_3/install/robot_decision_system/include/robot_decision_system/robot_decision_system/srv/detail/nav_srv__rosidl_typesupport_fastrtps_cpp.hpp
[13.680s] -- Up-to-date: /home/sentry-nov/code/colcon_3/install/robot_decision_system/include/robot_decision_system/robot_decision_system/msg
[13.680s] -- Up-to-date: /home/sentry-nov/code/colcon_3/install/robot_decision_system/include/robot_decision_system/robot_decision_system/msg/rosidl_typesupport_fastrtps_cpp__visibility_control.h
[13.680s] -- Up-to-date: /home/sentry-nov/code/colcon_3/install/robot_decision_system/lib/librobot_decision_system__rosidl_typesupport_fastrtps_cpp.so
[13.680s] -- Up-to-date: /home/sentry-nov/code/colcon_3/install/robot_decision_system/include/robot_decision_system/robot_decision_system
[13.680s] -- Up-to-date: /home/sentry-nov/code/colcon_3/install/robot_decision_system/include/robot_decision_system/robot_decision_system/srv
[13.680s] -- Up-to-date: /home/sentry-nov/code/colcon_3/install/robot_decision_system/include/robot_decision_system/robot_decision_system/srv/detail
[13.680s] -- Up-to-date: /home/sentry-nov/code/colcon_3/install/robot_decision_system/include/robot_decision_system/robot_decision_system/srv/detail/nav_srv__type_support.c
[13.681s] -- Up-to-date: /home/sentry-nov/code/colcon_3/install/robot_decision_system/include/robot_decision_system/robot_decision_system/srv/detail/nav_srv__rosidl_typesupport_introspection_c.h
[13.681s] -- Up-to-date: /home/sentry-nov/code/colcon_3/install/robot_decision_system/include/robot_decision_system/robot_decision_system/msg
[13.681s] -- Up-to-date: /home/sentry-nov/code/colcon_3/install/robot_decision_system/include/robot_decision_system/robot_decision_system/msg/rosidl_typesupport_introspection_c__visibility_control.h
[13.681s] -- Up-to-date: /home/sentry-nov/code/colcon_3/install/robot_decision_system/lib/librobot_decision_system__rosidl_typesupport_introspection_c.so
[13.681s] -- Up-to-date: /home/sentry-nov/code/colcon_3/install/robot_decision_system/lib/librobot_decision_system__rosidl_typesupport_c.so
[13.681s] -- Up-to-date: /home/sentry-nov/code/colcon_3/install/robot_decision_system/include/robot_decision_system/robot_decision_system
[13.681s] -- Up-to-date: /home/sentry-nov/code/colcon_3/install/robot_decision_system/include/robot_decision_system/robot_decision_system/srv
[13.681s] -- Up-to-date: /home/sentry-nov/code/colcon_3/install/robot_decision_system/include/robot_decision_system/robot_decision_system/srv/detail
[13.681s] -- Up-to-date: /home/sentry-nov/code/colcon_3/install/robot_decision_system/include/robot_decision_system/robot_decision_system/srv/detail/nav_srv__type_support.cpp
[13.681s] -- Up-to-date: /home/sentry-nov/code/colcon_3/install/robot_decision_system/include/robot_decision_system/robot_decision_system/srv/detail/nav_srv__rosidl_typesupport_introspection_cpp.hpp
[13.681s] -- Up-to-date: /home/sentry-nov/code/colcon_3/install/robot_decision_system/lib/librobot_decision_system__rosidl_typesupport_introspection_cpp.so
[13.681s] -- Up-to-date: /home/sentry-nov/code/colcon_3/install/robot_decision_system/lib/librobot_decision_system__rosidl_typesupport_cpp.so
[13.681s] -- Up-to-date: /home/sentry-nov/code/colcon_3/install/robot_decision_system/share/robot_decision_system/environment/pythonpath.sh
[13.681s] -- Up-to-date: /home/sentry-nov/code/colcon_3/install/robot_decision_system/share/robot_decision_system/environment/pythonpath.dsv
[13.682s] -- Up-to-date: /home/sentry-nov/code/colcon_3/install/robot_decision_system/local/lib/python3.10/dist-packages/robot_decision_system-0.0.0-py3.10.egg-info
[13.682s] -- Installing: /home/sentry-nov/code/colcon_3/install/robot_decision_system/local/lib/python3.10/dist-packages/robot_decision_system-0.0.0-py3.10.egg-info/top_level.txt
[13.682s] -- Installing: /home/sentry-nov/code/colcon_3/install/robot_decision_system/local/lib/python3.10/dist-packages/robot_decision_system-0.0.0-py3.10.egg-info/dependency_links.txt
[13.682s] -- Installing: /home/sentry-nov/code/colcon_3/install/robot_decision_system/local/lib/python3.10/dist-packages/robot_decision_system-0.0.0-py3.10.egg-info/PKG-INFO
[13.682s] -- Installing: /home/sentry-nov/code/colcon_3/install/robot_decision_system/local/lib/python3.10/dist-packages/robot_decision_system-0.0.0-py3.10.egg-info/SOURCES.txt
[13.682s] -- Up-to-date: /home/sentry-nov/code/colcon_3/install/robot_decision_system/local/lib/python3.10/dist-packages/robot_decision_system
[13.682s] -- Up-to-date: /home/sentry-nov/code/colcon_3/install/robot_decision_system/local/lib/python3.10/dist-packages/robot_decision_system/robot_decision_system_s__rosidl_typesupport_c.cpython-310-x86_64-linux-gnu.so
[13.682s] -- Up-to-date: /home/sentry-nov/code/colcon_3/install/robot_decision_system/local/lib/python3.10/dist-packages/robot_decision_system/robot_decision_system_s__rosidl_typesupport_introspection_c.cpython-310-x86_64-linux-gnu.so
[13.683s] -- Up-to-date: /home/sentry-nov/code/colcon_3/install/robot_decision_system/local/lib/python3.10/dist-packages/robot_decision_system/srv
[13.683s] -- Up-to-date: /home/sentry-nov/code/colcon_3/install/robot_decision_system/local/lib/python3.10/dist-packages/robot_decision_system/srv/_nav_srv_s.c
[13.683s] -- Up-to-date: /home/sentry-nov/code/colcon_3/install/robot_decision_system/local/lib/python3.10/dist-packages/robot_decision_system/srv/_nav_srv.py
[13.683s] -- Up-to-date: /home/sentry-nov/code/colcon_3/install/robot_decision_system/local/lib/python3.10/dist-packages/robot_decision_system/srv/__init__.py
[13.683s] -- Up-to-date: /home/sentry-nov/code/colcon_3/install/robot_decision_system/local/lib/python3.10/dist-packages/robot_decision_system/_robot_decision_system_s.ep.rosidl_typesupport_introspection_c.c
[13.683s] -- Up-to-date: /home/sentry-nov/code/colcon_3/install/robot_decision_system/local/lib/python3.10/dist-packages/robot_decision_system/_robot_decision_system_s.ep.rosidl_typesupport_c.c
[13.683s] -- Up-to-date: /home/sentry-nov/code/colcon_3/install/robot_decision_system/local/lib/python3.10/dist-packages/robot_decision_system/robot_decision_system_s__rosidl_typesupport_fastrtps_c.cpython-310-x86_64-linux-gnu.so
[13.683s] -- Up-to-date: /home/sentry-nov/code/colcon_3/install/robot_decision_system/local/lib/python3.10/dist-packages/robot_decision_system/__init__.py
[13.683s] -- Up-to-date: /home/sentry-nov/code/colcon_3/install/robot_decision_system/local/lib/python3.10/dist-packages/robot_decision_system/_robot_decision_system_s.ep.rosidl_typesupport_fastrtps_c.c
[13.683s] -- Up-to-date: /home/sentry-nov/code/colcon_3/install/robot_decision_system/local/lib/python3.10/dist-packages/robot_decision_system/librobot_decision_system__rosidl_generator_py.so
[13.714s] Listing '/home/sentry-nov/code/colcon_3/install/robot_decision_system/local/lib/python3.10/dist-packages/robot_decision_system'...
[13.714s] Listing '/home/sentry-nov/code/colcon_3/install/robot_decision_system/local/lib/python3.10/dist-packages/robot_decision_system/srv'...
[13.719s] -- Up-to-date: /home/sentry-nov/code/colcon_3/install/robot_decision_system/local/lib/python3.10/dist-packages/robot_decision_system/robot_decision_system_s__rosidl_typesupport_fastrtps_c.cpython-310-x86_64-linux-gnu.so
[13.719s] -- Up-to-date: /home/sentry-nov/code/colcon_3/install/robot_decision_system/local/lib/python3.10/dist-packages/robot_decision_system/robot_decision_system_s__rosidl_typesupport_introspection_c.cpython-310-x86_64-linux-gnu.so
[13.720s] -- Up-to-date: /home/sentry-nov/code/colcon_3/install/robot_decision_system/local/lib/python3.10/dist-packages/robot_decision_system/robot_decision_system_s__rosidl_typesupport_c.cpython-310-x86_64-linux-gnu.so
[13.720s] -- Up-to-date: /home/sentry-nov/code/colcon_3/install/robot_decision_system/lib/librobot_decision_system__rosidl_generator_py.so
[13.720s] -- Up-to-date: /home/sentry-nov/code/colcon_3/install/robot_decision_system/share/robot_decision_system/srv/NavSrv.idl
[13.720s] -- Up-to-date: /home/sentry-nov/code/colcon_3/install/robot_decision_system/share/robot_decision_system/srv/NavSrv.srv
[13.720s] -- Up-to-date: /home/sentry-nov/code/colcon_3/install/robot_decision_system/share/robot_decision_system/srv/NavSrv_Request.msg
[13.720s] -- Up-to-date: /home/sentry-nov/code/colcon_3/install/robot_decision_system/share/robot_decision_system/srv/NavSrv_Response.msg
[13.722s] -- Installing: /home/sentry-nov/code/colcon_3/install/robot_decision_system/lib/robot_decision_system/robot_decision_blue
[13.731s] -- Set runtime path of "/home/sentry-nov/code/colcon_3/install/robot_decision_system/lib/robot_decision_system/robot_decision_blue" to ""
[13.732s] -- Up-to-date: /home/sentry-nov/code/colcon_3/install/robot_decision_system/lib/robot_decision_system/robot_decision_red
[13.732s] -- Up-to-date: /home/sentry-nov/code/colcon_3/install/robot_decision_system/share/ament_index/resource_index/package_run_dependencies/robot_decision_system
[13.732s] -- Up-to-date: /home/sentry-nov/code/colcon_3/install/robot_decision_system/share/ament_index/resource_index/parent_prefix_path/robot_decision_system
[13.733s] -- Up-to-date: /home/sentry-nov/code/colcon_3/install/robot_decision_system/share/robot_decision_system/environment/ament_prefix_path.sh
[13.733s] -- Up-to-date: /home/sentry-nov/code/colcon_3/install/robot_decision_system/share/robot_decision_system/environment/ament_prefix_path.dsv
[13.733s] -- Up-to-date: /home/sentry-nov/code/colcon_3/install/robot_decision_system/share/robot_decision_system/environment/path.sh
[13.733s] -- Up-to-date: /home/sentry-nov/code/colcon_3/install/robot_decision_system/share/robot_decision_system/environment/path.dsv
[13.733s] -- Up-to-date: /home/sentry-nov/code/colcon_3/install/robot_decision_system/share/robot_decision_system/local_setup.bash
[13.733s] -- Up-to-date: /home/sentry-nov/code/colcon_3/install/robot_decision_system/share/robot_decision_system/local_setup.sh
[13.733s] -- Up-to-date: /home/sentry-nov/code/colcon_3/install/robot_decision_system/share/robot_decision_system/local_setup.zsh
[13.733s] -- Up-to-date: /home/sentry-nov/code/colcon_3/install/robot_decision_system/share/robot_decision_system/local_setup.dsv
[13.733s] -- Installing: /home/sentry-nov/code/colcon_3/install/robot_decision_system/share/robot_decision_system/package.dsv
[13.733s] -- Up-to-date: /home/sentry-nov/code/colcon_3/install/robot_decision_system/share/ament_index/resource_index/packages/robot_decision_system
[13.733s] -- Up-to-date: /home/sentry-nov/code/colcon_3/install/robot_decision_system/share/robot_decision_system/cmake/export_robot_decision_system__rosidl_generator_cExport.cmake
[13.733s] -- Up-to-date: /home/sentry-nov/code/colcon_3/install/robot_decision_system/share/robot_decision_system/cmake/export_robot_decision_system__rosidl_generator_cExport-noconfig.cmake
[13.734s] -- Up-to-date: /home/sentry-nov/code/colcon_3/install/robot_decision_system/share/robot_decision_system/cmake/export_robot_decision_system__rosidl_typesupport_fastrtps_cExport.cmake
[13.734s] -- Up-to-date: /home/sentry-nov/code/colcon_3/install/robot_decision_system/share/robot_decision_system/cmake/export_robot_decision_system__rosidl_typesupport_fastrtps_cExport-noconfig.cmake
[13.734s] -- Up-to-date: /home/sentry-nov/code/colcon_3/install/robot_decision_system/share/robot_decision_system/cmake/export_robot_decision_system__rosidl_generator_cppExport.cmake
[13.734s] -- Up-to-date: /home/sentry-nov/code/colcon_3/install/robot_decision_system/share/robot_decision_system/cmake/export_robot_decision_system__rosidl_typesupport_fastrtps_cppExport.cmake
[13.734s] -- Up-to-date: /home/sentry-nov/code/colcon_3/install/robot_decision_system/share/robot_decision_system/cmake/export_robot_decision_system__rosidl_typesupport_fastrtps_cppExport-noconfig.cmake
[13.734s] -- Up-to-date: /home/sentry-nov/code/colcon_3/install/robot_decision_system/share/robot_decision_system/cmake/robot_decision_system__rosidl_typesupport_introspection_cExport.cmake
[13.734s] -- Up-to-date: /home/sentry-nov/code/colcon_3/install/robot_decision_system/share/robot_decision_system/cmake/robot_decision_system__rosidl_typesupport_introspection_cExport-noconfig.cmake
[13.734s] -- Up-to-date: /home/sentry-nov/code/colcon_3/install/robot_decision_system/share/robot_decision_system/cmake/robot_decision_system__rosidl_typesupport_cExport.cmake
[13.734s] -- Up-to-date: /home/sentry-nov/code/colcon_3/install/robot_decision_system/share/robot_decision_system/cmake/robot_decision_system__rosidl_typesupport_cExport-noconfig.cmake
[13.734s] -- Up-to-date: /home/sentry-nov/code/colcon_3/install/robot_decision_system/share/robot_decision_system/cmake/robot_decision_system__rosidl_typesupport_introspection_cppExport.cmake
[13.734s] -- Up-to-date: /home/sentry-nov/code/colcon_3/install/robot_decision_system/share/robot_decision_system/cmake/robot_decision_system__rosidl_typesupport_introspection_cppExport-noconfig.cmake
[13.735s] -- Up-to-date: /home/sentry-nov/code/colcon_3/install/robot_decision_system/share/robot_decision_system/cmake/robot_decision_system__rosidl_typesupport_cppExport.cmake
[13.735s] -- Up-to-date: /home/sentry-nov/code/colcon_3/install/robot_decision_system/share/robot_decision_system/cmake/robot_decision_system__rosidl_typesupport_cppExport-noconfig.cmake
[13.735s] -- Up-to-date: /home/sentry-nov/code/colcon_3/install/robot_decision_system/share/robot_decision_system/cmake/export_robot_decision_system__rosidl_generator_pyExport.cmake
[13.735s] -- Up-to-date: /home/sentry-nov/code/colcon_3/install/robot_decision_system/share/robot_decision_system/cmake/export_robot_decision_system__rosidl_generator_pyExport-noconfig.cmake
[13.735s] -- Up-to-date: /home/sentry-nov/code/colcon_3/install/robot_decision_system/share/robot_decision_system/cmake/rosidl_cmake-extras.cmake
[13.735s] -- Up-to-date: /home/sentry-nov/code/colcon_3/install/robot_decision_system/share/robot_decision_system/cmake/ament_cmake_export_include_directories-extras.cmake
[13.735s] -- Up-to-date: /home/sentry-nov/code/colcon_3/install/robot_decision_system/share/robot_decision_system/cmake/ament_cmake_export_libraries-extras.cmake
[13.735s] -- Up-to-date: /home/sentry-nov/code/colcon_3/install/robot_decision_system/share/robot_decision_system/cmake/ament_cmake_export_targets-extras.cmake
[13.735s] -- Up-to-date: /home/sentry-nov/code/colcon_3/install/robot_decision_system/share/robot_decision_system/cmake/rosidl_cmake_export_typesupport_targets-extras.cmake
[13.735s] -- Up-to-date: /home/sentry-nov/code/colcon_3/install/robot_decision_system/share/robot_decision_system/cmake/ament_cmake_export_dependencies-extras.cmake
[13.735s] -- Up-to-date: /home/sentry-nov/code/colcon_3/install/robot_decision_system/share/robot_decision_system/cmake/rosidl_cmake_export_typesupport_libraries-extras.cmake
[13.735s] -- Up-to-date: /home/sentry-nov/code/colcon_3/install/robot_decision_system/share/robot_decision_system/cmake/robot_decision_systemConfig.cmake
[13.735s] -- Up-to-date: /home/sentry-nov/code/colcon_3/install/robot_decision_system/share/robot_decision_system/cmake/robot_decision_systemConfig-version.cmake
[13.736s] -- Up-to-date: /home/sentry-nov/code/colcon_3/install/robot_decision_system/share/robot_decision_system/package.xml
[13.737s] Invoked command in '/home/sentry-nov/code/colcon_3/build/robot_decision_system' returned '0': CMAKE_PREFIX_PATH=${CMAKE_PREFIX_PATH}:/opt/ros/humble /usr/bin/cmake --install /home/sentry-nov/code/colcon_3/build/robot_decision_system
