[0.012s] Invoking command in '/home/sentry-nov/code/colcon_3/build/z_related_map': AMENT_PREFIX_PATH=/home/sentry-nov/code/colcon_3/install/debug_tools:${AMENT_PREFIX_PATH} CMAKE_PREFIX_PATH=/home/sentry-nov/code/colcon_3/install/debug_tools:/opt/ros/humble /usr/bin/cmake /home/sentry-nov/code/colcon_3/src/navigation/z_related_map -DCMAKE_BUILD_TYPE=Release -DCMAKE_INSTALL_PREFIX=/home/sentry-nov/code/colcon_3/install/z_related_map
[0.070s] -- The C compiler identification is GNU 11.4.0
[0.124s] -- The CXX compiler identification is GNU 11.4.0
[0.132s] -- Detecting C compiler ABI info
[0.208s] -- Detecting C compiler ABI info - done
[0.215s] -- Check for working C compiler: /usr/bin/cc - skipped
[0.215s] -- Detecting C compile features
[0.215s] -- Detecting C compile features - done
[0.218s] -- Detecting CXX compiler ABI info
[0.301s] -- Detecting CXX compiler ABI info - done
[0.308s] -- Check for working CXX compiler: /usr/bin/c++ - skipped
[0.308s] -- Detecting CXX compile features
[0.308s] -- Detecting CXX compile features - done
[0.311s] -- Found ament_cmake: 1.3.11 (/opt/ros/humble/share/ament_cmake/cmake)
[0.453s] -- Found Python3: /usr/bin/python3 (found version "3.10.12") found components: Interpreter 
[0.530s] -- Found rclcpp: 16.0.11 (/opt/ros/humble/share/rclcpp/cmake)
[0.567s] -- Found rosidl_generator_c: 3.1.6 (/opt/ros/humble/share/rosidl_generator_c/cmake)
[0.571s] -- Found rosidl_adapter: 3.1.6 (/opt/ros/humble/share/rosidl_adapter/cmake)
[0.578s] -- Found rosidl_generator_cpp: 3.1.6 (/opt/ros/humble/share/rosidl_generator_cpp/cmake)
[0.589s] -- Using all available rosidl_typesupport_c: rosidl_typesupport_fastrtps_c;rosidl_typesupport_introspection_c
[0.603s] -- Using all available rosidl_typesupport_cpp: rosidl_typesupport_fastrtps_cpp;rosidl_typesupport_introspection_cpp
[0.642s] -- Found rmw_implementation_cmake: 6.1.2 (/opt/ros/humble/share/rmw_implementation_cmake/cmake)
[0.644s] -- Found rmw_fastrtps_cpp: 6.2.7 (/opt/ros/humble/share/rmw_fastrtps_cpp/cmake)
[0.751s] -- Found OpenSSL: /usr/lib/x86_64-linux-gnu/libcrypto.so (found version "3.0.2")  
[0.779s] -- Found FastRTPS: /opt/ros/humble/include  
[0.823s] -- Using RMW implementation 'rmw_fastrtps_cpp' as default
[0.831s] -- Looking for pthread.h
[0.912s] -- Looking for pthread.h - found
[0.912s] -- Performing Test CMAKE_HAVE_LIBC_PTHREAD
[0.994s] -- Performing Test CMAKE_HAVE_LIBC_PTHREAD - Success
[0.995s] -- Found Threads: TRUE  
[1.039s] -- Found sensor_msgs: 4.2.4 (/opt/ros/humble/share/sensor_msgs/cmake)
[1.067s] -- Found nav_msgs: 4.2.4 (/opt/ros/humble/share/nav_msgs/cmake)
[1.082s] -- Found pcl_ros: 2.4.5 (/opt/ros/humble/share/pcl_ros/cmake)
[1.123s] -- Checking for module 'eigen3'
[1.146s] --   Found eigen3, version 3.4.0
[1.202s] -- Found Eigen: /usr/include/eigen3 (Required is at least version "3.1") 
[1.202s] -- Eigen found (include: /usr/include/eigen3, version: 3.4.0)
[1.236s] -- Checking for module 'flann'
[1.257s] --   Found flann, version 1.9.1
[1.315s] -- Found FLANN: /usr/lib/x86_64-linux-gnu/libflann_cpp.so  
[1.316s] -- FLANN found (include: /usr/include, lib: /usr/lib/x86_64-linux-gnu/libflann_cpp.so)
[2.423s] -- Checking for module 'libusb-1.0'
[2.448s] --   Found libusb-1.0, version 1.0.25
[2.508s] -- Found libusb: /usr/lib/x86_64-linux-gnu/libusb-1.0.so  
[2.509s] -- OpenNI found (version: 1.5.4.0, include: /usr/include/ni, lib: /usr/lib/libOpenNI.so;libusb::libusb)
[2.600s] -- OpenNI2 found (version: 2.2.0.33, include: /usr/include/openni2, lib: /usr/lib/x86_64-linux-gnu/libOpenNI2.so;libusb::libusb)
[2.748s] -- Eigen found (include: /usr/include/eigen3, version: 3.4.0)
[2.755s] -- OpenNI found (version: 1.5.4.0, include: /usr/include/ni, lib: /usr/lib/libOpenNI.so;libusb::libusb)
[2.763s] -- OpenNI2 found (version: 2.2.0.33, include: /usr/include/openni2, lib: /usr/lib/x86_64-linux-gnu/libOpenNI2.so;libusb::libusb)
[2.901s] -- Found Qhull version 8.0.2
[3.050s] -- OpenNI found (version: 1.5.4.0, include: /usr/include/ni, lib: /usr/lib/libOpenNI.so;libusb::libusb)
[3.194s] -- Found PCL_COMMON: /usr/lib/x86_64-linux-gnu/libpcl_common.so  
[3.194s] -- Found PCL_KDTREE: /usr/lib/x86_64-linux-gnu/libpcl_kdtree.so  
[3.195s] -- Found PCL_OCTREE: /usr/lib/x86_64-linux-gnu/libpcl_octree.so  
[3.196s] -- Found PCL_SEARCH: /usr/lib/x86_64-linux-gnu/libpcl_search.so  
[3.196s] -- Found PCL_SAMPLE_CONSENSUS: /usr/lib/x86_64-linux-gnu/libpcl_sample_consensus.so  
[3.197s] -- Found PCL_FILTERS: /usr/lib/x86_64-linux-gnu/libpcl_filters.so  
[3.197s] -- Found PCL_2D: /usr/include/pcl-1.12  
[3.198s] -- Found PCL_GEOMETRY: /usr/include/pcl-1.12  
[3.198s] -- Found PCL_IO: /usr/lib/x86_64-linux-gnu/libpcl_io.so  
[3.199s] -- Found PCL_FEATURES: /usr/lib/x86_64-linux-gnu/libpcl_features.so  
[3.200s] -- Found PCL_ML: /usr/lib/x86_64-linux-gnu/libpcl_ml.so  
[3.201s] -- Found PCL_SEGMENTATION: /usr/lib/x86_64-linux-gnu/libpcl_segmentation.so  
[3.201s] -- Found PCL_VISUALIZATION: /usr/lib/x86_64-linux-gnu/libpcl_visualization.so  
[3.202s] -- Found PCL_SURFACE: /usr/lib/x86_64-linux-gnu/libpcl_surface.so  
[3.203s] -- Found PCL_REGISTRATION: /usr/lib/x86_64-linux-gnu/libpcl_registration.so  
[3.204s] -- Found PCL_KEYPOINTS: /usr/lib/x86_64-linux-gnu/libpcl_keypoints.so  
[3.204s] -- Found PCL_TRACKING: /usr/lib/x86_64-linux-gnu/libpcl_tracking.so  
[3.205s] -- Found PCL_RECOGNITION: /usr/lib/x86_64-linux-gnu/libpcl_recognition.so  
[3.206s] -- Found PCL_STEREO: /usr/lib/x86_64-linux-gnu/libpcl_stereo.so  
[3.207s] -- Found PCL_APPS: /usr/lib/x86_64-linux-gnu/libpcl_apps.so  
[3.208s] -- Found PCL_IN_HAND_SCANNER: /usr/include/pcl-1.12  
[3.208s] -- Found PCL_MODELER: /usr/include/pcl-1.12  
[3.209s] -- Found PCL_POINT_CLOUD_EDITOR: /usr/include/pcl-1.12  
[3.210s] -- Found PCL_OUTOFCORE: /usr/lib/x86_64-linux-gnu/libpcl_outofcore.so  
[3.211s] -- Found PCL_PEOPLE: /usr/lib/x86_64-linux-gnu/libpcl_people.so  
[3.243s] -- Found eigen3_cmake_module: 0.1.1 (/opt/ros/humble/share/eigen3_cmake_module/cmake)
[3.244s] -- Found Eigen3: TRUE (found version "3.4.0") 
[3.244s] -- Ensuring Eigen3 include directory is part of orocos-kdl CMake target
[3.324s] -- Found debug_tools: 0.0.0 (/home/sentry-nov/code/colcon_3/install/debug_tools/share/debug_tools/cmake)
[3.416s] -- Configuring done
[3.567s] -- Generating done
[3.602s] -- Build files have been written to: /home/sentry-nov/code/colcon_3/build/z_related_map
[3.626s] Invoked command in '/home/sentry-nov/code/colcon_3/build/z_related_map' returned '0': AMENT_PREFIX_PATH=/home/sentry-nov/code/colcon_3/install/debug_tools:${AMENT_PREFIX_PATH} CMAKE_PREFIX_PATH=/home/sentry-nov/code/colcon_3/install/debug_tools:/opt/ros/humble /usr/bin/cmake /home/sentry-nov/code/colcon_3/src/navigation/z_related_map -DCMAKE_BUILD_TYPE=Release -DCMAKE_INSTALL_PREFIX=/home/sentry-nov/code/colcon_3/install/z_related_map
[3.628s] Invoking command in '/home/sentry-nov/code/colcon_3/build/z_related_map': AMENT_PREFIX_PATH=/home/sentry-nov/code/colcon_3/install/debug_tools:${AMENT_PREFIX_PATH} CMAKE_PREFIX_PATH=/home/sentry-nov/code/colcon_3/install/debug_tools:/opt/ros/humble /usr/bin/cmake --build /home/sentry-nov/code/colcon_3/build/z_related_map -- -j12 -l12
[3.694s] [ 26%] [32mBuilding CXX object CMakeFiles/test_cloud_generator_node.dir/test/cloud_generator.cpp.o[0m
[3.695s] [ 26%] [32mBuilding CXX object CMakeFiles/z_related_map.dir/src/grid_map.cpp.o[0m
[3.695s] [ 33%] [32mBuilding CXX object CMakeFiles/z_related_map.dir/src/prob/prob_map.cpp.o[0m
[3.695s] [ 40%] [32mBuilding CXX object CMakeFiles/z_related_map.dir/src/z_related_map.cpp.o[0m
[3.695s] [ 40%] [32mBuilding CXX object CMakeFiles/z_related_map.dir/src/prob/sliding_map.cpp.o[0m
[3.697s] [ 53%] [32mBuilding CXX object CMakeFiles/z_related_map.dir/src/prob/raycaster.cpp.o[0m
[3.697s] [ 53%] [32mBuilding CXX object CMakeFiles/z_related_map.dir/src/local_map.cpp.o[0m
[3.698s] [ 53%] [32mBuilding CXX object CMakeFiles/z_related_map.dir/src/prob/counter_map.cpp.o[0m
[3.698s] [ 60%] [32mBuilding CXX object CMakeFiles/z_related_map.dir/src/global_map.cpp.o[0m
[12.785s] [ 66%] [32m[1mLinking CXX static library libz_related_map.a[0m
[12.856s] [ 66%] Built target z_related_map
[12.882s] [ 80%] [32mBuilding CXX object CMakeFiles/test_node.dir/test/test.cpp.o[0m
[12.882s] [ 80%] [32mBuilding CXX object CMakeFiles/test_prob_node.dir/test/test_prob.cpp.o[0m
[14.156s] [ 86%] [32m[1mLinking CXX executable test_cloud_generator_node[0m
[14.588s] [ 86%] Built target test_cloud_generator_node
[22.873s] [ 93%] [32m[1mLinking CXX executable test_node[0m
[24.082s] [ 93%] Built target test_node
[31.430s] [100%] [32m[1mLinking CXX executable test_prob_node[0m
[31.934s] [100%] Built target test_prob_node
[31.949s] Invoked command in '/home/sentry-nov/code/colcon_3/build/z_related_map' returned '0': AMENT_PREFIX_PATH=/home/sentry-nov/code/colcon_3/install/debug_tools:${AMENT_PREFIX_PATH} CMAKE_PREFIX_PATH=/home/sentry-nov/code/colcon_3/install/debug_tools:/opt/ros/humble /usr/bin/cmake --build /home/sentry-nov/code/colcon_3/build/z_related_map -- -j12 -l12
[31.951s] Invoking command in '/home/sentry-nov/code/colcon_3/build/z_related_map': AMENT_PREFIX_PATH=/home/sentry-nov/code/colcon_3/install/debug_tools:${AMENT_PREFIX_PATH} CMAKE_PREFIX_PATH=/home/sentry-nov/code/colcon_3/install/debug_tools:/opt/ros/humble /usr/bin/cmake --install /home/sentry-nov/code/colcon_3/build/z_related_map
[31.959s] -- Install configuration: "Release"
[31.960s] -- Installing: /home/sentry-nov/code/colcon_3/install/z_related_map/share/z_related_map/environment/library_path.sh
[31.960s] -- Installing: /home/sentry-nov/code/colcon_3/install/z_related_map/share/z_related_map/environment/library_path.dsv
[31.960s] -- Installing: /home/sentry-nov/code/colcon_3/install/z_related_map/include
[31.960s] -- Installing: /home/sentry-nov/code/colcon_3/install/z_related_map/include/z_related_map
[31.960s] -- Installing: /home/sentry-nov/code/colcon_3/install/z_related_map/include/z_related_map/z_related_map_ros.h
[31.960s] -- Installing: /home/sentry-nov/code/colcon_3/install/z_related_map/include/z_related_map/prob
[31.960s] -- Installing: /home/sentry-nov/code/colcon_3/install/z_related_map/include/z_related_map/prob/sliding_map.h
[31.960s] -- Installing: /home/sentry-nov/code/colcon_3/install/z_related_map/include/z_related_map/prob/prob_map.h
[31.961s] -- Installing: /home/sentry-nov/code/colcon_3/install/z_related_map/include/z_related_map/prob/math_cal.hpp
[31.961s] -- Installing: /home/sentry-nov/code/colcon_3/install/z_related_map/include/z_related_map/prob/counter_map.h
[31.961s] -- Installing: /home/sentry-nov/code/colcon_3/install/z_related_map/include/z_related_map/prob/config.hpp
[31.961s] -- Installing: /home/sentry-nov/code/colcon_3/install/z_related_map/include/z_related_map/prob/raycaster.h
[31.961s] -- Installing: /home/sentry-nov/code/colcon_3/install/z_related_map/include/z_related_map/local_map.h
[31.961s] -- Installing: /home/sentry-nov/code/colcon_3/install/z_related_map/include/z_related_map/cloud_generator.h
[31.962s] -- Installing: /home/sentry-nov/code/colcon_3/install/z_related_map/include/z_related_map/global_map.h
[31.962s] -- Installing: /home/sentry-nov/code/colcon_3/install/z_related_map/include/z_related_map/z_related_map.h
[31.962s] -- Installing: /home/sentry-nov/code/colcon_3/install/z_related_map/lib/libz_related_map.a
[31.965s] -- Installing: /home/sentry-nov/code/colcon_3/install/z_related_map/lib/z_related_map/test_cloud_generator_node
[31.965s] -- Set runtime path of "/home/sentry-nov/code/colcon_3/install/z_related_map/lib/z_related_map/test_cloud_generator_node" to ""
[31.966s] -- Installing: /home/sentry-nov/code/colcon_3/install/z_related_map/lib/z_related_map/test_node
[31.967s] -- Set runtime path of "/home/sentry-nov/code/colcon_3/install/z_related_map/lib/z_related_map/test_node" to ""
[31.967s] -- Installing: /home/sentry-nov/code/colcon_3/install/z_related_map/lib/z_related_map/test_prob_node
[31.969s] -- Set runtime path of "/home/sentry-nov/code/colcon_3/install/z_related_map/lib/z_related_map/test_prob_node" to ""
[31.969s] -- Installing: /home/sentry-nov/code/colcon_3/install/z_related_map/share/ament_index/resource_index/package_run_dependencies/z_related_map
[31.969s] -- Installing: /home/sentry-nov/code/colcon_3/install/z_related_map/share/ament_index/resource_index/parent_prefix_path/z_related_map
[31.969s] -- Installing: /home/sentry-nov/code/colcon_3/install/z_related_map/share/z_related_map/environment/ament_prefix_path.sh
[31.970s] -- Installing: /home/sentry-nov/code/colcon_3/install/z_related_map/share/z_related_map/environment/ament_prefix_path.dsv
[31.970s] -- Installing: /home/sentry-nov/code/colcon_3/install/z_related_map/share/z_related_map/environment/path.sh
[31.970s] -- Installing: /home/sentry-nov/code/colcon_3/install/z_related_map/share/z_related_map/environment/path.dsv
[31.970s] -- Installing: /home/sentry-nov/code/colcon_3/install/z_related_map/share/z_related_map/local_setup.bash
[31.970s] -- Installing: /home/sentry-nov/code/colcon_3/install/z_related_map/share/z_related_map/local_setup.sh
[31.970s] -- Installing: /home/sentry-nov/code/colcon_3/install/z_related_map/share/z_related_map/local_setup.zsh
[31.970s] -- Installing: /home/sentry-nov/code/colcon_3/install/z_related_map/share/z_related_map/local_setup.dsv
[31.970s] -- Installing: /home/sentry-nov/code/colcon_3/install/z_related_map/share/z_related_map/package.dsv
[31.971s] -- Installing: /home/sentry-nov/code/colcon_3/install/z_related_map/share/ament_index/resource_index/packages/z_related_map
[31.971s] -- Installing: /home/sentry-nov/code/colcon_3/install/z_related_map/share/z_related_map/cmake/ament_cmake_export_include_directories-extras.cmake
[31.971s] -- Installing: /home/sentry-nov/code/colcon_3/install/z_related_map/share/z_related_map/cmake/ament_cmake_export_libraries-extras.cmake
[31.971s] -- Installing: /home/sentry-nov/code/colcon_3/install/z_related_map/share/z_related_map/cmake/z_related_mapConfig.cmake
[31.971s] -- Installing: /home/sentry-nov/code/colcon_3/install/z_related_map/share/z_related_map/cmake/z_related_mapConfig-version.cmake
[31.971s] -- Installing: /home/sentry-nov/code/colcon_3/install/z_related_map/share/z_related_map/package.xml
[31.974s] Invoked command in '/home/sentry-nov/code/colcon_3/build/z_related_map' returned '0': AMENT_PREFIX_PATH=/home/sentry-nov/code/colcon_3/install/debug_tools:${AMENT_PREFIX_PATH} CMAKE_PREFIX_PATH=/home/sentry-nov/code/colcon_3/install/debug_tools:/opt/ros/humble /usr/bin/cmake --install /home/sentry-nov/code/colcon_3/build/z_related_map
