[0.028s] Invoking command in '/home/sentry-nov/code/colcon_3/build/icp_relocalization': AMENT_PREFIX_PATH=/home/sentry-nov/code/colcon_3/install/debug_tools:${AMENT_PREFIX_PATH} CMAKE_PREFIX_PATH=/home/sentry-nov/code/colcon_3/install/debug_tools:/opt/ros/humble /usr/bin/cmake --build /home/sentry-nov/code/colcon_3/build/icp_relocalization -- -j12 -l12
[0.184s] [35m[1mConsolidate compiler generated dependencies of target gravity_node[0m
[0.186s] [35m[1mConsolidate compiler generated dependencies of target icp_relocalization_sync_node[0m
[0.186s] [35m[1mConsolidate compiler generated dependencies of target icp_relocalization_node[0m
[0.220s] [ 33%] Built target gravity_node
[0.221s] gmake[2]: Warning: File '/home/sentry-nov/code/colcon_3/src/slam/icp_relocalization/include/icp_relocalization/icp_relocalization_sync.h' has modification time 3366 s in the future
[0.235s] [ 83%] [32mBuilding CXX object CMakeFiles/icp_relocalization_sync_node.dir/src/icp_relocalization_sync.cpp.o[0m
[0.236s] [ 83%] Built target icp_relocalization_node
[2.094s] In file included from [01m[K/home/sentry-nov/code/colcon_3/src/slam/icp_relocalization/include/icp_relocalization/icp_relocalization_sync.h:10[m[K,
[2.094s]                  from [01m[K/home/sentry-nov/code/colcon_3/src/slam/icp_relocalization/src/icp_relocalization_sync.cpp:1[m[K:
[2.094s] [01m[K/usr/local/include/small_gicp/registration/reduction_omp.hpp:10:2:[m[K [01;35m[Kwarning: [m[K#warning "OpenMP is not available. Parallel reduction will be disabled." [[01;35m[K]8;;https://gcc.gnu.org/onlinedocs/gcc/Warning-Options.html#index-Wcpp-Wcpp]8;;[m[K]
[2.094s]    10 | #[01;35m[Kwarning[m[K "OpenMP is not available. Parallel reduction will be disabled."
[2.094s]       |  [01;35m[K^~~~~~~[m[K
[32.898s] [100%] [32m[1mLinking CXX executable icp_relocalization_sync_node[0m
[33.627s] gmake[2]: warning: Clock skew detected. Your build may be incomplete.
[33.637s] [100%] Built target icp_relocalization_sync_node
[33.653s] Invoked command in '/home/sentry-nov/code/colcon_3/build/icp_relocalization' returned '0': AMENT_PREFIX_PATH=/home/sentry-nov/code/colcon_3/install/debug_tools:${AMENT_PREFIX_PATH} CMAKE_PREFIX_PATH=/home/sentry-nov/code/colcon_3/install/debug_tools:/opt/ros/humble /usr/bin/cmake --build /home/sentry-nov/code/colcon_3/build/icp_relocalization -- -j12 -l12
[33.655s] Invoking command in '/home/sentry-nov/code/colcon_3/build/icp_relocalization': AMENT_PREFIX_PATH=/home/sentry-nov/code/colcon_3/install/debug_tools:${AMENT_PREFIX_PATH} CMAKE_PREFIX_PATH=/home/sentry-nov/code/colcon_3/install/debug_tools:/opt/ros/humble /usr/bin/cmake --install /home/sentry-nov/code/colcon_3/build/icp_relocalization
[33.664s] -- Install configuration: "Release"
[33.665s] -- Up-to-date: /home/sentry-nov/code/colcon_3/install/icp_relocalization/lib/icp_relocalization/icp_relocalization_node
[33.667s] -- Installing: /home/sentry-nov/code/colcon_3/install/icp_relocalization/lib/icp_relocalization/icp_relocalization_sync_node
[33.671s] -- Set runtime path of "/home/sentry-nov/code/colcon_3/install/icp_relocalization/lib/icp_relocalization/icp_relocalization_sync_node" to ""
[33.673s] -- Up-to-date: /home/sentry-nov/code/colcon_3/install/icp_relocalization/lib/icp_relocalization/gravity_node
[33.673s] -- Up-to-date: /home/sentry-nov/code/colcon_3/install/icp_relocalization/share/ament_index/resource_index/package_run_dependencies/icp_relocalization
[33.673s] -- Up-to-date: /home/sentry-nov/code/colcon_3/install/icp_relocalization/share/ament_index/resource_index/parent_prefix_path/icp_relocalization
[33.673s] -- Up-to-date: /home/sentry-nov/code/colcon_3/install/icp_relocalization/share/icp_relocalization/environment/ament_prefix_path.sh
[33.673s] -- Up-to-date: /home/sentry-nov/code/colcon_3/install/icp_relocalization/share/icp_relocalization/environment/ament_prefix_path.dsv
[33.673s] -- Up-to-date: /home/sentry-nov/code/colcon_3/install/icp_relocalization/share/icp_relocalization/environment/path.sh
[33.673s] -- Up-to-date: /home/sentry-nov/code/colcon_3/install/icp_relocalization/share/icp_relocalization/environment/path.dsv
[33.673s] -- Up-to-date: /home/sentry-nov/code/colcon_3/install/icp_relocalization/share/icp_relocalization/local_setup.bash
[33.673s] -- Up-to-date: /home/sentry-nov/code/colcon_3/install/icp_relocalization/share/icp_relocalization/local_setup.sh
[33.674s] -- Up-to-date: /home/sentry-nov/code/colcon_3/install/icp_relocalization/share/icp_relocalization/local_setup.zsh
[33.674s] -- Up-to-date: /home/sentry-nov/code/colcon_3/install/icp_relocalization/share/icp_relocalization/local_setup.dsv
[33.674s] -- Installing: /home/sentry-nov/code/colcon_3/install/icp_relocalization/share/icp_relocalization/package.dsv
[33.674s] -- Up-to-date: /home/sentry-nov/code/colcon_3/install/icp_relocalization/share/ament_index/resource_index/packages/icp_relocalization
[33.674s] -- Up-to-date: /home/sentry-nov/code/colcon_3/install/icp_relocalization/share/icp_relocalization/cmake/icp_relocalizationConfig.cmake
[33.674s] -- Up-to-date: /home/sentry-nov/code/colcon_3/install/icp_relocalization/share/icp_relocalization/cmake/icp_relocalizationConfig-version.cmake
[33.674s] -- Up-to-date: /home/sentry-nov/code/colcon_3/install/icp_relocalization/share/icp_relocalization/package.xml
[33.676s] Invoked command in '/home/sentry-nov/code/colcon_3/build/icp_relocalization' returned '0': AMENT_PREFIX_PATH=/home/sentry-nov/code/colcon_3/install/debug_tools:${AMENT_PREFIX_PATH} CMAKE_PREFIX_PATH=/home/sentry-nov/code/colcon_3/install/debug_tools:/opt/ros/humble /usr/bin/cmake --install /home/sentry-nov/code/colcon_3/build/icp_relocalization
