[0.027s] Invoking command in '/home/sentry-nov/code/colcon_3/build/rviz_plugin': CMAKE_PREFIX_PATH=${CMAKE_PREFIX_PATH}:/home/sentry-nov/code/colcon_3/install/motion_planning:/home/sentry-nov/code/colcon_3/install/fast_lio:/opt/ros/humble /usr/bin/cmake --build /home/sentry-nov/code/colcon_3/build/rviz_plugin -- -j12 -l12
[0.128s] [ 50%] Built target polygons_tool
[0.133s] [100%] Built target point_publish_tool
[0.206s] Invoked command in '/home/sentry-nov/code/colcon_3/build/rviz_plugin' returned '0': CMAKE_PREFIX_PATH=${CMAKE_PREFIX_PATH}:/home/sentry-nov/code/colcon_3/install/motion_planning:/home/sentry-nov/code/colcon_3/install/fast_lio:/opt/ros/humble /usr/bin/cmake --build /home/sentry-nov/code/colcon_3/build/rviz_plugin -- -j12 -l12
[0.208s] Invoking command in '/home/sentry-nov/code/colcon_3/build/rviz_plugin': CMAKE_PREFIX_PATH=${CMAKE_PREFIX_PATH}:/home/sentry-nov/code/colcon_3/install/motion_planning:/home/sentry-nov/code/colcon_3/install/fast_lio:/opt/ros/humble /usr/bin/cmake --install /home/sentry-nov/code/colcon_3/build/rviz_plugin
[0.224s] -- Install configuration: "Release"
[0.224s] -- Up-to-date: /home/sentry-nov/code/colcon_3/install/rviz_plugin/lib/rviz_plugin/libpoint_publish_tool.so
[0.224s] -- Up-to-date: /home/sentry-nov/code/colcon_3/install/rviz_plugin/lib/rviz_plugin/libpolygons_tool.so
[0.224s] -- Up-to-date: /home/sentry-nov/code/colcon_3/install/rviz_plugin/share/rviz_plugin/plugins_1.xml
[0.224s] -- Up-to-date: /home/sentry-nov/code/colcon_3/install/rviz_plugin/share/rviz_plugin/plugins_2.xml
[0.224s] -- Up-to-date: /home/sentry-nov/code/colcon_3/install/rviz_plugin/share/ament_index/resource_index/package_run_dependencies/rviz_plugin
[0.224s] -- Up-to-date: /home/sentry-nov/code/colcon_3/install/rviz_plugin/share/ament_index/resource_index/parent_prefix_path/rviz_plugin
[0.224s] -- Up-to-date: /home/sentry-nov/code/colcon_3/install/rviz_plugin/share/rviz_plugin/environment/ament_prefix_path.sh
[0.224s] -- Up-to-date: /home/sentry-nov/code/colcon_3/install/rviz_plugin/share/rviz_plugin/environment/ament_prefix_path.dsv
[0.225s] -- Up-to-date: /home/sentry-nov/code/colcon_3/install/rviz_plugin/share/rviz_plugin/environment/path.sh
[0.225s] -- Up-to-date: /home/sentry-nov/code/colcon_3/install/rviz_plugin/share/rviz_plugin/environment/path.dsv
[0.225s] -- Up-to-date: /home/sentry-nov/code/colcon_3/install/rviz_plugin/share/rviz_plugin/local_setup.bash
[0.225s] -- Up-to-date: /home/sentry-nov/code/colcon_3/install/rviz_plugin/share/rviz_plugin/local_setup.sh
[0.225s] -- Up-to-date: /home/sentry-nov/code/colcon_3/install/rviz_plugin/share/rviz_plugin/local_setup.zsh
[0.225s] -- Up-to-date: /home/sentry-nov/code/colcon_3/install/rviz_plugin/share/rviz_plugin/local_setup.dsv
[0.226s] -- Installing: /home/sentry-nov/code/colcon_3/install/rviz_plugin/share/rviz_plugin/package.dsv
[0.228s] -- Up-to-date: /home/sentry-nov/code/colcon_3/install/rviz_plugin/share/ament_index/resource_index/packages/rviz_plugin
[0.228s] -- Up-to-date: /home/sentry-nov/code/colcon_3/install/rviz_plugin/share/ament_index/resource_index/rviz_common__pluginlib__plugin/rviz_plugin
[0.228s] -- Up-to-date: /home/sentry-nov/code/colcon_3/install/rviz_plugin/share/rviz_plugin/cmake/rviz_pluginConfig.cmake
[0.228s] -- Up-to-date: /home/sentry-nov/code/colcon_3/install/rviz_plugin/share/rviz_plugin/cmake/rviz_pluginConfig-version.cmake
[0.228s] -- Up-to-date: /home/sentry-nov/code/colcon_3/install/rviz_plugin/share/rviz_plugin/package.xml
[0.235s] Invoked command in '/home/sentry-nov/code/colcon_3/build/rviz_plugin' returned '0': CMAKE_PREFIX_PATH=${CMAKE_PREFIX_PATH}:/home/sentry-nov/code/colcon_3/install/motion_planning:/home/sentry-nov/code/colcon_3/install/fast_lio:/opt/ros/humble /usr/bin/cmake --install /home/sentry-nov/code/colcon_3/build/rviz_plugin
