[0.037s] Invoking command in '/home/sentry-nov/code/colcon_3/build/path_planning': CMAKE_PREFIX_PATH=/home/sentry-nov/code/colcon_3/install/rm_interface:/home/sentry-nov/code/colcon_3/install/debug_tools:/home/sentry-nov/code/colcon_3/install/tilted_lidar:/home/sentry-nov/code/colcon_3/install/rviz_plugin:/home/sentry-nov/code/colcon_3/install/robot_decision_system:/home/sentry-nov/code/colcon_3/install/rm_serial:/home/sentry-nov/code/colcon_3/install/rm_decision:/home/sentry-nov/code/colcon_3/install/motion_planning:/home/sentry-nov/code/colcon_3/install/path_planning:/home/sentry-nov/code/colcon_3/install/ikd_tree_mapping:/home/sentry-nov/code/colcon_3/install/point_lio:/home/sentry-nov/code/colcon_3/install/m_detector:/home/sentry-nov/code/colcon_3/install/fast_lio:/home/sentry-nov/code/colcon_3/install/livox_ros_driver2:/home/sentry-nov/code/colcon_3/install/icp_relocalization:/home/sentry-nov/code/colcon_3/install/altitude_map:/home/sentry-nov/code/colcon_3/install/auto_start:/opt/ros/humble LD_LIBRARY_PATH=/home/sentry-nov/code/colcon_3/install/rm_interface/lib:/home/sentry-nov/code/colcon_3/install/robot_decision_system/lib:/home/sentry-nov/code/colcon_3/install/path_planning/lib:/home/sentry-nov/code/colcon_3/install/m_detector/lib:/home/sentry-nov/code/colcon_3/install/fast_lio/lib:/home/sentry-nov/code/colcon_3/install/livox_ros_driver2/lib:/home/sentry-nov/code/colcon_3/install/altitude_map/lib:/usr/local/lib:/opt/ros/humble/opt/rviz_ogre_vendor/lib:/opt/ros/humble/lib/x86_64-linux-gnu:/opt/ros/humble/lib /usr/bin/cmake --build /home/sentry-nov/code/colcon_3/build/path_planning -- -j12 -l12
[0.122s] -- Found ament_cmake: 1.3.11 (/opt/ros/humble/share/ament_cmake/cmake)
[0.325s] -- Found rclcpp: 16.0.11 (/opt/ros/humble/share/rclcpp/cmake)
[0.385s] -- Found rosidl_generator_c: 3.1.6 (/opt/ros/humble/share/rosidl_generator_c/cmake)
[0.390s] -- Found rosidl_adapter: 3.1.6 (/opt/ros/humble/share/rosidl_adapter/cmake)
[0.402s] -- Found rosidl_generator_cpp: 3.1.6 (/opt/ros/humble/share/rosidl_generator_cpp/cmake)
[0.421s] -- Using all available rosidl_typesupport_c: rosidl_typesupport_fastrtps_c;rosidl_typesupport_introspection_c
[0.440s] -- Using all available rosidl_typesupport_cpp: rosidl_typesupport_fastrtps_cpp;rosidl_typesupport_introspection_cpp
[0.508s] -- Found rmw_implementation_cmake: 6.1.2 (/opt/ros/humble/share/rmw_implementation_cmake/cmake)
[0.512s] -- Found rmw_fastrtps_cpp: 6.2.7 (/opt/ros/humble/share/rmw_fastrtps_cpp/cmake)
[0.654s] -- Using RMW implementation 'rmw_fastrtps_cpp' as default
[0.737s] -- Found sensor_msgs: 4.2.4 (/opt/ros/humble/share/sensor_msgs/cmake)
[0.778s] -- Found nav_msgs: 4.2.4 (/opt/ros/humble/share/nav_msgs/cmake)
[0.799s] -- Found visualization_msgs: 4.2.4 (/opt/ros/humble/share/visualization_msgs/cmake)
[0.827s] -- Found pcl_ros: 2.4.5 (/opt/ros/humble/share/pcl_ros/cmake)
[0.882s] -- Eigen found (include: /usr/include/eigen3, version: 3.4.0)
[0.930s] -- FLANN found (include: /usr/include, lib: /usr/lib/x86_64-linux-gnu/libflann_cpp.so)
[1.451s] -- OpenNI found (version: 1.5.4.0, include: /usr/include/ni, lib: /usr/lib/libOpenNI.so;libusb::libusb)
[1.461s] -- OpenNI2 found (version: 2.2.0.33, include: /usr/include/openni2, lib: /usr/lib/x86_64-linux-gnu/libOpenNI2.so;libusb::libusb)
[1.634s] -- Eigen found (include: /usr/include/eigen3, version: 3.4.0)
[1.643s] -- OpenNI found (version: 1.5.4.0, include: /usr/include/ni, lib: /usr/lib/libOpenNI.so;libusb::libusb)
[1.652s] -- OpenNI2 found (version: 2.2.0.33, include: /usr/include/openni2, lib: /usr/lib/x86_64-linux-gnu/libOpenNI2.so;libusb::libusb)
[1.808s] -- Found Qhull version 8.0.2
[1.966s] -- OpenNI found (version: 1.5.4.0, include: /usr/include/ni, lib: /usr/lib/libOpenNI.so;libusb::libusb)
[2.145s] -- Found eigen3_cmake_module: 0.1.1 (/opt/ros/humble/share/eigen3_cmake_module/cmake)
[2.146s] -- Ensuring Eigen3 include directory is part of orocos-kdl CMake target
[2.265s] -- Found altitude_map: 0.0.0 (/home/sentry-nov/code/colcon_3/install/altitude_map/share/altitude_map/cmake)
[2.270s] -- Found debug_tools: 0.0.0 (/home/sentry-nov/code/colcon_3/install/debug_tools/share/debug_tools/cmake)
[2.273s] -- Found rm_interface: 0.0.0 (/home/sentry-nov/code/colcon_3/install/rm_interface/share/rm_interface/cmake)
[2.444s] -- Configuring done
[2.961s] -- Generating done
[3.068s] -- Build files have been written to: /home/sentry-nov/code/colcon_3/build/path_planning
[3.117s] [35m[1mConsolidate compiler generated dependencies of target test_set_hhid_node[0m
[3.118s] [35m[1mConsolidate compiler generated dependencies of target test_hash_uuid_node[0m
[3.119s] [35m[1mConsolidate compiler generated dependencies of target test_vel_estimator_node[0m
[3.140s] [  6%] Built target test_set_hhid_node
[3.145s] [ 13%] Built target test_hash_uuid_node
[3.148s] [35m[1mConsolidate compiler generated dependencies of target path_planning[0m
[3.150s] [ 23%] Built target test_vel_estimator_node
[3.214s] gmake[2]: Warning: File '/home/sentry-nov/code/colcon_3/src/navigation/path_planning/src/motion/motion_core.cpp' has modification time 19513 s in the future
[3.225s] [ 30%] [32mBuilding CXX object CMakeFiles/path_planning.dir/src/nav_core/local_assist_nav_motion.cpp.o[0m
[3.225s] [ 30%] [32mBuilding CXX object CMakeFiles/path_planning.dir/src/motion/motion_core.cpp.o[0m
[8.346s] [ 33%] [32m[1mLinking CXX shared library libpath_planning.so[0m
[9.039s] gmake[2]: warning: Clock skew detected. Your build may be incomplete.
[9.049s] [ 60%] Built target path_planning
[9.133s] [35m[1mConsolidate compiler generated dependencies of target gl_nav_motion_ros_node[0m
[9.134s] [35m[1mConsolidate compiler generated dependencies of target gl_nav_ros_node[0m
[9.134s] [35m[1mConsolidate compiler generated dependencies of target local_assist_nav_motion_ros_node[0m
[9.134s] [35m[1mConsolidate compiler generated dependencies of target local_nav_ros_node[0m
[9.134s] [35m[1mConsolidate compiler generated dependencies of target local_assist_nav_ros_node[0m
[9.134s] [35m[1mConsolidate compiler generated dependencies of target global_nav_ros_node[0m
[9.172s] gmake[2]: Warning: File '/home/sentry-nov/code/colcon_3/src/navigation/path_planning/include/path_planning/nav_core/local_assist_nav_motion.h' has modification time 12953 s in the future
[9.173s] gmake[2]: Warning: File '/home/sentry-nov/code/colcon_3/src/navigation/path_planning/include/path_planning/motion_planning/motion_core.h' has modification time 19197 s in the future
[9.176s] gmake[2]: Warning: File '/home/sentry-nov/code/colcon_3/src/navigation/path_planning/src/nav_core/local_assist_nav_ros.cpp' has modification time 7841 s in the future
[9.184s] [ 66%] [32m[1mLinking CXX executable local_nav_ros_node[0m
[9.184s] [ 66%] [32mBuilding CXX object CMakeFiles/gl_nav_motion_ros_node.dir/src/nav_core/gl_nav_motion_ros.cpp.o[0m
[9.185s] [ 73%] [32m[1mLinking CXX executable global_nav_ros_node[0m
[9.185s] [ 73%] [32m[1mLinking CXX executable gl_nav_ros_node[0m
[9.188s] [ 76%] [32mBuilding CXX object CMakeFiles/local_assist_nav_motion_ros_node.dir/src/nav_core/local_assist_nav_motion_ros.cpp.o[0m
[9.197s] [ 80%] [32mBuilding CXX object CMakeFiles/local_assist_nav_ros_node.dir/src/nav_core/local_assist_nav_ros.cpp.o[0m
[10.433s] [ 83%] Built target global_nav_ros_node
[10.462s] [ 86%] Built target local_nav_ros_node
[10.468s] [ 90%] Built target gl_nav_ros_node
[36.567s] [ 93%] [32m[1mLinking CXX executable gl_nav_motion_ros_node[0m
[36.807s] [ 96%] [32m[1mLinking CXX executable local_assist_nav_ros_node[0m
[37.158s] [100%] [32m[1mLinking CXX executable local_assist_nav_motion_ros_node[0m
[37.621s] gmake[2]: warning: Clock skew detected. Your build may be incomplete.
[37.632s] [100%] Built target gl_nav_motion_ros_node
[37.822s] gmake[2]: warning: Clock skew detected. Your build may be incomplete.
[37.833s] [100%] Built target local_assist_nav_ros_node
[38.043s] gmake[2]: warning: Clock skew detected. Your build may be incomplete.
[38.055s] [100%] Built target local_assist_nav_motion_ros_node
[38.071s] Invoked command in '/home/sentry-nov/code/colcon_3/build/path_planning' returned '0': CMAKE_PREFIX_PATH=/home/sentry-nov/code/colcon_3/install/rm_interface:/home/sentry-nov/code/colcon_3/install/debug_tools:/home/sentry-nov/code/colcon_3/install/tilted_lidar:/home/sentry-nov/code/colcon_3/install/rviz_plugin:/home/sentry-nov/code/colcon_3/install/robot_decision_system:/home/sentry-nov/code/colcon_3/install/rm_serial:/home/sentry-nov/code/colcon_3/install/rm_decision:/home/sentry-nov/code/colcon_3/install/motion_planning:/home/sentry-nov/code/colcon_3/install/path_planning:/home/sentry-nov/code/colcon_3/install/ikd_tree_mapping:/home/sentry-nov/code/colcon_3/install/point_lio:/home/sentry-nov/code/colcon_3/install/m_detector:/home/sentry-nov/code/colcon_3/install/fast_lio:/home/sentry-nov/code/colcon_3/install/livox_ros_driver2:/home/sentry-nov/code/colcon_3/install/icp_relocalization:/home/sentry-nov/code/colcon_3/install/altitude_map:/home/sentry-nov/code/colcon_3/install/auto_start:/opt/ros/humble LD_LIBRARY_PATH=/home/sentry-nov/code/colcon_3/install/rm_interface/lib:/home/sentry-nov/code/colcon_3/install/robot_decision_system/lib:/home/sentry-nov/code/colcon_3/install/path_planning/lib:/home/sentry-nov/code/colcon_3/install/m_detector/lib:/home/sentry-nov/code/colcon_3/install/fast_lio/lib:/home/sentry-nov/code/colcon_3/install/livox_ros_driver2/lib:/home/sentry-nov/code/colcon_3/install/altitude_map/lib:/usr/local/lib:/opt/ros/humble/opt/rviz_ogre_vendor/lib:/opt/ros/humble/lib/x86_64-linux-gnu:/opt/ros/humble/lib /usr/bin/cmake --build /home/sentry-nov/code/colcon_3/build/path_planning -- -j12 -l12
[38.074s] Invoking command in '/home/sentry-nov/code/colcon_3/build/path_planning': CMAKE_PREFIX_PATH=/home/sentry-nov/code/colcon_3/install/rm_interface:/home/sentry-nov/code/colcon_3/install/debug_tools:/home/sentry-nov/code/colcon_3/install/tilted_lidar:/home/sentry-nov/code/colcon_3/install/rviz_plugin:/home/sentry-nov/code/colcon_3/install/robot_decision_system:/home/sentry-nov/code/colcon_3/install/rm_serial:/home/sentry-nov/code/colcon_3/install/rm_decision:/home/sentry-nov/code/colcon_3/install/motion_planning:/home/sentry-nov/code/colcon_3/install/path_planning:/home/sentry-nov/code/colcon_3/install/ikd_tree_mapping:/home/sentry-nov/code/colcon_3/install/point_lio:/home/sentry-nov/code/colcon_3/install/m_detector:/home/sentry-nov/code/colcon_3/install/fast_lio:/home/sentry-nov/code/colcon_3/install/livox_ros_driver2:/home/sentry-nov/code/colcon_3/install/icp_relocalization:/home/sentry-nov/code/colcon_3/install/altitude_map:/home/sentry-nov/code/colcon_3/install/auto_start:/opt/ros/humble LD_LIBRARY_PATH=/home/sentry-nov/code/colcon_3/install/rm_interface/lib:/home/sentry-nov/code/colcon_3/install/robot_decision_system/lib:/home/sentry-nov/code/colcon_3/install/path_planning/lib:/home/sentry-nov/code/colcon_3/install/m_detector/lib:/home/sentry-nov/code/colcon_3/install/fast_lio/lib:/home/sentry-nov/code/colcon_3/install/livox_ros_driver2/lib:/home/sentry-nov/code/colcon_3/install/altitude_map/lib:/usr/local/lib:/opt/ros/humble/opt/rviz_ogre_vendor/lib:/opt/ros/humble/lib/x86_64-linux-gnu:/opt/ros/humble/lib /usr/bin/cmake --install /home/sentry-nov/code/colcon_3/build/path_planning
[38.083s] -- Install configuration: "Release"
[38.084s] -- Installing: /home/sentry-nov/code/colcon_3/install/path_planning/lib/libpath_planning.so
[38.085s] -- Set runtime path of "/home/sentry-nov/code/colcon_3/install/path_planning/lib/libpath_planning.so" to ""
[38.085s] -- Up-to-date: /home/sentry-nov/code/colcon_3/install/path_planning/share/path_planning/environment/library_path.sh
[38.085s] -- Installing: /home/sentry-nov/code/colcon_3/install/path_planning/share/path_planning/environment/library_path.dsv
[38.085s] -- Up-to-date: /home/sentry-nov/code/colcon_3/install/path_planning/include
[38.085s] -- Up-to-date: /home/sentry-nov/code/colcon_3/install/path_planning/include/path_planning
[38.085s] -- Up-to-date: /home/sentry-nov/code/colcon_3/install/path_planning/include/path_planning/util
[38.085s] -- Up-to-date: /home/sentry-nov/code/colcon_3/install/path_planning/include/path_planning/util/group_run.h
[38.086s] -- Up-to-date: /home/sentry-nov/code/colcon_3/install/path_planning/include/path_planning/util/vis_ros.h
[38.086s] -- Up-to-date: /home/sentry-nov/code/colcon_3/install/path_planning/include/path_planning/util/vel_estimator.h
[38.086s] -- Up-to-date: /home/sentry-nov/code/colcon_3/install/path_planning/include/path_planning/nav_core
[38.086s] -- Up-to-date: /home/sentry-nov/code/colcon_3/install/path_planning/include/path_planning/nav_core/gl_nav.h
[38.086s] -- Up-to-date: /home/sentry-nov/code/colcon_3/install/path_planning/include/path_planning/nav_core/nav_core.h
[38.086s] -- Up-to-date: /home/sentry-nov/code/colcon_3/install/path_planning/include/path_planning/nav_core/local_nav.h
[38.086s] -- Up-to-date: /home/sentry-nov/code/colcon_3/install/path_planning/include/path_planning/nav_core/global_nav.h
[38.086s] -- Up-to-date: /home/sentry-nov/code/colcon_3/install/path_planning/include/path_planning/nav_core/local_assist_nav_motion.h
[38.086s] -- Up-to-date: /home/sentry-nov/code/colcon_3/install/path_planning/include/path_planning/nav_core/local_assist_nav.h
[38.086s] -- Up-to-date: /home/sentry-nov/code/colcon_3/install/path_planning/include/path_planning/motion_planning
[38.086s] -- Up-to-date: /home/sentry-nov/code/colcon_3/install/path_planning/include/path_planning/motion_planning/speed_tracker.h
[38.086s] -- Up-to-date: /home/sentry-nov/code/colcon_3/install/path_planning/include/path_planning/motion_planning/motion_core.h
[38.086s] -- Up-to-date: /home/sentry-nov/code/colcon_3/install/path_planning/include/path_planning/path_searcher
[38.086s] -- Up-to-date: /home/sentry-nov/code/colcon_3/install/path_planning/include/path_planning/path_searcher/path_searcher.h
[38.086s] -- Up-to-date: /home/sentry-nov/code/colcon_3/install/path_planning/include/path_planning/path_searcher/theta_star_assist.h
[38.086s] -- Up-to-date: /home/sentry-nov/code/colcon_3/install/path_planning/include/path_planning/path_searcher/theta_star.h
[38.086s] -- Up-to-date: /home/sentry-nov/code/colcon_3/install/path_planning/include/path_planning/path_searcher/gird_node.h
[38.087s] -- Installing: /home/sentry-nov/code/colcon_3/install/path_planning/lib/path_planning/gl_nav_ros_node
[38.091s] -- Set runtime path of "/home/sentry-nov/code/colcon_3/install/path_planning/lib/path_planning/gl_nav_ros_node" to ""
[38.092s] -- Installing: /home/sentry-nov/code/colcon_3/install/path_planning/lib/path_planning/gl_nav_motion_ros_node
[38.095s] -- Set runtime path of "/home/sentry-nov/code/colcon_3/install/path_planning/lib/path_planning/gl_nav_motion_ros_node" to ""
[38.097s] -- Installing: /home/sentry-nov/code/colcon_3/install/path_planning/lib/path_planning/global_nav_ros_node
[38.098s] -- Set runtime path of "/home/sentry-nov/code/colcon_3/install/path_planning/lib/path_planning/global_nav_ros_node" to ""
[38.116s] -- Installing: /home/sentry-nov/code/colcon_3/install/path_planning/lib/path_planning/local_nav_ros_node
[38.120s] -- Set runtime path of "/home/sentry-nov/code/colcon_3/install/path_planning/lib/path_planning/local_nav_ros_node" to ""
[38.123s] -- Installing: /home/sentry-nov/code/colcon_3/install/path_planning/lib/path_planning/local_assist_nav_ros_node
[38.127s] -- Set runtime path of "/home/sentry-nov/code/colcon_3/install/path_planning/lib/path_planning/local_assist_nav_ros_node" to ""
[38.129s] -- Installing: /home/sentry-nov/code/colcon_3/install/path_planning/lib/path_planning/local_assist_nav_motion_ros_node
[38.132s] -- Set runtime path of "/home/sentry-nov/code/colcon_3/install/path_planning/lib/path_planning/local_assist_nav_motion_ros_node" to ""
[38.135s] -- Up-to-date: /home/sentry-nov/code/colcon_3/install/path_planning/lib/path_planning/test_hash_uuid_node
[38.136s] -- Up-to-date: /home/sentry-nov/code/colcon_3/install/path_planning/lib/path_planning/test_set_hhid_node
[38.139s] -- Up-to-date: /home/sentry-nov/code/colcon_3/install/path_planning/lib/path_planning/test_vel_estimator_node
[38.139s] -- Up-to-date: /home/sentry-nov/code/colcon_3/install/path_planning/share/ament_index/resource_index/package_run_dependencies/path_planning
[38.139s] -- Up-to-date: /home/sentry-nov/code/colcon_3/install/path_planning/share/ament_index/resource_index/parent_prefix_path/path_planning
[38.139s] -- Up-to-date: /home/sentry-nov/code/colcon_3/install/path_planning/share/path_planning/environment/ament_prefix_path.sh
[38.139s] -- Installing: /home/sentry-nov/code/colcon_3/install/path_planning/share/path_planning/environment/ament_prefix_path.dsv
[38.139s] -- Up-to-date: /home/sentry-nov/code/colcon_3/install/path_planning/share/path_planning/environment/path.sh
[38.139s] -- Installing: /home/sentry-nov/code/colcon_3/install/path_planning/share/path_planning/environment/path.dsv
[38.140s] -- Up-to-date: /home/sentry-nov/code/colcon_3/install/path_planning/share/path_planning/local_setup.bash
[38.140s] -- Up-to-date: /home/sentry-nov/code/colcon_3/install/path_planning/share/path_planning/local_setup.sh
[38.140s] -- Up-to-date: /home/sentry-nov/code/colcon_3/install/path_planning/share/path_planning/local_setup.zsh
[38.140s] -- Installing: /home/sentry-nov/code/colcon_3/install/path_planning/share/path_planning/local_setup.dsv
[38.140s] -- Installing: /home/sentry-nov/code/colcon_3/install/path_planning/share/path_planning/package.dsv
[38.140s] -- Up-to-date: /home/sentry-nov/code/colcon_3/install/path_planning/share/ament_index/resource_index/packages/path_planning
[38.140s] -- Up-to-date: /home/sentry-nov/code/colcon_3/install/path_planning/share/path_planning/cmake/ament_cmake_export_include_directories-extras.cmake
[38.140s] -- Up-to-date: /home/sentry-nov/code/colcon_3/install/path_planning/share/path_planning/cmake/ament_cmake_export_libraries-extras.cmake
[38.140s] -- Up-to-date: /home/sentry-nov/code/colcon_3/install/path_planning/share/path_planning/cmake/path_planningConfig.cmake
[38.140s] -- Up-to-date: /home/sentry-nov/code/colcon_3/install/path_planning/share/path_planning/cmake/path_planningConfig-version.cmake
[38.140s] -- Up-to-date: /home/sentry-nov/code/colcon_3/install/path_planning/share/path_planning/package.xml
[38.143s] Invoked command in '/home/sentry-nov/code/colcon_3/build/path_planning' returned '0': CMAKE_PREFIX_PATH=/home/sentry-nov/code/colcon_3/install/rm_interface:/home/sentry-nov/code/colcon_3/install/debug_tools:/home/sentry-nov/code/colcon_3/install/tilted_lidar:/home/sentry-nov/code/colcon_3/install/rviz_plugin:/home/sentry-nov/code/colcon_3/install/robot_decision_system:/home/sentry-nov/code/colcon_3/install/rm_serial:/home/sentry-nov/code/colcon_3/install/rm_decision:/home/sentry-nov/code/colcon_3/install/motion_planning:/home/sentry-nov/code/colcon_3/install/path_planning:/home/sentry-nov/code/colcon_3/install/ikd_tree_mapping:/home/sentry-nov/code/colcon_3/install/point_lio:/home/sentry-nov/code/colcon_3/install/m_detector:/home/sentry-nov/code/colcon_3/install/fast_lio:/home/sentry-nov/code/colcon_3/install/livox_ros_driver2:/home/sentry-nov/code/colcon_3/install/icp_relocalization:/home/sentry-nov/code/colcon_3/install/altitude_map:/home/sentry-nov/code/colcon_3/install/auto_start:/opt/ros/humble LD_LIBRARY_PATH=/home/sentry-nov/code/colcon_3/install/rm_interface/lib:/home/sentry-nov/code/colcon_3/install/robot_decision_system/lib:/home/sentry-nov/code/colcon_3/install/path_planning/lib:/home/sentry-nov/code/colcon_3/install/m_detector/lib:/home/sentry-nov/code/colcon_3/install/fast_lio/lib:/home/sentry-nov/code/colcon_3/install/livox_ros_driver2/lib:/home/sentry-nov/code/colcon_3/install/altitude_map/lib:/usr/local/lib:/opt/ros/humble/opt/rviz_ogre_vendor/lib:/opt/ros/humble/lib/x86_64-linux-gnu:/opt/ros/humble/lib /usr/bin/cmake --install /home/sentry-nov/code/colcon_3/build/path_planning
