[0.029s] Invoking command in '/home/sentry-nov/code/colcon_3/build/rm_decision': CMAKE_PREFIX_PATH=/home/sentry-nov/code/colcon_3/install/rm_interface:/home/sentry-nov/code/colcon_3/install/debug_tools:/home/sentry-nov/code/colcon_3/install/tilted_lidar:/home/sentry-nov/code/colcon_3/install/rviz_plugin:/home/sentry-nov/code/colcon_3/install/robot_decision_system:/home/sentry-nov/code/colcon_3/install/rm_serial:/home/sentry-nov/code/colcon_3/install/rm_decision_system:/home/sentry-nov/code/colcon_3/install/rm_decision:/home/sentry-nov/code/colcon_3/install/motion_planning:/home/sentry-nov/code/colcon_3/install/path_planning:/home/sentry-nov/code/colcon_3/install/path_motion_planning:/home/sentry-nov/code/colcon_3/install/ikd_tree_mapping:/home/sentry-nov/code/colcon_3/install/point_lio:/home/sentry-nov/code/colcon_3/install/m_detector:/home/sentry-nov/code/colcon_3/install/fast_lio:/home/sentry-nov/code/colcon_3/install/livox_ros_driver2:/home/sentry-nov/code/colcon_3/install/icp_relocalization:/home/sentry-nov/code/colcon_3/install/altitude_map:/home/sentry-nov/code/colcon_3/install/auto_start:/opt/ros/humble LD_LIBRARY_PATH=/home/sentry-nov/code/colcon_3/install/rm_interface/lib:/home/sentry-nov/code/colcon_3/install/robot_decision_system/lib:/home/sentry-nov/code/colcon_3/install/rm_decision_system/lib:/home/sentry-nov/code/colcon_3/install/path_planning/lib:/home/sentry-nov/code/colcon_3/install/path_motion_planning/lib:/home/sentry-nov/code/colcon_3/install/m_detector/lib:/home/sentry-nov/code/colcon_3/install/fast_lio/lib:/home/sentry-nov/code/colcon_3/install/livox_ros_driver2/lib:/home/sentry-nov/code/colcon_3/install/altitude_map/lib:/usr/local/lib:/opt/ros/humble/opt/rviz_ogre_vendor/lib:/opt/ros/humble/lib/x86_64-linux-gnu:/opt/ros/humble/lib /usr/bin/cmake --build /home/sentry-nov/code/colcon_3/build/rm_decision -- -j12 -l12
[0.201s] [35m[1mConsolidate compiler generated dependencies of target rm_decision_node[0m
[0.201s] [35m[1mConsolidate compiler generated dependencies of target test_node[0m
[0.250s] gmake[2]: Warning: File '/home/sentry-nov/code/colcon_3/install/debug_tools/include/debug_tools/debug_tools.h' has modification time 7850 s in the future
[0.251s] gmake[2]: Warning: File '/home/sentry-nov/code/colcon_3/install/debug_tools/include/debug_tools/debug_tools.h' has modification time 7850 s in the future
[0.262s] [ 33%] [32mBuilding CXX object CMakeFiles/rm_decision_node.dir/src/rmm_decision.cpp.o[0m
[0.262s] [ 33%] [32mBuilding CXX object CMakeFiles/test_node.dir/test/test.cpp.o[0m
[0.262s] [ 50%] [32mBuilding CXX object CMakeFiles/test_node.dir/src/rm_decision.cpp.o[0m
[0.352s] [ 66%] [32mBuilding CXX object CMakeFiles/rm_decision_node.dir/src/rmm_decision_ros.cpp.o[0m
[2.292s] [ 83%] [32m[1mLinking CXX executable test_node[0m
[2.501s] gmake[2]: warning: Clock skew detected. Your build may be incomplete.
[2.512s] [ 83%] Built target test_node
[22.634s] [100%] [32m[1mLinking CXX executable rm_decision_node[0m
[23.008s] gmake[2]: warning: Clock skew detected. Your build may be incomplete.
[23.018s] [100%] Built target rm_decision_node
[23.034s] Invoked command in '/home/sentry-nov/code/colcon_3/build/rm_decision' returned '0': CMAKE_PREFIX_PATH=/home/sentry-nov/code/colcon_3/install/rm_interface:/home/sentry-nov/code/colcon_3/install/debug_tools:/home/sentry-nov/code/colcon_3/install/tilted_lidar:/home/sentry-nov/code/colcon_3/install/rviz_plugin:/home/sentry-nov/code/colcon_3/install/robot_decision_system:/home/sentry-nov/code/colcon_3/install/rm_serial:/home/sentry-nov/code/colcon_3/install/rm_decision_system:/home/sentry-nov/code/colcon_3/install/rm_decision:/home/sentry-nov/code/colcon_3/install/motion_planning:/home/sentry-nov/code/colcon_3/install/path_planning:/home/sentry-nov/code/colcon_3/install/path_motion_planning:/home/sentry-nov/code/colcon_3/install/ikd_tree_mapping:/home/sentry-nov/code/colcon_3/install/point_lio:/home/sentry-nov/code/colcon_3/install/m_detector:/home/sentry-nov/code/colcon_3/install/fast_lio:/home/sentry-nov/code/colcon_3/install/livox_ros_driver2:/home/sentry-nov/code/colcon_3/install/icp_relocalization:/home/sentry-nov/code/colcon_3/install/altitude_map:/home/sentry-nov/code/colcon_3/install/auto_start:/opt/ros/humble LD_LIBRARY_PATH=/home/sentry-nov/code/colcon_3/install/rm_interface/lib:/home/sentry-nov/code/colcon_3/install/robot_decision_system/lib:/home/sentry-nov/code/colcon_3/install/rm_decision_system/lib:/home/sentry-nov/code/colcon_3/install/path_planning/lib:/home/sentry-nov/code/colcon_3/install/path_motion_planning/lib:/home/sentry-nov/code/colcon_3/install/m_detector/lib:/home/sentry-nov/code/colcon_3/install/fast_lio/lib:/home/sentry-nov/code/colcon_3/install/livox_ros_driver2/lib:/home/sentry-nov/code/colcon_3/install/altitude_map/lib:/usr/local/lib:/opt/ros/humble/opt/rviz_ogre_vendor/lib:/opt/ros/humble/lib/x86_64-linux-gnu:/opt/ros/humble/lib /usr/bin/cmake --build /home/sentry-nov/code/colcon_3/build/rm_decision -- -j12 -l12
[23.039s] Invoking command in '/home/sentry-nov/code/colcon_3/build/rm_decision': CMAKE_PREFIX_PATH=/home/sentry-nov/code/colcon_3/install/rm_interface:/home/sentry-nov/code/colcon_3/install/debug_tools:/home/sentry-nov/code/colcon_3/install/tilted_lidar:/home/sentry-nov/code/colcon_3/install/rviz_plugin:/home/sentry-nov/code/colcon_3/install/robot_decision_system:/home/sentry-nov/code/colcon_3/install/rm_serial:/home/sentry-nov/code/colcon_3/install/rm_decision_system:/home/sentry-nov/code/colcon_3/install/rm_decision:/home/sentry-nov/code/colcon_3/install/motion_planning:/home/sentry-nov/code/colcon_3/install/path_planning:/home/sentry-nov/code/colcon_3/install/path_motion_planning:/home/sentry-nov/code/colcon_3/install/ikd_tree_mapping:/home/sentry-nov/code/colcon_3/install/point_lio:/home/sentry-nov/code/colcon_3/install/m_detector:/home/sentry-nov/code/colcon_3/install/fast_lio:/home/sentry-nov/code/colcon_3/install/livox_ros_driver2:/home/sentry-nov/code/colcon_3/install/icp_relocalization:/home/sentry-nov/code/colcon_3/install/altitude_map:/home/sentry-nov/code/colcon_3/install/auto_start:/opt/ros/humble LD_LIBRARY_PATH=/home/sentry-nov/code/colcon_3/install/rm_interface/lib:/home/sentry-nov/code/colcon_3/install/robot_decision_system/lib:/home/sentry-nov/code/colcon_3/install/rm_decision_system/lib:/home/sentry-nov/code/colcon_3/install/path_planning/lib:/home/sentry-nov/code/colcon_3/install/path_motion_planning/lib:/home/sentry-nov/code/colcon_3/install/m_detector/lib:/home/sentry-nov/code/colcon_3/install/fast_lio/lib:/home/sentry-nov/code/colcon_3/install/livox_ros_driver2/lib:/home/sentry-nov/code/colcon_3/install/altitude_map/lib:/usr/local/lib:/opt/ros/humble/opt/rviz_ogre_vendor/lib:/opt/ros/humble/lib/x86_64-linux-gnu:/opt/ros/humble/lib /usr/bin/cmake --install /home/sentry-nov/code/colcon_3/build/rm_decision
[23.047s] -- Install configuration: "Release"
[23.050s] -- Installing: /home/sentry-nov/code/colcon_3/install/rm_decision/lib/rm_decision/rm_decision_node
[23.053s] -- Set runtime path of "/home/sentry-nov/code/colcon_3/install/rm_decision/lib/rm_decision/rm_decision_node" to ""
[23.054s] -- Installing: /home/sentry-nov/code/colcon_3/install/rm_decision/lib/rm_decision/test_node
[23.055s] -- Set runtime path of "/home/sentry-nov/code/colcon_3/install/rm_decision/lib/rm_decision/test_node" to ""
[23.055s] -- Up-to-date: /home/sentry-nov/code/colcon_3/install/rm_decision/share/ament_index/resource_index/package_run_dependencies/rm_decision
[23.055s] -- Up-to-date: /home/sentry-nov/code/colcon_3/install/rm_decision/share/ament_index/resource_index/parent_prefix_path/rm_decision
[23.055s] -- Up-to-date: /home/sentry-nov/code/colcon_3/install/rm_decision/share/rm_decision/environment/ament_prefix_path.sh
[23.056s] -- Up-to-date: /home/sentry-nov/code/colcon_3/install/rm_decision/share/rm_decision/environment/ament_prefix_path.dsv
[23.056s] -- Up-to-date: /home/sentry-nov/code/colcon_3/install/rm_decision/share/rm_decision/environment/path.sh
[23.056s] -- Up-to-date: /home/sentry-nov/code/colcon_3/install/rm_decision/share/rm_decision/environment/path.dsv
[23.056s] -- Up-to-date: /home/sentry-nov/code/colcon_3/install/rm_decision/share/rm_decision/local_setup.bash
[23.056s] -- Up-to-date: /home/sentry-nov/code/colcon_3/install/rm_decision/share/rm_decision/local_setup.sh
[23.056s] -- Up-to-date: /home/sentry-nov/code/colcon_3/install/rm_decision/share/rm_decision/local_setup.zsh
[23.056s] -- Up-to-date: /home/sentry-nov/code/colcon_3/install/rm_decision/share/rm_decision/local_setup.dsv
[23.056s] -- Installing: /home/sentry-nov/code/colcon_3/install/rm_decision/share/rm_decision/package.dsv
[23.056s] -- Up-to-date: /home/sentry-nov/code/colcon_3/install/rm_decision/share/ament_index/resource_index/packages/rm_decision
[23.057s] -- Up-to-date: /home/sentry-nov/code/colcon_3/install/rm_decision/share/rm_decision/cmake/rm_decisionConfig.cmake
[23.057s] -- Up-to-date: /home/sentry-nov/code/colcon_3/install/rm_decision/share/rm_decision/cmake/rm_decisionConfig-version.cmake
[23.057s] -- Up-to-date: /home/sentry-nov/code/colcon_3/install/rm_decision/share/rm_decision/package.xml
[23.059s] Invoked command in '/home/sentry-nov/code/colcon_3/build/rm_decision' returned '0': CMAKE_PREFIX_PATH=/home/sentry-nov/code/colcon_3/install/rm_interface:/home/sentry-nov/code/colcon_3/install/debug_tools:/home/sentry-nov/code/colcon_3/install/tilted_lidar:/home/sentry-nov/code/colcon_3/install/rviz_plugin:/home/sentry-nov/code/colcon_3/install/robot_decision_system:/home/sentry-nov/code/colcon_3/install/rm_serial:/home/sentry-nov/code/colcon_3/install/rm_decision_system:/home/sentry-nov/code/colcon_3/install/rm_decision:/home/sentry-nov/code/colcon_3/install/motion_planning:/home/sentry-nov/code/colcon_3/install/path_planning:/home/sentry-nov/code/colcon_3/install/path_motion_planning:/home/sentry-nov/code/colcon_3/install/ikd_tree_mapping:/home/sentry-nov/code/colcon_3/install/point_lio:/home/sentry-nov/code/colcon_3/install/m_detector:/home/sentry-nov/code/colcon_3/install/fast_lio:/home/sentry-nov/code/colcon_3/install/livox_ros_driver2:/home/sentry-nov/code/colcon_3/install/icp_relocalization:/home/sentry-nov/code/colcon_3/install/altitude_map:/home/sentry-nov/code/colcon_3/install/auto_start:/opt/ros/humble LD_LIBRARY_PATH=/home/sentry-nov/code/colcon_3/install/rm_interface/lib:/home/sentry-nov/code/colcon_3/install/robot_decision_system/lib:/home/sentry-nov/code/colcon_3/install/rm_decision_system/lib:/home/sentry-nov/code/colcon_3/install/path_planning/lib:/home/sentry-nov/code/colcon_3/install/path_motion_planning/lib:/home/sentry-nov/code/colcon_3/install/m_detector/lib:/home/sentry-nov/code/colcon_3/install/fast_lio/lib:/home/sentry-nov/code/colcon_3/install/livox_ros_driver2/lib:/home/sentry-nov/code/colcon_3/install/altitude_map/lib:/usr/local/lib:/opt/ros/humble/opt/rviz_ogre_vendor/lib:/opt/ros/humble/lib/x86_64-linux-gnu:/opt/ros/humble/lib /usr/bin/cmake --install /home/sentry-nov/code/colcon_3/build/rm_decision
