[0.047s] Invoking command in '/home/sentry-nov/code/colcon_3/build/rm_interface': CMAKE_PREFIX_PATH=${CMAKE_PREFIX_PATH}:/opt/ros/humble /usr/bin/cmake /home/sentry-nov/code/colcon_3/src/common/rm_interface -DCMAKE_INSTALL_PREFIX=/home/sentry-nov/code/colcon_3/install/rm_interface
[0.082s] -- Found ament_cmake: 1.3.11 (/opt/ros/humble/share/ament_cmake/cmake)
[0.337s] -- Found rclcpp: 16.0.11 (/opt/ros/humble/share/rclcpp/cmake)
[0.408s] -- Found rosidl_generator_c: 3.1.6 (/opt/ros/humble/share/rosidl_generator_c/cmake)
[0.414s] -- Found rosidl_adapter: 3.1.6 (/opt/ros/humble/share/rosidl_adapter/cmake)
[0.432s] -- Found rosidl_generator_cpp: 3.1.6 (/opt/ros/humble/share/rosidl_generator_cpp/cmake)
[0.454s] -- Using all available rosidl_typesupport_c: rosidl_typesupport_fastrtps_c;rosidl_typesupport_introspection_c
[0.480s] -- Using all available rosidl_typesupport_cpp: rosidl_typesupport_fastrtps_cpp;rosidl_typesupport_introspection_cpp
[0.541s] -- Found rmw_implementation_cmake: 6.1.2 (/opt/ros/humble/share/rmw_implementation_cmake/cmake)
[0.545s] -- Found rmw_fastrtps_cpp: 6.2.7 (/opt/ros/humble/share/rmw_fastrtps_cpp/cmake)
[0.697s] -- Using RMW implementation 'rmw_fastrtps_cpp' as default
[0.783s] -- Found rosidl_default_generators: 1.2.0 (/opt/ros/humble/share/rosidl_default_generators/cmake)
[1.179s] -- Found ament_cmake_ros: 0.10.0 (/opt/ros/humble/share/ament_cmake_ros/cmake)
[1.574s] -- Using all available rosidl_typesupport_c: rosidl_typesupport_fastrtps_c;rosidl_typesupport_introspection_c
[1.715s] -- Using all available rosidl_typesupport_cpp: rosidl_typesupport_fastrtps_cpp;rosidl_typesupport_introspection_cpp
[1.749s] -- Found python_cmake_module: 0.10.0 (/opt/ros/humble/share/python_cmake_module/cmake)
[1.782s] -- Using PYTHON_EXECUTABLE: /usr/bin/python3
[1.782s] -- Using PYTHON_INCLUDE_DIRS: /usr/include/python3.10
[1.782s] -- Using PYTHON_LIBRARIES: /usr/lib/x86_64-linux-gnu/libpython3.10.so
[1.824s] -- Configuring done
[1.921s] -- Generating done
[1.938s] -- Build files have been written to: /home/sentry-nov/code/colcon_3/build/rm_interface
[1.951s] Invoked command in '/home/sentry-nov/code/colcon_3/build/rm_interface' returned '0': CMAKE_PREFIX_PATH=${CMAKE_PREFIX_PATH}:/opt/ros/humble /usr/bin/cmake /home/sentry-nov/code/colcon_3/src/common/rm_interface -DCMAKE_INSTALL_PREFIX=/home/sentry-nov/code/colcon_3/install/rm_interface
[1.953s] Invoking command in '/home/sentry-nov/code/colcon_3/build/rm_interface': CMAKE_PREFIX_PATH=${CMAKE_PREFIX_PATH}:/opt/ros/humble /usr/bin/cmake --build /home/sentry-nov/code/colcon_3/build/rm_interface -- -j12 -l12
[2.022s] [35m[1mConsolidate compiler generated dependencies of target rm_interface__rosidl_generator_c[0m
[2.035s] [  1%] Built target rm_interface__cpp
[2.049s] [ 12%] Built target rm_interface__rosidl_generator_c
[2.059s] [35m[1mConsolidate compiler generated dependencies of target rm_interface__rosidl_typesupport_cpp[0m
[2.063s] [35m[1mConsolidate compiler generated dependencies of target rm_interface__rosidl_typesupport_introspection_cpp[0m
[2.065s] [35m[1mConsolidate compiler generated dependencies of target rm_interface__rosidl_typesupport_fastrtps_cpp[0m
[2.070s] [ 12%] Built target ament_cmake_python_copy_rm_interface
[2.076s] [35m[1mConsolidate compiler generated dependencies of target rm_interface__rosidl_typesupport_fastrtps_c[0m
[2.076s] [35m[1mConsolidate compiler generated dependencies of target rm_interface__rosidl_typesupport_c[0m
[2.076s] [35m[1mConsolidate compiler generated dependencies of target rm_interface__rosidl_typesupport_introspection_c[0m
[2.092s] [ 23%] Built target rm_interface__rosidl_typesupport_cpp
[2.097s] [ 34%] Built target rm_interface__rosidl_typesupport_introspection_cpp
[2.101s] [ 46%] Built target rm_interface__rosidl_typesupport_c
[2.107s] [ 57%] Built target rm_interface__rosidl_typesupport_introspection_c
[2.108s] [ 68%] Built target rm_interface__rosidl_typesupport_fastrtps_cpp
[2.111s] [ 79%] Built target rm_interface__rosidl_typesupport_fastrtps_c
[2.151s] [ 79%] Built target rm_interface
[2.194s] [ 80%] Built target rm_interface__py
[2.223s] [35m[1mConsolidate compiler generated dependencies of target rm_interface__rosidl_generator_py[0m
[2.258s] [ 90%] Built target rm_interface__rosidl_generator_py
[2.282s] [35m[1mConsolidate compiler generated dependencies of target rm_interface__rosidl_typesupport_introspection_c__pyext[0m
[2.282s] [35m[1mConsolidate compiler generated dependencies of target rm_interface__rosidl_typesupport_fastrtps_c__pyext[0m
[2.282s] [35m[1mConsolidate compiler generated dependencies of target rm_interface__rosidl_typesupport_c__pyext[0m
[2.310s] [ 93%] Built target rm_interface__rosidl_typesupport_introspection_c__pyext
[2.311s] [ 96%] Built target rm_interface__rosidl_typesupport_fastrtps_c__pyext
[2.313s] [100%] Built target rm_interface__rosidl_typesupport_c__pyext
[2.373s] running egg_info
[2.374s] writing rm_interface.egg-info/PKG-INFO
[2.374s] writing dependency_links to rm_interface.egg-info/dependency_links.txt
[2.374s] writing top-level names to rm_interface.egg-info/top_level.txt
[2.378s] reading manifest file 'rm_interface.egg-info/SOURCES.txt'
[2.379s] writing manifest file 'rm_interface.egg-info/SOURCES.txt'
[2.436s] [100%] Built target ament_cmake_python_build_rm_interface_egg
[2.456s] Invoked command in '/home/sentry-nov/code/colcon_3/build/rm_interface' returned '0': CMAKE_PREFIX_PATH=${CMAKE_PREFIX_PATH}:/opt/ros/humble /usr/bin/cmake --build /home/sentry-nov/code/colcon_3/build/rm_interface -- -j12 -l12
[2.460s] Invoking command in '/home/sentry-nov/code/colcon_3/build/rm_interface': CMAKE_PREFIX_PATH=${CMAKE_PREFIX_PATH}:/opt/ros/humble /usr/bin/cmake --install /home/sentry-nov/code/colcon_3/build/rm_interface
[2.472s] -- Install configuration: "Release"
[2.473s] -- Up-to-date: /home/sentry-nov/code/colcon_3/install/rm_interface/share/ament_index/resource_index/rosidl_interfaces/rm_interface
[2.473s] -- Up-to-date: /home/sentry-nov/code/colcon_3/install/rm_interface/include/rm_interface/rm_interface
[2.473s] -- Up-to-date: /home/sentry-nov/code/colcon_3/install/rm_interface/include/rm_interface/rm_interface/srv
[2.473s] -- Up-to-date: /home/sentry-nov/code/colcon_3/install/rm_interface/include/rm_interface/rm_interface/srv/save_pcd.h
[2.473s] -- Up-to-date: /home/sentry-nov/code/colcon_3/install/rm_interface/include/rm_interface/rm_interface/srv/nav_core.h
[2.474s] -- Up-to-date: /home/sentry-nov/code/colcon_3/install/rm_interface/include/rm_interface/rm_interface/srv/detail
[2.474s] -- Up-to-date: /home/sentry-nov/code/colcon_3/install/rm_interface/include/rm_interface/rm_interface/srv/detail/nav_core__functions.h
[2.474s] -- Up-to-date: /home/sentry-nov/code/colcon_3/install/rm_interface/include/rm_interface/rm_interface/srv/detail/set_robot_mode__type_support.h
[2.474s] -- Up-to-date: /home/sentry-nov/code/colcon_3/install/rm_interface/include/rm_interface/rm_interface/srv/detail/nav_core__type_support.h
[2.474s] -- Up-to-date: /home/sentry-nov/code/colcon_3/install/rm_interface/include/rm_interface/rm_interface/srv/detail/set_robot_mode__functions.c
[2.474s] -- Up-to-date: /home/sentry-nov/code/colcon_3/install/rm_interface/include/rm_interface/rm_interface/srv/detail/nav_core__struct.h
[2.474s] -- Up-to-date: /home/sentry-nov/code/colcon_3/install/rm_interface/include/rm_interface/rm_interface/srv/detail/set_robot_mode__functions.h
[2.474s] -- Up-to-date: /home/sentry-nov/code/colcon_3/install/rm_interface/include/rm_interface/rm_interface/srv/detail/save_pcd__functions.h
[2.475s] -- Up-to-date: /home/sentry-nov/code/colcon_3/install/rm_interface/include/rm_interface/rm_interface/srv/detail/nav_core__functions.c
[2.475s] -- Up-to-date: /home/sentry-nov/code/colcon_3/install/rm_interface/include/rm_interface/rm_interface/srv/detail/set_robot_mode__struct.h
[2.475s] -- Up-to-date: /home/sentry-nov/code/colcon_3/install/rm_interface/include/rm_interface/rm_interface/srv/detail/save_pcd__struct.h
[2.475s] -- Up-to-date: /home/sentry-nov/code/colcon_3/install/rm_interface/include/rm_interface/rm_interface/srv/detail/save_pcd__functions.c
[2.475s] -- Up-to-date: /home/sentry-nov/code/colcon_3/install/rm_interface/include/rm_interface/rm_interface/srv/detail/save_pcd__type_support.h
[2.475s] -- Up-to-date: /home/sentry-nov/code/colcon_3/install/rm_interface/include/rm_interface/rm_interface/srv/set_robot_mode.h
[2.475s] -- Up-to-date: /home/sentry-nov/code/colcon_3/install/rm_interface/include/rm_interface/rm_interface/msg
[2.475s] -- Up-to-date: /home/sentry-nov/code/colcon_3/install/rm_interface/include/rm_interface/rm_interface/msg/rosidl_generator_c__visibility_control.h
[2.475s] -- Up-to-date: /home/sentry-nov/code/colcon_3/install/rm_interface/include/rm_interface/rm_interface/msg/local_state.h
[2.475s] -- Up-to-date: /home/sentry-nov/code/colcon_3/install/rm_interface/include/rm_interface/rm_interface/msg/command.h
[2.476s] -- Up-to-date: /home/sentry-nov/code/colcon_3/install/rm_interface/include/rm_interface/rm_interface/msg/detail
[2.476s] -- Up-to-date: /home/sentry-nov/code/colcon_3/install/rm_interface/include/rm_interface/rm_interface/msg/detail/local_state__type_support.h
[2.476s] -- Up-to-date: /home/sentry-nov/code/colcon_3/install/rm_interface/include/rm_interface/rm_interface/msg/detail/command__functions.h
[2.476s] -- Up-to-date: /home/sentry-nov/code/colcon_3/install/rm_interface/include/rm_interface/rm_interface/msg/detail/command__type_support.h
[2.476s] -- Up-to-date: /home/sentry-nov/code/colcon_3/install/rm_interface/include/rm_interface/rm_interface/msg/detail/command__functions.c
[2.476s] -- Up-to-date: /home/sentry-nov/code/colcon_3/install/rm_interface/include/rm_interface/rm_interface/msg/detail/local_state__functions.h
[2.476s] -- Up-to-date: /home/sentry-nov/code/colcon_3/install/rm_interface/include/rm_interface/rm_interface/msg/detail/local_state__struct.h
[2.476s] -- Up-to-date: /home/sentry-nov/code/colcon_3/install/rm_interface/include/rm_interface/rm_interface/msg/detail/command__struct.h
[2.477s] -- Up-to-date: /home/sentry-nov/code/colcon_3/install/rm_interface/include/rm_interface/rm_interface/msg/detail/local_state__functions.c
[2.477s] -- Up-to-date: /home/sentry-nov/code/colcon_3/install/rm_interface/share/rm_interface/environment/library_path.sh
[2.477s] -- Installing: /home/sentry-nov/code/colcon_3/install/rm_interface/share/rm_interface/environment/library_path.dsv
[2.477s] -- Up-to-date: /home/sentry-nov/code/colcon_3/install/rm_interface/lib/librm_interface__rosidl_generator_c.so
[2.477s] -- Up-to-date: /home/sentry-nov/code/colcon_3/install/rm_interface/include/rm_interface/rm_interface
[2.477s] -- Up-to-date: /home/sentry-nov/code/colcon_3/install/rm_interface/include/rm_interface/rm_interface/srv
[2.477s] -- Up-to-date: /home/sentry-nov/code/colcon_3/install/rm_interface/include/rm_interface/rm_interface/srv/detail
[2.477s] -- Up-to-date: /home/sentry-nov/code/colcon_3/install/rm_interface/include/rm_interface/rm_interface/srv/detail/nav_core__rosidl_typesupport_fastrtps_c.h
[2.477s] -- Up-to-date: /home/sentry-nov/code/colcon_3/install/rm_interface/include/rm_interface/rm_interface/srv/detail/save_pcd__rosidl_typesupport_fastrtps_c.h
[2.478s] -- Up-to-date: /home/sentry-nov/code/colcon_3/install/rm_interface/include/rm_interface/rm_interface/srv/detail/set_robot_mode__rosidl_typesupport_fastrtps_c.h
[2.478s] -- Up-to-date: /home/sentry-nov/code/colcon_3/install/rm_interface/include/rm_interface/rm_interface/msg
[2.478s] -- Up-to-date: /home/sentry-nov/code/colcon_3/install/rm_interface/include/rm_interface/rm_interface/msg/detail
[2.478s] -- Up-to-date: /home/sentry-nov/code/colcon_3/install/rm_interface/include/rm_interface/rm_interface/msg/detail/command__rosidl_typesupport_fastrtps_c.h
[2.478s] -- Up-to-date: /home/sentry-nov/code/colcon_3/install/rm_interface/include/rm_interface/rm_interface/msg/detail/local_state__rosidl_typesupport_fastrtps_c.h
[2.478s] -- Up-to-date: /home/sentry-nov/code/colcon_3/install/rm_interface/include/rm_interface/rm_interface/msg/rosidl_typesupport_fastrtps_c__visibility_control.h
[2.478s] -- Up-to-date: /home/sentry-nov/code/colcon_3/install/rm_interface/lib/librm_interface__rosidl_typesupport_fastrtps_c.so
[2.478s] -- Up-to-date: /home/sentry-nov/code/colcon_3/install/rm_interface/include/rm_interface/rm_interface
[2.478s] -- Up-to-date: /home/sentry-nov/code/colcon_3/install/rm_interface/include/rm_interface/rm_interface/srv
[2.479s] -- Up-to-date: /home/sentry-nov/code/colcon_3/install/rm_interface/include/rm_interface/rm_interface/srv/set_robot_mode.hpp
[2.479s] -- Up-to-date: /home/sentry-nov/code/colcon_3/install/rm_interface/include/rm_interface/rm_interface/srv/detail
[2.479s] -- Up-to-date: /home/sentry-nov/code/colcon_3/install/rm_interface/include/rm_interface/rm_interface/srv/detail/set_robot_mode__builder.hpp
[2.479s] -- Up-to-date: /home/sentry-nov/code/colcon_3/install/rm_interface/include/rm_interface/rm_interface/srv/detail/save_pcd__traits.hpp
[2.479s] -- Up-to-date: /home/sentry-nov/code/colcon_3/install/rm_interface/include/rm_interface/rm_interface/srv/detail/save_pcd__struct.hpp
[2.479s] -- Up-to-date: /home/sentry-nov/code/colcon_3/install/rm_interface/include/rm_interface/rm_interface/srv/detail/save_pcd__builder.hpp
[2.479s] -- Up-to-date: /home/sentry-nov/code/colcon_3/install/rm_interface/include/rm_interface/rm_interface/srv/detail/save_pcd__type_support.hpp
[2.479s] -- Up-to-date: /home/sentry-nov/code/colcon_3/install/rm_interface/include/rm_interface/rm_interface/srv/detail/nav_core__type_support.hpp
[2.479s] -- Up-to-date: /home/sentry-nov/code/colcon_3/install/rm_interface/include/rm_interface/rm_interface/srv/detail/nav_core__builder.hpp
[2.480s] -- Up-to-date: /home/sentry-nov/code/colcon_3/install/rm_interface/include/rm_interface/rm_interface/srv/detail/nav_core__traits.hpp
[2.480s] -- Up-to-date: /home/sentry-nov/code/colcon_3/install/rm_interface/include/rm_interface/rm_interface/srv/detail/set_robot_mode__type_support.hpp
[2.480s] -- Up-to-date: /home/sentry-nov/code/colcon_3/install/rm_interface/include/rm_interface/rm_interface/srv/detail/set_robot_mode__struct.hpp
[2.480s] -- Up-to-date: /home/sentry-nov/code/colcon_3/install/rm_interface/include/rm_interface/rm_interface/srv/detail/nav_core__struct.hpp
[2.480s] -- Up-to-date: /home/sentry-nov/code/colcon_3/install/rm_interface/include/rm_interface/rm_interface/srv/detail/set_robot_mode__traits.hpp
[2.481s] -- Up-to-date: /home/sentry-nov/code/colcon_3/install/rm_interface/include/rm_interface/rm_interface/srv/nav_core.hpp
[2.481s] -- Up-to-date: /home/sentry-nov/code/colcon_3/install/rm_interface/include/rm_interface/rm_interface/srv/save_pcd.hpp
[2.481s] -- Up-to-date: /home/sentry-nov/code/colcon_3/install/rm_interface/include/rm_interface/rm_interface/msg
[2.481s] -- Up-to-date: /home/sentry-nov/code/colcon_3/install/rm_interface/include/rm_interface/rm_interface/msg/detail
[2.481s] -- Up-to-date: /home/sentry-nov/code/colcon_3/install/rm_interface/include/rm_interface/rm_interface/msg/detail/command__struct.hpp
[2.481s] -- Up-to-date: /home/sentry-nov/code/colcon_3/install/rm_interface/include/rm_interface/rm_interface/msg/detail/command__traits.hpp
[2.481s] -- Up-to-date: /home/sentry-nov/code/colcon_3/install/rm_interface/include/rm_interface/rm_interface/msg/detail/command__type_support.hpp
[2.481s] -- Up-to-date: /home/sentry-nov/code/colcon_3/install/rm_interface/include/rm_interface/rm_interface/msg/detail/local_state__struct.hpp
[2.482s] -- Up-to-date: /home/sentry-nov/code/colcon_3/install/rm_interface/include/rm_interface/rm_interface/msg/detail/local_state__traits.hpp
[2.482s] -- Up-to-date: /home/sentry-nov/code/colcon_3/install/rm_interface/include/rm_interface/rm_interface/msg/detail/command__builder.hpp
[2.482s] -- Up-to-date: /home/sentry-nov/code/colcon_3/install/rm_interface/include/rm_interface/rm_interface/msg/detail/local_state__type_support.hpp
[2.482s] -- Up-to-date: /home/sentry-nov/code/colcon_3/install/rm_interface/include/rm_interface/rm_interface/msg/detail/local_state__builder.hpp
[2.482s] -- Up-to-date: /home/sentry-nov/code/colcon_3/install/rm_interface/include/rm_interface/rm_interface/msg/rosidl_generator_cpp__visibility_control.hpp
[2.482s] -- Up-to-date: /home/sentry-nov/code/colcon_3/install/rm_interface/include/rm_interface/rm_interface/msg/local_state.hpp
[2.482s] -- Up-to-date: /home/sentry-nov/code/colcon_3/install/rm_interface/include/rm_interface/rm_interface/msg/command.hpp
[2.482s] -- Up-to-date: /home/sentry-nov/code/colcon_3/install/rm_interface/include/rm_interface/rm_interface
[2.482s] -- Up-to-date: /home/sentry-nov/code/colcon_3/install/rm_interface/include/rm_interface/rm_interface/srv
[2.482s] -- Up-to-date: /home/sentry-nov/code/colcon_3/install/rm_interface/include/rm_interface/rm_interface/srv/detail
[2.483s] -- Up-to-date: /home/sentry-nov/code/colcon_3/install/rm_interface/include/rm_interface/rm_interface/srv/detail/nav_core__rosidl_typesupport_fastrtps_cpp.hpp
[2.483s] -- Up-to-date: /home/sentry-nov/code/colcon_3/install/rm_interface/include/rm_interface/rm_interface/srv/detail/set_robot_mode__rosidl_typesupport_fastrtps_cpp.hpp
[2.483s] -- Up-to-date: /home/sentry-nov/code/colcon_3/install/rm_interface/include/rm_interface/rm_interface/srv/detail/dds_fastrtps
[2.483s] -- Up-to-date: /home/sentry-nov/code/colcon_3/install/rm_interface/include/rm_interface/rm_interface/srv/detail/save_pcd__rosidl_typesupport_fastrtps_cpp.hpp
[2.483s] -- Up-to-date: /home/sentry-nov/code/colcon_3/install/rm_interface/include/rm_interface/rm_interface/msg
[2.483s] -- Up-to-date: /home/sentry-nov/code/colcon_3/install/rm_interface/include/rm_interface/rm_interface/msg/detail
[2.483s] -- Up-to-date: /home/sentry-nov/code/colcon_3/install/rm_interface/include/rm_interface/rm_interface/msg/detail/local_state__rosidl_typesupport_fastrtps_cpp.hpp
[2.483s] -- Up-to-date: /home/sentry-nov/code/colcon_3/install/rm_interface/include/rm_interface/rm_interface/msg/detail/dds_fastrtps
[2.483s] -- Up-to-date: /home/sentry-nov/code/colcon_3/install/rm_interface/include/rm_interface/rm_interface/msg/detail/command__rosidl_typesupport_fastrtps_cpp.hpp
[2.483s] -- Up-to-date: /home/sentry-nov/code/colcon_3/install/rm_interface/include/rm_interface/rm_interface/msg/rosidl_typesupport_fastrtps_cpp__visibility_control.h
[2.484s] -- Up-to-date: /home/sentry-nov/code/colcon_3/install/rm_interface/lib/librm_interface__rosidl_typesupport_fastrtps_cpp.so
[2.484s] -- Up-to-date: /home/sentry-nov/code/colcon_3/install/rm_interface/include/rm_interface/rm_interface
[2.484s] -- Up-to-date: /home/sentry-nov/code/colcon_3/install/rm_interface/include/rm_interface/rm_interface/srv
[2.484s] -- Up-to-date: /home/sentry-nov/code/colcon_3/install/rm_interface/include/rm_interface/rm_interface/srv/detail
[2.484s] -- Up-to-date: /home/sentry-nov/code/colcon_3/install/rm_interface/include/rm_interface/rm_interface/srv/detail/nav_core__rosidl_typesupport_introspection_c.h
[2.484s] -- Up-to-date: /home/sentry-nov/code/colcon_3/install/rm_interface/include/rm_interface/rm_interface/srv/detail/set_robot_mode__type_support.c
[2.484s] -- Up-to-date: /home/sentry-nov/code/colcon_3/install/rm_interface/include/rm_interface/rm_interface/srv/detail/save_pcd__type_support.c
[2.485s] -- Up-to-date: /home/sentry-nov/code/colcon_3/install/rm_interface/include/rm_interface/rm_interface/srv/detail/set_robot_mode__rosidl_typesupport_introspection_c.h
[2.485s] -- Up-to-date: /home/sentry-nov/code/colcon_3/install/rm_interface/include/rm_interface/rm_interface/srv/detail/nav_core__type_support.c
[2.485s] -- Up-to-date: /home/sentry-nov/code/colcon_3/install/rm_interface/include/rm_interface/rm_interface/srv/detail/save_pcd__rosidl_typesupport_introspection_c.h
[2.485s] -- Up-to-date: /home/sentry-nov/code/colcon_3/install/rm_interface/include/rm_interface/rm_interface/msg
[2.485s] -- Up-to-date: /home/sentry-nov/code/colcon_3/install/rm_interface/include/rm_interface/rm_interface/msg/detail
[2.485s] -- Up-to-date: /home/sentry-nov/code/colcon_3/install/rm_interface/include/rm_interface/rm_interface/msg/detail/command__rosidl_typesupport_introspection_c.h
[2.485s] -- Up-to-date: /home/sentry-nov/code/colcon_3/install/rm_interface/include/rm_interface/rm_interface/msg/detail/local_state__rosidl_typesupport_introspection_c.h
[2.485s] -- Up-to-date: /home/sentry-nov/code/colcon_3/install/rm_interface/include/rm_interface/rm_interface/msg/detail/command__type_support.c
[2.485s] -- Up-to-date: /home/sentry-nov/code/colcon_3/install/rm_interface/include/rm_interface/rm_interface/msg/detail/local_state__type_support.c
[2.486s] -- Up-to-date: /home/sentry-nov/code/colcon_3/install/rm_interface/include/rm_interface/rm_interface/msg/rosidl_typesupport_introspection_c__visibility_control.h
[2.486s] -- Up-to-date: /home/sentry-nov/code/colcon_3/install/rm_interface/lib/librm_interface__rosidl_typesupport_introspection_c.so
[2.486s] -- Up-to-date: /home/sentry-nov/code/colcon_3/install/rm_interface/lib/librm_interface__rosidl_typesupport_c.so
[2.486s] -- Up-to-date: /home/sentry-nov/code/colcon_3/install/rm_interface/include/rm_interface/rm_interface
[2.486s] -- Up-to-date: /home/sentry-nov/code/colcon_3/install/rm_interface/include/rm_interface/rm_interface/srv
[2.486s] -- Up-to-date: /home/sentry-nov/code/colcon_3/install/rm_interface/include/rm_interface/rm_interface/srv/detail
[2.486s] -- Up-to-date: /home/sentry-nov/code/colcon_3/install/rm_interface/include/rm_interface/rm_interface/srv/detail/set_robot_mode__type_support.cpp
[2.486s] -- Up-to-date: /home/sentry-nov/code/colcon_3/install/rm_interface/include/rm_interface/rm_interface/srv/detail/save_pcd__rosidl_typesupport_introspection_cpp.hpp
[2.487s] -- Up-to-date: /home/sentry-nov/code/colcon_3/install/rm_interface/include/rm_interface/rm_interface/srv/detail/save_pcd__type_support.cpp
[2.487s] -- Up-to-date: /home/sentry-nov/code/colcon_3/install/rm_interface/include/rm_interface/rm_interface/srv/detail/set_robot_mode__rosidl_typesupport_introspection_cpp.hpp
[2.487s] -- Up-to-date: /home/sentry-nov/code/colcon_3/install/rm_interface/include/rm_interface/rm_interface/srv/detail/nav_core__rosidl_typesupport_introspection_cpp.hpp
[2.487s] -- Up-to-date: /home/sentry-nov/code/colcon_3/install/rm_interface/include/rm_interface/rm_interface/srv/detail/nav_core__type_support.cpp
[2.487s] -- Up-to-date: /home/sentry-nov/code/colcon_3/install/rm_interface/include/rm_interface/rm_interface/msg
[2.487s] -- Up-to-date: /home/sentry-nov/code/colcon_3/install/rm_interface/include/rm_interface/rm_interface/msg/detail
[2.487s] -- Up-to-date: /home/sentry-nov/code/colcon_3/install/rm_interface/include/rm_interface/rm_interface/msg/detail/command__type_support.cpp
[2.487s] -- Up-to-date: /home/sentry-nov/code/colcon_3/install/rm_interface/include/rm_interface/rm_interface/msg/detail/local_state__rosidl_typesupport_introspection_cpp.hpp
[2.487s] -- Up-to-date: /home/sentry-nov/code/colcon_3/install/rm_interface/include/rm_interface/rm_interface/msg/detail/command__rosidl_typesupport_introspection_cpp.hpp
[2.488s] -- Up-to-date: /home/sentry-nov/code/colcon_3/install/rm_interface/include/rm_interface/rm_interface/msg/detail/local_state__type_support.cpp
[2.488s] -- Up-to-date: /home/sentry-nov/code/colcon_3/install/rm_interface/lib/librm_interface__rosidl_typesupport_introspection_cpp.so
[2.488s] -- Up-to-date: /home/sentry-nov/code/colcon_3/install/rm_interface/lib/librm_interface__rosidl_typesupport_cpp.so
[2.488s] -- Up-to-date: /home/sentry-nov/code/colcon_3/install/rm_interface/share/rm_interface/environment/pythonpath.sh
[2.488s] -- Installing: /home/sentry-nov/code/colcon_3/install/rm_interface/share/rm_interface/environment/pythonpath.dsv
[2.488s] -- Up-to-date: /home/sentry-nov/code/colcon_3/install/rm_interface/local/lib/python3.10/dist-packages/rm_interface-0.0.0-py3.10.egg-info
[2.488s] -- Installing: /home/sentry-nov/code/colcon_3/install/rm_interface/local/lib/python3.10/dist-packages/rm_interface-0.0.0-py3.10.egg-info/top_level.txt
[2.488s] -- Installing: /home/sentry-nov/code/colcon_3/install/rm_interface/local/lib/python3.10/dist-packages/rm_interface-0.0.0-py3.10.egg-info/dependency_links.txt
[2.488s] -- Installing: /home/sentry-nov/code/colcon_3/install/rm_interface/local/lib/python3.10/dist-packages/rm_interface-0.0.0-py3.10.egg-info/PKG-INFO
[2.488s] -- Installing: /home/sentry-nov/code/colcon_3/install/rm_interface/local/lib/python3.10/dist-packages/rm_interface-0.0.0-py3.10.egg-info/SOURCES.txt
[2.489s] -- Up-to-date: /home/sentry-nov/code/colcon_3/install/rm_interface/local/lib/python3.10/dist-packages/rm_interface
[2.489s] -- Up-to-date: /home/sentry-nov/code/colcon_3/install/rm_interface/local/lib/python3.10/dist-packages/rm_interface/rm_interface_s__rosidl_typesupport_introspection_c.cpython-310-x86_64-linux-gnu.so
[2.489s] -- Up-to-date: /home/sentry-nov/code/colcon_3/install/rm_interface/local/lib/python3.10/dist-packages/rm_interface/srv
[2.489s] -- Up-to-date: /home/sentry-nov/code/colcon_3/install/rm_interface/local/lib/python3.10/dist-packages/rm_interface/srv/_nav_core_s.c
[2.489s] -- Up-to-date: /home/sentry-nov/code/colcon_3/install/rm_interface/local/lib/python3.10/dist-packages/rm_interface/srv/_set_robot_mode_s.c
[2.489s] -- Up-to-date: /home/sentry-nov/code/colcon_3/install/rm_interface/local/lib/python3.10/dist-packages/rm_interface/srv/_nav_core.py
[2.489s] -- Up-to-date: /home/sentry-nov/code/colcon_3/install/rm_interface/local/lib/python3.10/dist-packages/rm_interface/srv/_save_pcd.py
[2.489s] -- Up-to-date: /home/sentry-nov/code/colcon_3/install/rm_interface/local/lib/python3.10/dist-packages/rm_interface/srv/_set_robot_mode.py
[2.489s] -- Up-to-date: /home/sentry-nov/code/colcon_3/install/rm_interface/local/lib/python3.10/dist-packages/rm_interface/srv/_save_pcd_s.c
[2.489s] -- Up-to-date: /home/sentry-nov/code/colcon_3/install/rm_interface/local/lib/python3.10/dist-packages/rm_interface/srv/__init__.py
[2.489s] -- Up-to-date: /home/sentry-nov/code/colcon_3/install/rm_interface/local/lib/python3.10/dist-packages/rm_interface/rm_interface_s__rosidl_typesupport_c.cpython-310-x86_64-linux-gnu.so
[2.489s] -- Up-to-date: /home/sentry-nov/code/colcon_3/install/rm_interface/local/lib/python3.10/dist-packages/rm_interface/_rm_interface_s.ep.rosidl_typesupport_c.c
[2.490s] -- Up-to-date: /home/sentry-nov/code/colcon_3/install/rm_interface/local/lib/python3.10/dist-packages/rm_interface/_rm_interface_s.ep.rosidl_typesupport_fastrtps_c.c
[2.490s] -- Up-to-date: /home/sentry-nov/code/colcon_3/install/rm_interface/local/lib/python3.10/dist-packages/rm_interface/rm_interface_s__rosidl_typesupport_fastrtps_c.cpython-310-x86_64-linux-gnu.so
[2.490s] -- Installing: /home/sentry-nov/code/colcon_3/install/rm_interface/local/lib/python3.10/dist-packages/rm_interface/__init__.py
[2.490s] -- Up-to-date: /home/sentry-nov/code/colcon_3/install/rm_interface/local/lib/python3.10/dist-packages/rm_interface/msg
[2.490s] -- Up-to-date: /home/sentry-nov/code/colcon_3/install/rm_interface/local/lib/python3.10/dist-packages/rm_interface/msg/_local_state.py
[2.490s] -- Up-to-date: /home/sentry-nov/code/colcon_3/install/rm_interface/local/lib/python3.10/dist-packages/rm_interface/msg/_local_state_s.c
[2.490s] -- Up-to-date: /home/sentry-nov/code/colcon_3/install/rm_interface/local/lib/python3.10/dist-packages/rm_interface/msg/_command.py
[2.490s] -- Up-to-date: /home/sentry-nov/code/colcon_3/install/rm_interface/local/lib/python3.10/dist-packages/rm_interface/msg/__init__.py
[2.490s] -- Up-to-date: /home/sentry-nov/code/colcon_3/install/rm_interface/local/lib/python3.10/dist-packages/rm_interface/msg/_command_s.c
[2.490s] -- Up-to-date: /home/sentry-nov/code/colcon_3/install/rm_interface/local/lib/python3.10/dist-packages/rm_interface/librm_interface__rosidl_generator_py.so
[2.490s] -- Up-to-date: /home/sentry-nov/code/colcon_3/install/rm_interface/local/lib/python3.10/dist-packages/rm_interface/_rm_interface_s.ep.rosidl_typesupport_introspection_c.c
[2.542s] Listing '/home/sentry-nov/code/colcon_3/install/rm_interface/local/lib/python3.10/dist-packages/rm_interface'...
[2.542s] Compiling '/home/sentry-nov/code/colcon_3/install/rm_interface/local/lib/python3.10/dist-packages/rm_interface/__init__.py'...
[2.542s] Listing '/home/sentry-nov/code/colcon_3/install/rm_interface/local/lib/python3.10/dist-packages/rm_interface/msg'...
[2.542s] Listing '/home/sentry-nov/code/colcon_3/install/rm_interface/local/lib/python3.10/dist-packages/rm_interface/srv'...
[2.551s] -- Up-to-date: /home/sentry-nov/code/colcon_3/install/rm_interface/local/lib/python3.10/dist-packages/rm_interface/rm_interface_s__rosidl_typesupport_fastrtps_c.cpython-310-x86_64-linux-gnu.so
[2.552s] -- Up-to-date: /home/sentry-nov/code/colcon_3/install/rm_interface/local/lib/python3.10/dist-packages/rm_interface/rm_interface_s__rosidl_typesupport_introspection_c.cpython-310-x86_64-linux-gnu.so
[2.553s] -- Up-to-date: /home/sentry-nov/code/colcon_3/install/rm_interface/local/lib/python3.10/dist-packages/rm_interface/rm_interface_s__rosidl_typesupport_c.cpython-310-x86_64-linux-gnu.so
[2.554s] -- Up-to-date: /home/sentry-nov/code/colcon_3/install/rm_interface/lib/librm_interface__rosidl_generator_py.so
[2.554s] -- Up-to-date: /home/sentry-nov/code/colcon_3/install/rm_interface/share/rm_interface/srv/SavePCD.idl
[2.555s] -- Up-to-date: /home/sentry-nov/code/colcon_3/install/rm_interface/share/rm_interface/srv/NavCore.idl
[2.555s] -- Up-to-date: /home/sentry-nov/code/colcon_3/install/rm_interface/share/rm_interface/srv/SetRobotMode.idl
[2.555s] -- Up-to-date: /home/sentry-nov/code/colcon_3/install/rm_interface/share/rm_interface/msg/Command.idl
[2.555s] -- Up-to-date: /home/sentry-nov/code/colcon_3/install/rm_interface/share/rm_interface/msg/LocalState.idl
[2.555s] -- Up-to-date: /home/sentry-nov/code/colcon_3/install/rm_interface/share/rm_interface/srv/SavePCD.srv
[2.555s] -- Up-to-date: /home/sentry-nov/code/colcon_3/install/rm_interface/share/rm_interface/srv/SavePCD_Request.msg
[2.555s] -- Up-to-date: /home/sentry-nov/code/colcon_3/install/rm_interface/share/rm_interface/srv/SavePCD_Response.msg
[2.555s] -- Up-to-date: /home/sentry-nov/code/colcon_3/install/rm_interface/share/rm_interface/srv/NavCore.srv
[2.555s] -- Up-to-date: /home/sentry-nov/code/colcon_3/install/rm_interface/share/rm_interface/srv/NavCore_Request.msg
[2.556s] -- Up-to-date: /home/sentry-nov/code/colcon_3/install/rm_interface/share/rm_interface/srv/NavCore_Response.msg
[2.556s] -- Up-to-date: /home/sentry-nov/code/colcon_3/install/rm_interface/share/rm_interface/srv/SetRobotMode.srv
[2.556s] -- Up-to-date: /home/sentry-nov/code/colcon_3/install/rm_interface/share/rm_interface/srv/SetRobotMode_Request.msg
[2.556s] -- Up-to-date: /home/sentry-nov/code/colcon_3/install/rm_interface/share/rm_interface/srv/SetRobotMode_Response.msg
[2.556s] -- Up-to-date: /home/sentry-nov/code/colcon_3/install/rm_interface/share/rm_interface/msg/Command.msg
[2.556s] -- Up-to-date: /home/sentry-nov/code/colcon_3/install/rm_interface/share/rm_interface/msg/LocalState.msg
[2.556s] -- Up-to-date: /home/sentry-nov/code/colcon_3/install/rm_interface/share/ament_index/resource_index/package_run_dependencies/rm_interface
[2.556s] -- Up-to-date: /home/sentry-nov/code/colcon_3/install/rm_interface/share/ament_index/resource_index/parent_prefix_path/rm_interface
[2.556s] -- Up-to-date: /home/sentry-nov/code/colcon_3/install/rm_interface/share/rm_interface/environment/ament_prefix_path.sh
[2.557s] -- Installing: /home/sentry-nov/code/colcon_3/install/rm_interface/share/rm_interface/environment/ament_prefix_path.dsv
[2.557s] -- Up-to-date: /home/sentry-nov/code/colcon_3/install/rm_interface/share/rm_interface/environment/path.sh
[2.557s] -- Installing: /home/sentry-nov/code/colcon_3/install/rm_interface/share/rm_interface/environment/path.dsv
[2.557s] -- Up-to-date: /home/sentry-nov/code/colcon_3/install/rm_interface/share/rm_interface/local_setup.bash
[2.557s] -- Up-to-date: /home/sentry-nov/code/colcon_3/install/rm_interface/share/rm_interface/local_setup.sh
[2.557s] -- Up-to-date: /home/sentry-nov/code/colcon_3/install/rm_interface/share/rm_interface/local_setup.zsh
[2.557s] -- Installing: /home/sentry-nov/code/colcon_3/install/rm_interface/share/rm_interface/local_setup.dsv
[2.557s] -- Installing: /home/sentry-nov/code/colcon_3/install/rm_interface/share/rm_interface/package.dsv
[2.557s] -- Up-to-date: /home/sentry-nov/code/colcon_3/install/rm_interface/share/ament_index/resource_index/packages/rm_interface
[2.558s] -- Up-to-date: /home/sentry-nov/code/colcon_3/install/rm_interface/share/rm_interface/cmake/export_rm_interface__rosidl_generator_cExport.cmake
[2.558s] -- Up-to-date: /home/sentry-nov/code/colcon_3/install/rm_interface/share/rm_interface/cmake/export_rm_interface__rosidl_generator_cExport-release.cmake
[2.558s] -- Up-to-date: /home/sentry-nov/code/colcon_3/install/rm_interface/share/rm_interface/cmake/export_rm_interface__rosidl_typesupport_fastrtps_cExport.cmake
[2.558s] -- Up-to-date: /home/sentry-nov/code/colcon_3/install/rm_interface/share/rm_interface/cmake/export_rm_interface__rosidl_typesupport_fastrtps_cExport-release.cmake
[2.559s] -- Up-to-date: /home/sentry-nov/code/colcon_3/install/rm_interface/share/rm_interface/cmake/export_rm_interface__rosidl_generator_cppExport.cmake
[2.559s] -- Up-to-date: /home/sentry-nov/code/colcon_3/install/rm_interface/share/rm_interface/cmake/export_rm_interface__rosidl_typesupport_fastrtps_cppExport.cmake
[2.559s] -- Up-to-date: /home/sentry-nov/code/colcon_3/install/rm_interface/share/rm_interface/cmake/export_rm_interface__rosidl_typesupport_fastrtps_cppExport-release.cmake
[2.560s] -- Up-to-date: /home/sentry-nov/code/colcon_3/install/rm_interface/share/rm_interface/cmake/rm_interface__rosidl_typesupport_introspection_cExport.cmake
[2.560s] -- Up-to-date: /home/sentry-nov/code/colcon_3/install/rm_interface/share/rm_interface/cmake/rm_interface__rosidl_typesupport_introspection_cExport-release.cmake
[2.560s] -- Up-to-date: /home/sentry-nov/code/colcon_3/install/rm_interface/share/rm_interface/cmake/rm_interface__rosidl_typesupport_cExport.cmake
[2.560s] -- Up-to-date: /home/sentry-nov/code/colcon_3/install/rm_interface/share/rm_interface/cmake/rm_interface__rosidl_typesupport_cExport-release.cmake
[2.561s] -- Up-to-date: /home/sentry-nov/code/colcon_3/install/rm_interface/share/rm_interface/cmake/rm_interface__rosidl_typesupport_introspection_cppExport.cmake
[2.561s] -- Up-to-date: /home/sentry-nov/code/colcon_3/install/rm_interface/share/rm_interface/cmake/rm_interface__rosidl_typesupport_introspection_cppExport-release.cmake
[2.562s] -- Up-to-date: /home/sentry-nov/code/colcon_3/install/rm_interface/share/rm_interface/cmake/rm_interface__rosidl_typesupport_cppExport.cmake
[2.562s] -- Up-to-date: /home/sentry-nov/code/colcon_3/install/rm_interface/share/rm_interface/cmake/rm_interface__rosidl_typesupport_cppExport-release.cmake
[2.562s] -- Up-to-date: /home/sentry-nov/code/colcon_3/install/rm_interface/share/rm_interface/cmake/export_rm_interface__rosidl_generator_pyExport.cmake
[2.562s] -- Up-to-date: /home/sentry-nov/code/colcon_3/install/rm_interface/share/rm_interface/cmake/export_rm_interface__rosidl_generator_pyExport-release.cmake
[2.562s] -- Up-to-date: /home/sentry-nov/code/colcon_3/install/rm_interface/share/rm_interface/cmake/rosidl_cmake-extras.cmake
[2.563s] -- Up-to-date: /home/sentry-nov/code/colcon_3/install/rm_interface/share/rm_interface/cmake/ament_cmake_export_include_directories-extras.cmake
[2.563s] -- Up-to-date: /home/sentry-nov/code/colcon_3/install/rm_interface/share/rm_interface/cmake/ament_cmake_export_libraries-extras.cmake
[2.563s] -- Up-to-date: /home/sentry-nov/code/colcon_3/install/rm_interface/share/rm_interface/cmake/ament_cmake_export_targets-extras.cmake
[2.563s] -- Up-to-date: /home/sentry-nov/code/colcon_3/install/rm_interface/share/rm_interface/cmake/rosidl_cmake_export_typesupport_targets-extras.cmake
[2.563s] -- Up-to-date: /home/sentry-nov/code/colcon_3/install/rm_interface/share/rm_interface/cmake/ament_cmake_export_dependencies-extras.cmake
[2.563s] -- Up-to-date: /home/sentry-nov/code/colcon_3/install/rm_interface/share/rm_interface/cmake/rosidl_cmake_export_typesupport_libraries-extras.cmake
[2.563s] -- Up-to-date: /home/sentry-nov/code/colcon_3/install/rm_interface/share/rm_interface/cmake/rm_interfaceConfig.cmake
[2.563s] -- Up-to-date: /home/sentry-nov/code/colcon_3/install/rm_interface/share/rm_interface/cmake/rm_interfaceConfig-version.cmake
[2.563s] -- Up-to-date: /home/sentry-nov/code/colcon_3/install/rm_interface/share/rm_interface/package.xml
[2.567s] Invoked command in '/home/sentry-nov/code/colcon_3/build/rm_interface' returned '0': CMAKE_PREFIX_PATH=${CMAKE_PREFIX_PATH}:/opt/ros/humble /usr/bin/cmake --install /home/sentry-nov/code/colcon_3/build/rm_interface
