[0.035s] Invoking command in '/home/sentry-nov/code/colcon_3/build/motion_planning': AMENT_PREFIX_PATH=/home/sentry-nov/code/colcon_3/install/rm_interface:/home/sentry-nov/code/colcon_3/install/debug_tools:${AMENT_PREFIX_PATH} CMAKE_PREFIX_PATH=/home/sentry-nov/code/colcon_3/install/rm_interface:/home/sentry-nov/code/colcon_3/install/debug_tools:/opt/ros/humble LD_LIBRARY_PATH=/home/sentry-nov/code/colcon_3/install/rm_interface/lib:${LD_LIBRARY_PATH} PYTHONPATH=/home/sentry-nov/code/colcon_3/install/rm_interface/local/lib/python3.10/dist-packages:${PYTHONPATH} /usr/bin/cmake --build /home/sentry-nov/code/colcon_3/build/motion_planning -- -j12 -l12
[0.245s] [35m[1mConsolidate compiler generated dependencies of target motion_planning_ros_node[0m
[0.317s] [ 40%] Built target motion_demo_node
[0.406s] [100%] Built target motion_planning_ros_node
[0.420s] Invoked command in '/home/sentry-nov/code/colcon_3/build/motion_planning' returned '0': AMENT_PREFIX_PATH=/home/sentry-nov/code/colcon_3/install/rm_interface:/home/sentry-nov/code/colcon_3/install/debug_tools:${AMENT_PREFIX_PATH} CMAKE_PREFIX_PATH=/home/sentry-nov/code/colcon_3/install/rm_interface:/home/sentry-nov/code/colcon_3/install/debug_tools:/opt/ros/humble LD_LIBRARY_PATH=/home/sentry-nov/code/colcon_3/install/rm_interface/lib:${LD_LIBRARY_PATH} PYTHONPATH=/home/sentry-nov/code/colcon_3/install/rm_interface/local/lib/python3.10/dist-packages:${PYTHONPATH} /usr/bin/cmake --build /home/sentry-nov/code/colcon_3/build/motion_planning -- -j12 -l12
[0.425s] Invoking command in '/home/sentry-nov/code/colcon_3/build/motion_planning': AMENT_PREFIX_PATH=/home/sentry-nov/code/colcon_3/install/rm_interface:/home/sentry-nov/code/colcon_3/install/debug_tools:${AMENT_PREFIX_PATH} CMAKE_PREFIX_PATH=/home/sentry-nov/code/colcon_3/install/rm_interface:/home/sentry-nov/code/colcon_3/install/debug_tools:/opt/ros/humble LD_LIBRARY_PATH=/home/sentry-nov/code/colcon_3/install/rm_interface/lib:${LD_LIBRARY_PATH} PYTHONPATH=/home/sentry-nov/code/colcon_3/install/rm_interface/local/lib/python3.10/dist-packages:${PYTHONPATH} /usr/bin/cmake --install /home/sentry-nov/code/colcon_3/build/motion_planning
[0.433s] -- Install configuration: "Release"
[0.436s] -- Up-to-date: /home/sentry-nov/code/colcon_3/install/motion_planning/lib/motion_planning/motion_demo_node
[0.438s] -- Up-to-date: /home/sentry-nov/code/colcon_3/install/motion_planning/lib/motion_planning/motion_planning_ros_node
[0.440s] -- Up-to-date: /home/sentry-nov/code/colcon_3/install/motion_planning/share/ament_index/resource_index/package_run_dependencies/motion_planning
[0.441s] -- Up-to-date: /home/sentry-nov/code/colcon_3/install/motion_planning/share/ament_index/resource_index/parent_prefix_path/motion_planning
[0.445s] -- Up-to-date: /home/sentry-nov/code/colcon_3/install/motion_planning/share/motion_planning/environment/ament_prefix_path.sh
[0.445s] -- Up-to-date: /home/sentry-nov/code/colcon_3/install/motion_planning/share/motion_planning/environment/ament_prefix_path.dsv
[0.445s] -- Up-to-date: /home/sentry-nov/code/colcon_3/install/motion_planning/share/motion_planning/environment/path.sh
[0.445s] -- Up-to-date: /home/sentry-nov/code/colcon_3/install/motion_planning/share/motion_planning/environment/path.dsv
[0.445s] -- Up-to-date: /home/sentry-nov/code/colcon_3/install/motion_planning/share/motion_planning/local_setup.bash
[0.445s] -- Up-to-date: /home/sentry-nov/code/colcon_3/install/motion_planning/share/motion_planning/local_setup.sh
[0.445s] -- Up-to-date: /home/sentry-nov/code/colcon_3/install/motion_planning/share/motion_planning/local_setup.zsh
[0.446s] -- Up-to-date: /home/sentry-nov/code/colcon_3/install/motion_planning/share/motion_planning/local_setup.dsv
[0.446s] -- Installing: /home/sentry-nov/code/colcon_3/install/motion_planning/share/motion_planning/package.dsv
[0.446s] -- Up-to-date: /home/sentry-nov/code/colcon_3/install/motion_planning/share/ament_index/resource_index/packages/motion_planning
[0.446s] -- Up-to-date: /home/sentry-nov/code/colcon_3/install/motion_planning/share/motion_planning/cmake/motion_planningConfig.cmake
[0.446s] -- Up-to-date: /home/sentry-nov/code/colcon_3/install/motion_planning/share/motion_planning/cmake/motion_planningConfig-version.cmake
[0.446s] -- Up-to-date: /home/sentry-nov/code/colcon_3/install/motion_planning/share/motion_planning/package.xml
[0.449s] Invoked command in '/home/sentry-nov/code/colcon_3/build/motion_planning' returned '0': AMENT_PREFIX_PATH=/home/sentry-nov/code/colcon_3/install/rm_interface:/home/sentry-nov/code/colcon_3/install/debug_tools:${AMENT_PREFIX_PATH} CMAKE_PREFIX_PATH=/home/sentry-nov/code/colcon_3/install/rm_interface:/home/sentry-nov/code/colcon_3/install/debug_tools:/opt/ros/humble LD_LIBRARY_PATH=/home/sentry-nov/code/colcon_3/install/rm_interface/lib:${LD_LIBRARY_PATH} PYTHONPATH=/home/sentry-nov/code/colcon_3/install/rm_interface/local/lib/python3.10/dist-packages:${PYTHONPATH} /usr/bin/cmake --install /home/sentry-nov/code/colcon_3/build/motion_planning
