[0.046s] Invoking command in '/home/sentry-nov/code/colcon_3/build/rm_serial': CMAKE_PREFIX_PATH=/home/sentry-nov/code/colcon_3/install/rm_interface:/home/sentry-nov/code/colcon_3/install/debug_tools:/home/sentry-nov/code/colcon_3/install/path_planning:/home/sentry-nov/code/colcon_3/install/z_related_map:/home/sentry-nov/code/colcon_3/install/tilted_lidar:/home/sentry-nov/code/colcon_3/install/rm_serial:/home/sentry-nov/code/colcon_3/install/motion_planning:/home/sentry-nov/code/colcon_3/install/ikd_tree_mapping:/home/sentry-nov/code/colcon_3/install/point_lio:/home/sentry-nov/code/colcon_3/install/m_detector:/home/sentry-nov/code/colcon_3/install/fast_lio:/home/sentry-nov/code/colcon_3/install/livox_ros_driver2:/home/sentry-nov/code/colcon_3/install/icp_relocalization:/home/sentry-nov/code/colcon_3/install/auto_start:/opt/ros/humble LD_LIBRARY_PATH=/home/sentry-nov/code/colcon_3/install/rm_interface/lib:/home/sentry-nov/code/colcon_3/install/z_related_map/lib:/home/sentry-nov/code/colcon_3/install/m_detector/lib:/home/sentry-nov/code/colcon_3/install/fast_lio/lib:/home/sentry-nov/code/colcon_3/install/livox_ros_driver2/lib:/usr/local/lib:/opt/ros/humble/opt/rviz_ogre_vendor/lib:/opt/ros/humble/lib/x86_64-linux-gnu:/opt/ros/humble/lib /usr/bin/cmake --build /home/sentry-nov/code/colcon_3/build/rm_serial -- -j12 -l12
[0.084s] -- Found ament_cmake: 1.3.11 (/opt/ros/humble/share/ament_cmake/cmake)
[0.263s] -- Found rclcpp: 16.0.11 (/opt/ros/humble/share/rclcpp/cmake)
[0.290s] -- Found rosidl_generator_c: 3.1.6 (/opt/ros/humble/share/rosidl_generator_c/cmake)
[0.293s] -- Found rosidl_adapter: 3.1.6 (/opt/ros/humble/share/rosidl_adapter/cmake)
[0.298s] -- Found rosidl_generator_cpp: 3.1.6 (/opt/ros/humble/share/rosidl_generator_cpp/cmake)
[0.308s] -- Using all available rosidl_typesupport_c: rosidl_typesupport_fastrtps_c;rosidl_typesupport_introspection_c
[0.320s] -- Using all available rosidl_typesupport_cpp: rosidl_typesupport_fastrtps_cpp;rosidl_typesupport_introspection_cpp
[0.349s] -- Found rmw_implementation_cmake: 6.1.2 (/opt/ros/humble/share/rmw_implementation_cmake/cmake)
[0.351s] -- Found rmw_fastrtps_cpp: 6.2.7 (/opt/ros/humble/share/rmw_fastrtps_cpp/cmake)
[0.469s] -- Using RMW implementation 'rmw_fastrtps_cpp' as default
[0.522s] -- Found rm_interface: 0.0.0 (/home/sentry-nov/code/colcon_3/install/rm_interface/share/rm_interface/cmake)
[0.530s] -- Found sensor_msgs: 4.2.4 (/opt/ros/humble/share/sensor_msgs/cmake)
[0.555s] -- Found nav_msgs: 4.2.4 (/opt/ros/humble/share/nav_msgs/cmake)
[0.570s] -- Found debug_tools: 0.0.0 (/home/sentry-nov/code/colcon_3/install/debug_tools/share/debug_tools/cmake)
[0.570s] -- Found serial: 1.2.1 (/usr/local/share/serial/cmake)
[0.640s] -- Configuring done
[0.659s] -- Generating done
[0.667s] -- Build files have been written to: /home/sentry-nov/code/colcon_3/build/rm_serial
[0.698s] [35m[1mConsolidate compiler generated dependencies of target crc_test_node[0m
[0.698s] [35m[1mConsolidate compiler generated dependencies of target serial_reader_reconnection_test_node[0m
[0.698s] [35m[1mConsolidate compiler generated dependencies of target serial_struct[0m
[0.698s] [35m[1mConsolidate compiler generated dependencies of target serial_reader_test_node[0m
[0.698s] [35m[1mConsolidate compiler generated dependencies of target rm_serial_rec_command_node[0m
[0.715s] [ 20%] Built target crc_test_node
[0.716s] [ 40%] Built target serial_reader_test_node
[0.717s] [ 60%] Built target serial_struct
[0.718s] [ 80%] Built target serial_reader_reconnection_test_node
[0.723s] [100%] Built target rm_serial_rec_command_node
[0.738s] Invoked command in '/home/sentry-nov/code/colcon_3/build/rm_serial' returned '0': CMAKE_PREFIX_PATH=/home/sentry-nov/code/colcon_3/install/rm_interface:/home/sentry-nov/code/colcon_3/install/debug_tools:/home/sentry-nov/code/colcon_3/install/path_planning:/home/sentry-nov/code/colcon_3/install/z_related_map:/home/sentry-nov/code/colcon_3/install/tilted_lidar:/home/sentry-nov/code/colcon_3/install/rm_serial:/home/sentry-nov/code/colcon_3/install/motion_planning:/home/sentry-nov/code/colcon_3/install/ikd_tree_mapping:/home/sentry-nov/code/colcon_3/install/point_lio:/home/sentry-nov/code/colcon_3/install/m_detector:/home/sentry-nov/code/colcon_3/install/fast_lio:/home/sentry-nov/code/colcon_3/install/livox_ros_driver2:/home/sentry-nov/code/colcon_3/install/icp_relocalization:/home/sentry-nov/code/colcon_3/install/auto_start:/opt/ros/humble LD_LIBRARY_PATH=/home/sentry-nov/code/colcon_3/install/rm_interface/lib:/home/sentry-nov/code/colcon_3/install/z_related_map/lib:/home/sentry-nov/code/colcon_3/install/m_detector/lib:/home/sentry-nov/code/colcon_3/install/fast_lio/lib:/home/sentry-nov/code/colcon_3/install/livox_ros_driver2/lib:/usr/local/lib:/opt/ros/humble/opt/rviz_ogre_vendor/lib:/opt/ros/humble/lib/x86_64-linux-gnu:/opt/ros/humble/lib /usr/bin/cmake --build /home/sentry-nov/code/colcon_3/build/rm_serial -- -j12 -l12
[0.740s] Invoking command in '/home/sentry-nov/code/colcon_3/build/rm_serial': CMAKE_PREFIX_PATH=/home/sentry-nov/code/colcon_3/install/rm_interface:/home/sentry-nov/code/colcon_3/install/debug_tools:/home/sentry-nov/code/colcon_3/install/path_planning:/home/sentry-nov/code/colcon_3/install/z_related_map:/home/sentry-nov/code/colcon_3/install/tilted_lidar:/home/sentry-nov/code/colcon_3/install/rm_serial:/home/sentry-nov/code/colcon_3/install/motion_planning:/home/sentry-nov/code/colcon_3/install/ikd_tree_mapping:/home/sentry-nov/code/colcon_3/install/point_lio:/home/sentry-nov/code/colcon_3/install/m_detector:/home/sentry-nov/code/colcon_3/install/fast_lio:/home/sentry-nov/code/colcon_3/install/livox_ros_driver2:/home/sentry-nov/code/colcon_3/install/icp_relocalization:/home/sentry-nov/code/colcon_3/install/auto_start:/opt/ros/humble LD_LIBRARY_PATH=/home/sentry-nov/code/colcon_3/install/rm_interface/lib:/home/sentry-nov/code/colcon_3/install/z_related_map/lib:/home/sentry-nov/code/colcon_3/install/m_detector/lib:/home/sentry-nov/code/colcon_3/install/fast_lio/lib:/home/sentry-nov/code/colcon_3/install/livox_ros_driver2/lib:/usr/local/lib:/opt/ros/humble/opt/rviz_ogre_vendor/lib:/opt/ros/humble/lib/x86_64-linux-gnu:/opt/ros/humble/lib /usr/bin/cmake --install /home/sentry-nov/code/colcon_3/build/rm_serial
[0.749s] -- Install configuration: "Release"
[0.749s] -- Installing: /home/sentry-nov/code/colcon_3/install/rm_serial/lib/rm_serial/rm_serial_rec_command_node
[0.751s] -- Set runtime path of "/home/sentry-nov/code/colcon_3/install/rm_serial/lib/rm_serial/rm_serial_rec_command_node" to ""
[0.751s] -- Up-to-date: /home/sentry-nov/code/colcon_3/install/rm_serial/lib/rm_serial/crc_test_node
[0.751s] -- Up-to-date: /home/sentry-nov/code/colcon_3/install/rm_serial/lib/rm_serial/serial_reader_test_node
[0.751s] -- Up-to-date: /home/sentry-nov/code/colcon_3/install/rm_serial/lib/rm_serial/serial_reader_reconnection_test_node
[0.752s] -- Up-to-date: /home/sentry-nov/code/colcon_3/install/rm_serial/lib/rm_serial/serial_struct
[0.752s] -- Up-to-date: /home/sentry-nov/code/colcon_3/install/rm_serial/share/ament_index/resource_index/package_run_dependencies/rm_serial
[0.752s] -- Up-to-date: /home/sentry-nov/code/colcon_3/install/rm_serial/share/ament_index/resource_index/parent_prefix_path/rm_serial
[0.752s] -- Up-to-date: /home/sentry-nov/code/colcon_3/install/rm_serial/share/rm_serial/environment/ament_prefix_path.sh
[0.752s] -- Installing: /home/sentry-nov/code/colcon_3/install/rm_serial/share/rm_serial/environment/ament_prefix_path.dsv
[0.752s] -- Up-to-date: /home/sentry-nov/code/colcon_3/install/rm_serial/share/rm_serial/environment/path.sh
[0.752s] -- Installing: /home/sentry-nov/code/colcon_3/install/rm_serial/share/rm_serial/environment/path.dsv
[0.752s] -- Up-to-date: /home/sentry-nov/code/colcon_3/install/rm_serial/share/rm_serial/local_setup.bash
[0.752s] -- Up-to-date: /home/sentry-nov/code/colcon_3/install/rm_serial/share/rm_serial/local_setup.sh
[0.753s] -- Up-to-date: /home/sentry-nov/code/colcon_3/install/rm_serial/share/rm_serial/local_setup.zsh
[0.753s] -- Installing: /home/sentry-nov/code/colcon_3/install/rm_serial/share/rm_serial/local_setup.dsv
[0.754s] -- Installing: /home/sentry-nov/code/colcon_3/install/rm_serial/share/rm_serial/package.dsv
[0.754s] -- Up-to-date: /home/sentry-nov/code/colcon_3/install/rm_serial/share/ament_index/resource_index/packages/rm_serial
[0.754s] -- Up-to-date: /home/sentry-nov/code/colcon_3/install/rm_serial/share/rm_serial/cmake/rm_serialConfig.cmake
[0.754s] -- Up-to-date: /home/sentry-nov/code/colcon_3/install/rm_serial/share/rm_serial/cmake/rm_serialConfig-version.cmake
[0.754s] -- Up-to-date: /home/sentry-nov/code/colcon_3/install/rm_serial/share/rm_serial/package.xml
[0.755s] Invoked command in '/home/sentry-nov/code/colcon_3/build/rm_serial' returned '0': CMAKE_PREFIX_PATH=/home/sentry-nov/code/colcon_3/install/rm_interface:/home/sentry-nov/code/colcon_3/install/debug_tools:/home/sentry-nov/code/colcon_3/install/path_planning:/home/sentry-nov/code/colcon_3/install/z_related_map:/home/sentry-nov/code/colcon_3/install/tilted_lidar:/home/sentry-nov/code/colcon_3/install/rm_serial:/home/sentry-nov/code/colcon_3/install/motion_planning:/home/sentry-nov/code/colcon_3/install/ikd_tree_mapping:/home/sentry-nov/code/colcon_3/install/point_lio:/home/sentry-nov/code/colcon_3/install/m_detector:/home/sentry-nov/code/colcon_3/install/fast_lio:/home/sentry-nov/code/colcon_3/install/livox_ros_driver2:/home/sentry-nov/code/colcon_3/install/icp_relocalization:/home/sentry-nov/code/colcon_3/install/auto_start:/opt/ros/humble LD_LIBRARY_PATH=/home/sentry-nov/code/colcon_3/install/rm_interface/lib:/home/sentry-nov/code/colcon_3/install/z_related_map/lib:/home/sentry-nov/code/colcon_3/install/m_detector/lib:/home/sentry-nov/code/colcon_3/install/fast_lio/lib:/home/sentry-nov/code/colcon_3/install/livox_ros_driver2/lib:/usr/local/lib:/opt/ros/humble/opt/rviz_ogre_vendor/lib:/opt/ros/humble/lib/x86_64-linux-gnu:/opt/ros/humble/lib /usr/bin/cmake --install /home/sentry-nov/code/colcon_3/build/rm_serial
