[0.043s] Invoking command in '/home/sentry-nov/code/colcon_3/build/tilted_lidar': CMAKE_PREFIX_PATH=${CMAKE_PREFIX_PATH}:/home/sentry-nov/code/colcon_3/install/motion_planning:/home/sentry-nov/code/colcon_3/install/fast_lio:/opt/ros/humble /usr/bin/cmake --build /home/sentry-nov/code/colcon_3/build/tilted_lidar -- -j12 -l12
[0.537s] [ 33%] Built target publish_body_cloud_node
[0.544s] [ 66%] Built target tilted_lidar_node
[0.548s] [100%] Built target pointcloud_icp_node
[0.563s] Invoked command in '/home/sentry-nov/code/colcon_3/build/tilted_lidar' returned '0': CMAKE_PREFIX_PATH=${CMAKE_PREFIX_PATH}:/home/sentry-nov/code/colcon_3/install/motion_planning:/home/sentry-nov/code/colcon_3/install/fast_lio:/opt/ros/humble /usr/bin/cmake --build /home/sentry-nov/code/colcon_3/build/tilted_lidar -- -j12 -l12
[0.574s] Invoking command in '/home/sentry-nov/code/colcon_3/build/tilted_lidar': CMAKE_PREFIX_PATH=${CMAKE_PREFIX_PATH}:/home/sentry-nov/code/colcon_3/install/motion_planning:/home/sentry-nov/code/colcon_3/install/fast_lio:/opt/ros/humble /usr/bin/cmake --install /home/sentry-nov/code/colcon_3/build/tilted_lidar
[0.589s] -- Install configuration: "Release"
[0.600s] -- Up-to-date: /home/sentry-nov/code/colcon_3/install/tilted_lidar/lib/tilted_lidar/tilted_lidar_node
[0.603s] -- Up-to-date: /home/sentry-nov/code/colcon_3/install/tilted_lidar/lib/tilted_lidar/publish_body_cloud_node
[0.607s] -- Up-to-date: /home/sentry-nov/code/colcon_3/install/tilted_lidar/lib/tilted_lidar/pointcloud_icp_node
[0.607s] -- Up-to-date: /home/sentry-nov/code/colcon_3/install/tilted_lidar/share/tilted_lidar/launch
[0.612s] -- Up-to-date: /home/sentry-nov/code/colcon_3/install/tilted_lidar/share/tilted_lidar/launch/tilted_lidar.launch.py
[0.612s] -- Up-to-date: /home/sentry-nov/code/colcon_3/install/tilted_lidar/share/tilted_lidar/config
[0.616s] -- Up-to-date: /home/sentry-nov/code/colcon_3/install/tilted_lidar/share/tilted_lidar/config/tilted_lidar.rviz
[0.616s] -- Up-to-date: /home/sentry-nov/code/colcon_3/install/tilted_lidar/share/ament_index/resource_index/package_run_dependencies/tilted_lidar
[0.618s] -- Up-to-date: /home/sentry-nov/code/colcon_3/install/tilted_lidar/share/ament_index/resource_index/parent_prefix_path/tilted_lidar
[0.618s] -- Up-to-date: /home/sentry-nov/code/colcon_3/install/tilted_lidar/share/tilted_lidar/environment/ament_prefix_path.sh
[0.618s] -- Up-to-date: /home/sentry-nov/code/colcon_3/install/tilted_lidar/share/tilted_lidar/environment/ament_prefix_path.dsv
[0.618s] -- Up-to-date: /home/sentry-nov/code/colcon_3/install/tilted_lidar/share/tilted_lidar/environment/path.sh
[0.618s] -- Up-to-date: /home/sentry-nov/code/colcon_3/install/tilted_lidar/share/tilted_lidar/environment/path.dsv
[0.618s] -- Up-to-date: /home/sentry-nov/code/colcon_3/install/tilted_lidar/share/tilted_lidar/local_setup.bash
[0.618s] -- Up-to-date: /home/sentry-nov/code/colcon_3/install/tilted_lidar/share/tilted_lidar/local_setup.sh
[0.618s] -- Up-to-date: /home/sentry-nov/code/colcon_3/install/tilted_lidar/share/tilted_lidar/local_setup.zsh
[0.619s] -- Up-to-date: /home/sentry-nov/code/colcon_3/install/tilted_lidar/share/tilted_lidar/local_setup.dsv
[0.619s] -- Installing: /home/sentry-nov/code/colcon_3/install/tilted_lidar/share/tilted_lidar/package.dsv
[0.622s] -- Up-to-date: /home/sentry-nov/code/colcon_3/install/tilted_lidar/share/ament_index/resource_index/packages/tilted_lidar
[0.623s] -- Up-to-date: /home/sentry-nov/code/colcon_3/install/tilted_lidar/share/tilted_lidar/cmake/tilted_lidarConfig.cmake
[0.623s] -- Up-to-date: /home/sentry-nov/code/colcon_3/install/tilted_lidar/share/tilted_lidar/cmake/tilted_lidarConfig-version.cmake
[0.623s] -- Up-to-date: /home/sentry-nov/code/colcon_3/install/tilted_lidar/share/tilted_lidar/package.xml
[0.631s] Invoked command in '/home/sentry-nov/code/colcon_3/build/tilted_lidar' returned '0': CMAKE_PREFIX_PATH=${CMAKE_PREFIX_PATH}:/home/sentry-nov/code/colcon_3/install/motion_planning:/home/sentry-nov/code/colcon_3/install/fast_lio:/opt/ros/humble /usr/bin/cmake --install /home/sentry-nov/code/colcon_3/build/tilted_lidar
