[0.020s] Invoking command in '/home/sentry-nov/code/colcon_3/build/motion_planning': CMAKE_PREFIX_PATH=/home/sentry-nov/code/colcon_3/install/path_planning:/home/sentry-nov/code/colcon_3/install/rm_interface:/home/sentry-nov/code/colcon_3/install/debug_tools:/home/sentry-nov/code/colcon_3/install/tilted_lidar:/home/sentry-nov/code/colcon_3/install/rviz_plugin:/home/sentry-nov/code/colcon_3/install/rm_serial:/home/sentry-nov/code/colcon_3/install/rm_decision:/home/sentry-nov/code/colcon_3/install/motion_planning:/home/sentry-nov/code/colcon_3/install/ikd_tree_mapping:/home/sentry-nov/code/colcon_3/install/point_lio:/home/sentry-nov/code/colcon_3/install/m_detector:/home/sentry-nov/code/colcon_3/install/fast_lio:/home/sentry-nov/code/colcon_3/install/livox_ros_driver2:/home/sentry-nov/code/colcon_3/install/icp_relocalization:/home/sentry-nov/code/colcon_3/install/altitude_map:/home/sentry-nov/code/colcon_3/install/behaviortree_cpp:/home/sentry-nov/code/colcon_3/install/auto_start:/opt/ros/humble /usr/bin/cmake --build /home/sentry-nov/code/colcon_3/build/motion_planning -- -j12 -l12
[0.094s] [ 40%] Built target motion_demo_node
[0.098s] [100%] Built target motion_planning_ros_node
[0.114s] Invoked command in '/home/sentry-nov/code/colcon_3/build/motion_planning' returned '0': CMAKE_PREFIX_PATH=/home/sentry-nov/code/colcon_3/install/path_planning:/home/sentry-nov/code/colcon_3/install/rm_interface:/home/sentry-nov/code/colcon_3/install/debug_tools:/home/sentry-nov/code/colcon_3/install/tilted_lidar:/home/sentry-nov/code/colcon_3/install/rviz_plugin:/home/sentry-nov/code/colcon_3/install/rm_serial:/home/sentry-nov/code/colcon_3/install/rm_decision:/home/sentry-nov/code/colcon_3/install/motion_planning:/home/sentry-nov/code/colcon_3/install/ikd_tree_mapping:/home/sentry-nov/code/colcon_3/install/point_lio:/home/sentry-nov/code/colcon_3/install/m_detector:/home/sentry-nov/code/colcon_3/install/fast_lio:/home/sentry-nov/code/colcon_3/install/livox_ros_driver2:/home/sentry-nov/code/colcon_3/install/icp_relocalization:/home/sentry-nov/code/colcon_3/install/altitude_map:/home/sentry-nov/code/colcon_3/install/behaviortree_cpp:/home/sentry-nov/code/colcon_3/install/auto_start:/opt/ros/humble /usr/bin/cmake --build /home/sentry-nov/code/colcon_3/build/motion_planning -- -j12 -l12
[0.116s] Invoking command in '/home/sentry-nov/code/colcon_3/build/motion_planning': CMAKE_PREFIX_PATH=/home/sentry-nov/code/colcon_3/install/path_planning:/home/sentry-nov/code/colcon_3/install/rm_interface:/home/sentry-nov/code/colcon_3/install/debug_tools:/home/sentry-nov/code/colcon_3/install/tilted_lidar:/home/sentry-nov/code/colcon_3/install/rviz_plugin:/home/sentry-nov/code/colcon_3/install/rm_serial:/home/sentry-nov/code/colcon_3/install/rm_decision:/home/sentry-nov/code/colcon_3/install/motion_planning:/home/sentry-nov/code/colcon_3/install/ikd_tree_mapping:/home/sentry-nov/code/colcon_3/install/point_lio:/home/sentry-nov/code/colcon_3/install/m_detector:/home/sentry-nov/code/colcon_3/install/fast_lio:/home/sentry-nov/code/colcon_3/install/livox_ros_driver2:/home/sentry-nov/code/colcon_3/install/icp_relocalization:/home/sentry-nov/code/colcon_3/install/altitude_map:/home/sentry-nov/code/colcon_3/install/behaviortree_cpp:/home/sentry-nov/code/colcon_3/install/auto_start:/opt/ros/humble /usr/bin/cmake --install /home/sentry-nov/code/colcon_3/build/motion_planning
[0.126s] -- Install configuration: "Release"
[0.126s] -- Up-to-date: /home/sentry-nov/code/colcon_3/install/motion_planning/lib/motion_planning/motion_demo_node
[0.126s] -- Up-to-date: /home/sentry-nov/code/colcon_3/install/motion_planning/lib/motion_planning/motion_planning_ros_node
[0.126s] -- Up-to-date: /home/sentry-nov/code/colcon_3/install/motion_planning/share/ament_index/resource_index/package_run_dependencies/motion_planning
[0.127s] -- Up-to-date: /home/sentry-nov/code/colcon_3/install/motion_planning/share/ament_index/resource_index/parent_prefix_path/motion_planning
[0.127s] -- Up-to-date: /home/sentry-nov/code/colcon_3/install/motion_planning/share/motion_planning/environment/ament_prefix_path.sh
[0.127s] -- Up-to-date: /home/sentry-nov/code/colcon_3/install/motion_planning/share/motion_planning/environment/ament_prefix_path.dsv
[0.127s] -- Up-to-date: /home/sentry-nov/code/colcon_3/install/motion_planning/share/motion_planning/environment/path.sh
[0.127s] -- Up-to-date: /home/sentry-nov/code/colcon_3/install/motion_planning/share/motion_planning/environment/path.dsv
[0.127s] -- Up-to-date: /home/sentry-nov/code/colcon_3/install/motion_planning/share/motion_planning/local_setup.bash
[0.127s] -- Up-to-date: /home/sentry-nov/code/colcon_3/install/motion_planning/share/motion_planning/local_setup.sh
[0.127s] -- Up-to-date: /home/sentry-nov/code/colcon_3/install/motion_planning/share/motion_planning/local_setup.zsh
[0.127s] -- Up-to-date: /home/sentry-nov/code/colcon_3/install/motion_planning/share/motion_planning/local_setup.dsv
[0.127s] -- Installing: /home/sentry-nov/code/colcon_3/install/motion_planning/share/motion_planning/package.dsv
[0.127s] -- Up-to-date: /home/sentry-nov/code/colcon_3/install/motion_planning/share/ament_index/resource_index/packages/motion_planning
[0.127s] -- Up-to-date: /home/sentry-nov/code/colcon_3/install/motion_planning/share/motion_planning/cmake/motion_planningConfig.cmake
[0.127s] -- Up-to-date: /home/sentry-nov/code/colcon_3/install/motion_planning/share/motion_planning/cmake/motion_planningConfig-version.cmake
[0.127s] -- Up-to-date: /home/sentry-nov/code/colcon_3/install/motion_planning/share/motion_planning/package.xml
[0.130s] Invoked command in '/home/sentry-nov/code/colcon_3/build/motion_planning' returned '0': CMAKE_PREFIX_PATH=/home/sentry-nov/code/colcon_3/install/path_planning:/home/sentry-nov/code/colcon_3/install/rm_interface:/home/sentry-nov/code/colcon_3/install/debug_tools:/home/sentry-nov/code/colcon_3/install/tilted_lidar:/home/sentry-nov/code/colcon_3/install/rviz_plugin:/home/sentry-nov/code/colcon_3/install/rm_serial:/home/sentry-nov/code/colcon_3/install/rm_decision:/home/sentry-nov/code/colcon_3/install/motion_planning:/home/sentry-nov/code/colcon_3/install/ikd_tree_mapping:/home/sentry-nov/code/colcon_3/install/point_lio:/home/sentry-nov/code/colcon_3/install/m_detector:/home/sentry-nov/code/colcon_3/install/fast_lio:/home/sentry-nov/code/colcon_3/install/livox_ros_driver2:/home/sentry-nov/code/colcon_3/install/icp_relocalization:/home/sentry-nov/code/colcon_3/install/altitude_map:/home/sentry-nov/code/colcon_3/install/behaviortree_cpp:/home/sentry-nov/code/colcon_3/install/auto_start:/opt/ros/humble /usr/bin/cmake --install /home/sentry-nov/code/colcon_3/build/motion_planning
