-- Found ament_cmake: 1.3.11 (/opt/ros/humble/share/ament_cmake/cmake)
-- Found rclcpp: 16.0.11 (/opt/ros/humble/share/rclcpp/cmake)
-- Found rosidl_generator_c: 3.1.6 (/opt/ros/humble/share/rosidl_generator_c/cmake)
-- Found rosidl_adapter: 3.1.6 (/opt/ros/humble/share/rosidl_adapter/cmake)
-- Found rosidl_generator_cpp: 3.1.6 (/opt/ros/humble/share/rosidl_generator_cpp/cmake)
-- Using all available rosidl_typesupport_c: rosidl_typesupport_fastrtps_c;rosidl_typesupport_introspection_c
-- Using all available rosidl_typesupport_cpp: rosidl_typesupport_fastrtps_cpp;rosidl_typesupport_introspection_cpp
-- Found rmw_implementation_cmake: 6.1.2 (/opt/ros/humble/share/rmw_implementation_cmake/cmake)
-- Found rmw_fastrtps_cpp: 6.2.7 (/opt/ros/humble/share/rmw_fastrtps_cpp/cmake)
-- Using RMW implementation 'rmw_fastrtps_cpp' as default
-- Found sensor_msgs: 4.2.4 (/opt/ros/humble/share/sensor_msgs/cmake)
-- Found nav_msgs: 4.2.4 (/opt/ros/humble/share/nav_msgs/cmake)
-- Found pcl_ros: 2.4.5 (/opt/ros/humble/share/pcl_ros/cmake)
-- Eigen found (include: /usr/include/eigen3, version: 3.4.0)
-- FLANN found (include: /usr/include, lib: /usr/lib/x86_64-linux-gnu/libflann_cpp.so)
-- OpenNI found (version: 1.5.4.0, include: /usr/include/ni, lib: /usr/lib/libOpenNI.so;libusb::libusb)
-- OpenNI2 found (version: 2.2.0.33, include: /usr/include/openni2, lib: /usr/lib/x86_64-linux-gnu/libOpenNI2.so;libusb::libusb)
-- Eigen found (include: /usr/include/eigen3, version: 3.4.0)
-- OpenNI found (version: 1.5.4.0, include: /usr/include/ni, lib: /usr/lib/libOpenNI.so;libusb::libusb)
-- OpenNI2 found (version: 2.2.0.33, include: /usr/include/openni2, lib: /usr/lib/x86_64-linux-gnu/libOpenNI2.so;libusb::libusb)
-- Found Qhull version 8.0.2
-- OpenNI found (version: 1.5.4.0, include: /usr/include/ni, lib: /usr/lib/libOpenNI.so;libusb::libusb)
-- Found eigen3_cmake_module: 0.1.1 (/opt/ros/humble/share/eigen3_cmake_module/cmake)
-- Ensuring Eigen3 include directory is part of orocos-kdl CMake target
-- Found debug_tools: 0.0.0 (/home/sentry-nov/code/colcon_3/install/debug_tools/share/debug_tools/cmake)
-- Configuring done
-- Generating done
-- Build files have been written to: /home/sentry-nov/code/colcon_3/build/z_related_map
[35m[1mConsolidate compiler generated dependencies of target test_cloud_generator_node[0m
[35m[1mConsolidate compiler generated dependencies of target z_related_map[0m
[ 13%] Built target test_cloud_generator_node
[ 73%] Built target z_related_map
[35m[1mConsolidate compiler generated dependencies of target test_prob_node[0m
[35m[1mConsolidate compiler generated dependencies of target test_node[0m
[ 86%] Built target test_node
[100%] Built target test_prob_node
-- Install configuration: "Release"
-- Up-to-date: /home/sentry-nov/code/colcon_3/install/z_related_map/share/z_related_map/environment/library_path.sh
-- Installing: /home/sentry-nov/code/colcon_3/install/z_related_map/share/z_related_map/environment/library_path.dsv
-- Up-to-date: /home/sentry-nov/code/colcon_3/install/z_related_map/include
-- Up-to-date: /home/sentry-nov/code/colcon_3/install/z_related_map/include/z_related_map
-- Up-to-date: /home/sentry-nov/code/colcon_3/install/z_related_map/include/z_related_map/z_related_map_ros.h
-- Up-to-date: /home/sentry-nov/code/colcon_3/install/z_related_map/include/z_related_map/prob
-- Up-to-date: /home/sentry-nov/code/colcon_3/install/z_related_map/include/z_related_map/prob/sliding_map.h
-- Up-to-date: /home/sentry-nov/code/colcon_3/install/z_related_map/include/z_related_map/prob/prob_map.h
-- Up-to-date: /home/sentry-nov/code/colcon_3/install/z_related_map/include/z_related_map/prob/math_cal.hpp
-- Up-to-date: /home/sentry-nov/code/colcon_3/install/z_related_map/include/z_related_map/prob/counter_map.h
-- Up-to-date: /home/sentry-nov/code/colcon_3/install/z_related_map/include/z_related_map/prob/config.hpp
-- Up-to-date: /home/sentry-nov/code/colcon_3/install/z_related_map/include/z_related_map/prob/raycaster.h
-- Up-to-date: /home/sentry-nov/code/colcon_3/install/z_related_map/include/z_related_map/local_map.h
-- Up-to-date: /home/sentry-nov/code/colcon_3/install/z_related_map/include/z_related_map/cloud_generator.h
-- Up-to-date: /home/sentry-nov/code/colcon_3/install/z_related_map/include/z_related_map/global_map.h
-- Up-to-date: /home/sentry-nov/code/colcon_3/install/z_related_map/include/z_related_map/z_related_map.h
-- Up-to-date: /home/sentry-nov/code/colcon_3/install/z_related_map/lib/libz_related_map.a
-- Up-to-date: /home/sentry-nov/code/colcon_3/install/z_related_map/lib/z_related_map/test_cloud_generator_node
-- Up-to-date: /home/sentry-nov/code/colcon_3/install/z_related_map/lib/z_related_map/test_node
-- Up-to-date: /home/sentry-nov/code/colcon_3/install/z_related_map/lib/z_related_map/test_prob_node
-- Up-to-date: /home/sentry-nov/code/colcon_3/install/z_related_map/share/ament_index/resource_index/package_run_dependencies/z_related_map
-- Installing: /home/sentry-nov/code/colcon_3/install/z_related_map/share/ament_index/resource_index/parent_prefix_path/z_related_map
-- Up-to-date: /home/sentry-nov/code/colcon_3/install/z_related_map/share/z_related_map/environment/ament_prefix_path.sh
-- Installing: /home/sentry-nov/code/colcon_3/install/z_related_map/share/z_related_map/environment/ament_prefix_path.dsv
-- Up-to-date: /home/sentry-nov/code/colcon_3/install/z_related_map/share/z_related_map/environment/path.sh
-- Installing: /home/sentry-nov/code/colcon_3/install/z_related_map/share/z_related_map/environment/path.dsv
-- Up-to-date: /home/sentry-nov/code/colcon_3/install/z_related_map/share/z_related_map/local_setup.bash
-- Up-to-date: /home/sentry-nov/code/colcon_3/install/z_related_map/share/z_related_map/local_setup.sh
-- Up-to-date: /home/sentry-nov/code/colcon_3/install/z_related_map/share/z_related_map/local_setup.zsh
-- Installing: /home/sentry-nov/code/colcon_3/install/z_related_map/share/z_related_map/local_setup.dsv
-- Installing: /home/sentry-nov/code/colcon_3/install/z_related_map/share/z_related_map/package.dsv
-- Up-to-date: /home/sentry-nov/code/colcon_3/install/z_related_map/share/ament_index/resource_index/packages/z_related_map
-- Up-to-date: /home/sentry-nov/code/colcon_3/install/z_related_map/share/z_related_map/cmake/ament_cmake_export_include_directories-extras.cmake
-- Up-to-date: /home/sentry-nov/code/colcon_3/install/z_related_map/share/z_related_map/cmake/ament_cmake_export_libraries-extras.cmake
-- Up-to-date: /home/sentry-nov/code/colcon_3/install/z_related_map/share/z_related_map/cmake/z_related_mapConfig.cmake
-- Up-to-date: /home/sentry-nov/code/colcon_3/install/z_related_map/share/z_related_map/cmake/z_related_mapConfig-version.cmake
-- Up-to-date: /home/sentry-nov/code/colcon_3/install/z_related_map/share/z_related_map/package.xml
