[0.125s] DEBUG:colcon:Command line arguments: ['/usr/bin/colcon', 'build', '--cmake-args', '-DCMAKE_BUILD_TYPE=Release', '--packages-select', 'auto_start', 'rm_serial', 'path_planning']
[0.125s] DEBUG:colcon:Parsed command line arguments: Namespace(log_base=None, log_level=None, verb_name='build', build_base='build', install_base='install', merge_install=False, symlink_install=False, test_result_base=None, continue_on_error=False, executor='parallel', parallel_workers=12, event_handlers=None, ignore_user_meta=False, metas=['./colcon.meta'], base_paths=['.'], packages_ignore=None, packages_ignore_regex=None, paths=None, packages_up_to=None, packages_up_to_regex=None, packages_above=None, packages_above_and_dependencies=None, packages_above_depth=None, packages_select_by_dep=None, packages_skip_by_dep=None, packages_skip_up_to=None, packages_select_build_failed=False, packages_skip_build_finished=False, packages_select_test_failures=False, packages_skip_test_passed=False, packages_select=['auto_start', 'rm_serial', 'path_planning'], packages_skip=None, packages_select_regex=None, packages_skip_regex=None, packages_start=None, packages_end=None, allow_overriding=[], cmake_args=['-DCMAKE_BUILD_TYPE=Release'], cmake_target=None, cmake_target_skip_unavailable=False, cmake_clean_cache=False, cmake_clean_first=False, cmake_force_configure=False, ament_cmake_args=None, catkin_cmake_args=None, catkin_skip_building_tests=False, mixin_files=None, mixin=None, verb_parser=<colcon_mixin.mixin.mixin_argument.MixinArgumentDecorator object at 0x7f47d0c2d9c0>, verb_extension=<colcon_core.verb.build.BuildVerb object at 0x7f47d0c2d450>, main=<bound method BuildVerb.main of <colcon_core.verb.build.BuildVerb object at 0x7f47d0c2d450>>, mixin_verb=('build',))
[0.269s] Level 1:colcon.colcon_core.package_discovery:discover_packages(colcon_meta) check parameters
[0.269s] Level 1:colcon.colcon_core.package_discovery:discover_packages(recursive) check parameters
[0.269s] Level 1:colcon.colcon_core.package_discovery:discover_packages(ignore) check parameters
[0.269s] Level 1:colcon.colcon_core.package_discovery:discover_packages(path) check parameters
[0.269s] Level 1:colcon.colcon_core.package_discovery:discover_packages(colcon_meta) discover
[0.269s] Level 1:colcon.colcon_core.package_discovery:discover_packages(recursive) discover
[0.269s] INFO:colcon.colcon_core.package_discovery:Crawling recursively for packages in '/home/sentry-nov/code/colcon_3'
[0.269s] Level 1:colcon.colcon_core.package_identification:_identify(.) by extensions ['ignore', 'ignore_ament_install']
[0.269s] Level 1:colcon.colcon_core.package_identification:_identify(.) by extension 'ignore'
[0.270s] Level 1:colcon.colcon_core.package_identification:_identify(.) by extension 'ignore_ament_install'
[0.270s] Level 1:colcon.colcon_core.package_identification:_identify(.) by extensions ['colcon_pkg']
[0.270s] Level 1:colcon.colcon_core.package_identification:_identify(.) by extension 'colcon_pkg'
[0.270s] Level 1:colcon.colcon_core.package_identification:_identify(.) by extensions ['colcon_meta']
[0.270s] Level 1:colcon.colcon_core.package_identification:_identify(.) by extension 'colcon_meta'
[0.270s] Level 1:colcon.colcon_core.package_identification:_identify(.) by extensions ['ros']
[0.270s] Level 1:colcon.colcon_core.package_identification:_identify(.) by extension 'ros'
[0.280s] Level 1:colcon.colcon_core.package_identification:_identify(.) by extensions ['cmake', 'python']
[0.280s] Level 1:colcon.colcon_core.package_identification:_identify(.) by extension 'cmake'
[0.280s] Level 1:colcon.colcon_core.package_identification:_identify(.) by extension 'python'
[0.280s] Level 1:colcon.colcon_core.package_identification:_identify(.) by extensions ['python_setup_py']
[0.280s] Level 1:colcon.colcon_core.package_identification:_identify(.) by extension 'python_setup_py'
[0.280s] Level 1:colcon.colcon_core.package_identification:_identify(build) by extensions ['ignore', 'ignore_ament_install']
[0.280s] Level 1:colcon.colcon_core.package_identification:_identify(build) by extension 'ignore'
[0.280s] Level 1:colcon.colcon_core.package_identification:_identify(build) ignored
[0.281s] Level 1:colcon.colcon_core.package_identification:_identify(install) by extensions ['ignore', 'ignore_ament_install']
[0.281s] Level 1:colcon.colcon_core.package_identification:_identify(install) by extension 'ignore'
[0.281s] Level 1:colcon.colcon_core.package_identification:_identify(install) ignored
[0.281s] Level 1:colcon.colcon_core.package_identification:_identify(log) by extensions ['ignore', 'ignore_ament_install']
[0.281s] Level 1:colcon.colcon_core.package_identification:_identify(log) by extension 'ignore'
[0.281s] Level 1:colcon.colcon_core.package_identification:_identify(log) ignored
[0.281s] Level 1:colcon.colcon_core.package_identification:_identify(src) by extensions ['ignore', 'ignore_ament_install']
[0.281s] Level 1:colcon.colcon_core.package_identification:_identify(src) by extension 'ignore'
[0.281s] Level 1:colcon.colcon_core.package_identification:_identify(src) by extension 'ignore_ament_install'
[0.281s] Level 1:colcon.colcon_core.package_identification:_identify(src) by extensions ['colcon_pkg']
[0.281s] Level 1:colcon.colcon_core.package_identification:_identify(src) by extension 'colcon_pkg'
[0.281s] Level 1:colcon.colcon_core.package_identification:_identify(src) by extensions ['colcon_meta']
[0.282s] Level 1:colcon.colcon_core.package_identification:_identify(src) by extension 'colcon_meta'
[0.282s] Level 1:colcon.colcon_core.package_identification:_identify(src) by extensions ['ros']
[0.282s] Level 1:colcon.colcon_core.package_identification:_identify(src) by extension 'ros'
[0.282s] Level 1:colcon.colcon_core.package_identification:_identify(src) by extensions ['cmake', 'python']
[0.282s] Level 1:colcon.colcon_core.package_identification:_identify(src) by extension 'cmake'
[0.282s] Level 1:colcon.colcon_core.package_identification:_identify(src) by extension 'python'
[0.282s] Level 1:colcon.colcon_core.package_identification:_identify(src) by extensions ['python_setup_py']
[0.282s] Level 1:colcon.colcon_core.package_identification:_identify(src) by extension 'python_setup_py'
[0.282s] Level 1:colcon.colcon_core.package_identification:_identify(src/auto_start) by extensions ['ignore', 'ignore_ament_install']
[0.282s] Level 1:colcon.colcon_core.package_identification:_identify(src/auto_start) by extension 'ignore'
[0.282s] Level 1:colcon.colcon_core.package_identification:_identify(src/auto_start) by extension 'ignore_ament_install'
[0.282s] Level 1:colcon.colcon_core.package_identification:_identify(src/auto_start) by extensions ['colcon_pkg']
[0.282s] Level 1:colcon.colcon_core.package_identification:_identify(src/auto_start) by extension 'colcon_pkg'
[0.282s] Level 1:colcon.colcon_core.package_identification:_identify(src/auto_start) by extensions ['colcon_meta']
[0.282s] Level 1:colcon.colcon_core.package_identification:_identify(src/auto_start) by extension 'colcon_meta'
[0.282s] Level 1:colcon.colcon_core.package_identification:_identify(src/auto_start) by extensions ['ros']
[0.282s] Level 1:colcon.colcon_core.package_identification:_identify(src/auto_start) by extension 'ros'
[0.284s] DEBUG:colcon.colcon_core.package_identification:Package 'src/auto_start' with type 'ros.ament_cmake' and name 'auto_start'
[0.285s] Level 1:colcon.colcon_core.package_identification:_identify(src/common) by extensions ['ignore', 'ignore_ament_install']
[0.285s] Level 1:colcon.colcon_core.package_identification:_identify(src/common) by extension 'ignore'
[0.285s] Level 1:colcon.colcon_core.package_identification:_identify(src/common) by extension 'ignore_ament_install'
[0.285s] Level 1:colcon.colcon_core.package_identification:_identify(src/common) by extensions ['colcon_pkg']
[0.285s] Level 1:colcon.colcon_core.package_identification:_identify(src/common) by extension 'colcon_pkg'
[0.285s] Level 1:colcon.colcon_core.package_identification:_identify(src/common) by extensions ['colcon_meta']
[0.285s] Level 1:colcon.colcon_core.package_identification:_identify(src/common) by extension 'colcon_meta'
[0.285s] Level 1:colcon.colcon_core.package_identification:_identify(src/common) by extensions ['ros']
[0.285s] Level 1:colcon.colcon_core.package_identification:_identify(src/common) by extension 'ros'
[0.285s] Level 1:colcon.colcon_core.package_identification:_identify(src/common) by extensions ['cmake', 'python']
[0.285s] Level 1:colcon.colcon_core.package_identification:_identify(src/common) by extension 'cmake'
[0.285s] Level 1:colcon.colcon_core.package_identification:_identify(src/common) by extension 'python'
[0.285s] Level 1:colcon.colcon_core.package_identification:_identify(src/common) by extensions ['python_setup_py']
[0.285s] Level 1:colcon.colcon_core.package_identification:_identify(src/common) by extension 'python_setup_py'
[0.285s] Level 1:colcon.colcon_core.package_identification:_identify(src/common/debug_tools) by extensions ['ignore', 'ignore_ament_install']
[0.285s] Level 1:colcon.colcon_core.package_identification:_identify(src/common/debug_tools) by extension 'ignore'
[0.285s] Level 1:colcon.colcon_core.package_identification:_identify(src/common/debug_tools) by extension 'ignore_ament_install'
[0.285s] Level 1:colcon.colcon_core.package_identification:_identify(src/common/debug_tools) by extensions ['colcon_pkg']
[0.285s] Level 1:colcon.colcon_core.package_identification:_identify(src/common/debug_tools) by extension 'colcon_pkg'
[0.285s] Level 1:colcon.colcon_core.package_identification:_identify(src/common/debug_tools) by extensions ['colcon_meta']
[0.285s] Level 1:colcon.colcon_core.package_identification:_identify(src/common/debug_tools) by extension 'colcon_meta'
[0.285s] Level 1:colcon.colcon_core.package_identification:_identify(src/common/debug_tools) by extensions ['ros']
[0.285s] Level 1:colcon.colcon_core.package_identification:_identify(src/common/debug_tools) by extension 'ros'
[0.286s] DEBUG:colcon.colcon_core.package_identification:Package 'src/common/debug_tools' with type 'ros.ament_cmake' and name 'debug_tools'
[0.286s] Level 1:colcon.colcon_core.package_identification:_identify(src/common/livox_ros_driver2) by extensions ['ignore', 'ignore_ament_install']
[0.286s] Level 1:colcon.colcon_core.package_identification:_identify(src/common/livox_ros_driver2) by extension 'ignore'
[0.286s] Level 1:colcon.colcon_core.package_identification:_identify(src/common/livox_ros_driver2) by extension 'ignore_ament_install'
[0.287s] Level 1:colcon.colcon_core.package_identification:_identify(src/common/livox_ros_driver2) by extensions ['colcon_pkg']
[0.287s] Level 1:colcon.colcon_core.package_identification:_identify(src/common/livox_ros_driver2) by extension 'colcon_pkg'
[0.287s] Level 1:colcon.colcon_core.package_identification:_identify(src/common/livox_ros_driver2) by extensions ['colcon_meta']
[0.287s] Level 1:colcon.colcon_core.package_identification:_identify(src/common/livox_ros_driver2) by extension 'colcon_meta'
[0.287s] Level 1:colcon.colcon_core.package_identification:_identify(src/common/livox_ros_driver2) by extensions ['ros']
[0.287s] Level 1:colcon.colcon_core.package_identification:_identify(src/common/livox_ros_driver2) by extension 'ros'
[0.288s] DEBUG:colcon.colcon_core.package_identification:Package 'src/common/livox_ros_driver2' with type 'ros.ament_cmake' and name 'livox_ros_driver2'
[0.288s] Level 1:colcon.colcon_core.package_identification:_identify(src/common/rm_decision) by extensions ['ignore', 'ignore_ament_install']
[0.288s] Level 1:colcon.colcon_core.package_identification:_identify(src/common/rm_decision) by extension 'ignore'
[0.288s] Level 1:colcon.colcon_core.package_identification:_identify(src/common/rm_decision) by extension 'ignore_ament_install'
[0.288s] Level 1:colcon.colcon_core.package_identification:_identify(src/common/rm_decision) by extensions ['colcon_pkg']
[0.288s] Level 1:colcon.colcon_core.package_identification:_identify(src/common/rm_decision) by extension 'colcon_pkg'
[0.288s] Level 1:colcon.colcon_core.package_identification:_identify(src/common/rm_decision) by extensions ['colcon_meta']
[0.288s] Level 1:colcon.colcon_core.package_identification:_identify(src/common/rm_decision) by extension 'colcon_meta'
[0.288s] Level 1:colcon.colcon_core.package_identification:_identify(src/common/rm_decision) by extensions ['ros']
[0.288s] Level 1:colcon.colcon_core.package_identification:_identify(src/common/rm_decision) by extension 'ros'
[0.289s] DEBUG:colcon.colcon_core.package_identification:Package 'src/common/rm_decision' with type 'ros.ament_cmake' and name 'rm_decision'
[0.289s] Level 1:colcon.colcon_core.package_identification:_identify(src/common/rm_interface) by extensions ['ignore', 'ignore_ament_install']
[0.289s] Level 1:colcon.colcon_core.package_identification:_identify(src/common/rm_interface) by extension 'ignore'
[0.289s] Level 1:colcon.colcon_core.package_identification:_identify(src/common/rm_interface) by extension 'ignore_ament_install'
[0.289s] Level 1:colcon.colcon_core.package_identification:_identify(src/common/rm_interface) by extensions ['colcon_pkg']
[0.289s] Level 1:colcon.colcon_core.package_identification:_identify(src/common/rm_interface) by extension 'colcon_pkg'
[0.289s] Level 1:colcon.colcon_core.package_identification:_identify(src/common/rm_interface) by extensions ['colcon_meta']
[0.289s] Level 1:colcon.colcon_core.package_identification:_identify(src/common/rm_interface) by extension 'colcon_meta'
[0.289s] Level 1:colcon.colcon_core.package_identification:_identify(src/common/rm_interface) by extensions ['ros']
[0.289s] Level 1:colcon.colcon_core.package_identification:_identify(src/common/rm_interface) by extension 'ros'
[0.290s] DEBUG:colcon.colcon_core.package_identification:Package 'src/common/rm_interface' with type 'ros.ament_cmake' and name 'rm_interface'
[0.290s] Level 1:colcon.colcon_core.package_identification:_identify(src/common/rm_serial) by extensions ['ignore', 'ignore_ament_install']
[0.290s] Level 1:colcon.colcon_core.package_identification:_identify(src/common/rm_serial) by extension 'ignore'
[0.290s] Level 1:colcon.colcon_core.package_identification:_identify(src/common/rm_serial) by extension 'ignore_ament_install'
[0.290s] Level 1:colcon.colcon_core.package_identification:_identify(src/common/rm_serial) by extensions ['colcon_pkg']
[0.290s] Level 1:colcon.colcon_core.package_identification:_identify(src/common/rm_serial) by extension 'colcon_pkg'
[0.290s] Level 1:colcon.colcon_core.package_identification:_identify(src/common/rm_serial) by extensions ['colcon_meta']
[0.290s] Level 1:colcon.colcon_core.package_identification:_identify(src/common/rm_serial) by extension 'colcon_meta'
[0.290s] Level 1:colcon.colcon_core.package_identification:_identify(src/common/rm_serial) by extensions ['ros']
[0.290s] Level 1:colcon.colcon_core.package_identification:_identify(src/common/rm_serial) by extension 'ros'
[0.291s] DEBUG:colcon.colcon_core.package_identification:Package 'src/common/rm_serial' with type 'ros.ament_cmake' and name 'rm_serial'
[0.291s] Level 1:colcon.colcon_core.package_identification:_identify(src/common/rviz_plugin) by extensions ['ignore', 'ignore_ament_install']
[0.291s] Level 1:colcon.colcon_core.package_identification:_identify(src/common/rviz_plugin) by extension 'ignore'
[0.291s] Level 1:colcon.colcon_core.package_identification:_identify(src/common/rviz_plugin) by extension 'ignore_ament_install'
[0.291s] Level 1:colcon.colcon_core.package_identification:_identify(src/common/rviz_plugin) by extensions ['colcon_pkg']
[0.291s] Level 1:colcon.colcon_core.package_identification:_identify(src/common/rviz_plugin) by extension 'colcon_pkg'
[0.292s] Level 1:colcon.colcon_core.package_identification:_identify(src/common/rviz_plugin) by extensions ['colcon_meta']
[0.292s] Level 1:colcon.colcon_core.package_identification:_identify(src/common/rviz_plugin) by extension 'colcon_meta'
[0.292s] Level 1:colcon.colcon_core.package_identification:_identify(src/common/rviz_plugin) by extensions ['ros']
[0.292s] Level 1:colcon.colcon_core.package_identification:_identify(src/common/rviz_plugin) by extension 'ros'
[0.292s] DEBUG:colcon.colcon_core.package_identification:Package 'src/common/rviz_plugin' with type 'ros.ament_cmake' and name 'rviz_plugin'
[0.292s] Level 1:colcon.colcon_core.package_identification:_identify(src/navigation) by extensions ['ignore', 'ignore_ament_install']
[0.292s] Level 1:colcon.colcon_core.package_identification:_identify(src/navigation) by extension 'ignore'
[0.292s] Level 1:colcon.colcon_core.package_identification:_identify(src/navigation) by extension 'ignore_ament_install'
[0.292s] Level 1:colcon.colcon_core.package_identification:_identify(src/navigation) by extensions ['colcon_pkg']
[0.292s] Level 1:colcon.colcon_core.package_identification:_identify(src/navigation) by extension 'colcon_pkg'
[0.292s] Level 1:colcon.colcon_core.package_identification:_identify(src/navigation) by extensions ['colcon_meta']
[0.293s] Level 1:colcon.colcon_core.package_identification:_identify(src/navigation) by extension 'colcon_meta'
[0.293s] Level 1:colcon.colcon_core.package_identification:_identify(src/navigation) by extensions ['ros']
[0.293s] Level 1:colcon.colcon_core.package_identification:_identify(src/navigation) by extension 'ros'
[0.293s] Level 1:colcon.colcon_core.package_identification:_identify(src/navigation) by extensions ['cmake', 'python']
[0.293s] Level 1:colcon.colcon_core.package_identification:_identify(src/navigation) by extension 'cmake'
[0.293s] Level 1:colcon.colcon_core.package_identification:_identify(src/navigation) by extension 'python'
[0.293s] Level 1:colcon.colcon_core.package_identification:_identify(src/navigation) by extensions ['python_setup_py']
[0.293s] Level 1:colcon.colcon_core.package_identification:_identify(src/navigation) by extension 'python_setup_py'
[0.293s] Level 1:colcon.colcon_core.package_identification:_identify(src/navigation/altitude_map) by extensions ['ignore', 'ignore_ament_install']
[0.293s] Level 1:colcon.colcon_core.package_identification:_identify(src/navigation/altitude_map) by extension 'ignore'
[0.293s] Level 1:colcon.colcon_core.package_identification:_identify(src/navigation/altitude_map) by extension 'ignore_ament_install'
[0.293s] Level 1:colcon.colcon_core.package_identification:_identify(src/navigation/altitude_map) by extensions ['colcon_pkg']
[0.293s] Level 1:colcon.colcon_core.package_identification:_identify(src/navigation/altitude_map) by extension 'colcon_pkg'
[0.293s] Level 1:colcon.colcon_core.package_identification:_identify(src/navigation/altitude_map) by extensions ['colcon_meta']
[0.293s] Level 1:colcon.colcon_core.package_identification:_identify(src/navigation/altitude_map) by extension 'colcon_meta'
[0.293s] Level 1:colcon.colcon_core.package_identification:_identify(src/navigation/altitude_map) by extensions ['ros']
[0.293s] Level 1:colcon.colcon_core.package_identification:_identify(src/navigation/altitude_map) by extension 'ros'
[0.294s] DEBUG:colcon.colcon_core.package_identification:Package 'src/navigation/altitude_map' with type 'ros.ament_cmake' and name 'altitude_map'
[0.294s] Level 1:colcon.colcon_core.package_identification:_identify(src/navigation/motion_planning) by extensions ['ignore', 'ignore_ament_install']
[0.294s] Level 1:colcon.colcon_core.package_identification:_identify(src/navigation/motion_planning) by extension 'ignore'
[0.294s] Level 1:colcon.colcon_core.package_identification:_identify(src/navigation/motion_planning) by extension 'ignore_ament_install'
[0.294s] Level 1:colcon.colcon_core.package_identification:_identify(src/navigation/motion_planning) by extensions ['colcon_pkg']
[0.294s] Level 1:colcon.colcon_core.package_identification:_identify(src/navigation/motion_planning) by extension 'colcon_pkg'
[0.294s] Level 1:colcon.colcon_core.package_identification:_identify(src/navigation/motion_planning) by extensions ['colcon_meta']
[0.294s] Level 1:colcon.colcon_core.package_identification:_identify(src/navigation/motion_planning) by extension 'colcon_meta'
[0.294s] Level 1:colcon.colcon_core.package_identification:_identify(src/navigation/motion_planning) by extensions ['ros']
[0.294s] Level 1:colcon.colcon_core.package_identification:_identify(src/navigation/motion_planning) by extension 'ros'
[0.296s] DEBUG:colcon.colcon_core.package_identification:Package 'src/navigation/motion_planning' with type 'ros.ament_cmake' and name 'motion_planning'
[0.296s] Level 1:colcon.colcon_core.package_identification:_identify(src/navigation/path_planning) by extensions ['ignore', 'ignore_ament_install']
[0.296s] Level 1:colcon.colcon_core.package_identification:_identify(src/navigation/path_planning) by extension 'ignore'
[0.296s] Level 1:colcon.colcon_core.package_identification:_identify(src/navigation/path_planning) by extension 'ignore_ament_install'
[0.296s] Level 1:colcon.colcon_core.package_identification:_identify(src/navigation/path_planning) by extensions ['colcon_pkg']
[0.296s] Level 1:colcon.colcon_core.package_identification:_identify(src/navigation/path_planning) by extension 'colcon_pkg'
[0.296s] Level 1:colcon.colcon_core.package_identification:_identify(src/navigation/path_planning) by extensions ['colcon_meta']
[0.296s] Level 1:colcon.colcon_core.package_identification:_identify(src/navigation/path_planning) by extension 'colcon_meta'
[0.296s] Level 1:colcon.colcon_core.package_identification:_identify(src/navigation/path_planning) by extensions ['ros']
[0.296s] Level 1:colcon.colcon_core.package_identification:_identify(src/navigation/path_planning) by extension 'ros'
[0.297s] DEBUG:colcon.colcon_core.package_identification:Package 'src/navigation/path_planning' with type 'ros.ament_cmake' and name 'path_planning'
[0.297s] Level 1:colcon.colcon_core.package_identification:_identify(src/robot_decision_system) by extensions ['ignore', 'ignore_ament_install']
[0.297s] Level 1:colcon.colcon_core.package_identification:_identify(src/robot_decision_system) by extension 'ignore'
[0.297s] Level 1:colcon.colcon_core.package_identification:_identify(src/robot_decision_system) by extension 'ignore_ament_install'
[0.297s] Level 1:colcon.colcon_core.package_identification:_identify(src/robot_decision_system) by extensions ['colcon_pkg']
[0.297s] Level 1:colcon.colcon_core.package_identification:_identify(src/robot_decision_system) by extension 'colcon_pkg'
[0.297s] Level 1:colcon.colcon_core.package_identification:_identify(src/robot_decision_system) by extensions ['colcon_meta']
[0.297s] Level 1:colcon.colcon_core.package_identification:_identify(src/robot_decision_system) by extension 'colcon_meta'
[0.297s] Level 1:colcon.colcon_core.package_identification:_identify(src/robot_decision_system) by extensions ['ros']
[0.297s] Level 1:colcon.colcon_core.package_identification:_identify(src/robot_decision_system) by extension 'ros'
[0.298s] DEBUG:colcon.colcon_core.package_identification:Package 'src/robot_decision_system' with type 'ros.ament_cmake' and name 'robot_decision_system'
[0.298s] Level 1:colcon.colcon_core.package_identification:_identify(src/slam) by extensions ['ignore', 'ignore_ament_install']
[0.298s] Level 1:colcon.colcon_core.package_identification:_identify(src/slam) by extension 'ignore'
[0.298s] Level 1:colcon.colcon_core.package_identification:_identify(src/slam) by extension 'ignore_ament_install'
[0.298s] Level 1:colcon.colcon_core.package_identification:_identify(src/slam) by extensions ['colcon_pkg']
[0.298s] Level 1:colcon.colcon_core.package_identification:_identify(src/slam) by extension 'colcon_pkg'
[0.298s] Level 1:colcon.colcon_core.package_identification:_identify(src/slam) by extensions ['colcon_meta']
[0.298s] Level 1:colcon.colcon_core.package_identification:_identify(src/slam) by extension 'colcon_meta'
[0.298s] Level 1:colcon.colcon_core.package_identification:_identify(src/slam) by extensions ['ros']
[0.299s] Level 1:colcon.colcon_core.package_identification:_identify(src/slam) by extension 'ros'
[0.299s] Level 1:colcon.colcon_core.package_identification:_identify(src/slam) by extensions ['cmake', 'python']
[0.299s] Level 1:colcon.colcon_core.package_identification:_identify(src/slam) by extension 'cmake'
[0.299s] Level 1:colcon.colcon_core.package_identification:_identify(src/slam) by extension 'python'
[0.299s] Level 1:colcon.colcon_core.package_identification:_identify(src/slam) by extensions ['python_setup_py']
[0.299s] Level 1:colcon.colcon_core.package_identification:_identify(src/slam) by extension 'python_setup_py'
[0.299s] Level 1:colcon.colcon_core.package_identification:_identify(src/slam/FAST_LIO-ROS2) by extensions ['ignore', 'ignore_ament_install']
[0.299s] Level 1:colcon.colcon_core.package_identification:_identify(src/slam/FAST_LIO-ROS2) by extension 'ignore'
[0.299s] Level 1:colcon.colcon_core.package_identification:_identify(src/slam/FAST_LIO-ROS2) by extension 'ignore_ament_install'
[0.299s] Level 1:colcon.colcon_core.package_identification:_identify(src/slam/FAST_LIO-ROS2) by extensions ['colcon_pkg']
[0.299s] Level 1:colcon.colcon_core.package_identification:_identify(src/slam/FAST_LIO-ROS2) by extension 'colcon_pkg'
[0.299s] Level 1:colcon.colcon_core.package_identification:_identify(src/slam/FAST_LIO-ROS2) by extensions ['colcon_meta']
[0.299s] Level 1:colcon.colcon_core.package_identification:_identify(src/slam/FAST_LIO-ROS2) by extension 'colcon_meta'
[0.299s] Level 1:colcon.colcon_core.package_identification:_identify(src/slam/FAST_LIO-ROS2) by extensions ['ros']
[0.299s] Level 1:colcon.colcon_core.package_identification:_identify(src/slam/FAST_LIO-ROS2) by extension 'ros'
[0.300s] DEBUG:colcon.colcon_core.package_identification:Package 'src/slam/FAST_LIO-ROS2' with type 'ros.ament_cmake' and name 'fast_lio'
[0.300s] Level 1:colcon.colcon_core.package_identification:_identify(src/slam/icp_relocalization) by extensions ['ignore', 'ignore_ament_install']
[0.300s] Level 1:colcon.colcon_core.package_identification:_identify(src/slam/icp_relocalization) by extension 'ignore'
[0.300s] Level 1:colcon.colcon_core.package_identification:_identify(src/slam/icp_relocalization) by extension 'ignore_ament_install'
[0.301s] Level 1:colcon.colcon_core.package_identification:_identify(src/slam/icp_relocalization) by extensions ['colcon_pkg']
[0.301s] Level 1:colcon.colcon_core.package_identification:_identify(src/slam/icp_relocalization) by extension 'colcon_pkg'
[0.301s] Level 1:colcon.colcon_core.package_identification:_identify(src/slam/icp_relocalization) by extensions ['colcon_meta']
[0.301s] Level 1:colcon.colcon_core.package_identification:_identify(src/slam/icp_relocalization) by extension 'colcon_meta'
[0.301s] Level 1:colcon.colcon_core.package_identification:_identify(src/slam/icp_relocalization) by extensions ['ros']
[0.301s] Level 1:colcon.colcon_core.package_identification:_identify(src/slam/icp_relocalization) by extension 'ros'
[0.301s] DEBUG:colcon.colcon_core.package_identification:Package 'src/slam/icp_relocalization' with type 'ros.ament_cmake' and name 'icp_relocalization'
[0.301s] Level 1:colcon.colcon_core.package_identification:_identify(src/slam/ikd_tree_mapping) by extensions ['ignore', 'ignore_ament_install']
[0.302s] Level 1:colcon.colcon_core.package_identification:_identify(src/slam/ikd_tree_mapping) by extension 'ignore'
[0.302s] Level 1:colcon.colcon_core.package_identification:_identify(src/slam/ikd_tree_mapping) by extension 'ignore_ament_install'
[0.302s] Level 1:colcon.colcon_core.package_identification:_identify(src/slam/ikd_tree_mapping) by extensions ['colcon_pkg']
[0.302s] Level 1:colcon.colcon_core.package_identification:_identify(src/slam/ikd_tree_mapping) by extension 'colcon_pkg'
[0.302s] Level 1:colcon.colcon_core.package_identification:_identify(src/slam/ikd_tree_mapping) by extensions ['colcon_meta']
[0.302s] Level 1:colcon.colcon_core.package_identification:_identify(src/slam/ikd_tree_mapping) by extension 'colcon_meta'
[0.302s] Level 1:colcon.colcon_core.package_identification:_identify(src/slam/ikd_tree_mapping) by extensions ['ros']
[0.302s] Level 1:colcon.colcon_core.package_identification:_identify(src/slam/ikd_tree_mapping) by extension 'ros'
[0.303s] DEBUG:colcon.colcon_core.package_identification:Package 'src/slam/ikd_tree_mapping' with type 'ros.ament_cmake' and name 'ikd_tree_mapping'
[0.303s] Level 1:colcon.colcon_core.package_identification:_identify(src/slam/m_detector) by extensions ['ignore', 'ignore_ament_install']
[0.303s] Level 1:colcon.colcon_core.package_identification:_identify(src/slam/m_detector) by extension 'ignore'
[0.303s] Level 1:colcon.colcon_core.package_identification:_identify(src/slam/m_detector) by extension 'ignore_ament_install'
[0.303s] Level 1:colcon.colcon_core.package_identification:_identify(src/slam/m_detector) by extensions ['colcon_pkg']
[0.303s] Level 1:colcon.colcon_core.package_identification:_identify(src/slam/m_detector) by extension 'colcon_pkg'
[0.303s] Level 1:colcon.colcon_core.package_identification:_identify(src/slam/m_detector) by extensions ['colcon_meta']
[0.303s] Level 1:colcon.colcon_core.package_identification:_identify(src/slam/m_detector) by extension 'colcon_meta'
[0.303s] Level 1:colcon.colcon_core.package_identification:_identify(src/slam/m_detector) by extensions ['ros']
[0.303s] Level 1:colcon.colcon_core.package_identification:_identify(src/slam/m_detector) by extension 'ros'
[0.304s] DEBUG:colcon.colcon_core.package_identification:Package 'src/slam/m_detector' with type 'ros.ament_cmake' and name 'm_detector'
[0.304s] Level 1:colcon.colcon_core.package_identification:_identify(src/slam/point_lio_ros2) by extensions ['ignore', 'ignore_ament_install']
[0.304s] Level 1:colcon.colcon_core.package_identification:_identify(src/slam/point_lio_ros2) by extension 'ignore'
[0.304s] Level 1:colcon.colcon_core.package_identification:_identify(src/slam/point_lio_ros2) by extension 'ignore_ament_install'
[0.304s] Level 1:colcon.colcon_core.package_identification:_identify(src/slam/point_lio_ros2) by extensions ['colcon_pkg']
[0.304s] Level 1:colcon.colcon_core.package_identification:_identify(src/slam/point_lio_ros2) by extension 'colcon_pkg'
[0.304s] Level 1:colcon.colcon_core.package_identification:_identify(src/slam/point_lio_ros2) by extensions ['colcon_meta']
[0.304s] Level 1:colcon.colcon_core.package_identification:_identify(src/slam/point_lio_ros2) by extension 'colcon_meta'
[0.304s] Level 1:colcon.colcon_core.package_identification:_identify(src/slam/point_lio_ros2) by extensions ['ros']
[0.304s] Level 1:colcon.colcon_core.package_identification:_identify(src/slam/point_lio_ros2) by extension 'ros'
[0.305s] DEBUG:colcon.colcon_core.package_identification:Package 'src/slam/point_lio_ros2' with type 'ros.ament_cmake' and name 'point_lio'
[0.305s] Level 1:colcon.colcon_core.package_identification:_identify(src/slam/tilted_lidar) by extensions ['ignore', 'ignore_ament_install']
[0.305s] Level 1:colcon.colcon_core.package_identification:_identify(src/slam/tilted_lidar) by extension 'ignore'
[0.306s] Level 1:colcon.colcon_core.package_identification:_identify(src/slam/tilted_lidar) by extension 'ignore_ament_install'
[0.306s] Level 1:colcon.colcon_core.package_identification:_identify(src/slam/tilted_lidar) by extensions ['colcon_pkg']
[0.306s] Level 1:colcon.colcon_core.package_identification:_identify(src/slam/tilted_lidar) by extension 'colcon_pkg'
[0.306s] Level 1:colcon.colcon_core.package_identification:_identify(src/slam/tilted_lidar) by extensions ['colcon_meta']
[0.306s] Level 1:colcon.colcon_core.package_identification:_identify(src/slam/tilted_lidar) by extension 'colcon_meta'
[0.306s] Level 1:colcon.colcon_core.package_identification:_identify(src/slam/tilted_lidar) by extensions ['ros']
[0.306s] Level 1:colcon.colcon_core.package_identification:_identify(src/slam/tilted_lidar) by extension 'ros'
[0.306s] DEBUG:colcon.colcon_core.package_identification:Package 'src/slam/tilted_lidar' with type 'ros.ament_cmake' and name 'tilted_lidar'
[0.307s] Level 1:colcon.colcon_core.package_discovery:discover_packages(recursive) using defaults
[0.307s] Level 1:colcon.colcon_core.package_discovery:discover_packages(ignore) discover
[0.307s] Level 1:colcon.colcon_core.package_discovery:discover_packages(ignore) using defaults
[0.307s] Level 1:colcon.colcon_core.package_discovery:discover_packages(path) discover
[0.307s] Level 1:colcon.colcon_core.package_discovery:discover_packages(path) using defaults
[0.342s] INFO:colcon.colcon_core.package_selection:Skipping not selected package 'debug_tools' in 'src/common/debug_tools'
[0.342s] INFO:colcon.colcon_core.package_selection:Skipping not selected package 'livox_ros_driver2' in 'src/common/livox_ros_driver2'
[0.342s] INFO:colcon.colcon_core.package_selection:Skipping not selected package 'rm_interface' in 'src/common/rm_interface'
[0.342s] INFO:colcon.colcon_core.package_selection:Skipping not selected package 'robot_decision_system' in 'src/robot_decision_system'
[0.342s] INFO:colcon.colcon_core.package_selection:Skipping not selected package 'rviz_plugin' in 'src/common/rviz_plugin'
[0.342s] INFO:colcon.colcon_core.package_selection:Skipping not selected package 'tilted_lidar' in 'src/slam/tilted_lidar'
[0.342s] INFO:colcon.colcon_core.package_selection:Skipping not selected package 'altitude_map' in 'src/navigation/altitude_map'
[0.342s] INFO:colcon.colcon_core.package_selection:Skipping not selected package 'fast_lio' in 'src/slam/FAST_LIO-ROS2'
[0.342s] INFO:colcon.colcon_core.package_selection:Skipping not selected package 'icp_relocalization' in 'src/slam/icp_relocalization'
[0.342s] INFO:colcon.colcon_core.package_selection:Skipping not selected package 'ikd_tree_mapping' in 'src/slam/ikd_tree_mapping'
[0.342s] INFO:colcon.colcon_core.package_selection:Skipping not selected package 'm_detector' in 'src/slam/m_detector'
[0.342s] INFO:colcon.colcon_core.package_selection:Skipping not selected package 'point_lio' in 'src/slam/point_lio_ros2'
[0.342s] INFO:colcon.colcon_core.package_selection:Skipping not selected package 'rm_decision' in 'src/common/rm_decision'
[0.342s] INFO:colcon.colcon_core.package_selection:Skipping not selected package 'motion_planning' in 'src/navigation/motion_planning'
[0.344s] Level 1:colcon.colcon_core.package_discovery:discover_packages(prefix_path) check parameters
[0.344s] Level 1:colcon.colcon_core.package_discovery:discover_packages(prefix_path) discover
[0.348s] DEBUG:colcon.colcon_installed_package_information.package_discovery:Found 17 installed packages in /home/sentry-nov/code/colcon_3/install
[0.350s] DEBUG:colcon.colcon_installed_package_information.package_discovery:Found 273 installed packages in /opt/ros/humble
[0.351s] Level 1:colcon.colcon_core.package_discovery:discover_packages(prefix_path) using defaults
[0.393s] WARNING:colcon.colcon_core.package_selection:Some selected packages are already built in one or more underlay workspaces:
	'path_planning' is in: /home/sentry-nov/code/colcon_3/install/path_planning
If a package in a merged underlay workspace is overridden and it installs headers, then all packages in the overlay must sort their include directories by workspace order. Failure to do so may result in build failures or undefined behavior at run time.
If the overridden package is used by another package in any underlay, then the overriding package in the overlay must be API and ABI compatible or undefined behavior at run time may occur.

If you understand the risks and want to override a package anyways, add the following to the command line:
	--allow-overriding path_planning

This may be promoted to an error in a future release of colcon-override-check.
[0.394s] Level 5:colcon.colcon_core.verb:set package 'auto_start' build argument 'cmake_args' from command line to '['-DCMAKE_BUILD_TYPE=Release']'
[0.394s] Level 5:colcon.colcon_core.verb:set package 'auto_start' build argument 'cmake_target' from command line to 'None'
[0.394s] Level 5:colcon.colcon_core.verb:set package 'auto_start' build argument 'cmake_target_skip_unavailable' from command line to 'False'
[0.394s] Level 5:colcon.colcon_core.verb:set package 'auto_start' build argument 'cmake_clean_cache' from command line to 'False'
[0.394s] Level 5:colcon.colcon_core.verb:set package 'auto_start' build argument 'cmake_clean_first' from command line to 'False'
[0.394s] Level 5:colcon.colcon_core.verb:set package 'auto_start' build argument 'cmake_force_configure' from command line to 'False'
[0.394s] Level 5:colcon.colcon_core.verb:set package 'auto_start' build argument 'ament_cmake_args' from command line to 'None'
[0.394s] Level 5:colcon.colcon_core.verb:set package 'auto_start' build argument 'catkin_cmake_args' from command line to 'None'
[0.394s] Level 5:colcon.colcon_core.verb:set package 'auto_start' build argument 'catkin_skip_building_tests' from command line to 'False'
[0.394s] DEBUG:colcon.colcon_core.verb:Building package 'auto_start' with the following arguments: {'ament_cmake_args': None, 'build_base': '/home/sentry-nov/code/colcon_3/build/auto_start', 'catkin_cmake_args': None, 'catkin_skip_building_tests': False, 'cmake_args': ['-DCMAKE_BUILD_TYPE=Release'], 'cmake_clean_cache': False, 'cmake_clean_first': False, 'cmake_force_configure': False, 'cmake_target': None, 'cmake_target_skip_unavailable': False, 'install_base': '/home/sentry-nov/code/colcon_3/install/auto_start', 'merge_install': False, 'path': '/home/sentry-nov/code/colcon_3/src/auto_start', 'symlink_install': False, 'test_result_base': None}
[0.394s] Level 5:colcon.colcon_core.verb:set package 'path_planning' build argument 'cmake_args' from command line to '['-DCMAKE_BUILD_TYPE=Release']'
[0.394s] Level 5:colcon.colcon_core.verb:set package 'path_planning' build argument 'cmake_target' from command line to 'None'
[0.394s] Level 5:colcon.colcon_core.verb:set package 'path_planning' build argument 'cmake_target_skip_unavailable' from command line to 'False'
[0.394s] Level 5:colcon.colcon_core.verb:set package 'path_planning' build argument 'cmake_clean_cache' from command line to 'False'
[0.394s] Level 5:colcon.colcon_core.verb:set package 'path_planning' build argument 'cmake_clean_first' from command line to 'False'
[0.395s] Level 5:colcon.colcon_core.verb:set package 'path_planning' build argument 'cmake_force_configure' from command line to 'False'
[0.395s] Level 5:colcon.colcon_core.verb:set package 'path_planning' build argument 'ament_cmake_args' from command line to 'None'
[0.395s] Level 5:colcon.colcon_core.verb:set package 'path_planning' build argument 'catkin_cmake_args' from command line to 'None'
[0.395s] Level 5:colcon.colcon_core.verb:set package 'path_planning' build argument 'catkin_skip_building_tests' from command line to 'False'
[0.395s] DEBUG:colcon.colcon_core.verb:Building package 'path_planning' with the following arguments: {'ament_cmake_args': None, 'build_base': '/home/sentry-nov/code/colcon_3/build/path_planning', 'catkin_cmake_args': None, 'catkin_skip_building_tests': False, 'cmake_args': ['-DCMAKE_BUILD_TYPE=Release'], 'cmake_clean_cache': False, 'cmake_clean_first': False, 'cmake_force_configure': False, 'cmake_target': None, 'cmake_target_skip_unavailable': False, 'install_base': '/home/sentry-nov/code/colcon_3/install/path_planning', 'merge_install': False, 'path': '/home/sentry-nov/code/colcon_3/src/navigation/path_planning', 'symlink_install': False, 'test_result_base': None}
[0.395s] Level 5:colcon.colcon_core.verb:set package 'rm_serial' build argument 'cmake_args' from command line to '['-DCMAKE_BUILD_TYPE=Release']'
[0.395s] Level 5:colcon.colcon_core.verb:set package 'rm_serial' build argument 'cmake_target' from command line to 'None'
[0.395s] Level 5:colcon.colcon_core.verb:set package 'rm_serial' build argument 'cmake_target_skip_unavailable' from command line to 'False'
[0.395s] Level 5:colcon.colcon_core.verb:set package 'rm_serial' build argument 'cmake_clean_cache' from command line to 'False'
[0.395s] Level 5:colcon.colcon_core.verb:set package 'rm_serial' build argument 'cmake_clean_first' from command line to 'False'
[0.395s] Level 5:colcon.colcon_core.verb:set package 'rm_serial' build argument 'cmake_force_configure' from command line to 'False'
[0.395s] Level 5:colcon.colcon_core.verb:set package 'rm_serial' build argument 'ament_cmake_args' from command line to 'None'
[0.395s] Level 5:colcon.colcon_core.verb:set package 'rm_serial' build argument 'catkin_cmake_args' from command line to 'None'
[0.395s] Level 5:colcon.colcon_core.verb:set package 'rm_serial' build argument 'catkin_skip_building_tests' from command line to 'False'
[0.395s] DEBUG:colcon.colcon_core.verb:Building package 'rm_serial' with the following arguments: {'ament_cmake_args': None, 'build_base': '/home/sentry-nov/code/colcon_3/build/rm_serial', 'catkin_cmake_args': None, 'catkin_skip_building_tests': False, 'cmake_args': ['-DCMAKE_BUILD_TYPE=Release'], 'cmake_clean_cache': False, 'cmake_clean_first': False, 'cmake_force_configure': False, 'cmake_target': None, 'cmake_target_skip_unavailable': False, 'install_base': '/home/sentry-nov/code/colcon_3/install/rm_serial', 'merge_install': False, 'path': '/home/sentry-nov/code/colcon_3/src/common/rm_serial', 'symlink_install': False, 'test_result_base': None}
[0.395s] INFO:colcon.colcon_core.executor:Executing jobs using 'parallel' executor
[0.396s] DEBUG:colcon.colcon_parallel_executor.executor.parallel:run_until_complete
[0.396s] INFO:colcon.colcon_ros.task.ament_cmake.build:Building ROS package in '/home/sentry-nov/code/colcon_3/src/auto_start' with build type 'ament_cmake'
[0.397s] INFO:colcon.colcon_cmake.task.cmake.build:Building CMake package in '/home/sentry-nov/code/colcon_3/src/auto_start'
[0.403s] INFO:colcon.colcon_core.plugin_system:Skipping extension 'colcon_core.shell.bat': Not used on non-Windows systems
[0.403s] INFO:colcon.colcon_core.shell:Skip shell extension 'powershell' for command environment: Not usable outside of PowerShell
[0.403s] DEBUG:colcon.colcon_core.shell:Skip shell extension 'dsv' for command environment
[0.408s] INFO:colcon.colcon_ros.task.ament_cmake.build:Building ROS package in '/home/sentry-nov/code/colcon_3/src/navigation/path_planning' with build type 'ament_cmake'
[0.408s] INFO:colcon.colcon_cmake.task.cmake.build:Building CMake package in '/home/sentry-nov/code/colcon_3/src/navigation/path_planning'
[0.408s] INFO:colcon.colcon_core.shell:Skip shell extension 'powershell' for command environment: Not usable outside of PowerShell
[0.408s] DEBUG:colcon.colcon_core.shell:Skip shell extension 'dsv' for command environment
[0.413s] INFO:colcon.colcon_ros.task.ament_cmake.build:Building ROS package in '/home/sentry-nov/code/colcon_3/src/common/rm_serial' with build type 'ament_cmake'
[0.413s] INFO:colcon.colcon_cmake.task.cmake.build:Building CMake package in '/home/sentry-nov/code/colcon_3/src/common/rm_serial'
[0.413s] INFO:colcon.colcon_core.shell:Skip shell extension 'powershell' for command environment: Not usable outside of PowerShell
[0.413s] DEBUG:colcon.colcon_core.shell:Skip shell extension 'dsv' for command environment
[0.422s] DEBUG:colcon.colcon_core.event_handler.log_command:Invoking command in '/home/sentry-nov/code/colcon_3/build/auto_start': CMAKE_PREFIX_PATH=${CMAKE_PREFIX_PATH}:/opt/ros/humble /usr/bin/cmake --build /home/sentry-nov/code/colcon_3/build/auto_start -- -j12 -l12
[0.432s] DEBUG:colcon.colcon_core.event_handler.log_command:Invoking command in '/home/sentry-nov/code/colcon_3/build/path_planning': CMAKE_PREFIX_PATH=/home/sentry-nov/code/colcon_3/install/rm_interface:/home/sentry-nov/code/colcon_3/install/debug_tools:/home/sentry-nov/code/colcon_3/install/tilted_lidar:/home/sentry-nov/code/colcon_3/install/rviz_plugin:/home/sentry-nov/code/colcon_3/install/robot_decision_system:/home/sentry-nov/code/colcon_3/install/rm_serial:/home/sentry-nov/code/colcon_3/install/rm_decision:/home/sentry-nov/code/colcon_3/install/motion_planning:/home/sentry-nov/code/colcon_3/install/path_planning:/home/sentry-nov/code/colcon_3/install/ikd_tree_mapping:/home/sentry-nov/code/colcon_3/install/point_lio:/home/sentry-nov/code/colcon_3/install/m_detector:/home/sentry-nov/code/colcon_3/install/fast_lio:/home/sentry-nov/code/colcon_3/install/livox_ros_driver2:/home/sentry-nov/code/colcon_3/install/icp_relocalization:/home/sentry-nov/code/colcon_3/install/altitude_map:/home/sentry-nov/code/colcon_3/install/auto_start:/opt/ros/humble LD_LIBRARY_PATH=/home/sentry-nov/code/colcon_3/install/rm_interface/lib:/home/sentry-nov/code/colcon_3/install/robot_decision_system/lib:/home/sentry-nov/code/colcon_3/install/path_planning/lib:/home/sentry-nov/code/colcon_3/install/m_detector/lib:/home/sentry-nov/code/colcon_3/install/fast_lio/lib:/home/sentry-nov/code/colcon_3/install/livox_ros_driver2/lib:/home/sentry-nov/code/colcon_3/install/altitude_map/lib:/usr/local/lib:/opt/ros/humble/opt/rviz_ogre_vendor/lib:/opt/ros/humble/lib/x86_64-linux-gnu:/opt/ros/humble/lib /usr/bin/cmake --build /home/sentry-nov/code/colcon_3/build/path_planning -- -j12 -l12
[0.437s] DEBUG:colcon.colcon_core.event_handler.log_command:Invoking command in '/home/sentry-nov/code/colcon_3/build/rm_serial': CMAKE_PREFIX_PATH=/home/sentry-nov/code/colcon_3/install/rm_interface:/home/sentry-nov/code/colcon_3/install/debug_tools:/home/sentry-nov/code/colcon_3/install/tilted_lidar:/home/sentry-nov/code/colcon_3/install/rviz_plugin:/home/sentry-nov/code/colcon_3/install/robot_decision_system:/home/sentry-nov/code/colcon_3/install/rm_serial:/home/sentry-nov/code/colcon_3/install/rm_decision:/home/sentry-nov/code/colcon_3/install/motion_planning:/home/sentry-nov/code/colcon_3/install/path_planning:/home/sentry-nov/code/colcon_3/install/ikd_tree_mapping:/home/sentry-nov/code/colcon_3/install/point_lio:/home/sentry-nov/code/colcon_3/install/m_detector:/home/sentry-nov/code/colcon_3/install/fast_lio:/home/sentry-nov/code/colcon_3/install/livox_ros_driver2:/home/sentry-nov/code/colcon_3/install/icp_relocalization:/home/sentry-nov/code/colcon_3/install/altitude_map:/home/sentry-nov/code/colcon_3/install/auto_start:/opt/ros/humble LD_LIBRARY_PATH=/home/sentry-nov/code/colcon_3/install/rm_interface/lib:/home/sentry-nov/code/colcon_3/install/robot_decision_system/lib:/home/sentry-nov/code/colcon_3/install/path_planning/lib:/home/sentry-nov/code/colcon_3/install/m_detector/lib:/home/sentry-nov/code/colcon_3/install/fast_lio/lib:/home/sentry-nov/code/colcon_3/install/livox_ros_driver2/lib:/home/sentry-nov/code/colcon_3/install/altitude_map/lib:/usr/local/lib:/opt/ros/humble/opt/rviz_ogre_vendor/lib:/opt/ros/humble/lib/x86_64-linux-gnu:/opt/ros/humble/lib /usr/bin/cmake --build /home/sentry-nov/code/colcon_3/build/rm_serial -- -j12 -l12
[0.527s] DEBUG:colcon.colcon_core.event_handler.log_command:Invoked command in '/home/sentry-nov/code/colcon_3/build/auto_start' returned '0': CMAKE_PREFIX_PATH=${CMAKE_PREFIX_PATH}:/opt/ros/humble /usr/bin/cmake --build /home/sentry-nov/code/colcon_3/build/auto_start -- -j12 -l12
[0.545s] DEBUG:colcon.colcon_core.event_handler.log_command:Invoking command in '/home/sentry-nov/code/colcon_3/build/auto_start': CMAKE_PREFIX_PATH=${CMAKE_PREFIX_PATH}:/opt/ros/humble /usr/bin/cmake --install /home/sentry-nov/code/colcon_3/build/auto_start
[0.566s] Level 1:colcon.colcon_core.environment:create_environment_scripts_only(auto_start)
[0.567s] DEBUG:colcon.colcon_core.event_handler.log_command:Invoked command in '/home/sentry-nov/code/colcon_3/build/auto_start' returned '0': CMAKE_PREFIX_PATH=${CMAKE_PREFIX_PATH}:/opt/ros/humble /usr/bin/cmake --install /home/sentry-nov/code/colcon_3/build/auto_start
[0.577s] Level 1:colcon.colcon_core.environment:checking '/home/sentry-nov/code/colcon_3/install/auto_start' for CMake module files
[0.578s] Level 1:colcon.colcon_core.environment:checking '/home/sentry-nov/code/colcon_3/install/auto_start' for CMake config files
[0.578s] Level 1:colcon.colcon_core.shell:create_environment_hook('auto_start', 'cmake_prefix_path')
[0.578s] INFO:colcon.colcon_core.shell:Creating environment hook '/home/sentry-nov/code/colcon_3/install/auto_start/share/auto_start/hook/cmake_prefix_path.ps1'
[0.579s] INFO:colcon.colcon_core.shell:Creating environment descriptor '/home/sentry-nov/code/colcon_3/install/auto_start/share/auto_start/hook/cmake_prefix_path.dsv'
[0.581s] INFO:colcon.colcon_core.shell:Creating environment hook '/home/sentry-nov/code/colcon_3/install/auto_start/share/auto_start/hook/cmake_prefix_path.sh'
[0.582s] Level 1:colcon.colcon_core.environment:checking '/home/sentry-nov/code/colcon_3/install/auto_start/bin'
[0.582s] Level 1:colcon.colcon_core.environment:checking '/home/sentry-nov/code/colcon_3/install/auto_start/lib/pkgconfig/auto_start.pc'
[0.583s] Level 1:colcon.colcon_core.environment:checking '/home/sentry-nov/code/colcon_3/install/auto_start/lib/python3.10/site-packages'
[0.583s] Level 1:colcon.colcon_core.environment:checking '/home/sentry-nov/code/colcon_3/install/auto_start/bin'
[0.583s] INFO:colcon.colcon_core.shell:Creating package script '/home/sentry-nov/code/colcon_3/install/auto_start/share/auto_start/package.ps1'
[0.585s] INFO:colcon.colcon_core.shell:Creating package descriptor '/home/sentry-nov/code/colcon_3/install/auto_start/share/auto_start/package.dsv'
[0.587s] INFO:colcon.colcon_core.shell:Creating package script '/home/sentry-nov/code/colcon_3/install/auto_start/share/auto_start/package.sh'
[0.589s] INFO:colcon.colcon_core.shell:Creating package script '/home/sentry-nov/code/colcon_3/install/auto_start/share/auto_start/package.bash'
[0.591s] INFO:colcon.colcon_core.shell:Creating package script '/home/sentry-nov/code/colcon_3/install/auto_start/share/auto_start/package.zsh'
[0.592s] Level 1:colcon.colcon_core.environment:create_file_with_runtime_dependencies(/home/sentry-nov/code/colcon_3/install/auto_start/share/colcon-core/packages/auto_start)
[0.592s] Level 1:colcon.colcon_core.environment:create_environment_scripts_only(auto_start)
[0.592s] Level 1:colcon.colcon_core.environment:checking '/home/sentry-nov/code/colcon_3/install/auto_start' for CMake module files
[0.593s] Level 1:colcon.colcon_core.environment:checking '/home/sentry-nov/code/colcon_3/install/auto_start' for CMake config files
[0.593s] Level 1:colcon.colcon_core.shell:create_environment_hook('auto_start', 'cmake_prefix_path')
[0.593s] INFO:colcon.colcon_core.shell:Creating environment hook '/home/sentry-nov/code/colcon_3/install/auto_start/share/auto_start/hook/cmake_prefix_path.ps1'
[0.594s] INFO:colcon.colcon_core.shell:Creating environment descriptor '/home/sentry-nov/code/colcon_3/install/auto_start/share/auto_start/hook/cmake_prefix_path.dsv'
[0.594s] INFO:colcon.colcon_core.shell:Creating environment hook '/home/sentry-nov/code/colcon_3/install/auto_start/share/auto_start/hook/cmake_prefix_path.sh'
[0.595s] Level 1:colcon.colcon_core.environment:checking '/home/sentry-nov/code/colcon_3/install/auto_start/bin'
[0.595s] Level 1:colcon.colcon_core.environment:checking '/home/sentry-nov/code/colcon_3/install/auto_start/lib/pkgconfig/auto_start.pc'
[0.595s] Level 1:colcon.colcon_core.environment:checking '/home/sentry-nov/code/colcon_3/install/auto_start/lib/python3.10/site-packages'
[0.595s] Level 1:colcon.colcon_core.environment:checking '/home/sentry-nov/code/colcon_3/install/auto_start/bin'
[0.596s] INFO:colcon.colcon_core.shell:Creating package script '/home/sentry-nov/code/colcon_3/install/auto_start/share/auto_start/package.ps1'
[0.597s] INFO:colcon.colcon_core.shell:Creating package descriptor '/home/sentry-nov/code/colcon_3/install/auto_start/share/auto_start/package.dsv'
[0.597s] INFO:colcon.colcon_core.shell:Creating package script '/home/sentry-nov/code/colcon_3/install/auto_start/share/auto_start/package.sh'
[0.598s] INFO:colcon.colcon_core.shell:Creating package script '/home/sentry-nov/code/colcon_3/install/auto_start/share/auto_start/package.bash'
[0.599s] INFO:colcon.colcon_core.shell:Creating package script '/home/sentry-nov/code/colcon_3/install/auto_start/share/auto_start/package.zsh'
[0.599s] Level 1:colcon.colcon_core.environment:create_file_with_runtime_dependencies(/home/sentry-nov/code/colcon_3/install/auto_start/share/colcon-core/packages/auto_start)
[4.133s] DEBUG:colcon.colcon_core.event_handler.log_command:Invoked command in '/home/sentry-nov/code/colcon_3/build/path_planning' returned '0': CMAKE_PREFIX_PATH=/home/sentry-nov/code/colcon_3/install/rm_interface:/home/sentry-nov/code/colcon_3/install/debug_tools:/home/sentry-nov/code/colcon_3/install/tilted_lidar:/home/sentry-nov/code/colcon_3/install/rviz_plugin:/home/sentry-nov/code/colcon_3/install/robot_decision_system:/home/sentry-nov/code/colcon_3/install/rm_serial:/home/sentry-nov/code/colcon_3/install/rm_decision:/home/sentry-nov/code/colcon_3/install/motion_planning:/home/sentry-nov/code/colcon_3/install/path_planning:/home/sentry-nov/code/colcon_3/install/ikd_tree_mapping:/home/sentry-nov/code/colcon_3/install/point_lio:/home/sentry-nov/code/colcon_3/install/m_detector:/home/sentry-nov/code/colcon_3/install/fast_lio:/home/sentry-nov/code/colcon_3/install/livox_ros_driver2:/home/sentry-nov/code/colcon_3/install/icp_relocalization:/home/sentry-nov/code/colcon_3/install/altitude_map:/home/sentry-nov/code/colcon_3/install/auto_start:/opt/ros/humble LD_LIBRARY_PATH=/home/sentry-nov/code/colcon_3/install/rm_interface/lib:/home/sentry-nov/code/colcon_3/install/robot_decision_system/lib:/home/sentry-nov/code/colcon_3/install/path_planning/lib:/home/sentry-nov/code/colcon_3/install/m_detector/lib:/home/sentry-nov/code/colcon_3/install/fast_lio/lib:/home/sentry-nov/code/colcon_3/install/livox_ros_driver2/lib:/home/sentry-nov/code/colcon_3/install/altitude_map/lib:/usr/local/lib:/opt/ros/humble/opt/rviz_ogre_vendor/lib:/opt/ros/humble/lib/x86_64-linux-gnu:/opt/ros/humble/lib /usr/bin/cmake --build /home/sentry-nov/code/colcon_3/build/path_planning -- -j12 -l12
[4.137s] DEBUG:colcon.colcon_core.event_handler.log_command:Invoking command in '/home/sentry-nov/code/colcon_3/build/path_planning': CMAKE_PREFIX_PATH=/home/sentry-nov/code/colcon_3/install/rm_interface:/home/sentry-nov/code/colcon_3/install/debug_tools:/home/sentry-nov/code/colcon_3/install/tilted_lidar:/home/sentry-nov/code/colcon_3/install/rviz_plugin:/home/sentry-nov/code/colcon_3/install/robot_decision_system:/home/sentry-nov/code/colcon_3/install/rm_serial:/home/sentry-nov/code/colcon_3/install/rm_decision:/home/sentry-nov/code/colcon_3/install/motion_planning:/home/sentry-nov/code/colcon_3/install/path_planning:/home/sentry-nov/code/colcon_3/install/ikd_tree_mapping:/home/sentry-nov/code/colcon_3/install/point_lio:/home/sentry-nov/code/colcon_3/install/m_detector:/home/sentry-nov/code/colcon_3/install/fast_lio:/home/sentry-nov/code/colcon_3/install/livox_ros_driver2:/home/sentry-nov/code/colcon_3/install/icp_relocalization:/home/sentry-nov/code/colcon_3/install/altitude_map:/home/sentry-nov/code/colcon_3/install/auto_start:/opt/ros/humble LD_LIBRARY_PATH=/home/sentry-nov/code/colcon_3/install/rm_interface/lib:/home/sentry-nov/code/colcon_3/install/robot_decision_system/lib:/home/sentry-nov/code/colcon_3/install/path_planning/lib:/home/sentry-nov/code/colcon_3/install/m_detector/lib:/home/sentry-nov/code/colcon_3/install/fast_lio/lib:/home/sentry-nov/code/colcon_3/install/livox_ros_driver2/lib:/home/sentry-nov/code/colcon_3/install/altitude_map/lib:/usr/local/lib:/opt/ros/humble/opt/rviz_ogre_vendor/lib:/opt/ros/humble/lib/x86_64-linux-gnu:/opt/ros/humble/lib /usr/bin/cmake --install /home/sentry-nov/code/colcon_3/build/path_planning
[4.178s] Level 1:colcon.colcon_core.environment:create_environment_scripts_only(path_planning)
[4.178s] Level 1:colcon.colcon_core.environment:checking '/home/sentry-nov/code/colcon_3/install/path_planning' for CMake module files
[4.179s] DEBUG:colcon.colcon_core.event_handler.log_command:Invoked command in '/home/sentry-nov/code/colcon_3/build/path_planning' returned '0': CMAKE_PREFIX_PATH=/home/sentry-nov/code/colcon_3/install/rm_interface:/home/sentry-nov/code/colcon_3/install/debug_tools:/home/sentry-nov/code/colcon_3/install/tilted_lidar:/home/sentry-nov/code/colcon_3/install/rviz_plugin:/home/sentry-nov/code/colcon_3/install/robot_decision_system:/home/sentry-nov/code/colcon_3/install/rm_serial:/home/sentry-nov/code/colcon_3/install/rm_decision:/home/sentry-nov/code/colcon_3/install/motion_planning:/home/sentry-nov/code/colcon_3/install/path_planning:/home/sentry-nov/code/colcon_3/install/ikd_tree_mapping:/home/sentry-nov/code/colcon_3/install/point_lio:/home/sentry-nov/code/colcon_3/install/m_detector:/home/sentry-nov/code/colcon_3/install/fast_lio:/home/sentry-nov/code/colcon_3/install/livox_ros_driver2:/home/sentry-nov/code/colcon_3/install/icp_relocalization:/home/sentry-nov/code/colcon_3/install/altitude_map:/home/sentry-nov/code/colcon_3/install/auto_start:/opt/ros/humble LD_LIBRARY_PATH=/home/sentry-nov/code/colcon_3/install/rm_interface/lib:/home/sentry-nov/code/colcon_3/install/robot_decision_system/lib:/home/sentry-nov/code/colcon_3/install/path_planning/lib:/home/sentry-nov/code/colcon_3/install/m_detector/lib:/home/sentry-nov/code/colcon_3/install/fast_lio/lib:/home/sentry-nov/code/colcon_3/install/livox_ros_driver2/lib:/home/sentry-nov/code/colcon_3/install/altitude_map/lib:/usr/local/lib:/opt/ros/humble/opt/rviz_ogre_vendor/lib:/opt/ros/humble/lib/x86_64-linux-gnu:/opt/ros/humble/lib /usr/bin/cmake --install /home/sentry-nov/code/colcon_3/build/path_planning
[4.179s] Level 1:colcon.colcon_core.environment:checking '/home/sentry-nov/code/colcon_3/install/path_planning' for CMake config files
[4.179s] Level 1:colcon.colcon_core.shell:create_environment_hook('path_planning', 'cmake_prefix_path')
[4.180s] INFO:colcon.colcon_core.shell:Creating environment hook '/home/sentry-nov/code/colcon_3/install/path_planning/share/path_planning/hook/cmake_prefix_path.ps1'
[4.180s] INFO:colcon.colcon_core.shell:Creating environment descriptor '/home/sentry-nov/code/colcon_3/install/path_planning/share/path_planning/hook/cmake_prefix_path.dsv'
[4.180s] INFO:colcon.colcon_core.shell:Creating environment hook '/home/sentry-nov/code/colcon_3/install/path_planning/share/path_planning/hook/cmake_prefix_path.sh'
[4.181s] Level 1:colcon.colcon_core.environment:checking '/home/sentry-nov/code/colcon_3/install/path_planning/lib'
[4.181s] Level 1:colcon.colcon_core.shell:create_environment_hook('path_planning', 'ld_library_path_lib')
[4.181s] INFO:colcon.colcon_core.shell:Creating environment hook '/home/sentry-nov/code/colcon_3/install/path_planning/share/path_planning/hook/ld_library_path_lib.ps1'
[4.182s] INFO:colcon.colcon_core.shell:Creating environment descriptor '/home/sentry-nov/code/colcon_3/install/path_planning/share/path_planning/hook/ld_library_path_lib.dsv'
[4.182s] INFO:colcon.colcon_core.shell:Creating environment hook '/home/sentry-nov/code/colcon_3/install/path_planning/share/path_planning/hook/ld_library_path_lib.sh'
[4.182s] Level 1:colcon.colcon_core.environment:checking '/home/sentry-nov/code/colcon_3/install/path_planning/bin'
[4.182s] Level 1:colcon.colcon_core.environment:checking '/home/sentry-nov/code/colcon_3/install/path_planning/lib/pkgconfig/path_planning.pc'
[4.183s] Level 1:colcon.colcon_core.environment:checking '/home/sentry-nov/code/colcon_3/install/path_planning/lib/python3.10/site-packages'
[4.183s] Level 1:colcon.colcon_core.environment:checking '/home/sentry-nov/code/colcon_3/install/path_planning/bin'
[4.183s] INFO:colcon.colcon_core.shell:Creating package script '/home/sentry-nov/code/colcon_3/install/path_planning/share/path_planning/package.ps1'
[4.184s] INFO:colcon.colcon_core.shell:Creating package descriptor '/home/sentry-nov/code/colcon_3/install/path_planning/share/path_planning/package.dsv'
[4.184s] INFO:colcon.colcon_core.shell:Creating package script '/home/sentry-nov/code/colcon_3/install/path_planning/share/path_planning/package.sh'
[4.184s] INFO:colcon.colcon_core.shell:Creating package script '/home/sentry-nov/code/colcon_3/install/path_planning/share/path_planning/package.bash'
[4.185s] INFO:colcon.colcon_core.shell:Creating package script '/home/sentry-nov/code/colcon_3/install/path_planning/share/path_planning/package.zsh'
[4.185s] Level 1:colcon.colcon_core.environment:create_file_with_runtime_dependencies(/home/sentry-nov/code/colcon_3/install/path_planning/share/colcon-core/packages/path_planning)
[4.185s] Level 1:colcon.colcon_core.environment:create_environment_scripts_only(path_planning)
[4.186s] Level 1:colcon.colcon_core.environment:checking '/home/sentry-nov/code/colcon_3/install/path_planning' for CMake module files
[4.186s] Level 1:colcon.colcon_core.environment:checking '/home/sentry-nov/code/colcon_3/install/path_planning' for CMake config files
[4.186s] Level 1:colcon.colcon_core.shell:create_environment_hook('path_planning', 'cmake_prefix_path')
[4.186s] INFO:colcon.colcon_core.shell:Creating environment hook '/home/sentry-nov/code/colcon_3/install/path_planning/share/path_planning/hook/cmake_prefix_path.ps1'
[4.187s] INFO:colcon.colcon_core.shell:Creating environment descriptor '/home/sentry-nov/code/colcon_3/install/path_planning/share/path_planning/hook/cmake_prefix_path.dsv'
[4.187s] INFO:colcon.colcon_core.shell:Creating environment hook '/home/sentry-nov/code/colcon_3/install/path_planning/share/path_planning/hook/cmake_prefix_path.sh'
[4.188s] Level 1:colcon.colcon_core.environment:checking '/home/sentry-nov/code/colcon_3/install/path_planning/lib'
[4.188s] Level 1:colcon.colcon_core.shell:create_environment_hook('path_planning', 'ld_library_path_lib')
[4.188s] INFO:colcon.colcon_core.shell:Creating environment hook '/home/sentry-nov/code/colcon_3/install/path_planning/share/path_planning/hook/ld_library_path_lib.ps1'
[4.188s] INFO:colcon.colcon_core.shell:Creating environment descriptor '/home/sentry-nov/code/colcon_3/install/path_planning/share/path_planning/hook/ld_library_path_lib.dsv'
[4.188s] INFO:colcon.colcon_core.shell:Creating environment hook '/home/sentry-nov/code/colcon_3/install/path_planning/share/path_planning/hook/ld_library_path_lib.sh'
[4.189s] Level 1:colcon.colcon_core.environment:checking '/home/sentry-nov/code/colcon_3/install/path_planning/bin'
[4.189s] Level 1:colcon.colcon_core.environment:checking '/home/sentry-nov/code/colcon_3/install/path_planning/lib/pkgconfig/path_planning.pc'
[4.189s] Level 1:colcon.colcon_core.environment:checking '/home/sentry-nov/code/colcon_3/install/path_planning/lib/python3.10/site-packages'
[4.189s] Level 1:colcon.colcon_core.environment:checking '/home/sentry-nov/code/colcon_3/install/path_planning/bin'
[4.190s] INFO:colcon.colcon_core.shell:Creating package script '/home/sentry-nov/code/colcon_3/install/path_planning/share/path_planning/package.ps1'
[4.190s] INFO:colcon.colcon_core.shell:Creating package descriptor '/home/sentry-nov/code/colcon_3/install/path_planning/share/path_planning/package.dsv'
[4.190s] INFO:colcon.colcon_core.shell:Creating package script '/home/sentry-nov/code/colcon_3/install/path_planning/share/path_planning/package.sh'
[4.191s] INFO:colcon.colcon_core.shell:Creating package script '/home/sentry-nov/code/colcon_3/install/path_planning/share/path_planning/package.bash'
[4.191s] INFO:colcon.colcon_core.shell:Creating package script '/home/sentry-nov/code/colcon_3/install/path_planning/share/path_planning/package.zsh'
[4.191s] Level 1:colcon.colcon_core.environment:create_file_with_runtime_dependencies(/home/sentry-nov/code/colcon_3/install/path_planning/share/colcon-core/packages/path_planning)
[11.968s] DEBUG:colcon.colcon_core.event_handler.log_command:Invoked command in '/home/sentry-nov/code/colcon_3/build/rm_serial' returned '0': CMAKE_PREFIX_PATH=/home/sentry-nov/code/colcon_3/install/rm_interface:/home/sentry-nov/code/colcon_3/install/debug_tools:/home/sentry-nov/code/colcon_3/install/tilted_lidar:/home/sentry-nov/code/colcon_3/install/rviz_plugin:/home/sentry-nov/code/colcon_3/install/robot_decision_system:/home/sentry-nov/code/colcon_3/install/rm_serial:/home/sentry-nov/code/colcon_3/install/rm_decision:/home/sentry-nov/code/colcon_3/install/motion_planning:/home/sentry-nov/code/colcon_3/install/path_planning:/home/sentry-nov/code/colcon_3/install/ikd_tree_mapping:/home/sentry-nov/code/colcon_3/install/point_lio:/home/sentry-nov/code/colcon_3/install/m_detector:/home/sentry-nov/code/colcon_3/install/fast_lio:/home/sentry-nov/code/colcon_3/install/livox_ros_driver2:/home/sentry-nov/code/colcon_3/install/icp_relocalization:/home/sentry-nov/code/colcon_3/install/altitude_map:/home/sentry-nov/code/colcon_3/install/auto_start:/opt/ros/humble LD_LIBRARY_PATH=/home/sentry-nov/code/colcon_3/install/rm_interface/lib:/home/sentry-nov/code/colcon_3/install/robot_decision_system/lib:/home/sentry-nov/code/colcon_3/install/path_planning/lib:/home/sentry-nov/code/colcon_3/install/m_detector/lib:/home/sentry-nov/code/colcon_3/install/fast_lio/lib:/home/sentry-nov/code/colcon_3/install/livox_ros_driver2/lib:/home/sentry-nov/code/colcon_3/install/altitude_map/lib:/usr/local/lib:/opt/ros/humble/opt/rviz_ogre_vendor/lib:/opt/ros/humble/lib/x86_64-linux-gnu:/opt/ros/humble/lib /usr/bin/cmake --build /home/sentry-nov/code/colcon_3/build/rm_serial -- -j12 -l12
[11.970s] DEBUG:colcon.colcon_core.event_handler.log_command:Invoking command in '/home/sentry-nov/code/colcon_3/build/rm_serial': CMAKE_PREFIX_PATH=/home/sentry-nov/code/colcon_3/install/rm_interface:/home/sentry-nov/code/colcon_3/install/debug_tools:/home/sentry-nov/code/colcon_3/install/tilted_lidar:/home/sentry-nov/code/colcon_3/install/rviz_plugin:/home/sentry-nov/code/colcon_3/install/robot_decision_system:/home/sentry-nov/code/colcon_3/install/rm_serial:/home/sentry-nov/code/colcon_3/install/rm_decision:/home/sentry-nov/code/colcon_3/install/motion_planning:/home/sentry-nov/code/colcon_3/install/path_planning:/home/sentry-nov/code/colcon_3/install/ikd_tree_mapping:/home/sentry-nov/code/colcon_3/install/point_lio:/home/sentry-nov/code/colcon_3/install/m_detector:/home/sentry-nov/code/colcon_3/install/fast_lio:/home/sentry-nov/code/colcon_3/install/livox_ros_driver2:/home/sentry-nov/code/colcon_3/install/icp_relocalization:/home/sentry-nov/code/colcon_3/install/altitude_map:/home/sentry-nov/code/colcon_3/install/auto_start:/opt/ros/humble LD_LIBRARY_PATH=/home/sentry-nov/code/colcon_3/install/rm_interface/lib:/home/sentry-nov/code/colcon_3/install/robot_decision_system/lib:/home/sentry-nov/code/colcon_3/install/path_planning/lib:/home/sentry-nov/code/colcon_3/install/m_detector/lib:/home/sentry-nov/code/colcon_3/install/fast_lio/lib:/home/sentry-nov/code/colcon_3/install/livox_ros_driver2/lib:/home/sentry-nov/code/colcon_3/install/altitude_map/lib:/usr/local/lib:/opt/ros/humble/opt/rviz_ogre_vendor/lib:/opt/ros/humble/lib/x86_64-linux-gnu:/opt/ros/humble/lib /usr/bin/cmake --install /home/sentry-nov/code/colcon_3/build/rm_serial
[11.994s] Level 1:colcon.colcon_core.environment:create_environment_scripts_only(rm_serial)
[11.994s] Level 1:colcon.colcon_core.environment:checking '/home/sentry-nov/code/colcon_3/install/rm_serial' for CMake module files
[11.995s] DEBUG:colcon.colcon_core.event_handler.log_command:Invoked command in '/home/sentry-nov/code/colcon_3/build/rm_serial' returned '0': CMAKE_PREFIX_PATH=/home/sentry-nov/code/colcon_3/install/rm_interface:/home/sentry-nov/code/colcon_3/install/debug_tools:/home/sentry-nov/code/colcon_3/install/tilted_lidar:/home/sentry-nov/code/colcon_3/install/rviz_plugin:/home/sentry-nov/code/colcon_3/install/robot_decision_system:/home/sentry-nov/code/colcon_3/install/rm_serial:/home/sentry-nov/code/colcon_3/install/rm_decision:/home/sentry-nov/code/colcon_3/install/motion_planning:/home/sentry-nov/code/colcon_3/install/path_planning:/home/sentry-nov/code/colcon_3/install/ikd_tree_mapping:/home/sentry-nov/code/colcon_3/install/point_lio:/home/sentry-nov/code/colcon_3/install/m_detector:/home/sentry-nov/code/colcon_3/install/fast_lio:/home/sentry-nov/code/colcon_3/install/livox_ros_driver2:/home/sentry-nov/code/colcon_3/install/icp_relocalization:/home/sentry-nov/code/colcon_3/install/altitude_map:/home/sentry-nov/code/colcon_3/install/auto_start:/opt/ros/humble LD_LIBRARY_PATH=/home/sentry-nov/code/colcon_3/install/rm_interface/lib:/home/sentry-nov/code/colcon_3/install/robot_decision_system/lib:/home/sentry-nov/code/colcon_3/install/path_planning/lib:/home/sentry-nov/code/colcon_3/install/m_detector/lib:/home/sentry-nov/code/colcon_3/install/fast_lio/lib:/home/sentry-nov/code/colcon_3/install/livox_ros_driver2/lib:/home/sentry-nov/code/colcon_3/install/altitude_map/lib:/usr/local/lib:/opt/ros/humble/opt/rviz_ogre_vendor/lib:/opt/ros/humble/lib/x86_64-linux-gnu:/opt/ros/humble/lib /usr/bin/cmake --install /home/sentry-nov/code/colcon_3/build/rm_serial
[11.995s] Level 1:colcon.colcon_core.environment:checking '/home/sentry-nov/code/colcon_3/install/rm_serial' for CMake config files
[11.995s] Level 1:colcon.colcon_core.shell:create_environment_hook('rm_serial', 'cmake_prefix_path')
[11.996s] INFO:colcon.colcon_core.shell:Creating environment hook '/home/sentry-nov/code/colcon_3/install/rm_serial/share/rm_serial/hook/cmake_prefix_path.ps1'
[11.996s] INFO:colcon.colcon_core.shell:Creating environment descriptor '/home/sentry-nov/code/colcon_3/install/rm_serial/share/rm_serial/hook/cmake_prefix_path.dsv'
[11.996s] INFO:colcon.colcon_core.shell:Creating environment hook '/home/sentry-nov/code/colcon_3/install/rm_serial/share/rm_serial/hook/cmake_prefix_path.sh'
[11.997s] Level 1:colcon.colcon_core.environment:checking '/home/sentry-nov/code/colcon_3/install/rm_serial/lib'
[11.997s] Level 1:colcon.colcon_core.environment:checking '/home/sentry-nov/code/colcon_3/install/rm_serial/bin'
[11.997s] Level 1:colcon.colcon_core.environment:checking '/home/sentry-nov/code/colcon_3/install/rm_serial/lib/pkgconfig/rm_serial.pc'
[11.997s] Level 1:colcon.colcon_core.environment:checking '/home/sentry-nov/code/colcon_3/install/rm_serial/lib/python3.10/site-packages'
[11.997s] Level 1:colcon.colcon_core.environment:checking '/home/sentry-nov/code/colcon_3/install/rm_serial/bin'
[11.998s] INFO:colcon.colcon_core.shell:Creating package script '/home/sentry-nov/code/colcon_3/install/rm_serial/share/rm_serial/package.ps1'
[11.998s] INFO:colcon.colcon_core.shell:Creating package descriptor '/home/sentry-nov/code/colcon_3/install/rm_serial/share/rm_serial/package.dsv'
[11.998s] INFO:colcon.colcon_core.shell:Creating package script '/home/sentry-nov/code/colcon_3/install/rm_serial/share/rm_serial/package.sh'
[11.999s] INFO:colcon.colcon_core.shell:Creating package script '/home/sentry-nov/code/colcon_3/install/rm_serial/share/rm_serial/package.bash'
[11.999s] INFO:colcon.colcon_core.shell:Creating package script '/home/sentry-nov/code/colcon_3/install/rm_serial/share/rm_serial/package.zsh'
[12.000s] Level 1:colcon.colcon_core.environment:create_file_with_runtime_dependencies(/home/sentry-nov/code/colcon_3/install/rm_serial/share/colcon-core/packages/rm_serial)
[12.000s] Level 1:colcon.colcon_core.environment:create_environment_scripts_only(rm_serial)
[12.000s] Level 1:colcon.colcon_core.environment:checking '/home/sentry-nov/code/colcon_3/install/rm_serial' for CMake module files
[12.001s] Level 1:colcon.colcon_core.environment:checking '/home/sentry-nov/code/colcon_3/install/rm_serial' for CMake config files
[12.001s] Level 1:colcon.colcon_core.shell:create_environment_hook('rm_serial', 'cmake_prefix_path')
[12.001s] INFO:colcon.colcon_core.shell:Creating environment hook '/home/sentry-nov/code/colcon_3/install/rm_serial/share/rm_serial/hook/cmake_prefix_path.ps1'
[12.001s] INFO:colcon.colcon_core.shell:Creating environment descriptor '/home/sentry-nov/code/colcon_3/install/rm_serial/share/rm_serial/hook/cmake_prefix_path.dsv'
[12.002s] INFO:colcon.colcon_core.shell:Creating environment hook '/home/sentry-nov/code/colcon_3/install/rm_serial/share/rm_serial/hook/cmake_prefix_path.sh'
[12.002s] Level 1:colcon.colcon_core.environment:checking '/home/sentry-nov/code/colcon_3/install/rm_serial/lib'
[12.003s] Level 1:colcon.colcon_core.environment:checking '/home/sentry-nov/code/colcon_3/install/rm_serial/bin'
[12.003s] Level 1:colcon.colcon_core.environment:checking '/home/sentry-nov/code/colcon_3/install/rm_serial/lib/pkgconfig/rm_serial.pc'
[12.003s] Level 1:colcon.colcon_core.environment:checking '/home/sentry-nov/code/colcon_3/install/rm_serial/lib/python3.10/site-packages'
[12.003s] Level 1:colcon.colcon_core.environment:checking '/home/sentry-nov/code/colcon_3/install/rm_serial/bin'
[12.003s] INFO:colcon.colcon_core.shell:Creating package script '/home/sentry-nov/code/colcon_3/install/rm_serial/share/rm_serial/package.ps1'
[12.004s] INFO:colcon.colcon_core.shell:Creating package descriptor '/home/sentry-nov/code/colcon_3/install/rm_serial/share/rm_serial/package.dsv'
[12.004s] INFO:colcon.colcon_core.shell:Creating package script '/home/sentry-nov/code/colcon_3/install/rm_serial/share/rm_serial/package.sh'
[12.005s] INFO:colcon.colcon_core.shell:Creating package script '/home/sentry-nov/code/colcon_3/install/rm_serial/share/rm_serial/package.bash'
[12.006s] INFO:colcon.colcon_core.shell:Creating package script '/home/sentry-nov/code/colcon_3/install/rm_serial/share/rm_serial/package.zsh'
[12.006s] Level 1:colcon.colcon_core.environment:create_file_with_runtime_dependencies(/home/sentry-nov/code/colcon_3/install/rm_serial/share/colcon-core/packages/rm_serial)
[12.007s] DEBUG:colcon.colcon_parallel_executor.executor.parallel:closing loop
[12.007s] DEBUG:colcon.colcon_parallel_executor.executor.parallel:loop closed
[12.007s] DEBUG:colcon.colcon_parallel_executor.executor.parallel:run_until_complete finished with '0'
[12.008s] DEBUG:colcon.colcon_core.event_reactor:joining thread
[12.142s] INFO:colcon.colcon_core.plugin_system:Skipping extension 'colcon_notification.desktop_notification.terminal_notifier': Not used on non-Darwin systems
[12.142s] INFO:colcon.colcon_core.plugin_system:Skipping extension 'colcon_notification.desktop_notification.win32': Not used on non-Windows systems
[12.142s] INFO:colcon.colcon_notification.desktop_notification:Sending desktop notification using 'notify2'
[12.156s] DEBUG:colcon.colcon_core.event_reactor:joined thread
[12.157s] INFO:colcon.colcon_core.shell:Creating prefix script '/home/sentry-nov/code/colcon_3/install/local_setup.ps1'
[12.159s] INFO:colcon.colcon_core.shell:Creating prefix util module '/home/sentry-nov/code/colcon_3/install/_local_setup_util_ps1.py'
[12.162s] INFO:colcon.colcon_core.shell:Creating prefix chain script '/home/sentry-nov/code/colcon_3/install/setup.ps1'
[12.164s] INFO:colcon.colcon_core.shell:Creating prefix script '/home/sentry-nov/code/colcon_3/install/local_setup.sh'
[12.166s] INFO:colcon.colcon_core.shell:Creating prefix util module '/home/sentry-nov/code/colcon_3/install/_local_setup_util_sh.py'
[12.167s] INFO:colcon.colcon_core.shell:Creating prefix chain script '/home/sentry-nov/code/colcon_3/install/setup.sh'
[12.171s] INFO:colcon.colcon_core.shell:Creating prefix script '/home/sentry-nov/code/colcon_3/install/local_setup.bash'
[12.172s] INFO:colcon.colcon_core.shell:Creating prefix chain script '/home/sentry-nov/code/colcon_3/install/setup.bash'
[12.174s] INFO:colcon.colcon_core.shell:Creating prefix script '/home/sentry-nov/code/colcon_3/install/local_setup.zsh'
[12.176s] INFO:colcon.colcon_core.shell:Creating prefix chain script '/home/sentry-nov/code/colcon_3/install/setup.zsh'
