[0.019s] Invoking command in '/home/sentry-nov/code/colcon_3/build/motion_planning': CMAKE_PREFIX_PATH=/home/sentry-nov/code/colcon_3/install/path_planning:/home/sentry-nov/code/colcon_3/install/rm_interface:/home/sentry-nov/code/colcon_3/install/debug_tools:/home/sentry-nov/code/colcon_3/install/tilted_lidar:/home/sentry-nov/code/colcon_3/install/rviz_plugin:/home/sentry-nov/code/colcon_3/install/rm_serial:/home/sentry-nov/code/colcon_3/install/rm_decision:/home/sentry-nov/code/colcon_3/install/motion_planning:/home/sentry-nov/code/colcon_3/install/ikd_tree_mapping:/home/sentry-nov/code/colcon_3/install/point_lio:/home/sentry-nov/code/colcon_3/install/m_detector:/home/sentry-nov/code/colcon_3/install/fast_lio:/home/sentry-nov/code/colcon_3/install/livox_ros_driver2:/home/sentry-nov/code/colcon_3/install/icp_relocalization:/home/sentry-nov/code/colcon_3/install/altitude_map:/home/sentry-nov/code/colcon_3/install/behaviortree_cpp:/home/sentry-nov/code/colcon_3/install/auto_start:/opt/ros/humble /usr/bin/cmake --build /home/sentry-nov/code/colcon_3/build/motion_planning -- -j12 -l12
[0.087s] [35m[1mConsolidate compiler generated dependencies of target motion_planning_ros_node[0m
[0.103s] [ 40%] Built target motion_demo_node
[0.107s] gmake[2]: Warning: File '/home/sentry-nov/code/colcon_3/src/navigation/motion_planning/include/motion_planning/util/speed_tracker.h' has modification time 20665 s in the future
[0.122s] [ 60%] [32mBuilding CXX object CMakeFiles/motion_planning_ros_node.dir/src/motion_core_ros.cpp.o[0m
[0.122s] [ 80%] [32mBuilding CXX object CMakeFiles/motion_planning_ros_node.dir/src/motion_core.cpp.o[0m
[14.571s] [100%] [32m[1mLinking CXX executable motion_planning_ros_node[0m
[20.009s] gmake[2]: warning: Clock skew detected. Your build may be incomplete.
[20.019s] [100%] Built target motion_planning_ros_node
[20.034s] Invoked command in '/home/sentry-nov/code/colcon_3/build/motion_planning' returned '0': CMAKE_PREFIX_PATH=/home/sentry-nov/code/colcon_3/install/path_planning:/home/sentry-nov/code/colcon_3/install/rm_interface:/home/sentry-nov/code/colcon_3/install/debug_tools:/home/sentry-nov/code/colcon_3/install/tilted_lidar:/home/sentry-nov/code/colcon_3/install/rviz_plugin:/home/sentry-nov/code/colcon_3/install/rm_serial:/home/sentry-nov/code/colcon_3/install/rm_decision:/home/sentry-nov/code/colcon_3/install/motion_planning:/home/sentry-nov/code/colcon_3/install/ikd_tree_mapping:/home/sentry-nov/code/colcon_3/install/point_lio:/home/sentry-nov/code/colcon_3/install/m_detector:/home/sentry-nov/code/colcon_3/install/fast_lio:/home/sentry-nov/code/colcon_3/install/livox_ros_driver2:/home/sentry-nov/code/colcon_3/install/icp_relocalization:/home/sentry-nov/code/colcon_3/install/altitude_map:/home/sentry-nov/code/colcon_3/install/behaviortree_cpp:/home/sentry-nov/code/colcon_3/install/auto_start:/opt/ros/humble /usr/bin/cmake --build /home/sentry-nov/code/colcon_3/build/motion_planning -- -j12 -l12
[20.036s] Invoking command in '/home/sentry-nov/code/colcon_3/build/motion_planning': CMAKE_PREFIX_PATH=/home/sentry-nov/code/colcon_3/install/path_planning:/home/sentry-nov/code/colcon_3/install/rm_interface:/home/sentry-nov/code/colcon_3/install/debug_tools:/home/sentry-nov/code/colcon_3/install/tilted_lidar:/home/sentry-nov/code/colcon_3/install/rviz_plugin:/home/sentry-nov/code/colcon_3/install/rm_serial:/home/sentry-nov/code/colcon_3/install/rm_decision:/home/sentry-nov/code/colcon_3/install/motion_planning:/home/sentry-nov/code/colcon_3/install/ikd_tree_mapping:/home/sentry-nov/code/colcon_3/install/point_lio:/home/sentry-nov/code/colcon_3/install/m_detector:/home/sentry-nov/code/colcon_3/install/fast_lio:/home/sentry-nov/code/colcon_3/install/livox_ros_driver2:/home/sentry-nov/code/colcon_3/install/icp_relocalization:/home/sentry-nov/code/colcon_3/install/altitude_map:/home/sentry-nov/code/colcon_3/install/behaviortree_cpp:/home/sentry-nov/code/colcon_3/install/auto_start:/opt/ros/humble /usr/bin/cmake --install /home/sentry-nov/code/colcon_3/build/motion_planning
[20.046s] -- Install configuration: "Release"
[20.046s] -- Up-to-date: /home/sentry-nov/code/colcon_3/install/motion_planning/lib/motion_planning/motion_demo_node
[20.046s] -- Installing: /home/sentry-nov/code/colcon_3/install/motion_planning/lib/motion_planning/motion_planning_ros_node
[20.048s] -- Set runtime path of "/home/sentry-nov/code/colcon_3/install/motion_planning/lib/motion_planning/motion_planning_ros_node" to ""
[20.049s] -- Up-to-date: /home/sentry-nov/code/colcon_3/install/motion_planning/share/ament_index/resource_index/package_run_dependencies/motion_planning
[20.049s] -- Up-to-date: /home/sentry-nov/code/colcon_3/install/motion_planning/share/ament_index/resource_index/parent_prefix_path/motion_planning
[20.049s] -- Up-to-date: /home/sentry-nov/code/colcon_3/install/motion_planning/share/motion_planning/environment/ament_prefix_path.sh
[20.049s] -- Up-to-date: /home/sentry-nov/code/colcon_3/install/motion_planning/share/motion_planning/environment/ament_prefix_path.dsv
[20.049s] -- Up-to-date: /home/sentry-nov/code/colcon_3/install/motion_planning/share/motion_planning/environment/path.sh
[20.049s] -- Up-to-date: /home/sentry-nov/code/colcon_3/install/motion_planning/share/motion_planning/environment/path.dsv
[20.049s] -- Up-to-date: /home/sentry-nov/code/colcon_3/install/motion_planning/share/motion_planning/local_setup.bash
[20.049s] -- Up-to-date: /home/sentry-nov/code/colcon_3/install/motion_planning/share/motion_planning/local_setup.sh
[20.049s] -- Up-to-date: /home/sentry-nov/code/colcon_3/install/motion_planning/share/motion_planning/local_setup.zsh
[20.049s] -- Up-to-date: /home/sentry-nov/code/colcon_3/install/motion_planning/share/motion_planning/local_setup.dsv
[20.049s] -- Installing: /home/sentry-nov/code/colcon_3/install/motion_planning/share/motion_planning/package.dsv
[20.049s] -- Up-to-date: /home/sentry-nov/code/colcon_3/install/motion_planning/share/ament_index/resource_index/packages/motion_planning
[20.049s] -- Up-to-date: /home/sentry-nov/code/colcon_3/install/motion_planning/share/motion_planning/cmake/motion_planningConfig.cmake
[20.050s] -- Up-to-date: /home/sentry-nov/code/colcon_3/install/motion_planning/share/motion_planning/cmake/motion_planningConfig-version.cmake
[20.050s] -- Up-to-date: /home/sentry-nov/code/colcon_3/install/motion_planning/share/motion_planning/package.xml
[20.051s] Invoked command in '/home/sentry-nov/code/colcon_3/build/motion_planning' returned '0': CMAKE_PREFIX_PATH=/home/sentry-nov/code/colcon_3/install/path_planning:/home/sentry-nov/code/colcon_3/install/rm_interface:/home/sentry-nov/code/colcon_3/install/debug_tools:/home/sentry-nov/code/colcon_3/install/tilted_lidar:/home/sentry-nov/code/colcon_3/install/rviz_plugin:/home/sentry-nov/code/colcon_3/install/rm_serial:/home/sentry-nov/code/colcon_3/install/rm_decision:/home/sentry-nov/code/colcon_3/install/motion_planning:/home/sentry-nov/code/colcon_3/install/ikd_tree_mapping:/home/sentry-nov/code/colcon_3/install/point_lio:/home/sentry-nov/code/colcon_3/install/m_detector:/home/sentry-nov/code/colcon_3/install/fast_lio:/home/sentry-nov/code/colcon_3/install/livox_ros_driver2:/home/sentry-nov/code/colcon_3/install/icp_relocalization:/home/sentry-nov/code/colcon_3/install/altitude_map:/home/sentry-nov/code/colcon_3/install/behaviortree_cpp:/home/sentry-nov/code/colcon_3/install/auto_start:/opt/ros/humble /usr/bin/cmake --install /home/sentry-nov/code/colcon_3/build/motion_planning
