[  8%] Built target robot_decision_system__rosidl_generator_c
[ 11%] Built target robot_decision_system__cpp
[ 11%] Built target ament_cmake_python_copy_robot_decision_system
[ 20%] Built target robot_decision_system__rosidl_typesupport_introspection_c
[ 34%] Built target robot_decision_system__rosidl_typesupport_fastrtps_c
[ 37%] Built target robot_decision_system__rosidl_typesupport_c
[ 45%] Built target robot_decision_system__rosidl_typesupport_introspection_cpp
[ 54%] Built target robot_decision_system__rosidl_typesupport_cpp
[ 62%] Built target robot_decision_system__rosidl_typesupport_fastrtps_cpp
[ 62%] Built target robot_decision_system
[35m[1mConsolidate compiler generated dependencies of target robot_decision_blue[0m
[ 65%] Built target robot_decision_system__py
[ 71%] Built target robot_decision_red
[ 74%] [32mBuilding CXX object CMakeFiles/robot_decision_blue.dir/src/robot_decision_blue.cpp.o[0m
[ 80%] Built target robot_decision_system__rosidl_generator_py
[ 85%] Built target robot_decision_system__rosidl_typesupport_c__pyext
[ 97%] Built target robot_decision_system__rosidl_typesupport_introspection_c__pyext
[ 97%] Built target robot_decision_system__rosidl_typesupport_fastrtps_c__pyext
running egg_info
writing robot_decision_system.egg-info/PKG-INFO
writing dependency_links to robot_decision_system.egg-info/dependency_links.txt
writing top-level names to robot_decision_system.egg-info/top_level.txt
reading manifest file 'robot_decision_system.egg-info/SOURCES.txt'
writing manifest file 'robot_decision_system.egg-info/SOURCES.txt'
[ 97%] Built target ament_cmake_python_build_robot_decision_system_egg
[100%] [32m[1mLinking CXX executable robot_decision_blue[0m
[100%] Built target robot_decision_blue
-- Install configuration: ""
-- Up-to-date: /home/sentry-nov/code/colcon_3/install/robot_decision_system/share/ament_index/resource_index/rosidl_interfaces/robot_decision_system
-- Up-to-date: /home/sentry-nov/code/colcon_3/install/robot_decision_system/include/robot_decision_system/robot_decision_system
-- Up-to-date: /home/sentry-nov/code/colcon_3/install/robot_decision_system/include/robot_decision_system/robot_decision_system/srv
-- Up-to-date: /home/sentry-nov/code/colcon_3/install/robot_decision_system/include/robot_decision_system/robot_decision_system/srv/detail
-- Up-to-date: /home/sentry-nov/code/colcon_3/install/robot_decision_system/include/robot_decision_system/robot_decision_system/srv/detail/nav_srv__struct.h
-- Up-to-date: /home/sentry-nov/code/colcon_3/install/robot_decision_system/include/robot_decision_system/robot_decision_system/srv/detail/nav_srv__type_support.h
-- Up-to-date: /home/sentry-nov/code/colcon_3/install/robot_decision_system/include/robot_decision_system/robot_decision_system/srv/detail/nav_srv__functions.h
-- Up-to-date: /home/sentry-nov/code/colcon_3/install/robot_decision_system/include/robot_decision_system/robot_decision_system/srv/detail/nav_srv__functions.c
-- Up-to-date: /home/sentry-nov/code/colcon_3/install/robot_decision_system/include/robot_decision_system/robot_decision_system/srv/nav_srv.h
-- Up-to-date: /home/sentry-nov/code/colcon_3/install/robot_decision_system/include/robot_decision_system/robot_decision_system/msg
-- Up-to-date: /home/sentry-nov/code/colcon_3/install/robot_decision_system/include/robot_decision_system/robot_decision_system/msg/rosidl_generator_c__visibility_control.h
-- Up-to-date: /home/sentry-nov/code/colcon_3/install/robot_decision_system/share/robot_decision_system/environment/library_path.sh
-- Up-to-date: /home/sentry-nov/code/colcon_3/install/robot_decision_system/share/robot_decision_system/environment/library_path.dsv
-- Up-to-date: /home/sentry-nov/code/colcon_3/install/robot_decision_system/lib/librobot_decision_system__rosidl_generator_c.so
-- Up-to-date: /home/sentry-nov/code/colcon_3/install/robot_decision_system/include/robot_decision_system/robot_decision_system
-- Up-to-date: /home/sentry-nov/code/colcon_3/install/robot_decision_system/include/robot_decision_system/robot_decision_system/srv
-- Up-to-date: /home/sentry-nov/code/colcon_3/install/robot_decision_system/include/robot_decision_system/robot_decision_system/srv/detail
-- Up-to-date: /home/sentry-nov/code/colcon_3/install/robot_decision_system/include/robot_decision_system/robot_decision_system/srv/detail/nav_srv__rosidl_typesupport_fastrtps_c.h
-- Up-to-date: /home/sentry-nov/code/colcon_3/install/robot_decision_system/include/robot_decision_system/robot_decision_system/msg
-- Up-to-date: /home/sentry-nov/code/colcon_3/install/robot_decision_system/include/robot_decision_system/robot_decision_system/msg/rosidl_typesupport_fastrtps_c__visibility_control.h
-- Up-to-date: /home/sentry-nov/code/colcon_3/install/robot_decision_system/lib/librobot_decision_system__rosidl_typesupport_fastrtps_c.so
-- Up-to-date: /home/sentry-nov/code/colcon_3/install/robot_decision_system/include/robot_decision_system/robot_decision_system
-- Up-to-date: /home/sentry-nov/code/colcon_3/install/robot_decision_system/include/robot_decision_system/robot_decision_system/srv
-- Up-to-date: /home/sentry-nov/code/colcon_3/install/robot_decision_system/include/robot_decision_system/robot_decision_system/srv/detail
-- Up-to-date: /home/sentry-nov/code/colcon_3/install/robot_decision_system/include/robot_decision_system/robot_decision_system/srv/detail/nav_srv__type_support.hpp
-- Up-to-date: /home/sentry-nov/code/colcon_3/install/robot_decision_system/include/robot_decision_system/robot_decision_system/srv/detail/nav_srv__struct.hpp
-- Up-to-date: /home/sentry-nov/code/colcon_3/install/robot_decision_system/include/robot_decision_system/robot_decision_system/srv/detail/nav_srv__traits.hpp
-- Up-to-date: /home/sentry-nov/code/colcon_3/install/robot_decision_system/include/robot_decision_system/robot_decision_system/srv/detail/nav_srv__builder.hpp
-- Up-to-date: /home/sentry-nov/code/colcon_3/install/robot_decision_system/include/robot_decision_system/robot_decision_system/srv/nav_srv.hpp
-- Up-to-date: /home/sentry-nov/code/colcon_3/install/robot_decision_system/include/robot_decision_system/robot_decision_system/msg
-- Up-to-date: /home/sentry-nov/code/colcon_3/install/robot_decision_system/include/robot_decision_system/robot_decision_system/msg/rosidl_generator_cpp__visibility_control.hpp
-- Up-to-date: /home/sentry-nov/code/colcon_3/install/robot_decision_system/include/robot_decision_system/robot_decision_system
-- Up-to-date: /home/sentry-nov/code/colcon_3/install/robot_decision_system/include/robot_decision_system/robot_decision_system/srv
-- Up-to-date: /home/sentry-nov/code/colcon_3/install/robot_decision_system/include/robot_decision_system/robot_decision_system/srv/detail
-- Up-to-date: /home/sentry-nov/code/colcon_3/install/robot_decision_system/include/robot_decision_system/robot_decision_system/srv/detail/dds_fastrtps
-- Up-to-date: /home/sentry-nov/code/colcon_3/install/robot_decision_system/include/robot_decision_system/robot_decision_system/srv/detail/nav_srv__rosidl_typesupport_fastrtps_cpp.hpp
-- Up-to-date: /home/sentry-nov/code/colcon_3/install/robot_decision_system/include/robot_decision_system/robot_decision_system/msg
-- Up-to-date: /home/sentry-nov/code/colcon_3/install/robot_decision_system/include/robot_decision_system/robot_decision_system/msg/rosidl_typesupport_fastrtps_cpp__visibility_control.h
-- Up-to-date: /home/sentry-nov/code/colcon_3/install/robot_decision_system/lib/librobot_decision_system__rosidl_typesupport_fastrtps_cpp.so
-- Up-to-date: /home/sentry-nov/code/colcon_3/install/robot_decision_system/include/robot_decision_system/robot_decision_system
-- Up-to-date: /home/sentry-nov/code/colcon_3/install/robot_decision_system/include/robot_decision_system/robot_decision_system/srv
-- Up-to-date: /home/sentry-nov/code/colcon_3/install/robot_decision_system/include/robot_decision_system/robot_decision_system/srv/detail
-- Up-to-date: /home/sentry-nov/code/colcon_3/install/robot_decision_system/include/robot_decision_system/robot_decision_system/srv/detail/nav_srv__type_support.c
-- Up-to-date: /home/sentry-nov/code/colcon_3/install/robot_decision_system/include/robot_decision_system/robot_decision_system/srv/detail/nav_srv__rosidl_typesupport_introspection_c.h
-- Up-to-date: /home/sentry-nov/code/colcon_3/install/robot_decision_system/include/robot_decision_system/robot_decision_system/msg
-- Up-to-date: /home/sentry-nov/code/colcon_3/install/robot_decision_system/include/robot_decision_system/robot_decision_system/msg/rosidl_typesupport_introspection_c__visibility_control.h
-- Up-to-date: /home/sentry-nov/code/colcon_3/install/robot_decision_system/lib/librobot_decision_system__rosidl_typesupport_introspection_c.so
-- Up-to-date: /home/sentry-nov/code/colcon_3/install/robot_decision_system/lib/librobot_decision_system__rosidl_typesupport_c.so
-- Up-to-date: /home/sentry-nov/code/colcon_3/install/robot_decision_system/include/robot_decision_system/robot_decision_system
-- Up-to-date: /home/sentry-nov/code/colcon_3/install/robot_decision_system/include/robot_decision_system/robot_decision_system/srv
-- Up-to-date: /home/sentry-nov/code/colcon_3/install/robot_decision_system/include/robot_decision_system/robot_decision_system/srv/detail
-- Up-to-date: /home/sentry-nov/code/colcon_3/install/robot_decision_system/include/robot_decision_system/robot_decision_system/srv/detail/nav_srv__type_support.cpp
-- Up-to-date: /home/sentry-nov/code/colcon_3/install/robot_decision_system/include/robot_decision_system/robot_decision_system/srv/detail/nav_srv__rosidl_typesupport_introspection_cpp.hpp
-- Up-to-date: /home/sentry-nov/code/colcon_3/install/robot_decision_system/lib/librobot_decision_system__rosidl_typesupport_introspection_cpp.so
-- Up-to-date: /home/sentry-nov/code/colcon_3/install/robot_decision_system/lib/librobot_decision_system__rosidl_typesupport_cpp.so
-- Up-to-date: /home/sentry-nov/code/colcon_3/install/robot_decision_system/share/robot_decision_system/environment/pythonpath.sh
-- Up-to-date: /home/sentry-nov/code/colcon_3/install/robot_decision_system/share/robot_decision_system/environment/pythonpath.dsv
-- Up-to-date: /home/sentry-nov/code/colcon_3/install/robot_decision_system/local/lib/python3.10/dist-packages/robot_decision_system-0.0.0-py3.10.egg-info
-- Installing: /home/sentry-nov/code/colcon_3/install/robot_decision_system/local/lib/python3.10/dist-packages/robot_decision_system-0.0.0-py3.10.egg-info/top_level.txt
-- Installing: /home/sentry-nov/code/colcon_3/install/robot_decision_system/local/lib/python3.10/dist-packages/robot_decision_system-0.0.0-py3.10.egg-info/dependency_links.txt
-- Installing: /home/sentry-nov/code/colcon_3/install/robot_decision_system/local/lib/python3.10/dist-packages/robot_decision_system-0.0.0-py3.10.egg-info/PKG-INFO
-- Installing: /home/sentry-nov/code/colcon_3/install/robot_decision_system/local/lib/python3.10/dist-packages/robot_decision_system-0.0.0-py3.10.egg-info/SOURCES.txt
-- Up-to-date: /home/sentry-nov/code/colcon_3/install/robot_decision_system/local/lib/python3.10/dist-packages/robot_decision_system
-- Up-to-date: /home/sentry-nov/code/colcon_3/install/robot_decision_system/local/lib/python3.10/dist-packages/robot_decision_system/robot_decision_system_s__rosidl_typesupport_c.cpython-310-x86_64-linux-gnu.so
-- Up-to-date: /home/sentry-nov/code/colcon_3/install/robot_decision_system/local/lib/python3.10/dist-packages/robot_decision_system/robot_decision_system_s__rosidl_typesupport_introspection_c.cpython-310-x86_64-linux-gnu.so
-- Up-to-date: /home/sentry-nov/code/colcon_3/install/robot_decision_system/local/lib/python3.10/dist-packages/robot_decision_system/srv
-- Up-to-date: /home/sentry-nov/code/colcon_3/install/robot_decision_system/local/lib/python3.10/dist-packages/robot_decision_system/srv/_nav_srv_s.c
-- Up-to-date: /home/sentry-nov/code/colcon_3/install/robot_decision_system/local/lib/python3.10/dist-packages/robot_decision_system/srv/_nav_srv.py
-- Up-to-date: /home/sentry-nov/code/colcon_3/install/robot_decision_system/local/lib/python3.10/dist-packages/robot_decision_system/srv/__init__.py
-- Up-to-date: /home/sentry-nov/code/colcon_3/install/robot_decision_system/local/lib/python3.10/dist-packages/robot_decision_system/_robot_decision_system_s.ep.rosidl_typesupport_introspection_c.c
-- Up-to-date: /home/sentry-nov/code/colcon_3/install/robot_decision_system/local/lib/python3.10/dist-packages/robot_decision_system/_robot_decision_system_s.ep.rosidl_typesupport_c.c
-- Up-to-date: /home/sentry-nov/code/colcon_3/install/robot_decision_system/local/lib/python3.10/dist-packages/robot_decision_system/robot_decision_system_s__rosidl_typesupport_fastrtps_c.cpython-310-x86_64-linux-gnu.so
-- Up-to-date: /home/sentry-nov/code/colcon_3/install/robot_decision_system/local/lib/python3.10/dist-packages/robot_decision_system/__init__.py
-- Up-to-date: /home/sentry-nov/code/colcon_3/install/robot_decision_system/local/lib/python3.10/dist-packages/robot_decision_system/_robot_decision_system_s.ep.rosidl_typesupport_fastrtps_c.c
-- Up-to-date: /home/sentry-nov/code/colcon_3/install/robot_decision_system/local/lib/python3.10/dist-packages/robot_decision_system/librobot_decision_system__rosidl_generator_py.so
Listing '/home/sentry-nov/code/colcon_3/install/robot_decision_system/local/lib/python3.10/dist-packages/robot_decision_system'...
Listing '/home/sentry-nov/code/colcon_3/install/robot_decision_system/local/lib/python3.10/dist-packages/robot_decision_system/srv'...
-- Up-to-date: /home/sentry-nov/code/colcon_3/install/robot_decision_system/local/lib/python3.10/dist-packages/robot_decision_system/robot_decision_system_s__rosidl_typesupport_fastrtps_c.cpython-310-x86_64-linux-gnu.so
-- Up-to-date: /home/sentry-nov/code/colcon_3/install/robot_decision_system/local/lib/python3.10/dist-packages/robot_decision_system/robot_decision_system_s__rosidl_typesupport_introspection_c.cpython-310-x86_64-linux-gnu.so
-- Up-to-date: /home/sentry-nov/code/colcon_3/install/robot_decision_system/local/lib/python3.10/dist-packages/robot_decision_system/robot_decision_system_s__rosidl_typesupport_c.cpython-310-x86_64-linux-gnu.so
-- Up-to-date: /home/sentry-nov/code/colcon_3/install/robot_decision_system/lib/librobot_decision_system__rosidl_generator_py.so
-- Up-to-date: /home/sentry-nov/code/colcon_3/install/robot_decision_system/share/robot_decision_system/srv/NavSrv.idl
-- Up-to-date: /home/sentry-nov/code/colcon_3/install/robot_decision_system/share/robot_decision_system/srv/NavSrv.srv
-- Up-to-date: /home/sentry-nov/code/colcon_3/install/robot_decision_system/share/robot_decision_system/srv/NavSrv_Request.msg
-- Up-to-date: /home/sentry-nov/code/colcon_3/install/robot_decision_system/share/robot_decision_system/srv/NavSrv_Response.msg
-- Installing: /home/sentry-nov/code/colcon_3/install/robot_decision_system/lib/robot_decision_system/robot_decision_blue
-- Set runtime path of "/home/sentry-nov/code/colcon_3/install/robot_decision_system/lib/robot_decision_system/robot_decision_blue" to ""
-- Up-to-date: /home/sentry-nov/code/colcon_3/install/robot_decision_system/lib/robot_decision_system/robot_decision_red
-- Up-to-date: /home/sentry-nov/code/colcon_3/install/robot_decision_system/share/ament_index/resource_index/package_run_dependencies/robot_decision_system
-- Up-to-date: /home/sentry-nov/code/colcon_3/install/robot_decision_system/share/ament_index/resource_index/parent_prefix_path/robot_decision_system
-- Up-to-date: /home/sentry-nov/code/colcon_3/install/robot_decision_system/share/robot_decision_system/environment/ament_prefix_path.sh
-- Up-to-date: /home/sentry-nov/code/colcon_3/install/robot_decision_system/share/robot_decision_system/environment/ament_prefix_path.dsv
-- Up-to-date: /home/sentry-nov/code/colcon_3/install/robot_decision_system/share/robot_decision_system/environment/path.sh
-- Up-to-date: /home/sentry-nov/code/colcon_3/install/robot_decision_system/share/robot_decision_system/environment/path.dsv
-- Up-to-date: /home/sentry-nov/code/colcon_3/install/robot_decision_system/share/robot_decision_system/local_setup.bash
-- Up-to-date: /home/sentry-nov/code/colcon_3/install/robot_decision_system/share/robot_decision_system/local_setup.sh
-- Up-to-date: /home/sentry-nov/code/colcon_3/install/robot_decision_system/share/robot_decision_system/local_setup.zsh
-- Up-to-date: /home/sentry-nov/code/colcon_3/install/robot_decision_system/share/robot_decision_system/local_setup.dsv
-- Installing: /home/sentry-nov/code/colcon_3/install/robot_decision_system/share/robot_decision_system/package.dsv
-- Up-to-date: /home/sentry-nov/code/colcon_3/install/robot_decision_system/share/ament_index/resource_index/packages/robot_decision_system
-- Up-to-date: /home/sentry-nov/code/colcon_3/install/robot_decision_system/share/robot_decision_system/cmake/export_robot_decision_system__rosidl_generator_cExport.cmake
-- Up-to-date: /home/sentry-nov/code/colcon_3/install/robot_decision_system/share/robot_decision_system/cmake/export_robot_decision_system__rosidl_generator_cExport-noconfig.cmake
-- Up-to-date: /home/sentry-nov/code/colcon_3/install/robot_decision_system/share/robot_decision_system/cmake/export_robot_decision_system__rosidl_typesupport_fastrtps_cExport.cmake
-- Up-to-date: /home/sentry-nov/code/colcon_3/install/robot_decision_system/share/robot_decision_system/cmake/export_robot_decision_system__rosidl_typesupport_fastrtps_cExport-noconfig.cmake
-- Up-to-date: /home/sentry-nov/code/colcon_3/install/robot_decision_system/share/robot_decision_system/cmake/export_robot_decision_system__rosidl_generator_cppExport.cmake
-- Up-to-date: /home/sentry-nov/code/colcon_3/install/robot_decision_system/share/robot_decision_system/cmake/export_robot_decision_system__rosidl_typesupport_fastrtps_cppExport.cmake
-- Up-to-date: /home/sentry-nov/code/colcon_3/install/robot_decision_system/share/robot_decision_system/cmake/export_robot_decision_system__rosidl_typesupport_fastrtps_cppExport-noconfig.cmake
-- Up-to-date: /home/sentry-nov/code/colcon_3/install/robot_decision_system/share/robot_decision_system/cmake/robot_decision_system__rosidl_typesupport_introspection_cExport.cmake
-- Up-to-date: /home/sentry-nov/code/colcon_3/install/robot_decision_system/share/robot_decision_system/cmake/robot_decision_system__rosidl_typesupport_introspection_cExport-noconfig.cmake
-- Up-to-date: /home/sentry-nov/code/colcon_3/install/robot_decision_system/share/robot_decision_system/cmake/robot_decision_system__rosidl_typesupport_cExport.cmake
-- Up-to-date: /home/sentry-nov/code/colcon_3/install/robot_decision_system/share/robot_decision_system/cmake/robot_decision_system__rosidl_typesupport_cExport-noconfig.cmake
-- Up-to-date: /home/sentry-nov/code/colcon_3/install/robot_decision_system/share/robot_decision_system/cmake/robot_decision_system__rosidl_typesupport_introspection_cppExport.cmake
-- Up-to-date: /home/sentry-nov/code/colcon_3/install/robot_decision_system/share/robot_decision_system/cmake/robot_decision_system__rosidl_typesupport_introspection_cppExport-noconfig.cmake
-- Up-to-date: /home/sentry-nov/code/colcon_3/install/robot_decision_system/share/robot_decision_system/cmake/robot_decision_system__rosidl_typesupport_cppExport.cmake
-- Up-to-date: /home/sentry-nov/code/colcon_3/install/robot_decision_system/share/robot_decision_system/cmake/robot_decision_system__rosidl_typesupport_cppExport-noconfig.cmake
-- Up-to-date: /home/sentry-nov/code/colcon_3/install/robot_decision_system/share/robot_decision_system/cmake/export_robot_decision_system__rosidl_generator_pyExport.cmake
-- Up-to-date: /home/sentry-nov/code/colcon_3/install/robot_decision_system/share/robot_decision_system/cmake/export_robot_decision_system__rosidl_generator_pyExport-noconfig.cmake
-- Up-to-date: /home/sentry-nov/code/colcon_3/install/robot_decision_system/share/robot_decision_system/cmake/rosidl_cmake-extras.cmake
-- Up-to-date: /home/sentry-nov/code/colcon_3/install/robot_decision_system/share/robot_decision_system/cmake/ament_cmake_export_include_directories-extras.cmake
-- Up-to-date: /home/sentry-nov/code/colcon_3/install/robot_decision_system/share/robot_decision_system/cmake/ament_cmake_export_libraries-extras.cmake
-- Up-to-date: /home/sentry-nov/code/colcon_3/install/robot_decision_system/share/robot_decision_system/cmake/ament_cmake_export_targets-extras.cmake
-- Up-to-date: /home/sentry-nov/code/colcon_3/install/robot_decision_system/share/robot_decision_system/cmake/rosidl_cmake_export_typesupport_targets-extras.cmake
-- Up-to-date: /home/sentry-nov/code/colcon_3/install/robot_decision_system/share/robot_decision_system/cmake/ament_cmake_export_dependencies-extras.cmake
-- Up-to-date: /home/sentry-nov/code/colcon_3/install/robot_decision_system/share/robot_decision_system/cmake/rosidl_cmake_export_typesupport_libraries-extras.cmake
-- Up-to-date: /home/sentry-nov/code/colcon_3/install/robot_decision_system/share/robot_decision_system/cmake/robot_decision_systemConfig.cmake
-- Up-to-date: /home/sentry-nov/code/colcon_3/install/robot_decision_system/share/robot_decision_system/cmake/robot_decision_systemConfig-version.cmake
-- Up-to-date: /home/sentry-nov/code/colcon_3/install/robot_decision_system/share/robot_decision_system/package.xml
