[0.042s] Invoking command in '/home/sentry-nov/code/colcon_3/build/path_motion_planning': CMAKE_PREFIX_PATH=/home/sentry-nov/code/colcon_3/install/rm_interface:/home/sentry-nov/code/colcon_3/install/debug_tools:/home/sentry-nov/code/colcon_3/install/tilted_lidar:/home/sentry-nov/code/colcon_3/install/rviz_plugin:/home/sentry-nov/code/colcon_3/install/robot_decision_system:/home/sentry-nov/code/colcon_3/install/rm_serial:/home/sentry-nov/code/colcon_3/install/rm_decision_system:/home/sentry-nov/code/colcon_3/install/rm_decision:/home/sentry-nov/code/colcon_3/install/motion_planning:/home/sentry-nov/code/colcon_3/install/path_planning:/home/sentry-nov/code/colcon_3/install/path_motion_planning:/home/sentry-nov/code/colcon_3/install/ikd_tree_mapping:/home/sentry-nov/code/colcon_3/install/point_lio:/home/sentry-nov/code/colcon_3/install/m_detector:/home/sentry-nov/code/colcon_3/install/fast_lio:/home/sentry-nov/code/colcon_3/install/livox_ros_driver2:/home/sentry-nov/code/colcon_3/install/icp_relocalization:/home/sentry-nov/code/colcon_3/install/altitude_map:/home/sentry-nov/code/colcon_3/install/auto_start:/opt/ros/humble LD_LIBRARY_PATH=/home/sentry-nov/code/colcon_3/install/rm_interface/lib:/home/sentry-nov/code/colcon_3/install/robot_decision_system/lib:/home/sentry-nov/code/colcon_3/install/rm_decision_system/lib:/home/sentry-nov/code/colcon_3/install/path_planning/lib:/home/sentry-nov/code/colcon_3/install/path_motion_planning/lib:/home/sentry-nov/code/colcon_3/install/m_detector/lib:/home/sentry-nov/code/colcon_3/install/fast_lio/lib:/home/sentry-nov/code/colcon_3/install/livox_ros_driver2/lib:/home/sentry-nov/code/colcon_3/install/altitude_map/lib:/usr/local/lib:/opt/ros/humble/opt/rviz_ogre_vendor/lib:/opt/ros/humble/lib/x86_64-linux-gnu:/opt/ros/humble/lib /usr/bin/cmake --build /home/sentry-nov/code/colcon_3/build/path_motion_planning -- -j12 -l12
[0.175s] [  9%] Built target test_based_node
[0.177s] [ 19%] Built target test_virtual_speed_node
[0.177s] [35m[1mConsolidate compiler generated dependencies of target path_motion_planning[0m
[0.344s] gmake[2]: Warning: File '/home/sentry-nov/code/colcon_3/src/navigation/path_motion_planning/include/path_motion_planning/nav_core/nav_core.h' has modification time 25260 s in the future
[0.359s] [ 23%] [32mBuilding CXX object CMakeFiles/path_motion_planning.dir/src/nav_core/nav_core.cpp.o[0m
[0.361s] [ 33%] [32mBuilding CXX object CMakeFiles/path_motion_planning.dir/src/nav_core/nav_global.cpp.o[0m
[0.361s] [ 33%] [32mBuilding CXX object CMakeFiles/path_motion_planning.dir/src/nav_core/nav_local.cpp.o[0m
[0.363s] [ 38%] [32mBuilding CXX object CMakeFiles/path_motion_planning.dir/src/nav_core/nav_local_track.cpp.o[0m
[0.364s] [ 42%] [32mBuilding CXX object CMakeFiles/path_motion_planning.dir/src/nav_core/nav_gl.cpp.o[0m
[7.339s] [ 47%] [32m[1mLinking CXX shared library libpath_motion_planning.so[0m
[8.080s] gmake[2]: warning: Clock skew detected. Your build may be incomplete.
[8.093s] [ 71%] Built target path_motion_planning
[8.123s] [35m[1mConsolidate compiler generated dependencies of target nav_global_ros_node[0m
[8.125s] [35m[1mConsolidate compiler generated dependencies of target nav_local_ros_node[0m
[8.129s] [35m[1mConsolidate compiler generated dependencies of target nav_gl_ros_node[0m
[8.161s] gmake[2]: Warning: File '/home/sentry-nov/code/colcon_3/src/navigation/path_motion_planning/include/path_motion_planning/nav_core/nav_local_base.hpp' has modification time 15566 s in the future
[8.162s] gmake[2]: Warning: File '/home/sentry-nov/code/colcon_3/src/navigation/path_motion_planning/include/path_motion_planning/nav_core/nav_global.h' has modification time 16144 s in the future
[8.164s] gmake[2]: Warning: File '/home/sentry-nov/code/colcon_3/src/navigation/path_motion_planning/include/path_motion_planning/nav_core/nav_local_base.hpp' has modification time 15566 s in the future
[8.176s] [ 76%] [32mBuilding CXX object CMakeFiles/nav_global_ros_node.dir/src/nav_core/nav_global_ros.cpp.o[0m
[8.179s] [ 80%] [32mBuilding CXX object CMakeFiles/nav_gl_ros_node.dir/src/nav_core/nav_gl_ros.cpp.o[0m
[8.182s] [ 85%] [32mBuilding CXX object CMakeFiles/nav_local_ros_node.dir/src/nav_core/nav_local_ros.cpp.o[0m
[24.662s] [ 90%] [32m[1mLinking CXX executable nav_global_ros_node[0m
[25.649s] gmake[2]: warning: Clock skew detected. Your build may be incomplete.
[25.661s] [ 90%] Built target nav_global_ros_node
[36.745s] [ 95%] [32m[1mLinking CXX executable nav_local_ros_node[0m
[37.479s] [100%] [32m[1mLinking CXX executable nav_gl_ros_node[0m
[37.713s] gmake[2]: warning: Clock skew detected. Your build may be incomplete.
[37.725s] [100%] Built target nav_local_ros_node
[38.462s] gmake[2]: warning: Clock skew detected. Your build may be incomplete.
[38.476s] [100%] Built target nav_gl_ros_node
[38.492s] Invoked command in '/home/sentry-nov/code/colcon_3/build/path_motion_planning' returned '0': CMAKE_PREFIX_PATH=/home/sentry-nov/code/colcon_3/install/rm_interface:/home/sentry-nov/code/colcon_3/install/debug_tools:/home/sentry-nov/code/colcon_3/install/tilted_lidar:/home/sentry-nov/code/colcon_3/install/rviz_plugin:/home/sentry-nov/code/colcon_3/install/robot_decision_system:/home/sentry-nov/code/colcon_3/install/rm_serial:/home/sentry-nov/code/colcon_3/install/rm_decision_system:/home/sentry-nov/code/colcon_3/install/rm_decision:/home/sentry-nov/code/colcon_3/install/motion_planning:/home/sentry-nov/code/colcon_3/install/path_planning:/home/sentry-nov/code/colcon_3/install/path_motion_planning:/home/sentry-nov/code/colcon_3/install/ikd_tree_mapping:/home/sentry-nov/code/colcon_3/install/point_lio:/home/sentry-nov/code/colcon_3/install/m_detector:/home/sentry-nov/code/colcon_3/install/fast_lio:/home/sentry-nov/code/colcon_3/install/livox_ros_driver2:/home/sentry-nov/code/colcon_3/install/icp_relocalization:/home/sentry-nov/code/colcon_3/install/altitude_map:/home/sentry-nov/code/colcon_3/install/auto_start:/opt/ros/humble LD_LIBRARY_PATH=/home/sentry-nov/code/colcon_3/install/rm_interface/lib:/home/sentry-nov/code/colcon_3/install/robot_decision_system/lib:/home/sentry-nov/code/colcon_3/install/rm_decision_system/lib:/home/sentry-nov/code/colcon_3/install/path_planning/lib:/home/sentry-nov/code/colcon_3/install/path_motion_planning/lib:/home/sentry-nov/code/colcon_3/install/m_detector/lib:/home/sentry-nov/code/colcon_3/install/fast_lio/lib:/home/sentry-nov/code/colcon_3/install/livox_ros_driver2/lib:/home/sentry-nov/code/colcon_3/install/altitude_map/lib:/usr/local/lib:/opt/ros/humble/opt/rviz_ogre_vendor/lib:/opt/ros/humble/lib/x86_64-linux-gnu:/opt/ros/humble/lib /usr/bin/cmake --build /home/sentry-nov/code/colcon_3/build/path_motion_planning -- -j12 -l12
[38.494s] Invoking command in '/home/sentry-nov/code/colcon_3/build/path_motion_planning': CMAKE_PREFIX_PATH=/home/sentry-nov/code/colcon_3/install/rm_interface:/home/sentry-nov/code/colcon_3/install/debug_tools:/home/sentry-nov/code/colcon_3/install/tilted_lidar:/home/sentry-nov/code/colcon_3/install/rviz_plugin:/home/sentry-nov/code/colcon_3/install/robot_decision_system:/home/sentry-nov/code/colcon_3/install/rm_serial:/home/sentry-nov/code/colcon_3/install/rm_decision_system:/home/sentry-nov/code/colcon_3/install/rm_decision:/home/sentry-nov/code/colcon_3/install/motion_planning:/home/sentry-nov/code/colcon_3/install/path_planning:/home/sentry-nov/code/colcon_3/install/path_motion_planning:/home/sentry-nov/code/colcon_3/install/ikd_tree_mapping:/home/sentry-nov/code/colcon_3/install/point_lio:/home/sentry-nov/code/colcon_3/install/m_detector:/home/sentry-nov/code/colcon_3/install/fast_lio:/home/sentry-nov/code/colcon_3/install/livox_ros_driver2:/home/sentry-nov/code/colcon_3/install/icp_relocalization:/home/sentry-nov/code/colcon_3/install/altitude_map:/home/sentry-nov/code/colcon_3/install/auto_start:/opt/ros/humble LD_LIBRARY_PATH=/home/sentry-nov/code/colcon_3/install/rm_interface/lib:/home/sentry-nov/code/colcon_3/install/robot_decision_system/lib:/home/sentry-nov/code/colcon_3/install/rm_decision_system/lib:/home/sentry-nov/code/colcon_3/install/path_planning/lib:/home/sentry-nov/code/colcon_3/install/path_motion_planning/lib:/home/sentry-nov/code/colcon_3/install/m_detector/lib:/home/sentry-nov/code/colcon_3/install/fast_lio/lib:/home/sentry-nov/code/colcon_3/install/livox_ros_driver2/lib:/home/sentry-nov/code/colcon_3/install/altitude_map/lib:/usr/local/lib:/opt/ros/humble/opt/rviz_ogre_vendor/lib:/opt/ros/humble/lib/x86_64-linux-gnu:/opt/ros/humble/lib /usr/bin/cmake --install /home/sentry-nov/code/colcon_3/build/path_motion_planning
[38.507s] -- Install configuration: "Release"
[38.509s] -- Installing: /home/sentry-nov/code/colcon_3/install/path_motion_planning/lib/libpath_motion_planning.so
[38.510s] -- Set runtime path of "/home/sentry-nov/code/colcon_3/install/path_motion_planning/lib/libpath_motion_planning.so" to ""
[38.510s] -- Up-to-date: /home/sentry-nov/code/colcon_3/install/path_motion_planning/share/path_motion_planning/environment/library_path.sh
[38.510s] -- Up-to-date: /home/sentry-nov/code/colcon_3/install/path_motion_planning/share/path_motion_planning/environment/library_path.dsv
[38.511s] -- Up-to-date: /home/sentry-nov/code/colcon_3/install/path_motion_planning/include
[38.511s] -- Up-to-date: /home/sentry-nov/code/colcon_3/install/path_motion_planning/include/path_motion_planning
[38.511s] -- Up-to-date: /home/sentry-nov/code/colcon_3/install/path_motion_planning/include/path_motion_planning/util
[38.512s] -- Up-to-date: /home/sentry-nov/code/colcon_3/install/path_motion_planning/include/path_motion_planning/util/group_runner.h
[38.512s] -- Up-to-date: /home/sentry-nov/code/colcon_3/install/path_motion_planning/include/path_motion_planning/util/vis_ros.h
[38.512s] -- Up-to-date: /home/sentry-nov/code/colcon_3/install/path_motion_planning/include/path_motion_planning/util/vel_estimator.h
[38.512s] -- Up-to-date: /home/sentry-nov/code/colcon_3/install/path_motion_planning/include/path_motion_planning/nav_core
[38.512s] -- Up-to-date: /home/sentry-nov/code/colcon_3/install/path_motion_planning/include/path_motion_planning/nav_core/nav_core.h
[38.512s] -- Up-to-date: /home/sentry-nov/code/colcon_3/install/path_motion_planning/include/path_motion_planning/nav_core/nav_local_track.h
[38.512s] -- Up-to-date: /home/sentry-nov/code/colcon_3/install/path_motion_planning/include/path_motion_planning/nav_core/nav_local.h
[38.512s] -- Up-to-date: /home/sentry-nov/code/colcon_3/install/path_motion_planning/include/path_motion_planning/nav_core/nav_global.h
[38.512s] -- Up-to-date: /home/sentry-nov/code/colcon_3/install/path_motion_planning/include/path_motion_planning/nav_core/nav_local_ros.hpp
[38.512s] -- Up-to-date: /home/sentry-nov/code/colcon_3/install/path_motion_planning/include/path_motion_planning/nav_core/nav_gl_ros.hpp
[38.512s] -- Up-to-date: /home/sentry-nov/code/colcon_3/install/path_motion_planning/include/path_motion_planning/nav_core/nav_local_base.hpp
[38.512s] -- Up-to-date: /home/sentry-nov/code/colcon_3/install/path_motion_planning/include/path_motion_planning/nav_core/nav_gl.h
[38.513s] -- Up-to-date: /home/sentry-nov/code/colcon_3/install/path_motion_planning/include/path_motion_planning/motion
[38.513s] -- Up-to-date: /home/sentry-nov/code/colcon_3/install/path_motion_planning/include/path_motion_planning/motion/tracker.h
[38.513s] -- Up-to-date: /home/sentry-nov/code/colcon_3/install/path_motion_planning/include/path_motion_planning/motion/controller.h
[38.513s] -- Up-to-date: /home/sentry-nov/code/colcon_3/install/path_motion_planning/include/path_motion_planning/path_searcher
[38.513s] -- Up-to-date: /home/sentry-nov/code/colcon_3/install/path_motion_planning/include/path_motion_planning/path_searcher/path_searcher.h
[38.513s] -- Up-to-date: /home/sentry-nov/code/colcon_3/install/path_motion_planning/include/path_motion_planning/path_searcher/theta_star_explored.h
[38.513s] -- Up-to-date: /home/sentry-nov/code/colcon_3/install/path_motion_planning/include/path_motion_planning/path_searcher/theta_star_track.h
[38.513s] -- Up-to-date: /home/sentry-nov/code/colcon_3/install/path_motion_planning/include/path_motion_planning/path_searcher/theta_star.h
[38.513s] -- Up-to-date: /home/sentry-nov/code/colcon_3/install/path_motion_planning/include/path_motion_planning/path_searcher/gird_node.h
[38.513s] -- Installing: /home/sentry-nov/code/colcon_3/install/path_motion_planning/lib/path_motion_planning/nav_global_ros_node
[38.515s] -- Set runtime path of "/home/sentry-nov/code/colcon_3/install/path_motion_planning/lib/path_motion_planning/nav_global_ros_node" to ""
[38.516s] -- Installing: /home/sentry-nov/code/colcon_3/install/path_motion_planning/lib/path_motion_planning/nav_local_ros_node
[38.520s] -- Set runtime path of "/home/sentry-nov/code/colcon_3/install/path_motion_planning/lib/path_motion_planning/nav_local_ros_node" to ""
[38.525s] -- Installing: /home/sentry-nov/code/colcon_3/install/path_motion_planning/lib/path_motion_planning/nav_gl_ros_node
[38.529s] -- Set runtime path of "/home/sentry-nov/code/colcon_3/install/path_motion_planning/lib/path_motion_planning/nav_gl_ros_node" to ""
[38.530s] -- Up-to-date: /home/sentry-nov/code/colcon_3/install/path_motion_planning/lib/path_motion_planning/test_based_node
[38.533s] -- Up-to-date: /home/sentry-nov/code/colcon_3/install/path_motion_planning/lib/path_motion_planning/test_virtual_speed_node
[38.533s] -- Up-to-date: /home/sentry-nov/code/colcon_3/install/path_motion_planning/share/ament_index/resource_index/package_run_dependencies/path_motion_planning
[38.533s] -- Up-to-date: /home/sentry-nov/code/colcon_3/install/path_motion_planning/share/ament_index/resource_index/parent_prefix_path/path_motion_planning
[38.533s] -- Up-to-date: /home/sentry-nov/code/colcon_3/install/path_motion_planning/share/path_motion_planning/environment/ament_prefix_path.sh
[38.533s] -- Up-to-date: /home/sentry-nov/code/colcon_3/install/path_motion_planning/share/path_motion_planning/environment/ament_prefix_path.dsv
[38.533s] -- Up-to-date: /home/sentry-nov/code/colcon_3/install/path_motion_planning/share/path_motion_planning/environment/path.sh
[38.534s] -- Up-to-date: /home/sentry-nov/code/colcon_3/install/path_motion_planning/share/path_motion_planning/environment/path.dsv
[38.534s] -- Up-to-date: /home/sentry-nov/code/colcon_3/install/path_motion_planning/share/path_motion_planning/local_setup.bash
[38.534s] -- Up-to-date: /home/sentry-nov/code/colcon_3/install/path_motion_planning/share/path_motion_planning/local_setup.sh
[38.534s] -- Up-to-date: /home/sentry-nov/code/colcon_3/install/path_motion_planning/share/path_motion_planning/local_setup.zsh
[38.534s] -- Up-to-date: /home/sentry-nov/code/colcon_3/install/path_motion_planning/share/path_motion_planning/local_setup.dsv
[38.535s] -- Installing: /home/sentry-nov/code/colcon_3/install/path_motion_planning/share/path_motion_planning/package.dsv
[38.535s] -- Up-to-date: /home/sentry-nov/code/colcon_3/install/path_motion_planning/share/ament_index/resource_index/packages/path_motion_planning
[38.535s] -- Up-to-date: /home/sentry-nov/code/colcon_3/install/path_motion_planning/share/path_motion_planning/cmake/ament_cmake_export_include_directories-extras.cmake
[38.535s] -- Up-to-date: /home/sentry-nov/code/colcon_3/install/path_motion_planning/share/path_motion_planning/cmake/ament_cmake_export_libraries-extras.cmake
[38.535s] -- Up-to-date: /home/sentry-nov/code/colcon_3/install/path_motion_planning/share/path_motion_planning/cmake/path_motion_planningConfig.cmake
[38.535s] -- Up-to-date: /home/sentry-nov/code/colcon_3/install/path_motion_planning/share/path_motion_planning/cmake/path_motion_planningConfig-version.cmake
[38.535s] -- Up-to-date: /home/sentry-nov/code/colcon_3/install/path_motion_planning/share/path_motion_planning/package.xml
[38.538s] Invoked command in '/home/sentry-nov/code/colcon_3/build/path_motion_planning' returned '0': CMAKE_PREFIX_PATH=/home/sentry-nov/code/colcon_3/install/rm_interface:/home/sentry-nov/code/colcon_3/install/debug_tools:/home/sentry-nov/code/colcon_3/install/tilted_lidar:/home/sentry-nov/code/colcon_3/install/rviz_plugin:/home/sentry-nov/code/colcon_3/install/robot_decision_system:/home/sentry-nov/code/colcon_3/install/rm_serial:/home/sentry-nov/code/colcon_3/install/rm_decision_system:/home/sentry-nov/code/colcon_3/install/rm_decision:/home/sentry-nov/code/colcon_3/install/motion_planning:/home/sentry-nov/code/colcon_3/install/path_planning:/home/sentry-nov/code/colcon_3/install/path_motion_planning:/home/sentry-nov/code/colcon_3/install/ikd_tree_mapping:/home/sentry-nov/code/colcon_3/install/point_lio:/home/sentry-nov/code/colcon_3/install/m_detector:/home/sentry-nov/code/colcon_3/install/fast_lio:/home/sentry-nov/code/colcon_3/install/livox_ros_driver2:/home/sentry-nov/code/colcon_3/install/icp_relocalization:/home/sentry-nov/code/colcon_3/install/altitude_map:/home/sentry-nov/code/colcon_3/install/auto_start:/opt/ros/humble LD_LIBRARY_PATH=/home/sentry-nov/code/colcon_3/install/rm_interface/lib:/home/sentry-nov/code/colcon_3/install/robot_decision_system/lib:/home/sentry-nov/code/colcon_3/install/rm_decision_system/lib:/home/sentry-nov/code/colcon_3/install/path_planning/lib:/home/sentry-nov/code/colcon_3/install/path_motion_planning/lib:/home/sentry-nov/code/colcon_3/install/m_detector/lib:/home/sentry-nov/code/colcon_3/install/fast_lio/lib:/home/sentry-nov/code/colcon_3/install/livox_ros_driver2/lib:/home/sentry-nov/code/colcon_3/install/altitude_map/lib:/usr/local/lib:/opt/ros/humble/opt/rviz_ogre_vendor/lib:/opt/ros/humble/lib/x86_64-linux-gnu:/opt/ros/humble/lib /usr/bin/cmake --install /home/sentry-nov/code/colcon_3/build/path_motion_planning
