[0.028s] Invoking command in '/home/sentry-nov/code/colcon_3/build/rm_serial': AMENT_PREFIX_PATH=/home/sentry-nov/code/colcon_3/install/rm_interface:/home/sentry-nov/code/colcon_3/install/debug_tools:${AMENT_PREFIX_PATH} CMAKE_PREFIX_PATH=/home/sentry-nov/code/colcon_3/install/rm_interface:/home/sentry-nov/code/colcon_3/install/debug_tools:/opt/ros/humble LD_LIBRARY_PATH=/home/sentry-nov/code/colcon_3/install/rm_interface/lib:${LD_LIBRARY_PATH} PYTHONPATH=/home/sentry-nov/code/colcon_3/install/rm_interface/local/lib/python3.10/dist-packages:${PYTHONPATH} /usr/bin/cmake /home/sentry-nov/code/colcon_3/src/common/rm_serial -DCMAKE_BUILD_TYPE=Release -DCMAKE_INSTALL_PREFIX=/home/sentry-nov/code/colcon_3/install/rm_serial
[0.315s] -- The C compiler identification is GNU 11.4.0
[0.453s] -- The CXX compiler identification is GNU 11.4.0
[0.474s] -- Detecting C compiler ABI info
[0.569s] -- Detecting C compiler ABI info - done
[0.576s] -- Check for working C compiler: /usr/bin/cc - skipped
[0.579s] -- Detecting C compile features
[0.580s] -- Detecting C compile features - done
[0.585s] -- Detecting CXX compiler ABI info
[0.678s] -- Detecting CXX compiler ABI info - done
[0.686s] -- Check for working CXX compiler: /usr/bin/c++ - skipped
[0.686s] -- Detecting CXX compile features
[0.686s] -- Detecting CXX compile features - done
[0.699s] -- Found ament_cmake: 1.3.11 (/opt/ros/humble/share/ament_cmake/cmake)
[0.860s] -- Found Python3: /usr/bin/python3 (found version "3.10.12") found components: Interpreter 
[0.990s] -- Found rclcpp: 16.0.11 (/opt/ros/humble/share/rclcpp/cmake)
[1.062s] -- Found rosidl_generator_c: 3.1.6 (/opt/ros/humble/share/rosidl_generator_c/cmake)
[1.069s] -- Found rosidl_adapter: 3.1.6 (/opt/ros/humble/share/rosidl_adapter/cmake)
[1.084s] -- Found rosidl_generator_cpp: 3.1.6 (/opt/ros/humble/share/rosidl_generator_cpp/cmake)
[1.104s] -- Using all available rosidl_typesupport_c: rosidl_typesupport_fastrtps_c;rosidl_typesupport_introspection_c
[1.128s] -- Using all available rosidl_typesupport_cpp: rosidl_typesupport_fastrtps_cpp;rosidl_typesupport_introspection_cpp
[1.199s] -- Found rmw_implementation_cmake: 6.1.2 (/opt/ros/humble/share/rmw_implementation_cmake/cmake)
[1.204s] -- Found rmw_fastrtps_cpp: 6.2.7 (/opt/ros/humble/share/rmw_fastrtps_cpp/cmake)
[1.360s] -- Found OpenSSL: /usr/lib/x86_64-linux-gnu/libcrypto.so (found version "3.0.2")  
[1.393s] -- Found FastRTPS: /opt/ros/humble/include  
[1.436s] -- Using RMW implementation 'rmw_fastrtps_cpp' as default
[1.452s] -- Looking for pthread.h
[1.551s] -- Looking for pthread.h - found
[1.551s] -- Performing Test CMAKE_HAVE_LIBC_PTHREAD
[1.635s] -- Performing Test CMAKE_HAVE_LIBC_PTHREAD - Success
[1.637s] -- Found Threads: TRUE  
[1.719s] -- Found rm_interface: 0.0.0 (/home/sentry-nov/code/colcon_3/install/rm_interface/share/rm_interface/cmake)
[1.738s] -- Found sensor_msgs: 4.2.4 (/opt/ros/humble/share/sensor_msgs/cmake)
[1.784s] -- Found nav_msgs: 4.2.4 (/opt/ros/humble/share/nav_msgs/cmake)
[1.808s] -- Found debug_tools: 0.0.0 (/home/sentry-nov/code/colcon_3/install/debug_tools/share/debug_tools/cmake)
[1.813s] -- Found serial: 1.2.1 (/usr/local/share/serial/cmake)
[1.888s] -- Configuring done
[1.901s] -- Generating done
[1.906s] -- Build files have been written to: /home/sentry-nov/code/colcon_3/build/rm_serial
[1.916s] Invoked command in '/home/sentry-nov/code/colcon_3/build/rm_serial' returned '0': AMENT_PREFIX_PATH=/home/sentry-nov/code/colcon_3/install/rm_interface:/home/sentry-nov/code/colcon_3/install/debug_tools:${AMENT_PREFIX_PATH} CMAKE_PREFIX_PATH=/home/sentry-nov/code/colcon_3/install/rm_interface:/home/sentry-nov/code/colcon_3/install/debug_tools:/opt/ros/humble LD_LIBRARY_PATH=/home/sentry-nov/code/colcon_3/install/rm_interface/lib:${LD_LIBRARY_PATH} PYTHONPATH=/home/sentry-nov/code/colcon_3/install/rm_interface/local/lib/python3.10/dist-packages:${PYTHONPATH} /usr/bin/cmake /home/sentry-nov/code/colcon_3/src/common/rm_serial -DCMAKE_BUILD_TYPE=Release -DCMAKE_INSTALL_PREFIX=/home/sentry-nov/code/colcon_3/install/rm_serial
[1.918s] Invoking command in '/home/sentry-nov/code/colcon_3/build/rm_serial': AMENT_PREFIX_PATH=/home/sentry-nov/code/colcon_3/install/rm_interface:/home/sentry-nov/code/colcon_3/install/debug_tools:${AMENT_PREFIX_PATH} CMAKE_PREFIX_PATH=/home/sentry-nov/code/colcon_3/install/rm_interface:/home/sentry-nov/code/colcon_3/install/debug_tools:/opt/ros/humble LD_LIBRARY_PATH=/home/sentry-nov/code/colcon_3/install/rm_interface/lib:${LD_LIBRARY_PATH} PYTHONPATH=/home/sentry-nov/code/colcon_3/install/rm_interface/local/lib/python3.10/dist-packages:${PYTHONPATH} /usr/bin/cmake --build /home/sentry-nov/code/colcon_3/build/rm_serial -- -j12 -l12
[1.946s] -- Found ament_cmake: 1.3.11 (/opt/ros/humble/share/ament_cmake/cmake)
[2.055s] -- Found rclcpp: 16.0.11 (/opt/ros/humble/share/rclcpp/cmake)
[2.081s] -- Found rosidl_generator_c: 3.1.6 (/opt/ros/humble/share/rosidl_generator_c/cmake)
[2.083s] -- Found rosidl_adapter: 3.1.6 (/opt/ros/humble/share/rosidl_adapter/cmake)
[2.088s] -- Found rosidl_generator_cpp: 3.1.6 (/opt/ros/humble/share/rosidl_generator_cpp/cmake)
[2.097s] -- Using all available rosidl_typesupport_c: rosidl_typesupport_fastrtps_c;rosidl_typesupport_introspection_c
[2.107s] -- Using all available rosidl_typesupport_cpp: rosidl_typesupport_fastrtps_cpp;rosidl_typesupport_introspection_cpp
[2.135s] -- Found rmw_implementation_cmake: 6.1.2 (/opt/ros/humble/share/rmw_implementation_cmake/cmake)
[2.136s] -- Found rmw_fastrtps_cpp: 6.2.7 (/opt/ros/humble/share/rmw_fastrtps_cpp/cmake)
[2.240s] -- Using RMW implementation 'rmw_fastrtps_cpp' as default
[2.282s] -- Found rm_interface: 0.0.0 (/home/sentry-nov/code/colcon_3/install/rm_interface/share/rm_interface/cmake)
[2.289s] -- Found sensor_msgs: 4.2.4 (/opt/ros/humble/share/sensor_msgs/cmake)
[2.313s] -- Found nav_msgs: 4.2.4 (/opt/ros/humble/share/nav_msgs/cmake)
[2.327s] -- Found debug_tools: 0.0.0 (/home/sentry-nov/code/colcon_3/install/debug_tools/share/debug_tools/cmake)
[2.328s] -- Found serial: 1.2.1 (/usr/local/share/serial/cmake)
[2.387s] -- Configuring done
[2.395s] -- Generating done
[2.399s] -- Build files have been written to: /home/sentry-nov/code/colcon_3/build/rm_serial
[2.430s] gmake[2]: Warning: File '/home/sentry-nov/code/colcon_3/src/common/rm_serial/src/rec_command.cpp' has modification time 26575 s in the future
[2.438s] [ 50%] [32mBuilding CXX object CMakeFiles/rm_serial_rec_command_node.dir/src/rec_command.cpp.o[0m
[11.550s] [100%] [32m[1mLinking CXX executable rm_serial_rec_command_node[0m
[11.826s] gmake[2]: warning: Clock skew detected. Your build may be incomplete.
[11.836s] [100%] Built target rm_serial_rec_command_node
[11.850s] Invoked command in '/home/sentry-nov/code/colcon_3/build/rm_serial' returned '0': AMENT_PREFIX_PATH=/home/sentry-nov/code/colcon_3/install/rm_interface:/home/sentry-nov/code/colcon_3/install/debug_tools:${AMENT_PREFIX_PATH} CMAKE_PREFIX_PATH=/home/sentry-nov/code/colcon_3/install/rm_interface:/home/sentry-nov/code/colcon_3/install/debug_tools:/opt/ros/humble LD_LIBRARY_PATH=/home/sentry-nov/code/colcon_3/install/rm_interface/lib:${LD_LIBRARY_PATH} PYTHONPATH=/home/sentry-nov/code/colcon_3/install/rm_interface/local/lib/python3.10/dist-packages:${PYTHONPATH} /usr/bin/cmake --build /home/sentry-nov/code/colcon_3/build/rm_serial -- -j12 -l12
[11.863s] Invoking command in '/home/sentry-nov/code/colcon_3/build/rm_serial': AMENT_PREFIX_PATH=/home/sentry-nov/code/colcon_3/install/rm_interface:/home/sentry-nov/code/colcon_3/install/debug_tools:${AMENT_PREFIX_PATH} CMAKE_PREFIX_PATH=/home/sentry-nov/code/colcon_3/install/rm_interface:/home/sentry-nov/code/colcon_3/install/debug_tools:/opt/ros/humble LD_LIBRARY_PATH=/home/sentry-nov/code/colcon_3/install/rm_interface/lib:${LD_LIBRARY_PATH} PYTHONPATH=/home/sentry-nov/code/colcon_3/install/rm_interface/local/lib/python3.10/dist-packages:${PYTHONPATH} /usr/bin/cmake --install /home/sentry-nov/code/colcon_3/build/rm_serial
[11.871s] -- Install configuration: "Release"
[11.871s] -- Installing: /home/sentry-nov/code/colcon_3/install/rm_serial/lib/rm_serial/rm_serial_rec_command_node
[11.873s] -- Set runtime path of "/home/sentry-nov/code/colcon_3/install/rm_serial/lib/rm_serial/rm_serial_rec_command_node" to ""
[11.873s] -- Installing: /home/sentry-nov/code/colcon_3/install/rm_serial/share/ament_index/resource_index/package_run_dependencies/rm_serial
[11.873s] -- Installing: /home/sentry-nov/code/colcon_3/install/rm_serial/share/ament_index/resource_index/parent_prefix_path/rm_serial
[11.873s] -- Installing: /home/sentry-nov/code/colcon_3/install/rm_serial/share/rm_serial/environment/ament_prefix_path.sh
[11.873s] -- Installing: /home/sentry-nov/code/colcon_3/install/rm_serial/share/rm_serial/environment/ament_prefix_path.dsv
[11.874s] -- Installing: /home/sentry-nov/code/colcon_3/install/rm_serial/share/rm_serial/environment/path.sh
[11.874s] -- Installing: /home/sentry-nov/code/colcon_3/install/rm_serial/share/rm_serial/environment/path.dsv
[11.874s] -- Installing: /home/sentry-nov/code/colcon_3/install/rm_serial/share/rm_serial/local_setup.bash
[11.874s] -- Installing: /home/sentry-nov/code/colcon_3/install/rm_serial/share/rm_serial/local_setup.sh
[11.874s] -- Installing: /home/sentry-nov/code/colcon_3/install/rm_serial/share/rm_serial/local_setup.zsh
[11.874s] -- Installing: /home/sentry-nov/code/colcon_3/install/rm_serial/share/rm_serial/local_setup.dsv
[11.874s] -- Installing: /home/sentry-nov/code/colcon_3/install/rm_serial/share/rm_serial/package.dsv
[11.875s] -- Installing: /home/sentry-nov/code/colcon_3/install/rm_serial/share/ament_index/resource_index/packages/rm_serial
[11.875s] -- Installing: /home/sentry-nov/code/colcon_3/install/rm_serial/share/rm_serial/cmake/rm_serialConfig.cmake
[11.875s] -- Installing: /home/sentry-nov/code/colcon_3/install/rm_serial/share/rm_serial/cmake/rm_serialConfig-version.cmake
[11.875s] -- Installing: /home/sentry-nov/code/colcon_3/install/rm_serial/share/rm_serial/package.xml
[11.878s] Invoked command in '/home/sentry-nov/code/colcon_3/build/rm_serial' returned '0': AMENT_PREFIX_PATH=/home/sentry-nov/code/colcon_3/install/rm_interface:/home/sentry-nov/code/colcon_3/install/debug_tools:${AMENT_PREFIX_PATH} CMAKE_PREFIX_PATH=/home/sentry-nov/code/colcon_3/install/rm_interface:/home/sentry-nov/code/colcon_3/install/debug_tools:/opt/ros/humble LD_LIBRARY_PATH=/home/sentry-nov/code/colcon_3/install/rm_interface/lib:${LD_LIBRARY_PATH} PYTHONPATH=/home/sentry-nov/code/colcon_3/install/rm_interface/local/lib/python3.10/dist-packages:${PYTHONPATH} /usr/bin/cmake --install /home/sentry-nov/code/colcon_3/build/rm_serial
