[0.024s] Invoking command in '/home/sentry-nov/code/colcon_3/build/rm_decision': CMAKE_PREFIX_PATH=/home/sentry-nov/code/colcon_3/install/rm_interface:/home/sentry-nov/code/colcon_3/install/debug_tools:/home/sentry-nov/code/colcon_3/install/tilted_lidar:/home/sentry-nov/code/colcon_3/install/rviz_plugin:/home/sentry-nov/code/colcon_3/install/robot_decision_system:/home/sentry-nov/code/colcon_3/install/rm_serial:/home/sentry-nov/code/colcon_3/install/rm_decision_system:/home/sentry-nov/code/colcon_3/install/rm_decision:/home/sentry-nov/code/colcon_3/install/motion_planning:/home/sentry-nov/code/colcon_3/install/path_planning:/home/sentry-nov/code/colcon_3/install/path_motion_planning:/home/sentry-nov/code/colcon_3/install/ikd_tree_mapping:/home/sentry-nov/code/colcon_3/install/point_lio:/home/sentry-nov/code/colcon_3/install/m_detector:/home/sentry-nov/code/colcon_3/install/fast_lio:/home/sentry-nov/code/colcon_3/install/livox_ros_driver2:/home/sentry-nov/code/colcon_3/install/icp_relocalization:/home/sentry-nov/code/colcon_3/install/altitude_map:/home/sentry-nov/code/colcon_3/install/auto_start:/opt/ros/humble LD_LIBRARY_PATH=/home/sentry-nov/code/colcon_3/install/rm_interface/lib:/home/sentry-nov/code/colcon_3/install/robot_decision_system/lib:/home/sentry-nov/code/colcon_3/install/rm_decision_system/lib:/home/sentry-nov/code/colcon_3/install/path_planning/lib:/home/sentry-nov/code/colcon_3/install/path_motion_planning/lib:/home/sentry-nov/code/colcon_3/install/m_detector/lib:/home/sentry-nov/code/colcon_3/install/fast_lio/lib:/home/sentry-nov/code/colcon_3/install/livox_ros_driver2/lib:/home/sentry-nov/code/colcon_3/install/altitude_map/lib:/usr/local/lib:/opt/ros/humble/opt/rviz_ogre_vendor/lib:/opt/ros/humble/lib/x86_64-linux-gnu:/opt/ros/humble/lib /usr/bin/cmake /home/sentry-nov/code/colcon_3/src/common/rm_decision -DCMAKE_BUILD_TYPE=Release -DCMAKE_INSTALL_PREFIX=/home/sentry-nov/code/colcon_3/install/rm_decision
[0.063s] -- Found ament_cmake: 1.3.11 (/opt/ros/humble/share/ament_cmake/cmake)
[0.238s] -- Found rclcpp: 16.0.11 (/opt/ros/humble/share/rclcpp/cmake)
[0.291s] -- Found rosidl_generator_c: 3.1.6 (/opt/ros/humble/share/rosidl_generator_c/cmake)
[0.296s] -- Found rosidl_adapter: 3.1.6 (/opt/ros/humble/share/rosidl_adapter/cmake)
[0.309s] -- Found rosidl_generator_cpp: 3.1.6 (/opt/ros/humble/share/rosidl_generator_cpp/cmake)
[0.330s] -- Using all available rosidl_typesupport_c: rosidl_typesupport_fastrtps_c;rosidl_typesupport_introspection_c
[0.353s] -- Using all available rosidl_typesupport_cpp: rosidl_typesupport_fastrtps_cpp;rosidl_typesupport_introspection_cpp
[0.410s] -- Found rmw_implementation_cmake: 6.1.2 (/opt/ros/humble/share/rmw_implementation_cmake/cmake)
[0.415s] -- Found rmw_fastrtps_cpp: 6.2.7 (/opt/ros/humble/share/rmw_fastrtps_cpp/cmake)
[0.559s] -- Using RMW implementation 'rmw_fastrtps_cpp' as default
[0.637s] -- Found nav_msgs: 4.2.4 (/opt/ros/humble/share/nav_msgs/cmake)
[0.679s] -- Found debug_tools: 0.0.0 (/home/sentry-nov/code/colcon_3/install/debug_tools/share/debug_tools/cmake)
[0.681s] -- Found rm_interface: 0.0.0 (/home/sentry-nov/code/colcon_3/install/rm_interface/share/rm_interface/cmake)
[0.704s] -- Found auto_start: 0.0.0 (/home/sentry-nov/code/colcon_3/install/auto_start/share/auto_start/cmake)
[0.778s] -- Configuring done
[0.781s] [33mCMake Warning (dev) at CMakeLists.txt:36 (target_link_libraries):
[0.781s]   The library that is being linked to, yaml-cpp, is marked as being
[0.782s]   deprecated by the owner.  The message provided by the developer is:
[0.782s] 
[0.782s]   The target yaml-cpp is deprecated and will be removed in version 0.10.0.
[0.782s]   Use the yaml-cpp::yaml-cpp target instead.
[0.782s] 
[0.782s] This warning is for project developers.  Use -Wno-dev to suppress it.
[0.782s] [0m
[0.783s] [33mCMake Warning (dev) at CMakeLists.txt:55 (target_link_libraries):
[0.783s]   The library that is being linked to, yaml-cpp, is marked as being
[0.783s]   deprecated by the owner.  The message provided by the developer is:
[0.783s] 
[0.783s]   The target yaml-cpp is deprecated and will be removed in version 0.10.0.
[0.783s]   Use the yaml-cpp::yaml-cpp target instead.
[0.783s] 
[0.783s] This warning is for project developers.  Use -Wno-dev to suppress it.
[0.783s] [0m
[0.783s] [33mCMake Warning (dev) at CMakeLists.txt:36 (target_link_libraries):
[0.784s]   The library that is being linked to, yaml-cpp, is marked as being
[0.784s]   deprecated by the owner.  The message provided by the developer is:
[0.784s] 
[0.784s]   The target yaml-cpp is deprecated and will be removed in version 0.10.0.
[0.784s]   Use the yaml-cpp::yaml-cpp target instead.
[0.784s] 
[0.784s] This warning is for project developers.  Use -Wno-dev to suppress it.
[0.784s] [0m
[0.784s] [33mCMake Warning (dev) at CMakeLists.txt:55 (target_link_libraries):
[0.784s]   The library that is being linked to, yaml-cpp, is marked as being
[0.784s]   deprecated by the owner.  The message provided by the developer is:
[0.784s] 
[0.784s]   The target yaml-cpp is deprecated and will be removed in version 0.10.0.
[0.784s]   Use the yaml-cpp::yaml-cpp target instead.
[0.784s] 
[0.784s] This warning is for project developers.  Use -Wno-dev to suppress it.
[0.785s] [0m
[0.785s] [33mCMake Warning (dev) at CMakeLists.txt:36 (target_link_libraries):
[0.785s]   The library that is being linked to, yaml-cpp, is marked as being
[0.785s]   deprecated by the owner.  The message provided by the developer is:
[0.785s] 
[0.785s]   The target yaml-cpp is deprecated and will be removed in version 0.10.0.
[0.785s]   Use the yaml-cpp::yaml-cpp target instead.
[0.785s] 
[0.785s] This warning is for project developers.  Use -Wno-dev to suppress it.
[0.785s] [0m
[0.785s] [33mCMake Warning (dev) at CMakeLists.txt:55 (target_link_libraries):
[0.785s]   The library that is being linked to, yaml-cpp, is marked as being
[0.785s]   deprecated by the owner.  The message provided by the developer is:
[0.785s] 
[0.785s]   The target yaml-cpp is deprecated and will be removed in version 0.10.0.
[0.785s]   Use the yaml-cpp::yaml-cpp target instead.
[0.786s] 
[0.786s] This warning is for project developers.  Use -Wno-dev to suppress it.
[0.786s] [0m
[0.805s] -- Generating done
[0.810s] -- Build files have been written to: /home/sentry-nov/code/colcon_3/build/rm_decision
[0.818s] Invoked command in '/home/sentry-nov/code/colcon_3/build/rm_decision' returned '0': CMAKE_PREFIX_PATH=/home/sentry-nov/code/colcon_3/install/rm_interface:/home/sentry-nov/code/colcon_3/install/debug_tools:/home/sentry-nov/code/colcon_3/install/tilted_lidar:/home/sentry-nov/code/colcon_3/install/rviz_plugin:/home/sentry-nov/code/colcon_3/install/robot_decision_system:/home/sentry-nov/code/colcon_3/install/rm_serial:/home/sentry-nov/code/colcon_3/install/rm_decision_system:/home/sentry-nov/code/colcon_3/install/rm_decision:/home/sentry-nov/code/colcon_3/install/motion_planning:/home/sentry-nov/code/colcon_3/install/path_planning:/home/sentry-nov/code/colcon_3/install/path_motion_planning:/home/sentry-nov/code/colcon_3/install/ikd_tree_mapping:/home/sentry-nov/code/colcon_3/install/point_lio:/home/sentry-nov/code/colcon_3/install/m_detector:/home/sentry-nov/code/colcon_3/install/fast_lio:/home/sentry-nov/code/colcon_3/install/livox_ros_driver2:/home/sentry-nov/code/colcon_3/install/icp_relocalization:/home/sentry-nov/code/colcon_3/install/altitude_map:/home/sentry-nov/code/colcon_3/install/auto_start:/opt/ros/humble LD_LIBRARY_PATH=/home/sentry-nov/code/colcon_3/install/rm_interface/lib:/home/sentry-nov/code/colcon_3/install/robot_decision_system/lib:/home/sentry-nov/code/colcon_3/install/rm_decision_system/lib:/home/sentry-nov/code/colcon_3/install/path_planning/lib:/home/sentry-nov/code/colcon_3/install/path_motion_planning/lib:/home/sentry-nov/code/colcon_3/install/m_detector/lib:/home/sentry-nov/code/colcon_3/install/fast_lio/lib:/home/sentry-nov/code/colcon_3/install/livox_ros_driver2/lib:/home/sentry-nov/code/colcon_3/install/altitude_map/lib:/usr/local/lib:/opt/ros/humble/opt/rviz_ogre_vendor/lib:/opt/ros/humble/lib/x86_64-linux-gnu:/opt/ros/humble/lib /usr/bin/cmake /home/sentry-nov/code/colcon_3/src/common/rm_decision -DCMAKE_BUILD_TYPE=Release -DCMAKE_INSTALL_PREFIX=/home/sentry-nov/code/colcon_3/install/rm_decision
[0.820s] Invoking command in '/home/sentry-nov/code/colcon_3/build/rm_decision': CMAKE_PREFIX_PATH=/home/sentry-nov/code/colcon_3/install/rm_interface:/home/sentry-nov/code/colcon_3/install/debug_tools:/home/sentry-nov/code/colcon_3/install/tilted_lidar:/home/sentry-nov/code/colcon_3/install/rviz_plugin:/home/sentry-nov/code/colcon_3/install/robot_decision_system:/home/sentry-nov/code/colcon_3/install/rm_serial:/home/sentry-nov/code/colcon_3/install/rm_decision_system:/home/sentry-nov/code/colcon_3/install/rm_decision:/home/sentry-nov/code/colcon_3/install/motion_planning:/home/sentry-nov/code/colcon_3/install/path_planning:/home/sentry-nov/code/colcon_3/install/path_motion_planning:/home/sentry-nov/code/colcon_3/install/ikd_tree_mapping:/home/sentry-nov/code/colcon_3/install/point_lio:/home/sentry-nov/code/colcon_3/install/m_detector:/home/sentry-nov/code/colcon_3/install/fast_lio:/home/sentry-nov/code/colcon_3/install/livox_ros_driver2:/home/sentry-nov/code/colcon_3/install/icp_relocalization:/home/sentry-nov/code/colcon_3/install/altitude_map:/home/sentry-nov/code/colcon_3/install/auto_start:/opt/ros/humble LD_LIBRARY_PATH=/home/sentry-nov/code/colcon_3/install/rm_interface/lib:/home/sentry-nov/code/colcon_3/install/robot_decision_system/lib:/home/sentry-nov/code/colcon_3/install/rm_decision_system/lib:/home/sentry-nov/code/colcon_3/install/path_planning/lib:/home/sentry-nov/code/colcon_3/install/path_motion_planning/lib:/home/sentry-nov/code/colcon_3/install/m_detector/lib:/home/sentry-nov/code/colcon_3/install/fast_lio/lib:/home/sentry-nov/code/colcon_3/install/livox_ros_driver2/lib:/home/sentry-nov/code/colcon_3/install/altitude_map/lib:/usr/local/lib:/opt/ros/humble/opt/rviz_ogre_vendor/lib:/opt/ros/humble/lib/x86_64-linux-gnu:/opt/ros/humble/lib /usr/bin/cmake --build /home/sentry-nov/code/colcon_3/build/rm_decision -- -j12 -l12
[0.877s] [35m[1mConsolidate compiler generated dependencies of target test_node[0m
[0.879s] [35m[1mConsolidate compiler generated dependencies of target rm_decision_node[0m
[0.904s] [ 33%] [32mBuilding CXX object CMakeFiles/test_node.dir/src/rm_decision.cpp.o[0m
[0.904s] [ 33%] [32mBuilding CXX object CMakeFiles/test_node.dir/test/test.cpp.o[0m
[0.915s] [ 50%] [32mBuilding CXX object CMakeFiles/rm_decision_node.dir/src/rm_decision.cpp.o[0m
[0.917s] [ 66%] [32mBuilding CXX object CMakeFiles/rm_decision_node.dir/src/rm_decision_ros.cpp.o[0m
[3.686s] [ 83%] [32m[1mLinking CXX executable test_node[0m
[3.907s] [ 83%] Built target test_node
[23.758s] [100%] [32m[1mLinking CXX executable rm_decision_node[0m
[24.119s] [100%] Built target rm_decision_node
[24.135s] Invoked command in '/home/sentry-nov/code/colcon_3/build/rm_decision' returned '0': CMAKE_PREFIX_PATH=/home/sentry-nov/code/colcon_3/install/rm_interface:/home/sentry-nov/code/colcon_3/install/debug_tools:/home/sentry-nov/code/colcon_3/install/tilted_lidar:/home/sentry-nov/code/colcon_3/install/rviz_plugin:/home/sentry-nov/code/colcon_3/install/robot_decision_system:/home/sentry-nov/code/colcon_3/install/rm_serial:/home/sentry-nov/code/colcon_3/install/rm_decision_system:/home/sentry-nov/code/colcon_3/install/rm_decision:/home/sentry-nov/code/colcon_3/install/motion_planning:/home/sentry-nov/code/colcon_3/install/path_planning:/home/sentry-nov/code/colcon_3/install/path_motion_planning:/home/sentry-nov/code/colcon_3/install/ikd_tree_mapping:/home/sentry-nov/code/colcon_3/install/point_lio:/home/sentry-nov/code/colcon_3/install/m_detector:/home/sentry-nov/code/colcon_3/install/fast_lio:/home/sentry-nov/code/colcon_3/install/livox_ros_driver2:/home/sentry-nov/code/colcon_3/install/icp_relocalization:/home/sentry-nov/code/colcon_3/install/altitude_map:/home/sentry-nov/code/colcon_3/install/auto_start:/opt/ros/humble LD_LIBRARY_PATH=/home/sentry-nov/code/colcon_3/install/rm_interface/lib:/home/sentry-nov/code/colcon_3/install/robot_decision_system/lib:/home/sentry-nov/code/colcon_3/install/rm_decision_system/lib:/home/sentry-nov/code/colcon_3/install/path_planning/lib:/home/sentry-nov/code/colcon_3/install/path_motion_planning/lib:/home/sentry-nov/code/colcon_3/install/m_detector/lib:/home/sentry-nov/code/colcon_3/install/fast_lio/lib:/home/sentry-nov/code/colcon_3/install/livox_ros_driver2/lib:/home/sentry-nov/code/colcon_3/install/altitude_map/lib:/usr/local/lib:/opt/ros/humble/opt/rviz_ogre_vendor/lib:/opt/ros/humble/lib/x86_64-linux-gnu:/opt/ros/humble/lib /usr/bin/cmake --build /home/sentry-nov/code/colcon_3/build/rm_decision -- -j12 -l12
[24.137s] Invoking command in '/home/sentry-nov/code/colcon_3/build/rm_decision': CMAKE_PREFIX_PATH=/home/sentry-nov/code/colcon_3/install/rm_interface:/home/sentry-nov/code/colcon_3/install/debug_tools:/home/sentry-nov/code/colcon_3/install/tilted_lidar:/home/sentry-nov/code/colcon_3/install/rviz_plugin:/home/sentry-nov/code/colcon_3/install/robot_decision_system:/home/sentry-nov/code/colcon_3/install/rm_serial:/home/sentry-nov/code/colcon_3/install/rm_decision_system:/home/sentry-nov/code/colcon_3/install/rm_decision:/home/sentry-nov/code/colcon_3/install/motion_planning:/home/sentry-nov/code/colcon_3/install/path_planning:/home/sentry-nov/code/colcon_3/install/path_motion_planning:/home/sentry-nov/code/colcon_3/install/ikd_tree_mapping:/home/sentry-nov/code/colcon_3/install/point_lio:/home/sentry-nov/code/colcon_3/install/m_detector:/home/sentry-nov/code/colcon_3/install/fast_lio:/home/sentry-nov/code/colcon_3/install/livox_ros_driver2:/home/sentry-nov/code/colcon_3/install/icp_relocalization:/home/sentry-nov/code/colcon_3/install/altitude_map:/home/sentry-nov/code/colcon_3/install/auto_start:/opt/ros/humble LD_LIBRARY_PATH=/home/sentry-nov/code/colcon_3/install/rm_interface/lib:/home/sentry-nov/code/colcon_3/install/robot_decision_system/lib:/home/sentry-nov/code/colcon_3/install/rm_decision_system/lib:/home/sentry-nov/code/colcon_3/install/path_planning/lib:/home/sentry-nov/code/colcon_3/install/path_motion_planning/lib:/home/sentry-nov/code/colcon_3/install/m_detector/lib:/home/sentry-nov/code/colcon_3/install/fast_lio/lib:/home/sentry-nov/code/colcon_3/install/livox_ros_driver2/lib:/home/sentry-nov/code/colcon_3/install/altitude_map/lib:/usr/local/lib:/opt/ros/humble/opt/rviz_ogre_vendor/lib:/opt/ros/humble/lib/x86_64-linux-gnu:/opt/ros/humble/lib /usr/bin/cmake --install /home/sentry-nov/code/colcon_3/build/rm_decision
[24.146s] -- Install configuration: "Release"
[24.148s] -- Installing: /home/sentry-nov/code/colcon_3/install/rm_decision/lib/rm_decision/rm_decision_node
[24.153s] -- Set runtime path of "/home/sentry-nov/code/colcon_3/install/rm_decision/lib/rm_decision/rm_decision_node" to ""
[24.154s] -- Installing: /home/sentry-nov/code/colcon_3/install/rm_decision/lib/rm_decision/test_node
[24.155s] -- Set runtime path of "/home/sentry-nov/code/colcon_3/install/rm_decision/lib/rm_decision/test_node" to ""
[24.155s] -- Up-to-date: /home/sentry-nov/code/colcon_3/install/rm_decision/share/ament_index/resource_index/package_run_dependencies/rm_decision
[24.155s] -- Up-to-date: /home/sentry-nov/code/colcon_3/install/rm_decision/share/ament_index/resource_index/parent_prefix_path/rm_decision
[24.155s] -- Up-to-date: /home/sentry-nov/code/colcon_3/install/rm_decision/share/rm_decision/environment/ament_prefix_path.sh
[24.155s] -- Installing: /home/sentry-nov/code/colcon_3/install/rm_decision/share/rm_decision/environment/ament_prefix_path.dsv
[24.155s] -- Up-to-date: /home/sentry-nov/code/colcon_3/install/rm_decision/share/rm_decision/environment/path.sh
[24.155s] -- Installing: /home/sentry-nov/code/colcon_3/install/rm_decision/share/rm_decision/environment/path.dsv
[24.156s] -- Up-to-date: /home/sentry-nov/code/colcon_3/install/rm_decision/share/rm_decision/local_setup.bash
[24.156s] -- Up-to-date: /home/sentry-nov/code/colcon_3/install/rm_decision/share/rm_decision/local_setup.sh
[24.156s] -- Up-to-date: /home/sentry-nov/code/colcon_3/install/rm_decision/share/rm_decision/local_setup.zsh
[24.156s] -- Installing: /home/sentry-nov/code/colcon_3/install/rm_decision/share/rm_decision/local_setup.dsv
[24.156s] -- Installing: /home/sentry-nov/code/colcon_3/install/rm_decision/share/rm_decision/package.dsv
[24.156s] -- Up-to-date: /home/sentry-nov/code/colcon_3/install/rm_decision/share/ament_index/resource_index/packages/rm_decision
[24.156s] -- Up-to-date: /home/sentry-nov/code/colcon_3/install/rm_decision/share/rm_decision/cmake/rm_decisionConfig.cmake
[24.156s] -- Up-to-date: /home/sentry-nov/code/colcon_3/install/rm_decision/share/rm_decision/cmake/rm_decisionConfig-version.cmake
[24.156s] -- Up-to-date: /home/sentry-nov/code/colcon_3/install/rm_decision/share/rm_decision/package.xml
[24.159s] Invoked command in '/home/sentry-nov/code/colcon_3/build/rm_decision' returned '0': CMAKE_PREFIX_PATH=/home/sentry-nov/code/colcon_3/install/rm_interface:/home/sentry-nov/code/colcon_3/install/debug_tools:/home/sentry-nov/code/colcon_3/install/tilted_lidar:/home/sentry-nov/code/colcon_3/install/rviz_plugin:/home/sentry-nov/code/colcon_3/install/robot_decision_system:/home/sentry-nov/code/colcon_3/install/rm_serial:/home/sentry-nov/code/colcon_3/install/rm_decision_system:/home/sentry-nov/code/colcon_3/install/rm_decision:/home/sentry-nov/code/colcon_3/install/motion_planning:/home/sentry-nov/code/colcon_3/install/path_planning:/home/sentry-nov/code/colcon_3/install/path_motion_planning:/home/sentry-nov/code/colcon_3/install/ikd_tree_mapping:/home/sentry-nov/code/colcon_3/install/point_lio:/home/sentry-nov/code/colcon_3/install/m_detector:/home/sentry-nov/code/colcon_3/install/fast_lio:/home/sentry-nov/code/colcon_3/install/livox_ros_driver2:/home/sentry-nov/code/colcon_3/install/icp_relocalization:/home/sentry-nov/code/colcon_3/install/altitude_map:/home/sentry-nov/code/colcon_3/install/auto_start:/opt/ros/humble LD_LIBRARY_PATH=/home/sentry-nov/code/colcon_3/install/rm_interface/lib:/home/sentry-nov/code/colcon_3/install/robot_decision_system/lib:/home/sentry-nov/code/colcon_3/install/rm_decision_system/lib:/home/sentry-nov/code/colcon_3/install/path_planning/lib:/home/sentry-nov/code/colcon_3/install/path_motion_planning/lib:/home/sentry-nov/code/colcon_3/install/m_detector/lib:/home/sentry-nov/code/colcon_3/install/fast_lio/lib:/home/sentry-nov/code/colcon_3/install/livox_ros_driver2/lib:/home/sentry-nov/code/colcon_3/install/altitude_map/lib:/usr/local/lib:/opt/ros/humble/opt/rviz_ogre_vendor/lib:/opt/ros/humble/lib/x86_64-linux-gnu:/opt/ros/humble/lib /usr/bin/cmake --install /home/sentry-nov/code/colcon_3/build/rm_decision
