[  9%] [32mBuilding CXX object CMakeFiles/test_based_node.dir/test/test_based.cpp.o[0m
[  9%] [32mBuilding CXX object CMakeFiles/test_virtual_speed_node.dir/test/virtual_speed_ros.cpp.o[0m
[35m[1mConsolidate compiler generated dependencies of target path_motion_planning[0m
[ 14%] [32mBuilding CXX object CMakeFiles/path_motion_planning.dir/src/path_searcher/theta_star.cpp.o[0m
[ 19%] [32mBuilding CXX object CMakeFiles/path_motion_planning.dir/src/path_searcher/theta_star_track.cpp.o[0m
[ 23%] [32mBuilding CXX object CMakeFiles/path_motion_planning.dir/src/path_searcher/theta_star_explored.cpp.o[0m
[ 28%] [32mBuilding CXX object CMakeFiles/path_motion_planning.dir/src/motion/controller.cpp.o[0m
[ 33%] [32mBuilding CXX object CMakeFiles/path_motion_planning.dir/src/nav_core/nav_core.cpp.o[0m
[ 38%] [32mBuilding CXX object CMakeFiles/path_motion_planning.dir/src/nav_core/nav_global.cpp.o[0m
[ 42%] [32mBuilding CXX object CMakeFiles/path_motion_planning.dir/src/nav_core/nav_local.cpp.o[0m
[ 47%] [32mBuilding CXX object CMakeFiles/path_motion_planning.dir/src/nav_core/nav_local_track.cpp.o[0m
[ 52%] [32mBuilding CXX object CMakeFiles/path_motion_planning.dir/src/nav_core/nav_gl.cpp.o[0m
[ 57%] [32m[1mLinking CXX executable test_based_node[0m
[ 61%] [32m[1mLinking CXX shared library libpath_motion_planning.so[0m
[ 66%] Built target path_motion_planning
[35m[1mConsolidate compiler generated dependencies of target nav_local_ros_node[0m
[35m[1mConsolidate compiler generated dependencies of target nav_gl_ros_node[0m
[ 71%] [32mBuilding CXX object CMakeFiles/nav_global_ros_node.dir/src/nav_core/nav_global_ros.cpp.o[0m
[ 76%] [32mBuilding CXX object CMakeFiles/nav_gl_ros_node.dir/src/nav_core/nav_gl_ros.cpp.o[0m
[ 80%] [32mBuilding CXX object CMakeFiles/nav_local_ros_node.dir/src/nav_core/nav_local_ros.cpp.o[0m
[ 80%] Built target test_based_node
[ 85%] [32m[1mLinking CXX executable test_virtual_speed_node[0m
[ 85%] Built target test_virtual_speed_node
[ 90%] [32m[1mLinking CXX executable nav_global_ros_node[0m
[ 90%] Built target nav_global_ros_node
[ 95%] [32m[1mLinking CXX executable nav_local_ros_node[0m
[ 95%] Built target nav_local_ros_node
[100%] [32m[1mLinking CXX executable nav_gl_ros_node[0m
[100%] Built target nav_gl_ros_node
