[35m[1mConsolidate compiler generated dependencies of target test_based_node[0m
[35m[1mConsolidate compiler generated dependencies of target test_virtual_speed_node[0m
[35m[1mConsolidate compiler generated dependencies of target test_fit_cloud_node[0m
[  4%] [32mBuilding CXX object CMakeFiles/test_virtual_speed_node.dir/test/virtual_speed_ros.cpp.o[0m
[ 13%] Built target test_based_node
[ 17%] [32m[1mLinking CXX executable test_fit_cloud_node[0m
[35m[1mConsolidate compiler generated dependencies of target path_motion_planning[0m
[ 21%] [32m[1mLinking CXX shared library libpath_motion_planning.so[0m
[ 65%] Built target path_motion_planning
[35m[1mConsolidate compiler generated dependencies of target nav_gl_ros_node[0m
[35m[1mConsolidate compiler generated dependencies of target nav_global_ros_node[0m
[35m[1mConsolidate compiler generated dependencies of target nav_local_ros_node[0m
[ 69%] [32mBuilding CXX object CMakeFiles/nav_gl_ros_node.dir/src/nav_core/nav_gl_ros.cpp.o[0m
[ 73%] [32m[1mLinking CXX executable nav_global_ros_node[0m
[ 78%] [32mBuilding CXX object CMakeFiles/nav_local_ros_node.dir/src/nav_core/nav_local_ros.cpp.o[0m
[ 82%] Built target test_fit_cloud_node
[ 86%] Built target nav_global_ros_node
[ 91%] [32m[1mLinking CXX executable test_virtual_speed_node[0m
[ 91%] Built target test_virtual_speed_node
[ 95%] [32m[1mLinking CXX executable nav_local_ros_node[0m
[ 95%] Built target nav_local_ros_node
[100%] [32m[1mLinking CXX executable nav_gl_ros_node[0m
[100%] Built target nav_gl_ros_node
