[0.059s] Invoking command in '/home/sentry-nov/code/colcon_3/build/path_motion_planning': CMAKE_PREFIX_PATH=/home/sentry-nov/code/colcon_3/install/rm_interface:/home/sentry-nov/code/colcon_3/install/debug_tools:/home/sentry-nov/code/colcon_3/install/tilted_lidar:/home/sentry-nov/code/colcon_3/install/rviz_plugin:/home/sentry-nov/code/colcon_3/install/robot_decision_system:/home/sentry-nov/code/colcon_3/install/rm_serial:/home/sentry-nov/code/colcon_3/install/rm_decision:/home/sentry-nov/code/colcon_3/install/motion_planning:/home/sentry-nov/code/colcon_3/install/path_planning:/home/sentry-nov/code/colcon_3/install/path_motion_planning:/home/sentry-nov/code/colcon_3/install/ikd_tree_mapping:/home/sentry-nov/code/colcon_3/install/point_lio:/home/sentry-nov/code/colcon_3/install/m_detector:/home/sentry-nov/code/colcon_3/install/fast_lio:/home/sentry-nov/code/colcon_3/install/livox_ros_driver2:/home/sentry-nov/code/colcon_3/install/icp_relocalization:/home/sentry-nov/code/colcon_3/install/altitude_map:/home/sentry-nov/code/colcon_3/install/auto_start:/opt/ros/humble LD_LIBRARY_PATH=/home/sentry-nov/code/colcon_3/install/rm_interface/lib:/home/sentry-nov/code/colcon_3/install/robot_decision_system/lib:/home/sentry-nov/code/colcon_3/install/path_planning/lib:/home/sentry-nov/code/colcon_3/install/path_motion_planning/lib:/home/sentry-nov/code/colcon_3/install/m_detector/lib:/home/sentry-nov/code/colcon_3/install/fast_lio/lib:/home/sentry-nov/code/colcon_3/install/livox_ros_driver2/lib:/home/sentry-nov/code/colcon_3/install/altitude_map/lib:/usr/local/lib:/opt/ros/humble/opt/rviz_ogre_vendor/lib:/opt/ros/humble/lib/x86_64-linux-gnu:/opt/ros/humble/lib /usr/bin/cmake --build /home/sentry-nov/code/colcon_3/build/path_motion_planning -- -j12 -l12
[0.184s] [35m[1mConsolidate compiler generated dependencies of target test_based_node[0m
[0.185s] [35m[1mConsolidate compiler generated dependencies of target test_virtual_speed_node[0m
[0.191s] [35m[1mConsolidate compiler generated dependencies of target test_fit_cloud_node[0m
[0.220s] [  4%] [32mBuilding CXX object CMakeFiles/test_virtual_speed_node.dir/test/virtual_speed_ros.cpp.o[0m
[0.220s] [ 13%] Built target test_based_node
[0.239s] [ 17%] [32m[1mLinking CXX executable test_fit_cloud_node[0m
[0.239s] [35m[1mConsolidate compiler generated dependencies of target path_motion_planning[0m
[0.383s] [ 21%] [32m[1mLinking CXX shared library libpath_motion_planning.so[0m
[1.832s] [ 65%] Built target path_motion_planning
[1.861s] [35m[1mConsolidate compiler generated dependencies of target nav_gl_ros_node[0m
[1.865s] [35m[1mConsolidate compiler generated dependencies of target nav_global_ros_node[0m
[1.866s] [35m[1mConsolidate compiler generated dependencies of target nav_local_ros_node[0m
[1.907s] [ 69%] [32mBuilding CXX object CMakeFiles/nav_gl_ros_node.dir/src/nav_core/nav_gl_ros.cpp.o[0m
[1.921s] [ 73%] [32m[1mLinking CXX executable nav_global_ros_node[0m
[1.930s] [ 78%] [32mBuilding CXX object CMakeFiles/nav_local_ros_node.dir/src/nav_core/nav_local_ros.cpp.o[0m
[2.198s] [ 82%] Built target test_fit_cloud_node
[3.511s] [ 86%] Built target nav_global_ros_node
[16.644s] [ 91%] [32m[1mLinking CXX executable test_virtual_speed_node[0m
[16.873s] [ 91%] Built target test_virtual_speed_node
[32.731s] [ 95%] [32m[1mLinking CXX executable nav_local_ros_node[0m
[33.607s] [ 95%] Built target nav_local_ros_node
[36.823s] [100%] [32m[1mLinking CXX executable nav_gl_ros_node[0m
[37.722s] [100%] Built target nav_gl_ros_node
