[0.026s] Invoking command in '/home/sentry-nov/code/colcon_3/build/rm_serial': AMENT_PREFIX_PATH=/home/sentry-nov/code/colcon_3/install/rm_interface:/home/sentry-nov/code/colcon_3/install/debug_tools:${AMENT_PREFIX_PATH} CMAKE_PREFIX_PATH=/home/sentry-nov/code/colcon_3/install/rm_interface:/home/sentry-nov/code/colcon_3/install/debug_tools:/opt/ros/humble LD_LIBRARY_PATH=/home/sentry-nov/code/colcon_3/install/rm_interface/lib:${LD_LIBRARY_PATH} PYTHONPATH=/home/sentry-nov/code/colcon_3/install/rm_interface/local/lib/python3.10/dist-packages:${PYTHONPATH} /usr/bin/cmake --build /home/sentry-nov/code/colcon_3/build/rm_serial -- -j12 -l12
[0.125s] [35m[1mConsolidate compiler generated dependencies of target rm_serial_rec_command_node[0m
[0.138s] [ 30%] Built target serial_reader_test
[0.138s] [ 40%] Built target rm_serial_handle_datas_test
[0.140s] [ 60%] Built target crc_test
[0.141s] [ 80%] Built target serial_reader_reconnection_test
[0.142s] gmake[2]: Warning: File '/home/sentry-nov/code/colcon_3/src/common/rm_serial/src/rec_command.cpp' has modification time 25374 s in the future
[0.156s] [ 90%] [32mBuilding CXX object CMakeFiles/rm_serial_rec_command_node.dir/src/rec_command.cpp.o[0m
[10.716s] [100%] [32m[1mLinking CXX executable rm_serial_rec_command_node[0m
[11.018s] gmake[2]: warning: Clock skew detected. Your build may be incomplete.
[11.027s] [100%] Built target rm_serial_rec_command_node
[11.042s] Invoked command in '/home/sentry-nov/code/colcon_3/build/rm_serial' returned '0': AMENT_PREFIX_PATH=/home/sentry-nov/code/colcon_3/install/rm_interface:/home/sentry-nov/code/colcon_3/install/debug_tools:${AMENT_PREFIX_PATH} CMAKE_PREFIX_PATH=/home/sentry-nov/code/colcon_3/install/rm_interface:/home/sentry-nov/code/colcon_3/install/debug_tools:/opt/ros/humble LD_LIBRARY_PATH=/home/sentry-nov/code/colcon_3/install/rm_interface/lib:${LD_LIBRARY_PATH} PYTHONPATH=/home/sentry-nov/code/colcon_3/install/rm_interface/local/lib/python3.10/dist-packages:${PYTHONPATH} /usr/bin/cmake --build /home/sentry-nov/code/colcon_3/build/rm_serial -- -j12 -l12
[11.046s] Invoking command in '/home/sentry-nov/code/colcon_3/build/rm_serial': AMENT_PREFIX_PATH=/home/sentry-nov/code/colcon_3/install/rm_interface:/home/sentry-nov/code/colcon_3/install/debug_tools:${AMENT_PREFIX_PATH} CMAKE_PREFIX_PATH=/home/sentry-nov/code/colcon_3/install/rm_interface:/home/sentry-nov/code/colcon_3/install/debug_tools:/opt/ros/humble LD_LIBRARY_PATH=/home/sentry-nov/code/colcon_3/install/rm_interface/lib:${LD_LIBRARY_PATH} PYTHONPATH=/home/sentry-nov/code/colcon_3/install/rm_interface/local/lib/python3.10/dist-packages:${PYTHONPATH} /usr/bin/cmake --install /home/sentry-nov/code/colcon_3/build/rm_serial
[11.054s] -- Install configuration: "Release"
[11.057s] -- Installing: /home/sentry-nov/code/colcon_3/install/rm_serial/lib/rm_serial/rm_serial_rec_command_node
[11.059s] -- Set runtime path of "/home/sentry-nov/code/colcon_3/install/rm_serial/lib/rm_serial/rm_serial_rec_command_node" to ""
[11.060s] -- Up-to-date: /home/sentry-nov/code/colcon_3/install/rm_serial/lib/rm_serial/rm_serial_handle_datas_test
[11.062s] -- Up-to-date: /home/sentry-nov/code/colcon_3/install/rm_serial/lib/rm_serial/crc_test
[11.064s] -- Up-to-date: /home/sentry-nov/code/colcon_3/install/rm_serial/lib/rm_serial/serial_reader_test
[11.065s] -- Up-to-date: /home/sentry-nov/code/colcon_3/install/rm_serial/lib/rm_serial/serial_reader_reconnection_test
[11.065s] -- Up-to-date: /home/sentry-nov/code/colcon_3/install/rm_serial/share/ament_index/resource_index/package_run_dependencies/rm_serial
[11.065s] -- Up-to-date: /home/sentry-nov/code/colcon_3/install/rm_serial/share/ament_index/resource_index/parent_prefix_path/rm_serial
[11.065s] -- Up-to-date: /home/sentry-nov/code/colcon_3/install/rm_serial/share/rm_serial/environment/ament_prefix_path.sh
[11.066s] -- Up-to-date: /home/sentry-nov/code/colcon_3/install/rm_serial/share/rm_serial/environment/ament_prefix_path.dsv
[11.066s] -- Up-to-date: /home/sentry-nov/code/colcon_3/install/rm_serial/share/rm_serial/environment/path.sh
[11.066s] -- Up-to-date: /home/sentry-nov/code/colcon_3/install/rm_serial/share/rm_serial/environment/path.dsv
[11.066s] -- Up-to-date: /home/sentry-nov/code/colcon_3/install/rm_serial/share/rm_serial/local_setup.bash
[11.066s] -- Up-to-date: /home/sentry-nov/code/colcon_3/install/rm_serial/share/rm_serial/local_setup.sh
[11.066s] -- Up-to-date: /home/sentry-nov/code/colcon_3/install/rm_serial/share/rm_serial/local_setup.zsh
[11.066s] -- Up-to-date: /home/sentry-nov/code/colcon_3/install/rm_serial/share/rm_serial/local_setup.dsv
[11.066s] -- Installing: /home/sentry-nov/code/colcon_3/install/rm_serial/share/rm_serial/package.dsv
[11.066s] -- Up-to-date: /home/sentry-nov/code/colcon_3/install/rm_serial/share/ament_index/resource_index/packages/rm_serial
[11.066s] -- Up-to-date: /home/sentry-nov/code/colcon_3/install/rm_serial/share/rm_serial/cmake/rm_serialConfig.cmake
[11.066s] -- Up-to-date: /home/sentry-nov/code/colcon_3/install/rm_serial/share/rm_serial/cmake/rm_serialConfig-version.cmake
[11.066s] -- Up-to-date: /home/sentry-nov/code/colcon_3/install/rm_serial/share/rm_serial/package.xml
[11.069s] Invoked command in '/home/sentry-nov/code/colcon_3/build/rm_serial' returned '0': AMENT_PREFIX_PATH=/home/sentry-nov/code/colcon_3/install/rm_interface:/home/sentry-nov/code/colcon_3/install/debug_tools:${AMENT_PREFIX_PATH} CMAKE_PREFIX_PATH=/home/sentry-nov/code/colcon_3/install/rm_interface:/home/sentry-nov/code/colcon_3/install/debug_tools:/opt/ros/humble LD_LIBRARY_PATH=/home/sentry-nov/code/colcon_3/install/rm_interface/lib:${LD_LIBRARY_PATH} PYTHONPATH=/home/sentry-nov/code/colcon_3/install/rm_interface/local/lib/python3.10/dist-packages:${PYTHONPATH} /usr/bin/cmake --install /home/sentry-nov/code/colcon_3/build/rm_serial
