[0.011s] Invoking command in '/home/sentry-nov/code/colcon_3/build/path_planning': AMENT_PREFIX_PATH=/home/sentry-nov/code/colcon_3/install/z_related_map:/home/sentry-nov/code/colcon_3/install/debug_tools:${AMENT_PREFIX_PATH} CMAKE_PREFIX_PATH=/home/sentry-nov/code/colcon_3/install/z_related_map:/home/sentry-nov/code/colcon_3/install/debug_tools:/opt/ros/humble LD_LIBRARY_PATH=/home/sentry-nov/code/colcon_3/install/z_related_map/lib:${LD_LIBRARY_PATH} /usr/bin/cmake --build /home/sentry-nov/code/colcon_3/build/path_planning -- -j12 -l12
[0.073s] [ 20%] Built target test_hash_uuid_node
[0.075s] [ 40%] Built target test_set_hhid_node
[0.085s] [ 80%] Built target path_planning
[0.127s] [100%] Built target path_planning_ros_node
[0.141s] Invoked command in '/home/sentry-nov/code/colcon_3/build/path_planning' returned '0': AMENT_PREFIX_PATH=/home/sentry-nov/code/colcon_3/install/z_related_map:/home/sentry-nov/code/colcon_3/install/debug_tools:${AMENT_PREFIX_PATH} CMAKE_PREFIX_PATH=/home/sentry-nov/code/colcon_3/install/z_related_map:/home/sentry-nov/code/colcon_3/install/debug_tools:/opt/ros/humble LD_LIBRARY_PATH=/home/sentry-nov/code/colcon_3/install/z_related_map/lib:${LD_LIBRARY_PATH} /usr/bin/cmake --build /home/sentry-nov/code/colcon_3/build/path_planning -- -j12 -l12
[0.142s] Invoking command in '/home/sentry-nov/code/colcon_3/build/path_planning': AMENT_PREFIX_PATH=/home/sentry-nov/code/colcon_3/install/z_related_map:/home/sentry-nov/code/colcon_3/install/debug_tools:${AMENT_PREFIX_PATH} CMAKE_PREFIX_PATH=/home/sentry-nov/code/colcon_3/install/z_related_map:/home/sentry-nov/code/colcon_3/install/debug_tools:/opt/ros/humble LD_LIBRARY_PATH=/home/sentry-nov/code/colcon_3/install/z_related_map/lib:${LD_LIBRARY_PATH} /usr/bin/cmake --install /home/sentry-nov/code/colcon_3/build/path_planning
[0.151s] -- Install configuration: "Release"
[0.151s] -- Up-to-date: /home/sentry-nov/code/colcon_3/install/path_planning/lib/path_planning/test_hash_uuid_node
[0.152s] -- Up-to-date: /home/sentry-nov/code/colcon_3/install/path_planning/lib/path_planning/test_set_hhid_node
[0.152s] -- Up-to-date: /home/sentry-nov/code/colcon_3/install/path_planning/lib/libpath_planning.a
[0.152s] -- Up-to-date: /home/sentry-nov/code/colcon_3/install/path_planning/lib/path_planning/path_planning_ros_node
[0.152s] -- Up-to-date: /home/sentry-nov/code/colcon_3/install/path_planning/share/ament_index/resource_index/package_run_dependencies/path_planning
[0.153s] -- Up-to-date: /home/sentry-nov/code/colcon_3/install/path_planning/share/ament_index/resource_index/parent_prefix_path/path_planning
[0.153s] -- Up-to-date: /home/sentry-nov/code/colcon_3/install/path_planning/share/path_planning/environment/ament_prefix_path.sh
[0.153s] -- Up-to-date: /home/sentry-nov/code/colcon_3/install/path_planning/share/path_planning/environment/ament_prefix_path.dsv
[0.153s] -- Up-to-date: /home/sentry-nov/code/colcon_3/install/path_planning/share/path_planning/environment/path.sh
[0.153s] -- Up-to-date: /home/sentry-nov/code/colcon_3/install/path_planning/share/path_planning/environment/path.dsv
[0.153s] -- Up-to-date: /home/sentry-nov/code/colcon_3/install/path_planning/share/path_planning/local_setup.bash
[0.153s] -- Up-to-date: /home/sentry-nov/code/colcon_3/install/path_planning/share/path_planning/local_setup.sh
[0.153s] -- Up-to-date: /home/sentry-nov/code/colcon_3/install/path_planning/share/path_planning/local_setup.zsh
[0.153s] -- Up-to-date: /home/sentry-nov/code/colcon_3/install/path_planning/share/path_planning/local_setup.dsv
[0.153s] -- Installing: /home/sentry-nov/code/colcon_3/install/path_planning/share/path_planning/package.dsv
[0.153s] -- Up-to-date: /home/sentry-nov/code/colcon_3/install/path_planning/share/ament_index/resource_index/packages/path_planning
[0.153s] -- Up-to-date: /home/sentry-nov/code/colcon_3/install/path_planning/share/path_planning/cmake/path_planningConfig.cmake
[0.153s] -- Up-to-date: /home/sentry-nov/code/colcon_3/install/path_planning/share/path_planning/cmake/path_planningConfig-version.cmake
[0.153s] -- Up-to-date: /home/sentry-nov/code/colcon_3/install/path_planning/share/path_planning/package.xml
[0.155s] Invoked command in '/home/sentry-nov/code/colcon_3/build/path_planning' returned '0': AMENT_PREFIX_PATH=/home/sentry-nov/code/colcon_3/install/z_related_map:/home/sentry-nov/code/colcon_3/install/debug_tools:${AMENT_PREFIX_PATH} CMAKE_PREFIX_PATH=/home/sentry-nov/code/colcon_3/install/z_related_map:/home/sentry-nov/code/colcon_3/install/debug_tools:/opt/ros/humble LD_LIBRARY_PATH=/home/sentry-nov/code/colcon_3/install/z_related_map/lib:${LD_LIBRARY_PATH} /usr/bin/cmake --install /home/sentry-nov/code/colcon_3/build/path_planning
