[0.021s] Invoking command in '/home/sentry-nov/code/colcon_3/build/z_related_map': CMAKE_PREFIX_PATH=/home/sentry-nov/code/colcon_3/install/debug_tools:/home/sentry-nov/code/colcon_3/install/path_planning:/home/sentry-nov/code/colcon_3/install/z_related_map:/home/sentry-nov/code/colcon_3/install/tilted_lidar:/home/sentry-nov/code/colcon_3/install/rm_serial:/home/sentry-nov/code/colcon_3/install/motion_planning:/home/sentry-nov/code/colcon_3/install/ikd_tree_mapping:/home/sentry-nov/code/colcon_3/install/rm_interface:/home/sentry-nov/code/colcon_3/install/point_lio:/home/sentry-nov/code/colcon_3/install/m_detector:/home/sentry-nov/code/colcon_3/install/fast_lio:/home/sentry-nov/code/colcon_3/install/livox_ros_driver2:/home/sentry-nov/code/colcon_3/install/icp_relocalization:/home/sentry-nov/code/colcon_3/install/auto_start:/opt/ros/humble /usr/bin/cmake --build /home/sentry-nov/code/colcon_3/build/z_related_map -- -j12 -l12
[0.120s] [ 13%] Built target test_cloud_generator_node
[0.125s] [ 73%] Built target z_related_map
[0.183s] [ 86%] Built target test_node
[0.184s] [100%] Built target test_prob_node
[0.213s] Invoked command in '/home/sentry-nov/code/colcon_3/build/z_related_map' returned '0': CMAKE_PREFIX_PATH=/home/sentry-nov/code/colcon_3/install/debug_tools:/home/sentry-nov/code/colcon_3/install/path_planning:/home/sentry-nov/code/colcon_3/install/z_related_map:/home/sentry-nov/code/colcon_3/install/tilted_lidar:/home/sentry-nov/code/colcon_3/install/rm_serial:/home/sentry-nov/code/colcon_3/install/motion_planning:/home/sentry-nov/code/colcon_3/install/ikd_tree_mapping:/home/sentry-nov/code/colcon_3/install/rm_interface:/home/sentry-nov/code/colcon_3/install/point_lio:/home/sentry-nov/code/colcon_3/install/m_detector:/home/sentry-nov/code/colcon_3/install/fast_lio:/home/sentry-nov/code/colcon_3/install/livox_ros_driver2:/home/sentry-nov/code/colcon_3/install/icp_relocalization:/home/sentry-nov/code/colcon_3/install/auto_start:/opt/ros/humble /usr/bin/cmake --build /home/sentry-nov/code/colcon_3/build/z_related_map -- -j12 -l12
[0.214s] Invoking command in '/home/sentry-nov/code/colcon_3/build/z_related_map': CMAKE_PREFIX_PATH=/home/sentry-nov/code/colcon_3/install/debug_tools:/home/sentry-nov/code/colcon_3/install/path_planning:/home/sentry-nov/code/colcon_3/install/z_related_map:/home/sentry-nov/code/colcon_3/install/tilted_lidar:/home/sentry-nov/code/colcon_3/install/rm_serial:/home/sentry-nov/code/colcon_3/install/motion_planning:/home/sentry-nov/code/colcon_3/install/ikd_tree_mapping:/home/sentry-nov/code/colcon_3/install/rm_interface:/home/sentry-nov/code/colcon_3/install/point_lio:/home/sentry-nov/code/colcon_3/install/m_detector:/home/sentry-nov/code/colcon_3/install/fast_lio:/home/sentry-nov/code/colcon_3/install/livox_ros_driver2:/home/sentry-nov/code/colcon_3/install/icp_relocalization:/home/sentry-nov/code/colcon_3/install/auto_start:/opt/ros/humble /usr/bin/cmake --install /home/sentry-nov/code/colcon_3/build/z_related_map
[0.225s] -- Install configuration: "Release"
[0.225s] -- Up-to-date: /home/sentry-nov/code/colcon_3/install/z_related_map/share/z_related_map/environment/library_path.sh
[0.225s] -- Up-to-date: /home/sentry-nov/code/colcon_3/install/z_related_map/share/z_related_map/environment/library_path.dsv
[0.225s] -- Up-to-date: /home/sentry-nov/code/colcon_3/install/z_related_map/include
[0.225s] -- Up-to-date: /home/sentry-nov/code/colcon_3/install/z_related_map/include/z_related_map
[0.226s] -- Up-to-date: /home/sentry-nov/code/colcon_3/install/z_related_map/include/z_related_map/z_related_map_ros.h
[0.226s] -- Up-to-date: /home/sentry-nov/code/colcon_3/install/z_related_map/include/z_related_map/prob
[0.226s] -- Up-to-date: /home/sentry-nov/code/colcon_3/install/z_related_map/include/z_related_map/prob/sliding_map.h
[0.226s] -- Up-to-date: /home/sentry-nov/code/colcon_3/install/z_related_map/include/z_related_map/prob/prob_map.h
[0.226s] -- Up-to-date: /home/sentry-nov/code/colcon_3/install/z_related_map/include/z_related_map/prob/math_cal.hpp
[0.226s] -- Up-to-date: /home/sentry-nov/code/colcon_3/install/z_related_map/include/z_related_map/prob/counter_map.h
[0.226s] -- Up-to-date: /home/sentry-nov/code/colcon_3/install/z_related_map/include/z_related_map/prob/config.hpp
[0.226s] -- Up-to-date: /home/sentry-nov/code/colcon_3/install/z_related_map/include/z_related_map/prob/raycaster.h
[0.226s] -- Up-to-date: /home/sentry-nov/code/colcon_3/install/z_related_map/include/z_related_map/local_map.h
[0.226s] -- Up-to-date: /home/sentry-nov/code/colcon_3/install/z_related_map/include/z_related_map/cloud_generator.h
[0.226s] -- Up-to-date: /home/sentry-nov/code/colcon_3/install/z_related_map/include/z_related_map/global_map.h
[0.226s] -- Up-to-date: /home/sentry-nov/code/colcon_3/install/z_related_map/include/z_related_map/z_related_map.h
[0.226s] -- Up-to-date: /home/sentry-nov/code/colcon_3/install/z_related_map/lib/libz_related_map.a
[0.227s] -- Up-to-date: /home/sentry-nov/code/colcon_3/install/z_related_map/lib/z_related_map/test_cloud_generator_node
[0.227s] -- Up-to-date: /home/sentry-nov/code/colcon_3/install/z_related_map/lib/z_related_map/test_node
[0.227s] -- Up-to-date: /home/sentry-nov/code/colcon_3/install/z_related_map/lib/z_related_map/test_prob_node
[0.227s] -- Up-to-date: /home/sentry-nov/code/colcon_3/install/z_related_map/share/ament_index/resource_index/package_run_dependencies/z_related_map
[0.227s] -- Up-to-date: /home/sentry-nov/code/colcon_3/install/z_related_map/share/ament_index/resource_index/parent_prefix_path/z_related_map
[0.227s] -- Up-to-date: /home/sentry-nov/code/colcon_3/install/z_related_map/share/z_related_map/environment/ament_prefix_path.sh
[0.227s] -- Up-to-date: /home/sentry-nov/code/colcon_3/install/z_related_map/share/z_related_map/environment/ament_prefix_path.dsv
[0.228s] -- Up-to-date: /home/sentry-nov/code/colcon_3/install/z_related_map/share/z_related_map/environment/path.sh
[0.228s] -- Up-to-date: /home/sentry-nov/code/colcon_3/install/z_related_map/share/z_related_map/environment/path.dsv
[0.228s] -- Up-to-date: /home/sentry-nov/code/colcon_3/install/z_related_map/share/z_related_map/local_setup.bash
[0.228s] -- Up-to-date: /home/sentry-nov/code/colcon_3/install/z_related_map/share/z_related_map/local_setup.sh
[0.228s] -- Up-to-date: /home/sentry-nov/code/colcon_3/install/z_related_map/share/z_related_map/local_setup.zsh
[0.228s] -- Up-to-date: /home/sentry-nov/code/colcon_3/install/z_related_map/share/z_related_map/local_setup.dsv
[0.228s] -- Installing: /home/sentry-nov/code/colcon_3/install/z_related_map/share/z_related_map/package.dsv
[0.229s] -- Up-to-date: /home/sentry-nov/code/colcon_3/install/z_related_map/share/ament_index/resource_index/packages/z_related_map
[0.229s] -- Up-to-date: /home/sentry-nov/code/colcon_3/install/z_related_map/share/z_related_map/cmake/ament_cmake_export_include_directories-extras.cmake
[0.229s] -- Up-to-date: /home/sentry-nov/code/colcon_3/install/z_related_map/share/z_related_map/cmake/ament_cmake_export_libraries-extras.cmake
[0.229s] -- Up-to-date: /home/sentry-nov/code/colcon_3/install/z_related_map/share/z_related_map/cmake/z_related_mapConfig.cmake
[0.229s] -- Up-to-date: /home/sentry-nov/code/colcon_3/install/z_related_map/share/z_related_map/cmake/z_related_mapConfig-version.cmake
[0.229s] -- Up-to-date: /home/sentry-nov/code/colcon_3/install/z_related_map/share/z_related_map/package.xml
[0.233s] Invoked command in '/home/sentry-nov/code/colcon_3/build/z_related_map' returned '0': CMAKE_PREFIX_PATH=/home/sentry-nov/code/colcon_3/install/debug_tools:/home/sentry-nov/code/colcon_3/install/path_planning:/home/sentry-nov/code/colcon_3/install/z_related_map:/home/sentry-nov/code/colcon_3/install/tilted_lidar:/home/sentry-nov/code/colcon_3/install/rm_serial:/home/sentry-nov/code/colcon_3/install/motion_planning:/home/sentry-nov/code/colcon_3/install/ikd_tree_mapping:/home/sentry-nov/code/colcon_3/install/rm_interface:/home/sentry-nov/code/colcon_3/install/point_lio:/home/sentry-nov/code/colcon_3/install/m_detector:/home/sentry-nov/code/colcon_3/install/fast_lio:/home/sentry-nov/code/colcon_3/install/livox_ros_driver2:/home/sentry-nov/code/colcon_3/install/icp_relocalization:/home/sentry-nov/code/colcon_3/install/auto_start:/opt/ros/humble /usr/bin/cmake --install /home/sentry-nov/code/colcon_3/build/z_related_map
