[0.102s] DEBUG:colcon:Command line arguments: ['/usr/bin/colcon', 'build', '--cmake-args', '-DCMAKE_BUILD_TYPE=Release', '--packages-select', 'auto_start', 'altitude_map', 'path_planning', 'motion_planning']
[0.102s] DEBUG:colcon:Parsed command line arguments: Namespace(log_base=None, log_level=None, verb_name='build', build_base='build', install_base='install', merge_install=False, symlink_install=False, test_result_base=None, continue_on_error=False, executor='parallel', parallel_workers=12, event_handlers=None, ignore_user_meta=False, metas=['./colcon.meta'], base_paths=['.'], packages_ignore=None, packages_ignore_regex=None, paths=None, packages_up_to=None, packages_up_to_regex=None, packages_above=None, packages_above_and_dependencies=None, packages_above_depth=None, packages_select_by_dep=None, packages_skip_by_dep=None, packages_skip_up_to=None, packages_select_build_failed=False, packages_skip_build_finished=False, packages_select_test_failures=False, packages_skip_test_passed=False, packages_select=['auto_start', 'altitude_map', 'path_planning', 'motion_planning'], packages_skip=None, packages_select_regex=None, packages_skip_regex=None, packages_start=None, packages_end=None, allow_overriding=[], cmake_args=['-DCMAKE_BUILD_TYPE=Release'], cmake_target=None, cmake_target_skip_unavailable=False, cmake_clean_cache=False, cmake_clean_first=False, cmake_force_configure=False, ament_cmake_args=None, catkin_cmake_args=None, catkin_skip_building_tests=False, mixin_files=None, mixin=None, verb_parser=<colcon_mixin.mixin.mixin_argument.MixinArgumentDecorator object at 0x7f2bc3fbd7e0>, verb_extension=<colcon_core.verb.build.BuildVerb object at 0x7f2bc3fbd270>, main=<bound method BuildVerb.main of <colcon_core.verb.build.BuildVerb object at 0x7f2bc3fbd270>>, mixin_verb=('build',))
[0.260s] Level 1:colcon.colcon_core.package_discovery:discover_packages(colcon_meta) check parameters
[0.260s] Level 1:colcon.colcon_core.package_discovery:discover_packages(recursive) check parameters
[0.260s] Level 1:colcon.colcon_core.package_discovery:discover_packages(ignore) check parameters
[0.260s] Level 1:colcon.colcon_core.package_discovery:discover_packages(path) check parameters
[0.260s] Level 1:colcon.colcon_core.package_discovery:discover_packages(colcon_meta) discover
[0.260s] Level 1:colcon.colcon_core.package_discovery:discover_packages(recursive) discover
[0.260s] INFO:colcon.colcon_core.package_discovery:Crawling recursively for packages in '/home/sentry-nov/code/colcon_3'
[0.261s] Level 1:colcon.colcon_core.package_identification:_identify(.) by extensions ['ignore', 'ignore_ament_install']
[0.261s] Level 1:colcon.colcon_core.package_identification:_identify(.) by extension 'ignore'
[0.261s] Level 1:colcon.colcon_core.package_identification:_identify(.) by extension 'ignore_ament_install'
[0.261s] Level 1:colcon.colcon_core.package_identification:_identify(.) by extensions ['colcon_pkg']
[0.261s] Level 1:colcon.colcon_core.package_identification:_identify(.) by extension 'colcon_pkg'
[0.261s] Level 1:colcon.colcon_core.package_identification:_identify(.) by extensions ['colcon_meta']
[0.261s] Level 1:colcon.colcon_core.package_identification:_identify(.) by extension 'colcon_meta'
[0.261s] Level 1:colcon.colcon_core.package_identification:_identify(.) by extensions ['ros']
[0.261s] Level 1:colcon.colcon_core.package_identification:_identify(.) by extension 'ros'
[0.271s] Level 1:colcon.colcon_core.package_identification:_identify(.) by extensions ['cmake', 'python']
[0.272s] Level 1:colcon.colcon_core.package_identification:_identify(.) by extension 'cmake'
[0.272s] Level 1:colcon.colcon_core.package_identification:_identify(.) by extension 'python'
[0.272s] Level 1:colcon.colcon_core.package_identification:_identify(.) by extensions ['python_setup_py']
[0.272s] Level 1:colcon.colcon_core.package_identification:_identify(.) by extension 'python_setup_py'
[0.272s] Level 1:colcon.colcon_core.package_identification:_identify(build) by extensions ['ignore', 'ignore_ament_install']
[0.272s] Level 1:colcon.colcon_core.package_identification:_identify(build) by extension 'ignore'
[0.272s] Level 1:colcon.colcon_core.package_identification:_identify(build) ignored
[0.272s] Level 1:colcon.colcon_core.package_identification:_identify(install) by extensions ['ignore', 'ignore_ament_install']
[0.273s] Level 1:colcon.colcon_core.package_identification:_identify(install) by extension 'ignore'
[0.273s] Level 1:colcon.colcon_core.package_identification:_identify(install) ignored
[0.273s] Level 1:colcon.colcon_core.package_identification:_identify(log) by extensions ['ignore', 'ignore_ament_install']
[0.273s] Level 1:colcon.colcon_core.package_identification:_identify(log) by extension 'ignore'
[0.273s] Level 1:colcon.colcon_core.package_identification:_identify(log) ignored
[0.273s] Level 1:colcon.colcon_core.package_identification:_identify(src) by extensions ['ignore', 'ignore_ament_install']
[0.273s] Level 1:colcon.colcon_core.package_identification:_identify(src) by extension 'ignore'
[0.273s] Level 1:colcon.colcon_core.package_identification:_identify(src) by extension 'ignore_ament_install'
[0.273s] Level 1:colcon.colcon_core.package_identification:_identify(src) by extensions ['colcon_pkg']
[0.273s] Level 1:colcon.colcon_core.package_identification:_identify(src) by extension 'colcon_pkg'
[0.273s] Level 1:colcon.colcon_core.package_identification:_identify(src) by extensions ['colcon_meta']
[0.274s] Level 1:colcon.colcon_core.package_identification:_identify(src) by extension 'colcon_meta'
[0.274s] Level 1:colcon.colcon_core.package_identification:_identify(src) by extensions ['ros']
[0.274s] Level 1:colcon.colcon_core.package_identification:_identify(src) by extension 'ros'
[0.274s] Level 1:colcon.colcon_core.package_identification:_identify(src) by extensions ['cmake', 'python']
[0.274s] Level 1:colcon.colcon_core.package_identification:_identify(src) by extension 'cmake'
[0.274s] Level 1:colcon.colcon_core.package_identification:_identify(src) by extension 'python'
[0.274s] Level 1:colcon.colcon_core.package_identification:_identify(src) by extensions ['python_setup_py']
[0.274s] Level 1:colcon.colcon_core.package_identification:_identify(src) by extension 'python_setup_py'
[0.274s] Level 1:colcon.colcon_core.package_identification:_identify(src/BehaviorTree.CPP) by extensions ['ignore', 'ignore_ament_install']
[0.274s] Level 1:colcon.colcon_core.package_identification:_identify(src/BehaviorTree.CPP) by extension 'ignore'
[0.274s] Level 1:colcon.colcon_core.package_identification:_identify(src/BehaviorTree.CPP) by extension 'ignore_ament_install'
[0.274s] Level 1:colcon.colcon_core.package_identification:_identify(src/BehaviorTree.CPP) by extensions ['colcon_pkg']
[0.274s] Level 1:colcon.colcon_core.package_identification:_identify(src/BehaviorTree.CPP) by extension 'colcon_pkg'
[0.274s] Level 1:colcon.colcon_core.package_identification:_identify(src/BehaviorTree.CPP) by extensions ['colcon_meta']
[0.274s] Level 1:colcon.colcon_core.package_identification:_identify(src/BehaviorTree.CPP) by extension 'colcon_meta'
[0.274s] Level 1:colcon.colcon_core.package_identification:_identify(src/BehaviorTree.CPP) by extensions ['ros']
[0.274s] Level 1:colcon.colcon_core.package_identification:_identify(src/BehaviorTree.CPP) by extension 'ros'
[0.281s] DEBUG:colcon.colcon_core.package_identification:Package 'src/BehaviorTree.CPP' with type 'ros.ament_cmake' and name 'behaviortree_cpp'
[0.281s] Level 1:colcon.colcon_core.package_identification:_identify(src/auto_start) by extensions ['ignore', 'ignore_ament_install']
[0.281s] Level 1:colcon.colcon_core.package_identification:_identify(src/auto_start) by extension 'ignore'
[0.281s] Level 1:colcon.colcon_core.package_identification:_identify(src/auto_start) by extension 'ignore_ament_install'
[0.281s] Level 1:colcon.colcon_core.package_identification:_identify(src/auto_start) by extensions ['colcon_pkg']
[0.281s] Level 1:colcon.colcon_core.package_identification:_identify(src/auto_start) by extension 'colcon_pkg'
[0.281s] Level 1:colcon.colcon_core.package_identification:_identify(src/auto_start) by extensions ['colcon_meta']
[0.281s] Level 1:colcon.colcon_core.package_identification:_identify(src/auto_start) by extension 'colcon_meta'
[0.281s] Level 1:colcon.colcon_core.package_identification:_identify(src/auto_start) by extensions ['ros']
[0.281s] Level 1:colcon.colcon_core.package_identification:_identify(src/auto_start) by extension 'ros'
[0.282s] DEBUG:colcon.colcon_core.package_identification:Package 'src/auto_start' with type 'ros.ament_cmake' and name 'auto_start'
[0.282s] Level 1:colcon.colcon_core.package_identification:_identify(src/common) by extensions ['ignore', 'ignore_ament_install']
[0.282s] Level 1:colcon.colcon_core.package_identification:_identify(src/common) by extension 'ignore'
[0.282s] Level 1:colcon.colcon_core.package_identification:_identify(src/common) by extension 'ignore_ament_install'
[0.282s] Level 1:colcon.colcon_core.package_identification:_identify(src/common) by extensions ['colcon_pkg']
[0.282s] Level 1:colcon.colcon_core.package_identification:_identify(src/common) by extension 'colcon_pkg'
[0.282s] Level 1:colcon.colcon_core.package_identification:_identify(src/common) by extensions ['colcon_meta']
[0.282s] Level 1:colcon.colcon_core.package_identification:_identify(src/common) by extension 'colcon_meta'
[0.282s] Level 1:colcon.colcon_core.package_identification:_identify(src/common) by extensions ['ros']
[0.282s] Level 1:colcon.colcon_core.package_identification:_identify(src/common) by extension 'ros'
[0.282s] Level 1:colcon.colcon_core.package_identification:_identify(src/common) by extensions ['cmake', 'python']
[0.282s] Level 1:colcon.colcon_core.package_identification:_identify(src/common) by extension 'cmake'
[0.282s] Level 1:colcon.colcon_core.package_identification:_identify(src/common) by extension 'python'
[0.282s] Level 1:colcon.colcon_core.package_identification:_identify(src/common) by extensions ['python_setup_py']
[0.282s] Level 1:colcon.colcon_core.package_identification:_identify(src/common) by extension 'python_setup_py'
[0.282s] Level 1:colcon.colcon_core.package_identification:_identify(src/common/debug_tools) by extensions ['ignore', 'ignore_ament_install']
[0.282s] Level 1:colcon.colcon_core.package_identification:_identify(src/common/debug_tools) by extension 'ignore'
[0.282s] Level 1:colcon.colcon_core.package_identification:_identify(src/common/debug_tools) by extension 'ignore_ament_install'
[0.283s] Level 1:colcon.colcon_core.package_identification:_identify(src/common/debug_tools) by extensions ['colcon_pkg']
[0.283s] Level 1:colcon.colcon_core.package_identification:_identify(src/common/debug_tools) by extension 'colcon_pkg'
[0.283s] Level 1:colcon.colcon_core.package_identification:_identify(src/common/debug_tools) by extensions ['colcon_meta']
[0.283s] Level 1:colcon.colcon_core.package_identification:_identify(src/common/debug_tools) by extension 'colcon_meta'
[0.283s] Level 1:colcon.colcon_core.package_identification:_identify(src/common/debug_tools) by extensions ['ros']
[0.283s] Level 1:colcon.colcon_core.package_identification:_identify(src/common/debug_tools) by extension 'ros'
[0.283s] DEBUG:colcon.colcon_core.package_identification:Package 'src/common/debug_tools' with type 'ros.ament_cmake' and name 'debug_tools'
[0.283s] Level 1:colcon.colcon_core.package_identification:_identify(src/common/livox_ros_driver2) by extensions ['ignore', 'ignore_ament_install']
[0.283s] Level 1:colcon.colcon_core.package_identification:_identify(src/common/livox_ros_driver2) by extension 'ignore'
[0.283s] Level 1:colcon.colcon_core.package_identification:_identify(src/common/livox_ros_driver2) by extension 'ignore_ament_install'
[0.283s] Level 1:colcon.colcon_core.package_identification:_identify(src/common/livox_ros_driver2) by extensions ['colcon_pkg']
[0.284s] Level 1:colcon.colcon_core.package_identification:_identify(src/common/livox_ros_driver2) by extension 'colcon_pkg'
[0.284s] Level 1:colcon.colcon_core.package_identification:_identify(src/common/livox_ros_driver2) by extensions ['colcon_meta']
[0.284s] Level 1:colcon.colcon_core.package_identification:_identify(src/common/livox_ros_driver2) by extension 'colcon_meta'
[0.284s] Level 1:colcon.colcon_core.package_identification:_identify(src/common/livox_ros_driver2) by extensions ['ros']
[0.284s] Level 1:colcon.colcon_core.package_identification:_identify(src/common/livox_ros_driver2) by extension 'ros'
[0.285s] DEBUG:colcon.colcon_core.package_identification:Package 'src/common/livox_ros_driver2' with type 'ros.ament_cmake' and name 'livox_ros_driver2'
[0.285s] Level 1:colcon.colcon_core.package_identification:_identify(src/common/rm_decision) by extensions ['ignore', 'ignore_ament_install']
[0.285s] Level 1:colcon.colcon_core.package_identification:_identify(src/common/rm_decision) by extension 'ignore'
[0.285s] Level 1:colcon.colcon_core.package_identification:_identify(src/common/rm_decision) by extension 'ignore_ament_install'
[0.285s] Level 1:colcon.colcon_core.package_identification:_identify(src/common/rm_decision) by extensions ['colcon_pkg']
[0.285s] Level 1:colcon.colcon_core.package_identification:_identify(src/common/rm_decision) by extension 'colcon_pkg'
[0.285s] Level 1:colcon.colcon_core.package_identification:_identify(src/common/rm_decision) by extensions ['colcon_meta']
[0.285s] Level 1:colcon.colcon_core.package_identification:_identify(src/common/rm_decision) by extension 'colcon_meta'
[0.285s] Level 1:colcon.colcon_core.package_identification:_identify(src/common/rm_decision) by extensions ['ros']
[0.285s] Level 1:colcon.colcon_core.package_identification:_identify(src/common/rm_decision) by extension 'ros'
[0.286s] DEBUG:colcon.colcon_core.package_identification:Package 'src/common/rm_decision' with type 'ros.ament_cmake' and name 'rm_decision'
[0.286s] Level 1:colcon.colcon_core.package_identification:_identify(src/common/rm_interface) by extensions ['ignore', 'ignore_ament_install']
[0.286s] Level 1:colcon.colcon_core.package_identification:_identify(src/common/rm_interface) by extension 'ignore'
[0.286s] Level 1:colcon.colcon_core.package_identification:_identify(src/common/rm_interface) by extension 'ignore_ament_install'
[0.286s] Level 1:colcon.colcon_core.package_identification:_identify(src/common/rm_interface) by extensions ['colcon_pkg']
[0.286s] Level 1:colcon.colcon_core.package_identification:_identify(src/common/rm_interface) by extension 'colcon_pkg'
[0.286s] Level 1:colcon.colcon_core.package_identification:_identify(src/common/rm_interface) by extensions ['colcon_meta']
[0.286s] Level 1:colcon.colcon_core.package_identification:_identify(src/common/rm_interface) by extension 'colcon_meta'
[0.286s] Level 1:colcon.colcon_core.package_identification:_identify(src/common/rm_interface) by extensions ['ros']
[0.286s] Level 1:colcon.colcon_core.package_identification:_identify(src/common/rm_interface) by extension 'ros'
[0.287s] DEBUG:colcon.colcon_core.package_identification:Package 'src/common/rm_interface' with type 'ros.ament_cmake' and name 'rm_interface'
[0.287s] Level 1:colcon.colcon_core.package_identification:_identify(src/common/rm_serial) by extensions ['ignore', 'ignore_ament_install']
[0.287s] Level 1:colcon.colcon_core.package_identification:_identify(src/common/rm_serial) by extension 'ignore'
[0.287s] Level 1:colcon.colcon_core.package_identification:_identify(src/common/rm_serial) by extension 'ignore_ament_install'
[0.287s] Level 1:colcon.colcon_core.package_identification:_identify(src/common/rm_serial) by extensions ['colcon_pkg']
[0.287s] Level 1:colcon.colcon_core.package_identification:_identify(src/common/rm_serial) by extension 'colcon_pkg'
[0.287s] Level 1:colcon.colcon_core.package_identification:_identify(src/common/rm_serial) by extensions ['colcon_meta']
[0.287s] Level 1:colcon.colcon_core.package_identification:_identify(src/common/rm_serial) by extension 'colcon_meta'
[0.287s] Level 1:colcon.colcon_core.package_identification:_identify(src/common/rm_serial) by extensions ['ros']
[0.287s] Level 1:colcon.colcon_core.package_identification:_identify(src/common/rm_serial) by extension 'ros'
[0.288s] DEBUG:colcon.colcon_core.package_identification:Package 'src/common/rm_serial' with type 'ros.ament_cmake' and name 'rm_serial'
[0.288s] Level 1:colcon.colcon_core.package_identification:_identify(src/common/rviz_plugin) by extensions ['ignore', 'ignore_ament_install']
[0.288s] Level 1:colcon.colcon_core.package_identification:_identify(src/common/rviz_plugin) by extension 'ignore'
[0.288s] Level 1:colcon.colcon_core.package_identification:_identify(src/common/rviz_plugin) by extension 'ignore_ament_install'
[0.288s] Level 1:colcon.colcon_core.package_identification:_identify(src/common/rviz_plugin) by extensions ['colcon_pkg']
[0.288s] Level 1:colcon.colcon_core.package_identification:_identify(src/common/rviz_plugin) by extension 'colcon_pkg'
[0.288s] Level 1:colcon.colcon_core.package_identification:_identify(src/common/rviz_plugin) by extensions ['colcon_meta']
[0.288s] Level 1:colcon.colcon_core.package_identification:_identify(src/common/rviz_plugin) by extension 'colcon_meta'
[0.288s] Level 1:colcon.colcon_core.package_identification:_identify(src/common/rviz_plugin) by extensions ['ros']
[0.288s] Level 1:colcon.colcon_core.package_identification:_identify(src/common/rviz_plugin) by extension 'ros'
[0.289s] DEBUG:colcon.colcon_core.package_identification:Package 'src/common/rviz_plugin' with type 'ros.ament_cmake' and name 'rviz_plugin'
[0.289s] Level 1:colcon.colcon_core.package_identification:_identify(src/navigation) by extensions ['ignore', 'ignore_ament_install']
[0.289s] Level 1:colcon.colcon_core.package_identification:_identify(src/navigation) by extension 'ignore'
[0.289s] Level 1:colcon.colcon_core.package_identification:_identify(src/navigation) by extension 'ignore_ament_install'
[0.289s] Level 1:colcon.colcon_core.package_identification:_identify(src/navigation) by extensions ['colcon_pkg']
[0.289s] Level 1:colcon.colcon_core.package_identification:_identify(src/navigation) by extension 'colcon_pkg'
[0.289s] Level 1:colcon.colcon_core.package_identification:_identify(src/navigation) by extensions ['colcon_meta']
[0.289s] Level 1:colcon.colcon_core.package_identification:_identify(src/navigation) by extension 'colcon_meta'
[0.289s] Level 1:colcon.colcon_core.package_identification:_identify(src/navigation) by extensions ['ros']
[0.289s] Level 1:colcon.colcon_core.package_identification:_identify(src/navigation) by extension 'ros'
[0.289s] Level 1:colcon.colcon_core.package_identification:_identify(src/navigation) by extensions ['cmake', 'python']
[0.289s] Level 1:colcon.colcon_core.package_identification:_identify(src/navigation) by extension 'cmake'
[0.289s] Level 1:colcon.colcon_core.package_identification:_identify(src/navigation) by extension 'python'
[0.289s] Level 1:colcon.colcon_core.package_identification:_identify(src/navigation) by extensions ['python_setup_py']
[0.289s] Level 1:colcon.colcon_core.package_identification:_identify(src/navigation) by extension 'python_setup_py'
[0.289s] Level 1:colcon.colcon_core.package_identification:_identify(src/navigation/altitude_map) by extensions ['ignore', 'ignore_ament_install']
[0.290s] Level 1:colcon.colcon_core.package_identification:_identify(src/navigation/altitude_map) by extension 'ignore'
[0.290s] Level 1:colcon.colcon_core.package_identification:_identify(src/navigation/altitude_map) by extension 'ignore_ament_install'
[0.290s] Level 1:colcon.colcon_core.package_identification:_identify(src/navigation/altitude_map) by extensions ['colcon_pkg']
[0.290s] Level 1:colcon.colcon_core.package_identification:_identify(src/navigation/altitude_map) by extension 'colcon_pkg'
[0.290s] Level 1:colcon.colcon_core.package_identification:_identify(src/navigation/altitude_map) by extensions ['colcon_meta']
[0.290s] Level 1:colcon.colcon_core.package_identification:_identify(src/navigation/altitude_map) by extension 'colcon_meta'
[0.290s] Level 1:colcon.colcon_core.package_identification:_identify(src/navigation/altitude_map) by extensions ['ros']
[0.290s] Level 1:colcon.colcon_core.package_identification:_identify(src/navigation/altitude_map) by extension 'ros'
[0.290s] DEBUG:colcon.colcon_core.package_identification:Package 'src/navigation/altitude_map' with type 'ros.ament_cmake' and name 'altitude_map'
[0.291s] Level 1:colcon.colcon_core.package_identification:_identify(src/navigation/motion_planning) by extensions ['ignore', 'ignore_ament_install']
[0.291s] Level 1:colcon.colcon_core.package_identification:_identify(src/navigation/motion_planning) by extension 'ignore'
[0.291s] Level 1:colcon.colcon_core.package_identification:_identify(src/navigation/motion_planning) by extension 'ignore_ament_install'
[0.291s] Level 1:colcon.colcon_core.package_identification:_identify(src/navigation/motion_planning) by extensions ['colcon_pkg']
[0.291s] Level 1:colcon.colcon_core.package_identification:_identify(src/navigation/motion_planning) by extension 'colcon_pkg'
[0.291s] Level 1:colcon.colcon_core.package_identification:_identify(src/navigation/motion_planning) by extensions ['colcon_meta']
[0.291s] Level 1:colcon.colcon_core.package_identification:_identify(src/navigation/motion_planning) by extension 'colcon_meta'
[0.291s] Level 1:colcon.colcon_core.package_identification:_identify(src/navigation/motion_planning) by extensions ['ros']
[0.291s] Level 1:colcon.colcon_core.package_identification:_identify(src/navigation/motion_planning) by extension 'ros'
[0.292s] DEBUG:colcon.colcon_core.package_identification:Package 'src/navigation/motion_planning' with type 'ros.ament_cmake' and name 'motion_planning'
[0.292s] Level 1:colcon.colcon_core.package_identification:_identify(src/navigation/path_planning) by extensions ['ignore', 'ignore_ament_install']
[0.292s] Level 1:colcon.colcon_core.package_identification:_identify(src/navigation/path_planning) by extension 'ignore'
[0.292s] Level 1:colcon.colcon_core.package_identification:_identify(src/navigation/path_planning) by extension 'ignore_ament_install'
[0.292s] Level 1:colcon.colcon_core.package_identification:_identify(src/navigation/path_planning) by extensions ['colcon_pkg']
[0.292s] Level 1:colcon.colcon_core.package_identification:_identify(src/navigation/path_planning) by extension 'colcon_pkg'
[0.292s] Level 1:colcon.colcon_core.package_identification:_identify(src/navigation/path_planning) by extensions ['colcon_meta']
[0.292s] Level 1:colcon.colcon_core.package_identification:_identify(src/navigation/path_planning) by extension 'colcon_meta'
[0.292s] Level 1:colcon.colcon_core.package_identification:_identify(src/navigation/path_planning) by extensions ['ros']
[0.292s] Level 1:colcon.colcon_core.package_identification:_identify(src/navigation/path_planning) by extension 'ros'
[0.293s] DEBUG:colcon.colcon_core.package_identification:Package 'src/navigation/path_planning' with type 'ros.ament_cmake' and name 'path_planning'
[0.293s] Level 1:colcon.colcon_core.package_identification:_identify(src/sentry_decision_system) by extensions ['ignore', 'ignore_ament_install']
[0.293s] Level 1:colcon.colcon_core.package_identification:_identify(src/sentry_decision_system) by extension 'ignore'
[0.293s] Level 1:colcon.colcon_core.package_identification:_identify(src/sentry_decision_system) by extension 'ignore_ament_install'
[0.293s] Level 1:colcon.colcon_core.package_identification:_identify(src/sentry_decision_system) by extensions ['colcon_pkg']
[0.293s] Level 1:colcon.colcon_core.package_identification:_identify(src/sentry_decision_system) by extension 'colcon_pkg'
[0.293s] Level 1:colcon.colcon_core.package_identification:_identify(src/sentry_decision_system) by extensions ['colcon_meta']
[0.293s] Level 1:colcon.colcon_core.package_identification:_identify(src/sentry_decision_system) by extension 'colcon_meta'
[0.294s] Level 1:colcon.colcon_core.package_identification:_identify(src/sentry_decision_system) by extensions ['ros']
[0.294s] Level 1:colcon.colcon_core.package_identification:_identify(src/sentry_decision_system) by extension 'ros'
[0.294s] DEBUG:colcon.colcon_core.package_identification:Package 'src/sentry_decision_system' with type 'ros.ament_cmake' and name 'sentry_decision_system'
[0.294s] Level 1:colcon.colcon_core.package_identification:_identify(src/slam) by extensions ['ignore', 'ignore_ament_install']
[0.294s] Level 1:colcon.colcon_core.package_identification:_identify(src/slam) by extension 'ignore'
[0.294s] Level 1:colcon.colcon_core.package_identification:_identify(src/slam) by extension 'ignore_ament_install'
[0.294s] Level 1:colcon.colcon_core.package_identification:_identify(src/slam) by extensions ['colcon_pkg']
[0.294s] Level 1:colcon.colcon_core.package_identification:_identify(src/slam) by extension 'colcon_pkg'
[0.294s] Level 1:colcon.colcon_core.package_identification:_identify(src/slam) by extensions ['colcon_meta']
[0.294s] Level 1:colcon.colcon_core.package_identification:_identify(src/slam) by extension 'colcon_meta'
[0.294s] Level 1:colcon.colcon_core.package_identification:_identify(src/slam) by extensions ['ros']
[0.295s] Level 1:colcon.colcon_core.package_identification:_identify(src/slam) by extension 'ros'
[0.295s] Level 1:colcon.colcon_core.package_identification:_identify(src/slam) by extensions ['cmake', 'python']
[0.295s] Level 1:colcon.colcon_core.package_identification:_identify(src/slam) by extension 'cmake'
[0.295s] Level 1:colcon.colcon_core.package_identification:_identify(src/slam) by extension 'python'
[0.295s] Level 1:colcon.colcon_core.package_identification:_identify(src/slam) by extensions ['python_setup_py']
[0.295s] Level 1:colcon.colcon_core.package_identification:_identify(src/slam) by extension 'python_setup_py'
[0.295s] Level 1:colcon.colcon_core.package_identification:_identify(src/slam/FAST_LIO-ROS2) by extensions ['ignore', 'ignore_ament_install']
[0.295s] Level 1:colcon.colcon_core.package_identification:_identify(src/slam/FAST_LIO-ROS2) by extension 'ignore'
[0.295s] Level 1:colcon.colcon_core.package_identification:_identify(src/slam/FAST_LIO-ROS2) by extension 'ignore_ament_install'
[0.295s] Level 1:colcon.colcon_core.package_identification:_identify(src/slam/FAST_LIO-ROS2) by extensions ['colcon_pkg']
[0.295s] Level 1:colcon.colcon_core.package_identification:_identify(src/slam/FAST_LIO-ROS2) by extension 'colcon_pkg'
[0.295s] Level 1:colcon.colcon_core.package_identification:_identify(src/slam/FAST_LIO-ROS2) by extensions ['colcon_meta']
[0.295s] Level 1:colcon.colcon_core.package_identification:_identify(src/slam/FAST_LIO-ROS2) by extension 'colcon_meta'
[0.295s] Level 1:colcon.colcon_core.package_identification:_identify(src/slam/FAST_LIO-ROS2) by extensions ['ros']
[0.295s] Level 1:colcon.colcon_core.package_identification:_identify(src/slam/FAST_LIO-ROS2) by extension 'ros'
[0.296s] DEBUG:colcon.colcon_core.package_identification:Package 'src/slam/FAST_LIO-ROS2' with type 'ros.ament_cmake' and name 'fast_lio'
[0.296s] Level 1:colcon.colcon_core.package_identification:_identify(src/slam/icp_relocalization) by extensions ['ignore', 'ignore_ament_install']
[0.296s] Level 1:colcon.colcon_core.package_identification:_identify(src/slam/icp_relocalization) by extension 'ignore'
[0.296s] Level 1:colcon.colcon_core.package_identification:_identify(src/slam/icp_relocalization) by extension 'ignore_ament_install'
[0.296s] Level 1:colcon.colcon_core.package_identification:_identify(src/slam/icp_relocalization) by extensions ['colcon_pkg']
[0.296s] Level 1:colcon.colcon_core.package_identification:_identify(src/slam/icp_relocalization) by extension 'colcon_pkg'
[0.296s] Level 1:colcon.colcon_core.package_identification:_identify(src/slam/icp_relocalization) by extensions ['colcon_meta']
[0.296s] Level 1:colcon.colcon_core.package_identification:_identify(src/slam/icp_relocalization) by extension 'colcon_meta'
[0.296s] Level 1:colcon.colcon_core.package_identification:_identify(src/slam/icp_relocalization) by extensions ['ros']
[0.296s] Level 1:colcon.colcon_core.package_identification:_identify(src/slam/icp_relocalization) by extension 'ros'
[0.297s] DEBUG:colcon.colcon_core.package_identification:Package 'src/slam/icp_relocalization' with type 'ros.ament_cmake' and name 'icp_relocalization'
[0.297s] Level 1:colcon.colcon_core.package_identification:_identify(src/slam/ikd_tree_mapping) by extensions ['ignore', 'ignore_ament_install']
[0.297s] Level 1:colcon.colcon_core.package_identification:_identify(src/slam/ikd_tree_mapping) by extension 'ignore'
[0.297s] Level 1:colcon.colcon_core.package_identification:_identify(src/slam/ikd_tree_mapping) by extension 'ignore_ament_install'
[0.297s] Level 1:colcon.colcon_core.package_identification:_identify(src/slam/ikd_tree_mapping) by extensions ['colcon_pkg']
[0.297s] Level 1:colcon.colcon_core.package_identification:_identify(src/slam/ikd_tree_mapping) by extension 'colcon_pkg'
[0.297s] Level 1:colcon.colcon_core.package_identification:_identify(src/slam/ikd_tree_mapping) by extensions ['colcon_meta']
[0.297s] Level 1:colcon.colcon_core.package_identification:_identify(src/slam/ikd_tree_mapping) by extension 'colcon_meta'
[0.298s] Level 1:colcon.colcon_core.package_identification:_identify(src/slam/ikd_tree_mapping) by extensions ['ros']
[0.298s] Level 1:colcon.colcon_core.package_identification:_identify(src/slam/ikd_tree_mapping) by extension 'ros'
[0.298s] DEBUG:colcon.colcon_core.package_identification:Package 'src/slam/ikd_tree_mapping' with type 'ros.ament_cmake' and name 'ikd_tree_mapping'
[0.298s] Level 1:colcon.colcon_core.package_identification:_identify(src/slam/m_detector) by extensions ['ignore', 'ignore_ament_install']
[0.298s] Level 1:colcon.colcon_core.package_identification:_identify(src/slam/m_detector) by extension 'ignore'
[0.299s] Level 1:colcon.colcon_core.package_identification:_identify(src/slam/m_detector) by extension 'ignore_ament_install'
[0.299s] Level 1:colcon.colcon_core.package_identification:_identify(src/slam/m_detector) by extensions ['colcon_pkg']
[0.299s] Level 1:colcon.colcon_core.package_identification:_identify(src/slam/m_detector) by extension 'colcon_pkg'
[0.299s] Level 1:colcon.colcon_core.package_identification:_identify(src/slam/m_detector) by extensions ['colcon_meta']
[0.299s] Level 1:colcon.colcon_core.package_identification:_identify(src/slam/m_detector) by extension 'colcon_meta'
[0.299s] Level 1:colcon.colcon_core.package_identification:_identify(src/slam/m_detector) by extensions ['ros']
[0.299s] Level 1:colcon.colcon_core.package_identification:_identify(src/slam/m_detector) by extension 'ros'
[0.300s] DEBUG:colcon.colcon_core.package_identification:Package 'src/slam/m_detector' with type 'ros.ament_cmake' and name 'm_detector'
[0.300s] Level 1:colcon.colcon_core.package_identification:_identify(src/slam/point_lio_ros2) by extensions ['ignore', 'ignore_ament_install']
[0.300s] Level 1:colcon.colcon_core.package_identification:_identify(src/slam/point_lio_ros2) by extension 'ignore'
[0.300s] Level 1:colcon.colcon_core.package_identification:_identify(src/slam/point_lio_ros2) by extension 'ignore_ament_install'
[0.300s] Level 1:colcon.colcon_core.package_identification:_identify(src/slam/point_lio_ros2) by extensions ['colcon_pkg']
[0.300s] Level 1:colcon.colcon_core.package_identification:_identify(src/slam/point_lio_ros2) by extension 'colcon_pkg'
[0.300s] Level 1:colcon.colcon_core.package_identification:_identify(src/slam/point_lio_ros2) by extensions ['colcon_meta']
[0.300s] Level 1:colcon.colcon_core.package_identification:_identify(src/slam/point_lio_ros2) by extension 'colcon_meta'
[0.300s] Level 1:colcon.colcon_core.package_identification:_identify(src/slam/point_lio_ros2) by extensions ['ros']
[0.300s] Level 1:colcon.colcon_core.package_identification:_identify(src/slam/point_lio_ros2) by extension 'ros'
[0.301s] DEBUG:colcon.colcon_core.package_identification:Package 'src/slam/point_lio_ros2' with type 'ros.ament_cmake' and name 'point_lio'
[0.301s] Level 1:colcon.colcon_core.package_identification:_identify(src/slam/tilted_lidar) by extensions ['ignore', 'ignore_ament_install']
[0.301s] Level 1:colcon.colcon_core.package_identification:_identify(src/slam/tilted_lidar) by extension 'ignore'
[0.301s] Level 1:colcon.colcon_core.package_identification:_identify(src/slam/tilted_lidar) by extension 'ignore_ament_install'
[0.301s] Level 1:colcon.colcon_core.package_identification:_identify(src/slam/tilted_lidar) by extensions ['colcon_pkg']
[0.301s] Level 1:colcon.colcon_core.package_identification:_identify(src/slam/tilted_lidar) by extension 'colcon_pkg'
[0.301s] Level 1:colcon.colcon_core.package_identification:_identify(src/slam/tilted_lidar) by extensions ['colcon_meta']
[0.301s] Level 1:colcon.colcon_core.package_identification:_identify(src/slam/tilted_lidar) by extension 'colcon_meta'
[0.301s] Level 1:colcon.colcon_core.package_identification:_identify(src/slam/tilted_lidar) by extensions ['ros']
[0.302s] Level 1:colcon.colcon_core.package_identification:_identify(src/slam/tilted_lidar) by extension 'ros'
[0.304s] DEBUG:colcon.colcon_core.package_identification:Package 'src/slam/tilted_lidar' with type 'ros.ament_cmake' and name 'tilted_lidar'
[0.304s] Level 1:colcon.colcon_core.package_discovery:discover_packages(recursive) using defaults
[0.304s] Level 1:colcon.colcon_core.package_discovery:discover_packages(ignore) discover
[0.304s] Level 1:colcon.colcon_core.package_discovery:discover_packages(ignore) using defaults
[0.304s] Level 1:colcon.colcon_core.package_discovery:discover_packages(path) discover
[0.304s] Level 1:colcon.colcon_core.package_discovery:discover_packages(path) using defaults
[0.342s] INFO:colcon.colcon_core.package_selection:Skipping not selected package 'behaviortree_cpp' in 'src/BehaviorTree.CPP'
[0.342s] INFO:colcon.colcon_core.package_selection:Skipping not selected package 'debug_tools' in 'src/common/debug_tools'
[0.342s] INFO:colcon.colcon_core.package_selection:Skipping not selected package 'livox_ros_driver2' in 'src/common/livox_ros_driver2'
[0.342s] INFO:colcon.colcon_core.package_selection:Skipping not selected package 'rm_interface' in 'src/common/rm_interface'
[0.342s] INFO:colcon.colcon_core.package_selection:Skipping not selected package 'rviz_plugin' in 'src/common/rviz_plugin'
[0.342s] INFO:colcon.colcon_core.package_selection:Skipping not selected package 'sentry_decision_system' in 'src/sentry_decision_system'
[0.342s] INFO:colcon.colcon_core.package_selection:Skipping not selected package 'tilted_lidar' in 'src/slam/tilted_lidar'
[0.342s] INFO:colcon.colcon_core.package_selection:Skipping not selected package 'fast_lio' in 'src/slam/FAST_LIO-ROS2'
[0.342s] INFO:colcon.colcon_core.package_selection:Skipping not selected package 'icp_relocalization' in 'src/slam/icp_relocalization'
[0.342s] INFO:colcon.colcon_core.package_selection:Skipping not selected package 'ikd_tree_mapping' in 'src/slam/ikd_tree_mapping'
[0.342s] INFO:colcon.colcon_core.package_selection:Skipping not selected package 'm_detector' in 'src/slam/m_detector'
[0.342s] INFO:colcon.colcon_core.package_selection:Skipping not selected package 'point_lio' in 'src/slam/point_lio_ros2'
[0.342s] INFO:colcon.colcon_core.package_selection:Skipping not selected package 'rm_decision' in 'src/common/rm_decision'
[0.342s] INFO:colcon.colcon_core.package_selection:Skipping not selected package 'rm_serial' in 'src/common/rm_serial'
[0.342s] Level 1:colcon.colcon_core.package_discovery:discover_packages(prefix_path) check parameters
[0.342s] Level 1:colcon.colcon_core.package_discovery:discover_packages(prefix_path) discover
[0.345s] DEBUG:colcon.colcon_installed_package_information.package_discovery:Found 18 installed packages in /home/sentry-nov/code/colcon_3/install
[0.346s] DEBUG:colcon.colcon_installed_package_information.package_discovery:Found 273 installed packages in /opt/ros/humble
[0.347s] Level 1:colcon.colcon_core.package_discovery:discover_packages(prefix_path) using defaults
[0.379s] Level 5:colcon.colcon_core.verb:set package 'auto_start' build argument 'cmake_args' from command line to '['-DCMAKE_BUILD_TYPE=Release']'
[0.379s] Level 5:colcon.colcon_core.verb:set package 'auto_start' build argument 'cmake_target' from command line to 'None'
[0.379s] Level 5:colcon.colcon_core.verb:set package 'auto_start' build argument 'cmake_target_skip_unavailable' from command line to 'False'
[0.379s] Level 5:colcon.colcon_core.verb:set package 'auto_start' build argument 'cmake_clean_cache' from command line to 'False'
[0.380s] Level 5:colcon.colcon_core.verb:set package 'auto_start' build argument 'cmake_clean_first' from command line to 'False'
[0.380s] Level 5:colcon.colcon_core.verb:set package 'auto_start' build argument 'cmake_force_configure' from command line to 'False'
[0.380s] Level 5:colcon.colcon_core.verb:set package 'auto_start' build argument 'ament_cmake_args' from command line to 'None'
[0.380s] Level 5:colcon.colcon_core.verb:set package 'auto_start' build argument 'catkin_cmake_args' from command line to 'None'
[0.380s] Level 5:colcon.colcon_core.verb:set package 'auto_start' build argument 'catkin_skip_building_tests' from command line to 'False'
[0.380s] DEBUG:colcon.colcon_core.verb:Building package 'auto_start' with the following arguments: {'ament_cmake_args': None, 'build_base': '/home/sentry-nov/code/colcon_3/build/auto_start', 'catkin_cmake_args': None, 'catkin_skip_building_tests': False, 'cmake_args': ['-DCMAKE_BUILD_TYPE=Release'], 'cmake_clean_cache': False, 'cmake_clean_first': False, 'cmake_force_configure': False, 'cmake_target': None, 'cmake_target_skip_unavailable': False, 'install_base': '/home/sentry-nov/code/colcon_3/install/auto_start', 'merge_install': False, 'path': '/home/sentry-nov/code/colcon_3/src/auto_start', 'symlink_install': False, 'test_result_base': None}
[0.380s] Level 5:colcon.colcon_core.verb:set package 'altitude_map' build argument 'cmake_args' from command line to '['-DCMAKE_BUILD_TYPE=Release']'
[0.380s] Level 5:colcon.colcon_core.verb:set package 'altitude_map' build argument 'cmake_target' from command line to 'None'
[0.380s] Level 5:colcon.colcon_core.verb:set package 'altitude_map' build argument 'cmake_target_skip_unavailable' from command line to 'False'
[0.380s] Level 5:colcon.colcon_core.verb:set package 'altitude_map' build argument 'cmake_clean_cache' from command line to 'False'
[0.380s] Level 5:colcon.colcon_core.verb:set package 'altitude_map' build argument 'cmake_clean_first' from command line to 'False'
[0.380s] Level 5:colcon.colcon_core.verb:set package 'altitude_map' build argument 'cmake_force_configure' from command line to 'False'
[0.380s] Level 5:colcon.colcon_core.verb:set package 'altitude_map' build argument 'ament_cmake_args' from command line to 'None'
[0.380s] Level 5:colcon.colcon_core.verb:set package 'altitude_map' build argument 'catkin_cmake_args' from command line to 'None'
[0.380s] Level 5:colcon.colcon_core.verb:set package 'altitude_map' build argument 'catkin_skip_building_tests' from command line to 'False'
[0.380s] DEBUG:colcon.colcon_core.verb:Building package 'altitude_map' with the following arguments: {'ament_cmake_args': None, 'build_base': '/home/sentry-nov/code/colcon_3/build/altitude_map', 'catkin_cmake_args': None, 'catkin_skip_building_tests': False, 'cmake_args': ['-DCMAKE_BUILD_TYPE=Release'], 'cmake_clean_cache': False, 'cmake_clean_first': False, 'cmake_force_configure': False, 'cmake_target': None, 'cmake_target_skip_unavailable': False, 'install_base': '/home/sentry-nov/code/colcon_3/install/altitude_map', 'merge_install': False, 'path': '/home/sentry-nov/code/colcon_3/src/navigation/altitude_map', 'symlink_install': False, 'test_result_base': None}
[0.380s] Level 5:colcon.colcon_core.verb:set package 'path_planning' build argument 'cmake_args' from command line to '['-DCMAKE_BUILD_TYPE=Release']'
[0.380s] Level 5:colcon.colcon_core.verb:set package 'path_planning' build argument 'cmake_target' from command line to 'None'
[0.380s] Level 5:colcon.colcon_core.verb:set package 'path_planning' build argument 'cmake_target_skip_unavailable' from command line to 'False'
[0.381s] Level 5:colcon.colcon_core.verb:set package 'path_planning' build argument 'cmake_clean_cache' from command line to 'False'
[0.381s] Level 5:colcon.colcon_core.verb:set package 'path_planning' build argument 'cmake_clean_first' from command line to 'False'
[0.381s] Level 5:colcon.colcon_core.verb:set package 'path_planning' build argument 'cmake_force_configure' from command line to 'False'
[0.381s] Level 5:colcon.colcon_core.verb:set package 'path_planning' build argument 'ament_cmake_args' from command line to 'None'
[0.381s] Level 5:colcon.colcon_core.verb:set package 'path_planning' build argument 'catkin_cmake_args' from command line to 'None'
[0.381s] Level 5:colcon.colcon_core.verb:set package 'path_planning' build argument 'catkin_skip_building_tests' from command line to 'False'
[0.381s] DEBUG:colcon.colcon_core.verb:Building package 'path_planning' with the following arguments: {'ament_cmake_args': None, 'build_base': '/home/sentry-nov/code/colcon_3/build/path_planning', 'catkin_cmake_args': None, 'catkin_skip_building_tests': False, 'cmake_args': ['-DCMAKE_BUILD_TYPE=Release'], 'cmake_clean_cache': False, 'cmake_clean_first': False, 'cmake_force_configure': False, 'cmake_target': None, 'cmake_target_skip_unavailable': False, 'install_base': '/home/sentry-nov/code/colcon_3/install/path_planning', 'merge_install': False, 'path': '/home/sentry-nov/code/colcon_3/src/navigation/path_planning', 'symlink_install': False, 'test_result_base': None}
[0.381s] Level 5:colcon.colcon_core.verb:set package 'motion_planning' build argument 'cmake_args' from command line to '['-DCMAKE_BUILD_TYPE=Release']'
[0.381s] Level 5:colcon.colcon_core.verb:set package 'motion_planning' build argument 'cmake_target' from command line to 'None'
[0.381s] Level 5:colcon.colcon_core.verb:set package 'motion_planning' build argument 'cmake_target_skip_unavailable' from command line to 'False'
[0.381s] Level 5:colcon.colcon_core.verb:set package 'motion_planning' build argument 'cmake_clean_cache' from command line to 'False'
[0.381s] Level 5:colcon.colcon_core.verb:set package 'motion_planning' build argument 'cmake_clean_first' from command line to 'False'
[0.381s] Level 5:colcon.colcon_core.verb:set package 'motion_planning' build argument 'cmake_force_configure' from command line to 'False'
[0.381s] Level 5:colcon.colcon_core.verb:set package 'motion_planning' build argument 'ament_cmake_args' from command line to 'None'
[0.381s] Level 5:colcon.colcon_core.verb:set package 'motion_planning' build argument 'catkin_cmake_args' from command line to 'None'
[0.381s] Level 5:colcon.colcon_core.verb:set package 'motion_planning' build argument 'catkin_skip_building_tests' from command line to 'False'
[0.381s] DEBUG:colcon.colcon_core.verb:Building package 'motion_planning' with the following arguments: {'ament_cmake_args': None, 'build_base': '/home/sentry-nov/code/colcon_3/build/motion_planning', 'catkin_cmake_args': None, 'catkin_skip_building_tests': False, 'cmake_args': ['-DCMAKE_BUILD_TYPE=Release'], 'cmake_clean_cache': False, 'cmake_clean_first': False, 'cmake_force_configure': False, 'cmake_target': None, 'cmake_target_skip_unavailable': False, 'install_base': '/home/sentry-nov/code/colcon_3/install/motion_planning', 'merge_install': False, 'path': '/home/sentry-nov/code/colcon_3/src/navigation/motion_planning', 'symlink_install': False, 'test_result_base': None}
[0.381s] INFO:colcon.colcon_core.executor:Executing jobs using 'parallel' executor
[0.382s] DEBUG:colcon.colcon_parallel_executor.executor.parallel:run_until_complete
[0.383s] INFO:colcon.colcon_ros.task.ament_cmake.build:Building ROS package in '/home/sentry-nov/code/colcon_3/src/navigation/path_planning' with build type 'ament_cmake'
[0.383s] INFO:colcon.colcon_cmake.task.cmake.build:Building CMake package in '/home/sentry-nov/code/colcon_3/src/navigation/path_planning'
[0.385s] INFO:colcon.colcon_core.plugin_system:Skipping extension 'colcon_core.shell.bat': Not used on non-Windows systems
[0.386s] INFO:colcon.colcon_core.shell:Skip shell extension 'powershell' for command environment: Not usable outside of PowerShell
[0.386s] DEBUG:colcon.colcon_core.shell:Skip shell extension 'dsv' for command environment
[0.391s] INFO:colcon.colcon_ros.task.ament_cmake.build:Building ROS package in '/home/sentry-nov/code/colcon_3/src/auto_start' with build type 'ament_cmake'
[0.391s] INFO:colcon.colcon_cmake.task.cmake.build:Building CMake package in '/home/sentry-nov/code/colcon_3/src/auto_start'
[0.391s] INFO:colcon.colcon_core.shell:Skip shell extension 'powershell' for command environment: Not usable outside of PowerShell
[0.391s] DEBUG:colcon.colcon_core.shell:Skip shell extension 'dsv' for command environment
[0.395s] INFO:colcon.colcon_ros.task.ament_cmake.build:Building ROS package in '/home/sentry-nov/code/colcon_3/src/navigation/altitude_map' with build type 'ament_cmake'
[0.395s] INFO:colcon.colcon_cmake.task.cmake.build:Building CMake package in '/home/sentry-nov/code/colcon_3/src/navigation/altitude_map'
[0.395s] INFO:colcon.colcon_core.shell:Skip shell extension 'powershell' for command environment: Not usable outside of PowerShell
[0.395s] DEBUG:colcon.colcon_core.shell:Skip shell extension 'dsv' for command environment
[0.408s] DEBUG:colcon.colcon_core.event_handler.log_command:Invoking command in '/home/sentry-nov/code/colcon_3/build/path_planning': CMAKE_PREFIX_PATH=/home/sentry-nov/code/colcon_3/install/rm_interface:/home/sentry-nov/code/colcon_3/install/debug_tools:/home/sentry-nov/code/colcon_3/install/tilted_lidar:/home/sentry-nov/code/colcon_3/install/rviz_plugin:/home/sentry-nov/code/colcon_3/install/rm_serial:/home/sentry-nov/code/colcon_3/install/rm_decision:/home/sentry-nov/code/colcon_3/install/motion_planning:/home/sentry-nov/code/colcon_3/install/path_planning:/home/sentry-nov/code/colcon_3/install/ikd_tree_mapping:/home/sentry-nov/code/colcon_3/install/point_lio:/home/sentry-nov/code/colcon_3/install/m_detector:/home/sentry-nov/code/colcon_3/install/fast_lio:/home/sentry-nov/code/colcon_3/install/livox_ros_driver2:/home/sentry-nov/code/colcon_3/install/icp_relocalization:/home/sentry-nov/code/colcon_3/install/altitude_map:/home/sentry-nov/code/colcon_3/install/behaviortree_cpp:/home/sentry-nov/code/colcon_3/install/auto_start:/opt/ros/humble LD_LIBRARY_PATH=/home/sentry-nov/code/colcon_3/install/rm_interface/lib:/home/sentry-nov/code/colcon_3/install/path_planning/lib:/home/sentry-nov/code/colcon_3/install/m_detector/lib:/home/sentry-nov/code/colcon_3/install/fast_lio/lib:/home/sentry-nov/code/colcon_3/install/livox_ros_driver2/lib:/home/sentry-nov/code/colcon_3/install/altitude_map/lib:/home/sentry-nov/code/colcon_3/install/behaviortree_cpp/lib:/usr/local/lib:/opt/ros/humble/opt/rviz_ogre_vendor/lib:/opt/ros/humble/lib/x86_64-linux-gnu:/opt/ros/humble/lib /usr/bin/cmake --build /home/sentry-nov/code/colcon_3/build/path_planning -- -j12 -l12
[0.411s] DEBUG:colcon.colcon_core.event_handler.log_command:Invoking command in '/home/sentry-nov/code/colcon_3/build/auto_start': CMAKE_PREFIX_PATH=${CMAKE_PREFIX_PATH}:/opt/ros/humble /usr/bin/cmake --build /home/sentry-nov/code/colcon_3/build/auto_start -- -j12 -l12
[0.416s] DEBUG:colcon.colcon_core.event_handler.log_command:Invoking command in '/home/sentry-nov/code/colcon_3/build/altitude_map': CMAKE_PREFIX_PATH=/home/sentry-nov/code/colcon_3/install/debug_tools:/home/sentry-nov/code/colcon_3/install/tilted_lidar:/home/sentry-nov/code/colcon_3/install/rviz_plugin:/home/sentry-nov/code/colcon_3/install/rm_serial:/home/sentry-nov/code/colcon_3/install/rm_decision:/home/sentry-nov/code/colcon_3/install/motion_planning:/home/sentry-nov/code/colcon_3/install/path_planning:/home/sentry-nov/code/colcon_3/install/ikd_tree_mapping:/home/sentry-nov/code/colcon_3/install/rm_interface:/home/sentry-nov/code/colcon_3/install/point_lio:/home/sentry-nov/code/colcon_3/install/m_detector:/home/sentry-nov/code/colcon_3/install/fast_lio:/home/sentry-nov/code/colcon_3/install/livox_ros_driver2:/home/sentry-nov/code/colcon_3/install/icp_relocalization:/home/sentry-nov/code/colcon_3/install/altitude_map:/home/sentry-nov/code/colcon_3/install/behaviortree_cpp:/home/sentry-nov/code/colcon_3/install/auto_start:/opt/ros/humble /usr/bin/cmake --build /home/sentry-nov/code/colcon_3/build/altitude_map -- -j12 -l12
[0.468s] DEBUG:colcon.colcon_core.event_handler.log_command:Invoked command in '/home/sentry-nov/code/colcon_3/build/auto_start' returned '0': CMAKE_PREFIX_PATH=${CMAKE_PREFIX_PATH}:/opt/ros/humble /usr/bin/cmake --build /home/sentry-nov/code/colcon_3/build/auto_start -- -j12 -l12
[0.486s] DEBUG:colcon.colcon_core.event_handler.log_command:Invoking command in '/home/sentry-nov/code/colcon_3/build/auto_start': CMAKE_PREFIX_PATH=${CMAKE_PREFIX_PATH}:/opt/ros/humble /usr/bin/cmake --install /home/sentry-nov/code/colcon_3/build/auto_start
[0.505s] Level 1:colcon.colcon_core.environment:create_environment_scripts_only(auto_start)
[0.507s] DEBUG:colcon.colcon_core.event_handler.log_command:Invoked command in '/home/sentry-nov/code/colcon_3/build/auto_start' returned '0': CMAKE_PREFIX_PATH=${CMAKE_PREFIX_PATH}:/opt/ros/humble /usr/bin/cmake --install /home/sentry-nov/code/colcon_3/build/auto_start
[0.509s] Level 1:colcon.colcon_core.environment:checking '/home/sentry-nov/code/colcon_3/install/auto_start' for CMake module files
[0.510s] Level 1:colcon.colcon_core.environment:checking '/home/sentry-nov/code/colcon_3/install/auto_start' for CMake config files
[0.511s] Level 1:colcon.colcon_core.shell:create_environment_hook('auto_start', 'cmake_prefix_path')
[0.511s] INFO:colcon.colcon_core.shell:Creating environment hook '/home/sentry-nov/code/colcon_3/install/auto_start/share/auto_start/hook/cmake_prefix_path.ps1'
[0.512s] INFO:colcon.colcon_core.shell:Creating environment descriptor '/home/sentry-nov/code/colcon_3/install/auto_start/share/auto_start/hook/cmake_prefix_path.dsv'
[0.513s] INFO:colcon.colcon_core.shell:Creating environment hook '/home/sentry-nov/code/colcon_3/install/auto_start/share/auto_start/hook/cmake_prefix_path.sh'
[0.514s] Level 1:colcon.colcon_core.environment:checking '/home/sentry-nov/code/colcon_3/install/auto_start/bin'
[0.514s] Level 1:colcon.colcon_core.environment:checking '/home/sentry-nov/code/colcon_3/install/auto_start/lib/pkgconfig/auto_start.pc'
[0.514s] Level 1:colcon.colcon_core.environment:checking '/home/sentry-nov/code/colcon_3/install/auto_start/lib/python3.10/site-packages'
[0.514s] Level 1:colcon.colcon_core.environment:checking '/home/sentry-nov/code/colcon_3/install/auto_start/bin'
[0.514s] INFO:colcon.colcon_core.shell:Creating package script '/home/sentry-nov/code/colcon_3/install/auto_start/share/auto_start/package.ps1'
[0.515s] INFO:colcon.colcon_core.shell:Creating package descriptor '/home/sentry-nov/code/colcon_3/install/auto_start/share/auto_start/package.dsv'
[0.516s] INFO:colcon.colcon_core.shell:Creating package script '/home/sentry-nov/code/colcon_3/install/auto_start/share/auto_start/package.sh'
[0.517s] INFO:colcon.colcon_core.shell:Creating package script '/home/sentry-nov/code/colcon_3/install/auto_start/share/auto_start/package.bash'
[0.519s] INFO:colcon.colcon_core.shell:Creating package script '/home/sentry-nov/code/colcon_3/install/auto_start/share/auto_start/package.zsh'
[0.520s] Level 1:colcon.colcon_core.environment:create_file_with_runtime_dependencies(/home/sentry-nov/code/colcon_3/install/auto_start/share/colcon-core/packages/auto_start)
[0.521s] Level 1:colcon.colcon_core.environment:create_environment_scripts_only(auto_start)
[0.521s] Level 1:colcon.colcon_core.environment:checking '/home/sentry-nov/code/colcon_3/install/auto_start' for CMake module files
[0.522s] Level 1:colcon.colcon_core.environment:checking '/home/sentry-nov/code/colcon_3/install/auto_start' for CMake config files
[0.522s] Level 1:colcon.colcon_core.shell:create_environment_hook('auto_start', 'cmake_prefix_path')
[0.522s] INFO:colcon.colcon_core.shell:Creating environment hook '/home/sentry-nov/code/colcon_3/install/auto_start/share/auto_start/hook/cmake_prefix_path.ps1'
[0.523s] INFO:colcon.colcon_core.shell:Creating environment descriptor '/home/sentry-nov/code/colcon_3/install/auto_start/share/auto_start/hook/cmake_prefix_path.dsv'
[0.523s] INFO:colcon.colcon_core.shell:Creating environment hook '/home/sentry-nov/code/colcon_3/install/auto_start/share/auto_start/hook/cmake_prefix_path.sh'
[0.524s] Level 1:colcon.colcon_core.environment:checking '/home/sentry-nov/code/colcon_3/install/auto_start/bin'
[0.525s] Level 1:colcon.colcon_core.environment:checking '/home/sentry-nov/code/colcon_3/install/auto_start/lib/pkgconfig/auto_start.pc'
[0.525s] Level 1:colcon.colcon_core.environment:checking '/home/sentry-nov/code/colcon_3/install/auto_start/lib/python3.10/site-packages'
[0.525s] Level 1:colcon.colcon_core.environment:checking '/home/sentry-nov/code/colcon_3/install/auto_start/bin'
[0.526s] INFO:colcon.colcon_core.shell:Creating package script '/home/sentry-nov/code/colcon_3/install/auto_start/share/auto_start/package.ps1'
[0.527s] INFO:colcon.colcon_core.shell:Creating package descriptor '/home/sentry-nov/code/colcon_3/install/auto_start/share/auto_start/package.dsv'
[0.527s] INFO:colcon.colcon_core.shell:Creating package script '/home/sentry-nov/code/colcon_3/install/auto_start/share/auto_start/package.sh'
[0.527s] INFO:colcon.colcon_core.shell:Creating package script '/home/sentry-nov/code/colcon_3/install/auto_start/share/auto_start/package.bash'
[0.529s] INFO:colcon.colcon_core.shell:Creating package script '/home/sentry-nov/code/colcon_3/install/auto_start/share/auto_start/package.zsh'
[0.529s] Level 1:colcon.colcon_core.environment:create_file_with_runtime_dependencies(/home/sentry-nov/code/colcon_3/install/auto_start/share/colcon-core/packages/auto_start)
[0.609s] DEBUG:colcon.colcon_core.event_handler.log_command:Invoked command in '/home/sentry-nov/code/colcon_3/build/altitude_map' returned '0': CMAKE_PREFIX_PATH=/home/sentry-nov/code/colcon_3/install/debug_tools:/home/sentry-nov/code/colcon_3/install/tilted_lidar:/home/sentry-nov/code/colcon_3/install/rviz_plugin:/home/sentry-nov/code/colcon_3/install/rm_serial:/home/sentry-nov/code/colcon_3/install/rm_decision:/home/sentry-nov/code/colcon_3/install/motion_planning:/home/sentry-nov/code/colcon_3/install/path_planning:/home/sentry-nov/code/colcon_3/install/ikd_tree_mapping:/home/sentry-nov/code/colcon_3/install/rm_interface:/home/sentry-nov/code/colcon_3/install/point_lio:/home/sentry-nov/code/colcon_3/install/m_detector:/home/sentry-nov/code/colcon_3/install/fast_lio:/home/sentry-nov/code/colcon_3/install/livox_ros_driver2:/home/sentry-nov/code/colcon_3/install/icp_relocalization:/home/sentry-nov/code/colcon_3/install/altitude_map:/home/sentry-nov/code/colcon_3/install/behaviortree_cpp:/home/sentry-nov/code/colcon_3/install/auto_start:/opt/ros/humble /usr/bin/cmake --build /home/sentry-nov/code/colcon_3/build/altitude_map -- -j12 -l12
[0.612s] DEBUG:colcon.colcon_core.event_handler.log_command:Invoking command in '/home/sentry-nov/code/colcon_3/build/altitude_map': CMAKE_PREFIX_PATH=/home/sentry-nov/code/colcon_3/install/debug_tools:/home/sentry-nov/code/colcon_3/install/tilted_lidar:/home/sentry-nov/code/colcon_3/install/rviz_plugin:/home/sentry-nov/code/colcon_3/install/rm_serial:/home/sentry-nov/code/colcon_3/install/rm_decision:/home/sentry-nov/code/colcon_3/install/motion_planning:/home/sentry-nov/code/colcon_3/install/path_planning:/home/sentry-nov/code/colcon_3/install/ikd_tree_mapping:/home/sentry-nov/code/colcon_3/install/rm_interface:/home/sentry-nov/code/colcon_3/install/point_lio:/home/sentry-nov/code/colcon_3/install/m_detector:/home/sentry-nov/code/colcon_3/install/fast_lio:/home/sentry-nov/code/colcon_3/install/livox_ros_driver2:/home/sentry-nov/code/colcon_3/install/icp_relocalization:/home/sentry-nov/code/colcon_3/install/altitude_map:/home/sentry-nov/code/colcon_3/install/behaviortree_cpp:/home/sentry-nov/code/colcon_3/install/auto_start:/opt/ros/humble /usr/bin/cmake --install /home/sentry-nov/code/colcon_3/build/altitude_map
[0.636s] Level 1:colcon.colcon_core.environment:create_environment_scripts_only(altitude_map)
[0.636s] Level 1:colcon.colcon_core.environment:checking '/home/sentry-nov/code/colcon_3/install/altitude_map' for CMake module files
[0.637s] DEBUG:colcon.colcon_core.event_handler.log_command:Invoked command in '/home/sentry-nov/code/colcon_3/build/altitude_map' returned '0': CMAKE_PREFIX_PATH=/home/sentry-nov/code/colcon_3/install/debug_tools:/home/sentry-nov/code/colcon_3/install/tilted_lidar:/home/sentry-nov/code/colcon_3/install/rviz_plugin:/home/sentry-nov/code/colcon_3/install/rm_serial:/home/sentry-nov/code/colcon_3/install/rm_decision:/home/sentry-nov/code/colcon_3/install/motion_planning:/home/sentry-nov/code/colcon_3/install/path_planning:/home/sentry-nov/code/colcon_3/install/ikd_tree_mapping:/home/sentry-nov/code/colcon_3/install/rm_interface:/home/sentry-nov/code/colcon_3/install/point_lio:/home/sentry-nov/code/colcon_3/install/m_detector:/home/sentry-nov/code/colcon_3/install/fast_lio:/home/sentry-nov/code/colcon_3/install/livox_ros_driver2:/home/sentry-nov/code/colcon_3/install/icp_relocalization:/home/sentry-nov/code/colcon_3/install/altitude_map:/home/sentry-nov/code/colcon_3/install/behaviortree_cpp:/home/sentry-nov/code/colcon_3/install/auto_start:/opt/ros/humble /usr/bin/cmake --install /home/sentry-nov/code/colcon_3/build/altitude_map
[0.637s] Level 1:colcon.colcon_core.environment:checking '/home/sentry-nov/code/colcon_3/install/altitude_map' for CMake config files
[0.638s] Level 1:colcon.colcon_core.shell:create_environment_hook('altitude_map', 'cmake_prefix_path')
[0.639s] INFO:colcon.colcon_core.shell:Creating environment hook '/home/sentry-nov/code/colcon_3/install/altitude_map/share/altitude_map/hook/cmake_prefix_path.ps1'
[0.639s] INFO:colcon.colcon_core.shell:Creating environment descriptor '/home/sentry-nov/code/colcon_3/install/altitude_map/share/altitude_map/hook/cmake_prefix_path.dsv'
[0.640s] INFO:colcon.colcon_core.shell:Creating environment hook '/home/sentry-nov/code/colcon_3/install/altitude_map/share/altitude_map/hook/cmake_prefix_path.sh'
[0.641s] Level 1:colcon.colcon_core.environment:checking '/home/sentry-nov/code/colcon_3/install/altitude_map/lib'
[0.641s] Level 1:colcon.colcon_core.shell:create_environment_hook('altitude_map', 'ld_library_path_lib')
[0.642s] INFO:colcon.colcon_core.shell:Creating environment hook '/home/sentry-nov/code/colcon_3/install/altitude_map/share/altitude_map/hook/ld_library_path_lib.ps1'
[0.642s] INFO:colcon.colcon_core.shell:Creating environment descriptor '/home/sentry-nov/code/colcon_3/install/altitude_map/share/altitude_map/hook/ld_library_path_lib.dsv'
[0.643s] INFO:colcon.colcon_core.shell:Creating environment hook '/home/sentry-nov/code/colcon_3/install/altitude_map/share/altitude_map/hook/ld_library_path_lib.sh'
[0.643s] Level 1:colcon.colcon_core.environment:checking '/home/sentry-nov/code/colcon_3/install/altitude_map/bin'
[0.643s] Level 1:colcon.colcon_core.environment:checking '/home/sentry-nov/code/colcon_3/install/altitude_map/lib/pkgconfig/altitude_map.pc'
[0.643s] Level 1:colcon.colcon_core.environment:checking '/home/sentry-nov/code/colcon_3/install/altitude_map/lib/python3.10/site-packages'
[0.644s] Level 1:colcon.colcon_core.environment:checking '/home/sentry-nov/code/colcon_3/install/altitude_map/bin'
[0.644s] INFO:colcon.colcon_core.shell:Creating package script '/home/sentry-nov/code/colcon_3/install/altitude_map/share/altitude_map/package.ps1'
[0.645s] INFO:colcon.colcon_core.shell:Creating package descriptor '/home/sentry-nov/code/colcon_3/install/altitude_map/share/altitude_map/package.dsv'
[0.645s] INFO:colcon.colcon_core.shell:Creating package script '/home/sentry-nov/code/colcon_3/install/altitude_map/share/altitude_map/package.sh'
[0.646s] INFO:colcon.colcon_core.shell:Creating package script '/home/sentry-nov/code/colcon_3/install/altitude_map/share/altitude_map/package.bash'
[0.647s] INFO:colcon.colcon_core.shell:Creating package script '/home/sentry-nov/code/colcon_3/install/altitude_map/share/altitude_map/package.zsh'
[0.647s] Level 1:colcon.colcon_core.environment:create_file_with_runtime_dependencies(/home/sentry-nov/code/colcon_3/install/altitude_map/share/colcon-core/packages/altitude_map)
[0.648s] Level 1:colcon.colcon_core.environment:create_environment_scripts_only(altitude_map)
[0.648s] Level 1:colcon.colcon_core.environment:checking '/home/sentry-nov/code/colcon_3/install/altitude_map' for CMake module files
[0.649s] Level 1:colcon.colcon_core.environment:checking '/home/sentry-nov/code/colcon_3/install/altitude_map' for CMake config files
[0.649s] Level 1:colcon.colcon_core.shell:create_environment_hook('altitude_map', 'cmake_prefix_path')
[0.649s] INFO:colcon.colcon_core.shell:Creating environment hook '/home/sentry-nov/code/colcon_3/install/altitude_map/share/altitude_map/hook/cmake_prefix_path.ps1'
[0.650s] INFO:colcon.colcon_core.shell:Creating environment descriptor '/home/sentry-nov/code/colcon_3/install/altitude_map/share/altitude_map/hook/cmake_prefix_path.dsv'
[0.651s] INFO:colcon.colcon_core.shell:Creating environment hook '/home/sentry-nov/code/colcon_3/install/altitude_map/share/altitude_map/hook/cmake_prefix_path.sh'
[0.651s] Level 1:colcon.colcon_core.environment:checking '/home/sentry-nov/code/colcon_3/install/altitude_map/lib'
[0.652s] Level 1:colcon.colcon_core.shell:create_environment_hook('altitude_map', 'ld_library_path_lib')
[0.652s] INFO:colcon.colcon_core.shell:Creating environment hook '/home/sentry-nov/code/colcon_3/install/altitude_map/share/altitude_map/hook/ld_library_path_lib.ps1'
[0.652s] INFO:colcon.colcon_core.shell:Creating environment descriptor '/home/sentry-nov/code/colcon_3/install/altitude_map/share/altitude_map/hook/ld_library_path_lib.dsv'
[0.653s] INFO:colcon.colcon_core.shell:Creating environment hook '/home/sentry-nov/code/colcon_3/install/altitude_map/share/altitude_map/hook/ld_library_path_lib.sh'
[0.654s] Level 1:colcon.colcon_core.environment:checking '/home/sentry-nov/code/colcon_3/install/altitude_map/bin'
[0.654s] Level 1:colcon.colcon_core.environment:checking '/home/sentry-nov/code/colcon_3/install/altitude_map/lib/pkgconfig/altitude_map.pc'
[0.654s] Level 1:colcon.colcon_core.environment:checking '/home/sentry-nov/code/colcon_3/install/altitude_map/lib/python3.10/site-packages'
[0.654s] Level 1:colcon.colcon_core.environment:checking '/home/sentry-nov/code/colcon_3/install/altitude_map/bin'
[0.655s] INFO:colcon.colcon_core.shell:Creating package script '/home/sentry-nov/code/colcon_3/install/altitude_map/share/altitude_map/package.ps1'
[0.656s] INFO:colcon.colcon_core.shell:Creating package descriptor '/home/sentry-nov/code/colcon_3/install/altitude_map/share/altitude_map/package.dsv'
[0.657s] INFO:colcon.colcon_core.shell:Creating package script '/home/sentry-nov/code/colcon_3/install/altitude_map/share/altitude_map/package.sh'
[0.657s] INFO:colcon.colcon_core.shell:Creating package script '/home/sentry-nov/code/colcon_3/install/altitude_map/share/altitude_map/package.bash'
[0.658s] INFO:colcon.colcon_core.shell:Creating package script '/home/sentry-nov/code/colcon_3/install/altitude_map/share/altitude_map/package.zsh'
[0.658s] Level 1:colcon.colcon_core.environment:create_file_with_runtime_dependencies(/home/sentry-nov/code/colcon_3/install/altitude_map/share/colcon-core/packages/altitude_map)
[36.398s] DEBUG:colcon.colcon_core.event_handler.log_command:Invoked command in '/home/sentry-nov/code/colcon_3/build/path_planning' returned '0': CMAKE_PREFIX_PATH=/home/sentry-nov/code/colcon_3/install/rm_interface:/home/sentry-nov/code/colcon_3/install/debug_tools:/home/sentry-nov/code/colcon_3/install/tilted_lidar:/home/sentry-nov/code/colcon_3/install/rviz_plugin:/home/sentry-nov/code/colcon_3/install/rm_serial:/home/sentry-nov/code/colcon_3/install/rm_decision:/home/sentry-nov/code/colcon_3/install/motion_planning:/home/sentry-nov/code/colcon_3/install/path_planning:/home/sentry-nov/code/colcon_3/install/ikd_tree_mapping:/home/sentry-nov/code/colcon_3/install/point_lio:/home/sentry-nov/code/colcon_3/install/m_detector:/home/sentry-nov/code/colcon_3/install/fast_lio:/home/sentry-nov/code/colcon_3/install/livox_ros_driver2:/home/sentry-nov/code/colcon_3/install/icp_relocalization:/home/sentry-nov/code/colcon_3/install/altitude_map:/home/sentry-nov/code/colcon_3/install/behaviortree_cpp:/home/sentry-nov/code/colcon_3/install/auto_start:/opt/ros/humble LD_LIBRARY_PATH=/home/sentry-nov/code/colcon_3/install/rm_interface/lib:/home/sentry-nov/code/colcon_3/install/path_planning/lib:/home/sentry-nov/code/colcon_3/install/m_detector/lib:/home/sentry-nov/code/colcon_3/install/fast_lio/lib:/home/sentry-nov/code/colcon_3/install/livox_ros_driver2/lib:/home/sentry-nov/code/colcon_3/install/altitude_map/lib:/home/sentry-nov/code/colcon_3/install/behaviortree_cpp/lib:/usr/local/lib:/opt/ros/humble/opt/rviz_ogre_vendor/lib:/opt/ros/humble/lib/x86_64-linux-gnu:/opt/ros/humble/lib /usr/bin/cmake --build /home/sentry-nov/code/colcon_3/build/path_planning -- -j12 -l12
[36.401s] DEBUG:colcon.colcon_core.event_handler.log_command:Invoking command in '/home/sentry-nov/code/colcon_3/build/path_planning': CMAKE_PREFIX_PATH=/home/sentry-nov/code/colcon_3/install/rm_interface:/home/sentry-nov/code/colcon_3/install/debug_tools:/home/sentry-nov/code/colcon_3/install/tilted_lidar:/home/sentry-nov/code/colcon_3/install/rviz_plugin:/home/sentry-nov/code/colcon_3/install/rm_serial:/home/sentry-nov/code/colcon_3/install/rm_decision:/home/sentry-nov/code/colcon_3/install/motion_planning:/home/sentry-nov/code/colcon_3/install/path_planning:/home/sentry-nov/code/colcon_3/install/ikd_tree_mapping:/home/sentry-nov/code/colcon_3/install/point_lio:/home/sentry-nov/code/colcon_3/install/m_detector:/home/sentry-nov/code/colcon_3/install/fast_lio:/home/sentry-nov/code/colcon_3/install/livox_ros_driver2:/home/sentry-nov/code/colcon_3/install/icp_relocalization:/home/sentry-nov/code/colcon_3/install/altitude_map:/home/sentry-nov/code/colcon_3/install/behaviortree_cpp:/home/sentry-nov/code/colcon_3/install/auto_start:/opt/ros/humble LD_LIBRARY_PATH=/home/sentry-nov/code/colcon_3/install/rm_interface/lib:/home/sentry-nov/code/colcon_3/install/path_planning/lib:/home/sentry-nov/code/colcon_3/install/m_detector/lib:/home/sentry-nov/code/colcon_3/install/fast_lio/lib:/home/sentry-nov/code/colcon_3/install/livox_ros_driver2/lib:/home/sentry-nov/code/colcon_3/install/altitude_map/lib:/home/sentry-nov/code/colcon_3/install/behaviortree_cpp/lib:/usr/local/lib:/opt/ros/humble/opt/rviz_ogre_vendor/lib:/opt/ros/humble/lib/x86_64-linux-gnu:/opt/ros/humble/lib /usr/bin/cmake --install /home/sentry-nov/code/colcon_3/build/path_planning
[36.431s] Level 1:colcon.colcon_core.environment:create_environment_scripts_only(path_planning)
[36.431s] Level 1:colcon.colcon_core.environment:checking '/home/sentry-nov/code/colcon_3/install/path_planning' for CMake module files
[36.431s] DEBUG:colcon.colcon_core.event_handler.log_command:Invoked command in '/home/sentry-nov/code/colcon_3/build/path_planning' returned '0': CMAKE_PREFIX_PATH=/home/sentry-nov/code/colcon_3/install/rm_interface:/home/sentry-nov/code/colcon_3/install/debug_tools:/home/sentry-nov/code/colcon_3/install/tilted_lidar:/home/sentry-nov/code/colcon_3/install/rviz_plugin:/home/sentry-nov/code/colcon_3/install/rm_serial:/home/sentry-nov/code/colcon_3/install/rm_decision:/home/sentry-nov/code/colcon_3/install/motion_planning:/home/sentry-nov/code/colcon_3/install/path_planning:/home/sentry-nov/code/colcon_3/install/ikd_tree_mapping:/home/sentry-nov/code/colcon_3/install/point_lio:/home/sentry-nov/code/colcon_3/install/m_detector:/home/sentry-nov/code/colcon_3/install/fast_lio:/home/sentry-nov/code/colcon_3/install/livox_ros_driver2:/home/sentry-nov/code/colcon_3/install/icp_relocalization:/home/sentry-nov/code/colcon_3/install/altitude_map:/home/sentry-nov/code/colcon_3/install/behaviortree_cpp:/home/sentry-nov/code/colcon_3/install/auto_start:/opt/ros/humble LD_LIBRARY_PATH=/home/sentry-nov/code/colcon_3/install/rm_interface/lib:/home/sentry-nov/code/colcon_3/install/path_planning/lib:/home/sentry-nov/code/colcon_3/install/m_detector/lib:/home/sentry-nov/code/colcon_3/install/fast_lio/lib:/home/sentry-nov/code/colcon_3/install/livox_ros_driver2/lib:/home/sentry-nov/code/colcon_3/install/altitude_map/lib:/home/sentry-nov/code/colcon_3/install/behaviortree_cpp/lib:/usr/local/lib:/opt/ros/humble/opt/rviz_ogre_vendor/lib:/opt/ros/humble/lib/x86_64-linux-gnu:/opt/ros/humble/lib /usr/bin/cmake --install /home/sentry-nov/code/colcon_3/build/path_planning
[36.432s] Level 1:colcon.colcon_core.environment:checking '/home/sentry-nov/code/colcon_3/install/path_planning' for CMake config files
[36.432s] Level 1:colcon.colcon_core.shell:create_environment_hook('path_planning', 'cmake_prefix_path')
[36.432s] INFO:colcon.colcon_core.shell:Creating environment hook '/home/sentry-nov/code/colcon_3/install/path_planning/share/path_planning/hook/cmake_prefix_path.ps1'
[36.433s] INFO:colcon.colcon_core.shell:Creating environment descriptor '/home/sentry-nov/code/colcon_3/install/path_planning/share/path_planning/hook/cmake_prefix_path.dsv'
[36.433s] INFO:colcon.colcon_core.shell:Creating environment hook '/home/sentry-nov/code/colcon_3/install/path_planning/share/path_planning/hook/cmake_prefix_path.sh'
[36.434s] Level 1:colcon.colcon_core.environment:checking '/home/sentry-nov/code/colcon_3/install/path_planning/lib'
[36.434s] Level 1:colcon.colcon_core.shell:create_environment_hook('path_planning', 'ld_library_path_lib')
[36.434s] INFO:colcon.colcon_core.shell:Creating environment hook '/home/sentry-nov/code/colcon_3/install/path_planning/share/path_planning/hook/ld_library_path_lib.ps1'
[36.435s] INFO:colcon.colcon_core.shell:Creating environment descriptor '/home/sentry-nov/code/colcon_3/install/path_planning/share/path_planning/hook/ld_library_path_lib.dsv'
[36.435s] INFO:colcon.colcon_core.shell:Creating environment hook '/home/sentry-nov/code/colcon_3/install/path_planning/share/path_planning/hook/ld_library_path_lib.sh'
[36.436s] Level 1:colcon.colcon_core.environment:checking '/home/sentry-nov/code/colcon_3/install/path_planning/bin'
[36.436s] Level 1:colcon.colcon_core.environment:checking '/home/sentry-nov/code/colcon_3/install/path_planning/lib/pkgconfig/path_planning.pc'
[36.436s] Level 1:colcon.colcon_core.environment:checking '/home/sentry-nov/code/colcon_3/install/path_planning/lib/python3.10/site-packages'
[36.436s] Level 1:colcon.colcon_core.environment:checking '/home/sentry-nov/code/colcon_3/install/path_planning/bin'
[36.437s] INFO:colcon.colcon_core.shell:Creating package script '/home/sentry-nov/code/colcon_3/install/path_planning/share/path_planning/package.ps1'
[36.438s] INFO:colcon.colcon_core.shell:Creating package descriptor '/home/sentry-nov/code/colcon_3/install/path_planning/share/path_planning/package.dsv'
[36.438s] INFO:colcon.colcon_core.shell:Creating package script '/home/sentry-nov/code/colcon_3/install/path_planning/share/path_planning/package.sh'
[36.438s] INFO:colcon.colcon_core.shell:Creating package script '/home/sentry-nov/code/colcon_3/install/path_planning/share/path_planning/package.bash'
[36.439s] INFO:colcon.colcon_core.shell:Creating package script '/home/sentry-nov/code/colcon_3/install/path_planning/share/path_planning/package.zsh'
[36.439s] Level 1:colcon.colcon_core.environment:create_file_with_runtime_dependencies(/home/sentry-nov/code/colcon_3/install/path_planning/share/colcon-core/packages/path_planning)
[36.440s] Level 1:colcon.colcon_core.environment:create_environment_scripts_only(path_planning)
[36.440s] Level 1:colcon.colcon_core.environment:checking '/home/sentry-nov/code/colcon_3/install/path_planning' for CMake module files
[36.440s] Level 1:colcon.colcon_core.environment:checking '/home/sentry-nov/code/colcon_3/install/path_planning' for CMake config files
[36.441s] Level 1:colcon.colcon_core.shell:create_environment_hook('path_planning', 'cmake_prefix_path')
[36.441s] INFO:colcon.colcon_core.shell:Creating environment hook '/home/sentry-nov/code/colcon_3/install/path_planning/share/path_planning/hook/cmake_prefix_path.ps1'
[36.441s] INFO:colcon.colcon_core.shell:Creating environment descriptor '/home/sentry-nov/code/colcon_3/install/path_planning/share/path_planning/hook/cmake_prefix_path.dsv'
[36.441s] INFO:colcon.colcon_core.shell:Creating environment hook '/home/sentry-nov/code/colcon_3/install/path_planning/share/path_planning/hook/cmake_prefix_path.sh'
[36.442s] Level 1:colcon.colcon_core.environment:checking '/home/sentry-nov/code/colcon_3/install/path_planning/lib'
[36.442s] Level 1:colcon.colcon_core.shell:create_environment_hook('path_planning', 'ld_library_path_lib')
[36.442s] INFO:colcon.colcon_core.shell:Creating environment hook '/home/sentry-nov/code/colcon_3/install/path_planning/share/path_planning/hook/ld_library_path_lib.ps1'
[36.443s] INFO:colcon.colcon_core.shell:Creating environment descriptor '/home/sentry-nov/code/colcon_3/install/path_planning/share/path_planning/hook/ld_library_path_lib.dsv'
[36.443s] INFO:colcon.colcon_core.shell:Creating environment hook '/home/sentry-nov/code/colcon_3/install/path_planning/share/path_planning/hook/ld_library_path_lib.sh'
[36.443s] Level 1:colcon.colcon_core.environment:checking '/home/sentry-nov/code/colcon_3/install/path_planning/bin'
[36.443s] Level 1:colcon.colcon_core.environment:checking '/home/sentry-nov/code/colcon_3/install/path_planning/lib/pkgconfig/path_planning.pc'
[36.444s] Level 1:colcon.colcon_core.environment:checking '/home/sentry-nov/code/colcon_3/install/path_planning/lib/python3.10/site-packages'
[36.444s] Level 1:colcon.colcon_core.environment:checking '/home/sentry-nov/code/colcon_3/install/path_planning/bin'
[36.444s] INFO:colcon.colcon_core.shell:Creating package script '/home/sentry-nov/code/colcon_3/install/path_planning/share/path_planning/package.ps1'
[36.444s] INFO:colcon.colcon_core.shell:Creating package descriptor '/home/sentry-nov/code/colcon_3/install/path_planning/share/path_planning/package.dsv'
[36.445s] INFO:colcon.colcon_core.shell:Creating package script '/home/sentry-nov/code/colcon_3/install/path_planning/share/path_planning/package.sh'
[36.445s] INFO:colcon.colcon_core.shell:Creating package script '/home/sentry-nov/code/colcon_3/install/path_planning/share/path_planning/package.bash'
[36.445s] INFO:colcon.colcon_core.shell:Creating package script '/home/sentry-nov/code/colcon_3/install/path_planning/share/path_planning/package.zsh'
[36.446s] Level 1:colcon.colcon_core.environment:create_file_with_runtime_dependencies(/home/sentry-nov/code/colcon_3/install/path_planning/share/colcon-core/packages/path_planning)
[36.446s] INFO:colcon.colcon_ros.task.ament_cmake.build:Building ROS package in '/home/sentry-nov/code/colcon_3/src/navigation/motion_planning' with build type 'ament_cmake'
[36.446s] INFO:colcon.colcon_cmake.task.cmake.build:Building CMake package in '/home/sentry-nov/code/colcon_3/src/navigation/motion_planning'
[36.446s] INFO:colcon.colcon_core.shell:Skip shell extension 'powershell' for command environment: Not usable outside of PowerShell
[36.447s] DEBUG:colcon.colcon_core.shell:Skip shell extension 'dsv' for command environment
[36.466s] DEBUG:colcon.colcon_core.event_handler.log_command:Invoking command in '/home/sentry-nov/code/colcon_3/build/motion_planning': CMAKE_PREFIX_PATH=/home/sentry-nov/code/colcon_3/install/path_planning:/home/sentry-nov/code/colcon_3/install/rm_interface:/home/sentry-nov/code/colcon_3/install/debug_tools:/home/sentry-nov/code/colcon_3/install/tilted_lidar:/home/sentry-nov/code/colcon_3/install/rviz_plugin:/home/sentry-nov/code/colcon_3/install/rm_serial:/home/sentry-nov/code/colcon_3/install/rm_decision:/home/sentry-nov/code/colcon_3/install/motion_planning:/home/sentry-nov/code/colcon_3/install/ikd_tree_mapping:/home/sentry-nov/code/colcon_3/install/point_lio:/home/sentry-nov/code/colcon_3/install/m_detector:/home/sentry-nov/code/colcon_3/install/fast_lio:/home/sentry-nov/code/colcon_3/install/livox_ros_driver2:/home/sentry-nov/code/colcon_3/install/icp_relocalization:/home/sentry-nov/code/colcon_3/install/altitude_map:/home/sentry-nov/code/colcon_3/install/behaviortree_cpp:/home/sentry-nov/code/colcon_3/install/auto_start:/opt/ros/humble /usr/bin/cmake --build /home/sentry-nov/code/colcon_3/build/motion_planning -- -j12 -l12
[55.997s] DEBUG:colcon.colcon_core.event_handler.log_command:Invoked command in '/home/sentry-nov/code/colcon_3/build/motion_planning' returned '0': CMAKE_PREFIX_PATH=/home/sentry-nov/code/colcon_3/install/path_planning:/home/sentry-nov/code/colcon_3/install/rm_interface:/home/sentry-nov/code/colcon_3/install/debug_tools:/home/sentry-nov/code/colcon_3/install/tilted_lidar:/home/sentry-nov/code/colcon_3/install/rviz_plugin:/home/sentry-nov/code/colcon_3/install/rm_serial:/home/sentry-nov/code/colcon_3/install/rm_decision:/home/sentry-nov/code/colcon_3/install/motion_planning:/home/sentry-nov/code/colcon_3/install/ikd_tree_mapping:/home/sentry-nov/code/colcon_3/install/point_lio:/home/sentry-nov/code/colcon_3/install/m_detector:/home/sentry-nov/code/colcon_3/install/fast_lio:/home/sentry-nov/code/colcon_3/install/livox_ros_driver2:/home/sentry-nov/code/colcon_3/install/icp_relocalization:/home/sentry-nov/code/colcon_3/install/altitude_map:/home/sentry-nov/code/colcon_3/install/behaviortree_cpp:/home/sentry-nov/code/colcon_3/install/auto_start:/opt/ros/humble /usr/bin/cmake --build /home/sentry-nov/code/colcon_3/build/motion_planning -- -j12 -l12
[55.999s] DEBUG:colcon.colcon_core.event_handler.log_command:Invoking command in '/home/sentry-nov/code/colcon_3/build/motion_planning': CMAKE_PREFIX_PATH=/home/sentry-nov/code/colcon_3/install/path_planning:/home/sentry-nov/code/colcon_3/install/rm_interface:/home/sentry-nov/code/colcon_3/install/debug_tools:/home/sentry-nov/code/colcon_3/install/tilted_lidar:/home/sentry-nov/code/colcon_3/install/rviz_plugin:/home/sentry-nov/code/colcon_3/install/rm_serial:/home/sentry-nov/code/colcon_3/install/rm_decision:/home/sentry-nov/code/colcon_3/install/motion_planning:/home/sentry-nov/code/colcon_3/install/ikd_tree_mapping:/home/sentry-nov/code/colcon_3/install/point_lio:/home/sentry-nov/code/colcon_3/install/m_detector:/home/sentry-nov/code/colcon_3/install/fast_lio:/home/sentry-nov/code/colcon_3/install/livox_ros_driver2:/home/sentry-nov/code/colcon_3/install/icp_relocalization:/home/sentry-nov/code/colcon_3/install/altitude_map:/home/sentry-nov/code/colcon_3/install/behaviortree_cpp:/home/sentry-nov/code/colcon_3/install/auto_start:/opt/ros/humble /usr/bin/cmake --install /home/sentry-nov/code/colcon_3/build/motion_planning
[56.014s] Level 1:colcon.colcon_core.environment:create_environment_scripts_only(motion_planning)
[56.014s] Level 1:colcon.colcon_core.environment:checking '/home/sentry-nov/code/colcon_3/install/motion_planning' for CMake module files
[56.015s] DEBUG:colcon.colcon_core.event_handler.log_command:Invoked command in '/home/sentry-nov/code/colcon_3/build/motion_planning' returned '0': CMAKE_PREFIX_PATH=/home/sentry-nov/code/colcon_3/install/path_planning:/home/sentry-nov/code/colcon_3/install/rm_interface:/home/sentry-nov/code/colcon_3/install/debug_tools:/home/sentry-nov/code/colcon_3/install/tilted_lidar:/home/sentry-nov/code/colcon_3/install/rviz_plugin:/home/sentry-nov/code/colcon_3/install/rm_serial:/home/sentry-nov/code/colcon_3/install/rm_decision:/home/sentry-nov/code/colcon_3/install/motion_planning:/home/sentry-nov/code/colcon_3/install/ikd_tree_mapping:/home/sentry-nov/code/colcon_3/install/point_lio:/home/sentry-nov/code/colcon_3/install/m_detector:/home/sentry-nov/code/colcon_3/install/fast_lio:/home/sentry-nov/code/colcon_3/install/livox_ros_driver2:/home/sentry-nov/code/colcon_3/install/icp_relocalization:/home/sentry-nov/code/colcon_3/install/altitude_map:/home/sentry-nov/code/colcon_3/install/behaviortree_cpp:/home/sentry-nov/code/colcon_3/install/auto_start:/opt/ros/humble /usr/bin/cmake --install /home/sentry-nov/code/colcon_3/build/motion_planning
[56.015s] Level 1:colcon.colcon_core.environment:checking '/home/sentry-nov/code/colcon_3/install/motion_planning' for CMake config files
[56.015s] Level 1:colcon.colcon_core.shell:create_environment_hook('motion_planning', 'cmake_prefix_path')
[56.015s] INFO:colcon.colcon_core.shell:Creating environment hook '/home/sentry-nov/code/colcon_3/install/motion_planning/share/motion_planning/hook/cmake_prefix_path.ps1'
[56.016s] INFO:colcon.colcon_core.shell:Creating environment descriptor '/home/sentry-nov/code/colcon_3/install/motion_planning/share/motion_planning/hook/cmake_prefix_path.dsv'
[56.016s] INFO:colcon.colcon_core.shell:Creating environment hook '/home/sentry-nov/code/colcon_3/install/motion_planning/share/motion_planning/hook/cmake_prefix_path.sh'
[56.017s] Level 1:colcon.colcon_core.environment:checking '/home/sentry-nov/code/colcon_3/install/motion_planning/lib'
[56.017s] Level 1:colcon.colcon_core.environment:checking '/home/sentry-nov/code/colcon_3/install/motion_planning/bin'
[56.017s] Level 1:colcon.colcon_core.environment:checking '/home/sentry-nov/code/colcon_3/install/motion_planning/lib/pkgconfig/motion_planning.pc'
[56.017s] Level 1:colcon.colcon_core.environment:checking '/home/sentry-nov/code/colcon_3/install/motion_planning/lib/python3.10/site-packages'
[56.017s] Level 1:colcon.colcon_core.environment:checking '/home/sentry-nov/code/colcon_3/install/motion_planning/bin'
[56.017s] INFO:colcon.colcon_core.shell:Creating package script '/home/sentry-nov/code/colcon_3/install/motion_planning/share/motion_planning/package.ps1'
[56.018s] INFO:colcon.colcon_core.shell:Creating package descriptor '/home/sentry-nov/code/colcon_3/install/motion_planning/share/motion_planning/package.dsv'
[56.018s] INFO:colcon.colcon_core.shell:Creating package script '/home/sentry-nov/code/colcon_3/install/motion_planning/share/motion_planning/package.sh'
[56.019s] INFO:colcon.colcon_core.shell:Creating package script '/home/sentry-nov/code/colcon_3/install/motion_planning/share/motion_planning/package.bash'
[56.019s] INFO:colcon.colcon_core.shell:Creating package script '/home/sentry-nov/code/colcon_3/install/motion_planning/share/motion_planning/package.zsh'
[56.019s] Level 1:colcon.colcon_core.environment:create_file_with_runtime_dependencies(/home/sentry-nov/code/colcon_3/install/motion_planning/share/colcon-core/packages/motion_planning)
[56.020s] Level 1:colcon.colcon_core.environment:create_environment_scripts_only(motion_planning)
[56.020s] Level 1:colcon.colcon_core.environment:checking '/home/sentry-nov/code/colcon_3/install/motion_planning' for CMake module files
[56.020s] Level 1:colcon.colcon_core.environment:checking '/home/sentry-nov/code/colcon_3/install/motion_planning' for CMake config files
[56.020s] Level 1:colcon.colcon_core.shell:create_environment_hook('motion_planning', 'cmake_prefix_path')
[56.021s] INFO:colcon.colcon_core.shell:Creating environment hook '/home/sentry-nov/code/colcon_3/install/motion_planning/share/motion_planning/hook/cmake_prefix_path.ps1'
[56.021s] INFO:colcon.colcon_core.shell:Creating environment descriptor '/home/sentry-nov/code/colcon_3/install/motion_planning/share/motion_planning/hook/cmake_prefix_path.dsv'
[56.021s] INFO:colcon.colcon_core.shell:Creating environment hook '/home/sentry-nov/code/colcon_3/install/motion_planning/share/motion_planning/hook/cmake_prefix_path.sh'
[56.022s] Level 1:colcon.colcon_core.environment:checking '/home/sentry-nov/code/colcon_3/install/motion_planning/lib'
[56.022s] Level 1:colcon.colcon_core.environment:checking '/home/sentry-nov/code/colcon_3/install/motion_planning/bin'
[56.022s] Level 1:colcon.colcon_core.environment:checking '/home/sentry-nov/code/colcon_3/install/motion_planning/lib/pkgconfig/motion_planning.pc'
[56.022s] Level 1:colcon.colcon_core.environment:checking '/home/sentry-nov/code/colcon_3/install/motion_planning/lib/python3.10/site-packages'
[56.022s] Level 1:colcon.colcon_core.environment:checking '/home/sentry-nov/code/colcon_3/install/motion_planning/bin'
[56.023s] INFO:colcon.colcon_core.shell:Creating package script '/home/sentry-nov/code/colcon_3/install/motion_planning/share/motion_planning/package.ps1'
[56.023s] INFO:colcon.colcon_core.shell:Creating package descriptor '/home/sentry-nov/code/colcon_3/install/motion_planning/share/motion_planning/package.dsv'
[56.023s] INFO:colcon.colcon_core.shell:Creating package script '/home/sentry-nov/code/colcon_3/install/motion_planning/share/motion_planning/package.sh'
[56.024s] INFO:colcon.colcon_core.shell:Creating package script '/home/sentry-nov/code/colcon_3/install/motion_planning/share/motion_planning/package.bash'
[56.024s] INFO:colcon.colcon_core.shell:Creating package script '/home/sentry-nov/code/colcon_3/install/motion_planning/share/motion_planning/package.zsh'
[56.024s] Level 1:colcon.colcon_core.environment:create_file_with_runtime_dependencies(/home/sentry-nov/code/colcon_3/install/motion_planning/share/colcon-core/packages/motion_planning)
[56.025s] DEBUG:colcon.colcon_parallel_executor.executor.parallel:closing loop
[56.025s] DEBUG:colcon.colcon_parallel_executor.executor.parallel:loop closed
[56.025s] DEBUG:colcon.colcon_parallel_executor.executor.parallel:run_until_complete finished with '0'
[56.025s] DEBUG:colcon.colcon_core.event_reactor:joining thread
[56.030s] INFO:colcon.colcon_core.plugin_system:Skipping extension 'colcon_notification.desktop_notification.terminal_notifier': Not used on non-Darwin systems
[56.030s] INFO:colcon.colcon_core.plugin_system:Skipping extension 'colcon_notification.desktop_notification.win32': Not used on non-Windows systems
[56.030s] INFO:colcon.colcon_notification.desktop_notification:Sending desktop notification using 'notify2'
[56.043s] DEBUG:colcon.colcon_core.event_reactor:joined thread
[56.043s] INFO:colcon.colcon_core.shell:Creating prefix script '/home/sentry-nov/code/colcon_3/install/local_setup.ps1'
[56.044s] INFO:colcon.colcon_core.shell:Creating prefix util module '/home/sentry-nov/code/colcon_3/install/_local_setup_util_ps1.py'
[56.045s] INFO:colcon.colcon_core.shell:Creating prefix chain script '/home/sentry-nov/code/colcon_3/install/setup.ps1'
[56.047s] INFO:colcon.colcon_core.shell:Creating prefix script '/home/sentry-nov/code/colcon_3/install/local_setup.sh'
[56.048s] INFO:colcon.colcon_core.shell:Creating prefix util module '/home/sentry-nov/code/colcon_3/install/_local_setup_util_sh.py'
[56.048s] INFO:colcon.colcon_core.shell:Creating prefix chain script '/home/sentry-nov/code/colcon_3/install/setup.sh'
[56.050s] INFO:colcon.colcon_core.shell:Creating prefix script '/home/sentry-nov/code/colcon_3/install/local_setup.bash'
[56.050s] INFO:colcon.colcon_core.shell:Creating prefix chain script '/home/sentry-nov/code/colcon_3/install/setup.bash'
[56.051s] INFO:colcon.colcon_core.shell:Creating prefix script '/home/sentry-nov/code/colcon_3/install/local_setup.zsh'
[56.052s] INFO:colcon.colcon_core.shell:Creating prefix chain script '/home/sentry-nov/code/colcon_3/install/setup.zsh'
