[33mCMake Warning (dev) at CMakeLists.txt:38 (target_link_libraries):
  The library that is being linked to, yaml-cpp, is marked as being
  deprecated by the owner.  The message provided by the developer is:

  The target yaml-cpp is deprecated and will be removed in version 0.10.0.
  Use the yaml-cpp::yaml-cpp target instead.

This warning is for project developers.  Use -Wno-dev to suppress it.
[0m
[33mCMake Warning (dev) at CMakeLists.txt:57 (target_link_libraries):
  The library that is being linked to, yaml-cpp, is marked as being
  deprecated by the owner.  The message provided by the developer is:

  The target yaml-cpp is deprecated and will be removed in version 0.10.0.
  Use the yaml-cpp::yaml-cpp target instead.

This warning is for project developers.  Use -Wno-dev to suppress it.
[0m
[33mCMake Warning (dev) at CMakeLists.txt:38 (target_link_libraries):
  The library that is being linked to, yaml-cpp, is marked as being
  deprecated by the owner.  The message provided by the developer is:

  The target yaml-cpp is deprecated and will be removed in version 0.10.0.
  Use the yaml-cpp::yaml-cpp target instead.

This warning is for project developers.  Use -Wno-dev to suppress it.
[0m
[33mCMake Warning (dev) at CMakeLists.txt:57 (target_link_libraries):
  The library that is being linked to, yaml-cpp, is marked as being
  deprecated by the owner.  The message provided by the developer is:

  The target yaml-cpp is deprecated and will be removed in version 0.10.0.
  Use the yaml-cpp::yaml-cpp target instead.

This warning is for project developers.  Use -Wno-dev to suppress it.
[0m
[33mCMake Warning (dev) at CMakeLists.txt:38 (target_link_libraries):
  The library that is being linked to, yaml-cpp, is marked as being
  deprecated by the owner.  The message provided by the developer is:

  The target yaml-cpp is deprecated and will be removed in version 0.10.0.
  Use the yaml-cpp::yaml-cpp target instead.

This warning is for project developers.  Use -Wno-dev to suppress it.
[0m
[33mCMake Warning (dev) at CMakeLists.txt:57 (target_link_libraries):
  The library that is being linked to, yaml-cpp, is marked as being
  deprecated by the owner.  The message provided by the developer is:

  The target yaml-cpp is deprecated and will be removed in version 0.10.0.
  Use the yaml-cpp::yaml-cpp target instead.

This warning is for project developers.  Use -Wno-dev to suppress it.
[0m
[01m[K/home/sentry-nov/code/colcon_3/src/common/rm_decision/src/rm_decision_ros.cpp:[m[K In member function ‘[01m[Kvoid rm_decision::RMDecisionROS::tryReqServer(const Vector3d&, int, double)[m[K’:
[01m[K/home/sentry-nov/code/colcon_3/src/common/rm_decision/src/rm_decision_ros.cpp:110:14:[m[K [01;31m[Kerror: [m[K‘[01m[Kusing element_type = struct rm_interface::srv::NavCore_Request_<std::allocator<void> >[m[K’ {aka ‘[01m[Kstruct rm_interface::srv::NavCore_Request_<std::allocator<void> >[m[K’} has no member named ‘[01m[Kattempts_num[m[K’
  110 |         req->[01;31m[Kattempts_num[m[K = attempt_num;
      |              [01;31m[K^~~~~~~~~~~~[m[K
[01m[K/home/sentry-nov/code/colcon_3/src/common/rm_decision/src/rm_decision_ros.cpp:111:14:[m[K [01;31m[Kerror: [m[K‘[01m[Kusing element_type = struct rm_interface::srv::NavCore_Request_<std::allocator<void> >[m[K’ {aka ‘[01m[Kstruct rm_interface::srv::NavCore_Request_<std::allocator<void> >[m[K’} has no member named ‘[01m[Kdied_cost[m[K’
  111 |         req->[01;31m[Kdied_cost[m[K = died_cost;
      |              [01;31m[K^~~~~~~~~[m[K
gmake[2]: *** [CMakeFiles/rm_decision_node.dir/build.make:90: CMakeFiles/rm_decision_node.dir/src/rm_decision_ros.cpp.o] Error 1
gmake[1]: *** [CMakeFiles/Makefile2:139: CMakeFiles/rm_decision_node.dir/all] Error 2
gmake: *** [Makefile:146: all] Error 2
