[0.069s] Invoking command in '/home/sentry-nov/code/colcon_3/build/behaviortree_cpp': CMAKE_PREFIX_PATH=/opt/ros/humble /usr/bin/cmake /home/sentry-nov/code/colcon_3/src/BehaviorTree.CPP -DCMAKE_INSTALL_PREFIX=/home/sentry-nov/code/colcon_3/install/behaviortree_cpp
[0.310s] -- The C compiler identification is GNU 11.4.0
[0.502s] -- The CXX compiler identification is GNU 11.4.0
[0.517s] -- Detecting C compiler ABI info
[0.630s] -- Detecting C compiler ABI info - done
[0.641s] -- Check for working C compiler: /usr/bin/cc - skipped
[0.641s] -- Detecting C compile features
[0.642s] -- Detecting C compile features - done
[0.646s] -- Detecting CXX compiler ABI info
[0.780s] -- Detecting CXX compiler ABI info - done
[0.791s] -- Check for working CXX compiler: /usr/bin/c++ - skipped
[0.791s] -- Detecting CXX compile features
[0.792s] -- Detecting CXX compile features - done
[0.793s] -- Setting build type to 'Release' as none was specified.
[0.794s] -- Looking for pthread.h
[0.957s] -- Looking for pthread.h - found
[0.957s] -- Performing Test CMAKE_HAVE_LIBC_PTHREAD
[1.084s] -- Performing Test CMAKE_HAVE_LIBC_PTHREAD - Success
[1.085s] -- Found Threads: TRUE  
[1.321s] -- Found Python3: /usr/bin/python3 (found version "3.10.12") found components: Interpreter 
[1.495s] -- ------------------------------------------
[1.495s] -- BehaviourTree is being built using AMENT.
[1.495s] -- ------------------------------------------
[1.507s] -- Found ZeroMQ: /usr/lib/x86_64-linux-gnu/libzmq.so  
[1.512s] -- Found SQLite3: /usr/include (found version "3.37.2") 
[1.516s] -- Found ament_index_cpp: 1.4.0 (/opt/ros/humble/share/ament_index_cpp/cmake)
[1.536s] -- BTCPP_EXTRA_LIBRARIES: $<BUILD_INTERFACE:ament_index_cpp::ament_index_cpp>;$<BUILD_INTERFACE:/usr/lib/x86_64-linux-gnu/libzmq.so>;$<BUILD_INTERFACE:/usr/lib/x86_64-linux-gnu/libsqlite3.so>
[1.536s] -- BTCPP_LIB_DESTINATION:   lib 
[1.536s] -- BTCPP_INCLUDE_DESTINATION: include 
[1.536s] -- BTCPP_UNIT_TESTS:   ON 
[1.540s] -- Found ament_cmake_gtest: 1.3.11 (/opt/ros/humble/share/ament_cmake_gtest/cmake)
[1.549s] -- Found gtest sources under '/opt/ros/humble/src/gtest_vendor': C++ tests using 'Google Test' will be built
[1.680s] -- Configuring done
[1.791s] -- Generating done
[1.816s] -- Build files have been written to: /home/sentry-nov/code/colcon_3/build/behaviortree_cpp
[1.841s] Invoked command in '/home/sentry-nov/code/colcon_3/build/behaviortree_cpp' returned '0': CMAKE_PREFIX_PATH=/opt/ros/humble /usr/bin/cmake /home/sentry-nov/code/colcon_3/src/BehaviorTree.CPP -DCMAKE_INSTALL_PREFIX=/home/sentry-nov/code/colcon_3/install/behaviortree_cpp
[1.844s] Invoking command in '/home/sentry-nov/code/colcon_3/build/behaviortree_cpp': CMAKE_PREFIX_PATH=/opt/ros/humble /usr/bin/cmake --build /home/sentry-nov/code/colcon_3/build/behaviortree_cpp -- -j12 -l12
[1.958s] [  1%] [32mBuilding CXX object CMakeFiles/minitrace.dir/3rdparty/minitrace/minitrace.cpp.o[0m
[1.976s] [  2%] [32mBuilding CXX object 3rdparty/lexy/src/CMakeFiles/lexy_file.dir/input/file.cpp.o[0m
[1.976s] [  3%] [32mBuilding CXX object gtest/CMakeFiles/gtest_main.dir/src/gtest_main.cc.o[0m
[2.013s] [  3%] [32mBuilding CXX object gtest/CMakeFiles/gtest.dir/src/gtest-all.cc.o[0m
[2.406s] [  4%] [32m[1mLinking CXX static library liblexy_file.a[0m
[2.446s] [  4%] [32m[1mLinking CXX static library libminitrace.a[0m
[2.479s] [  4%] Built target lexy_file
[2.522s] [  4%] Built target minitrace
[2.565s] [  6%] [32mBuilding CXX object CMakeFiles/behaviortree_cpp.dir/src/basic_types.cpp.o[0m
[2.566s] [  6%] [32mBuilding CXX object CMakeFiles/behaviortree_cpp.dir/src/blackboard.cpp.o[0m
[2.567s] [  6%] [32mBuilding CXX object CMakeFiles/behaviortree_cpp.dir/src/action_node.cpp.o[0m
[2.568s] [  6%] [32mBuilding CXX object CMakeFiles/behaviortree_cpp.dir/src/behavior_tree.cpp.o[0m
[2.573s] [  7%] [32mBuilding CXX object CMakeFiles/behaviortree_cpp.dir/src/bt_factory.cpp.o[0m
[2.583s] [  8%] [32mBuilding CXX object CMakeFiles/behaviortree_cpp.dir/src/decorator_node.cpp.o[0m
[2.596s] [  9%] [32mBuilding CXX object CMakeFiles/behaviortree_cpp.dir/src/condition_node.cpp.o[0m
[2.621s] [  9%] [32mBuilding CXX object CMakeFiles/behaviortree_cpp.dir/src/control_node.cpp.o[0m
[2.636s] [ 10%] [32mBuilding CXX object CMakeFiles/behaviortree_cpp.dir/src/shared_library.cpp.o[0m
[2.638s] [ 11%] [32mBuilding CXX object CMakeFiles/behaviortree_cpp.dir/src/tree_node.cpp.o[0m
[4.467s] [ 11%] [32m[1mLinking CXX static library libgtest_main.a[0m
[4.493s] [ 12%] [32mBuilding CXX object CMakeFiles/behaviortree_cpp.dir/src/script_parser.cpp.o[0m
[4.686s] [ 12%] Built target gtest_main
[4.775s] [ 12%] [32mBuilding CXX object CMakeFiles/behaviortree_cpp.dir/src/json_export.cpp.o[0m
[8.214s] [ 13%] [32mBuilding CXX object CMakeFiles/behaviortree_cpp.dir/src/xml_parsing.cpp.o[0m
[8.797s] [ 14%] [32mBuilding CXX object CMakeFiles/behaviortree_cpp.dir/src/actions/test_node.cpp.o[0m
[9.424s] [ 14%] [32mBuilding CXX object CMakeFiles/behaviortree_cpp.dir/src/actions/sleep_node.cpp.o[0m
[10.079s] [ 15%] [32mBuilding CXX object CMakeFiles/behaviortree_cpp.dir/src/actions/updated_action.cpp.o[0m
[10.262s] [ 16%] [32mBuilding CXX object CMakeFiles/behaviortree_cpp.dir/src/decorators/delay_node.cpp.o[0m
[10.780s] [ 17%] [32mBuilding CXX object CMakeFiles/behaviortree_cpp.dir/src/decorators/inverter_node.cpp.o[0m
[12.319s] [ 17%] [32mBuilding CXX object CMakeFiles/behaviortree_cpp.dir/src/decorators/repeat_node.cpp.o[0m
[12.841s] [ 18%] [32mBuilding CXX object CMakeFiles/behaviortree_cpp.dir/src/decorators/retry_node.cpp.o[0m
[14.850s] [ 19%] [32mBuilding CXX object CMakeFiles/behaviortree_cpp.dir/src/decorators/subtree_node.cpp.o[0m
[15.517s] [ 20%] [32mBuilding CXX object CMakeFiles/behaviortree_cpp.dir/src/decorators/timeout_node.cpp.o[0m
[15.940s] [ 20%] [32mBuilding CXX object CMakeFiles/behaviortree_cpp.dir/src/decorators/updated_decorator.cpp.o[0m
[17.734s] [ 21%] [32mBuilding CXX object CMakeFiles/behaviortree_cpp.dir/src/controls/if_then_else_node.cpp.o[0m
[18.647s] [ 22%] [32mBuilding CXX object CMakeFiles/behaviortree_cpp.dir/src/controls/fallback_node.cpp.o[0m
[18.892s] [ 22%] [32mBuilding CXX object CMakeFiles/behaviortree_cpp.dir/src/controls/parallel_node.cpp.o[0m
[19.228s] [ 23%] [32mBuilding CXX object CMakeFiles/behaviortree_cpp.dir/src/controls/parallel_all_node.cpp.o[0m
[19.765s] [ 24%] [32m[1mLinking CXX static library libgtest.a[0m
[20.026s] [ 24%] Built target gtest
[20.087s] [ 25%] [32mBuilding CXX object CMakeFiles/behaviortree_cpp.dir/src/controls/reactive_sequence.cpp.o[0m
[20.286s] [ 26%] [32mBuilding CXX object CMakeFiles/behaviortree_cpp.dir/src/controls/reactive_fallback.cpp.o[0m
[20.464s] [ 26%] [32mBuilding CXX object CMakeFiles/behaviortree_cpp.dir/src/controls/sequence_node.cpp.o[0m
[22.250s] [ 27%] [32mBuilding CXX object CMakeFiles/behaviortree_cpp.dir/src/controls/sequence_with_memory_node.cpp.o[0m
[22.470s] [ 28%] [32mBuilding CXX object CMakeFiles/behaviortree_cpp.dir/src/controls/switch_node.cpp.o[0m
[23.348s] [ 29%] [32mBuilding CXX object CMakeFiles/behaviortree_cpp.dir/src/controls/while_do_else_node.cpp.o[0m
[23.859s] [ 29%] [32mBuilding CXX object CMakeFiles/behaviortree_cpp.dir/src/loggers/bt_cout_logger.cpp.o[0m
[23.904s] [ 30%] [32mBuilding CXX object CMakeFiles/behaviortree_cpp.dir/src/loggers/bt_file_logger_v2.cpp.o[0m
[25.096s] [ 31%] [32mBuilding CXX object CMakeFiles/behaviortree_cpp.dir/src/loggers/bt_minitrace_logger.cpp.o[0m
[25.307s] [ 32%] [32mBuilding CXX object CMakeFiles/behaviortree_cpp.dir/src/loggers/bt_observer.cpp.o[0m
[25.911s] [ 32%] [32mBuilding CXX object CMakeFiles/behaviortree_cpp.dir/3rdparty/tinyxml2/tinyxml2.cpp.o[0m
[26.114s] [ 33%] [32mBuilding CXX object CMakeFiles/behaviortree_cpp.dir/src/loggers/groot2_publisher.cpp.o[0m
[26.560s] [ 34%] [32mBuilding CXX object CMakeFiles/behaviortree_cpp.dir/src/loggers/bt_sqlite_logger.cpp.o[0m
[27.333s] [ 34%] [32mBuilding CXX object CMakeFiles/behaviortree_cpp.dir/src/shared_library_UNIX.cpp.o[0m
[36.673s] [ 35%] [32m[1mLinking CXX shared library libbehaviortree_cpp.so[0m
[36.904s] [ 35%] Built target behaviortree_cpp
[36.936s] [ 39%] [32mBuilding CXX object sample_nodes/CMakeFiles/bt_sample_nodes.dir/crossdoor_nodes.cpp.o[0m
[36.936s] [ 39%] [32mBuilding CXX object sample_nodes/CMakeFiles/crossdoor_nodes_dyn.dir/crossdoor_nodes.cpp.o[0m
[36.936s] [ 39%] [32mBuilding CXX object sample_nodes/CMakeFiles/bt_sample_nodes.dir/dummy_nodes.cpp.o[0m
[36.936s] [ 40%] [32mBuilding CXX object sample_nodes/CMakeFiles/movebase_node_dyn.dir/movebase_node.cpp.o[0m
[36.936s] [ 40%] [32mBuilding CXX object sample_nodes/CMakeFiles/dummy_nodes_dyn.dir/dummy_nodes.cpp.o[0m
[36.936s] [ 40%] [32mBuilding CXX object examples/CMakeFiles/test_plugin_executor.dir/plugin_example/plugin_executor.cpp.o[0m
[36.936s] [ 40%] [32mBuilding CXX object examples/CMakeFiles/test_plugin_action.dir/plugin_example/plugin_action.cpp.o[0m
[36.937s] [ 43%] [32mBuilding CXX object examples/CMakeFiles/t01_first_tree_dynamic.dir/t01_build_your_first_tree.cpp.o[0m
[36.937s] [ 43%] [32mBuilding CXX object sample_nodes/CMakeFiles/bt_sample_nodes.dir/movebase_node.cpp.o[0m
[36.937s] [ 43%] [32mBuilding CXX object tools/CMakeFiles/bt4_plugin_manifest.dir/bt_plugin_manifest.cpp.o[0m
[41.819s] [ 44%] [32m[1mLinking CXX executable test_plugin_executor[0m
[41.952s] [ 44%] [32m[1mLinking CXX executable t01_first_tree_dynamic[0m
[41.991s] [ 44%] Built target test_plugin_executor
[42.012s] [ 45%] [32m[1mLinking CXX shared library bin/libcrossdoor_nodes_dyn.so[0m
[42.058s] [ 45%] [32m[1mLinking CXX executable bt4_plugin_manifest[0m
[42.126s] [ 45%] Built target t01_first_tree_dynamic
[42.178s] [ 45%] Built target crossdoor_nodes_dyn
[42.223s] [ 45%] Built target bt4_plugin_manifest
[42.328s] [ 45%] [32m[1mLinking CXX static library lib/libbt_sample_nodes.a[0m
[42.377s] [ 45%] Built target bt_sample_nodes
[42.414s] [ 46%] [32mBuilding CXX object tests/CMakeFiles/behaviortree_cpp_test.dir/src/action_test_node.cpp.o[0m
[42.415s] [ 46%] [32mBuilding CXX object examples/CMakeFiles/t02_basic_ports.dir/t02_basic_ports.cpp.o[0m
[42.415s] [ 47%] [32mBuilding CXX object examples/CMakeFiles/t03_generic_ports.dir/t03_generic_ports.cpp.o[0m
[42.417s] [ 48%] [32mBuilding CXX object examples/CMakeFiles/t01_first_tree_static.dir/t01_build_your_first_tree.cpp.o[0m
[42.418s] [ 50%] [32mBuilding CXX object examples/CMakeFiles/t05_crossdoor.dir/t05_crossdoor.cpp.o[0m
[42.420s] [ 50%] [32mBuilding CXX object examples/CMakeFiles/t07_load_multiple_xml.dir/t07_load_multiple_xml.cpp.o[0m
[42.431s] [ 50%] [32mBuilding CXX object examples/CMakeFiles/t06_subtree_port_remapping.dir/t06_subtree_port_remapping.cpp.o[0m
[42.432s] [ 50%] [32mBuilding CXX object examples/CMakeFiles/t04_reactive_sequence.dir/t04_reactive_sequence.cpp.o[0m
[42.433s] [ 50%] [32mBuilding CXX object examples/CMakeFiles/t08_additional_node_args.dir/t08_additional_node_args.cpp.o[0m
[42.576s] [ 51%] [32m[1mLinking CXX shared library bin/libmovebase_node_dyn.so[0m
[42.870s] [ 52%] [32m[1mLinking CXX shared library test_plugin_action.so[0m
[42.969s] [ 53%] [32m[1mLinking CXX shared library bin/libdummy_nodes_dyn.so[0m
[43.075s] [ 53%] Built target movebase_node_dyn
[43.122s] [ 54%] [32mBuilding CXX object examples/CMakeFiles/t09_scripting.dir/t09_scripting.cpp.o[0m
[43.123s] [ 54%] Built target test_plugin_action
[43.161s] [ 54%] Built target dummy_nodes_dyn
[43.180s] [ 55%] [32mBuilding CXX object examples/CMakeFiles/t10_observer.dir/t10_observer.cpp.o[0m
[43.213s] [ 56%] [32mBuilding CXX object examples/CMakeFiles/t11_groot_howto.dir/t11_groot_howto.cpp.o[0m
[47.133s] [ 57%] [32mBuilding CXX object tests/CMakeFiles/behaviortree_cpp_test.dir/src/condition_test_node.cpp.o[0m
[47.987s] [ 58%] [32m[1mLinking CXX executable t05_crossdoor[0m
[48.236s] [ 58%] Built target t05_crossdoor
[48.283s] [ 59%] [32mBuilding CXX object examples/CMakeFiles/t12_default_ports.dir/t12_default_ports.cpp.o[0m
[48.614s] [ 60%] [32m[1mLinking CXX executable t08_additional_node_args[0m
[48.894s] [ 61%] [32m[1mLinking CXX executable t01_first_tree_static[0m
[48.948s] [ 61%] Built target t08_additional_node_args
[48.988s] [ 62%] [32mBuilding CXX object examples/CMakeFiles/t13_access_by_ref.dir/t13_access_by_ref.cpp.o[0m
[48.991s] [ 63%] [32m[1mLinking CXX executable t07_load_multiple_xml[0m
[49.142s] [ 64%] [32m[1mLinking CXX executable t10_observer[0m
[49.204s] [ 65%] [32m[1mLinking CXX executable t04_reactive_sequence[0m
[49.248s] [ 65%] Built target t01_first_tree_static
[49.264s] [ 65%] Built target t07_load_multiple_xml
[49.321s] [ 66%] [32mBuilding CXX object examples/CMakeFiles/t14_subtree_model.dir/t14_subtree_model.cpp.o[0m
[49.365s] [ 66%] [32mBuilding CXX object examples/CMakeFiles/t15_nodes_mocking.dir/t15_nodes_mocking.cpp.o[0m
[49.484s] [ 66%] Built target t10_observer
[49.516s] [ 66%] Built target t04_reactive_sequence
[49.526s] [ 67%] [32mBuilding CXX object examples/CMakeFiles/t16_global_blackboard.dir/t16_global_blackboard.cpp.o[0m
[49.652s] [ 67%] [32mBuilding CXX object examples/CMakeFiles/t17_blackboard_backup.dir/t17_blackboard_backup.cpp.o[0m
[49.709s] [ 68%] [32m[1mLinking CXX executable t06_subtree_port_remapping[0m
[49.850s] [ 68%] [32m[1mLinking CXX executable t09_scripting[0m
[50.032s] [ 68%] Built target t06_subtree_port_remapping
[50.114s] [ 69%] [32mBuilding CXX object examples/CMakeFiles/t18_waypoints.dir/t18_waypoints.cpp.o[0m
[50.125s] [ 70%] [32m[1mLinking CXX executable t03_generic_ports[0m
[50.151s] [ 70%] Built target t09_scripting
[50.242s] [ 71%] [32mBuilding CXX object examples/CMakeFiles/ex01_wrap_legacy.dir/ex01_wrap_legacy.cpp.o[0m
[50.290s] [ 72%] [32m[1mLinking CXX executable t02_basic_ports[0m
[50.455s] [ 72%] Built target t03_generic_ports
[50.501s] [ 72%] [32mBuilding CXX object examples/CMakeFiles/ex02_runtime_ports.dir/ex02_runtime_ports.cpp.o[0m
[50.595s] [ 72%] Built target t02_basic_ports
[50.660s] [ 72%] [32mBuilding CXX object tests/CMakeFiles/behaviortree_cpp_test.dir/gtest_any.cpp.o[0m
[51.605s] [ 73%] [32mBuilding CXX object tests/CMakeFiles/behaviortree_cpp_test.dir/gtest_blackboard.cpp.o[0m
[52.843s] [ 73%] [32m[1mLinking CXX executable t11_groot_howto[0m
[53.110s] [ 73%] Built target t11_groot_howto
[53.146s] [ 74%] [32mBuilding CXX object examples/CMakeFiles/ex03_sqlite_log.dir/ex03_sqlite_log.cpp.o[0m
[54.642s] [ 75%] [32m[1mLinking CXX executable t14_subtree_model[0m
[54.928s] [ 75%] Built target t14_subtree_model
[54.946s] [ 76%] [32mBuilding CXX object tests/CMakeFiles/behaviortree_cpp_test.dir/gtest_coroutines.cpp.o[0m
[56.068s] [ 77%] [32m[1mLinking CXX executable t15_nodes_mocking[0m
[56.435s] [ 77%] [32m[1mLinking CXX executable t13_access_by_ref[0m
[56.447s] [ 77%] Built target t15_nodes_mocking
[56.471s] [ 78%] [32mBuilding CXX object tests/CMakeFiles/behaviortree_cpp_test.dir/gtest_decorator.cpp.o[0m
[56.730s] [ 79%] [32m[1mLinking CXX executable ex01_wrap_legacy[0m
[56.965s] [ 79%] Built target t13_access_by_ref
[56.970s] [ 79%] Built target ex01_wrap_legacy
[57.000s] [ 79%] [32mBuilding CXX object tests/CMakeFiles/behaviortree_cpp_test.dir/gtest_enums.cpp.o[0m
[57.018s] [ 80%] [32mBuilding CXX object tests/CMakeFiles/behaviortree_cpp_test.dir/gtest_factory.cpp.o[0m
[57.201s] [ 81%] [32m[1mLinking CXX executable t17_blackboard_backup[0m
[57.366s] [ 82%] [32m[1mLinking CXX executable t16_global_blackboard[0m
[57.538s] [ 83%] [32m[1mLinking CXX executable t12_default_ports[0m
[57.573s] [ 83%] Built target t17_blackboard_backup
[57.595s] [ 84%] [32mBuilding CXX object tests/CMakeFiles/behaviortree_cpp_test.dir/gtest_fallback.cpp.o[0m
[57.881s] [ 84%] Built target t12_default_ports
[57.901s] [ 84%] [32mBuilding CXX object tests/CMakeFiles/behaviortree_cpp_test.dir/gtest_parallel.cpp.o[0m
[57.929s] [ 84%] Built target t16_global_blackboard
[57.952s] [ 85%] [32mBuilding CXX object tests/CMakeFiles/behaviortree_cpp_test.dir/gtest_preconditions.cpp.o[0m
[58.588s] [ 86%] [32m[1mLinking CXX executable ex02_runtime_ports[0m
[59.037s] [ 86%] Built target ex02_runtime_ports
[59.108s] [ 87%] [32mBuilding CXX object tests/CMakeFiles/behaviortree_cpp_test.dir/gtest_ports.cpp.o[0m
[59.560s] [ 88%] [32m[1mLinking CXX executable t18_waypoints[0m
[59.784s] [ 89%] [32mBuilding CXX object tests/CMakeFiles/behaviortree_cpp_test.dir/gtest_postconditions.cpp.o[0m
[59.987s] [ 89%] Built target t18_waypoints
[60.036s] [ 89%] [32mBuilding CXX object tests/CMakeFiles/behaviortree_cpp_test.dir/gtest_match.cpp.o[0m
[62.806s] [ 90%] [32mBuilding CXX object tests/CMakeFiles/behaviortree_cpp_test.dir/gtest_json.cpp.o[0m
[63.960s] [ 91%] [32m[1mLinking CXX executable ex03_sqlite_log[0m
[64.256s] [ 91%] Built target ex03_sqlite_log
[64.274s] [ 92%] [32mBuilding CXX object tests/CMakeFiles/behaviortree_cpp_test.dir/gtest_reactive.cpp.o[0m
[64.759s] [ 93%] [32mBuilding CXX object tests/CMakeFiles/behaviortree_cpp_test.dir/gtest_reactive_backchaining.cpp.o[0m
[68.428s] [ 93%] [32mBuilding CXX object tests/CMakeFiles/behaviortree_cpp_test.dir/gtest_sequence.cpp.o[0m
[68.794s] [ 94%] [32mBuilding CXX object tests/CMakeFiles/behaviortree_cpp_test.dir/gtest_skipping.cpp.o[0m
[69.904s] [ 95%] [32mBuilding CXX object tests/CMakeFiles/behaviortree_cpp_test.dir/gtest_substitution.cpp.o[0m
[70.775s] [ 95%] [32mBuilding CXX object tests/CMakeFiles/behaviortree_cpp_test.dir/gtest_subtree.cpp.o[0m
[71.153s] [ 96%] [32mBuilding CXX object tests/CMakeFiles/behaviortree_cpp_test.dir/gtest_switch.cpp.o[0m
[71.923s] [ 97%] [32mBuilding CXX object tests/CMakeFiles/behaviortree_cpp_test.dir/gtest_tree.cpp.o[0m
[72.018s] [ 98%] [32mBuilding CXX object tests/CMakeFiles/behaviortree_cpp_test.dir/gtest_updates.cpp.o[0m
[72.968s] [ 98%] [32mBuilding CXX object tests/CMakeFiles/behaviortree_cpp_test.dir/gtest_wakeup.cpp.o[0m
[76.308s] [ 99%] [32mBuilding CXX object tests/CMakeFiles/behaviortree_cpp_test.dir/script_parser_test.cpp.o[0m
[93.623s] [100%] [32m[1mLinking CXX executable behaviortree_cpp_test[0m
[93.964s] [100%] Built target behaviortree_cpp_test
