[0.027s] Invoking command in '/home/sentry-nov/code/colcon_3/build/auto_start': CMAKE_PREFIX_PATH=/opt/ros/humble /usr/bin/cmake --build /home/sentry-nov/code/colcon_3/build/auto_start -- -j12 -l12
[0.214s] Invoked command in '/home/sentry-nov/code/colcon_3/build/auto_start' returned '0': CMAKE_PREFIX_PATH=/opt/ros/humble /usr/bin/cmake --build /home/sentry-nov/code/colcon_3/build/auto_start -- -j12 -l12
[0.232s] Invoking command in '/home/sentry-nov/code/colcon_3/build/auto_start': CMAKE_PREFIX_PATH=/opt/ros/humble /usr/bin/cmake --install /home/sentry-nov/code/colcon_3/build/auto_start
[0.240s] -- Install configuration: "Release"
[0.244s] -- Up-to-date: /home/sentry-nov/code/colcon_3/install/auto_start/share/auto_start/rviz
[0.248s] -- Up-to-date: /home/sentry-nov/code/colcon_3/install/auto_start/share/auto_start/rviz/odom_icp.rviz
[0.248s] -- Up-to-date: /home/sentry-nov/code/colcon_3/install/auto_start/share/auto_start/rviz/odom_mapping.rviz
[0.248s] -- Up-to-date: /home/sentry-nov/code/colcon_3/install/auto_start/share/auto_start/rviz/mapping_ikd.rviz
[0.248s] -- Up-to-date: /home/sentry-nov/code/colcon_3/install/auto_start/share/auto_start/rviz/planning.rviz
[0.248s] -- Up-to-date: /home/sentry-nov/code/colcon_3/install/auto_start/share/auto_start/launch
[0.249s] -- Up-to-date: /home/sentry-nov/code/colcon_3/install/auto_start/share/auto_start/launch/odom_icp.launch.py
[0.249s] -- Up-to-date: /home/sentry-nov/code/colcon_3/install/auto_start/share/auto_start/launch/planning.launch.py
[0.249s] -- Up-to-date: /home/sentry-nov/code/colcon_3/install/auto_start/share/auto_start/launch/mapping_ikd.launch.py
[0.249s] -- Up-to-date: /home/sentry-nov/code/colcon_3/install/auto_start/share/auto_start/launch/odom_mapping.launch.py
[0.249s] -- Up-to-date: /home/sentry-nov/code/colcon_3/install/auto_start/share/auto_start/launch/manager.py
[0.252s] -- Up-to-date: /home/sentry-nov/code/colcon_3/install/auto_start/share/ament_index/resource_index/package_run_dependencies/auto_start
[0.253s] -- Up-to-date: /home/sentry-nov/code/colcon_3/install/auto_start/share/ament_index/resource_index/parent_prefix_path/auto_start
[0.253s] -- Up-to-date: /home/sentry-nov/code/colcon_3/install/auto_start/share/auto_start/environment/ament_prefix_path.sh
[0.253s] -- Up-to-date: /home/sentry-nov/code/colcon_3/install/auto_start/share/auto_start/environment/ament_prefix_path.dsv
[0.254s] -- Up-to-date: /home/sentry-nov/code/colcon_3/install/auto_start/share/auto_start/environment/path.sh
[0.254s] -- Up-to-date: /home/sentry-nov/code/colcon_3/install/auto_start/share/auto_start/environment/path.dsv
[0.254s] -- Up-to-date: /home/sentry-nov/code/colcon_3/install/auto_start/share/auto_start/local_setup.bash
[0.254s] -- Up-to-date: /home/sentry-nov/code/colcon_3/install/auto_start/share/auto_start/local_setup.sh
[0.254s] -- Up-to-date: /home/sentry-nov/code/colcon_3/install/auto_start/share/auto_start/local_setup.zsh
[0.254s] -- Up-to-date: /home/sentry-nov/code/colcon_3/install/auto_start/share/auto_start/local_setup.dsv
[0.254s] -- Installing: /home/sentry-nov/code/colcon_3/install/auto_start/share/auto_start/package.dsv
[0.255s] -- Up-to-date: /home/sentry-nov/code/colcon_3/install/auto_start/share/ament_index/resource_index/packages/auto_start
[0.256s] -- Up-to-date: /home/sentry-nov/code/colcon_3/install/auto_start/share/auto_start/cmake/auto_startConfig.cmake
[0.256s] -- Up-to-date: /home/sentry-nov/code/colcon_3/install/auto_start/share/auto_start/cmake/auto_startConfig-version.cmake
[0.256s] -- Up-to-date: /home/sentry-nov/code/colcon_3/install/auto_start/share/auto_start/package.xml
[0.258s] Invoked command in '/home/sentry-nov/code/colcon_3/build/auto_start' returned '0': CMAKE_PREFIX_PATH=/opt/ros/humble /usr/bin/cmake --install /home/sentry-nov/code/colcon_3/build/auto_start
