[0.025s] Invoking command in '/home/sentry-nov/code/colcon_3/build/rm_interface': CMAKE_PREFIX_PATH=${CMAKE_PREFIX_PATH}:/opt/ros/humble /usr/bin/cmake --build /home/sentry-nov/code/colcon_3/build/rm_interface -- -j12 -l12
[0.092s] [  2%] Built target rm_interface__cpp
[0.095s] [ 12%] Built target rm_interface__rosidl_generator_c
[0.117s] [ 12%] Built target ament_cmake_python_copy_rm_interface
[0.150s] [ 23%] Built target rm_interface__rosidl_typesupport_introspection_cpp
[0.161s] [ 33%] Built target rm_interface__rosidl_typesupport_cpp
[0.164s] [ 43%] Built target rm_interface__rosidl_typesupport_fastrtps_cpp
[0.165s] [ 53%] Built target rm_interface__rosidl_typesupport_fastrtps_c
[0.172s] [ 64%] Built target rm_interface__rosidl_typesupport_introspection_c
[0.187s] [ 74%] Built target rm_interface__rosidl_typesupport_c
[0.223s] [ 74%] Built target rm_interface
[0.246s] [ 76%] Built target rm_interface__py
[0.285s] [ 84%] Built target rm_interface__rosidl_generator_py
[0.328s] [ 89%] Built target rm_interface__rosidl_typesupport_introspection_c__pyext
[0.333s] [ 94%] Built target rm_interface__rosidl_typesupport_c__pyext
[0.335s] [100%] Built target rm_interface__rosidl_typesupport_fastrtps_c__pyext
[0.432s] running egg_info
[0.433s] writing rm_interface.egg-info/PKG-INFO
[0.434s] writing dependency_links to rm_interface.egg-info/dependency_links.txt
[0.434s] writing top-level names to rm_interface.egg-info/top_level.txt
[0.436s] reading manifest file 'rm_interface.egg-info/SOURCES.txt'
[0.437s] writing manifest file 'rm_interface.egg-info/SOURCES.txt'
[0.492s] [100%] Built target ament_cmake_python_build_rm_interface_egg
[0.509s] Invoked command in '/home/sentry-nov/code/colcon_3/build/rm_interface' returned '0': CMAKE_PREFIX_PATH=${CMAKE_PREFIX_PATH}:/opt/ros/humble /usr/bin/cmake --build /home/sentry-nov/code/colcon_3/build/rm_interface -- -j12 -l12
[0.511s] Invoking command in '/home/sentry-nov/code/colcon_3/build/rm_interface': CMAKE_PREFIX_PATH=${CMAKE_PREFIX_PATH}:/opt/ros/humble /usr/bin/cmake --install /home/sentry-nov/code/colcon_3/build/rm_interface
[0.522s] -- Install configuration: "Release"
[0.522s] -- Up-to-date: /home/sentry-nov/code/colcon_3/install/rm_interface/share/ament_index/resource_index/rosidl_interfaces/rm_interface
[0.522s] -- Up-to-date: /home/sentry-nov/code/colcon_3/install/rm_interface/include/rm_interface/rm_interface
[0.522s] -- Up-to-date: /home/sentry-nov/code/colcon_3/install/rm_interface/include/rm_interface/rm_interface/srv
[0.522s] -- Up-to-date: /home/sentry-nov/code/colcon_3/install/rm_interface/include/rm_interface/rm_interface/srv/save_pcd.h
[0.522s] -- Up-to-date: /home/sentry-nov/code/colcon_3/install/rm_interface/include/rm_interface/rm_interface/srv/detail
[0.522s] -- Up-to-date: /home/sentry-nov/code/colcon_3/install/rm_interface/include/rm_interface/rm_interface/srv/detail/save_pcd__functions.h
[0.522s] -- Up-to-date: /home/sentry-nov/code/colcon_3/install/rm_interface/include/rm_interface/rm_interface/srv/detail/save_pcd__struct.h
[0.523s] -- Up-to-date: /home/sentry-nov/code/colcon_3/install/rm_interface/include/rm_interface/rm_interface/srv/detail/save_pcd__functions.c
[0.523s] -- Up-to-date: /home/sentry-nov/code/colcon_3/install/rm_interface/include/rm_interface/rm_interface/srv/detail/save_pcd__type_support.h
[0.523s] -- Up-to-date: /home/sentry-nov/code/colcon_3/install/rm_interface/include/rm_interface/rm_interface/msg
[0.523s] -- Up-to-date: /home/sentry-nov/code/colcon_3/install/rm_interface/include/rm_interface/rm_interface/msg/rosidl_generator_c__visibility_control.h
[0.524s] -- Up-to-date: /home/sentry-nov/code/colcon_3/install/rm_interface/include/rm_interface/rm_interface/msg/command.h
[0.524s] -- Up-to-date: /home/sentry-nov/code/colcon_3/install/rm_interface/include/rm_interface/rm_interface/msg/detail
[0.524s] -- Up-to-date: /home/sentry-nov/code/colcon_3/install/rm_interface/include/rm_interface/rm_interface/msg/detail/command__functions.h
[0.525s] -- Up-to-date: /home/sentry-nov/code/colcon_3/install/rm_interface/include/rm_interface/rm_interface/msg/detail/command__type_support.h
[0.525s] -- Up-to-date: /home/sentry-nov/code/colcon_3/install/rm_interface/include/rm_interface/rm_interface/msg/detail/command__functions.c
[0.525s] -- Up-to-date: /home/sentry-nov/code/colcon_3/install/rm_interface/include/rm_interface/rm_interface/msg/detail/command__struct.h
[0.526s] -- Up-to-date: /home/sentry-nov/code/colcon_3/install/rm_interface/share/rm_interface/environment/library_path.sh
[0.527s] -- Up-to-date: /home/sentry-nov/code/colcon_3/install/rm_interface/share/rm_interface/environment/library_path.dsv
[0.527s] -- Up-to-date: /home/sentry-nov/code/colcon_3/install/rm_interface/lib/librm_interface__rosidl_generator_c.so
[0.527s] -- Up-to-date: /home/sentry-nov/code/colcon_3/install/rm_interface/include/rm_interface/rm_interface
[0.528s] -- Up-to-date: /home/sentry-nov/code/colcon_3/install/rm_interface/include/rm_interface/rm_interface/srv
[0.528s] -- Up-to-date: /home/sentry-nov/code/colcon_3/install/rm_interface/include/rm_interface/rm_interface/srv/detail
[0.528s] -- Up-to-date: /home/sentry-nov/code/colcon_3/install/rm_interface/include/rm_interface/rm_interface/srv/detail/save_pcd__rosidl_typesupport_fastrtps_c.h
[0.528s] -- Up-to-date: /home/sentry-nov/code/colcon_3/install/rm_interface/include/rm_interface/rm_interface/msg
[0.528s] -- Up-to-date: /home/sentry-nov/code/colcon_3/install/rm_interface/include/rm_interface/rm_interface/msg/detail
[0.528s] -- Up-to-date: /home/sentry-nov/code/colcon_3/install/rm_interface/include/rm_interface/rm_interface/msg/detail/command__rosidl_typesupport_fastrtps_c.h
[0.528s] -- Up-to-date: /home/sentry-nov/code/colcon_3/install/rm_interface/include/rm_interface/rm_interface/msg/rosidl_typesupport_fastrtps_c__visibility_control.h
[0.528s] -- Up-to-date: /home/sentry-nov/code/colcon_3/install/rm_interface/lib/librm_interface__rosidl_typesupport_fastrtps_c.so
[0.528s] -- Up-to-date: /home/sentry-nov/code/colcon_3/install/rm_interface/include/rm_interface/rm_interface
[0.529s] -- Up-to-date: /home/sentry-nov/code/colcon_3/install/rm_interface/include/rm_interface/rm_interface/srv
[0.529s] -- Up-to-date: /home/sentry-nov/code/colcon_3/install/rm_interface/include/rm_interface/rm_interface/srv/detail
[0.529s] -- Up-to-date: /home/sentry-nov/code/colcon_3/install/rm_interface/include/rm_interface/rm_interface/srv/detail/save_pcd__traits.hpp
[0.529s] -- Up-to-date: /home/sentry-nov/code/colcon_3/install/rm_interface/include/rm_interface/rm_interface/srv/detail/save_pcd__struct.hpp
[0.529s] -- Up-to-date: /home/sentry-nov/code/colcon_3/install/rm_interface/include/rm_interface/rm_interface/srv/detail/save_pcd__builder.hpp
[0.529s] -- Up-to-date: /home/sentry-nov/code/colcon_3/install/rm_interface/include/rm_interface/rm_interface/srv/detail/save_pcd__type_support.hpp
[0.529s] -- Up-to-date: /home/sentry-nov/code/colcon_3/install/rm_interface/include/rm_interface/rm_interface/srv/save_pcd.hpp
[0.529s] -- Up-to-date: /home/sentry-nov/code/colcon_3/install/rm_interface/include/rm_interface/rm_interface/msg
[0.529s] -- Up-to-date: /home/sentry-nov/code/colcon_3/install/rm_interface/include/rm_interface/rm_interface/msg/detail
[0.529s] -- Up-to-date: /home/sentry-nov/code/colcon_3/install/rm_interface/include/rm_interface/rm_interface/msg/detail/command__struct.hpp
[0.529s] -- Up-to-date: /home/sentry-nov/code/colcon_3/install/rm_interface/include/rm_interface/rm_interface/msg/detail/command__traits.hpp
[0.529s] -- Up-to-date: /home/sentry-nov/code/colcon_3/install/rm_interface/include/rm_interface/rm_interface/msg/detail/command__type_support.hpp
[0.530s] -- Up-to-date: /home/sentry-nov/code/colcon_3/install/rm_interface/include/rm_interface/rm_interface/msg/detail/command__builder.hpp
[0.530s] -- Up-to-date: /home/sentry-nov/code/colcon_3/install/rm_interface/include/rm_interface/rm_interface/msg/rosidl_generator_cpp__visibility_control.hpp
[0.530s] -- Up-to-date: /home/sentry-nov/code/colcon_3/install/rm_interface/include/rm_interface/rm_interface/msg/command.hpp
[0.530s] -- Up-to-date: /home/sentry-nov/code/colcon_3/install/rm_interface/include/rm_interface/rm_interface
[0.530s] -- Up-to-date: /home/sentry-nov/code/colcon_3/install/rm_interface/include/rm_interface/rm_interface/srv
[0.530s] -- Up-to-date: /home/sentry-nov/code/colcon_3/install/rm_interface/include/rm_interface/rm_interface/srv/detail
[0.530s] -- Up-to-date: /home/sentry-nov/code/colcon_3/install/rm_interface/include/rm_interface/rm_interface/srv/detail/dds_fastrtps
[0.531s] -- Up-to-date: /home/sentry-nov/code/colcon_3/install/rm_interface/include/rm_interface/rm_interface/srv/detail/save_pcd__rosidl_typesupport_fastrtps_cpp.hpp
[0.531s] -- Up-to-date: /home/sentry-nov/code/colcon_3/install/rm_interface/include/rm_interface/rm_interface/msg
[0.531s] -- Up-to-date: /home/sentry-nov/code/colcon_3/install/rm_interface/include/rm_interface/rm_interface/msg/detail
[0.531s] -- Up-to-date: /home/sentry-nov/code/colcon_3/install/rm_interface/include/rm_interface/rm_interface/msg/detail/dds_fastrtps
[0.531s] -- Up-to-date: /home/sentry-nov/code/colcon_3/install/rm_interface/include/rm_interface/rm_interface/msg/detail/command__rosidl_typesupport_fastrtps_cpp.hpp
[0.531s] -- Up-to-date: /home/sentry-nov/code/colcon_3/install/rm_interface/include/rm_interface/rm_interface/msg/rosidl_typesupport_fastrtps_cpp__visibility_control.h
[0.531s] -- Up-to-date: /home/sentry-nov/code/colcon_3/install/rm_interface/lib/librm_interface__rosidl_typesupport_fastrtps_cpp.so
[0.531s] -- Up-to-date: /home/sentry-nov/code/colcon_3/install/rm_interface/include/rm_interface/rm_interface
[0.531s] -- Up-to-date: /home/sentry-nov/code/colcon_3/install/rm_interface/include/rm_interface/rm_interface/srv
[0.531s] -- Up-to-date: /home/sentry-nov/code/colcon_3/install/rm_interface/include/rm_interface/rm_interface/srv/detail
[0.531s] -- Up-to-date: /home/sentry-nov/code/colcon_3/install/rm_interface/include/rm_interface/rm_interface/srv/detail/save_pcd__type_support.c
[0.532s] -- Up-to-date: /home/sentry-nov/code/colcon_3/install/rm_interface/include/rm_interface/rm_interface/srv/detail/save_pcd__rosidl_typesupport_introspection_c.h
[0.532s] -- Up-to-date: /home/sentry-nov/code/colcon_3/install/rm_interface/include/rm_interface/rm_interface/msg
[0.532s] -- Up-to-date: /home/sentry-nov/code/colcon_3/install/rm_interface/include/rm_interface/rm_interface/msg/detail
[0.532s] -- Up-to-date: /home/sentry-nov/code/colcon_3/install/rm_interface/include/rm_interface/rm_interface/msg/detail/command__rosidl_typesupport_introspection_c.h
[0.532s] -- Up-to-date: /home/sentry-nov/code/colcon_3/install/rm_interface/include/rm_interface/rm_interface/msg/detail/command__type_support.c
[0.532s] -- Up-to-date: /home/sentry-nov/code/colcon_3/install/rm_interface/include/rm_interface/rm_interface/msg/rosidl_typesupport_introspection_c__visibility_control.h
[0.533s] -- Up-to-date: /home/sentry-nov/code/colcon_3/install/rm_interface/lib/librm_interface__rosidl_typesupport_introspection_c.so
[0.533s] -- Up-to-date: /home/sentry-nov/code/colcon_3/install/rm_interface/lib/librm_interface__rosidl_typesupport_c.so
[0.533s] -- Up-to-date: /home/sentry-nov/code/colcon_3/install/rm_interface/include/rm_interface/rm_interface
[0.533s] -- Up-to-date: /home/sentry-nov/code/colcon_3/install/rm_interface/include/rm_interface/rm_interface/srv
[0.533s] -- Up-to-date: /home/sentry-nov/code/colcon_3/install/rm_interface/include/rm_interface/rm_interface/srv/detail
[0.533s] -- Up-to-date: /home/sentry-nov/code/colcon_3/install/rm_interface/include/rm_interface/rm_interface/srv/detail/save_pcd__rosidl_typesupport_introspection_cpp.hpp
[0.533s] -- Up-to-date: /home/sentry-nov/code/colcon_3/install/rm_interface/include/rm_interface/rm_interface/srv/detail/save_pcd__type_support.cpp
[0.533s] -- Up-to-date: /home/sentry-nov/code/colcon_3/install/rm_interface/include/rm_interface/rm_interface/msg
[0.533s] -- Up-to-date: /home/sentry-nov/code/colcon_3/install/rm_interface/include/rm_interface/rm_interface/msg/detail
[0.533s] -- Up-to-date: /home/sentry-nov/code/colcon_3/install/rm_interface/include/rm_interface/rm_interface/msg/detail/command__type_support.cpp
[0.533s] -- Up-to-date: /home/sentry-nov/code/colcon_3/install/rm_interface/include/rm_interface/rm_interface/msg/detail/command__rosidl_typesupport_introspection_cpp.hpp
[0.533s] -- Up-to-date: /home/sentry-nov/code/colcon_3/install/rm_interface/lib/librm_interface__rosidl_typesupport_introspection_cpp.so
[0.533s] -- Up-to-date: /home/sentry-nov/code/colcon_3/install/rm_interface/lib/librm_interface__rosidl_typesupport_cpp.so
[0.534s] -- Up-to-date: /home/sentry-nov/code/colcon_3/install/rm_interface/share/rm_interface/environment/pythonpath.sh
[0.534s] -- Up-to-date: /home/sentry-nov/code/colcon_3/install/rm_interface/share/rm_interface/environment/pythonpath.dsv
[0.534s] -- Up-to-date: /home/sentry-nov/code/colcon_3/install/rm_interface/local/lib/python3.10/dist-packages/rm_interface-0.0.0-py3.10.egg-info
[0.534s] -- Installing: /home/sentry-nov/code/colcon_3/install/rm_interface/local/lib/python3.10/dist-packages/rm_interface-0.0.0-py3.10.egg-info/top_level.txt
[0.534s] -- Installing: /home/sentry-nov/code/colcon_3/install/rm_interface/local/lib/python3.10/dist-packages/rm_interface-0.0.0-py3.10.egg-info/dependency_links.txt
[0.534s] -- Installing: /home/sentry-nov/code/colcon_3/install/rm_interface/local/lib/python3.10/dist-packages/rm_interface-0.0.0-py3.10.egg-info/PKG-INFO
[0.534s] -- Installing: /home/sentry-nov/code/colcon_3/install/rm_interface/local/lib/python3.10/dist-packages/rm_interface-0.0.0-py3.10.egg-info/SOURCES.txt
[0.534s] -- Up-to-date: /home/sentry-nov/code/colcon_3/install/rm_interface/local/lib/python3.10/dist-packages/rm_interface
[0.534s] -- Up-to-date: /home/sentry-nov/code/colcon_3/install/rm_interface/local/lib/python3.10/dist-packages/rm_interface/rm_interface_s__rosidl_typesupport_introspection_c.cpython-310-x86_64-linux-gnu.so
[0.534s] -- Up-to-date: /home/sentry-nov/code/colcon_3/install/rm_interface/local/lib/python3.10/dist-packages/rm_interface/srv
[0.534s] -- Up-to-date: /home/sentry-nov/code/colcon_3/install/rm_interface/local/lib/python3.10/dist-packages/rm_interface/srv/_save_pcd.py
[0.535s] -- Up-to-date: /home/sentry-nov/code/colcon_3/install/rm_interface/local/lib/python3.10/dist-packages/rm_interface/srv/_save_pcd_s.c
[0.535s] -- Up-to-date: /home/sentry-nov/code/colcon_3/install/rm_interface/local/lib/python3.10/dist-packages/rm_interface/srv/__init__.py
[0.535s] -- Up-to-date: /home/sentry-nov/code/colcon_3/install/rm_interface/local/lib/python3.10/dist-packages/rm_interface/rm_interface_s__rosidl_typesupport_c.cpython-310-x86_64-linux-gnu.so
[0.535s] -- Up-to-date: /home/sentry-nov/code/colcon_3/install/rm_interface/local/lib/python3.10/dist-packages/rm_interface/_rm_interface_s.ep.rosidl_typesupport_c.c
[0.535s] -- Up-to-date: /home/sentry-nov/code/colcon_3/install/rm_interface/local/lib/python3.10/dist-packages/rm_interface/_rm_interface_s.ep.rosidl_typesupport_fastrtps_c.c
[0.535s] -- Up-to-date: /home/sentry-nov/code/colcon_3/install/rm_interface/local/lib/python3.10/dist-packages/rm_interface/rm_interface_s__rosidl_typesupport_fastrtps_c.cpython-310-x86_64-linux-gnu.so
[0.535s] -- Up-to-date: /home/sentry-nov/code/colcon_3/install/rm_interface/local/lib/python3.10/dist-packages/rm_interface/__init__.py
[0.535s] -- Up-to-date: /home/sentry-nov/code/colcon_3/install/rm_interface/local/lib/python3.10/dist-packages/rm_interface/msg
[0.535s] -- Up-to-date: /home/sentry-nov/code/colcon_3/install/rm_interface/local/lib/python3.10/dist-packages/rm_interface/msg/_command.py
[0.535s] -- Up-to-date: /home/sentry-nov/code/colcon_3/install/rm_interface/local/lib/python3.10/dist-packages/rm_interface/msg/__init__.py
[0.535s] -- Up-to-date: /home/sentry-nov/code/colcon_3/install/rm_interface/local/lib/python3.10/dist-packages/rm_interface/msg/_command_s.c
[0.536s] -- Up-to-date: /home/sentry-nov/code/colcon_3/install/rm_interface/local/lib/python3.10/dist-packages/rm_interface/librm_interface__rosidl_generator_py.so
[0.536s] -- Up-to-date: /home/sentry-nov/code/colcon_3/install/rm_interface/local/lib/python3.10/dist-packages/rm_interface/_rm_interface_s.ep.rosidl_typesupport_introspection_c.c
[0.562s] Listing '/home/sentry-nov/code/colcon_3/install/rm_interface/local/lib/python3.10/dist-packages/rm_interface'...
[0.563s] Listing '/home/sentry-nov/code/colcon_3/install/rm_interface/local/lib/python3.10/dist-packages/rm_interface/msg'...
[0.563s] Listing '/home/sentry-nov/code/colcon_3/install/rm_interface/local/lib/python3.10/dist-packages/rm_interface/srv'...
[0.569s] -- Up-to-date: /home/sentry-nov/code/colcon_3/install/rm_interface/local/lib/python3.10/dist-packages/rm_interface/rm_interface_s__rosidl_typesupport_fastrtps_c.cpython-310-x86_64-linux-gnu.so
[0.569s] -- Up-to-date: /home/sentry-nov/code/colcon_3/install/rm_interface/local/lib/python3.10/dist-packages/rm_interface/rm_interface_s__rosidl_typesupport_introspection_c.cpython-310-x86_64-linux-gnu.so
[0.569s] -- Up-to-date: /home/sentry-nov/code/colcon_3/install/rm_interface/local/lib/python3.10/dist-packages/rm_interface/rm_interface_s__rosidl_typesupport_c.cpython-310-x86_64-linux-gnu.so
[0.570s] -- Up-to-date: /home/sentry-nov/code/colcon_3/install/rm_interface/lib/librm_interface__rosidl_generator_py.so
[0.570s] -- Up-to-date: /home/sentry-nov/code/colcon_3/install/rm_interface/share/rm_interface/srv/SavePCD.idl
[0.570s] -- Up-to-date: /home/sentry-nov/code/colcon_3/install/rm_interface/share/rm_interface/msg/Command.idl
[0.570s] -- Up-to-date: /home/sentry-nov/code/colcon_3/install/rm_interface/share/rm_interface/srv/SavePCD.srv
[0.570s] -- Up-to-date: /home/sentry-nov/code/colcon_3/install/rm_interface/share/rm_interface/srv/SavePCD_Request.msg
[0.570s] -- Up-to-date: /home/sentry-nov/code/colcon_3/install/rm_interface/share/rm_interface/srv/SavePCD_Response.msg
[0.571s] -- Up-to-date: /home/sentry-nov/code/colcon_3/install/rm_interface/share/rm_interface/msg/Command.msg
[0.571s] -- Up-to-date: /home/sentry-nov/code/colcon_3/install/rm_interface/share/ament_index/resource_index/package_run_dependencies/rm_interface
[0.571s] -- Up-to-date: /home/sentry-nov/code/colcon_3/install/rm_interface/share/ament_index/resource_index/parent_prefix_path/rm_interface
[0.571s] -- Up-to-date: /home/sentry-nov/code/colcon_3/install/rm_interface/share/rm_interface/environment/ament_prefix_path.sh
[0.571s] -- Up-to-date: /home/sentry-nov/code/colcon_3/install/rm_interface/share/rm_interface/environment/ament_prefix_path.dsv
[0.571s] -- Up-to-date: /home/sentry-nov/code/colcon_3/install/rm_interface/share/rm_interface/environment/path.sh
[0.571s] -- Up-to-date: /home/sentry-nov/code/colcon_3/install/rm_interface/share/rm_interface/environment/path.dsv
[0.571s] -- Up-to-date: /home/sentry-nov/code/colcon_3/install/rm_interface/share/rm_interface/local_setup.bash
[0.571s] -- Up-to-date: /home/sentry-nov/code/colcon_3/install/rm_interface/share/rm_interface/local_setup.sh
[0.571s] -- Up-to-date: /home/sentry-nov/code/colcon_3/install/rm_interface/share/rm_interface/local_setup.zsh
[0.571s] -- Up-to-date: /home/sentry-nov/code/colcon_3/install/rm_interface/share/rm_interface/local_setup.dsv
[0.571s] -- Installing: /home/sentry-nov/code/colcon_3/install/rm_interface/share/rm_interface/package.dsv
[0.571s] -- Up-to-date: /home/sentry-nov/code/colcon_3/install/rm_interface/share/ament_index/resource_index/packages/rm_interface
[0.572s] -- Up-to-date: /home/sentry-nov/code/colcon_3/install/rm_interface/share/rm_interface/cmake/export_rm_interface__rosidl_generator_cExport.cmake
[0.572s] -- Up-to-date: /home/sentry-nov/code/colcon_3/install/rm_interface/share/rm_interface/cmake/export_rm_interface__rosidl_generator_cExport-release.cmake
[0.572s] -- Up-to-date: /home/sentry-nov/code/colcon_3/install/rm_interface/share/rm_interface/cmake/export_rm_interface__rosidl_typesupport_fastrtps_cExport.cmake
[0.572s] -- Up-to-date: /home/sentry-nov/code/colcon_3/install/rm_interface/share/rm_interface/cmake/export_rm_interface__rosidl_typesupport_fastrtps_cExport-release.cmake
[0.572s] -- Up-to-date: /home/sentry-nov/code/colcon_3/install/rm_interface/share/rm_interface/cmake/export_rm_interface__rosidl_generator_cppExport.cmake
[0.572s] -- Up-to-date: /home/sentry-nov/code/colcon_3/install/rm_interface/share/rm_interface/cmake/export_rm_interface__rosidl_typesupport_fastrtps_cppExport.cmake
[0.572s] -- Up-to-date: /home/sentry-nov/code/colcon_3/install/rm_interface/share/rm_interface/cmake/export_rm_interface__rosidl_typesupport_fastrtps_cppExport-release.cmake
[0.572s] -- Up-to-date: /home/sentry-nov/code/colcon_3/install/rm_interface/share/rm_interface/cmake/rm_interface__rosidl_typesupport_introspection_cExport.cmake
[0.572s] -- Up-to-date: /home/sentry-nov/code/colcon_3/install/rm_interface/share/rm_interface/cmake/rm_interface__rosidl_typesupport_introspection_cExport-release.cmake
[0.572s] -- Up-to-date: /home/sentry-nov/code/colcon_3/install/rm_interface/share/rm_interface/cmake/rm_interface__rosidl_typesupport_cExport.cmake
[0.572s] -- Up-to-date: /home/sentry-nov/code/colcon_3/install/rm_interface/share/rm_interface/cmake/rm_interface__rosidl_typesupport_cExport-release.cmake
[0.572s] -- Up-to-date: /home/sentry-nov/code/colcon_3/install/rm_interface/share/rm_interface/cmake/rm_interface__rosidl_typesupport_introspection_cppExport.cmake
[0.573s] -- Up-to-date: /home/sentry-nov/code/colcon_3/install/rm_interface/share/rm_interface/cmake/rm_interface__rosidl_typesupport_introspection_cppExport-release.cmake
[0.573s] -- Up-to-date: /home/sentry-nov/code/colcon_3/install/rm_interface/share/rm_interface/cmake/rm_interface__rosidl_typesupport_cppExport.cmake
[0.573s] -- Up-to-date: /home/sentry-nov/code/colcon_3/install/rm_interface/share/rm_interface/cmake/rm_interface__rosidl_typesupport_cppExport-release.cmake
[0.573s] -- Up-to-date: /home/sentry-nov/code/colcon_3/install/rm_interface/share/rm_interface/cmake/export_rm_interface__rosidl_generator_pyExport.cmake
[0.573s] -- Up-to-date: /home/sentry-nov/code/colcon_3/install/rm_interface/share/rm_interface/cmake/export_rm_interface__rosidl_generator_pyExport-release.cmake
[0.573s] -- Up-to-date: /home/sentry-nov/code/colcon_3/install/rm_interface/share/rm_interface/cmake/rosidl_cmake-extras.cmake
[0.573s] -- Up-to-date: /home/sentry-nov/code/colcon_3/install/rm_interface/share/rm_interface/cmake/ament_cmake_export_include_directories-extras.cmake
[0.573s] -- Up-to-date: /home/sentry-nov/code/colcon_3/install/rm_interface/share/rm_interface/cmake/ament_cmake_export_libraries-extras.cmake
[0.573s] -- Up-to-date: /home/sentry-nov/code/colcon_3/install/rm_interface/share/rm_interface/cmake/ament_cmake_export_targets-extras.cmake
[0.573s] -- Up-to-date: /home/sentry-nov/code/colcon_3/install/rm_interface/share/rm_interface/cmake/rosidl_cmake_export_typesupport_targets-extras.cmake
[0.573s] -- Up-to-date: /home/sentry-nov/code/colcon_3/install/rm_interface/share/rm_interface/cmake/ament_cmake_export_dependencies-extras.cmake
[0.573s] -- Up-to-date: /home/sentry-nov/code/colcon_3/install/rm_interface/share/rm_interface/cmake/rosidl_cmake_export_typesupport_libraries-extras.cmake
[0.573s] -- Up-to-date: /home/sentry-nov/code/colcon_3/install/rm_interface/share/rm_interface/cmake/rm_interfaceConfig.cmake
[0.573s] -- Up-to-date: /home/sentry-nov/code/colcon_3/install/rm_interface/share/rm_interface/cmake/rm_interfaceConfig-version.cmake
[0.574s] -- Up-to-date: /home/sentry-nov/code/colcon_3/install/rm_interface/share/rm_interface/package.xml
[0.577s] Invoked command in '/home/sentry-nov/code/colcon_3/build/rm_interface' returned '0': CMAKE_PREFIX_PATH=${CMAKE_PREFIX_PATH}:/opt/ros/humble /usr/bin/cmake --install /home/sentry-nov/code/colcon_3/build/rm_interface
