[0.059s] Invoking command in '/home/sentry-nov/code/colcon_3/build/tilted_lidar': CMAKE_PREFIX_PATH=/opt/ros/humble /usr/bin/cmake --build /home/sentry-nov/code/colcon_3/build/tilted_lidar -- -j12 -l12
[0.269s] [ 33%] Built target publish_body_cloud_node
[0.270s] [ 66%] Built target pointcloud_icp_node
[0.288s] [100%] Built target tilted_lidar_node
[0.360s] Invoked command in '/home/sentry-nov/code/colcon_3/build/tilted_lidar' returned '0': CMAKE_PREFIX_PATH=/opt/ros/humble /usr/bin/cmake --build /home/sentry-nov/code/colcon_3/build/tilted_lidar -- -j12 -l12
[0.364s] Invoking command in '/home/sentry-nov/code/colcon_3/build/tilted_lidar': CMAKE_PREFIX_PATH=/opt/ros/humble /usr/bin/cmake --install /home/sentry-nov/code/colcon_3/build/tilted_lidar
[0.381s] -- Install configuration: "Release"
[0.381s] -- Up-to-date: /home/sentry-nov/code/colcon_3/install/tilted_lidar/lib/tilted_lidar/tilted_lidar_node
[0.382s] -- Up-to-date: /home/sentry-nov/code/colcon_3/install/tilted_lidar/lib/tilted_lidar/publish_body_cloud_node
[0.382s] -- Up-to-date: /home/sentry-nov/code/colcon_3/install/tilted_lidar/lib/tilted_lidar/pointcloud_icp_node
[0.382s] -- Up-to-date: /home/sentry-nov/code/colcon_3/install/tilted_lidar/share/tilted_lidar/launch
[0.382s] -- Up-to-date: /home/sentry-nov/code/colcon_3/install/tilted_lidar/share/tilted_lidar/launch/tilted_lidar.launch.py
[0.382s] -- Up-to-date: /home/sentry-nov/code/colcon_3/install/tilted_lidar/share/tilted_lidar/config
[0.382s] -- Up-to-date: /home/sentry-nov/code/colcon_3/install/tilted_lidar/share/tilted_lidar/config/tilted_lidar.rviz
[0.382s] -- Up-to-date: /home/sentry-nov/code/colcon_3/install/tilted_lidar/share/ament_index/resource_index/package_run_dependencies/tilted_lidar
[0.382s] -- Up-to-date: /home/sentry-nov/code/colcon_3/install/tilted_lidar/share/ament_index/resource_index/parent_prefix_path/tilted_lidar
[0.382s] -- Up-to-date: /home/sentry-nov/code/colcon_3/install/tilted_lidar/share/tilted_lidar/environment/ament_prefix_path.sh
[0.382s] -- Up-to-date: /home/sentry-nov/code/colcon_3/install/tilted_lidar/share/tilted_lidar/environment/ament_prefix_path.dsv
[0.383s] -- Up-to-date: /home/sentry-nov/code/colcon_3/install/tilted_lidar/share/tilted_lidar/environment/path.sh
[0.383s] -- Up-to-date: /home/sentry-nov/code/colcon_3/install/tilted_lidar/share/tilted_lidar/environment/path.dsv
[0.383s] -- Up-to-date: /home/sentry-nov/code/colcon_3/install/tilted_lidar/share/tilted_lidar/local_setup.bash
[0.383s] -- Up-to-date: /home/sentry-nov/code/colcon_3/install/tilted_lidar/share/tilted_lidar/local_setup.sh
[0.383s] -- Up-to-date: /home/sentry-nov/code/colcon_3/install/tilted_lidar/share/tilted_lidar/local_setup.zsh
[0.383s] -- Up-to-date: /home/sentry-nov/code/colcon_3/install/tilted_lidar/share/tilted_lidar/local_setup.dsv
[0.383s] -- Installing: /home/sentry-nov/code/colcon_3/install/tilted_lidar/share/tilted_lidar/package.dsv
[0.384s] -- Up-to-date: /home/sentry-nov/code/colcon_3/install/tilted_lidar/share/ament_index/resource_index/packages/tilted_lidar
[0.384s] -- Up-to-date: /home/sentry-nov/code/colcon_3/install/tilted_lidar/share/tilted_lidar/cmake/tilted_lidarConfig.cmake
[0.384s] -- Up-to-date: /home/sentry-nov/code/colcon_3/install/tilted_lidar/share/tilted_lidar/cmake/tilted_lidarConfig-version.cmake
[0.384s] -- Up-to-date: /home/sentry-nov/code/colcon_3/install/tilted_lidar/share/tilted_lidar/package.xml
[0.393s] Invoked command in '/home/sentry-nov/code/colcon_3/build/tilted_lidar' returned '0': CMAKE_PREFIX_PATH=/opt/ros/humble /usr/bin/cmake --install /home/sentry-nov/code/colcon_3/build/tilted_lidar
