[0.036s] Invoking command in '/home/sentry-nov/code/colcon_3/build/tilted_lidar': CMAKE_PREFIX_PATH=${CMAKE_PREFIX_PATH}:/opt/ros/humble: /usr/bin/cmake --build /home/sentry-nov/code/colcon_3/build/tilted_lidar -- -j12 -l12
[0.182s] [ 33%] Built target publish_body_cloud_node
[0.188s] [ 66%] Built target tilted_lidar_node
[0.191s] [100%] Built target pointcloud_icp_node
[0.297s] Invoked command in '/home/sentry-nov/code/colcon_3/build/tilted_lidar' returned '0': CMAKE_PREFIX_PATH=${CMAKE_PREFIX_PATH}:/opt/ros/humble: /usr/bin/cmake --build /home/sentry-nov/code/colcon_3/build/tilted_lidar -- -j12 -l12
[0.299s] Invoking command in '/home/sentry-nov/code/colcon_3/build/tilted_lidar': CMAKE_PREFIX_PATH=${CMAKE_PREFIX_PATH}:/opt/ros/humble: /usr/bin/cmake --install /home/sentry-nov/code/colcon_3/build/tilted_lidar
[0.319s] -- Install configuration: "Release"
[0.320s] -- Up-to-date: /home/sentry-nov/code/colcon_3/install/tilted_lidar/lib/tilted_lidar/tilted_lidar_node
[0.321s] -- Up-to-date: /home/sentry-nov/code/colcon_3/install/tilted_lidar/lib/tilted_lidar/publish_body_cloud_node
[0.323s] -- Up-to-date: /home/sentry-nov/code/colcon_3/install/tilted_lidar/lib/tilted_lidar/pointcloud_icp_node
[0.323s] -- Up-to-date: /home/sentry-nov/code/colcon_3/install/tilted_lidar/share/tilted_lidar/launch
[0.323s] -- Up-to-date: /home/sentry-nov/code/colcon_3/install/tilted_lidar/share/tilted_lidar/launch/tilted_lidar.launch.py
[0.323s] -- Up-to-date: /home/sentry-nov/code/colcon_3/install/tilted_lidar/share/tilted_lidar/config
[0.323s] -- Up-to-date: /home/sentry-nov/code/colcon_3/install/tilted_lidar/share/tilted_lidar/config/tilted_lidar.rviz
[0.324s] -- Up-to-date: /home/sentry-nov/code/colcon_3/install/tilted_lidar/share/ament_index/resource_index/package_run_dependencies/tilted_lidar
[0.325s] -- Up-to-date: /home/sentry-nov/code/colcon_3/install/tilted_lidar/share/ament_index/resource_index/parent_prefix_path/tilted_lidar
[0.325s] -- Up-to-date: /home/sentry-nov/code/colcon_3/install/tilted_lidar/share/tilted_lidar/environment/ament_prefix_path.sh
[0.326s] -- Up-to-date: /home/sentry-nov/code/colcon_3/install/tilted_lidar/share/tilted_lidar/environment/ament_prefix_path.dsv
[0.326s] -- Up-to-date: /home/sentry-nov/code/colcon_3/install/tilted_lidar/share/tilted_lidar/environment/path.sh
[0.326s] -- Up-to-date: /home/sentry-nov/code/colcon_3/install/tilted_lidar/share/tilted_lidar/environment/path.dsv
[0.327s] -- Up-to-date: /home/sentry-nov/code/colcon_3/install/tilted_lidar/share/tilted_lidar/local_setup.bash
[0.327s] -- Up-to-date: /home/sentry-nov/code/colcon_3/install/tilted_lidar/share/tilted_lidar/local_setup.sh
[0.327s] -- Up-to-date: /home/sentry-nov/code/colcon_3/install/tilted_lidar/share/tilted_lidar/local_setup.zsh
[0.327s] -- Up-to-date: /home/sentry-nov/code/colcon_3/install/tilted_lidar/share/tilted_lidar/local_setup.dsv
[0.327s] -- Installing: /home/sentry-nov/code/colcon_3/install/tilted_lidar/share/tilted_lidar/package.dsv
[0.328s] -- Up-to-date: /home/sentry-nov/code/colcon_3/install/tilted_lidar/share/ament_index/resource_index/packages/tilted_lidar
[0.328s] -- Up-to-date: /home/sentry-nov/code/colcon_3/install/tilted_lidar/share/tilted_lidar/cmake/tilted_lidarConfig.cmake
[0.328s] -- Up-to-date: /home/sentry-nov/code/colcon_3/install/tilted_lidar/share/tilted_lidar/cmake/tilted_lidarConfig-version.cmake
[0.328s] -- Up-to-date: /home/sentry-nov/code/colcon_3/install/tilted_lidar/share/tilted_lidar/package.xml
[0.341s] Invoked command in '/home/sentry-nov/code/colcon_3/build/tilted_lidar' returned '0': CMAKE_PREFIX_PATH=${CMAKE_PREFIX_PATH}:/opt/ros/humble: /usr/bin/cmake --install /home/sentry-nov/code/colcon_3/build/tilted_lidar
