[0.025s] Invoking command in '/home/sentry-nov/code/colcon_3/build/rm_interface': CMAKE_PREFIX_PATH=${CMAKE_PREFIX_PATH}:/opt/ros/humble /usr/bin/cmake --build /home/sentry-nov/code/colcon_3/build/rm_interface -- -j12 -l12
[0.094s] [  1%] Built target rm_interface__cpp
[0.098s] [ 12%] Built target rm_interface__rosidl_generator_c
[0.128s] [ 12%] Built target ament_cmake_python_copy_rm_interface
[0.143s] [ 23%] Built target rm_interface__rosidl_typesupport_fastrtps_cpp
[0.160s] [ 34%] Built target rm_interface__rosidl_typesupport_cpp
[0.178s] [ 46%] Built target rm_interface__rosidl_typesupport_introspection_cpp
[0.190s] [ 57%] Built target rm_interface__rosidl_typesupport_introspection_c
[0.197s] [ 68%] Built target rm_interface__rosidl_typesupport_fastrtps_c
[0.200s] [ 79%] Built target rm_interface__rosidl_typesupport_c
[0.238s] [ 79%] Built target rm_interface
[0.271s] [ 80%] Built target rm_interface__py
[0.310s] [ 90%] Built target rm_interface__rosidl_generator_py
[0.351s] [ 93%] Built target rm_interface__rosidl_typesupport_fastrtps_c__pyext
[0.370s] [ 96%] Built target rm_interface__rosidl_typesupport_c__pyext
[0.378s] [100%] Built target rm_interface__rosidl_typesupport_introspection_c__pyext
[0.474s] running egg_info
[0.475s] writing rm_interface.egg-info/PKG-INFO
[0.476s] writing dependency_links to rm_interface.egg-info/dependency_links.txt
[0.476s] writing top-level names to rm_interface.egg-info/top_level.txt
[0.479s] reading manifest file 'rm_interface.egg-info/SOURCES.txt'
[0.479s] writing manifest file 'rm_interface.egg-info/SOURCES.txt'
[0.534s] [100%] Built target ament_cmake_python_build_rm_interface_egg
[0.552s] Invoked command in '/home/sentry-nov/code/colcon_3/build/rm_interface' returned '0': CMAKE_PREFIX_PATH=${CMAKE_PREFIX_PATH}:/opt/ros/humble /usr/bin/cmake --build /home/sentry-nov/code/colcon_3/build/rm_interface -- -j12 -l12
[0.553s] Invoking command in '/home/sentry-nov/code/colcon_3/build/rm_interface': CMAKE_PREFIX_PATH=${CMAKE_PREFIX_PATH}:/opt/ros/humble /usr/bin/cmake --install /home/sentry-nov/code/colcon_3/build/rm_interface
[0.563s] -- Install configuration: "Release"
[0.563s] -- Installing: /home/sentry-nov/code/colcon_3/install/rm_interface/share/ament_index/resource_index/rosidl_interfaces/rm_interface
[0.566s] -- Installing: /home/sentry-nov/code/colcon_3/install/rm_interface/include/rm_interface/rm_interface
[0.566s] -- Installing: /home/sentry-nov/code/colcon_3/install/rm_interface/include/rm_interface/rm_interface/srv
[0.567s] -- Installing: /home/sentry-nov/code/colcon_3/install/rm_interface/include/rm_interface/rm_interface/srv/set_local_mode.h
[0.568s] -- Installing: /home/sentry-nov/code/colcon_3/install/rm_interface/include/rm_interface/rm_interface/srv/save_pcd.h
[0.569s] -- Installing: /home/sentry-nov/code/colcon_3/install/rm_interface/include/rm_interface/rm_interface/srv/nav_core.h
[0.569s] -- Installing: /home/sentry-nov/code/colcon_3/install/rm_interface/include/rm_interface/rm_interface/srv/detail
[0.569s] -- Installing: /home/sentry-nov/code/colcon_3/install/rm_interface/include/rm_interface/rm_interface/srv/detail/nav_core__functions.h
[0.569s] -- Installing: /home/sentry-nov/code/colcon_3/install/rm_interface/include/rm_interface/rm_interface/srv/detail/nav_core__type_support.h
[0.570s] -- Installing: /home/sentry-nov/code/colcon_3/install/rm_interface/include/rm_interface/rm_interface/srv/detail/nav_core__struct.h
[0.570s] -- Installing: /home/sentry-nov/code/colcon_3/install/rm_interface/include/rm_interface/rm_interface/srv/detail/set_local_mode__functions.c
[0.570s] -- Installing: /home/sentry-nov/code/colcon_3/install/rm_interface/include/rm_interface/rm_interface/srv/detail/save_pcd__functions.h
[0.570s] -- Installing: /home/sentry-nov/code/colcon_3/install/rm_interface/include/rm_interface/rm_interface/srv/detail/nav_core__functions.c
[0.571s] -- Installing: /home/sentry-nov/code/colcon_3/install/rm_interface/include/rm_interface/rm_interface/srv/detail/set_local_mode__type_support.h
[0.571s] -- Installing: /home/sentry-nov/code/colcon_3/install/rm_interface/include/rm_interface/rm_interface/srv/detail/set_local_mode__functions.h
[0.572s] -- Installing: /home/sentry-nov/code/colcon_3/install/rm_interface/include/rm_interface/rm_interface/srv/detail/set_local_mode__struct.h
[0.574s] -- Installing: /home/sentry-nov/code/colcon_3/install/rm_interface/include/rm_interface/rm_interface/srv/detail/save_pcd__struct.h
[0.574s] -- Installing: /home/sentry-nov/code/colcon_3/install/rm_interface/include/rm_interface/rm_interface/srv/detail/save_pcd__functions.c
[0.574s] -- Installing: /home/sentry-nov/code/colcon_3/install/rm_interface/include/rm_interface/rm_interface/srv/detail/save_pcd__type_support.h
[0.575s] -- Installing: /home/sentry-nov/code/colcon_3/install/rm_interface/include/rm_interface/rm_interface/msg
[0.575s] -- Installing: /home/sentry-nov/code/colcon_3/install/rm_interface/include/rm_interface/rm_interface/msg/rosidl_generator_c__visibility_control.h
[0.575s] -- Installing: /home/sentry-nov/code/colcon_3/install/rm_interface/include/rm_interface/rm_interface/msg/local_state.h
[0.576s] -- Installing: /home/sentry-nov/code/colcon_3/install/rm_interface/include/rm_interface/rm_interface/msg/command.h
[0.576s] -- Installing: /home/sentry-nov/code/colcon_3/install/rm_interface/include/rm_interface/rm_interface/msg/detail
[0.577s] -- Installing: /home/sentry-nov/code/colcon_3/install/rm_interface/include/rm_interface/rm_interface/msg/detail/local_state__type_support.h
[0.577s] -- Installing: /home/sentry-nov/code/colcon_3/install/rm_interface/include/rm_interface/rm_interface/msg/detail/command__functions.h
[0.578s] -- Installing: /home/sentry-nov/code/colcon_3/install/rm_interface/include/rm_interface/rm_interface/msg/detail/command__type_support.h
[0.578s] -- Installing: /home/sentry-nov/code/colcon_3/install/rm_interface/include/rm_interface/rm_interface/msg/detail/command__functions.c
[0.579s] -- Installing: /home/sentry-nov/code/colcon_3/install/rm_interface/include/rm_interface/rm_interface/msg/detail/local_state__functions.h
[0.580s] -- Installing: /home/sentry-nov/code/colcon_3/install/rm_interface/include/rm_interface/rm_interface/msg/detail/local_state__struct.h
[0.581s] -- Installing: /home/sentry-nov/code/colcon_3/install/rm_interface/include/rm_interface/rm_interface/msg/detail/command__struct.h
[0.581s] -- Installing: /home/sentry-nov/code/colcon_3/install/rm_interface/include/rm_interface/rm_interface/msg/detail/local_state__functions.c
[0.582s] -- Installing: /home/sentry-nov/code/colcon_3/install/rm_interface/share/rm_interface/environment/library_path.sh
[0.582s] -- Installing: /home/sentry-nov/code/colcon_3/install/rm_interface/share/rm_interface/environment/library_path.dsv
[0.583s] -- Installing: /home/sentry-nov/code/colcon_3/install/rm_interface/lib/librm_interface__rosidl_generator_c.so
[0.586s] -- Set runtime path of "/home/sentry-nov/code/colcon_3/install/rm_interface/lib/librm_interface__rosidl_generator_c.so" to ""
[0.586s] -- Up-to-date: /home/sentry-nov/code/colcon_3/install/rm_interface/include/rm_interface/rm_interface
[0.586s] -- Up-to-date: /home/sentry-nov/code/colcon_3/install/rm_interface/include/rm_interface/rm_interface/srv
[0.586s] -- Up-to-date: /home/sentry-nov/code/colcon_3/install/rm_interface/include/rm_interface/rm_interface/srv/detail
[0.586s] -- Installing: /home/sentry-nov/code/colcon_3/install/rm_interface/include/rm_interface/rm_interface/srv/detail/nav_core__rosidl_typesupport_fastrtps_c.h
[0.586s] -- Installing: /home/sentry-nov/code/colcon_3/install/rm_interface/include/rm_interface/rm_interface/srv/detail/set_local_mode__rosidl_typesupport_fastrtps_c.h
[0.587s] -- Installing: /home/sentry-nov/code/colcon_3/install/rm_interface/include/rm_interface/rm_interface/srv/detail/save_pcd__rosidl_typesupport_fastrtps_c.h
[0.588s] -- Up-to-date: /home/sentry-nov/code/colcon_3/install/rm_interface/include/rm_interface/rm_interface/msg
[0.588s] -- Up-to-date: /home/sentry-nov/code/colcon_3/install/rm_interface/include/rm_interface/rm_interface/msg/detail
[0.588s] -- Installing: /home/sentry-nov/code/colcon_3/install/rm_interface/include/rm_interface/rm_interface/msg/detail/command__rosidl_typesupport_fastrtps_c.h
[0.588s] -- Installing: /home/sentry-nov/code/colcon_3/install/rm_interface/include/rm_interface/rm_interface/msg/detail/local_state__rosidl_typesupport_fastrtps_c.h
[0.589s] -- Installing: /home/sentry-nov/code/colcon_3/install/rm_interface/include/rm_interface/rm_interface/msg/rosidl_typesupport_fastrtps_c__visibility_control.h
[0.590s] -- Installing: /home/sentry-nov/code/colcon_3/install/rm_interface/lib/librm_interface__rosidl_typesupport_fastrtps_c.so
[0.592s] -- Set runtime path of "/home/sentry-nov/code/colcon_3/install/rm_interface/lib/librm_interface__rosidl_typesupport_fastrtps_c.so" to ""
[0.592s] -- Up-to-date: /home/sentry-nov/code/colcon_3/install/rm_interface/include/rm_interface/rm_interface
[0.592s] -- Up-to-date: /home/sentry-nov/code/colcon_3/install/rm_interface/include/rm_interface/rm_interface/srv
[0.592s] -- Up-to-date: /home/sentry-nov/code/colcon_3/install/rm_interface/include/rm_interface/rm_interface/srv/detail
[0.592s] -- Installing: /home/sentry-nov/code/colcon_3/install/rm_interface/include/rm_interface/rm_interface/srv/detail/save_pcd__traits.hpp
[0.592s] -- Installing: /home/sentry-nov/code/colcon_3/install/rm_interface/include/rm_interface/rm_interface/srv/detail/set_local_mode__traits.hpp
[0.593s] -- Installing: /home/sentry-nov/code/colcon_3/install/rm_interface/include/rm_interface/rm_interface/srv/detail/save_pcd__struct.hpp
[0.594s] -- Installing: /home/sentry-nov/code/colcon_3/install/rm_interface/include/rm_interface/rm_interface/srv/detail/save_pcd__builder.hpp
[0.594s] -- Installing: /home/sentry-nov/code/colcon_3/install/rm_interface/include/rm_interface/rm_interface/srv/detail/save_pcd__type_support.hpp
[0.594s] -- Installing: /home/sentry-nov/code/colcon_3/install/rm_interface/include/rm_interface/rm_interface/srv/detail/nav_core__type_support.hpp
[0.595s] -- Installing: /home/sentry-nov/code/colcon_3/install/rm_interface/include/rm_interface/rm_interface/srv/detail/nav_core__builder.hpp
[0.596s] -- Installing: /home/sentry-nov/code/colcon_3/install/rm_interface/include/rm_interface/rm_interface/srv/detail/set_local_mode__type_support.hpp
[0.596s] -- Installing: /home/sentry-nov/code/colcon_3/install/rm_interface/include/rm_interface/rm_interface/srv/detail/set_local_mode__builder.hpp
[0.597s] -- Installing: /home/sentry-nov/code/colcon_3/install/rm_interface/include/rm_interface/rm_interface/srv/detail/set_local_mode__struct.hpp
[0.598s] -- Installing: /home/sentry-nov/code/colcon_3/install/rm_interface/include/rm_interface/rm_interface/srv/detail/nav_core__traits.hpp
[0.599s] -- Installing: /home/sentry-nov/code/colcon_3/install/rm_interface/include/rm_interface/rm_interface/srv/detail/nav_core__struct.hpp
[0.602s] -- Installing: /home/sentry-nov/code/colcon_3/install/rm_interface/include/rm_interface/rm_interface/srv/nav_core.hpp
[0.602s] -- Installing: /home/sentry-nov/code/colcon_3/install/rm_interface/include/rm_interface/rm_interface/srv/save_pcd.hpp
[0.602s] -- Installing: /home/sentry-nov/code/colcon_3/install/rm_interface/include/rm_interface/rm_interface/srv/set_local_mode.hpp
[0.603s] -- Up-to-date: /home/sentry-nov/code/colcon_3/install/rm_interface/include/rm_interface/rm_interface/msg
[0.603s] -- Up-to-date: /home/sentry-nov/code/colcon_3/install/rm_interface/include/rm_interface/rm_interface/msg/detail
[0.603s] -- Installing: /home/sentry-nov/code/colcon_3/install/rm_interface/include/rm_interface/rm_interface/msg/detail/command__struct.hpp
[0.604s] -- Installing: /home/sentry-nov/code/colcon_3/install/rm_interface/include/rm_interface/rm_interface/msg/detail/command__traits.hpp
[0.604s] -- Installing: /home/sentry-nov/code/colcon_3/install/rm_interface/include/rm_interface/rm_interface/msg/detail/command__type_support.hpp
[0.604s] -- Installing: /home/sentry-nov/code/colcon_3/install/rm_interface/include/rm_interface/rm_interface/msg/detail/local_state__struct.hpp
[0.605s] -- Installing: /home/sentry-nov/code/colcon_3/install/rm_interface/include/rm_interface/rm_interface/msg/detail/local_state__traits.hpp
[0.605s] -- Installing: /home/sentry-nov/code/colcon_3/install/rm_interface/include/rm_interface/rm_interface/msg/detail/command__builder.hpp
[0.606s] -- Installing: /home/sentry-nov/code/colcon_3/install/rm_interface/include/rm_interface/rm_interface/msg/detail/local_state__type_support.hpp
[0.607s] -- Installing: /home/sentry-nov/code/colcon_3/install/rm_interface/include/rm_interface/rm_interface/msg/detail/local_state__builder.hpp
[0.607s] -- Installing: /home/sentry-nov/code/colcon_3/install/rm_interface/include/rm_interface/rm_interface/msg/rosidl_generator_cpp__visibility_control.hpp
[0.608s] -- Installing: /home/sentry-nov/code/colcon_3/install/rm_interface/include/rm_interface/rm_interface/msg/local_state.hpp
[0.608s] -- Installing: /home/sentry-nov/code/colcon_3/install/rm_interface/include/rm_interface/rm_interface/msg/command.hpp
[0.609s] -- Up-to-date: /home/sentry-nov/code/colcon_3/install/rm_interface/include/rm_interface/rm_interface
[0.609s] -- Up-to-date: /home/sentry-nov/code/colcon_3/install/rm_interface/include/rm_interface/rm_interface/srv
[0.609s] -- Up-to-date: /home/sentry-nov/code/colcon_3/install/rm_interface/include/rm_interface/rm_interface/srv/detail
[0.609s] -- Installing: /home/sentry-nov/code/colcon_3/install/rm_interface/include/rm_interface/rm_interface/srv/detail/nav_core__rosidl_typesupport_fastrtps_cpp.hpp
[0.610s] -- Installing: /home/sentry-nov/code/colcon_3/install/rm_interface/include/rm_interface/rm_interface/srv/detail/dds_fastrtps
[0.610s] -- Installing: /home/sentry-nov/code/colcon_3/install/rm_interface/include/rm_interface/rm_interface/srv/detail/set_local_mode__rosidl_typesupport_fastrtps_cpp.hpp
[0.610s] -- Installing: /home/sentry-nov/code/colcon_3/install/rm_interface/include/rm_interface/rm_interface/srv/detail/save_pcd__rosidl_typesupport_fastrtps_cpp.hpp
[0.611s] -- Up-to-date: /home/sentry-nov/code/colcon_3/install/rm_interface/include/rm_interface/rm_interface/msg
[0.611s] -- Up-to-date: /home/sentry-nov/code/colcon_3/install/rm_interface/include/rm_interface/rm_interface/msg/detail
[0.611s] -- Installing: /home/sentry-nov/code/colcon_3/install/rm_interface/include/rm_interface/rm_interface/msg/detail/local_state__rosidl_typesupport_fastrtps_cpp.hpp
[0.611s] -- Installing: /home/sentry-nov/code/colcon_3/install/rm_interface/include/rm_interface/rm_interface/msg/detail/dds_fastrtps
[0.612s] -- Installing: /home/sentry-nov/code/colcon_3/install/rm_interface/include/rm_interface/rm_interface/msg/detail/command__rosidl_typesupport_fastrtps_cpp.hpp
[0.612s] -- Installing: /home/sentry-nov/code/colcon_3/install/rm_interface/include/rm_interface/rm_interface/msg/rosidl_typesupport_fastrtps_cpp__visibility_control.h
[0.613s] -- Installing: /home/sentry-nov/code/colcon_3/install/rm_interface/lib/librm_interface__rosidl_typesupport_fastrtps_cpp.so
[0.615s] -- Set runtime path of "/home/sentry-nov/code/colcon_3/install/rm_interface/lib/librm_interface__rosidl_typesupport_fastrtps_cpp.so" to ""
[0.615s] -- Up-to-date: /home/sentry-nov/code/colcon_3/install/rm_interface/include/rm_interface/rm_interface
[0.615s] -- Up-to-date: /home/sentry-nov/code/colcon_3/install/rm_interface/include/rm_interface/rm_interface/srv
[0.615s] -- Up-to-date: /home/sentry-nov/code/colcon_3/install/rm_interface/include/rm_interface/rm_interface/srv/detail
[0.615s] -- Installing: /home/sentry-nov/code/colcon_3/install/rm_interface/include/rm_interface/rm_interface/srv/detail/set_local_mode__type_support.c
[0.616s] -- Installing: /home/sentry-nov/code/colcon_3/install/rm_interface/include/rm_interface/rm_interface/srv/detail/nav_core__rosidl_typesupport_introspection_c.h
[0.616s] -- Installing: /home/sentry-nov/code/colcon_3/install/rm_interface/include/rm_interface/rm_interface/srv/detail/save_pcd__type_support.c
[0.617s] -- Installing: /home/sentry-nov/code/colcon_3/install/rm_interface/include/rm_interface/rm_interface/srv/detail/set_local_mode__rosidl_typesupport_introspection_c.h
[0.618s] -- Installing: /home/sentry-nov/code/colcon_3/install/rm_interface/include/rm_interface/rm_interface/srv/detail/nav_core__type_support.c
[0.618s] -- Installing: /home/sentry-nov/code/colcon_3/install/rm_interface/include/rm_interface/rm_interface/srv/detail/save_pcd__rosidl_typesupport_introspection_c.h
[0.619s] -- Up-to-date: /home/sentry-nov/code/colcon_3/install/rm_interface/include/rm_interface/rm_interface/msg
[0.619s] -- Up-to-date: /home/sentry-nov/code/colcon_3/install/rm_interface/include/rm_interface/rm_interface/msg/detail
[0.619s] -- Installing: /home/sentry-nov/code/colcon_3/install/rm_interface/include/rm_interface/rm_interface/msg/detail/command__rosidl_typesupport_introspection_c.h
[0.619s] -- Installing: /home/sentry-nov/code/colcon_3/install/rm_interface/include/rm_interface/rm_interface/msg/detail/local_state__rosidl_typesupport_introspection_c.h
[0.620s] -- Installing: /home/sentry-nov/code/colcon_3/install/rm_interface/include/rm_interface/rm_interface/msg/detail/command__type_support.c
[0.620s] -- Installing: /home/sentry-nov/code/colcon_3/install/rm_interface/include/rm_interface/rm_interface/msg/detail/local_state__type_support.c
[0.621s] -- Installing: /home/sentry-nov/code/colcon_3/install/rm_interface/include/rm_interface/rm_interface/msg/rosidl_typesupport_introspection_c__visibility_control.h
[0.622s] -- Installing: /home/sentry-nov/code/colcon_3/install/rm_interface/lib/librm_interface__rosidl_typesupport_introspection_c.so
[0.623s] -- Set runtime path of "/home/sentry-nov/code/colcon_3/install/rm_interface/lib/librm_interface__rosidl_typesupport_introspection_c.so" to ""
[0.623s] -- Installing: /home/sentry-nov/code/colcon_3/install/rm_interface/lib/librm_interface__rosidl_typesupport_c.so
[0.624s] -- Set runtime path of "/home/sentry-nov/code/colcon_3/install/rm_interface/lib/librm_interface__rosidl_typesupport_c.so" to ""
[0.624s] -- Up-to-date: /home/sentry-nov/code/colcon_3/install/rm_interface/include/rm_interface/rm_interface
[0.624s] -- Up-to-date: /home/sentry-nov/code/colcon_3/install/rm_interface/include/rm_interface/rm_interface/srv
[0.625s] -- Up-to-date: /home/sentry-nov/code/colcon_3/install/rm_interface/include/rm_interface/rm_interface/srv/detail
[0.625s] -- Installing: /home/sentry-nov/code/colcon_3/install/rm_interface/include/rm_interface/rm_interface/srv/detail/save_pcd__rosidl_typesupport_introspection_cpp.hpp
[0.637s] -- Installing: /home/sentry-nov/code/colcon_3/install/rm_interface/include/rm_interface/rm_interface/srv/detail/save_pcd__type_support.cpp
[0.638s] -- Installing: /home/sentry-nov/code/colcon_3/install/rm_interface/include/rm_interface/rm_interface/srv/detail/nav_core__rosidl_typesupport_introspection_cpp.hpp
[0.639s] -- Installing: /home/sentry-nov/code/colcon_3/install/rm_interface/include/rm_interface/rm_interface/srv/detail/nav_core__type_support.cpp
[0.640s] -- Installing: /home/sentry-nov/code/colcon_3/install/rm_interface/include/rm_interface/rm_interface/srv/detail/set_local_mode__rosidl_typesupport_introspection_cpp.hpp
[0.641s] -- Installing: /home/sentry-nov/code/colcon_3/install/rm_interface/include/rm_interface/rm_interface/srv/detail/set_local_mode__type_support.cpp
[0.642s] -- Up-to-date: /home/sentry-nov/code/colcon_3/install/rm_interface/include/rm_interface/rm_interface/msg
[0.642s] -- Up-to-date: /home/sentry-nov/code/colcon_3/install/rm_interface/include/rm_interface/rm_interface/msg/detail
[0.642s] -- Installing: /home/sentry-nov/code/colcon_3/install/rm_interface/include/rm_interface/rm_interface/msg/detail/command__type_support.cpp
[0.642s] -- Installing: /home/sentry-nov/code/colcon_3/install/rm_interface/include/rm_interface/rm_interface/msg/detail/local_state__rosidl_typesupport_introspection_cpp.hpp
[0.643s] -- Installing: /home/sentry-nov/code/colcon_3/install/rm_interface/include/rm_interface/rm_interface/msg/detail/command__rosidl_typesupport_introspection_cpp.hpp
[0.643s] -- Installing: /home/sentry-nov/code/colcon_3/install/rm_interface/include/rm_interface/rm_interface/msg/detail/local_state__type_support.cpp
[0.644s] -- Installing: /home/sentry-nov/code/colcon_3/install/rm_interface/lib/librm_interface__rosidl_typesupport_introspection_cpp.so
[0.646s] -- Set runtime path of "/home/sentry-nov/code/colcon_3/install/rm_interface/lib/librm_interface__rosidl_typesupport_introspection_cpp.so" to ""
[0.646s] -- Installing: /home/sentry-nov/code/colcon_3/install/rm_interface/lib/librm_interface__rosidl_typesupport_cpp.so
[0.647s] -- Set runtime path of "/home/sentry-nov/code/colcon_3/install/rm_interface/lib/librm_interface__rosidl_typesupport_cpp.so" to ""
[0.647s] -- Installing: /home/sentry-nov/code/colcon_3/install/rm_interface/share/rm_interface/environment/pythonpath.sh
[0.648s] -- Installing: /home/sentry-nov/code/colcon_3/install/rm_interface/share/rm_interface/environment/pythonpath.dsv
[0.649s] -- Installing: /home/sentry-nov/code/colcon_3/install/rm_interface/local/lib/python3.10/dist-packages/rm_interface-0.0.0-py3.10.egg-info
[0.649s] -- Installing: /home/sentry-nov/code/colcon_3/install/rm_interface/local/lib/python3.10/dist-packages/rm_interface-0.0.0-py3.10.egg-info/top_level.txt
[0.649s] -- Installing: /home/sentry-nov/code/colcon_3/install/rm_interface/local/lib/python3.10/dist-packages/rm_interface-0.0.0-py3.10.egg-info/dependency_links.txt
[0.650s] -- Installing: /home/sentry-nov/code/colcon_3/install/rm_interface/local/lib/python3.10/dist-packages/rm_interface-0.0.0-py3.10.egg-info/PKG-INFO
[0.650s] -- Installing: /home/sentry-nov/code/colcon_3/install/rm_interface/local/lib/python3.10/dist-packages/rm_interface-0.0.0-py3.10.egg-info/SOURCES.txt
[0.650s] -- Installing: /home/sentry-nov/code/colcon_3/install/rm_interface/local/lib/python3.10/dist-packages/rm_interface
[0.650s] -- Installing: /home/sentry-nov/code/colcon_3/install/rm_interface/local/lib/python3.10/dist-packages/rm_interface/rm_interface_s__rosidl_typesupport_introspection_c.cpython-310-x86_64-linux-gnu.so
[0.650s] -- Installing: /home/sentry-nov/code/colcon_3/install/rm_interface/local/lib/python3.10/dist-packages/rm_interface/srv
[0.651s] -- Installing: /home/sentry-nov/code/colcon_3/install/rm_interface/local/lib/python3.10/dist-packages/rm_interface/srv/_nav_core_s.c
[0.651s] -- Installing: /home/sentry-nov/code/colcon_3/install/rm_interface/local/lib/python3.10/dist-packages/rm_interface/srv/_nav_core.py
[0.651s] -- Installing: /home/sentry-nov/code/colcon_3/install/rm_interface/local/lib/python3.10/dist-packages/rm_interface/srv/_save_pcd.py
[0.651s] -- Installing: /home/sentry-nov/code/colcon_3/install/rm_interface/local/lib/python3.10/dist-packages/rm_interface/srv/_save_pcd_s.c
[0.651s] -- Installing: /home/sentry-nov/code/colcon_3/install/rm_interface/local/lib/python3.10/dist-packages/rm_interface/srv/_set_local_mode_s.c
[0.651s] -- Installing: /home/sentry-nov/code/colcon_3/install/rm_interface/local/lib/python3.10/dist-packages/rm_interface/srv/__init__.py
[0.651s] -- Installing: /home/sentry-nov/code/colcon_3/install/rm_interface/local/lib/python3.10/dist-packages/rm_interface/srv/_set_local_mode.py
[0.652s] -- Installing: /home/sentry-nov/code/colcon_3/install/rm_interface/local/lib/python3.10/dist-packages/rm_interface/rm_interface_s__rosidl_typesupport_c.cpython-310-x86_64-linux-gnu.so
[0.652s] -- Installing: /home/sentry-nov/code/colcon_3/install/rm_interface/local/lib/python3.10/dist-packages/rm_interface/_rm_interface_s.ep.rosidl_typesupport_c.c
[0.652s] -- Installing: /home/sentry-nov/code/colcon_3/install/rm_interface/local/lib/python3.10/dist-packages/rm_interface/_rm_interface_s.ep.rosidl_typesupport_fastrtps_c.c
[0.652s] -- Installing: /home/sentry-nov/code/colcon_3/install/rm_interface/local/lib/python3.10/dist-packages/rm_interface/rm_interface_s__rosidl_typesupport_fastrtps_c.cpython-310-x86_64-linux-gnu.so
[0.653s] -- Installing: /home/sentry-nov/code/colcon_3/install/rm_interface/local/lib/python3.10/dist-packages/rm_interface/__init__.py
[0.653s] -- Installing: /home/sentry-nov/code/colcon_3/install/rm_interface/local/lib/python3.10/dist-packages/rm_interface/msg
[0.653s] -- Installing: /home/sentry-nov/code/colcon_3/install/rm_interface/local/lib/python3.10/dist-packages/rm_interface/msg/_local_state.py
[0.653s] -- Installing: /home/sentry-nov/code/colcon_3/install/rm_interface/local/lib/python3.10/dist-packages/rm_interface/msg/_local_state_s.c
[0.653s] -- Installing: /home/sentry-nov/code/colcon_3/install/rm_interface/local/lib/python3.10/dist-packages/rm_interface/msg/_command.py
[0.653s] -- Installing: /home/sentry-nov/code/colcon_3/install/rm_interface/local/lib/python3.10/dist-packages/rm_interface/msg/__init__.py
[0.654s] -- Installing: /home/sentry-nov/code/colcon_3/install/rm_interface/local/lib/python3.10/dist-packages/rm_interface/msg/_command_s.c
[0.654s] -- Installing: /home/sentry-nov/code/colcon_3/install/rm_interface/local/lib/python3.10/dist-packages/rm_interface/librm_interface__rosidl_generator_py.so
[0.654s] -- Installing: /home/sentry-nov/code/colcon_3/install/rm_interface/local/lib/python3.10/dist-packages/rm_interface/_rm_interface_s.ep.rosidl_typesupport_introspection_c.c
[0.690s] Listing '/home/sentry-nov/code/colcon_3/install/rm_interface/local/lib/python3.10/dist-packages/rm_interface'...
[0.690s] Compiling '/home/sentry-nov/code/colcon_3/install/rm_interface/local/lib/python3.10/dist-packages/rm_interface/__init__.py'...
[0.691s] Listing '/home/sentry-nov/code/colcon_3/install/rm_interface/local/lib/python3.10/dist-packages/rm_interface/msg'...
[0.691s] Compiling '/home/sentry-nov/code/colcon_3/install/rm_interface/local/lib/python3.10/dist-packages/rm_interface/msg/__init__.py'...
[0.691s] Compiling '/home/sentry-nov/code/colcon_3/install/rm_interface/local/lib/python3.10/dist-packages/rm_interface/msg/_command.py'...
[0.691s] Compiling '/home/sentry-nov/code/colcon_3/install/rm_interface/local/lib/python3.10/dist-packages/rm_interface/msg/_local_state.py'...
[0.691s] Listing '/home/sentry-nov/code/colcon_3/install/rm_interface/local/lib/python3.10/dist-packages/rm_interface/srv'...
[0.691s] Compiling '/home/sentry-nov/code/colcon_3/install/rm_interface/local/lib/python3.10/dist-packages/rm_interface/srv/__init__.py'...
[0.691s] Compiling '/home/sentry-nov/code/colcon_3/install/rm_interface/local/lib/python3.10/dist-packages/rm_interface/srv/_nav_core.py'...
[0.691s] Compiling '/home/sentry-nov/code/colcon_3/install/rm_interface/local/lib/python3.10/dist-packages/rm_interface/srv/_save_pcd.py'...
[0.691s] Compiling '/home/sentry-nov/code/colcon_3/install/rm_interface/local/lib/python3.10/dist-packages/rm_interface/srv/_set_local_mode.py'...
[0.696s] -- Installing: /home/sentry-nov/code/colcon_3/install/rm_interface/local/lib/python3.10/dist-packages/rm_interface/rm_interface_s__rosidl_typesupport_fastrtps_c.cpython-310-x86_64-linux-gnu.so
[0.696s] -- Set runtime path of "/home/sentry-nov/code/colcon_3/install/rm_interface/local/lib/python3.10/dist-packages/rm_interface/rm_interface_s__rosidl_typesupport_fastrtps_c.cpython-310-x86_64-linux-gnu.so" to ""
[0.696s] -- Installing: /home/sentry-nov/code/colcon_3/install/rm_interface/local/lib/python3.10/dist-packages/rm_interface/rm_interface_s__rosidl_typesupport_introspection_c.cpython-310-x86_64-linux-gnu.so
[0.697s] -- Set runtime path of "/home/sentry-nov/code/colcon_3/install/rm_interface/local/lib/python3.10/dist-packages/rm_interface/rm_interface_s__rosidl_typesupport_introspection_c.cpython-310-x86_64-linux-gnu.so" to ""
[0.697s] -- Installing: /home/sentry-nov/code/colcon_3/install/rm_interface/local/lib/python3.10/dist-packages/rm_interface/rm_interface_s__rosidl_typesupport_c.cpython-310-x86_64-linux-gnu.so
[0.698s] -- Set runtime path of "/home/sentry-nov/code/colcon_3/install/rm_interface/local/lib/python3.10/dist-packages/rm_interface/rm_interface_s__rosidl_typesupport_c.cpython-310-x86_64-linux-gnu.so" to ""
[0.698s] -- Installing: /home/sentry-nov/code/colcon_3/install/rm_interface/lib/librm_interface__rosidl_generator_py.so
[0.698s] -- Set runtime path of "/home/sentry-nov/code/colcon_3/install/rm_interface/lib/librm_interface__rosidl_generator_py.so" to ""
[0.699s] -- Installing: /home/sentry-nov/code/colcon_3/install/rm_interface/share/rm_interface/srv/SavePCD.idl
[0.699s] -- Installing: /home/sentry-nov/code/colcon_3/install/rm_interface/share/rm_interface/srv/NavCore.idl
[0.699s] -- Installing: /home/sentry-nov/code/colcon_3/install/rm_interface/share/rm_interface/srv/SetLocalMode.idl
[0.700s] -- Installing: /home/sentry-nov/code/colcon_3/install/rm_interface/share/rm_interface/msg/Command.idl
[0.701s] -- Installing: /home/sentry-nov/code/colcon_3/install/rm_interface/share/rm_interface/msg/LocalState.idl
[0.701s] -- Installing: /home/sentry-nov/code/colcon_3/install/rm_interface/share/rm_interface/srv/SavePCD.srv
[0.702s] -- Installing: /home/sentry-nov/code/colcon_3/install/rm_interface/share/rm_interface/srv/SavePCD_Request.msg
[0.702s] -- Installing: /home/sentry-nov/code/colcon_3/install/rm_interface/share/rm_interface/srv/SavePCD_Response.msg
[0.703s] -- Installing: /home/sentry-nov/code/colcon_3/install/rm_interface/share/rm_interface/srv/NavCore.srv
[0.703s] -- Installing: /home/sentry-nov/code/colcon_3/install/rm_interface/share/rm_interface/srv/NavCore_Request.msg
[0.704s] -- Installing: /home/sentry-nov/code/colcon_3/install/rm_interface/share/rm_interface/srv/NavCore_Response.msg
[0.705s] -- Installing: /home/sentry-nov/code/colcon_3/install/rm_interface/share/rm_interface/srv/SetLocalMode.srv
[0.705s] -- Installing: /home/sentry-nov/code/colcon_3/install/rm_interface/share/rm_interface/srv/SetLocalMode_Request.msg
[0.706s] -- Installing: /home/sentry-nov/code/colcon_3/install/rm_interface/share/rm_interface/srv/SetLocalMode_Response.msg
[0.706s] -- Installing: /home/sentry-nov/code/colcon_3/install/rm_interface/share/rm_interface/msg/Command.msg
[0.707s] -- Installing: /home/sentry-nov/code/colcon_3/install/rm_interface/share/rm_interface/msg/LocalState.msg
[0.708s] -- Installing: /home/sentry-nov/code/colcon_3/install/rm_interface/share/ament_index/resource_index/package_run_dependencies/rm_interface
[0.708s] -- Installing: /home/sentry-nov/code/colcon_3/install/rm_interface/share/ament_index/resource_index/parent_prefix_path/rm_interface
[0.709s] -- Installing: /home/sentry-nov/code/colcon_3/install/rm_interface/share/rm_interface/environment/ament_prefix_path.sh
[0.709s] -- Installing: /home/sentry-nov/code/colcon_3/install/rm_interface/share/rm_interface/environment/ament_prefix_path.dsv
[0.710s] -- Installing: /home/sentry-nov/code/colcon_3/install/rm_interface/share/rm_interface/environment/path.sh
[0.710s] -- Installing: /home/sentry-nov/code/colcon_3/install/rm_interface/share/rm_interface/environment/path.dsv
[0.711s] -- Installing: /home/sentry-nov/code/colcon_3/install/rm_interface/share/rm_interface/local_setup.bash
[0.711s] -- Installing: /home/sentry-nov/code/colcon_3/install/rm_interface/share/rm_interface/local_setup.sh
[0.712s] -- Installing: /home/sentry-nov/code/colcon_3/install/rm_interface/share/rm_interface/local_setup.zsh
[0.712s] -- Installing: /home/sentry-nov/code/colcon_3/install/rm_interface/share/rm_interface/local_setup.dsv
[0.713s] -- Installing: /home/sentry-nov/code/colcon_3/install/rm_interface/share/rm_interface/package.dsv
[0.713s] -- Installing: /home/sentry-nov/code/colcon_3/install/rm_interface/share/ament_index/resource_index/packages/rm_interface
[0.714s] -- Installing: /home/sentry-nov/code/colcon_3/install/rm_interface/share/rm_interface/cmake/export_rm_interface__rosidl_generator_cExport.cmake
[0.714s] -- Installing: /home/sentry-nov/code/colcon_3/install/rm_interface/share/rm_interface/cmake/export_rm_interface__rosidl_generator_cExport-release.cmake
[0.714s] -- Installing: /home/sentry-nov/code/colcon_3/install/rm_interface/share/rm_interface/cmake/export_rm_interface__rosidl_typesupport_fastrtps_cExport.cmake
[0.715s] -- Installing: /home/sentry-nov/code/colcon_3/install/rm_interface/share/rm_interface/cmake/export_rm_interface__rosidl_typesupport_fastrtps_cExport-release.cmake
[0.715s] -- Installing: /home/sentry-nov/code/colcon_3/install/rm_interface/share/rm_interface/cmake/export_rm_interface__rosidl_generator_cppExport.cmake
[0.715s] -- Installing: /home/sentry-nov/code/colcon_3/install/rm_interface/share/rm_interface/cmake/export_rm_interface__rosidl_typesupport_fastrtps_cppExport.cmake
[0.716s] -- Installing: /home/sentry-nov/code/colcon_3/install/rm_interface/share/rm_interface/cmake/export_rm_interface__rosidl_typesupport_fastrtps_cppExport-release.cmake
[0.716s] -- Installing: /home/sentry-nov/code/colcon_3/install/rm_interface/share/rm_interface/cmake/rm_interface__rosidl_typesupport_introspection_cExport.cmake
[0.716s] -- Installing: /home/sentry-nov/code/colcon_3/install/rm_interface/share/rm_interface/cmake/rm_interface__rosidl_typesupport_introspection_cExport-release.cmake
[0.717s] -- Installing: /home/sentry-nov/code/colcon_3/install/rm_interface/share/rm_interface/cmake/rm_interface__rosidl_typesupport_cExport.cmake
[0.717s] -- Installing: /home/sentry-nov/code/colcon_3/install/rm_interface/share/rm_interface/cmake/rm_interface__rosidl_typesupport_cExport-release.cmake
[0.718s] -- Installing: /home/sentry-nov/code/colcon_3/install/rm_interface/share/rm_interface/cmake/rm_interface__rosidl_typesupport_introspection_cppExport.cmake
[0.718s] -- Installing: /home/sentry-nov/code/colcon_3/install/rm_interface/share/rm_interface/cmake/rm_interface__rosidl_typesupport_introspection_cppExport-release.cmake
[0.719s] -- Installing: /home/sentry-nov/code/colcon_3/install/rm_interface/share/rm_interface/cmake/rm_interface__rosidl_typesupport_cppExport.cmake
[0.719s] -- Installing: /home/sentry-nov/code/colcon_3/install/rm_interface/share/rm_interface/cmake/rm_interface__rosidl_typesupport_cppExport-release.cmake
[0.720s] -- Installing: /home/sentry-nov/code/colcon_3/install/rm_interface/share/rm_interface/cmake/export_rm_interface__rosidl_generator_pyExport.cmake
[0.721s] -- Installing: /home/sentry-nov/code/colcon_3/install/rm_interface/share/rm_interface/cmake/export_rm_interface__rosidl_generator_pyExport-release.cmake
[0.721s] -- Installing: /home/sentry-nov/code/colcon_3/install/rm_interface/share/rm_interface/cmake/rosidl_cmake-extras.cmake
[0.722s] -- Installing: /home/sentry-nov/code/colcon_3/install/rm_interface/share/rm_interface/cmake/ament_cmake_export_include_directories-extras.cmake
[0.723s] -- Installing: /home/sentry-nov/code/colcon_3/install/rm_interface/share/rm_interface/cmake/ament_cmake_export_libraries-extras.cmake
[0.723s] -- Installing: /home/sentry-nov/code/colcon_3/install/rm_interface/share/rm_interface/cmake/ament_cmake_export_targets-extras.cmake
[0.724s] -- Installing: /home/sentry-nov/code/colcon_3/install/rm_interface/share/rm_interface/cmake/rosidl_cmake_export_typesupport_targets-extras.cmake
[0.724s] -- Installing: /home/sentry-nov/code/colcon_3/install/rm_interface/share/rm_interface/cmake/ament_cmake_export_dependencies-extras.cmake
[0.724s] -- Installing: /home/sentry-nov/code/colcon_3/install/rm_interface/share/rm_interface/cmake/rosidl_cmake_export_typesupport_libraries-extras.cmake
[0.725s] -- Installing: /home/sentry-nov/code/colcon_3/install/rm_interface/share/rm_interface/cmake/rm_interfaceConfig.cmake
[0.725s] -- Installing: /home/sentry-nov/code/colcon_3/install/rm_interface/share/rm_interface/cmake/rm_interfaceConfig-version.cmake
[0.725s] -- Installing: /home/sentry-nov/code/colcon_3/install/rm_interface/share/rm_interface/package.xml
[0.740s] Invoked command in '/home/sentry-nov/code/colcon_3/build/rm_interface' returned '0': CMAKE_PREFIX_PATH=${CMAKE_PREFIX_PATH}:/opt/ros/humble /usr/bin/cmake --install /home/sentry-nov/code/colcon_3/build/rm_interface
