[0.068s] Invoking command in '/home/sentry-nov/code/colcon_3/build/sentry_decision_system': /usr/bin/cmake /home/sentry-nov/code/colcon_3/src/sentry_decision_system -DCMAKE_INSTALL_PREFIX=/home/sentry-nov/code/colcon_3/install/sentry_decision_system
[0.303s] -- The C compiler identification is GNU 11.4.0
[0.501s] -- The CXX compiler identification is GNU 11.4.0
[0.510s] -- Detecting C compiler ABI info
[0.620s] -- Detecting C compiler ABI info - done
[0.632s] -- Check for working C compiler: /usr/bin/cc - skipped
[0.632s] -- Detecting C compile features
[0.634s] -- Detecting C compile features - done
[0.638s] -- Detecting CXX compiler ABI info
[0.767s] -- Detecting CXX compiler ABI info - done
[0.779s] -- Check for working CXX compiler: /usr/bin/c++ - skipped
[0.779s] -- Detecting CXX compile features
[0.780s] -- Detecting CXX compile features - done
[0.784s] -- Found ament_cmake: 1.3.11 (/opt/ros/humble/share/ament_cmake/cmake)
[1.019s] -- Found Python3: /usr/bin/python3 (found version "3.10.12") found components: Interpreter 
[1.137s] -- Found rclcpp: 16.0.11 (/opt/ros/humble/share/rclcpp/cmake)
[1.202s] -- Found rosidl_generator_c: 3.1.6 (/opt/ros/humble/share/rosidl_generator_c/cmake)
[1.215s] -- Found rosidl_adapter: 3.1.6 (/opt/ros/humble/share/rosidl_adapter/cmake)
[1.225s] -- Found rosidl_generator_cpp: 3.1.6 (/opt/ros/humble/share/rosidl_generator_cpp/cmake)
[1.248s] -- Using all available rosidl_typesupport_c: rosidl_typesupport_fastrtps_c;rosidl_typesupport_introspection_c
[1.271s] -- Using all available rosidl_typesupport_cpp: rosidl_typesupport_fastrtps_cpp;rosidl_typesupport_introspection_cpp
[1.330s] -- Found rmw_implementation_cmake: 6.1.2 (/opt/ros/humble/share/rmw_implementation_cmake/cmake)
[1.332s] -- Found rmw_fastrtps_cpp: 6.2.7 (/opt/ros/humble/share/rmw_fastrtps_cpp/cmake)
[1.516s] -- Found OpenSSL: /usr/lib/x86_64-linux-gnu/libcrypto.so (found version "3.0.2")  
[1.559s] -- Found FastRTPS: /opt/ros/humble/include  
[1.624s] -- Using RMW implementation 'rmw_fastrtps_cpp' as default
[1.635s] -- Looking for pthread.h
[1.764s] -- Looking for pthread.h - found
[1.765s] -- Performing Test CMAKE_HAVE_LIBC_PTHREAD
[1.902s] -- Performing Test CMAKE_HAVE_LIBC_PTHREAD - Success
[1.905s] -- Found Threads: TRUE  
[2.023s] -- Found geometry_msgs: 4.2.4 (/opt/ros/humble/share/geometry_msgs/cmake)
[2.095s] -- Configuring incomplete, errors occurred!
[2.096s] See also "/home/sentry-nov/code/colcon_3/build/sentry_decision_system/CMakeFiles/CMakeOutput.log".
[2.096s] [31mCMake Error at CMakeLists.txt:13 (find_package):
[2.096s]   By not providing "Findbehaviortree_cpp_v3.cmake" in CMAKE_MODULE_PATH this
[2.096s]   project has asked CMake to find a package configuration file provided by
[2.096s]   "behaviortree_cpp_v3", but CMake did not find one.
[2.096s] 
[2.096s]   Could not find a package configuration file provided by
[2.096s]   "behaviortree_cpp_v3" with any of the following names:
[2.096s] 
[2.096s]     behaviortree_cpp_v3Config.cmake
[2.096s]     behaviortree_cpp_v3-config.cmake
[2.096s] 
[2.097s]   Add the installation prefix of "behaviortree_cpp_v3" to CMAKE_PREFIX_PATH
[2.097s]   or set "behaviortree_cpp_v3_DIR" to a directory containing one of the above
[2.097s]   files.  If "behaviortree_cpp_v3" provides a separate development package or
[2.097s]   SDK, be sure it has been installed.
[2.097s] 
[2.097s] [0m
[2.148s] Invoked command in '/home/sentry-nov/code/colcon_3/build/sentry_decision_system' returned '1': /usr/bin/cmake /home/sentry-nov/code/colcon_3/src/sentry_decision_system -DCMAKE_INSTALL_PREFIX=/home/sentry-nov/code/colcon_3/install/sentry_decision_system
