[ 50%] Built target pcd_saver_node
[100%] Built target ikd_tree_mapping_node
-- Install configuration: "Release"
-- Installing: /home/sentry-nov/code/colcon_3/install/ikd_tree_mapping/lib/ikd_tree_mapping/ikd_tree_mapping_node
-- Set runtime path of "/home/sentry-nov/code/colcon_3/install/ikd_tree_mapping/lib/ikd_tree_mapping/ikd_tree_mapping_node" to ""
-- Installing: /home/sentry-nov/code/colcon_3/install/ikd_tree_mapping/lib/ikd_tree_mapping/pcd_saver_node
-- Set runtime path of "/home/sentry-nov/code/colcon_3/install/ikd_tree_mapping/lib/ikd_tree_mapping/pcd_saver_node" to ""
-- Installing: /home/sentry-nov/code/colcon_3/install/ikd_tree_mapping/share/ament_index/resource_index/package_run_dependencies/ikd_tree_mapping
-- Installing: /home/sentry-nov/code/colcon_3/install/ikd_tree_mapping/share/ament_index/resource_index/parent_prefix_path/ikd_tree_mapping
-- Installing: /home/sentry-nov/code/colcon_3/install/ikd_tree_mapping/share/ikd_tree_mapping/environment/ament_prefix_path.sh
-- Installing: /home/sentry-nov/code/colcon_3/install/ikd_tree_mapping/share/ikd_tree_mapping/environment/ament_prefix_path.dsv
-- Installing: /home/sentry-nov/code/colcon_3/install/ikd_tree_mapping/share/ikd_tree_mapping/environment/path.sh
-- Installing: /home/sentry-nov/code/colcon_3/install/ikd_tree_mapping/share/ikd_tree_mapping/environment/path.dsv
-- Installing: /home/sentry-nov/code/colcon_3/install/ikd_tree_mapping/share/ikd_tree_mapping/local_setup.bash
-- Installing: /home/sentry-nov/code/colcon_3/install/ikd_tree_mapping/share/ikd_tree_mapping/local_setup.sh
-- Installing: /home/sentry-nov/code/colcon_3/install/ikd_tree_mapping/share/ikd_tree_mapping/local_setup.zsh
-- Installing: /home/sentry-nov/code/colcon_3/install/ikd_tree_mapping/share/ikd_tree_mapping/local_setup.dsv
-- Installing: /home/sentry-nov/code/colcon_3/install/ikd_tree_mapping/share/ikd_tree_mapping/package.dsv
-- Installing: /home/sentry-nov/code/colcon_3/install/ikd_tree_mapping/share/ament_index/resource_index/packages/ikd_tree_mapping
-- Installing: /home/sentry-nov/code/colcon_3/install/ikd_tree_mapping/share/ikd_tree_mapping/cmake/ikd_tree_mappingConfig.cmake
-- Installing: /home/sentry-nov/code/colcon_3/install/ikd_tree_mapping/share/ikd_tree_mapping/cmake/ikd_tree_mappingConfig-version.cmake
-- Installing: /home/sentry-nov/code/colcon_3/install/ikd_tree_mapping/share/ikd_tree_mapping/package.xml
