[0.000000] (-) TimerEvent: {}
[0.000218] (-) JobUnselected: {'identifier': 'behaviortree_cpp'}
[0.000267] (-) JobUnselected: {'identifier': 'debug_tools'}
[0.000302] (-) JobUnselected: {'identifier': 'decision_node_pkg'}
[0.000409] (-) JobUnselected: {'identifier': 'fast_lio'}
[0.000460] (-) JobUnselected: {'identifier': 'icp_relocalization'}
[0.000491] (-) JobUnselected: {'identifier': 'ikd_tree_mapping'}
[0.000519] (-) JobUnselected: {'identifier': 'livox_ros_driver2'}
[0.000548] (-) JobUnselected: {'identifier': 'm_detector'}
[0.000576] (-) JobUnselected: {'identifier': 'motion_planning'}
[0.000604] (-) JobUnselected: {'identifier': 'point_lio'}
[0.000631] (-) JobUnselected: {'identifier': 'rm_decision'}
[0.000659] (-) JobUnselected: {'identifier': 'rm_interface'}
[0.000687] (-) JobUnselected: {'identifier': 'rm_serial'}
[0.000715] (-) JobUnselected: {'identifier': 'rviz_plugin'}
[0.000743] (-) JobUnselected: {'identifier': 'sentry_decision_system'}
[0.000771] (-) JobUnselected: {'identifier': 'tilted_lidar'}
[0.000784] (-) JobUnselected: {'identifier': 'z_related_map'}
[0.000800] (auto_start) JobQueued: {'identifier': 'auto_start', 'dependencies': OrderedDict()}
[0.000816] (path_planning) JobQueued: {'identifier': 'path_planning', 'dependencies': OrderedDict([('debug_tools', '/home/sentry-nov/code/colcon_3/install/debug_tools'), ('rm_interface', '/home/sentry-nov/code/colcon_3/install/rm_interface'), ('z_related_map', '/home/sentry-nov/code/colcon_3/install/z_related_map')])}
[0.000835] (auto_start) JobStarted: {'identifier': 'auto_start'}
[0.012084] (path_planning) JobStarted: {'identifier': 'path_planning'}
[0.036695] (path_planning) JobEnded: {'identifier': 'path_planning', 'rc': 1}
[0.037344] (auto_start) JobEnded: {'identifier': 'auto_start', 'rc': 'SIGINT'}
[0.047656] (-) EventReactorShutdown: {}
