[  8%] Built target test_hash_uuid_node
[ 16%] Built target test_set_hhid_node
[ 54%] Built target path_planning
[ 66%] Built target test_vel_estimator_node
[ 75%] Built target gl_nav_ros_node
[ 83%] Built target global_nav_ros_node
[ 91%] Built target local_assist_nav_ros_node
[100%] Built target local_nav_ros_node
-- Install configuration: "Release"
-- Installing: /home/sentry-nov/code/colcon_3/install/path_planning/lib/libpath_planning.so
-- Set runtime path of "/home/sentry-nov/code/colcon_3/install/path_planning/lib/libpath_planning.so" to ""
-- Installing: /home/sentry-nov/code/colcon_3/install/path_planning/share/path_planning/environment/library_path.sh
-- Installing: /home/sentry-nov/code/colcon_3/install/path_planning/share/path_planning/environment/library_path.dsv
-- Installing: /home/sentry-nov/code/colcon_3/install/path_planning/include
-- Installing: /home/sentry-nov/code/colcon_3/install/path_planning/include/path_planning
-- Installing: /home/sentry-nov/code/colcon_3/install/path_planning/include/path_planning/util
-- Installing: /home/sentry-nov/code/colcon_3/install/path_planning/include/path_planning/util/group_run.h
-- Installing: /home/sentry-nov/code/colcon_3/install/path_planning/include/path_planning/util/vis_ros.h
-- Installing: /home/sentry-nov/code/colcon_3/install/path_planning/include/path_planning/util/vel_estimator.h
-- Installing: /home/sentry-nov/code/colcon_3/install/path_planning/include/path_planning/nav_core
-- Installing: /home/sentry-nov/code/colcon_3/install/path_planning/include/path_planning/nav_core/gl_nav.h
-- Installing: /home/sentry-nov/code/colcon_3/install/path_planning/include/path_planning/nav_core/nav_core.h
-- Installing: /home/sentry-nov/code/colcon_3/install/path_planning/include/path_planning/nav_core/local_nav.h
-- Installing: /home/sentry-nov/code/colcon_3/install/path_planning/include/path_planning/nav_core/global_nav.h
-- Installing: /home/sentry-nov/code/colcon_3/install/path_planning/include/path_planning/nav_core/local_assist_nav.h
-- Installing: /home/sentry-nov/code/colcon_3/install/path_planning/include/path_planning/path_searcher
-- Installing: /home/sentry-nov/code/colcon_3/install/path_planning/include/path_planning/path_searcher/path_searcher.h
-- Installing: /home/sentry-nov/code/colcon_3/install/path_planning/include/path_planning/path_searcher/theta_star_assist.h
-- Installing: /home/sentry-nov/code/colcon_3/install/path_planning/include/path_planning/path_searcher/theta_star.h
-- Installing: /home/sentry-nov/code/colcon_3/install/path_planning/include/path_planning/path_searcher/gird_node.h
-- Installing: /home/sentry-nov/code/colcon_3/install/path_planning/lib/path_planning/gl_nav_ros_node
-- Set runtime path of "/home/sentry-nov/code/colcon_3/install/path_planning/lib/path_planning/gl_nav_ros_node" to ""
-- Installing: /home/sentry-nov/code/colcon_3/install/path_planning/lib/path_planning/global_nav_ros_node
-- Set runtime path of "/home/sentry-nov/code/colcon_3/install/path_planning/lib/path_planning/global_nav_ros_node" to ""
-- Installing: /home/sentry-nov/code/colcon_3/install/path_planning/lib/path_planning/local_nav_ros_node
-- Set runtime path of "/home/sentry-nov/code/colcon_3/install/path_planning/lib/path_planning/local_nav_ros_node" to ""
-- Installing: /home/sentry-nov/code/colcon_3/install/path_planning/lib/path_planning/local_assist_nav_ros_node
-- Set runtime path of "/home/sentry-nov/code/colcon_3/install/path_planning/lib/path_planning/local_assist_nav_ros_node" to ""
-- Installing: /home/sentry-nov/code/colcon_3/install/path_planning/lib/path_planning/test_hash_uuid_node
-- Installing: /home/sentry-nov/code/colcon_3/install/path_planning/lib/path_planning/test_set_hhid_node
-- Installing: /home/sentry-nov/code/colcon_3/install/path_planning/lib/path_planning/test_vel_estimator_node
-- Set runtime path of "/home/sentry-nov/code/colcon_3/install/path_planning/lib/path_planning/test_vel_estimator_node" to ""
-- Installing: /home/sentry-nov/code/colcon_3/install/path_planning/share/ament_index/resource_index/package_run_dependencies/path_planning
-- Installing: /home/sentry-nov/code/colcon_3/install/path_planning/share/ament_index/resource_index/parent_prefix_path/path_planning
-- Installing: /home/sentry-nov/code/colcon_3/install/path_planning/share/path_planning/environment/ament_prefix_path.sh
-- Installing: /home/sentry-nov/code/colcon_3/install/path_planning/share/path_planning/environment/ament_prefix_path.dsv
-- Installing: /home/sentry-nov/code/colcon_3/install/path_planning/share/path_planning/environment/path.sh
-- Installing: /home/sentry-nov/code/colcon_3/install/path_planning/share/path_planning/environment/path.dsv
-- Installing: /home/sentry-nov/code/colcon_3/install/path_planning/share/path_planning/local_setup.bash
-- Installing: /home/sentry-nov/code/colcon_3/install/path_planning/share/path_planning/local_setup.sh
-- Installing: /home/sentry-nov/code/colcon_3/install/path_planning/share/path_planning/local_setup.zsh
-- Installing: /home/sentry-nov/code/colcon_3/install/path_planning/share/path_planning/local_setup.dsv
-- Installing: /home/sentry-nov/code/colcon_3/install/path_planning/share/path_planning/package.dsv
-- Installing: /home/sentry-nov/code/colcon_3/install/path_planning/share/ament_index/resource_index/packages/path_planning
-- Installing: /home/sentry-nov/code/colcon_3/install/path_planning/share/path_planning/cmake/ament_cmake_export_include_directories-extras.cmake
-- Installing: /home/sentry-nov/code/colcon_3/install/path_planning/share/path_planning/cmake/ament_cmake_export_libraries-extras.cmake
-- Installing: /home/sentry-nov/code/colcon_3/install/path_planning/share/path_planning/cmake/path_planningConfig.cmake
-- Installing: /home/sentry-nov/code/colcon_3/install/path_planning/share/path_planning/cmake/path_planningConfig-version.cmake
-- Installing: /home/sentry-nov/code/colcon_3/install/path_planning/share/path_planning/package.xml
