[0.025s] Invoking command in '/home/sentry-nov/code/colcon_3/build/fast_lio': CMAKE_PREFIX_PATH=/home/sentry-nov/code/colcon_3/install/livox_ros_driver2:/home/sentry-nov/code/colcon_3/install/debug_tools:/home/sentry-nov/code/colcon_3/install/tilted_lidar:/home/sentry-nov/code/colcon_3/install/rviz_plugin:/home/sentry-nov/code/colcon_3/install/robot_decision_system:/home/sentry-nov/code/colcon_3/install/rm_serial:/home/sentry-nov/code/colcon_3/install/rm_decision:/home/sentry-nov/code/colcon_3/install/motion_planning:/home/sentry-nov/code/colcon_3/install/path_planning:/home/sentry-nov/code/colcon_3/install/path_motion_planning:/home/sentry-nov/code/colcon_3/install/ikd_tree_mapping:/home/sentry-nov/code/colcon_3/install/rm_interface:/home/sentry-nov/code/colcon_3/install/point_lio:/home/sentry-nov/code/colcon_3/install/m_detector:/home/sentry-nov/code/colcon_3/install/fast_lio:/home/sentry-nov/code/colcon_3/install/icp_relocalization:/home/sentry-nov/code/colcon_3/install/altitude_map:/home/sentry-nov/code/colcon_3/install/auto_start:/opt/ros/humble LD_LIBRARY_PATH=/home/sentry-nov/code/colcon_3/install/livox_ros_driver2/lib:/home/sentry-nov/code/colcon_3/install/robot_decision_system/lib:/home/sentry-nov/code/colcon_3/install/path_planning/lib:/home/sentry-nov/code/colcon_3/install/path_motion_planning/lib:/home/sentry-nov/code/colcon_3/install/rm_interface/lib:/home/sentry-nov/code/colcon_3/install/m_detector/lib:/home/sentry-nov/code/colcon_3/install/fast_lio/lib:/home/sentry-nov/code/colcon_3/install/altitude_map/lib:/usr/local/lib:/opt/ros/humble/opt/rviz_ogre_vendor/lib:/opt/ros/humble/lib/x86_64-linux-gnu:/opt/ros/humble/lib /usr/bin/cmake --build /home/sentry-nov/code/colcon_3/build/fast_lio -- -j12 -l12
[0.127s] [  2%] Built target fast_lio__cpp
[0.131s] [ 11%] Built target fast_lio__rosidl_generator_c
[0.170s] [ 11%] Built target ament_cmake_python_copy_fast_lio
[0.182s] [ 28%] Built target fast_lio__rosidl_typesupport_introspection_c
[0.182s] [ 28%] Built target fast_lio__rosidl_typesupport_cpp
[0.182s] [ 37%] Built target fast_lio__rosidl_typesupport_fastrtps_cpp
[0.185s] [ 45%] Built target fast_lio__rosidl_typesupport_c
[0.187s] [ 54%] Built target fast_lio__rosidl_typesupport_introspection_cpp
[0.190s] [ 62%] Built target fast_lio__rosidl_typesupport_fastrtps_c
[0.228s] [ 62%] Built target fast_lio
[0.237s] [35m[1mConsolidate compiler generated dependencies of target fastlio_mapping[0m
[0.273s] [ 65%] Built target fast_lio__py
[0.322s] [ 71%] Built target fast_lio__rosidl_generator_py
[0.324s] [ 82%] Built target fastlio_mapping
[0.367s] [ 94%] Built target fast_lio__rosidl_typesupport_introspection_c__pyext
[0.367s] [ 94%] Built target fast_lio__rosidl_typesupport_fastrtps_c__pyext
[0.371s] [100%] Built target fast_lio__rosidl_typesupport_c__pyext
[0.515s] running egg_info
[0.517s] writing fast_lio.egg-info/PKG-INFO
[0.517s] writing dependency_links to fast_lio.egg-info/dependency_links.txt
[0.517s] writing top-level names to fast_lio.egg-info/top_level.txt
[0.521s] reading manifest file 'fast_lio.egg-info/SOURCES.txt'
[0.523s] writing manifest file 'fast_lio.egg-info/SOURCES.txt'
[0.577s] [100%] Built target ament_cmake_python_build_fast_lio_egg
[0.593s] Invoked command in '/home/sentry-nov/code/colcon_3/build/fast_lio' returned '0': CMAKE_PREFIX_PATH=/home/sentry-nov/code/colcon_3/install/livox_ros_driver2:/home/sentry-nov/code/colcon_3/install/debug_tools:/home/sentry-nov/code/colcon_3/install/tilted_lidar:/home/sentry-nov/code/colcon_3/install/rviz_plugin:/home/sentry-nov/code/colcon_3/install/robot_decision_system:/home/sentry-nov/code/colcon_3/install/rm_serial:/home/sentry-nov/code/colcon_3/install/rm_decision:/home/sentry-nov/code/colcon_3/install/motion_planning:/home/sentry-nov/code/colcon_3/install/path_planning:/home/sentry-nov/code/colcon_3/install/path_motion_planning:/home/sentry-nov/code/colcon_3/install/ikd_tree_mapping:/home/sentry-nov/code/colcon_3/install/rm_interface:/home/sentry-nov/code/colcon_3/install/point_lio:/home/sentry-nov/code/colcon_3/install/m_detector:/home/sentry-nov/code/colcon_3/install/fast_lio:/home/sentry-nov/code/colcon_3/install/icp_relocalization:/home/sentry-nov/code/colcon_3/install/altitude_map:/home/sentry-nov/code/colcon_3/install/auto_start:/opt/ros/humble LD_LIBRARY_PATH=/home/sentry-nov/code/colcon_3/install/livox_ros_driver2/lib:/home/sentry-nov/code/colcon_3/install/robot_decision_system/lib:/home/sentry-nov/code/colcon_3/install/path_planning/lib:/home/sentry-nov/code/colcon_3/install/path_motion_planning/lib:/home/sentry-nov/code/colcon_3/install/rm_interface/lib:/home/sentry-nov/code/colcon_3/install/m_detector/lib:/home/sentry-nov/code/colcon_3/install/fast_lio/lib:/home/sentry-nov/code/colcon_3/install/altitude_map/lib:/usr/local/lib:/opt/ros/humble/opt/rviz_ogre_vendor/lib:/opt/ros/humble/lib/x86_64-linux-gnu:/opt/ros/humble/lib /usr/bin/cmake --build /home/sentry-nov/code/colcon_3/build/fast_lio -- -j12 -l12
[0.598s] Invoking command in '/home/sentry-nov/code/colcon_3/build/fast_lio': CMAKE_PREFIX_PATH=/home/sentry-nov/code/colcon_3/install/livox_ros_driver2:/home/sentry-nov/code/colcon_3/install/debug_tools:/home/sentry-nov/code/colcon_3/install/tilted_lidar:/home/sentry-nov/code/colcon_3/install/rviz_plugin:/home/sentry-nov/code/colcon_3/install/robot_decision_system:/home/sentry-nov/code/colcon_3/install/rm_serial:/home/sentry-nov/code/colcon_3/install/rm_decision:/home/sentry-nov/code/colcon_3/install/motion_planning:/home/sentry-nov/code/colcon_3/install/path_planning:/home/sentry-nov/code/colcon_3/install/path_motion_planning:/home/sentry-nov/code/colcon_3/install/ikd_tree_mapping:/home/sentry-nov/code/colcon_3/install/rm_interface:/home/sentry-nov/code/colcon_3/install/point_lio:/home/sentry-nov/code/colcon_3/install/m_detector:/home/sentry-nov/code/colcon_3/install/fast_lio:/home/sentry-nov/code/colcon_3/install/icp_relocalization:/home/sentry-nov/code/colcon_3/install/altitude_map:/home/sentry-nov/code/colcon_3/install/auto_start:/opt/ros/humble LD_LIBRARY_PATH=/home/sentry-nov/code/colcon_3/install/livox_ros_driver2/lib:/home/sentry-nov/code/colcon_3/install/robot_decision_system/lib:/home/sentry-nov/code/colcon_3/install/path_planning/lib:/home/sentry-nov/code/colcon_3/install/path_motion_planning/lib:/home/sentry-nov/code/colcon_3/install/rm_interface/lib:/home/sentry-nov/code/colcon_3/install/m_detector/lib:/home/sentry-nov/code/colcon_3/install/fast_lio/lib:/home/sentry-nov/code/colcon_3/install/altitude_map/lib:/usr/local/lib:/opt/ros/humble/opt/rviz_ogre_vendor/lib:/opt/ros/humble/lib/x86_64-linux-gnu:/opt/ros/humble/lib /usr/bin/cmake --install /home/sentry-nov/code/colcon_3/build/fast_lio
[0.611s] -- Install configuration: "Release"
[0.611s] -- Up-to-date: /home/sentry-nov/code/colcon_3/install/fast_lio/share/ament_index/resource_index/rosidl_interfaces/fast_lio
[0.612s] -- Up-to-date: /home/sentry-nov/code/colcon_3/install/fast_lio/include/fast_lio/fast_lio
[0.612s] -- Up-to-date: /home/sentry-nov/code/colcon_3/install/fast_lio/include/fast_lio/fast_lio/msg
[0.612s] -- Up-to-date: /home/sentry-nov/code/colcon_3/install/fast_lio/include/fast_lio/fast_lio/msg/rosidl_generator_c__visibility_control.h
[0.612s] -- Up-to-date: /home/sentry-nov/code/colcon_3/install/fast_lio/include/fast_lio/fast_lio/msg/detail
[0.612s] -- Up-to-date: /home/sentry-nov/code/colcon_3/install/fast_lio/include/fast_lio/fast_lio/msg/detail/pose6_d__struct.h
[0.613s] -- Up-to-date: /home/sentry-nov/code/colcon_3/install/fast_lio/include/fast_lio/fast_lio/msg/detail/pose6_d__functions.h
[0.613s] -- Up-to-date: /home/sentry-nov/code/colcon_3/install/fast_lio/include/fast_lio/fast_lio/msg/detail/pose6_d__functions.c
[0.613s] -- Up-to-date: /home/sentry-nov/code/colcon_3/install/fast_lio/include/fast_lio/fast_lio/msg/detail/pose6_d__type_support.h
[0.613s] -- Up-to-date: /home/sentry-nov/code/colcon_3/install/fast_lio/include/fast_lio/fast_lio/msg/pose6_d.h
[0.613s] -- Up-to-date: /home/sentry-nov/code/colcon_3/install/fast_lio/share/fast_lio/environment/library_path.sh
[0.613s] -- Up-to-date: /home/sentry-nov/code/colcon_3/install/fast_lio/share/fast_lio/environment/library_path.dsv
[0.613s] -- Up-to-date: /home/sentry-nov/code/colcon_3/install/fast_lio/lib/libfast_lio__rosidl_generator_c.so
[0.614s] -- Up-to-date: /home/sentry-nov/code/colcon_3/install/fast_lio/include/fast_lio/fast_lio
[0.614s] -- Up-to-date: /home/sentry-nov/code/colcon_3/install/fast_lio/include/fast_lio/fast_lio/msg
[0.614s] -- Up-to-date: /home/sentry-nov/code/colcon_3/install/fast_lio/include/fast_lio/fast_lio/msg/detail
[0.614s] -- Up-to-date: /home/sentry-nov/code/colcon_3/install/fast_lio/include/fast_lio/fast_lio/msg/detail/pose6_d__rosidl_typesupport_fastrtps_c.h
[0.614s] -- Up-to-date: /home/sentry-nov/code/colcon_3/install/fast_lio/include/fast_lio/fast_lio/msg/rosidl_typesupport_fastrtps_c__visibility_control.h
[0.615s] -- Up-to-date: /home/sentry-nov/code/colcon_3/install/fast_lio/lib/libfast_lio__rosidl_typesupport_fastrtps_c.so
[0.615s] -- Up-to-date: /home/sentry-nov/code/colcon_3/install/fast_lio/include/fast_lio/fast_lio
[0.615s] -- Up-to-date: /home/sentry-nov/code/colcon_3/install/fast_lio/include/fast_lio/fast_lio/msg
[0.615s] -- Up-to-date: /home/sentry-nov/code/colcon_3/install/fast_lio/include/fast_lio/fast_lio/msg/pose6_d.hpp
[0.616s] -- Up-to-date: /home/sentry-nov/code/colcon_3/install/fast_lio/include/fast_lio/fast_lio/msg/detail
[0.616s] -- Up-to-date: /home/sentry-nov/code/colcon_3/install/fast_lio/include/fast_lio/fast_lio/msg/detail/pose6_d__type_support.hpp
[0.616s] -- Up-to-date: /home/sentry-nov/code/colcon_3/install/fast_lio/include/fast_lio/fast_lio/msg/detail/pose6_d__traits.hpp
[0.616s] -- Up-to-date: /home/sentry-nov/code/colcon_3/install/fast_lio/include/fast_lio/fast_lio/msg/detail/pose6_d__builder.hpp
[0.616s] -- Up-to-date: /home/sentry-nov/code/colcon_3/install/fast_lio/include/fast_lio/fast_lio/msg/detail/pose6_d__struct.hpp
[0.616s] -- Up-to-date: /home/sentry-nov/code/colcon_3/install/fast_lio/include/fast_lio/fast_lio/msg/rosidl_generator_cpp__visibility_control.hpp
[0.616s] -- Up-to-date: /home/sentry-nov/code/colcon_3/install/fast_lio/include/fast_lio/fast_lio
[0.616s] -- Up-to-date: /home/sentry-nov/code/colcon_3/install/fast_lio/include/fast_lio/fast_lio/msg
[0.616s] -- Up-to-date: /home/sentry-nov/code/colcon_3/install/fast_lio/include/fast_lio/fast_lio/msg/detail
[0.616s] -- Up-to-date: /home/sentry-nov/code/colcon_3/install/fast_lio/include/fast_lio/fast_lio/msg/detail/dds_fastrtps
[0.617s] -- Up-to-date: /home/sentry-nov/code/colcon_3/install/fast_lio/include/fast_lio/fast_lio/msg/detail/pose6_d__rosidl_typesupport_fastrtps_cpp.hpp
[0.617s] -- Up-to-date: /home/sentry-nov/code/colcon_3/install/fast_lio/include/fast_lio/fast_lio/msg/rosidl_typesupport_fastrtps_cpp__visibility_control.h
[0.617s] -- Up-to-date: /home/sentry-nov/code/colcon_3/install/fast_lio/lib/libfast_lio__rosidl_typesupport_fastrtps_cpp.so
[0.618s] -- Up-to-date: /home/sentry-nov/code/colcon_3/install/fast_lio/include/fast_lio/fast_lio
[0.618s] -- Up-to-date: /home/sentry-nov/code/colcon_3/install/fast_lio/include/fast_lio/fast_lio/msg
[0.618s] -- Up-to-date: /home/sentry-nov/code/colcon_3/install/fast_lio/include/fast_lio/fast_lio/msg/detail
[0.618s] -- Up-to-date: /home/sentry-nov/code/colcon_3/install/fast_lio/include/fast_lio/fast_lio/msg/detail/pose6_d__rosidl_typesupport_introspection_c.h
[0.618s] -- Up-to-date: /home/sentry-nov/code/colcon_3/install/fast_lio/include/fast_lio/fast_lio/msg/detail/pose6_d__type_support.c
[0.618s] -- Up-to-date: /home/sentry-nov/code/colcon_3/install/fast_lio/include/fast_lio/fast_lio/msg/rosidl_typesupport_introspection_c__visibility_control.h
[0.621s] -- Up-to-date: /home/sentry-nov/code/colcon_3/install/fast_lio/lib/libfast_lio__rosidl_typesupport_introspection_c.so
[0.621s] -- Up-to-date: /home/sentry-nov/code/colcon_3/install/fast_lio/lib/libfast_lio__rosidl_typesupport_c.so
[0.622s] -- Up-to-date: /home/sentry-nov/code/colcon_3/install/fast_lio/include/fast_lio/fast_lio
[0.622s] -- Up-to-date: /home/sentry-nov/code/colcon_3/install/fast_lio/include/fast_lio/fast_lio/msg
[0.622s] -- Up-to-date: /home/sentry-nov/code/colcon_3/install/fast_lio/include/fast_lio/fast_lio/msg/detail
[0.622s] -- Up-to-date: /home/sentry-nov/code/colcon_3/install/fast_lio/include/fast_lio/fast_lio/msg/detail/pose6_d__type_support.cpp
[0.622s] -- Up-to-date: /home/sentry-nov/code/colcon_3/install/fast_lio/include/fast_lio/fast_lio/msg/detail/pose6_d__rosidl_typesupport_introspection_cpp.hpp
[0.623s] -- Up-to-date: /home/sentry-nov/code/colcon_3/install/fast_lio/lib/libfast_lio__rosidl_typesupport_introspection_cpp.so
[0.625s] -- Up-to-date: /home/sentry-nov/code/colcon_3/install/fast_lio/lib/libfast_lio__rosidl_typesupport_cpp.so
[0.625s] -- Up-to-date: /home/sentry-nov/code/colcon_3/install/fast_lio/share/fast_lio/environment/pythonpath.sh
[0.625s] -- Up-to-date: /home/sentry-nov/code/colcon_3/install/fast_lio/share/fast_lio/environment/pythonpath.dsv
[0.625s] -- Up-to-date: /home/sentry-nov/code/colcon_3/install/fast_lio/local/lib/python3.10/dist-packages/fast_lio-0.0.0-py3.10.egg-info
[0.625s] -- Installing: /home/sentry-nov/code/colcon_3/install/fast_lio/local/lib/python3.10/dist-packages/fast_lio-0.0.0-py3.10.egg-info/top_level.txt
[0.625s] -- Installing: /home/sentry-nov/code/colcon_3/install/fast_lio/local/lib/python3.10/dist-packages/fast_lio-0.0.0-py3.10.egg-info/dependency_links.txt
[0.626s] -- Installing: /home/sentry-nov/code/colcon_3/install/fast_lio/local/lib/python3.10/dist-packages/fast_lio-0.0.0-py3.10.egg-info/PKG-INFO
[0.626s] -- Installing: /home/sentry-nov/code/colcon_3/install/fast_lio/local/lib/python3.10/dist-packages/fast_lio-0.0.0-py3.10.egg-info/SOURCES.txt
[0.626s] -- Up-to-date: /home/sentry-nov/code/colcon_3/install/fast_lio/local/lib/python3.10/dist-packages/fast_lio
[0.626s] -- Up-to-date: /home/sentry-nov/code/colcon_3/install/fast_lio/local/lib/python3.10/dist-packages/fast_lio/_fast_lio_s.ep.rosidl_typesupport_introspection_c.c
[0.626s] -- Up-to-date: /home/sentry-nov/code/colcon_3/install/fast_lio/local/lib/python3.10/dist-packages/fast_lio/fast_lio_s__rosidl_typesupport_c.cpython-310-x86_64-linux-gnu.so
[0.627s] -- Up-to-date: /home/sentry-nov/code/colcon_3/install/fast_lio/local/lib/python3.10/dist-packages/fast_lio/fast_lio_s__rosidl_typesupport_fastrtps_c.cpython-310-x86_64-linux-gnu.so
[0.627s] -- Up-to-date: /home/sentry-nov/code/colcon_3/install/fast_lio/local/lib/python3.10/dist-packages/fast_lio/_fast_lio_s.ep.rosidl_typesupport_c.c
[0.627s] -- Up-to-date: /home/sentry-nov/code/colcon_3/install/fast_lio/local/lib/python3.10/dist-packages/fast_lio/fast_lio_s__rosidl_typesupport_introspection_c.cpython-310-x86_64-linux-gnu.so
[0.627s] -- Up-to-date: /home/sentry-nov/code/colcon_3/install/fast_lio/local/lib/python3.10/dist-packages/fast_lio/libfast_lio__rosidl_generator_py.so
[0.627s] -- Up-to-date: /home/sentry-nov/code/colcon_3/install/fast_lio/local/lib/python3.10/dist-packages/fast_lio/__init__.py
[0.627s] -- Up-to-date: /home/sentry-nov/code/colcon_3/install/fast_lio/local/lib/python3.10/dist-packages/fast_lio/msg
[0.627s] -- Up-to-date: /home/sentry-nov/code/colcon_3/install/fast_lio/local/lib/python3.10/dist-packages/fast_lio/msg/_pose6_d_s.c
[0.627s] -- Up-to-date: /home/sentry-nov/code/colcon_3/install/fast_lio/local/lib/python3.10/dist-packages/fast_lio/msg/_pose6_d.py
[0.627s] -- Up-to-date: /home/sentry-nov/code/colcon_3/install/fast_lio/local/lib/python3.10/dist-packages/fast_lio/msg/__init__.py
[0.628s] -- Up-to-date: /home/sentry-nov/code/colcon_3/install/fast_lio/local/lib/python3.10/dist-packages/fast_lio/_fast_lio_s.ep.rosidl_typesupport_fastrtps_c.c
[0.674s] Listing '/home/sentry-nov/code/colcon_3/install/fast_lio/local/lib/python3.10/dist-packages/fast_lio'...
[0.674s] Listing '/home/sentry-nov/code/colcon_3/install/fast_lio/local/lib/python3.10/dist-packages/fast_lio/msg'...
[0.682s] -- Up-to-date: /home/sentry-nov/code/colcon_3/install/fast_lio/local/lib/python3.10/dist-packages/fast_lio/fast_lio_s__rosidl_typesupport_fastrtps_c.cpython-310-x86_64-linux-gnu.so
[0.684s] -- Up-to-date: /home/sentry-nov/code/colcon_3/install/fast_lio/local/lib/python3.10/dist-packages/fast_lio/fast_lio_s__rosidl_typesupport_introspection_c.cpython-310-x86_64-linux-gnu.so
[0.686s] -- Up-to-date: /home/sentry-nov/code/colcon_3/install/fast_lio/local/lib/python3.10/dist-packages/fast_lio/fast_lio_s__rosidl_typesupport_c.cpython-310-x86_64-linux-gnu.so
[0.687s] -- Up-to-date: /home/sentry-nov/code/colcon_3/install/fast_lio/lib/libfast_lio__rosidl_generator_py.so
[0.687s] -- Up-to-date: /home/sentry-nov/code/colcon_3/install/fast_lio/share/fast_lio/msg/Pose6D.idl
[0.687s] -- Up-to-date: /home/sentry-nov/code/colcon_3/install/fast_lio/share/fast_lio/msg/Pose6D.msg
[0.690s] -- Installing: /home/sentry-nov/code/colcon_3/install/fast_lio/lib/fast_lio/fastlio_mapping
[0.701s] -- Set runtime path of "/home/sentry-nov/code/colcon_3/install/fast_lio/lib/fast_lio/fastlio_mapping" to ""
[0.701s] -- Up-to-date: /home/sentry-nov/code/colcon_3/install/fast_lio/share/fast_lio/config
[0.701s] -- Up-to-date: /home/sentry-nov/code/colcon_3/install/fast_lio/share/fast_lio/config/velodyne.yaml
[0.702s] -- Up-to-date: /home/sentry-nov/code/colcon_3/install/fast_lio/share/fast_lio/config/ouster64.yaml
[0.702s] -- Up-to-date: /home/sentry-nov/code/colcon_3/install/fast_lio/share/fast_lio/config/avia.yaml
[0.702s] -- Up-to-date: /home/sentry-nov/code/colcon_3/install/fast_lio/share/fast_lio/config/mid360.yaml
[0.702s] -- Up-to-date: /home/sentry-nov/code/colcon_3/install/fast_lio/share/fast_lio/config/horizon.yaml
[0.702s] -- Up-to-date: /home/sentry-nov/code/colcon_3/install/fast_lio/share/fast_lio/launch
[0.702s] -- Up-to-date: /home/sentry-nov/code/colcon_3/install/fast_lio/share/fast_lio/launch/mapping.launch.py
[0.702s] -- Up-to-date: /home/sentry-nov/code/colcon_3/install/fast_lio/share/fast_lio/launch/gdb_debug_example.launch
[0.702s] -- Up-to-date: /home/sentry-nov/code/colcon_3/install/fast_lio/share/fast_lio/rviz
[0.702s] -- Up-to-date: /home/sentry-nov/code/colcon_3/install/fast_lio/share/fast_lio/rviz/fastlio.rviz
[0.703s] -- Up-to-date: /home/sentry-nov/code/colcon_3/install/fast_lio/share/ament_index/resource_index/package_run_dependencies/fast_lio
[0.703s] -- Up-to-date: /home/sentry-nov/code/colcon_3/install/fast_lio/share/ament_index/resource_index/parent_prefix_path/fast_lio
[0.703s] -- Up-to-date: /home/sentry-nov/code/colcon_3/install/fast_lio/share/fast_lio/environment/ament_prefix_path.sh
[0.703s] -- Up-to-date: /home/sentry-nov/code/colcon_3/install/fast_lio/share/fast_lio/environment/ament_prefix_path.dsv
[0.703s] -- Up-to-date: /home/sentry-nov/code/colcon_3/install/fast_lio/share/fast_lio/environment/path.sh
[0.703s] -- Up-to-date: /home/sentry-nov/code/colcon_3/install/fast_lio/share/fast_lio/environment/path.dsv
[0.703s] -- Up-to-date: /home/sentry-nov/code/colcon_3/install/fast_lio/share/fast_lio/local_setup.bash
[0.703s] -- Up-to-date: /home/sentry-nov/code/colcon_3/install/fast_lio/share/fast_lio/local_setup.sh
[0.703s] -- Up-to-date: /home/sentry-nov/code/colcon_3/install/fast_lio/share/fast_lio/local_setup.zsh
[0.703s] -- Up-to-date: /home/sentry-nov/code/colcon_3/install/fast_lio/share/fast_lio/local_setup.dsv
[0.704s] -- Installing: /home/sentry-nov/code/colcon_3/install/fast_lio/share/fast_lio/package.dsv
[0.704s] -- Up-to-date: /home/sentry-nov/code/colcon_3/install/fast_lio/share/ament_index/resource_index/packages/fast_lio
[0.704s] -- Up-to-date: /home/sentry-nov/code/colcon_3/install/fast_lio/share/fast_lio/cmake/export_fast_lio__rosidl_generator_cExport.cmake
[0.704s] -- Up-to-date: /home/sentry-nov/code/colcon_3/install/fast_lio/share/fast_lio/cmake/export_fast_lio__rosidl_generator_cExport-release.cmake
[0.705s] -- Up-to-date: /home/sentry-nov/code/colcon_3/install/fast_lio/share/fast_lio/cmake/export_fast_lio__rosidl_typesupport_fastrtps_cExport.cmake
[0.705s] -- Up-to-date: /home/sentry-nov/code/colcon_3/install/fast_lio/share/fast_lio/cmake/export_fast_lio__rosidl_typesupport_fastrtps_cExport-release.cmake
[0.707s] -- Up-to-date: /home/sentry-nov/code/colcon_3/install/fast_lio/share/fast_lio/cmake/export_fast_lio__rosidl_generator_cppExport.cmake
[0.708s] -- Up-to-date: /home/sentry-nov/code/colcon_3/install/fast_lio/share/fast_lio/cmake/export_fast_lio__rosidl_typesupport_fastrtps_cppExport.cmake
[0.708s] -- Up-to-date: /home/sentry-nov/code/colcon_3/install/fast_lio/share/fast_lio/cmake/export_fast_lio__rosidl_typesupport_fastrtps_cppExport-release.cmake
[0.710s] -- Up-to-date: /home/sentry-nov/code/colcon_3/install/fast_lio/share/fast_lio/cmake/fast_lio__rosidl_typesupport_introspection_cExport.cmake
[0.710s] -- Up-to-date: /home/sentry-nov/code/colcon_3/install/fast_lio/share/fast_lio/cmake/fast_lio__rosidl_typesupport_introspection_cExport-release.cmake
[0.711s] -- Up-to-date: /home/sentry-nov/code/colcon_3/install/fast_lio/share/fast_lio/cmake/fast_lio__rosidl_typesupport_cExport.cmake
[0.712s] -- Up-to-date: /home/sentry-nov/code/colcon_3/install/fast_lio/share/fast_lio/cmake/fast_lio__rosidl_typesupport_cExport-release.cmake
[0.713s] -- Up-to-date: /home/sentry-nov/code/colcon_3/install/fast_lio/share/fast_lio/cmake/fast_lio__rosidl_typesupport_introspection_cppExport.cmake
[0.713s] -- Up-to-date: /home/sentry-nov/code/colcon_3/install/fast_lio/share/fast_lio/cmake/fast_lio__rosidl_typesupport_introspection_cppExport-release.cmake
[0.714s] -- Up-to-date: /home/sentry-nov/code/colcon_3/install/fast_lio/share/fast_lio/cmake/fast_lio__rosidl_typesupport_cppExport.cmake
[0.714s] -- Up-to-date: /home/sentry-nov/code/colcon_3/install/fast_lio/share/fast_lio/cmake/fast_lio__rosidl_typesupport_cppExport-release.cmake
[0.717s] -- Up-to-date: /home/sentry-nov/code/colcon_3/install/fast_lio/share/fast_lio/cmake/export_fast_lio__rosidl_generator_pyExport.cmake
[0.717s] -- Up-to-date: /home/sentry-nov/code/colcon_3/install/fast_lio/share/fast_lio/cmake/export_fast_lio__rosidl_generator_pyExport-release.cmake
[0.717s] -- Up-to-date: /home/sentry-nov/code/colcon_3/install/fast_lio/share/fast_lio/cmake/rosidl_cmake-extras.cmake
[0.717s] -- Up-to-date: /home/sentry-nov/code/colcon_3/install/fast_lio/share/fast_lio/cmake/ament_cmake_export_include_directories-extras.cmake
[0.717s] -- Up-to-date: /home/sentry-nov/code/colcon_3/install/fast_lio/share/fast_lio/cmake/ament_cmake_export_libraries-extras.cmake
[0.719s] -- Up-to-date: /home/sentry-nov/code/colcon_3/install/fast_lio/share/fast_lio/cmake/ament_cmake_export_targets-extras.cmake
[0.719s] -- Up-to-date: /home/sentry-nov/code/colcon_3/install/fast_lio/share/fast_lio/cmake/rosidl_cmake_export_typesupport_targets-extras.cmake
[0.719s] -- Up-to-date: /home/sentry-nov/code/colcon_3/install/fast_lio/share/fast_lio/cmake/ament_cmake_export_dependencies-extras.cmake
[0.719s] -- Up-to-date: /home/sentry-nov/code/colcon_3/install/fast_lio/share/fast_lio/cmake/rosidl_cmake_export_typesupport_libraries-extras.cmake
[0.720s] -- Up-to-date: /home/sentry-nov/code/colcon_3/install/fast_lio/share/fast_lio/cmake/fast_lioConfig.cmake
[0.720s] -- Up-to-date: /home/sentry-nov/code/colcon_3/install/fast_lio/share/fast_lio/cmake/fast_lioConfig-version.cmake
[0.720s] -- Up-to-date: /home/sentry-nov/code/colcon_3/install/fast_lio/share/fast_lio/package.xml
[0.721s] Invoked command in '/home/sentry-nov/code/colcon_3/build/fast_lio' returned '0': CMAKE_PREFIX_PATH=/home/sentry-nov/code/colcon_3/install/livox_ros_driver2:/home/sentry-nov/code/colcon_3/install/debug_tools:/home/sentry-nov/code/colcon_3/install/tilted_lidar:/home/sentry-nov/code/colcon_3/install/rviz_plugin:/home/sentry-nov/code/colcon_3/install/robot_decision_system:/home/sentry-nov/code/colcon_3/install/rm_serial:/home/sentry-nov/code/colcon_3/install/rm_decision:/home/sentry-nov/code/colcon_3/install/motion_planning:/home/sentry-nov/code/colcon_3/install/path_planning:/home/sentry-nov/code/colcon_3/install/path_motion_planning:/home/sentry-nov/code/colcon_3/install/ikd_tree_mapping:/home/sentry-nov/code/colcon_3/install/rm_interface:/home/sentry-nov/code/colcon_3/install/point_lio:/home/sentry-nov/code/colcon_3/install/m_detector:/home/sentry-nov/code/colcon_3/install/fast_lio:/home/sentry-nov/code/colcon_3/install/icp_relocalization:/home/sentry-nov/code/colcon_3/install/altitude_map:/home/sentry-nov/code/colcon_3/install/auto_start:/opt/ros/humble LD_LIBRARY_PATH=/home/sentry-nov/code/colcon_3/install/livox_ros_driver2/lib:/home/sentry-nov/code/colcon_3/install/robot_decision_system/lib:/home/sentry-nov/code/colcon_3/install/path_planning/lib:/home/sentry-nov/code/colcon_3/install/path_motion_planning/lib:/home/sentry-nov/code/colcon_3/install/rm_interface/lib:/home/sentry-nov/code/colcon_3/install/m_detector/lib:/home/sentry-nov/code/colcon_3/install/fast_lio/lib:/home/sentry-nov/code/colcon_3/install/altitude_map/lib:/usr/local/lib:/opt/ros/humble/opt/rviz_ogre_vendor/lib:/opt/ros/humble/lib/x86_64-linux-gnu:/opt/ros/humble/lib /usr/bin/cmake --install /home/sentry-nov/code/colcon_3/build/fast_lio
