[0.029s] Invoking command in '/home/sentry-nov/code/colcon_3/build/icp_relocalization': CMAKE_PREFIX_PATH=/home/sentry-nov/code/colcon_3/install/debug_tools:/home/sentry-nov/code/colcon_3/install/tilted_lidar:/home/sentry-nov/code/colcon_3/install/rviz_plugin:/home/sentry-nov/code/colcon_3/install/robot_decision_system:/home/sentry-nov/code/colcon_3/install/rm_serial:/home/sentry-nov/code/colcon_3/install/rm_decision:/home/sentry-nov/code/colcon_3/install/motion_planning:/home/sentry-nov/code/colcon_3/install/path_planning:/home/sentry-nov/code/colcon_3/install/path_motion_planning:/home/sentry-nov/code/colcon_3/install/ikd_tree_mapping:/home/sentry-nov/code/colcon_3/install/rm_interface:/home/sentry-nov/code/colcon_3/install/point_lio:/home/sentry-nov/code/colcon_3/install/m_detector:/home/sentry-nov/code/colcon_3/install/fast_lio:/home/sentry-nov/code/colcon_3/install/livox_ros_driver2:/home/sentry-nov/code/colcon_3/install/icp_relocalization:/home/sentry-nov/code/colcon_3/install/altitude_map:/home/sentry-nov/code/colcon_3/install/auto_start:/opt/ros/humble /usr/bin/cmake /home/sentry-nov/code/colcon_3/src/slam/icp_relocalization -DCMAKE_INSTALL_PREFIX=/home/sentry-nov/code/colcon_3/install/icp_relocalization
[0.046s] -- Found ament_cmake: 1.3.11 (/opt/ros/humble/share/ament_cmake/cmake)
[0.178s] -- Found rclcpp: 16.0.11 (/opt/ros/humble/share/rclcpp/cmake)
[0.206s] -- Found rosidl_generator_c: 3.1.6 (/opt/ros/humble/share/rosidl_generator_c/cmake)
[0.208s] -- Found rosidl_adapter: 3.1.6 (/opt/ros/humble/share/rosidl_adapter/cmake)
[0.213s] -- Found rosidl_generator_cpp: 3.1.6 (/opt/ros/humble/share/rosidl_generator_cpp/cmake)
[0.223s] -- Using all available rosidl_typesupport_c: rosidl_typesupport_fastrtps_c;rosidl_typesupport_introspection_c
[0.235s] -- Using all available rosidl_typesupport_cpp: rosidl_typesupport_fastrtps_cpp;rosidl_typesupport_introspection_cpp
[0.266s] -- Found rmw_implementation_cmake: 6.1.2 (/opt/ros/humble/share/rmw_implementation_cmake/cmake)
[0.268s] -- Found rmw_fastrtps_cpp: 6.2.7 (/opt/ros/humble/share/rmw_fastrtps_cpp/cmake)
[0.394s] -- Using RMW implementation 'rmw_fastrtps_cpp' as default
[0.453s] -- Found sensor_msgs: 4.2.4 (/opt/ros/humble/share/sensor_msgs/cmake)
[0.480s] -- Found nav_msgs: 4.2.4 (/opt/ros/humble/share/nav_msgs/cmake)
[0.495s] -- Found tf2_ros: 0.25.9 (/opt/ros/humble/share/tf2_ros/cmake)
[0.580s] -- Found pcl_ros: 2.4.5 (/opt/ros/humble/share/pcl_ros/cmake)
[0.625s] -- Eigen found (include: /usr/include/eigen3, version: 3.4.0)
[0.667s] -- FLANN found (include: /usr/include, lib: /usr/lib/x86_64-linux-gnu/libflann_cpp.so)
[1.096s] -- OpenNI found (version: 1.5.4.0, include: /usr/include/ni, lib: /usr/lib/libOpenNI.so;libusb::libusb)
[1.106s] -- OpenNI2 found (version: 2.2.0.33, include: /usr/include/openni2, lib: /usr/lib/x86_64-linux-gnu/libOpenNI2.so;libusb::libusb)
[1.326s] -- Eigen found (include: /usr/include/eigen3, version: 3.4.0)
[1.337s] -- OpenNI found (version: 1.5.4.0, include: /usr/include/ni, lib: /usr/lib/libOpenNI.so;libusb::libusb)
[1.346s] -- OpenNI2 found (version: 2.2.0.33, include: /usr/include/openni2, lib: /usr/lib/x86_64-linux-gnu/libOpenNI2.so;libusb::libusb)
[1.577s] -- Found Qhull version 8.0.2
[1.851s] -- OpenNI found (version: 1.5.4.0, include: /usr/include/ni, lib: /usr/lib/libOpenNI.so;libusb::libusb)
[2.199s] -- Found eigen3_cmake_module: 0.1.1 (/opt/ros/humble/share/eigen3_cmake_module/cmake)
[2.202s] -- Ensuring Eigen3 include directory is part of orocos-kdl CMake target
[2.210s] -- Found debug_tools: 0.0.0 (/home/sentry-nov/code/colcon_3/install/debug_tools/share/debug_tools/cmake)
[2.398s] -- Configuring done
[2.624s] -- Generating done
[2.680s] -- Build files have been written to: /home/sentry-nov/code/colcon_3/build/icp_relocalization
