[0.026s] Invoking command in '/home/sentry-nov/code/colcon_3/build/path_planning': CMAKE_PREFIX_PATH=/home/sentry-nov/code/colcon_3/install/rm_interface:/home/sentry-nov/code/colcon_3/install/debug_tools:/home/sentry-nov/code/colcon_3/install/tilted_lidar:/home/sentry-nov/code/colcon_3/install/rviz_plugin:/home/sentry-nov/code/colcon_3/install/robot_decision_system:/home/sentry-nov/code/colcon_3/install/rm_serial:/home/sentry-nov/code/colcon_3/install/rm_decision:/home/sentry-nov/code/colcon_3/install/motion_planning:/home/sentry-nov/code/colcon_3/install/path_planning:/home/sentry-nov/code/colcon_3/install/ikd_tree_mapping:/home/sentry-nov/code/colcon_3/install/point_lio:/home/sentry-nov/code/colcon_3/install/m_detector:/home/sentry-nov/code/colcon_3/install/fast_lio:/home/sentry-nov/code/colcon_3/install/livox_ros_driver2:/home/sentry-nov/code/colcon_3/install/icp_relocalization:/home/sentry-nov/code/colcon_3/install/altitude_map:/home/sentry-nov/code/colcon_3/install/auto_start:/opt/ros/humble LD_LIBRARY_PATH=/home/sentry-nov/code/colcon_3/install/rm_interface/lib:/home/sentry-nov/code/colcon_3/install/robot_decision_system/lib:/home/sentry-nov/code/colcon_3/install/path_planning/lib:/home/sentry-nov/code/colcon_3/install/m_detector/lib:/home/sentry-nov/code/colcon_3/install/fast_lio/lib:/home/sentry-nov/code/colcon_3/install/livox_ros_driver2/lib:/home/sentry-nov/code/colcon_3/install/altitude_map/lib:/usr/local/lib:/opt/ros/humble/opt/rviz_ogre_vendor/lib:/opt/ros/humble/lib/x86_64-linux-gnu:/opt/ros/humble/lib /usr/bin/cmake --build /home/sentry-nov/code/colcon_3/build/path_planning -- -j12 -l12
[0.120s] [  8%] Built target test_set_hhid_node
[0.123s] [ 16%] Built target test_hash_uuid_node
[0.129s] [ 29%] Built target test_vel_estimator_node
[0.146s] [ 66%] Built target path_planning
[0.182s] [35m[1mConsolidate compiler generated dependencies of target local_assist_nav_ros_node[0m
[0.217s] [ 83%] Built target gl_nav_ros_node
[0.217s] [ 83%] Built target local_nav_ros_node
[0.221s] [ 91%] Built target global_nav_ros_node
[0.246s] [ 95%] [32mBuilding CXX object CMakeFiles/local_assist_nav_ros_node.dir/src/nav_core/local_assist_nav_ros.cpp.o[0m
[28.079s] [100%] [32m[1mLinking CXX executable local_assist_nav_ros_node[0m
[29.094s] [100%] Built target local_assist_nav_ros_node
[29.109s] Invoked command in '/home/sentry-nov/code/colcon_3/build/path_planning' returned '0': CMAKE_PREFIX_PATH=/home/sentry-nov/code/colcon_3/install/rm_interface:/home/sentry-nov/code/colcon_3/install/debug_tools:/home/sentry-nov/code/colcon_3/install/tilted_lidar:/home/sentry-nov/code/colcon_3/install/rviz_plugin:/home/sentry-nov/code/colcon_3/install/robot_decision_system:/home/sentry-nov/code/colcon_3/install/rm_serial:/home/sentry-nov/code/colcon_3/install/rm_decision:/home/sentry-nov/code/colcon_3/install/motion_planning:/home/sentry-nov/code/colcon_3/install/path_planning:/home/sentry-nov/code/colcon_3/install/ikd_tree_mapping:/home/sentry-nov/code/colcon_3/install/point_lio:/home/sentry-nov/code/colcon_3/install/m_detector:/home/sentry-nov/code/colcon_3/install/fast_lio:/home/sentry-nov/code/colcon_3/install/livox_ros_driver2:/home/sentry-nov/code/colcon_3/install/icp_relocalization:/home/sentry-nov/code/colcon_3/install/altitude_map:/home/sentry-nov/code/colcon_3/install/auto_start:/opt/ros/humble LD_LIBRARY_PATH=/home/sentry-nov/code/colcon_3/install/rm_interface/lib:/home/sentry-nov/code/colcon_3/install/robot_decision_system/lib:/home/sentry-nov/code/colcon_3/install/path_planning/lib:/home/sentry-nov/code/colcon_3/install/m_detector/lib:/home/sentry-nov/code/colcon_3/install/fast_lio/lib:/home/sentry-nov/code/colcon_3/install/livox_ros_driver2/lib:/home/sentry-nov/code/colcon_3/install/altitude_map/lib:/usr/local/lib:/opt/ros/humble/opt/rviz_ogre_vendor/lib:/opt/ros/humble/lib/x86_64-linux-gnu:/opt/ros/humble/lib /usr/bin/cmake --build /home/sentry-nov/code/colcon_3/build/path_planning -- -j12 -l12
[29.110s] Invoking command in '/home/sentry-nov/code/colcon_3/build/path_planning': CMAKE_PREFIX_PATH=/home/sentry-nov/code/colcon_3/install/rm_interface:/home/sentry-nov/code/colcon_3/install/debug_tools:/home/sentry-nov/code/colcon_3/install/tilted_lidar:/home/sentry-nov/code/colcon_3/install/rviz_plugin:/home/sentry-nov/code/colcon_3/install/robot_decision_system:/home/sentry-nov/code/colcon_3/install/rm_serial:/home/sentry-nov/code/colcon_3/install/rm_decision:/home/sentry-nov/code/colcon_3/install/motion_planning:/home/sentry-nov/code/colcon_3/install/path_planning:/home/sentry-nov/code/colcon_3/install/ikd_tree_mapping:/home/sentry-nov/code/colcon_3/install/point_lio:/home/sentry-nov/code/colcon_3/install/m_detector:/home/sentry-nov/code/colcon_3/install/fast_lio:/home/sentry-nov/code/colcon_3/install/livox_ros_driver2:/home/sentry-nov/code/colcon_3/install/icp_relocalization:/home/sentry-nov/code/colcon_3/install/altitude_map:/home/sentry-nov/code/colcon_3/install/auto_start:/opt/ros/humble LD_LIBRARY_PATH=/home/sentry-nov/code/colcon_3/install/rm_interface/lib:/home/sentry-nov/code/colcon_3/install/robot_decision_system/lib:/home/sentry-nov/code/colcon_3/install/path_planning/lib:/home/sentry-nov/code/colcon_3/install/m_detector/lib:/home/sentry-nov/code/colcon_3/install/fast_lio/lib:/home/sentry-nov/code/colcon_3/install/livox_ros_driver2/lib:/home/sentry-nov/code/colcon_3/install/altitude_map/lib:/usr/local/lib:/opt/ros/humble/opt/rviz_ogre_vendor/lib:/opt/ros/humble/lib/x86_64-linux-gnu:/opt/ros/humble/lib /usr/bin/cmake --install /home/sentry-nov/code/colcon_3/build/path_planning
[29.121s] -- Install configuration: "Release"
[29.121s] -- Up-to-date: /home/sentry-nov/code/colcon_3/install/path_planning/lib/libpath_planning.so
[29.121s] -- Up-to-date: /home/sentry-nov/code/colcon_3/install/path_planning/share/path_planning/environment/library_path.sh
[29.121s] -- Up-to-date: /home/sentry-nov/code/colcon_3/install/path_planning/share/path_planning/environment/library_path.dsv
[29.121s] -- Up-to-date: /home/sentry-nov/code/colcon_3/install/path_planning/include
[29.122s] -- Up-to-date: /home/sentry-nov/code/colcon_3/install/path_planning/include/path_planning
[29.122s] -- Up-to-date: /home/sentry-nov/code/colcon_3/install/path_planning/include/path_planning/util
[29.122s] -- Up-to-date: /home/sentry-nov/code/colcon_3/install/path_planning/include/path_planning/util/group_run.h
[29.122s] -- Up-to-date: /home/sentry-nov/code/colcon_3/install/path_planning/include/path_planning/util/vis_ros.h
[29.122s] -- Up-to-date: /home/sentry-nov/code/colcon_3/install/path_planning/include/path_planning/util/vel_estimator.h
[29.122s] -- Up-to-date: /home/sentry-nov/code/colcon_3/install/path_planning/include/path_planning/nav_core
[29.122s] -- Up-to-date: /home/sentry-nov/code/colcon_3/install/path_planning/include/path_planning/nav_core/gl_nav.h
[29.122s] -- Up-to-date: /home/sentry-nov/code/colcon_3/install/path_planning/include/path_planning/nav_core/nav_core.h
[29.122s] -- Up-to-date: /home/sentry-nov/code/colcon_3/install/path_planning/include/path_planning/nav_core/local_nav.h
[29.122s] -- Up-to-date: /home/sentry-nov/code/colcon_3/install/path_planning/include/path_planning/nav_core/global_nav.h
[29.122s] -- Up-to-date: /home/sentry-nov/code/colcon_3/install/path_planning/include/path_planning/nav_core/local_assist_nav.h
[29.122s] -- Up-to-date: /home/sentry-nov/code/colcon_3/install/path_planning/include/path_planning/path_searcher
[29.122s] -- Up-to-date: /home/sentry-nov/code/colcon_3/install/path_planning/include/path_planning/path_searcher/path_searcher.h
[29.122s] -- Up-to-date: /home/sentry-nov/code/colcon_3/install/path_planning/include/path_planning/path_searcher/theta_star_assist.h
[29.123s] -- Up-to-date: /home/sentry-nov/code/colcon_3/install/path_planning/include/path_planning/path_searcher/theta_star.h
[29.123s] -- Up-to-date: /home/sentry-nov/code/colcon_3/install/path_planning/include/path_planning/path_searcher/gird_node.h
[29.123s] -- Up-to-date: /home/sentry-nov/code/colcon_3/install/path_planning/lib/path_planning/gl_nav_ros_node
[29.123s] -- Up-to-date: /home/sentry-nov/code/colcon_3/install/path_planning/lib/path_planning/global_nav_ros_node
[29.123s] -- Up-to-date: /home/sentry-nov/code/colcon_3/install/path_planning/lib/path_planning/local_nav_ros_node
[29.124s] -- Installing: /home/sentry-nov/code/colcon_3/install/path_planning/lib/path_planning/local_assist_nav_ros_node
[29.129s] -- Set runtime path of "/home/sentry-nov/code/colcon_3/install/path_planning/lib/path_planning/local_assist_nav_ros_node" to ""
[29.130s] -- Up-to-date: /home/sentry-nov/code/colcon_3/install/path_planning/lib/path_planning/test_hash_uuid_node
[29.130s] -- Up-to-date: /home/sentry-nov/code/colcon_3/install/path_planning/lib/path_planning/test_set_hhid_node
[29.130s] -- Up-to-date: /home/sentry-nov/code/colcon_3/install/path_planning/lib/path_planning/test_vel_estimator_node
[29.131s] -- Up-to-date: /home/sentry-nov/code/colcon_3/install/path_planning/share/ament_index/resource_index/package_run_dependencies/path_planning
[29.131s] -- Up-to-date: /home/sentry-nov/code/colcon_3/install/path_planning/share/ament_index/resource_index/parent_prefix_path/path_planning
[29.131s] -- Up-to-date: /home/sentry-nov/code/colcon_3/install/path_planning/share/path_planning/environment/ament_prefix_path.sh
[29.131s] -- Up-to-date: /home/sentry-nov/code/colcon_3/install/path_planning/share/path_planning/environment/ament_prefix_path.dsv
[29.131s] -- Up-to-date: /home/sentry-nov/code/colcon_3/install/path_planning/share/path_planning/environment/path.sh
[29.131s] -- Up-to-date: /home/sentry-nov/code/colcon_3/install/path_planning/share/path_planning/environment/path.dsv
[29.131s] -- Up-to-date: /home/sentry-nov/code/colcon_3/install/path_planning/share/path_planning/local_setup.bash
[29.131s] -- Up-to-date: /home/sentry-nov/code/colcon_3/install/path_planning/share/path_planning/local_setup.sh
[29.131s] -- Up-to-date: /home/sentry-nov/code/colcon_3/install/path_planning/share/path_planning/local_setup.zsh
[29.131s] -- Up-to-date: /home/sentry-nov/code/colcon_3/install/path_planning/share/path_planning/local_setup.dsv
[29.131s] -- Installing: /home/sentry-nov/code/colcon_3/install/path_planning/share/path_planning/package.dsv
[29.131s] -- Up-to-date: /home/sentry-nov/code/colcon_3/install/path_planning/share/ament_index/resource_index/packages/path_planning
[29.131s] -- Up-to-date: /home/sentry-nov/code/colcon_3/install/path_planning/share/path_planning/cmake/ament_cmake_export_include_directories-extras.cmake
[29.132s] -- Up-to-date: /home/sentry-nov/code/colcon_3/install/path_planning/share/path_planning/cmake/ament_cmake_export_libraries-extras.cmake
[29.132s] -- Up-to-date: /home/sentry-nov/code/colcon_3/install/path_planning/share/path_planning/cmake/path_planningConfig.cmake
[29.132s] -- Up-to-date: /home/sentry-nov/code/colcon_3/install/path_planning/share/path_planning/cmake/path_planningConfig-version.cmake
[29.132s] -- Up-to-date: /home/sentry-nov/code/colcon_3/install/path_planning/share/path_planning/package.xml
[29.136s] Invoked command in '/home/sentry-nov/code/colcon_3/build/path_planning' returned '0': CMAKE_PREFIX_PATH=/home/sentry-nov/code/colcon_3/install/rm_interface:/home/sentry-nov/code/colcon_3/install/debug_tools:/home/sentry-nov/code/colcon_3/install/tilted_lidar:/home/sentry-nov/code/colcon_3/install/rviz_plugin:/home/sentry-nov/code/colcon_3/install/robot_decision_system:/home/sentry-nov/code/colcon_3/install/rm_serial:/home/sentry-nov/code/colcon_3/install/rm_decision:/home/sentry-nov/code/colcon_3/install/motion_planning:/home/sentry-nov/code/colcon_3/install/path_planning:/home/sentry-nov/code/colcon_3/install/ikd_tree_mapping:/home/sentry-nov/code/colcon_3/install/point_lio:/home/sentry-nov/code/colcon_3/install/m_detector:/home/sentry-nov/code/colcon_3/install/fast_lio:/home/sentry-nov/code/colcon_3/install/livox_ros_driver2:/home/sentry-nov/code/colcon_3/install/icp_relocalization:/home/sentry-nov/code/colcon_3/install/altitude_map:/home/sentry-nov/code/colcon_3/install/auto_start:/opt/ros/humble LD_LIBRARY_PATH=/home/sentry-nov/code/colcon_3/install/rm_interface/lib:/home/sentry-nov/code/colcon_3/install/robot_decision_system/lib:/home/sentry-nov/code/colcon_3/install/path_planning/lib:/home/sentry-nov/code/colcon_3/install/m_detector/lib:/home/sentry-nov/code/colcon_3/install/fast_lio/lib:/home/sentry-nov/code/colcon_3/install/livox_ros_driver2/lib:/home/sentry-nov/code/colcon_3/install/altitude_map/lib:/usr/local/lib:/opt/ros/humble/opt/rviz_ogre_vendor/lib:/opt/ros/humble/lib/x86_64-linux-gnu:/opt/ros/humble/lib /usr/bin/cmake --install /home/sentry-nov/code/colcon_3/build/path_planning
