[0.020s] Invoking command in '/home/sentry-nov/code/colcon_3/build/rm_interface': CMAKE_PREFIX_PATH=${CMAKE_PREFIX_PATH}:/opt/ros/humble /usr/bin/cmake /home/sentry-nov/code/colcon_3/src/common/rm_interface -DCMAKE_BUILD_TYPE=Release -DCMAKE_INSTALL_PREFIX=/home/sentry-nov/code/colcon_3/install/rm_interface
[0.065s] -- Found ament_cmake: 1.3.11 (/opt/ros/humble/share/ament_cmake/cmake)
[0.243s] -- Found rclcpp: 16.0.11 (/opt/ros/humble/share/rclcpp/cmake)
[0.299s] -- Found rosidl_generator_c: 3.1.6 (/opt/ros/humble/share/rosidl_generator_c/cmake)
[0.304s] -- Found rosidl_adapter: 3.1.6 (/opt/ros/humble/share/rosidl_adapter/cmake)
[0.317s] -- Found rosidl_generator_cpp: 3.1.6 (/opt/ros/humble/share/rosidl_generator_cpp/cmake)
[0.338s] -- Using all available rosidl_typesupport_c: rosidl_typesupport_fastrtps_c;rosidl_typesupport_introspection_c
[0.358s] -- Using all available rosidl_typesupport_cpp: rosidl_typesupport_fastrtps_cpp;rosidl_typesupport_introspection_cpp
[0.416s] -- Found rmw_implementation_cmake: 6.1.2 (/opt/ros/humble/share/rmw_implementation_cmake/cmake)
[0.420s] -- Found rmw_fastrtps_cpp: 6.2.7 (/opt/ros/humble/share/rmw_fastrtps_cpp/cmake)
[0.566s] -- Using RMW implementation 'rmw_fastrtps_cpp' as default
[0.650s] -- Found rosidl_default_generators: 1.2.0 (/opt/ros/humble/share/rosidl_default_generators/cmake)
[0.952s] -- Found ament_cmake_ros: 0.10.0 (/opt/ros/humble/share/ament_cmake_ros/cmake)
[1.272s] -- Using all available rosidl_typesupport_c: rosidl_typesupport_fastrtps_c;rosidl_typesupport_introspection_c
[1.393s] -- Using all available rosidl_typesupport_cpp: rosidl_typesupport_fastrtps_cpp;rosidl_typesupport_introspection_cpp
[1.422s] -- Found python_cmake_module: 0.10.0 (/opt/ros/humble/share/python_cmake_module/cmake)
[1.450s] -- Using PYTHON_EXECUTABLE: /usr/bin/python3
[1.450s] -- Using PYTHON_INCLUDE_DIRS: /usr/include/python3.10
[1.450s] -- Using PYTHON_LIBRARIES: /usr/lib/x86_64-linux-gnu/libpython3.10.so
[1.484s] -- Configuring done
[1.561s] -- Generating done
[1.578s] -- Build files have been written to: /home/sentry-nov/code/colcon_3/build/rm_interface
[1.587s] Invoked command in '/home/sentry-nov/code/colcon_3/build/rm_interface' returned '0': CMAKE_PREFIX_PATH=${CMAKE_PREFIX_PATH}:/opt/ros/humble /usr/bin/cmake /home/sentry-nov/code/colcon_3/src/common/rm_interface -DCMAKE_BUILD_TYPE=Release -DCMAKE_INSTALL_PREFIX=/home/sentry-nov/code/colcon_3/install/rm_interface
[1.589s] Invoking command in '/home/sentry-nov/code/colcon_3/build/rm_interface': CMAKE_PREFIX_PATH=${CMAKE_PREFIX_PATH}:/opt/ros/humble /usr/bin/cmake --build /home/sentry-nov/code/colcon_3/build/rm_interface -- -j12 -l12
[1.640s] [  1%] [34m[1mGenerating C code for ROS interfaces[0m
[1.654s] [  3%] [34m[1mGenerating C++ code for ROS interfaces[0m
[1.680s] [  3%] Built target ament_cmake_python_copy_rm_interface
[1.900s] running egg_info
[1.901s] writing rm_interface.egg-info/PKG-INFO
[1.901s] writing dependency_links to rm_interface.egg-info/dependency_links.txt
[1.902s] writing top-level names to rm_interface.egg-info/top_level.txt
[1.905s] reading manifest file 'rm_interface.egg-info/SOURCES.txt'
[1.907s] writing manifest file 'rm_interface.egg-info/SOURCES.txt'
[1.948s] [  3%] Built target ament_cmake_python_build_rm_interface_egg
[2.299s] [35m[1mConsolidate compiler generated dependencies of target rm_interface__rosidl_generator_c[0m
[2.320s] [  4%] [32mBuilding C object CMakeFiles/rm_interface__rosidl_generator_c.dir/rosidl_generator_c/rm_interface/srv/detail/save_pcd__functions.c.o[0m
[2.321s] [  6%] [32mBuilding C object CMakeFiles/rm_interface__rosidl_generator_c.dir/rosidl_generator_c/rm_interface/msg/detail/local_state__functions.c.o[0m
[2.321s] [  9%] [32mBuilding C object CMakeFiles/rm_interface__rosidl_generator_c.dir/rosidl_generator_c/rm_interface/srv/detail/nav_core__functions.c.o[0m
[2.321s] [  9%] [32mBuilding C object CMakeFiles/rm_interface__rosidl_generator_c.dir/rosidl_generator_c/rm_interface/msg/detail/command__functions.c.o[0m
[2.322s] [ 11%] [32mBuilding C object CMakeFiles/rm_interface__rosidl_generator_c.dir/rosidl_generator_c/rm_interface/srv/detail/set_robot_mode__functions.c.o[0m
[2.323s] [ 11%] Built target rm_interface__cpp
[2.341s] [ 12%] [34m[1mGenerating C++ type support dispatch for ROS interfaces[0m
[2.342s] [ 14%] [34m[1mGenerating C++ type support for eProsima Fast-RTPS[0m
[2.345s] [ 15%] [34m[1mGenerating C++ introspection for ROS interfaces[0m
[2.617s] [ 17%] [32m[1mLinking C shared library librm_interface__rosidl_generator_c.so[0m
[2.692s] [ 17%] Built target rm_interface__rosidl_generator_c
[2.709s] [ 19%] [34m[1mGenerating C type support for eProsima Fast-RTPS[0m
[2.712s] [ 22%] [34m[1mGenerating C introspection for ROS interfaces[0m
[2.712s] [ 22%] [34m[1mGenerating C type support dispatch for ROS interfaces[0m
[2.890s] [35m[1mConsolidate compiler generated dependencies of target rm_interface__rosidl_typesupport_cpp[0m
[2.924s] [ 23%] [32mBuilding CXX object CMakeFiles/rm_interface__rosidl_typesupport_cpp.dir/rosidl_typesupport_cpp/rm_interface/srv/save_pcd__type_support.cpp.o[0m
[2.927s] [ 26%] [32mBuilding CXX object CMakeFiles/rm_interface__rosidl_typesupport_cpp.dir/rosidl_typesupport_cpp/rm_interface/msg/command__type_support.cpp.o[0m
[2.927s] [ 26%] [32mBuilding CXX object CMakeFiles/rm_interface__rosidl_typesupport_cpp.dir/rosidl_typesupport_cpp/rm_interface/srv/nav_core__type_support.cpp.o[0m
[2.930s] [ 28%] [32mBuilding CXX object CMakeFiles/rm_interface__rosidl_typesupport_cpp.dir/rosidl_typesupport_cpp/rm_interface/srv/set_robot_mode__type_support.cpp.o[0m
[2.935s] [ 30%] [32mBuilding CXX object CMakeFiles/rm_interface__rosidl_typesupport_cpp.dir/rosidl_typesupport_cpp/rm_interface/msg/local_state__type_support.cpp.o[0m
[3.071s] [35m[1mConsolidate compiler generated dependencies of target rm_interface__rosidl_typesupport_introspection_cpp[0m
[3.105s] [ 31%] [32mBuilding CXX object CMakeFiles/rm_interface__rosidl_typesupport_introspection_cpp.dir/rosidl_typesupport_introspection_cpp/rm_interface/srv/detail/nav_core__type_support.cpp.o[0m
[3.109s] [ 33%] [32mBuilding CXX object CMakeFiles/rm_interface__rosidl_typesupport_introspection_cpp.dir/rosidl_typesupport_introspection_cpp/rm_interface/srv/detail/set_robot_mode__type_support.cpp.o[0m
[3.120s] [ 34%] [32mBuilding CXX object CMakeFiles/rm_interface__rosidl_typesupport_introspection_cpp.dir/rosidl_typesupport_introspection_cpp/rm_interface/srv/detail/save_pcd__type_support.cpp.o[0m
[3.432s] [35m[1mConsolidate compiler generated dependencies of target rm_interface__rosidl_typesupport_fastrtps_cpp[0m
[3.503s] [ 36%] [32mBuilding CXX object CMakeFiles/rm_interface__rosidl_typesupport_fastrtps_cpp.dir/rosidl_typesupport_fastrtps_cpp/rm_interface/srv/detail/dds_fastrtps/save_pcd__type_support.cpp.o[0m
[3.536s] [35m[1mConsolidate compiler generated dependencies of target rm_interface__rosidl_typesupport_c[0m
[3.583s] [ 38%] [32mBuilding CXX object CMakeFiles/rm_interface__rosidl_typesupport_c.dir/rosidl_typesupport_c/rm_interface/srv/save_pcd__type_support.cpp.o[0m
[3.647s] [ 39%] [32mBuilding CXX object CMakeFiles/rm_interface__rosidl_typesupport_introspection_cpp.dir/rosidl_typesupport_introspection_cpp/rm_interface/msg/detail/command__type_support.cpp.o[0m
[3.649s] [ 41%] [32mBuilding CXX object CMakeFiles/rm_interface__rosidl_typesupport_introspection_cpp.dir/rosidl_typesupport_introspection_cpp/rm_interface/msg/detail/local_state__type_support.cpp.o[0m
[3.662s] [ 42%] [32mBuilding CXX object CMakeFiles/rm_interface__rosidl_typesupport_c.dir/rosidl_typesupport_c/rm_interface/srv/nav_core__type_support.cpp.o[0m
[3.672s] [ 44%] [32mBuilding CXX object CMakeFiles/rm_interface__rosidl_typesupport_c.dir/rosidl_typesupport_c/rm_interface/srv/set_robot_mode__type_support.cpp.o[0m
[3.676s] [ 46%] [32m[1mLinking CXX shared library librm_interface__rosidl_typesupport_cpp.so[0m
[3.708s] [35m[1mConsolidate compiler generated dependencies of target rm_interface__rosidl_typesupport_introspection_c[0m
[3.735s] [ 47%] [32mBuilding C object CMakeFiles/rm_interface__rosidl_typesupport_introspection_c.dir/rosidl_typesupport_introspection_c/rm_interface/srv/detail/save_pcd__type_support.c.o[0m
[3.737s] [ 49%] [32mBuilding C object CMakeFiles/rm_interface__rosidl_typesupport_introspection_c.dir/rosidl_typesupport_introspection_c/rm_interface/srv/detail/nav_core__type_support.c.o[0m
[3.739s] [ 50%] [32mBuilding CXX object CMakeFiles/rm_interface__rosidl_typesupport_c.dir/rosidl_typesupport_c/rm_interface/msg/command__type_support.cpp.o[0m
[3.749s] [ 52%] [32mBuilding CXX object CMakeFiles/rm_interface__rosidl_typesupport_c.dir/rosidl_typesupport_c/rm_interface/msg/local_state__type_support.cpp.o[0m
[3.772s] [35m[1mConsolidate compiler generated dependencies of target rm_interface__rosidl_typesupport_fastrtps_c[0m
[3.800s] [ 52%] Built target rm_interface__rosidl_typesupport_cpp
[3.804s] [ 53%] [32mBuilding CXX object CMakeFiles/rm_interface__rosidl_typesupport_fastrtps_c.dir/rosidl_typesupport_fastrtps_c/rm_interface/srv/detail/save_pcd__type_support_c.cpp.o[0m
[3.810s] [ 55%] [32mBuilding C object CMakeFiles/rm_interface__rosidl_typesupport_introspection_c.dir/rosidl_typesupport_introspection_c/rm_interface/srv/detail/set_robot_mode__type_support.c.o[0m
[3.818s] [ 57%] [32m[1mLinking CXX shared library librm_interface__rosidl_typesupport_c.so[0m
[3.822s] [ 58%] [32mBuilding C object CMakeFiles/rm_interface__rosidl_typesupport_introspection_c.dir/rosidl_typesupport_introspection_c/rm_interface/msg/detail/command__type_support.c.o[0m
[3.829s] [ 60%] [32mBuilding C object CMakeFiles/rm_interface__rosidl_typesupport_introspection_c.dir/rosidl_typesupport_introspection_c/rm_interface/msg/detail/local_state__type_support.c.o[0m
[3.842s] [ 61%] [32mBuilding CXX object CMakeFiles/rm_interface__rosidl_typesupport_fastrtps_c.dir/rosidl_typesupport_fastrtps_c/rm_interface/srv/detail/nav_core__type_support_c.cpp.o[0m
[3.877s] [ 63%] [32mBuilding CXX object CMakeFiles/rm_interface__rosidl_typesupport_fastrtps_c.dir/rosidl_typesupport_fastrtps_c/rm_interface/srv/detail/set_robot_mode__type_support_c.cpp.o[0m
[3.886s] [ 65%] [32mBuilding CXX object CMakeFiles/rm_interface__rosidl_typesupport_fastrtps_c.dir/rosidl_typesupport_fastrtps_c/rm_interface/msg/detail/command__type_support_c.cpp.o[0m
[3.895s] [ 66%] [32mBuilding CXX object CMakeFiles/rm_interface__rosidl_typesupport_fastrtps_c.dir/rosidl_typesupport_fastrtps_c/rm_interface/msg/detail/local_state__type_support_c.cpp.o[0m
[3.900s] [ 68%] [32mBuilding CXX object CMakeFiles/rm_interface__rosidl_typesupport_fastrtps_cpp.dir/rosidl_typesupport_fastrtps_cpp/rm_interface/srv/detail/dds_fastrtps/nav_core__type_support.cpp.o[0m
[3.903s] [ 71%] [32m[1mLinking C shared library librm_interface__rosidl_typesupport_introspection_c.so[0m
[3.903s] [ 71%] [32mBuilding CXX object CMakeFiles/rm_interface__rosidl_typesupport_fastrtps_cpp.dir/rosidl_typesupport_fastrtps_cpp/rm_interface/srv/detail/dds_fastrtps/set_robot_mode__type_support.cpp.o[0m
[3.912s] [ 71%] Built target rm_interface__rosidl_typesupport_c
[3.930s] [ 73%] [32mBuilding CXX object CMakeFiles/rm_interface__rosidl_typesupport_fastrtps_cpp.dir/rosidl_typesupport_fastrtps_cpp/rm_interface/msg/detail/dds_fastrtps/command__type_support.cpp.o[0m
[4.076s] [ 73%] Built target rm_interface__rosidl_typesupport_introspection_c
[4.119s] [ 74%] [32mBuilding CXX object CMakeFiles/rm_interface__rosidl_typesupport_fastrtps_cpp.dir/rosidl_typesupport_fastrtps_cpp/rm_interface/msg/detail/dds_fastrtps/local_state__type_support.cpp.o[0m
[4.321s] [ 76%] [32m[1mLinking CXX shared library librm_interface__rosidl_typesupport_introspection_cpp.so[0m
[4.477s] [ 76%] Built target rm_interface__rosidl_typesupport_introspection_cpp
[4.508s] [ 77%] [32m[1mLinking CXX shared library librm_interface__rosidl_typesupport_fastrtps_c.so[0m
[4.623s] [ 77%] Built target rm_interface__rosidl_typesupport_fastrtps_c
[4.694s] [ 79%] [32m[1mLinking CXX shared library librm_interface__rosidl_typesupport_fastrtps_cpp.so[0m
[4.795s] [ 79%] Built target rm_interface__rosidl_typesupport_fastrtps_cpp
[4.823s] [ 79%] Built target rm_interface
[4.853s] [ 80%] [34m[1mGenerating Python code for ROS interfaces[0m
[5.695s] [ 80%] Built target rm_interface__py
[5.714s] [35m[1mConsolidate compiler generated dependencies of target rm_interface__rosidl_generator_py[0m
[5.738s] [ 88%] [32mBuilding C object CMakeFiles/rm_interface__rosidl_generator_py.dir/rosidl_generator_py/rm_interface/msg/_local_state_s.c.o[0m
[5.738s] [ 88%] [32mBuilding C object CMakeFiles/rm_interface__rosidl_generator_py.dir/rosidl_generator_py/rm_interface/srv/_save_pcd_s.c.o[0m
[5.738s] [ 88%] [32mBuilding C object CMakeFiles/rm_interface__rosidl_generator_py.dir/rosidl_generator_py/rm_interface/srv/_set_robot_mode_s.c.o[0m
[5.738s] [ 88%] [32mBuilding C object CMakeFiles/rm_interface__rosidl_generator_py.dir/rosidl_generator_py/rm_interface/msg/_command_s.c.o[0m
[5.738s] [ 88%] [32mBuilding C object CMakeFiles/rm_interface__rosidl_generator_py.dir/rosidl_generator_py/rm_interface/srv/_nav_core_s.c.o[0m
[5.937s] [ 90%] [32m[1mLinking C shared library rosidl_generator_py/rm_interface/librm_interface__rosidl_generator_py.so[0m
[5.991s] [ 90%] Built target rm_interface__rosidl_generator_py
[6.005s] [35m[1mConsolidate compiler generated dependencies of target rm_interface__rosidl_typesupport_fastrtps_c__pyext[0m
[6.005s] [35m[1mConsolidate compiler generated dependencies of target rm_interface__rosidl_typesupport_introspection_c__pyext[0m
[6.005s] [35m[1mConsolidate compiler generated dependencies of target rm_interface__rosidl_typesupport_c__pyext[0m
[6.023s] [ 92%] [32mBuilding C object CMakeFiles/rm_interface__rosidl_typesupport_introspection_c__pyext.dir/rosidl_generator_py/rm_interface/_rm_interface_s.ep.rosidl_typesupport_introspection_c.c.o[0m
[6.023s] [ 93%] [32mBuilding C object CMakeFiles/rm_interface__rosidl_typesupport_fastrtps_c__pyext.dir/rosidl_generator_py/rm_interface/_rm_interface_s.ep.rosidl_typesupport_fastrtps_c.c.o[0m
[6.025s] [ 95%] [32mBuilding C object CMakeFiles/rm_interface__rosidl_typesupport_c__pyext.dir/rosidl_generator_py/rm_interface/_rm_interface_s.ep.rosidl_typesupport_c.c.o[0m
[6.208s] [ 96%] [32m[1mLinking C shared library rosidl_generator_py/rm_interface/rm_interface_s__rosidl_typesupport_introspection_c.cpython-310-x86_64-linux-gnu.so[0m
[6.210s] [ 98%] [32m[1mLinking C shared library rosidl_generator_py/rm_interface/rm_interface_s__rosidl_typesupport_fastrtps_c.cpython-310-x86_64-linux-gnu.so[0m
[6.219s] [100%] [32m[1mLinking C shared library rosidl_generator_py/rm_interface/rm_interface_s__rosidl_typesupport_c.cpython-310-x86_64-linux-gnu.so[0m
[6.251s] [100%] Built target rm_interface__rosidl_typesupport_introspection_c__pyext
[6.252s] [100%] Built target rm_interface__rosidl_typesupport_fastrtps_c__pyext
[6.261s] [100%] Built target rm_interface__rosidl_typesupport_c__pyext
[6.277s] Invoked command in '/home/sentry-nov/code/colcon_3/build/rm_interface' returned '0': CMAKE_PREFIX_PATH=${CMAKE_PREFIX_PATH}:/opt/ros/humble /usr/bin/cmake --build /home/sentry-nov/code/colcon_3/build/rm_interface -- -j12 -l12
[6.278s] Invoking command in '/home/sentry-nov/code/colcon_3/build/rm_interface': CMAKE_PREFIX_PATH=${CMAKE_PREFIX_PATH}:/opt/ros/humble /usr/bin/cmake --install /home/sentry-nov/code/colcon_3/build/rm_interface
[6.290s] -- Install configuration: "Release"
[6.290s] -- Up-to-date: /home/sentry-nov/code/colcon_3/install/rm_interface/share/ament_index/resource_index/rosidl_interfaces/rm_interface
[6.290s] -- Up-to-date: /home/sentry-nov/code/colcon_3/install/rm_interface/include/rm_interface/rm_interface
[6.291s] -- Up-to-date: /home/sentry-nov/code/colcon_3/install/rm_interface/include/rm_interface/rm_interface/srv
[6.291s] -- Installing: /home/sentry-nov/code/colcon_3/install/rm_interface/include/rm_interface/rm_interface/srv/save_pcd.h
[6.291s] -- Installing: /home/sentry-nov/code/colcon_3/install/rm_interface/include/rm_interface/rm_interface/srv/nav_core.h
[6.291s] -- Up-to-date: /home/sentry-nov/code/colcon_3/install/rm_interface/include/rm_interface/rm_interface/srv/detail
[6.292s] -- Installing: /home/sentry-nov/code/colcon_3/install/rm_interface/include/rm_interface/rm_interface/srv/detail/nav_core__functions.h
[6.292s] -- Installing: /home/sentry-nov/code/colcon_3/install/rm_interface/include/rm_interface/rm_interface/srv/detail/set_robot_mode__type_support.h
[6.292s] -- Installing: /home/sentry-nov/code/colcon_3/install/rm_interface/include/rm_interface/rm_interface/srv/detail/nav_core__type_support.h
[6.292s] -- Installing: /home/sentry-nov/code/colcon_3/install/rm_interface/include/rm_interface/rm_interface/srv/detail/set_robot_mode__functions.c
[6.292s] -- Installing: /home/sentry-nov/code/colcon_3/install/rm_interface/include/rm_interface/rm_interface/srv/detail/nav_core__struct.h
[6.292s] -- Installing: /home/sentry-nov/code/colcon_3/install/rm_interface/include/rm_interface/rm_interface/srv/detail/set_robot_mode__functions.h
[6.292s] -- Installing: /home/sentry-nov/code/colcon_3/install/rm_interface/include/rm_interface/rm_interface/srv/detail/save_pcd__functions.h
[6.292s] -- Installing: /home/sentry-nov/code/colcon_3/install/rm_interface/include/rm_interface/rm_interface/srv/detail/nav_core__functions.c
[6.292s] -- Installing: /home/sentry-nov/code/colcon_3/install/rm_interface/include/rm_interface/rm_interface/srv/detail/set_robot_mode__struct.h
[6.293s] -- Installing: /home/sentry-nov/code/colcon_3/install/rm_interface/include/rm_interface/rm_interface/srv/detail/save_pcd__struct.h
[6.293s] -- Installing: /home/sentry-nov/code/colcon_3/install/rm_interface/include/rm_interface/rm_interface/srv/detail/save_pcd__functions.c
[6.293s] -- Installing: /home/sentry-nov/code/colcon_3/install/rm_interface/include/rm_interface/rm_interface/srv/detail/save_pcd__type_support.h
[6.293s] -- Installing: /home/sentry-nov/code/colcon_3/install/rm_interface/include/rm_interface/rm_interface/srv/set_robot_mode.h
[6.293s] -- Up-to-date: /home/sentry-nov/code/colcon_3/install/rm_interface/include/rm_interface/rm_interface/msg
[6.293s] -- Up-to-date: /home/sentry-nov/code/colcon_3/install/rm_interface/include/rm_interface/rm_interface/msg/rosidl_generator_c__visibility_control.h
[6.293s] -- Installing: /home/sentry-nov/code/colcon_3/install/rm_interface/include/rm_interface/rm_interface/msg/local_state.h
[6.293s] -- Installing: /home/sentry-nov/code/colcon_3/install/rm_interface/include/rm_interface/rm_interface/msg/command.h
[6.293s] -- Up-to-date: /home/sentry-nov/code/colcon_3/install/rm_interface/include/rm_interface/rm_interface/msg/detail
[6.293s] -- Installing: /home/sentry-nov/code/colcon_3/install/rm_interface/include/rm_interface/rm_interface/msg/detail/local_state__type_support.h
[6.294s] -- Installing: /home/sentry-nov/code/colcon_3/install/rm_interface/include/rm_interface/rm_interface/msg/detail/command__functions.h
[6.294s] -- Installing: /home/sentry-nov/code/colcon_3/install/rm_interface/include/rm_interface/rm_interface/msg/detail/command__type_support.h
[6.294s] -- Installing: /home/sentry-nov/code/colcon_3/install/rm_interface/include/rm_interface/rm_interface/msg/detail/command__functions.c
[6.294s] -- Installing: /home/sentry-nov/code/colcon_3/install/rm_interface/include/rm_interface/rm_interface/msg/detail/local_state__functions.h
[6.294s] -- Installing: /home/sentry-nov/code/colcon_3/install/rm_interface/include/rm_interface/rm_interface/msg/detail/local_state__struct.h
[6.294s] -- Installing: /home/sentry-nov/code/colcon_3/install/rm_interface/include/rm_interface/rm_interface/msg/detail/command__struct.h
[6.294s] -- Installing: /home/sentry-nov/code/colcon_3/install/rm_interface/include/rm_interface/rm_interface/msg/detail/local_state__functions.c
[6.294s] -- Up-to-date: /home/sentry-nov/code/colcon_3/install/rm_interface/share/rm_interface/environment/library_path.sh
[6.294s] -- Installing: /home/sentry-nov/code/colcon_3/install/rm_interface/share/rm_interface/environment/library_path.dsv
[6.296s] -- Installing: /home/sentry-nov/code/colcon_3/install/rm_interface/lib/librm_interface__rosidl_generator_c.so
[6.296s] -- Set runtime path of "/home/sentry-nov/code/colcon_3/install/rm_interface/lib/librm_interface__rosidl_generator_c.so" to ""
[6.296s] -- Up-to-date: /home/sentry-nov/code/colcon_3/install/rm_interface/include/rm_interface/rm_interface
[6.296s] -- Up-to-date: /home/sentry-nov/code/colcon_3/install/rm_interface/include/rm_interface/rm_interface/srv
[6.297s] -- Up-to-date: /home/sentry-nov/code/colcon_3/install/rm_interface/include/rm_interface/rm_interface/srv/detail
[6.297s] -- Installing: /home/sentry-nov/code/colcon_3/install/rm_interface/include/rm_interface/rm_interface/srv/detail/nav_core__rosidl_typesupport_fastrtps_c.h
[6.297s] -- Installing: /home/sentry-nov/code/colcon_3/install/rm_interface/include/rm_interface/rm_interface/srv/detail/save_pcd__rosidl_typesupport_fastrtps_c.h
[6.297s] -- Installing: /home/sentry-nov/code/colcon_3/install/rm_interface/include/rm_interface/rm_interface/srv/detail/set_robot_mode__rosidl_typesupport_fastrtps_c.h
[6.297s] -- Up-to-date: /home/sentry-nov/code/colcon_3/install/rm_interface/include/rm_interface/rm_interface/msg
[6.297s] -- Up-to-date: /home/sentry-nov/code/colcon_3/install/rm_interface/include/rm_interface/rm_interface/msg/detail
[6.297s] -- Installing: /home/sentry-nov/code/colcon_3/install/rm_interface/include/rm_interface/rm_interface/msg/detail/command__rosidl_typesupport_fastrtps_c.h
[6.297s] -- Installing: /home/sentry-nov/code/colcon_3/install/rm_interface/include/rm_interface/rm_interface/msg/detail/local_state__rosidl_typesupport_fastrtps_c.h
[6.297s] -- Up-to-date: /home/sentry-nov/code/colcon_3/install/rm_interface/include/rm_interface/rm_interface/msg/rosidl_typesupport_fastrtps_c__visibility_control.h
[6.298s] -- Installing: /home/sentry-nov/code/colcon_3/install/rm_interface/lib/librm_interface__rosidl_typesupport_fastrtps_c.so
[6.299s] -- Set runtime path of "/home/sentry-nov/code/colcon_3/install/rm_interface/lib/librm_interface__rosidl_typesupport_fastrtps_c.so" to ""
[6.299s] -- Up-to-date: /home/sentry-nov/code/colcon_3/install/rm_interface/include/rm_interface/rm_interface
[6.299s] -- Up-to-date: /home/sentry-nov/code/colcon_3/install/rm_interface/include/rm_interface/rm_interface/srv
[6.299s] -- Installing: /home/sentry-nov/code/colcon_3/install/rm_interface/include/rm_interface/rm_interface/srv/set_robot_mode.hpp
[6.299s] -- Up-to-date: /home/sentry-nov/code/colcon_3/install/rm_interface/include/rm_interface/rm_interface/srv/detail
[6.299s] -- Installing: /home/sentry-nov/code/colcon_3/install/rm_interface/include/rm_interface/rm_interface/srv/detail/set_robot_mode__builder.hpp
[6.300s] -- Installing: /home/sentry-nov/code/colcon_3/install/rm_interface/include/rm_interface/rm_interface/srv/detail/save_pcd__traits.hpp
[6.300s] -- Installing: /home/sentry-nov/code/colcon_3/install/rm_interface/include/rm_interface/rm_interface/srv/detail/save_pcd__struct.hpp
[6.300s] -- Installing: /home/sentry-nov/code/colcon_3/install/rm_interface/include/rm_interface/rm_interface/srv/detail/save_pcd__builder.hpp
[6.300s] -- Installing: /home/sentry-nov/code/colcon_3/install/rm_interface/include/rm_interface/rm_interface/srv/detail/save_pcd__type_support.hpp
[6.300s] -- Installing: /home/sentry-nov/code/colcon_3/install/rm_interface/include/rm_interface/rm_interface/srv/detail/nav_core__type_support.hpp
[6.300s] -- Installing: /home/sentry-nov/code/colcon_3/install/rm_interface/include/rm_interface/rm_interface/srv/detail/nav_core__builder.hpp
[6.300s] -- Installing: /home/sentry-nov/code/colcon_3/install/rm_interface/include/rm_interface/rm_interface/srv/detail/nav_core__traits.hpp
[6.301s] -- Installing: /home/sentry-nov/code/colcon_3/install/rm_interface/include/rm_interface/rm_interface/srv/detail/set_robot_mode__type_support.hpp
[6.301s] -- Installing: /home/sentry-nov/code/colcon_3/install/rm_interface/include/rm_interface/rm_interface/srv/detail/set_robot_mode__struct.hpp
[6.301s] -- Installing: /home/sentry-nov/code/colcon_3/install/rm_interface/include/rm_interface/rm_interface/srv/detail/nav_core__struct.hpp
[6.301s] -- Installing: /home/sentry-nov/code/colcon_3/install/rm_interface/include/rm_interface/rm_interface/srv/detail/set_robot_mode__traits.hpp
[6.301s] -- Installing: /home/sentry-nov/code/colcon_3/install/rm_interface/include/rm_interface/rm_interface/srv/nav_core.hpp
[6.301s] -- Installing: /home/sentry-nov/code/colcon_3/install/rm_interface/include/rm_interface/rm_interface/srv/save_pcd.hpp
[6.302s] -- Up-to-date: /home/sentry-nov/code/colcon_3/install/rm_interface/include/rm_interface/rm_interface/msg
[6.302s] -- Up-to-date: /home/sentry-nov/code/colcon_3/install/rm_interface/include/rm_interface/rm_interface/msg/detail
[6.302s] -- Installing: /home/sentry-nov/code/colcon_3/install/rm_interface/include/rm_interface/rm_interface/msg/detail/command__struct.hpp
[6.302s] -- Installing: /home/sentry-nov/code/colcon_3/install/rm_interface/include/rm_interface/rm_interface/msg/detail/command__traits.hpp
[6.302s] -- Installing: /home/sentry-nov/code/colcon_3/install/rm_interface/include/rm_interface/rm_interface/msg/detail/command__type_support.hpp
[6.302s] -- Installing: /home/sentry-nov/code/colcon_3/install/rm_interface/include/rm_interface/rm_interface/msg/detail/local_state__struct.hpp
[6.302s] -- Installing: /home/sentry-nov/code/colcon_3/install/rm_interface/include/rm_interface/rm_interface/msg/detail/local_state__traits.hpp
[6.302s] -- Installing: /home/sentry-nov/code/colcon_3/install/rm_interface/include/rm_interface/rm_interface/msg/detail/command__builder.hpp
[6.302s] -- Installing: /home/sentry-nov/code/colcon_3/install/rm_interface/include/rm_interface/rm_interface/msg/detail/local_state__type_support.hpp
[6.303s] -- Installing: /home/sentry-nov/code/colcon_3/install/rm_interface/include/rm_interface/rm_interface/msg/detail/local_state__builder.hpp
[6.303s] -- Up-to-date: /home/sentry-nov/code/colcon_3/install/rm_interface/include/rm_interface/rm_interface/msg/rosidl_generator_cpp__visibility_control.hpp
[6.303s] -- Installing: /home/sentry-nov/code/colcon_3/install/rm_interface/include/rm_interface/rm_interface/msg/local_state.hpp
[6.303s] -- Installing: /home/sentry-nov/code/colcon_3/install/rm_interface/include/rm_interface/rm_interface/msg/command.hpp
[6.303s] -- Up-to-date: /home/sentry-nov/code/colcon_3/install/rm_interface/include/rm_interface/rm_interface
[6.303s] -- Up-to-date: /home/sentry-nov/code/colcon_3/install/rm_interface/include/rm_interface/rm_interface/srv
[6.303s] -- Up-to-date: /home/sentry-nov/code/colcon_3/install/rm_interface/include/rm_interface/rm_interface/srv/detail
[6.303s] -- Installing: /home/sentry-nov/code/colcon_3/install/rm_interface/include/rm_interface/rm_interface/srv/detail/nav_core__rosidl_typesupport_fastrtps_cpp.hpp
[6.304s] -- Installing: /home/sentry-nov/code/colcon_3/install/rm_interface/include/rm_interface/rm_interface/srv/detail/set_robot_mode__rosidl_typesupport_fastrtps_cpp.hpp
[6.304s] -- Up-to-date: /home/sentry-nov/code/colcon_3/install/rm_interface/include/rm_interface/rm_interface/srv/detail/dds_fastrtps
[6.304s] -- Installing: /home/sentry-nov/code/colcon_3/install/rm_interface/include/rm_interface/rm_interface/srv/detail/save_pcd__rosidl_typesupport_fastrtps_cpp.hpp
[6.304s] -- Up-to-date: /home/sentry-nov/code/colcon_3/install/rm_interface/include/rm_interface/rm_interface/msg
[6.304s] -- Up-to-date: /home/sentry-nov/code/colcon_3/install/rm_interface/include/rm_interface/rm_interface/msg/detail
[6.304s] -- Installing: /home/sentry-nov/code/colcon_3/install/rm_interface/include/rm_interface/rm_interface/msg/detail/local_state__rosidl_typesupport_fastrtps_cpp.hpp
[6.304s] -- Up-to-date: /home/sentry-nov/code/colcon_3/install/rm_interface/include/rm_interface/rm_interface/msg/detail/dds_fastrtps
[6.304s] -- Installing: /home/sentry-nov/code/colcon_3/install/rm_interface/include/rm_interface/rm_interface/msg/detail/command__rosidl_typesupport_fastrtps_cpp.hpp
[6.304s] -- Up-to-date: /home/sentry-nov/code/colcon_3/install/rm_interface/include/rm_interface/rm_interface/msg/rosidl_typesupport_fastrtps_cpp__visibility_control.h
[6.306s] -- Installing: /home/sentry-nov/code/colcon_3/install/rm_interface/lib/librm_interface__rosidl_typesupport_fastrtps_cpp.so
[6.306s] -- Set runtime path of "/home/sentry-nov/code/colcon_3/install/rm_interface/lib/librm_interface__rosidl_typesupport_fastrtps_cpp.so" to ""
[6.306s] -- Up-to-date: /home/sentry-nov/code/colcon_3/install/rm_interface/include/rm_interface/rm_interface
[6.306s] -- Up-to-date: /home/sentry-nov/code/colcon_3/install/rm_interface/include/rm_interface/rm_interface/srv
[6.306s] -- Up-to-date: /home/sentry-nov/code/colcon_3/install/rm_interface/include/rm_interface/rm_interface/srv/detail
[6.306s] -- Installing: /home/sentry-nov/code/colcon_3/install/rm_interface/include/rm_interface/rm_interface/srv/detail/nav_core__rosidl_typesupport_introspection_c.h
[6.307s] -- Installing: /home/sentry-nov/code/colcon_3/install/rm_interface/include/rm_interface/rm_interface/srv/detail/set_robot_mode__type_support.c
[6.307s] -- Installing: /home/sentry-nov/code/colcon_3/install/rm_interface/include/rm_interface/rm_interface/srv/detail/save_pcd__type_support.c
[6.307s] -- Installing: /home/sentry-nov/code/colcon_3/install/rm_interface/include/rm_interface/rm_interface/srv/detail/set_robot_mode__rosidl_typesupport_introspection_c.h
[6.307s] -- Installing: /home/sentry-nov/code/colcon_3/install/rm_interface/include/rm_interface/rm_interface/srv/detail/nav_core__type_support.c
[6.307s] -- Installing: /home/sentry-nov/code/colcon_3/install/rm_interface/include/rm_interface/rm_interface/srv/detail/save_pcd__rosidl_typesupport_introspection_c.h
[6.308s] -- Up-to-date: /home/sentry-nov/code/colcon_3/install/rm_interface/include/rm_interface/rm_interface/msg
[6.308s] -- Up-to-date: /home/sentry-nov/code/colcon_3/install/rm_interface/include/rm_interface/rm_interface/msg/detail
[6.308s] -- Installing: /home/sentry-nov/code/colcon_3/install/rm_interface/include/rm_interface/rm_interface/msg/detail/command__rosidl_typesupport_introspection_c.h
[6.308s] -- Installing: /home/sentry-nov/code/colcon_3/install/rm_interface/include/rm_interface/rm_interface/msg/detail/local_state__rosidl_typesupport_introspection_c.h
[6.308s] -- Installing: /home/sentry-nov/code/colcon_3/install/rm_interface/include/rm_interface/rm_interface/msg/detail/command__type_support.c
[6.308s] -- Installing: /home/sentry-nov/code/colcon_3/install/rm_interface/include/rm_interface/rm_interface/msg/detail/local_state__type_support.c
[6.308s] -- Up-to-date: /home/sentry-nov/code/colcon_3/install/rm_interface/include/rm_interface/rm_interface/msg/rosidl_typesupport_introspection_c__visibility_control.h
[6.309s] -- Installing: /home/sentry-nov/code/colcon_3/install/rm_interface/lib/librm_interface__rosidl_typesupport_introspection_c.so
[6.310s] -- Set runtime path of "/home/sentry-nov/code/colcon_3/install/rm_interface/lib/librm_interface__rosidl_typesupport_introspection_c.so" to ""
[6.313s] -- Installing: /home/sentry-nov/code/colcon_3/install/rm_interface/lib/librm_interface__rosidl_typesupport_c.so
[6.314s] -- Set runtime path of "/home/sentry-nov/code/colcon_3/install/rm_interface/lib/librm_interface__rosidl_typesupport_c.so" to ""
[6.315s] -- Up-to-date: /home/sentry-nov/code/colcon_3/install/rm_interface/include/rm_interface/rm_interface
[6.315s] -- Up-to-date: /home/sentry-nov/code/colcon_3/install/rm_interface/include/rm_interface/rm_interface/srv
[6.315s] -- Up-to-date: /home/sentry-nov/code/colcon_3/install/rm_interface/include/rm_interface/rm_interface/srv/detail
[6.315s] -- Installing: /home/sentry-nov/code/colcon_3/install/rm_interface/include/rm_interface/rm_interface/srv/detail/set_robot_mode__type_support.cpp
[6.315s] -- Installing: /home/sentry-nov/code/colcon_3/install/rm_interface/include/rm_interface/rm_interface/srv/detail/save_pcd__rosidl_typesupport_introspection_cpp.hpp
[6.315s] -- Installing: /home/sentry-nov/code/colcon_3/install/rm_interface/include/rm_interface/rm_interface/srv/detail/save_pcd__type_support.cpp
[6.315s] -- Installing: /home/sentry-nov/code/colcon_3/install/rm_interface/include/rm_interface/rm_interface/srv/detail/set_robot_mode__rosidl_typesupport_introspection_cpp.hpp
[6.316s] -- Installing: /home/sentry-nov/code/colcon_3/install/rm_interface/include/rm_interface/rm_interface/srv/detail/nav_core__rosidl_typesupport_introspection_cpp.hpp
[6.316s] -- Installing: /home/sentry-nov/code/colcon_3/install/rm_interface/include/rm_interface/rm_interface/srv/detail/nav_core__type_support.cpp
[6.316s] -- Up-to-date: /home/sentry-nov/code/colcon_3/install/rm_interface/include/rm_interface/rm_interface/msg
[6.316s] -- Up-to-date: /home/sentry-nov/code/colcon_3/install/rm_interface/include/rm_interface/rm_interface/msg/detail
[6.316s] -- Installing: /home/sentry-nov/code/colcon_3/install/rm_interface/include/rm_interface/rm_interface/msg/detail/command__type_support.cpp
[6.316s] -- Installing: /home/sentry-nov/code/colcon_3/install/rm_interface/include/rm_interface/rm_interface/msg/detail/local_state__rosidl_typesupport_introspection_cpp.hpp
[6.316s] -- Installing: /home/sentry-nov/code/colcon_3/install/rm_interface/include/rm_interface/rm_interface/msg/detail/command__rosidl_typesupport_introspection_cpp.hpp
[6.316s] -- Installing: /home/sentry-nov/code/colcon_3/install/rm_interface/include/rm_interface/rm_interface/msg/detail/local_state__type_support.cpp
[6.318s] -- Installing: /home/sentry-nov/code/colcon_3/install/rm_interface/lib/librm_interface__rosidl_typesupport_introspection_cpp.so
[6.318s] -- Set runtime path of "/home/sentry-nov/code/colcon_3/install/rm_interface/lib/librm_interface__rosidl_typesupport_introspection_cpp.so" to ""
[6.320s] -- Installing: /home/sentry-nov/code/colcon_3/install/rm_interface/lib/librm_interface__rosidl_typesupport_cpp.so
[6.320s] -- Set runtime path of "/home/sentry-nov/code/colcon_3/install/rm_interface/lib/librm_interface__rosidl_typesupport_cpp.so" to ""
[6.320s] -- Up-to-date: /home/sentry-nov/code/colcon_3/install/rm_interface/share/rm_interface/environment/pythonpath.sh
[6.320s] -- Installing: /home/sentry-nov/code/colcon_3/install/rm_interface/share/rm_interface/environment/pythonpath.dsv
[6.320s] -- Up-to-date: /home/sentry-nov/code/colcon_3/install/rm_interface/local/lib/python3.10/dist-packages/rm_interface-0.0.0-py3.10.egg-info
[6.320s] -- Installing: /home/sentry-nov/code/colcon_3/install/rm_interface/local/lib/python3.10/dist-packages/rm_interface-0.0.0-py3.10.egg-info/top_level.txt
[6.320s] -- Installing: /home/sentry-nov/code/colcon_3/install/rm_interface/local/lib/python3.10/dist-packages/rm_interface-0.0.0-py3.10.egg-info/dependency_links.txt
[6.320s] -- Installing: /home/sentry-nov/code/colcon_3/install/rm_interface/local/lib/python3.10/dist-packages/rm_interface-0.0.0-py3.10.egg-info/PKG-INFO
[6.321s] -- Installing: /home/sentry-nov/code/colcon_3/install/rm_interface/local/lib/python3.10/dist-packages/rm_interface-0.0.0-py3.10.egg-info/SOURCES.txt
[6.321s] -- Up-to-date: /home/sentry-nov/code/colcon_3/install/rm_interface/local/lib/python3.10/dist-packages/rm_interface
[6.321s] -- Installing: /home/sentry-nov/code/colcon_3/install/rm_interface/local/lib/python3.10/dist-packages/rm_interface/rm_interface_s__rosidl_typesupport_introspection_c.cpython-310-x86_64-linux-gnu.so
[6.321s] -- Up-to-date: /home/sentry-nov/code/colcon_3/install/rm_interface/local/lib/python3.10/dist-packages/rm_interface/srv
[6.321s] -- Installing: /home/sentry-nov/code/colcon_3/install/rm_interface/local/lib/python3.10/dist-packages/rm_interface/srv/_nav_core_s.c
[6.321s] -- Installing: /home/sentry-nov/code/colcon_3/install/rm_interface/local/lib/python3.10/dist-packages/rm_interface/srv/_set_robot_mode_s.c
[6.321s] -- Installing: /home/sentry-nov/code/colcon_3/install/rm_interface/local/lib/python3.10/dist-packages/rm_interface/srv/_nav_core.py
[6.322s] -- Installing: /home/sentry-nov/code/colcon_3/install/rm_interface/local/lib/python3.10/dist-packages/rm_interface/srv/_save_pcd.py
[6.322s] -- Installing: /home/sentry-nov/code/colcon_3/install/rm_interface/local/lib/python3.10/dist-packages/rm_interface/srv/_set_robot_mode.py
[6.322s] -- Installing: /home/sentry-nov/code/colcon_3/install/rm_interface/local/lib/python3.10/dist-packages/rm_interface/srv/_save_pcd_s.c
[6.322s] -- Installing: /home/sentry-nov/code/colcon_3/install/rm_interface/local/lib/python3.10/dist-packages/rm_interface/srv/__init__.py
[6.322s] -- Installing: /home/sentry-nov/code/colcon_3/install/rm_interface/local/lib/python3.10/dist-packages/rm_interface/rm_interface_s__rosidl_typesupport_c.cpython-310-x86_64-linux-gnu.so
[6.322s] -- Installing: /home/sentry-nov/code/colcon_3/install/rm_interface/local/lib/python3.10/dist-packages/rm_interface/_rm_interface_s.ep.rosidl_typesupport_c.c
[6.323s] -- Installing: /home/sentry-nov/code/colcon_3/install/rm_interface/local/lib/python3.10/dist-packages/rm_interface/_rm_interface_s.ep.rosidl_typesupport_fastrtps_c.c
[6.323s] -- Installing: /home/sentry-nov/code/colcon_3/install/rm_interface/local/lib/python3.10/dist-packages/rm_interface/rm_interface_s__rosidl_typesupport_fastrtps_c.cpython-310-x86_64-linux-gnu.so
[6.323s] -- Installing: /home/sentry-nov/code/colcon_3/install/rm_interface/local/lib/python3.10/dist-packages/rm_interface/__init__.py
[6.323s] -- Up-to-date: /home/sentry-nov/code/colcon_3/install/rm_interface/local/lib/python3.10/dist-packages/rm_interface/msg
[6.323s] -- Installing: /home/sentry-nov/code/colcon_3/install/rm_interface/local/lib/python3.10/dist-packages/rm_interface/msg/_local_state.py
[6.323s] -- Installing: /home/sentry-nov/code/colcon_3/install/rm_interface/local/lib/python3.10/dist-packages/rm_interface/msg/_local_state_s.c
[6.324s] -- Installing: /home/sentry-nov/code/colcon_3/install/rm_interface/local/lib/python3.10/dist-packages/rm_interface/msg/_command.py
[6.324s] -- Installing: /home/sentry-nov/code/colcon_3/install/rm_interface/local/lib/python3.10/dist-packages/rm_interface/msg/__init__.py
[6.324s] -- Installing: /home/sentry-nov/code/colcon_3/install/rm_interface/local/lib/python3.10/dist-packages/rm_interface/msg/_command_s.c
[6.324s] -- Installing: /home/sentry-nov/code/colcon_3/install/rm_interface/local/lib/python3.10/dist-packages/rm_interface/librm_interface__rosidl_generator_py.so
[6.324s] -- Installing: /home/sentry-nov/code/colcon_3/install/rm_interface/local/lib/python3.10/dist-packages/rm_interface/_rm_interface_s.ep.rosidl_typesupport_introspection_c.c
[6.370s] Listing '/home/sentry-nov/code/colcon_3/install/rm_interface/local/lib/python3.10/dist-packages/rm_interface'...
[6.370s] Compiling '/home/sentry-nov/code/colcon_3/install/rm_interface/local/lib/python3.10/dist-packages/rm_interface/__init__.py'...
[6.371s] Listing '/home/sentry-nov/code/colcon_3/install/rm_interface/local/lib/python3.10/dist-packages/rm_interface/msg'...
[6.371s] Compiling '/home/sentry-nov/code/colcon_3/install/rm_interface/local/lib/python3.10/dist-packages/rm_interface/msg/__init__.py'...
[6.371s] Compiling '/home/sentry-nov/code/colcon_3/install/rm_interface/local/lib/python3.10/dist-packages/rm_interface/msg/_command.py'...
[6.371s] Compiling '/home/sentry-nov/code/colcon_3/install/rm_interface/local/lib/python3.10/dist-packages/rm_interface/msg/_local_state.py'...
[6.371s] Listing '/home/sentry-nov/code/colcon_3/install/rm_interface/local/lib/python3.10/dist-packages/rm_interface/srv'...
[6.371s] Compiling '/home/sentry-nov/code/colcon_3/install/rm_interface/local/lib/python3.10/dist-packages/rm_interface/srv/__init__.py'...
[6.371s] Compiling '/home/sentry-nov/code/colcon_3/install/rm_interface/local/lib/python3.10/dist-packages/rm_interface/srv/_nav_core.py'...
[6.371s] Compiling '/home/sentry-nov/code/colcon_3/install/rm_interface/local/lib/python3.10/dist-packages/rm_interface/srv/_save_pcd.py'...
[6.371s] Compiling '/home/sentry-nov/code/colcon_3/install/rm_interface/local/lib/python3.10/dist-packages/rm_interface/srv/_set_robot_mode.py'...
[6.377s] -- Installing: /home/sentry-nov/code/colcon_3/install/rm_interface/local/lib/python3.10/dist-packages/rm_interface/rm_interface_s__rosidl_typesupport_fastrtps_c.cpython-310-x86_64-linux-gnu.so
[6.378s] -- Set runtime path of "/home/sentry-nov/code/colcon_3/install/rm_interface/local/lib/python3.10/dist-packages/rm_interface/rm_interface_s__rosidl_typesupport_fastrtps_c.cpython-310-x86_64-linux-gnu.so" to ""
[6.378s] -- Installing: /home/sentry-nov/code/colcon_3/install/rm_interface/local/lib/python3.10/dist-packages/rm_interface/rm_interface_s__rosidl_typesupport_introspection_c.cpython-310-x86_64-linux-gnu.so
[6.379s] -- Set runtime path of "/home/sentry-nov/code/colcon_3/install/rm_interface/local/lib/python3.10/dist-packages/rm_interface/rm_interface_s__rosidl_typesupport_introspection_c.cpython-310-x86_64-linux-gnu.so" to ""
[6.379s] -- Installing: /home/sentry-nov/code/colcon_3/install/rm_interface/local/lib/python3.10/dist-packages/rm_interface/rm_interface_s__rosidl_typesupport_c.cpython-310-x86_64-linux-gnu.so
[6.379s] -- Set runtime path of "/home/sentry-nov/code/colcon_3/install/rm_interface/local/lib/python3.10/dist-packages/rm_interface/rm_interface_s__rosidl_typesupport_c.cpython-310-x86_64-linux-gnu.so" to ""
[6.380s] -- Installing: /home/sentry-nov/code/colcon_3/install/rm_interface/lib/librm_interface__rosidl_generator_py.so
[6.381s] -- Set runtime path of "/home/sentry-nov/code/colcon_3/install/rm_interface/lib/librm_interface__rosidl_generator_py.so" to ""
[6.381s] -- Up-to-date: /home/sentry-nov/code/colcon_3/install/rm_interface/share/rm_interface/srv/SavePCD.idl
[6.381s] -- Up-to-date: /home/sentry-nov/code/colcon_3/install/rm_interface/share/rm_interface/srv/NavCore.idl
[6.381s] -- Installing: /home/sentry-nov/code/colcon_3/install/rm_interface/share/rm_interface/srv/SetRobotMode.idl
[6.381s] -- Installing: /home/sentry-nov/code/colcon_3/install/rm_interface/share/rm_interface/msg/Command.idl
[6.382s] -- Up-to-date: /home/sentry-nov/code/colcon_3/install/rm_interface/share/rm_interface/msg/LocalState.idl
[6.382s] -- Up-to-date: /home/sentry-nov/code/colcon_3/install/rm_interface/share/rm_interface/srv/SavePCD.srv
[6.382s] -- Up-to-date: /home/sentry-nov/code/colcon_3/install/rm_interface/share/rm_interface/srv/SavePCD_Request.msg
[6.382s] -- Up-to-date: /home/sentry-nov/code/colcon_3/install/rm_interface/share/rm_interface/srv/SavePCD_Response.msg
[6.382s] -- Up-to-date: /home/sentry-nov/code/colcon_3/install/rm_interface/share/rm_interface/srv/NavCore.srv
[6.382s] -- Up-to-date: /home/sentry-nov/code/colcon_3/install/rm_interface/share/rm_interface/srv/NavCore_Request.msg
[6.382s] -- Up-to-date: /home/sentry-nov/code/colcon_3/install/rm_interface/share/rm_interface/srv/NavCore_Response.msg
[6.382s] -- Installing: /home/sentry-nov/code/colcon_3/install/rm_interface/share/rm_interface/srv/SetRobotMode.srv
[6.382s] -- Installing: /home/sentry-nov/code/colcon_3/install/rm_interface/share/rm_interface/srv/SetRobotMode_Request.msg
[6.382s] -- Up-to-date: /home/sentry-nov/code/colcon_3/install/rm_interface/share/rm_interface/srv/SetRobotMode_Response.msg
[6.383s] -- Installing: /home/sentry-nov/code/colcon_3/install/rm_interface/share/rm_interface/msg/Command.msg
[6.383s] -- Up-to-date: /home/sentry-nov/code/colcon_3/install/rm_interface/share/rm_interface/msg/LocalState.msg
[6.383s] -- Up-to-date: /home/sentry-nov/code/colcon_3/install/rm_interface/share/ament_index/resource_index/package_run_dependencies/rm_interface
[6.383s] -- Up-to-date: /home/sentry-nov/code/colcon_3/install/rm_interface/share/ament_index/resource_index/parent_prefix_path/rm_interface
[6.383s] -- Up-to-date: /home/sentry-nov/code/colcon_3/install/rm_interface/share/rm_interface/environment/ament_prefix_path.sh
[6.383s] -- Installing: /home/sentry-nov/code/colcon_3/install/rm_interface/share/rm_interface/environment/ament_prefix_path.dsv
[6.383s] -- Up-to-date: /home/sentry-nov/code/colcon_3/install/rm_interface/share/rm_interface/environment/path.sh
[6.383s] -- Installing: /home/sentry-nov/code/colcon_3/install/rm_interface/share/rm_interface/environment/path.dsv
[6.383s] -- Up-to-date: /home/sentry-nov/code/colcon_3/install/rm_interface/share/rm_interface/local_setup.bash
[6.383s] -- Up-to-date: /home/sentry-nov/code/colcon_3/install/rm_interface/share/rm_interface/local_setup.sh
[6.383s] -- Up-to-date: /home/sentry-nov/code/colcon_3/install/rm_interface/share/rm_interface/local_setup.zsh
[6.383s] -- Installing: /home/sentry-nov/code/colcon_3/install/rm_interface/share/rm_interface/local_setup.dsv
[6.384s] -- Installing: /home/sentry-nov/code/colcon_3/install/rm_interface/share/rm_interface/package.dsv
[6.384s] -- Up-to-date: /home/sentry-nov/code/colcon_3/install/rm_interface/share/ament_index/resource_index/packages/rm_interface
[6.384s] -- Up-to-date: /home/sentry-nov/code/colcon_3/install/rm_interface/share/rm_interface/cmake/export_rm_interface__rosidl_generator_cExport.cmake
[6.384s] -- Up-to-date: /home/sentry-nov/code/colcon_3/install/rm_interface/share/rm_interface/cmake/export_rm_interface__rosidl_generator_cExport-release.cmake
[6.385s] -- Up-to-date: /home/sentry-nov/code/colcon_3/install/rm_interface/share/rm_interface/cmake/export_rm_interface__rosidl_typesupport_fastrtps_cExport.cmake
[6.385s] -- Up-to-date: /home/sentry-nov/code/colcon_3/install/rm_interface/share/rm_interface/cmake/export_rm_interface__rosidl_typesupport_fastrtps_cExport-release.cmake
[6.385s] -- Up-to-date: /home/sentry-nov/code/colcon_3/install/rm_interface/share/rm_interface/cmake/export_rm_interface__rosidl_generator_cppExport.cmake
[6.386s] -- Up-to-date: /home/sentry-nov/code/colcon_3/install/rm_interface/share/rm_interface/cmake/export_rm_interface__rosidl_typesupport_fastrtps_cppExport.cmake
[6.386s] -- Up-to-date: /home/sentry-nov/code/colcon_3/install/rm_interface/share/rm_interface/cmake/export_rm_interface__rosidl_typesupport_fastrtps_cppExport-release.cmake
[6.387s] -- Up-to-date: /home/sentry-nov/code/colcon_3/install/rm_interface/share/rm_interface/cmake/rm_interface__rosidl_typesupport_introspection_cExport.cmake
[6.387s] -- Up-to-date: /home/sentry-nov/code/colcon_3/install/rm_interface/share/rm_interface/cmake/rm_interface__rosidl_typesupport_introspection_cExport-release.cmake
[6.387s] -- Up-to-date: /home/sentry-nov/code/colcon_3/install/rm_interface/share/rm_interface/cmake/rm_interface__rosidl_typesupport_cExport.cmake
[6.387s] -- Up-to-date: /home/sentry-nov/code/colcon_3/install/rm_interface/share/rm_interface/cmake/rm_interface__rosidl_typesupport_cExport-release.cmake
[6.388s] -- Up-to-date: /home/sentry-nov/code/colcon_3/install/rm_interface/share/rm_interface/cmake/rm_interface__rosidl_typesupport_introspection_cppExport.cmake
[6.388s] -- Up-to-date: /home/sentry-nov/code/colcon_3/install/rm_interface/share/rm_interface/cmake/rm_interface__rosidl_typesupport_introspection_cppExport-release.cmake
[6.388s] -- Up-to-date: /home/sentry-nov/code/colcon_3/install/rm_interface/share/rm_interface/cmake/rm_interface__rosidl_typesupport_cppExport.cmake
[6.388s] -- Up-to-date: /home/sentry-nov/code/colcon_3/install/rm_interface/share/rm_interface/cmake/rm_interface__rosidl_typesupport_cppExport-release.cmake
[6.389s] -- Up-to-date: /home/sentry-nov/code/colcon_3/install/rm_interface/share/rm_interface/cmake/export_rm_interface__rosidl_generator_pyExport.cmake
[6.389s] -- Up-to-date: /home/sentry-nov/code/colcon_3/install/rm_interface/share/rm_interface/cmake/export_rm_interface__rosidl_generator_pyExport-release.cmake
[6.389s] -- Up-to-date: /home/sentry-nov/code/colcon_3/install/rm_interface/share/rm_interface/cmake/rosidl_cmake-extras.cmake
[6.389s] -- Up-to-date: /home/sentry-nov/code/colcon_3/install/rm_interface/share/rm_interface/cmake/ament_cmake_export_include_directories-extras.cmake
[6.389s] -- Up-to-date: /home/sentry-nov/code/colcon_3/install/rm_interface/share/rm_interface/cmake/ament_cmake_export_libraries-extras.cmake
[6.389s] -- Up-to-date: /home/sentry-nov/code/colcon_3/install/rm_interface/share/rm_interface/cmake/ament_cmake_export_targets-extras.cmake
[6.389s] -- Up-to-date: /home/sentry-nov/code/colcon_3/install/rm_interface/share/rm_interface/cmake/rosidl_cmake_export_typesupport_targets-extras.cmake
[6.390s] -- Up-to-date: /home/sentry-nov/code/colcon_3/install/rm_interface/share/rm_interface/cmake/ament_cmake_export_dependencies-extras.cmake
[6.390s] -- Up-to-date: /home/sentry-nov/code/colcon_3/install/rm_interface/share/rm_interface/cmake/rosidl_cmake_export_typesupport_libraries-extras.cmake
[6.390s] -- Up-to-date: /home/sentry-nov/code/colcon_3/install/rm_interface/share/rm_interface/cmake/rm_interfaceConfig.cmake
[6.390s] -- Up-to-date: /home/sentry-nov/code/colcon_3/install/rm_interface/share/rm_interface/cmake/rm_interfaceConfig-version.cmake
[6.390s] -- Up-to-date: /home/sentry-nov/code/colcon_3/install/rm_interface/share/rm_interface/package.xml
[6.393s] Invoked command in '/home/sentry-nov/code/colcon_3/build/rm_interface' returned '0': CMAKE_PREFIX_PATH=${CMAKE_PREFIX_PATH}:/opt/ros/humble /usr/bin/cmake --install /home/sentry-nov/code/colcon_3/build/rm_interface
