[0.026s] Invoking command in '/home/sentry-nov/code/colcon_3/build/fast_lio': CMAKE_PREFIX_PATH=/home/sentry-nov/code/colcon_3/install/livox_ros_driver2:/home/sentry-nov/code/colcon_3/install/debug_tools:/home/sentry-nov/code/colcon_3/install/path_planning:/home/sentry-nov/code/colcon_3/install/z_related_map:/home/sentry-nov/code/colcon_3/install/tilted_lidar:/home/sentry-nov/code/colcon_3/install/rm_serial:/home/sentry-nov/code/colcon_3/install/motion_planning:/home/sentry-nov/code/colcon_3/install/ikd_tree_mapping:/home/sentry-nov/code/colcon_3/install/rm_interface:/home/sentry-nov/code/colcon_3/install/point_lio:/home/sentry-nov/code/colcon_3/install/m_detector:/home/sentry-nov/code/colcon_3/install/fast_lio:/home/sentry-nov/code/colcon_3/install/icp_relocalization:/home/sentry-nov/code/colcon_3/install/auto_start:/opt/ros/humble LD_LIBRARY_PATH=/home/sentry-nov/code/colcon_3/install/livox_ros_driver2/lib:/home/sentry-nov/code/colcon_3/install/z_related_map/lib:/home/sentry-nov/code/colcon_3/install/rm_interface/lib:/home/sentry-nov/code/colcon_3/install/m_detector/lib:/home/sentry-nov/code/colcon_3/install/fast_lio/lib:/usr/local/lib:/opt/ros/humble/opt/rviz_ogre_vendor/lib:/opt/ros/humble/lib/x86_64-linux-gnu:/opt/ros/humble/lib /usr/bin/cmake /home/sentry-nov/code/colcon_3/src/slam/FAST_LIO-ROS2 -DCMAKE_INSTALL_PREFIX=/home/sentry-nov/code/colcon_3/install/fast_lio
[0.045s] [0mCurrent CPU archtecture: x86_64[0m
[0.051s] [0mProcesser number:  12[0m
[0.051s] [0mcore for MP: 3[0m
[0.055s] -- Found PythonLibs: /usr/lib/x86_64-linux-gnu/libpython3.10.so (found version "3.10.12") 
[0.055s] -- Found ament_cmake: 1.3.11 (/opt/ros/humble/share/ament_cmake/cmake)
[0.229s] -- Found rclcpp: 16.0.11 (/opt/ros/humble/share/rclcpp/cmake)
[0.268s] -- Found rosidl_generator_c: 3.1.6 (/opt/ros/humble/share/rosidl_generator_c/cmake)
[0.272s] -- Found rosidl_adapter: 3.1.6 (/opt/ros/humble/share/rosidl_adapter/cmake)
[0.283s] -- Found rosidl_generator_cpp: 3.1.6 (/opt/ros/humble/share/rosidl_generator_cpp/cmake)
[0.297s] -- Using all available rosidl_typesupport_c: rosidl_typesupport_fastrtps_c;rosidl_typesupport_introspection_c
[0.311s] -- Using all available rosidl_typesupport_cpp: rosidl_typesupport_fastrtps_cpp;rosidl_typesupport_introspection_cpp
[0.357s] -- Found rmw_implementation_cmake: 6.1.2 (/opt/ros/humble/share/rmw_implementation_cmake/cmake)
[0.360s] -- Found rmw_fastrtps_cpp: 6.2.7 (/opt/ros/humble/share/rmw_fastrtps_cpp/cmake)
[0.512s] -- Using RMW implementation 'rmw_fastrtps_cpp' as default
[0.584s] -- Found rclcpp_components: 16.0.11 (/opt/ros/humble/share/rclcpp_components/cmake)
[0.610s] -- Found geometry_msgs: 4.2.4 (/opt/ros/humble/share/geometry_msgs/cmake)
[0.629s] -- Found nav_msgs: 4.2.4 (/opt/ros/humble/share/nav_msgs/cmake)
[0.653s] -- Found sensor_msgs: 4.2.4 (/opt/ros/humble/share/sensor_msgs/cmake)
[0.678s] -- Found std_srvs: 4.2.4 (/opt/ros/humble/share/std_srvs/cmake)
[0.691s] -- Found visualization_msgs: 4.2.4 (/opt/ros/humble/share/visualization_msgs/cmake)
[0.719s] -- Found pcl_ros: 2.4.5 (/opt/ros/humble/share/pcl_ros/cmake)
[0.768s] -- Eigen found (include: /usr/include/eigen3, version: 3.4.0)
[0.812s] -- FLANN found (include: /usr/include, lib: /usr/lib/x86_64-linux-gnu/libflann_cpp.so)
[1.221s] -- OpenNI found (version: 1.5.4.0, include: /usr/include/ni, lib: /usr/lib/libOpenNI.so;libusb::libusb)
[1.231s] -- OpenNI2 found (version: 2.2.0.33, include: /usr/include/openni2, lib: /usr/lib/x86_64-linux-gnu/libOpenNI2.so;libusb::libusb)
[1.449s] -- Eigen found (include: /usr/include/eigen3, version: 3.4.0)
[1.457s] -- OpenNI found (version: 1.5.4.0, include: /usr/include/ni, lib: /usr/lib/libOpenNI.so;libusb::libusb)
[1.466s] -- OpenNI2 found (version: 2.2.0.33, include: /usr/include/openni2, lib: /usr/lib/x86_64-linux-gnu/libOpenNI2.so;libusb::libusb)
[1.681s] -- Found Qhull version 8.0.2
[1.903s] -- OpenNI found (version: 1.5.4.0, include: /usr/include/ni, lib: /usr/lib/libOpenNI.so;libusb::libusb)
[2.108s] -- Found eigen3_cmake_module: 0.1.1 (/opt/ros/humble/share/eigen3_cmake_module/cmake)
[2.109s] -- Ensuring Eigen3 include directory is part of orocos-kdl CMake target
[2.163s] -- Found livox_ros_driver2: 1.0.0 (/home/sentry-nov/code/colcon_3/install/livox_ros_driver2/share/livox_ros_driver2/cmake)
[2.180s] -- Found rosidl_default_generators: 1.2.0 (/opt/ros/humble/share/rosidl_default_generators/cmake)
[2.187s] -- Found debug_tools: 0.0.0 (/home/sentry-nov/code/colcon_3/install/debug_tools/share/debug_tools/cmake)
[2.189s] [33mCMake Warning (dev) at CMakeLists.txt:83 (find_package):
[2.189s]   Policy CMP0074 is not set: find_package uses <PackageName>_ROOT variables.
[2.189s]   Run "cmake --help-policy CMP0074" for policy details.  Use the cmake_policy
[2.190s]   command to set the policy and suppress this warning.
[2.190s] 
[2.190s]   CMake variable PCL_ROOT is set to:
[2.190s] 
[2.190s]     /usr
[2.190s] 
[2.190s]   For compatibility, CMake is ignoring the variable.
[2.190s] This warning is for project developers.  Use -Wno-dev to suppress it.
[2.190s] [0m
[2.198s] -- PCL: /usr/include/pcl-1.12
[2.198s] [0mEigen:/usr/include/eigen3[0m
[2.455s] -- Found ament_cmake_ros: 0.10.0 (/opt/ros/humble/share/ament_cmake_ros/cmake)
[2.777s] -- Using all available rosidl_typesupport_c: rosidl_typesupport_fastrtps_c;rosidl_typesupport_introspection_c
[2.895s] -- Using all available rosidl_typesupport_cpp: rosidl_typesupport_fastrtps_cpp;rosidl_typesupport_introspection_cpp
[2.921s] -- Found python_cmake_module: 0.10.0 (/opt/ros/humble/share/python_cmake_module/cmake)
[2.943s] -- Found PythonLibs: /usr/lib/x86_64-linux-gnu/libpython3.10.so (found suitable version "3.10.12", minimum required is "3.5") 
[2.943s] -- Using PYTHON_EXECUTABLE: /usr/bin/python3
[2.943s] -- Using PYTHON_INCLUDE_DIRS: /usr/include/python3.10
[2.944s] -- Using PYTHON_LIBRARIES: /usr/lib/x86_64-linux-gnu/libpython3.10.so
[2.991s] -- Configuring done
[3.108s] -- Generating done
[3.134s] -- Build files have been written to: /home/sentry-nov/code/colcon_3/build/fast_lio
[3.155s] Invoked command in '/home/sentry-nov/code/colcon_3/build/fast_lio' returned '0': CMAKE_PREFIX_PATH=/home/sentry-nov/code/colcon_3/install/livox_ros_driver2:/home/sentry-nov/code/colcon_3/install/debug_tools:/home/sentry-nov/code/colcon_3/install/path_planning:/home/sentry-nov/code/colcon_3/install/z_related_map:/home/sentry-nov/code/colcon_3/install/tilted_lidar:/home/sentry-nov/code/colcon_3/install/rm_serial:/home/sentry-nov/code/colcon_3/install/motion_planning:/home/sentry-nov/code/colcon_3/install/ikd_tree_mapping:/home/sentry-nov/code/colcon_3/install/rm_interface:/home/sentry-nov/code/colcon_3/install/point_lio:/home/sentry-nov/code/colcon_3/install/m_detector:/home/sentry-nov/code/colcon_3/install/fast_lio:/home/sentry-nov/code/colcon_3/install/icp_relocalization:/home/sentry-nov/code/colcon_3/install/auto_start:/opt/ros/humble LD_LIBRARY_PATH=/home/sentry-nov/code/colcon_3/install/livox_ros_driver2/lib:/home/sentry-nov/code/colcon_3/install/z_related_map/lib:/home/sentry-nov/code/colcon_3/install/rm_interface/lib:/home/sentry-nov/code/colcon_3/install/m_detector/lib:/home/sentry-nov/code/colcon_3/install/fast_lio/lib:/usr/local/lib:/opt/ros/humble/opt/rviz_ogre_vendor/lib:/opt/ros/humble/lib/x86_64-linux-gnu:/opt/ros/humble/lib /usr/bin/cmake /home/sentry-nov/code/colcon_3/src/slam/FAST_LIO-ROS2 -DCMAKE_INSTALL_PREFIX=/home/sentry-nov/code/colcon_3/install/fast_lio
[3.157s] Invoking command in '/home/sentry-nov/code/colcon_3/build/fast_lio': CMAKE_PREFIX_PATH=/home/sentry-nov/code/colcon_3/install/livox_ros_driver2:/home/sentry-nov/code/colcon_3/install/debug_tools:/home/sentry-nov/code/colcon_3/install/path_planning:/home/sentry-nov/code/colcon_3/install/z_related_map:/home/sentry-nov/code/colcon_3/install/tilted_lidar:/home/sentry-nov/code/colcon_3/install/rm_serial:/home/sentry-nov/code/colcon_3/install/motion_planning:/home/sentry-nov/code/colcon_3/install/ikd_tree_mapping:/home/sentry-nov/code/colcon_3/install/rm_interface:/home/sentry-nov/code/colcon_3/install/point_lio:/home/sentry-nov/code/colcon_3/install/m_detector:/home/sentry-nov/code/colcon_3/install/fast_lio:/home/sentry-nov/code/colcon_3/install/icp_relocalization:/home/sentry-nov/code/colcon_3/install/auto_start:/opt/ros/humble LD_LIBRARY_PATH=/home/sentry-nov/code/colcon_3/install/livox_ros_driver2/lib:/home/sentry-nov/code/colcon_3/install/z_related_map/lib:/home/sentry-nov/code/colcon_3/install/rm_interface/lib:/home/sentry-nov/code/colcon_3/install/m_detector/lib:/home/sentry-nov/code/colcon_3/install/fast_lio/lib:/usr/local/lib:/opt/ros/humble/opt/rviz_ogre_vendor/lib:/opt/ros/humble/lib/x86_64-linux-gnu:/opt/ros/humble/lib /usr/bin/cmake --build /home/sentry-nov/code/colcon_3/build/fast_lio -- -j12 -l12
[3.213s] [35m[1mConsolidate compiler generated dependencies of target fast_lio__rosidl_generator_c[0m
[3.226s] [  2%] Built target fast_lio__cpp
[3.227s] [ 11%] Built target fast_lio__rosidl_generator_c
[3.241s] [35m[1mConsolidate compiler generated dependencies of target fast_lio__rosidl_typesupport_cpp[0m
[3.244s] [35m[1mConsolidate compiler generated dependencies of target fast_lio__rosidl_typesupport_fastrtps_cpp[0m
[3.244s] [35m[1mConsolidate compiler generated dependencies of target fast_lio__rosidl_typesupport_introspection_c[0m
[3.244s] [35m[1mConsolidate compiler generated dependencies of target fast_lio__rosidl_typesupport_introspection_cpp[0m
[3.244s] [ 11%] Built target ament_cmake_python_copy_fast_lio
[3.244s] [35m[1mConsolidate compiler generated dependencies of target fast_lio__rosidl_typesupport_fastrtps_c[0m
[3.245s] [35m[1mConsolidate compiler generated dependencies of target fast_lio__rosidl_typesupport_c[0m
[3.264s] [ 22%] Built target fast_lio__rosidl_typesupport_c
[3.264s] [ 31%] Built target fast_lio__rosidl_typesupport_introspection_c
[3.264s] [ 37%] Built target fast_lio__rosidl_typesupport_cpp
[3.268s] [ 51%] Built target fast_lio__rosidl_typesupport_fastrtps_cpp
[3.268s] [ 57%] Built target fast_lio__rosidl_typesupport_fastrtps_c
[3.268s] [ 62%] Built target fast_lio__rosidl_typesupport_introspection_cpp
[3.288s] [35m[1mConsolidate compiler generated dependencies of target fastlio_mapping[0m
[3.304s] [ 62%] Built target fast_lio
[3.340s] [ 65%] Built target fast_lio__py
[3.357s] [ 77%] Built target fastlio_mapping
[3.359s] [35m[1mConsolidate compiler generated dependencies of target fast_lio__rosidl_generator_py[0m
[3.381s] [ 82%] Built target fast_lio__rosidl_generator_py
[3.398s] [35m[1mConsolidate compiler generated dependencies of target fast_lio__rosidl_typesupport_c__pyext[0m
[3.398s] [35m[1mConsolidate compiler generated dependencies of target fast_lio__rosidl_typesupport_fastrtps_c__pyext[0m
[3.398s] [35m[1mConsolidate compiler generated dependencies of target fast_lio__rosidl_typesupport_introspection_c__pyext[0m
[3.419s] [ 88%] Built target fast_lio__rosidl_typesupport_fastrtps_c__pyext
[3.421s] [ 94%] Built target fast_lio__rosidl_typesupport_c__pyext
[3.421s] [100%] Built target fast_lio__rosidl_typesupport_introspection_c__pyext
[3.490s] running egg_info
[3.491s] writing fast_lio.egg-info/PKG-INFO
[3.491s] writing dependency_links to fast_lio.egg-info/dependency_links.txt
[3.492s] writing top-level names to fast_lio.egg-info/top_level.txt
[3.494s] reading manifest file 'fast_lio.egg-info/SOURCES.txt'
[3.495s] writing manifest file 'fast_lio.egg-info/SOURCES.txt'
[3.532s] [100%] Built target ament_cmake_python_build_fast_lio_egg
[3.549s] Invoked command in '/home/sentry-nov/code/colcon_3/build/fast_lio' returned '0': CMAKE_PREFIX_PATH=/home/sentry-nov/code/colcon_3/install/livox_ros_driver2:/home/sentry-nov/code/colcon_3/install/debug_tools:/home/sentry-nov/code/colcon_3/install/path_planning:/home/sentry-nov/code/colcon_3/install/z_related_map:/home/sentry-nov/code/colcon_3/install/tilted_lidar:/home/sentry-nov/code/colcon_3/install/rm_serial:/home/sentry-nov/code/colcon_3/install/motion_planning:/home/sentry-nov/code/colcon_3/install/ikd_tree_mapping:/home/sentry-nov/code/colcon_3/install/rm_interface:/home/sentry-nov/code/colcon_3/install/point_lio:/home/sentry-nov/code/colcon_3/install/m_detector:/home/sentry-nov/code/colcon_3/install/fast_lio:/home/sentry-nov/code/colcon_3/install/icp_relocalization:/home/sentry-nov/code/colcon_3/install/auto_start:/opt/ros/humble LD_LIBRARY_PATH=/home/sentry-nov/code/colcon_3/install/livox_ros_driver2/lib:/home/sentry-nov/code/colcon_3/install/z_related_map/lib:/home/sentry-nov/code/colcon_3/install/rm_interface/lib:/home/sentry-nov/code/colcon_3/install/m_detector/lib:/home/sentry-nov/code/colcon_3/install/fast_lio/lib:/usr/local/lib:/opt/ros/humble/opt/rviz_ogre_vendor/lib:/opt/ros/humble/lib/x86_64-linux-gnu:/opt/ros/humble/lib /usr/bin/cmake --build /home/sentry-nov/code/colcon_3/build/fast_lio -- -j12 -l12
[3.553s] Invoking command in '/home/sentry-nov/code/colcon_3/build/fast_lio': CMAKE_PREFIX_PATH=/home/sentry-nov/code/colcon_3/install/livox_ros_driver2:/home/sentry-nov/code/colcon_3/install/debug_tools:/home/sentry-nov/code/colcon_3/install/path_planning:/home/sentry-nov/code/colcon_3/install/z_related_map:/home/sentry-nov/code/colcon_3/install/tilted_lidar:/home/sentry-nov/code/colcon_3/install/rm_serial:/home/sentry-nov/code/colcon_3/install/motion_planning:/home/sentry-nov/code/colcon_3/install/ikd_tree_mapping:/home/sentry-nov/code/colcon_3/install/rm_interface:/home/sentry-nov/code/colcon_3/install/point_lio:/home/sentry-nov/code/colcon_3/install/m_detector:/home/sentry-nov/code/colcon_3/install/fast_lio:/home/sentry-nov/code/colcon_3/install/icp_relocalization:/home/sentry-nov/code/colcon_3/install/auto_start:/opt/ros/humble LD_LIBRARY_PATH=/home/sentry-nov/code/colcon_3/install/livox_ros_driver2/lib:/home/sentry-nov/code/colcon_3/install/z_related_map/lib:/home/sentry-nov/code/colcon_3/install/rm_interface/lib:/home/sentry-nov/code/colcon_3/install/m_detector/lib:/home/sentry-nov/code/colcon_3/install/fast_lio/lib:/usr/local/lib:/opt/ros/humble/opt/rviz_ogre_vendor/lib:/opt/ros/humble/lib/x86_64-linux-gnu:/opt/ros/humble/lib /usr/bin/cmake --install /home/sentry-nov/code/colcon_3/build/fast_lio
[3.562s] -- Install configuration: "Release"
[3.562s] -- Up-to-date: /home/sentry-nov/code/colcon_3/install/fast_lio/share/ament_index/resource_index/rosidl_interfaces/fast_lio
[3.562s] -- Up-to-date: /home/sentry-nov/code/colcon_3/install/fast_lio/include/fast_lio/fast_lio
[3.562s] -- Up-to-date: /home/sentry-nov/code/colcon_3/install/fast_lio/include/fast_lio/fast_lio/msg
[3.562s] -- Up-to-date: /home/sentry-nov/code/colcon_3/install/fast_lio/include/fast_lio/fast_lio/msg/rosidl_generator_c__visibility_control.h
[3.562s] -- Up-to-date: /home/sentry-nov/code/colcon_3/install/fast_lio/include/fast_lio/fast_lio/msg/detail
[3.562s] -- Up-to-date: /home/sentry-nov/code/colcon_3/install/fast_lio/include/fast_lio/fast_lio/msg/detail/pose6_d__struct.h
[3.563s] -- Up-to-date: /home/sentry-nov/code/colcon_3/install/fast_lio/include/fast_lio/fast_lio/msg/detail/pose6_d__functions.h
[3.563s] -- Up-to-date: /home/sentry-nov/code/colcon_3/install/fast_lio/include/fast_lio/fast_lio/msg/detail/pose6_d__functions.c
[3.563s] -- Up-to-date: /home/sentry-nov/code/colcon_3/install/fast_lio/include/fast_lio/fast_lio/msg/detail/pose6_d__type_support.h
[3.563s] -- Up-to-date: /home/sentry-nov/code/colcon_3/install/fast_lio/include/fast_lio/fast_lio/msg/pose6_d.h
[3.563s] -- Up-to-date: /home/sentry-nov/code/colcon_3/install/fast_lio/share/fast_lio/environment/library_path.sh
[3.563s] -- Installing: /home/sentry-nov/code/colcon_3/install/fast_lio/share/fast_lio/environment/library_path.dsv
[3.564s] -- Up-to-date: /home/sentry-nov/code/colcon_3/install/fast_lio/lib/libfast_lio__rosidl_generator_c.so
[3.564s] -- Up-to-date: /home/sentry-nov/code/colcon_3/install/fast_lio/include/fast_lio/fast_lio
[3.564s] -- Up-to-date: /home/sentry-nov/code/colcon_3/install/fast_lio/include/fast_lio/fast_lio/msg
[3.564s] -- Up-to-date: /home/sentry-nov/code/colcon_3/install/fast_lio/include/fast_lio/fast_lio/msg/detail
[3.564s] -- Up-to-date: /home/sentry-nov/code/colcon_3/install/fast_lio/include/fast_lio/fast_lio/msg/detail/pose6_d__rosidl_typesupport_fastrtps_c.h
[3.564s] -- Up-to-date: /home/sentry-nov/code/colcon_3/install/fast_lio/include/fast_lio/fast_lio/msg/rosidl_typesupport_fastrtps_c__visibility_control.h
[3.565s] -- Up-to-date: /home/sentry-nov/code/colcon_3/install/fast_lio/lib/libfast_lio__rosidl_typesupport_fastrtps_c.so
[3.565s] -- Up-to-date: /home/sentry-nov/code/colcon_3/install/fast_lio/include/fast_lio/fast_lio
[3.566s] -- Up-to-date: /home/sentry-nov/code/colcon_3/install/fast_lio/include/fast_lio/fast_lio/msg
[3.566s] -- Up-to-date: /home/sentry-nov/code/colcon_3/install/fast_lio/include/fast_lio/fast_lio/msg/pose6_d.hpp
[3.566s] -- Up-to-date: /home/sentry-nov/code/colcon_3/install/fast_lio/include/fast_lio/fast_lio/msg/detail
[3.566s] -- Up-to-date: /home/sentry-nov/code/colcon_3/install/fast_lio/include/fast_lio/fast_lio/msg/detail/pose6_d__type_support.hpp
[3.566s] -- Up-to-date: /home/sentry-nov/code/colcon_3/install/fast_lio/include/fast_lio/fast_lio/msg/detail/pose6_d__traits.hpp
[3.566s] -- Up-to-date: /home/sentry-nov/code/colcon_3/install/fast_lio/include/fast_lio/fast_lio/msg/detail/pose6_d__builder.hpp
[3.566s] -- Up-to-date: /home/sentry-nov/code/colcon_3/install/fast_lio/include/fast_lio/fast_lio/msg/detail/pose6_d__struct.hpp
[3.566s] -- Up-to-date: /home/sentry-nov/code/colcon_3/install/fast_lio/include/fast_lio/fast_lio/msg/rosidl_generator_cpp__visibility_control.hpp
[3.566s] -- Up-to-date: /home/sentry-nov/code/colcon_3/install/fast_lio/include/fast_lio/fast_lio
[3.566s] -- Up-to-date: /home/sentry-nov/code/colcon_3/install/fast_lio/include/fast_lio/fast_lio/msg
[3.566s] -- Up-to-date: /home/sentry-nov/code/colcon_3/install/fast_lio/include/fast_lio/fast_lio/msg/detail
[3.567s] -- Up-to-date: /home/sentry-nov/code/colcon_3/install/fast_lio/include/fast_lio/fast_lio/msg/detail/dds_fastrtps
[3.567s] -- Up-to-date: /home/sentry-nov/code/colcon_3/install/fast_lio/include/fast_lio/fast_lio/msg/detail/pose6_d__rosidl_typesupport_fastrtps_cpp.hpp
[3.567s] -- Up-to-date: /home/sentry-nov/code/colcon_3/install/fast_lio/include/fast_lio/fast_lio/msg/rosidl_typesupport_fastrtps_cpp__visibility_control.h
[3.567s] -- Up-to-date: /home/sentry-nov/code/colcon_3/install/fast_lio/lib/libfast_lio__rosidl_typesupport_fastrtps_cpp.so
[3.567s] -- Up-to-date: /home/sentry-nov/code/colcon_3/install/fast_lio/include/fast_lio/fast_lio
[3.567s] -- Up-to-date: /home/sentry-nov/code/colcon_3/install/fast_lio/include/fast_lio/fast_lio/msg
[3.568s] -- Up-to-date: /home/sentry-nov/code/colcon_3/install/fast_lio/include/fast_lio/fast_lio/msg/detail
[3.568s] -- Up-to-date: /home/sentry-nov/code/colcon_3/install/fast_lio/include/fast_lio/fast_lio/msg/detail/pose6_d__rosidl_typesupport_introspection_c.h
[3.568s] -- Up-to-date: /home/sentry-nov/code/colcon_3/install/fast_lio/include/fast_lio/fast_lio/msg/detail/pose6_d__type_support.c
[3.568s] -- Up-to-date: /home/sentry-nov/code/colcon_3/install/fast_lio/include/fast_lio/fast_lio/msg/rosidl_typesupport_introspection_c__visibility_control.h
[3.569s] -- Up-to-date: /home/sentry-nov/code/colcon_3/install/fast_lio/lib/libfast_lio__rosidl_typesupport_introspection_c.so
[3.570s] -- Up-to-date: /home/sentry-nov/code/colcon_3/install/fast_lio/lib/libfast_lio__rosidl_typesupport_c.so
[3.570s] -- Up-to-date: /home/sentry-nov/code/colcon_3/install/fast_lio/include/fast_lio/fast_lio
[3.570s] -- Up-to-date: /home/sentry-nov/code/colcon_3/install/fast_lio/include/fast_lio/fast_lio/msg
[3.570s] -- Up-to-date: /home/sentry-nov/code/colcon_3/install/fast_lio/include/fast_lio/fast_lio/msg/detail
[3.571s] -- Up-to-date: /home/sentry-nov/code/colcon_3/install/fast_lio/include/fast_lio/fast_lio/msg/detail/pose6_d__type_support.cpp
[3.571s] -- Up-to-date: /home/sentry-nov/code/colcon_3/install/fast_lio/include/fast_lio/fast_lio/msg/detail/pose6_d__rosidl_typesupport_introspection_cpp.hpp
[3.572s] -- Up-to-date: /home/sentry-nov/code/colcon_3/install/fast_lio/lib/libfast_lio__rosidl_typesupport_introspection_cpp.so
[3.585s] -- Up-to-date: /home/sentry-nov/code/colcon_3/install/fast_lio/lib/libfast_lio__rosidl_typesupport_cpp.so
[3.586s] -- Up-to-date: /home/sentry-nov/code/colcon_3/install/fast_lio/share/fast_lio/environment/pythonpath.sh
[3.586s] -- Installing: /home/sentry-nov/code/colcon_3/install/fast_lio/share/fast_lio/environment/pythonpath.dsv
[3.586s] -- Up-to-date: /home/sentry-nov/code/colcon_3/install/fast_lio/local/lib/python3.10/dist-packages/fast_lio-0.0.0-py3.10.egg-info
[3.586s] -- Installing: /home/sentry-nov/code/colcon_3/install/fast_lio/local/lib/python3.10/dist-packages/fast_lio-0.0.0-py3.10.egg-info/top_level.txt
[3.586s] -- Installing: /home/sentry-nov/code/colcon_3/install/fast_lio/local/lib/python3.10/dist-packages/fast_lio-0.0.0-py3.10.egg-info/dependency_links.txt
[3.586s] -- Installing: /home/sentry-nov/code/colcon_3/install/fast_lio/local/lib/python3.10/dist-packages/fast_lio-0.0.0-py3.10.egg-info/PKG-INFO
[3.587s] -- Installing: /home/sentry-nov/code/colcon_3/install/fast_lio/local/lib/python3.10/dist-packages/fast_lio-0.0.0-py3.10.egg-info/SOURCES.txt
[3.587s] -- Up-to-date: /home/sentry-nov/code/colcon_3/install/fast_lio/local/lib/python3.10/dist-packages/fast_lio
[3.587s] -- Up-to-date: /home/sentry-nov/code/colcon_3/install/fast_lio/local/lib/python3.10/dist-packages/fast_lio/_fast_lio_s.ep.rosidl_typesupport_introspection_c.c
[3.587s] -- Up-to-date: /home/sentry-nov/code/colcon_3/install/fast_lio/local/lib/python3.10/dist-packages/fast_lio/fast_lio_s__rosidl_typesupport_c.cpython-310-x86_64-linux-gnu.so
[3.587s] -- Up-to-date: /home/sentry-nov/code/colcon_3/install/fast_lio/local/lib/python3.10/dist-packages/fast_lio/fast_lio_s__rosidl_typesupport_fastrtps_c.cpython-310-x86_64-linux-gnu.so
[3.587s] -- Up-to-date: /home/sentry-nov/code/colcon_3/install/fast_lio/local/lib/python3.10/dist-packages/fast_lio/_fast_lio_s.ep.rosidl_typesupport_c.c
[3.587s] -- Up-to-date: /home/sentry-nov/code/colcon_3/install/fast_lio/local/lib/python3.10/dist-packages/fast_lio/fast_lio_s__rosidl_typesupport_introspection_c.cpython-310-x86_64-linux-gnu.so
[3.588s] -- Up-to-date: /home/sentry-nov/code/colcon_3/install/fast_lio/local/lib/python3.10/dist-packages/fast_lio/libfast_lio__rosidl_generator_py.so
[3.588s] -- Installing: /home/sentry-nov/code/colcon_3/install/fast_lio/local/lib/python3.10/dist-packages/fast_lio/__init__.py
[3.588s] -- Up-to-date: /home/sentry-nov/code/colcon_3/install/fast_lio/local/lib/python3.10/dist-packages/fast_lio/msg
[3.588s] -- Up-to-date: /home/sentry-nov/code/colcon_3/install/fast_lio/local/lib/python3.10/dist-packages/fast_lio/msg/_pose6_d_s.c
[3.588s] -- Up-to-date: /home/sentry-nov/code/colcon_3/install/fast_lio/local/lib/python3.10/dist-packages/fast_lio/msg/_pose6_d.py
[3.588s] -- Up-to-date: /home/sentry-nov/code/colcon_3/install/fast_lio/local/lib/python3.10/dist-packages/fast_lio/msg/__init__.py
[3.588s] -- Up-to-date: /home/sentry-nov/code/colcon_3/install/fast_lio/local/lib/python3.10/dist-packages/fast_lio/_fast_lio_s.ep.rosidl_typesupport_fastrtps_c.c
[3.624s] Listing '/home/sentry-nov/code/colcon_3/install/fast_lio/local/lib/python3.10/dist-packages/fast_lio'...
[3.624s] Compiling '/home/sentry-nov/code/colcon_3/install/fast_lio/local/lib/python3.10/dist-packages/fast_lio/__init__.py'...
[3.624s] Listing '/home/sentry-nov/code/colcon_3/install/fast_lio/local/lib/python3.10/dist-packages/fast_lio/msg'...
[3.632s] -- Up-to-date: /home/sentry-nov/code/colcon_3/install/fast_lio/local/lib/python3.10/dist-packages/fast_lio/fast_lio_s__rosidl_typesupport_fastrtps_c.cpython-310-x86_64-linux-gnu.so
[3.633s] -- Up-to-date: /home/sentry-nov/code/colcon_3/install/fast_lio/local/lib/python3.10/dist-packages/fast_lio/fast_lio_s__rosidl_typesupport_introspection_c.cpython-310-x86_64-linux-gnu.so
[3.634s] -- Up-to-date: /home/sentry-nov/code/colcon_3/install/fast_lio/local/lib/python3.10/dist-packages/fast_lio/fast_lio_s__rosidl_typesupport_c.cpython-310-x86_64-linux-gnu.so
[3.634s] -- Up-to-date: /home/sentry-nov/code/colcon_3/install/fast_lio/lib/libfast_lio__rosidl_generator_py.so
[3.635s] -- Up-to-date: /home/sentry-nov/code/colcon_3/install/fast_lio/share/fast_lio/msg/Pose6D.idl
[3.635s] -- Up-to-date: /home/sentry-nov/code/colcon_3/install/fast_lio/share/fast_lio/msg/Pose6D.msg
[3.637s] -- Up-to-date: /home/sentry-nov/code/colcon_3/install/fast_lio/lib/fast_lio/fastlio_mapping
[3.637s] -- Up-to-date: /home/sentry-nov/code/colcon_3/install/fast_lio/share/fast_lio/config
[3.637s] -- Up-to-date: /home/sentry-nov/code/colcon_3/install/fast_lio/share/fast_lio/config/velodyne.yaml
[3.637s] -- Up-to-date: /home/sentry-nov/code/colcon_3/install/fast_lio/share/fast_lio/config/ouster64.yaml
[3.638s] -- Up-to-date: /home/sentry-nov/code/colcon_3/install/fast_lio/share/fast_lio/config/avia.yaml
[3.638s] -- Up-to-date: /home/sentry-nov/code/colcon_3/install/fast_lio/share/fast_lio/config/mid360.yaml
[3.638s] -- Up-to-date: /home/sentry-nov/code/colcon_3/install/fast_lio/share/fast_lio/config/horizon.yaml
[3.638s] -- Up-to-date: /home/sentry-nov/code/colcon_3/install/fast_lio/share/fast_lio/launch
[3.638s] -- Up-to-date: /home/sentry-nov/code/colcon_3/install/fast_lio/share/fast_lio/launch/mapping.launch.py
[3.638s] -- Up-to-date: /home/sentry-nov/code/colcon_3/install/fast_lio/share/fast_lio/launch/gdb_debug_example.launch
[3.638s] -- Up-to-date: /home/sentry-nov/code/colcon_3/install/fast_lio/share/fast_lio/rviz
[3.638s] -- Up-to-date: /home/sentry-nov/code/colcon_3/install/fast_lio/share/fast_lio/rviz/fastlio.rviz
[3.638s] -- Up-to-date: /home/sentry-nov/code/colcon_3/install/fast_lio/share/ament_index/resource_index/package_run_dependencies/fast_lio
[3.638s] -- Installing: /home/sentry-nov/code/colcon_3/install/fast_lio/share/ament_index/resource_index/parent_prefix_path/fast_lio
[3.639s] -- Up-to-date: /home/sentry-nov/code/colcon_3/install/fast_lio/share/fast_lio/environment/ament_prefix_path.sh
[3.639s] -- Installing: /home/sentry-nov/code/colcon_3/install/fast_lio/share/fast_lio/environment/ament_prefix_path.dsv
[3.639s] -- Up-to-date: /home/sentry-nov/code/colcon_3/install/fast_lio/share/fast_lio/environment/path.sh
[3.639s] -- Installing: /home/sentry-nov/code/colcon_3/install/fast_lio/share/fast_lio/environment/path.dsv
[3.639s] -- Up-to-date: /home/sentry-nov/code/colcon_3/install/fast_lio/share/fast_lio/local_setup.bash
[3.639s] -- Up-to-date: /home/sentry-nov/code/colcon_3/install/fast_lio/share/fast_lio/local_setup.sh
[3.639s] -- Up-to-date: /home/sentry-nov/code/colcon_3/install/fast_lio/share/fast_lio/local_setup.zsh
[3.639s] -- Installing: /home/sentry-nov/code/colcon_3/install/fast_lio/share/fast_lio/local_setup.dsv
[3.639s] -- Installing: /home/sentry-nov/code/colcon_3/install/fast_lio/share/fast_lio/package.dsv
[3.639s] -- Up-to-date: /home/sentry-nov/code/colcon_3/install/fast_lio/share/ament_index/resource_index/packages/fast_lio
[3.639s] -- Up-to-date: /home/sentry-nov/code/colcon_3/install/fast_lio/share/fast_lio/cmake/export_fast_lio__rosidl_generator_cExport.cmake
[3.640s] -- Up-to-date: /home/sentry-nov/code/colcon_3/install/fast_lio/share/fast_lio/cmake/export_fast_lio__rosidl_generator_cExport-release.cmake
[3.640s] -- Up-to-date: /home/sentry-nov/code/colcon_3/install/fast_lio/share/fast_lio/cmake/export_fast_lio__rosidl_typesupport_fastrtps_cExport.cmake
[3.640s] -- Up-to-date: /home/sentry-nov/code/colcon_3/install/fast_lio/share/fast_lio/cmake/export_fast_lio__rosidl_typesupport_fastrtps_cExport-release.cmake
[3.640s] -- Up-to-date: /home/sentry-nov/code/colcon_3/install/fast_lio/share/fast_lio/cmake/export_fast_lio__rosidl_generator_cppExport.cmake
[3.641s] -- Up-to-date: /home/sentry-nov/code/colcon_3/install/fast_lio/share/fast_lio/cmake/export_fast_lio__rosidl_typesupport_fastrtps_cppExport.cmake
[3.641s] -- Up-to-date: /home/sentry-nov/code/colcon_3/install/fast_lio/share/fast_lio/cmake/export_fast_lio__rosidl_typesupport_fastrtps_cppExport-release.cmake
[3.642s] -- Up-to-date: /home/sentry-nov/code/colcon_3/install/fast_lio/share/fast_lio/cmake/fast_lio__rosidl_typesupport_introspection_cExport.cmake
[3.642s] -- Up-to-date: /home/sentry-nov/code/colcon_3/install/fast_lio/share/fast_lio/cmake/fast_lio__rosidl_typesupport_introspection_cExport-release.cmake
[3.642s] -- Up-to-date: /home/sentry-nov/code/colcon_3/install/fast_lio/share/fast_lio/cmake/fast_lio__rosidl_typesupport_cExport.cmake
[3.642s] -- Up-to-date: /home/sentry-nov/code/colcon_3/install/fast_lio/share/fast_lio/cmake/fast_lio__rosidl_typesupport_cExport-release.cmake
[3.643s] -- Up-to-date: /home/sentry-nov/code/colcon_3/install/fast_lio/share/fast_lio/cmake/fast_lio__rosidl_typesupport_introspection_cppExport.cmake
[3.643s] -- Up-to-date: /home/sentry-nov/code/colcon_3/install/fast_lio/share/fast_lio/cmake/fast_lio__rosidl_typesupport_introspection_cppExport-release.cmake
[3.643s] -- Up-to-date: /home/sentry-nov/code/colcon_3/install/fast_lio/share/fast_lio/cmake/fast_lio__rosidl_typesupport_cppExport.cmake
[3.643s] -- Up-to-date: /home/sentry-nov/code/colcon_3/install/fast_lio/share/fast_lio/cmake/fast_lio__rosidl_typesupport_cppExport-release.cmake
[3.644s] -- Up-to-date: /home/sentry-nov/code/colcon_3/install/fast_lio/share/fast_lio/cmake/export_fast_lio__rosidl_generator_pyExport.cmake
[3.644s] -- Up-to-date: /home/sentry-nov/code/colcon_3/install/fast_lio/share/fast_lio/cmake/export_fast_lio__rosidl_generator_pyExport-release.cmake
[3.644s] -- Up-to-date: /home/sentry-nov/code/colcon_3/install/fast_lio/share/fast_lio/cmake/rosidl_cmake-extras.cmake
[3.644s] -- Up-to-date: /home/sentry-nov/code/colcon_3/install/fast_lio/share/fast_lio/cmake/ament_cmake_export_include_directories-extras.cmake
[3.644s] -- Up-to-date: /home/sentry-nov/code/colcon_3/install/fast_lio/share/fast_lio/cmake/ament_cmake_export_libraries-extras.cmake
[3.644s] -- Up-to-date: /home/sentry-nov/code/colcon_3/install/fast_lio/share/fast_lio/cmake/ament_cmake_export_targets-extras.cmake
[3.644s] -- Up-to-date: /home/sentry-nov/code/colcon_3/install/fast_lio/share/fast_lio/cmake/rosidl_cmake_export_typesupport_targets-extras.cmake
[3.644s] -- Up-to-date: /home/sentry-nov/code/colcon_3/install/fast_lio/share/fast_lio/cmake/ament_cmake_export_dependencies-extras.cmake
[3.644s] -- Up-to-date: /home/sentry-nov/code/colcon_3/install/fast_lio/share/fast_lio/cmake/rosidl_cmake_export_typesupport_libraries-extras.cmake
[3.644s] -- Up-to-date: /home/sentry-nov/code/colcon_3/install/fast_lio/share/fast_lio/cmake/fast_lioConfig.cmake
[3.645s] -- Up-to-date: /home/sentry-nov/code/colcon_3/install/fast_lio/share/fast_lio/cmake/fast_lioConfig-version.cmake
[3.645s] -- Up-to-date: /home/sentry-nov/code/colcon_3/install/fast_lio/share/fast_lio/package.xml
[3.647s] Invoked command in '/home/sentry-nov/code/colcon_3/build/fast_lio' returned '0': CMAKE_PREFIX_PATH=/home/sentry-nov/code/colcon_3/install/livox_ros_driver2:/home/sentry-nov/code/colcon_3/install/debug_tools:/home/sentry-nov/code/colcon_3/install/path_planning:/home/sentry-nov/code/colcon_3/install/z_related_map:/home/sentry-nov/code/colcon_3/install/tilted_lidar:/home/sentry-nov/code/colcon_3/install/rm_serial:/home/sentry-nov/code/colcon_3/install/motion_planning:/home/sentry-nov/code/colcon_3/install/ikd_tree_mapping:/home/sentry-nov/code/colcon_3/install/rm_interface:/home/sentry-nov/code/colcon_3/install/point_lio:/home/sentry-nov/code/colcon_3/install/m_detector:/home/sentry-nov/code/colcon_3/install/fast_lio:/home/sentry-nov/code/colcon_3/install/icp_relocalization:/home/sentry-nov/code/colcon_3/install/auto_start:/opt/ros/humble LD_LIBRARY_PATH=/home/sentry-nov/code/colcon_3/install/livox_ros_driver2/lib:/home/sentry-nov/code/colcon_3/install/z_related_map/lib:/home/sentry-nov/code/colcon_3/install/rm_interface/lib:/home/sentry-nov/code/colcon_3/install/m_detector/lib:/home/sentry-nov/code/colcon_3/install/fast_lio/lib:/usr/local/lib:/opt/ros/humble/opt/rviz_ogre_vendor/lib:/opt/ros/humble/lib/x86_64-linux-gnu:/opt/ros/humble/lib /usr/bin/cmake --install /home/sentry-nov/code/colcon_3/build/fast_lio
