[0.200s] Invoking command in '/home/sentry-nov/code/colcon_3/build/path_motion_planning': CMAKE_PREFIX_PATH=/home/sentry-nov/code/colcon_3/install/rm_interface:/home/sentry-nov/code/colcon_3/install/debug_tools:/home/sentry-nov/code/colcon_3/install/tilted_lidar:/home/sentry-nov/code/colcon_3/install/rviz_plugin:/home/sentry-nov/code/colcon_3/install/robot_decision_system:/home/sentry-nov/code/colcon_3/install/rm_serial:/home/sentry-nov/code/colcon_3/install/rm_decision:/home/sentry-nov/code/colcon_3/install/motion_planning:/home/sentry-nov/code/colcon_3/install/path_planning:/home/sentry-nov/code/colcon_3/install/path_motion_planning:/home/sentry-nov/code/colcon_3/install/ikd_tree_mapping:/home/sentry-nov/code/colcon_3/install/point_lio:/home/sentry-nov/code/colcon_3/install/m_detector:/home/sentry-nov/code/colcon_3/install/fast_lio:/home/sentry-nov/code/colcon_3/install/livox_ros_driver2:/home/sentry-nov/code/colcon_3/install/icp_relocalization:/home/sentry-nov/code/colcon_3/install/altitude_map:/home/sentry-nov/code/colcon_3/install/auto_start:/opt/ros/humble LD_LIBRARY_PATH=/home/sentry-nov/code/colcon_3/install/rm_interface/lib:/home/sentry-nov/code/colcon_3/install/robot_decision_system/lib:/home/sentry-nov/code/colcon_3/install/path_planning/lib:/home/sentry-nov/code/colcon_3/install/path_motion_planning/lib:/home/sentry-nov/code/colcon_3/install/m_detector/lib:/home/sentry-nov/code/colcon_3/install/fast_lio/lib:/home/sentry-nov/code/colcon_3/install/livox_ros_driver2/lib:/home/sentry-nov/code/colcon_3/install/altitude_map/lib:/usr/local/lib:/opt/ros/humble/opt/rviz_ogre_vendor/lib:/opt/ros/humble/lib/x86_64-linux-gnu:/opt/ros/humble/lib /usr/bin/cmake --build /home/sentry-nov/code/colcon_3/build/path_motion_planning -- -j12 -l12
[2.537s] [  8%] Built target test_based_node
[2.580s] [ 17%] Built target test_virtual_speed_node
[2.585s] [ 26%] Built target test_fit_cloud_node
[2.642s] [ 73%] Built target path_motion_planning
[2.896s] [ 78%] [32mBuilding CXX object CMakeFiles/nav_global_ros_node.dir/src/nav_core/nav_global_ros.cpp.o[0m
[2.906s] [ 86%] Built target nav_local_ros_node
[2.936s] [ 91%] [32mBuilding CXX object CMakeFiles/nav_gl_ros_node.dir/src/nav_core/nav_gl_ros.cpp.o[0m
[21.136s] [ 95%] [32m[1mLinking CXX executable nav_global_ros_node[0m
[22.579s] [ 95%] Built target nav_global_ros_node
[36.150s] [100%] [32m[1mLinking CXX executable nav_gl_ros_node[0m
[37.158s] [100%] Built target nav_gl_ros_node
[37.175s] Invoked command in '/home/sentry-nov/code/colcon_3/build/path_motion_planning' returned '0': CMAKE_PREFIX_PATH=/home/sentry-nov/code/colcon_3/install/rm_interface:/home/sentry-nov/code/colcon_3/install/debug_tools:/home/sentry-nov/code/colcon_3/install/tilted_lidar:/home/sentry-nov/code/colcon_3/install/rviz_plugin:/home/sentry-nov/code/colcon_3/install/robot_decision_system:/home/sentry-nov/code/colcon_3/install/rm_serial:/home/sentry-nov/code/colcon_3/install/rm_decision:/home/sentry-nov/code/colcon_3/install/motion_planning:/home/sentry-nov/code/colcon_3/install/path_planning:/home/sentry-nov/code/colcon_3/install/path_motion_planning:/home/sentry-nov/code/colcon_3/install/ikd_tree_mapping:/home/sentry-nov/code/colcon_3/install/point_lio:/home/sentry-nov/code/colcon_3/install/m_detector:/home/sentry-nov/code/colcon_3/install/fast_lio:/home/sentry-nov/code/colcon_3/install/livox_ros_driver2:/home/sentry-nov/code/colcon_3/install/icp_relocalization:/home/sentry-nov/code/colcon_3/install/altitude_map:/home/sentry-nov/code/colcon_3/install/auto_start:/opt/ros/humble LD_LIBRARY_PATH=/home/sentry-nov/code/colcon_3/install/rm_interface/lib:/home/sentry-nov/code/colcon_3/install/robot_decision_system/lib:/home/sentry-nov/code/colcon_3/install/path_planning/lib:/home/sentry-nov/code/colcon_3/install/path_motion_planning/lib:/home/sentry-nov/code/colcon_3/install/m_detector/lib:/home/sentry-nov/code/colcon_3/install/fast_lio/lib:/home/sentry-nov/code/colcon_3/install/livox_ros_driver2/lib:/home/sentry-nov/code/colcon_3/install/altitude_map/lib:/usr/local/lib:/opt/ros/humble/opt/rviz_ogre_vendor/lib:/opt/ros/humble/lib/x86_64-linux-gnu:/opt/ros/humble/lib /usr/bin/cmake --build /home/sentry-nov/code/colcon_3/build/path_motion_planning -- -j12 -l12
[37.178s] Invoking command in '/home/sentry-nov/code/colcon_3/build/path_motion_planning': CMAKE_PREFIX_PATH=/home/sentry-nov/code/colcon_3/install/rm_interface:/home/sentry-nov/code/colcon_3/install/debug_tools:/home/sentry-nov/code/colcon_3/install/tilted_lidar:/home/sentry-nov/code/colcon_3/install/rviz_plugin:/home/sentry-nov/code/colcon_3/install/robot_decision_system:/home/sentry-nov/code/colcon_3/install/rm_serial:/home/sentry-nov/code/colcon_3/install/rm_decision:/home/sentry-nov/code/colcon_3/install/motion_planning:/home/sentry-nov/code/colcon_3/install/path_planning:/home/sentry-nov/code/colcon_3/install/path_motion_planning:/home/sentry-nov/code/colcon_3/install/ikd_tree_mapping:/home/sentry-nov/code/colcon_3/install/point_lio:/home/sentry-nov/code/colcon_3/install/m_detector:/home/sentry-nov/code/colcon_3/install/fast_lio:/home/sentry-nov/code/colcon_3/install/livox_ros_driver2:/home/sentry-nov/code/colcon_3/install/icp_relocalization:/home/sentry-nov/code/colcon_3/install/altitude_map:/home/sentry-nov/code/colcon_3/install/auto_start:/opt/ros/humble LD_LIBRARY_PATH=/home/sentry-nov/code/colcon_3/install/rm_interface/lib:/home/sentry-nov/code/colcon_3/install/robot_decision_system/lib:/home/sentry-nov/code/colcon_3/install/path_planning/lib:/home/sentry-nov/code/colcon_3/install/path_motion_planning/lib:/home/sentry-nov/code/colcon_3/install/m_detector/lib:/home/sentry-nov/code/colcon_3/install/fast_lio/lib:/home/sentry-nov/code/colcon_3/install/livox_ros_driver2/lib:/home/sentry-nov/code/colcon_3/install/altitude_map/lib:/usr/local/lib:/opt/ros/humble/opt/rviz_ogre_vendor/lib:/opt/ros/humble/lib/x86_64-linux-gnu:/opt/ros/humble/lib /usr/bin/cmake --install /home/sentry-nov/code/colcon_3/build/path_motion_planning
[37.188s] -- Install configuration: "Release"
[37.190s] -- Up-to-date: /home/sentry-nov/code/colcon_3/install/path_motion_planning/lib/libpath_motion_planning.so
[37.190s] -- Up-to-date: /home/sentry-nov/code/colcon_3/install/path_motion_planning/share/path_motion_planning/environment/library_path.sh
[37.190s] -- Up-to-date: /home/sentry-nov/code/colcon_3/install/path_motion_planning/share/path_motion_planning/environment/library_path.dsv
[37.190s] -- Up-to-date: /home/sentry-nov/code/colcon_3/install/path_motion_planning/include
[37.191s] -- Up-to-date: /home/sentry-nov/code/colcon_3/install/path_motion_planning/include/path_motion_planning
[37.191s] -- Up-to-date: /home/sentry-nov/code/colcon_3/install/path_motion_planning/include/path_motion_planning/util
[37.191s] -- Up-to-date: /home/sentry-nov/code/colcon_3/install/path_motion_planning/include/path_motion_planning/util/group_runner.h
[37.191s] -- Up-to-date: /home/sentry-nov/code/colcon_3/install/path_motion_planning/include/path_motion_planning/util/vis_ros.h
[37.191s] -- Up-to-date: /home/sentry-nov/code/colcon_3/install/path_motion_planning/include/path_motion_planning/util/vel_estimator.h
[37.191s] -- Up-to-date: /home/sentry-nov/code/colcon_3/install/path_motion_planning/include/path_motion_planning/nav_core
[37.191s] -- Up-to-date: /home/sentry-nov/code/colcon_3/install/path_motion_planning/include/path_motion_planning/nav_core/nav_core.h
[37.191s] -- Up-to-date: /home/sentry-nov/code/colcon_3/install/path_motion_planning/include/path_motion_planning/nav_core/nav_local_track.h
[37.191s] -- Up-to-date: /home/sentry-nov/code/colcon_3/install/path_motion_planning/include/path_motion_planning/nav_core/nav_local.h
[37.191s] -- Up-to-date: /home/sentry-nov/code/colcon_3/install/path_motion_planning/include/path_motion_planning/nav_core/nav_global.h
[37.191s] -- Up-to-date: /home/sentry-nov/code/colcon_3/install/path_motion_planning/include/path_motion_planning/nav_core/nav_local_ros.hpp
[37.191s] -- Up-to-date: /home/sentry-nov/code/colcon_3/install/path_motion_planning/include/path_motion_planning/nav_core/nav_gl_ros.hpp
[37.191s] -- Up-to-date: /home/sentry-nov/code/colcon_3/install/path_motion_planning/include/path_motion_planning/nav_core/nav_local_base.hpp
[37.192s] -- Up-to-date: /home/sentry-nov/code/colcon_3/install/path_motion_planning/include/path_motion_planning/nav_core/nav_gl.h
[37.192s] -- Up-to-date: /home/sentry-nov/code/colcon_3/install/path_motion_planning/include/path_motion_planning/motion
[37.192s] -- Up-to-date: /home/sentry-nov/code/colcon_3/install/path_motion_planning/include/path_motion_planning/motion/tracker.h
[37.192s] -- Up-to-date: /home/sentry-nov/code/colcon_3/install/path_motion_planning/include/path_motion_planning/motion/path_tracker.h
[37.192s] -- Up-to-date: /home/sentry-nov/code/colcon_3/install/path_motion_planning/include/path_motion_planning/motion/controller.h
[37.192s] -- Up-to-date: /home/sentry-nov/code/colcon_3/install/path_motion_planning/include/path_motion_planning/path_searcher
[37.192s] -- Up-to-date: /home/sentry-nov/code/colcon_3/install/path_motion_planning/include/path_motion_planning/path_searcher/path_searcher.h
[37.192s] -- Up-to-date: /home/sentry-nov/code/colcon_3/install/path_motion_planning/include/path_motion_planning/path_searcher/theta_star_explored.h
[37.192s] -- Up-to-date: /home/sentry-nov/code/colcon_3/install/path_motion_planning/include/path_motion_planning/path_searcher/theta_star_track.h
[37.192s] -- Up-to-date: /home/sentry-nov/code/colcon_3/install/path_motion_planning/include/path_motion_planning/path_searcher/theta_star.h
[37.192s] -- Up-to-date: /home/sentry-nov/code/colcon_3/install/path_motion_planning/include/path_motion_planning/path_searcher/gird_node.h
[37.192s] -- Installing: /home/sentry-nov/code/colcon_3/install/path_motion_planning/lib/path_motion_planning/nav_global_ros_node
[37.195s] -- Set runtime path of "/home/sentry-nov/code/colcon_3/install/path_motion_planning/lib/path_motion_planning/nav_global_ros_node" to ""
[37.196s] -- Up-to-date: /home/sentry-nov/code/colcon_3/install/path_motion_planning/lib/path_motion_planning/nav_local_ros_node
[37.203s] -- Installing: /home/sentry-nov/code/colcon_3/install/path_motion_planning/lib/path_motion_planning/nav_gl_ros_node
[37.208s] -- Set runtime path of "/home/sentry-nov/code/colcon_3/install/path_motion_planning/lib/path_motion_planning/nav_gl_ros_node" to ""
[37.209s] -- Up-to-date: /home/sentry-nov/code/colcon_3/install/path_motion_planning/lib/path_motion_planning/test_based_node
[37.211s] -- Up-to-date: /home/sentry-nov/code/colcon_3/install/path_motion_planning/lib/path_motion_planning/test_virtual_speed_node
[37.214s] -- Up-to-date: /home/sentry-nov/code/colcon_3/install/path_motion_planning/lib/path_motion_planning/test_fit_cloud_node
[37.214s] -- Up-to-date: /home/sentry-nov/code/colcon_3/install/path_motion_planning/share/ament_index/resource_index/package_run_dependencies/path_motion_planning
[37.214s] -- Up-to-date: /home/sentry-nov/code/colcon_3/install/path_motion_planning/share/ament_index/resource_index/parent_prefix_path/path_motion_planning
[37.215s] -- Up-to-date: /home/sentry-nov/code/colcon_3/install/path_motion_planning/share/path_motion_planning/environment/ament_prefix_path.sh
[37.215s] -- Up-to-date: /home/sentry-nov/code/colcon_3/install/path_motion_planning/share/path_motion_planning/environment/ament_prefix_path.dsv
[37.215s] -- Up-to-date: /home/sentry-nov/code/colcon_3/install/path_motion_planning/share/path_motion_planning/environment/path.sh
[37.215s] -- Up-to-date: /home/sentry-nov/code/colcon_3/install/path_motion_planning/share/path_motion_planning/environment/path.dsv
[37.215s] -- Up-to-date: /home/sentry-nov/code/colcon_3/install/path_motion_planning/share/path_motion_planning/local_setup.bash
[37.215s] -- Up-to-date: /home/sentry-nov/code/colcon_3/install/path_motion_planning/share/path_motion_planning/local_setup.sh
[37.215s] -- Up-to-date: /home/sentry-nov/code/colcon_3/install/path_motion_planning/share/path_motion_planning/local_setup.zsh
[37.215s] -- Up-to-date: /home/sentry-nov/code/colcon_3/install/path_motion_planning/share/path_motion_planning/local_setup.dsv
[37.215s] -- Installing: /home/sentry-nov/code/colcon_3/install/path_motion_planning/share/path_motion_planning/package.dsv
[37.215s] -- Up-to-date: /home/sentry-nov/code/colcon_3/install/path_motion_planning/share/ament_index/resource_index/packages/path_motion_planning
[37.216s] -- Up-to-date: /home/sentry-nov/code/colcon_3/install/path_motion_planning/share/path_motion_planning/cmake/ament_cmake_export_include_directories-extras.cmake
[37.216s] -- Up-to-date: /home/sentry-nov/code/colcon_3/install/path_motion_planning/share/path_motion_planning/cmake/ament_cmake_export_libraries-extras.cmake
[37.216s] -- Up-to-date: /home/sentry-nov/code/colcon_3/install/path_motion_planning/share/path_motion_planning/cmake/path_motion_planningConfig.cmake
[37.216s] -- Up-to-date: /home/sentry-nov/code/colcon_3/install/path_motion_planning/share/path_motion_planning/cmake/path_motion_planningConfig-version.cmake
[37.216s] -- Up-to-date: /home/sentry-nov/code/colcon_3/install/path_motion_planning/share/path_motion_planning/package.xml
[37.218s] Invoked command in '/home/sentry-nov/code/colcon_3/build/path_motion_planning' returned '0': CMAKE_PREFIX_PATH=/home/sentry-nov/code/colcon_3/install/rm_interface:/home/sentry-nov/code/colcon_3/install/debug_tools:/home/sentry-nov/code/colcon_3/install/tilted_lidar:/home/sentry-nov/code/colcon_3/install/rviz_plugin:/home/sentry-nov/code/colcon_3/install/robot_decision_system:/home/sentry-nov/code/colcon_3/install/rm_serial:/home/sentry-nov/code/colcon_3/install/rm_decision:/home/sentry-nov/code/colcon_3/install/motion_planning:/home/sentry-nov/code/colcon_3/install/path_planning:/home/sentry-nov/code/colcon_3/install/path_motion_planning:/home/sentry-nov/code/colcon_3/install/ikd_tree_mapping:/home/sentry-nov/code/colcon_3/install/point_lio:/home/sentry-nov/code/colcon_3/install/m_detector:/home/sentry-nov/code/colcon_3/install/fast_lio:/home/sentry-nov/code/colcon_3/install/livox_ros_driver2:/home/sentry-nov/code/colcon_3/install/icp_relocalization:/home/sentry-nov/code/colcon_3/install/altitude_map:/home/sentry-nov/code/colcon_3/install/auto_start:/opt/ros/humble LD_LIBRARY_PATH=/home/sentry-nov/code/colcon_3/install/rm_interface/lib:/home/sentry-nov/code/colcon_3/install/robot_decision_system/lib:/home/sentry-nov/code/colcon_3/install/path_planning/lib:/home/sentry-nov/code/colcon_3/install/path_motion_planning/lib:/home/sentry-nov/code/colcon_3/install/m_detector/lib:/home/sentry-nov/code/colcon_3/install/fast_lio/lib:/home/sentry-nov/code/colcon_3/install/livox_ros_driver2/lib:/home/sentry-nov/code/colcon_3/install/altitude_map/lib:/usr/local/lib:/opt/ros/humble/opt/rviz_ogre_vendor/lib:/opt/ros/humble/lib/x86_64-linux-gnu:/opt/ros/humble/lib /usr/bin/cmake --install /home/sentry-nov/code/colcon_3/build/path_motion_planning
