[0.026s] Invoking command in '/home/sentry-nov/code/colcon_3/build/path_planning': CMAKE_PREFIX_PATH=/home/sentry-nov/code/colcon_3/install/rm_interface:/home/sentry-nov/code/colcon_3/install/debug_tools:/home/sentry-nov/code/colcon_3/install/tilted_lidar:/home/sentry-nov/code/colcon_3/install/rviz_plugin:/home/sentry-nov/code/colcon_3/install/rm_serial:/home/sentry-nov/code/colcon_3/install/rm_decision:/home/sentry-nov/code/colcon_3/install/motion_planning:/home/sentry-nov/code/colcon_3/install/path_planning:/home/sentry-nov/code/colcon_3/install/ikd_tree_mapping:/home/sentry-nov/code/colcon_3/install/point_lio:/home/sentry-nov/code/colcon_3/install/m_detector:/home/sentry-nov/code/colcon_3/install/fast_lio:/home/sentry-nov/code/colcon_3/install/livox_ros_driver2:/home/sentry-nov/code/colcon_3/install/icp_relocalization:/home/sentry-nov/code/colcon_3/install/altitude_map:/home/sentry-nov/code/colcon_3/install/behaviortree_cpp:/home/sentry-nov/code/colcon_3/install/auto_start:/opt/ros/humble LD_LIBRARY_PATH=/home/sentry-nov/code/colcon_3/install/rm_interface/lib:/home/sentry-nov/code/colcon_3/install/path_planning/lib:/home/sentry-nov/code/colcon_3/install/m_detector/lib:/home/sentry-nov/code/colcon_3/install/fast_lio/lib:/home/sentry-nov/code/colcon_3/install/livox_ros_driver2/lib:/home/sentry-nov/code/colcon_3/install/altitude_map/lib:/home/sentry-nov/code/colcon_3/install/behaviortree_cpp/lib:/usr/local/lib:/opt/ros/humble/opt/rviz_ogre_vendor/lib:/opt/ros/humble/lib/x86_64-linux-gnu:/opt/ros/humble/lib /usr/bin/cmake --build /home/sentry-nov/code/colcon_3/build/path_planning -- -j12 -l12
[0.101s] [35m[1mConsolidate compiler generated dependencies of target path_planning[0m
[0.110s] [ 10%] Built target test_hash_uuid_node
[0.113s] [ 20%] Built target test_set_hhid_node
[0.120s] [ 35%] Built target test_vel_estimator_node
[0.164s] gmake[2]: Warning: File '/home/sentry-nov/code/colcon_3/src/navigation/path_planning/src/path_searcher/theta_star.cpp' has modification time 18413 s in the future
[0.185s] [ 45%] [32mBuilding CXX object CMakeFiles/path_planning.dir/src/path_searcher/theta_star.cpp.o[0m
[0.185s] [ 45%] [32mBuilding CXX object CMakeFiles/path_planning.dir/src/nav_core/gl_nav.cpp.o[0m
[0.187s] [ 55%] [32mBuilding CXX object CMakeFiles/path_planning.dir/src/nav_core/local_nav.cpp.o[0m
[0.187s] [ 55%] [32mBuilding CXX object CMakeFiles/path_planning.dir/src/nav_core/global_nav.cpp.o[0m
[6.690s] [ 60%] [32m[1mLinking CXX shared library libpath_planning.so[0m
[7.186s] gmake[2]: warning: Clock skew detected. Your build may be incomplete.
[7.198s] [ 70%] Built target path_planning
[7.221s] [35m[1mConsolidate compiler generated dependencies of target gl_nav_ros_node[0m
[7.222s] [35m[1mConsolidate compiler generated dependencies of target local_nav_ros_node[0m
[7.249s] [ 75%] [32m[1mLinking CXX executable global_nav_ros_node[0m
[7.254s] gmake[2]: Warning: File '/home/sentry-nov/code/colcon_3/src/navigation/path_planning/src/nav_core/local_nav_ros.cpp' has modification time 17137 s in the future
[7.258s] gmake[2]: Warning: File '/home/sentry-nov/code/colcon_3/src/navigation/path_planning/include/path_planning/nav_core/local_nav.h' has modification time 16953 s in the future
[7.273s] [ 85%] [32mBuilding CXX object CMakeFiles/gl_nav_ros_node.dir/src/nav_core/gl_nav_ros.cpp.o[0m
[7.273s] [ 85%] [32mBuilding CXX object CMakeFiles/local_nav_ros_node.dir/src/nav_core/local_nav_ros.cpp.o[0m
[8.357s] [ 90%] Built target global_nav_ros_node
[34.335s] [ 95%] [32m[1mLinking CXX executable local_nav_ros_node[0m
[35.030s] [100%] [32m[1mLinking CXX executable gl_nav_ros_node[0m
[35.535s] gmake[2]: warning: Clock skew detected. Your build may be incomplete.
[35.548s] [100%] Built target local_nav_ros_node
[36.245s] gmake[2]: warning: Clock skew detected. Your build may be incomplete.
[36.256s] [100%] Built target gl_nav_ros_node
[36.274s] Invoked command in '/home/sentry-nov/code/colcon_3/build/path_planning' returned '0': CMAKE_PREFIX_PATH=/home/sentry-nov/code/colcon_3/install/rm_interface:/home/sentry-nov/code/colcon_3/install/debug_tools:/home/sentry-nov/code/colcon_3/install/tilted_lidar:/home/sentry-nov/code/colcon_3/install/rviz_plugin:/home/sentry-nov/code/colcon_3/install/rm_serial:/home/sentry-nov/code/colcon_3/install/rm_decision:/home/sentry-nov/code/colcon_3/install/motion_planning:/home/sentry-nov/code/colcon_3/install/path_planning:/home/sentry-nov/code/colcon_3/install/ikd_tree_mapping:/home/sentry-nov/code/colcon_3/install/point_lio:/home/sentry-nov/code/colcon_3/install/m_detector:/home/sentry-nov/code/colcon_3/install/fast_lio:/home/sentry-nov/code/colcon_3/install/livox_ros_driver2:/home/sentry-nov/code/colcon_3/install/icp_relocalization:/home/sentry-nov/code/colcon_3/install/altitude_map:/home/sentry-nov/code/colcon_3/install/behaviortree_cpp:/home/sentry-nov/code/colcon_3/install/auto_start:/opt/ros/humble LD_LIBRARY_PATH=/home/sentry-nov/code/colcon_3/install/rm_interface/lib:/home/sentry-nov/code/colcon_3/install/path_planning/lib:/home/sentry-nov/code/colcon_3/install/m_detector/lib:/home/sentry-nov/code/colcon_3/install/fast_lio/lib:/home/sentry-nov/code/colcon_3/install/livox_ros_driver2/lib:/home/sentry-nov/code/colcon_3/install/altitude_map/lib:/home/sentry-nov/code/colcon_3/install/behaviortree_cpp/lib:/usr/local/lib:/opt/ros/humble/opt/rviz_ogre_vendor/lib:/opt/ros/humble/lib/x86_64-linux-gnu:/opt/ros/humble/lib /usr/bin/cmake --build /home/sentry-nov/code/colcon_3/build/path_planning -- -j12 -l12
[36.277s] Invoking command in '/home/sentry-nov/code/colcon_3/build/path_planning': CMAKE_PREFIX_PATH=/home/sentry-nov/code/colcon_3/install/rm_interface:/home/sentry-nov/code/colcon_3/install/debug_tools:/home/sentry-nov/code/colcon_3/install/tilted_lidar:/home/sentry-nov/code/colcon_3/install/rviz_plugin:/home/sentry-nov/code/colcon_3/install/rm_serial:/home/sentry-nov/code/colcon_3/install/rm_decision:/home/sentry-nov/code/colcon_3/install/motion_planning:/home/sentry-nov/code/colcon_3/install/path_planning:/home/sentry-nov/code/colcon_3/install/ikd_tree_mapping:/home/sentry-nov/code/colcon_3/install/point_lio:/home/sentry-nov/code/colcon_3/install/m_detector:/home/sentry-nov/code/colcon_3/install/fast_lio:/home/sentry-nov/code/colcon_3/install/livox_ros_driver2:/home/sentry-nov/code/colcon_3/install/icp_relocalization:/home/sentry-nov/code/colcon_3/install/altitude_map:/home/sentry-nov/code/colcon_3/install/behaviortree_cpp:/home/sentry-nov/code/colcon_3/install/auto_start:/opt/ros/humble LD_LIBRARY_PATH=/home/sentry-nov/code/colcon_3/install/rm_interface/lib:/home/sentry-nov/code/colcon_3/install/path_planning/lib:/home/sentry-nov/code/colcon_3/install/m_detector/lib:/home/sentry-nov/code/colcon_3/install/fast_lio/lib:/home/sentry-nov/code/colcon_3/install/livox_ros_driver2/lib:/home/sentry-nov/code/colcon_3/install/altitude_map/lib:/home/sentry-nov/code/colcon_3/install/behaviortree_cpp/lib:/usr/local/lib:/opt/ros/humble/opt/rviz_ogre_vendor/lib:/opt/ros/humble/lib/x86_64-linux-gnu:/opt/ros/humble/lib /usr/bin/cmake --install /home/sentry-nov/code/colcon_3/build/path_planning
[36.293s] -- Install configuration: "Release"
[36.293s] -- Installing: /home/sentry-nov/code/colcon_3/install/path_planning/lib/libpath_planning.so
[36.294s] -- Set runtime path of "/home/sentry-nov/code/colcon_3/install/path_planning/lib/libpath_planning.so" to ""
[36.294s] -- Up-to-date: /home/sentry-nov/code/colcon_3/install/path_planning/share/path_planning/environment/library_path.sh
[36.294s] -- Up-to-date: /home/sentry-nov/code/colcon_3/install/path_planning/share/path_planning/environment/library_path.dsv
[36.294s] -- Up-to-date: /home/sentry-nov/code/colcon_3/install/path_planning/include
[36.294s] -- Up-to-date: /home/sentry-nov/code/colcon_3/install/path_planning/include/path_planning
[36.295s] -- Up-to-date: /home/sentry-nov/code/colcon_3/install/path_planning/include/path_planning/util
[36.295s] -- Up-to-date: /home/sentry-nov/code/colcon_3/install/path_planning/include/path_planning/util/group_run.h
[36.295s] -- Up-to-date: /home/sentry-nov/code/colcon_3/install/path_planning/include/path_planning/util/vis_ros.h
[36.295s] -- Up-to-date: /home/sentry-nov/code/colcon_3/install/path_planning/include/path_planning/util/vel_estimator.h
[36.295s] -- Up-to-date: /home/sentry-nov/code/colcon_3/install/path_planning/include/path_planning/nav_core
[36.295s] -- Up-to-date: /home/sentry-nov/code/colcon_3/install/path_planning/include/path_planning/nav_core/gl_nav.h
[36.295s] -- Up-to-date: /home/sentry-nov/code/colcon_3/install/path_planning/include/path_planning/nav_core/nav_core.h
[36.295s] -- Up-to-date: /home/sentry-nov/code/colcon_3/install/path_planning/include/path_planning/nav_core/local_nav.h
[36.295s] -- Up-to-date: /home/sentry-nov/code/colcon_3/install/path_planning/include/path_planning/nav_core/global_nav.h
[36.295s] -- Up-to-date: /home/sentry-nov/code/colcon_3/install/path_planning/include/path_planning/path_searcher
[36.295s] -- Up-to-date: /home/sentry-nov/code/colcon_3/install/path_planning/include/path_planning/path_searcher/path_searcher.h
[36.295s] -- Up-to-date: /home/sentry-nov/code/colcon_3/install/path_planning/include/path_planning/path_searcher/theta_star.h
[36.295s] -- Up-to-date: /home/sentry-nov/code/colcon_3/install/path_planning/include/path_planning/path_searcher/gird_node.h
[36.295s] -- Installing: /home/sentry-nov/code/colcon_3/install/path_planning/lib/path_planning/gl_nav_ros_node
[36.300s] -- Set runtime path of "/home/sentry-nov/code/colcon_3/install/path_planning/lib/path_planning/gl_nav_ros_node" to ""
[36.300s] -- Installing: /home/sentry-nov/code/colcon_3/install/path_planning/lib/path_planning/global_nav_ros_node
[36.303s] -- Set runtime path of "/home/sentry-nov/code/colcon_3/install/path_planning/lib/path_planning/global_nav_ros_node" to ""
[36.303s] -- Installing: /home/sentry-nov/code/colcon_3/install/path_planning/lib/path_planning/local_nav_ros_node
[36.307s] -- Set runtime path of "/home/sentry-nov/code/colcon_3/install/path_planning/lib/path_planning/local_nav_ros_node" to ""
[36.307s] -- Up-to-date: /home/sentry-nov/code/colcon_3/install/path_planning/lib/path_planning/test_hash_uuid_node
[36.307s] -- Up-to-date: /home/sentry-nov/code/colcon_3/install/path_planning/lib/path_planning/test_set_hhid_node
[36.308s] -- Up-to-date: /home/sentry-nov/code/colcon_3/install/path_planning/lib/path_planning/test_vel_estimator_node
[36.308s] -- Up-to-date: /home/sentry-nov/code/colcon_3/install/path_planning/share/ament_index/resource_index/package_run_dependencies/path_planning
[36.308s] -- Up-to-date: /home/sentry-nov/code/colcon_3/install/path_planning/share/ament_index/resource_index/parent_prefix_path/path_planning
[36.308s] -- Up-to-date: /home/sentry-nov/code/colcon_3/install/path_planning/share/path_planning/environment/ament_prefix_path.sh
[36.308s] -- Up-to-date: /home/sentry-nov/code/colcon_3/install/path_planning/share/path_planning/environment/ament_prefix_path.dsv
[36.308s] -- Up-to-date: /home/sentry-nov/code/colcon_3/install/path_planning/share/path_planning/environment/path.sh
[36.308s] -- Up-to-date: /home/sentry-nov/code/colcon_3/install/path_planning/share/path_planning/environment/path.dsv
[36.308s] -- Up-to-date: /home/sentry-nov/code/colcon_3/install/path_planning/share/path_planning/local_setup.bash
[36.308s] -- Up-to-date: /home/sentry-nov/code/colcon_3/install/path_planning/share/path_planning/local_setup.sh
[36.308s] -- Up-to-date: /home/sentry-nov/code/colcon_3/install/path_planning/share/path_planning/local_setup.zsh
[36.308s] -- Up-to-date: /home/sentry-nov/code/colcon_3/install/path_planning/share/path_planning/local_setup.dsv
[36.308s] -- Installing: /home/sentry-nov/code/colcon_3/install/path_planning/share/path_planning/package.dsv
[36.309s] -- Up-to-date: /home/sentry-nov/code/colcon_3/install/path_planning/share/ament_index/resource_index/packages/path_planning
[36.309s] -- Up-to-date: /home/sentry-nov/code/colcon_3/install/path_planning/share/path_planning/cmake/ament_cmake_export_include_directories-extras.cmake
[36.309s] -- Up-to-date: /home/sentry-nov/code/colcon_3/install/path_planning/share/path_planning/cmake/ament_cmake_export_libraries-extras.cmake
[36.309s] -- Up-to-date: /home/sentry-nov/code/colcon_3/install/path_planning/share/path_planning/cmake/path_planningConfig.cmake
[36.309s] -- Up-to-date: /home/sentry-nov/code/colcon_3/install/path_planning/share/path_planning/cmake/path_planningConfig-version.cmake
[36.309s] -- Up-to-date: /home/sentry-nov/code/colcon_3/install/path_planning/share/path_planning/package.xml
[36.312s] Invoked command in '/home/sentry-nov/code/colcon_3/build/path_planning' returned '0': CMAKE_PREFIX_PATH=/home/sentry-nov/code/colcon_3/install/rm_interface:/home/sentry-nov/code/colcon_3/install/debug_tools:/home/sentry-nov/code/colcon_3/install/tilted_lidar:/home/sentry-nov/code/colcon_3/install/rviz_plugin:/home/sentry-nov/code/colcon_3/install/rm_serial:/home/sentry-nov/code/colcon_3/install/rm_decision:/home/sentry-nov/code/colcon_3/install/motion_planning:/home/sentry-nov/code/colcon_3/install/path_planning:/home/sentry-nov/code/colcon_3/install/ikd_tree_mapping:/home/sentry-nov/code/colcon_3/install/point_lio:/home/sentry-nov/code/colcon_3/install/m_detector:/home/sentry-nov/code/colcon_3/install/fast_lio:/home/sentry-nov/code/colcon_3/install/livox_ros_driver2:/home/sentry-nov/code/colcon_3/install/icp_relocalization:/home/sentry-nov/code/colcon_3/install/altitude_map:/home/sentry-nov/code/colcon_3/install/behaviortree_cpp:/home/sentry-nov/code/colcon_3/install/auto_start:/opt/ros/humble LD_LIBRARY_PATH=/home/sentry-nov/code/colcon_3/install/rm_interface/lib:/home/sentry-nov/code/colcon_3/install/path_planning/lib:/home/sentry-nov/code/colcon_3/install/m_detector/lib:/home/sentry-nov/code/colcon_3/install/fast_lio/lib:/home/sentry-nov/code/colcon_3/install/livox_ros_driver2/lib:/home/sentry-nov/code/colcon_3/install/altitude_map/lib:/home/sentry-nov/code/colcon_3/install/behaviortree_cpp/lib:/usr/local/lib:/opt/ros/humble/opt/rviz_ogre_vendor/lib:/opt/ros/humble/lib/x86_64-linux-gnu:/opt/ros/humble/lib /usr/bin/cmake --install /home/sentry-nov/code/colcon_3/build/path_planning
