[35m[1mConsolidate compiler generated dependencies of target test_node[0m
[35m[1mConsolidate compiler generated dependencies of target rm_decision_node[0m
gmake[2]: Warning: File '/home/sentry-nov/code/colcon_3/src/common/rm_decision/src/rmm_decision.cpp' has modification time 28475 s in the future
gmake[2]: Warning: File '/home/sentry-nov/code/colcon_3/src/common/rm_decision/include/rm_decision/enemy_tracker.h' has modification time 26640 s in the future
[ 50%] [32mBuilding CXX object CMakeFiles/test_node.dir/test/test.cpp.o[0m
[ 50%] [32mBuilding CXX object CMakeFiles/rm_decision_node.dir/src/rmm_decision.cpp.o[0m
[ 50%] [32mBuilding CXX object CMakeFiles/test_node.dir/src/rm_decision.cpp.o[0m
[ 66%] [32mBuilding CXX object CMakeFiles/rm_decision_node.dir/src/rmm_decision_ros.cpp.o[0m
[01m[K/home/sentry-nov/code/colcon_3/src/common/rm_decision/src/rmm_decision.cpp:[m[K In member function ‘[01m[Kvoid rm_decision::RMMDecision::updateSentryInfo(const std::vector<int>&)[m[K’:
[01m[K/home/sentry-nov/code/colcon_3/src/common/rm_decision/src/rmm_decision.cpp:40:60:[m[K [01;35m[Kwarning: [m[Kunused parameter ‘[01m[Kinfo[m[K’ [[01;35m[K]8;;https://gcc.gnu.org/onlinedocs/gcc/Warning-Options.html#index-Wunused-parameter-Wunused-parameter]8;;[m[K]
   40 | void RMMDecision::updateSentryInfo([01;35m[Kconst std::vector<int>& info[m[K){
      |                                    [01;35m[K~~~~~~~~~~~~~~~~~~~~~~~~^~~~[m[K
[ 83%] [32m[1mLinking CXX executable test_node[0m
gmake[2]: warning: Clock skew detected. Your build may be incomplete.
[ 83%] Built target test_node
[100%] [32m[1mLinking CXX executable rm_decision_node[0m
gmake[2]: warning: Clock skew detected. Your build may be incomplete.
[100%] Built target rm_decision_node
-- Install configuration: "Release"
-- Installing: /home/sentry-nov/code/colcon_3/install/rm_decision/lib/rm_decision/rm_decision_node
-- Set runtime path of "/home/sentry-nov/code/colcon_3/install/rm_decision/lib/rm_decision/rm_decision_node" to ""
-- Installing: /home/sentry-nov/code/colcon_3/install/rm_decision/lib/rm_decision/test_node
-- Set runtime path of "/home/sentry-nov/code/colcon_3/install/rm_decision/lib/rm_decision/test_node" to ""
-- Up-to-date: /home/sentry-nov/code/colcon_3/install/rm_decision/share/ament_index/resource_index/package_run_dependencies/rm_decision
-- Up-to-date: /home/sentry-nov/code/colcon_3/install/rm_decision/share/ament_index/resource_index/parent_prefix_path/rm_decision
-- Up-to-date: /home/sentry-nov/code/colcon_3/install/rm_decision/share/rm_decision/environment/ament_prefix_path.sh
-- Up-to-date: /home/sentry-nov/code/colcon_3/install/rm_decision/share/rm_decision/environment/ament_prefix_path.dsv
-- Up-to-date: /home/sentry-nov/code/colcon_3/install/rm_decision/share/rm_decision/environment/path.sh
-- Up-to-date: /home/sentry-nov/code/colcon_3/install/rm_decision/share/rm_decision/environment/path.dsv
-- Up-to-date: /home/sentry-nov/code/colcon_3/install/rm_decision/share/rm_decision/local_setup.bash
-- Up-to-date: /home/sentry-nov/code/colcon_3/install/rm_decision/share/rm_decision/local_setup.sh
-- Up-to-date: /home/sentry-nov/code/colcon_3/install/rm_decision/share/rm_decision/local_setup.zsh
-- Up-to-date: /home/sentry-nov/code/colcon_3/install/rm_decision/share/rm_decision/local_setup.dsv
-- Installing: /home/sentry-nov/code/colcon_3/install/rm_decision/share/rm_decision/package.dsv
-- Up-to-date: /home/sentry-nov/code/colcon_3/install/rm_decision/share/ament_index/resource_index/packages/rm_decision
-- Up-to-date: /home/sentry-nov/code/colcon_3/install/rm_decision/share/rm_decision/cmake/rm_decisionConfig.cmake
-- Up-to-date: /home/sentry-nov/code/colcon_3/install/rm_decision/share/rm_decision/cmake/rm_decisionConfig-version.cmake
-- Up-to-date: /home/sentry-nov/code/colcon_3/install/rm_decision/share/rm_decision/package.xml
