Traceback (most recent call last):
  File "/opt/ros/humble/lib/rosidl_typesupport_fastrtps_c/rosidl_typesupport_fastrtps_c", line 33, in <module>
Traceback (most recent call last):
gmake[2]: *** [CMakeFiles/rm_interface__rosidl_typesupport_cpp.dir/build.make:104: CMakeFiles/rm_interface__rosidl_typesupport_cpp.dir/rosidl_typesupport_cpp/rm_interface/msg/command__type_support.cpp.o] Interrupt
gmake[2]: *** [CMakeFiles/rm_interface__rosidl_typesupport_cpp.dir/build.make:90: CMakeFiles/rm_interface__rosidl_typesupport_cpp.dir/rosidl_typesupport_cpp/rm_interface/srv/save_pcd__type_support.cpp.o] Interrupt
gmake[2]: *** [CMakeFiles/rm_interface__rosidl_typesupport_fastrtps_cpp.dir/build.make:98: CMakeFiles/rm_interface__rosidl_typesupport_fastrtps_cpp.dir/rosidl_typesupport_fastrtps_cpp/rm_interface/srv/detail/dds_fastrtps/save_pcd__type_support.cpp.o] Interrupt
    sys.exit(main())
  File "/opt/ros/humble/lib/rosidl_typesupport_fastrtps_c/rosidl_typesupport_fastrtps_c", line 29, in main
gmake[2]: *** [CMakeFiles/rm_interface__rosidl_typesupport_fastrtps_cpp.dir/build.make:112: CMakeFiles/rm_interface__rosidl_typesupport_fastrtps_cpp.dir/rosidl_typesupport_fastrtps_cpp/rm_interface/msg/detail/dds_fastrtps/command__type_support.cpp.o] Interrupt
    generate_typesupport_fastrtps_c(args.generator_arguments_file)
  File "/opt/ros/humble/local/lib/python3.10/dist-packages/rosidl_typesupport_fastrtps_c/__init__.py", line 24, in generate_typesupport_fastrtps_c
    return generate_files(generator_arguments_file, mapping)
  File "/opt/ros/humble/local/lib/python3.10/dist-packages/rosidl_cmake/__init__.py", line 74, in generate_files
    idl_file = parse_idl_file(locator)
  File "/opt/ros/humble/local/lib/python3.10/dist-packages/rosidl_parser/parser.py", line 64, in parse_idl_file
    content = parse_idl_string(string, png_file=png_file)
  File "/opt/ros/humble/local/lib/python3.10/dist-packages/rosidl_parser/parser.py", line 72, in parse_idl_string
gmake[1]: *** [CMakeFiles/Makefile2:395: CMakeFiles/rm_interface__rosidl_typesupport_cpp.dir/all] Interrupt
  File "/opt/ros/humble/lib/rosidl_typesupport_introspection_c/rosidl_typesupport_introspection_c", line 31, in <module>
    sys.exit(main())
  File "/opt/ros/humble/lib/rosidl_typesupport_introspection_c/rosidl_typesupport_introspection_c", line 27, in main
    generate_c(args.generator_arguments_file)
  File "/opt/ros/humble/local/lib/python3.10/dist-packages/rosidl_typesupport_introspection_c/__init__.py", line 31, in generate_c
    return generate_files(generator_arguments_file, mapping)
  File "/opt/ros/humble/local/lib/python3.10/dist-packages/rosidl_cmake/__init__.py", line 74, in generate_files
    idl_file = parse_idl_file(locator)
  File "/opt/ros/humble/local/lib/python3.10/dist-packages/rosidl_parser/parser.py", line 64, in parse_idl_file
    content = parse_idl_string(string, png_file=png_file)
  File "/opt/ros/humble/local/lib/python3.10/dist-packages/rosidl_parser/parser.py", line 72, in parse_idl_string
    tree = get_ast_from_idl_string(idl_string)
  File "/opt/ros/humble/local/lib/python3.10/dist-packages/rosidl_parser/parser.py", line 89, in get_ast_from_idl_string
    return _parser.parse(idl_string)
  File "/usr/lib/python3/dist-packages/lark/lark.py", line 619, in parse
    tree = get_ast_from_idl_string(idl_string)
Traceback (most recent call last):
  File "/opt/ros/humble/local/lib/python3.10/dist-packages/rosidl_parser/parser.py", line 89, in get_ast_from_idl_string
gmake[2]: *** [CMakeFiles/rm_interface__rosidl_typesupport_introspection_cpp.dir/build.make:98: CMakeFiles/rm_interface__rosidl_typesupport_introspection_cpp.dir/rosidl_typesupport_introspection_cpp/rm_interface/srv/detail/save_pcd__type_support.cpp.o] Interrupt
    return _parser.parse(idl_string)
  File "/usr/lib/python3/dist-packages/lark/lark.py", line 619, in parse
gmake[2]: *** wait: No child processes. Stop.
gmake[2]: *** Waiting for unfinished jobs....
gmake[2]: *** wait: No child processes. Stop.
  File "/opt/ros/humble/lib/rosidl_typesupport_c/rosidl_typesupport_c", line 28, in <module>
    sys.exit(main())
  File "/opt/ros/humble/lib/rosidl_typesupport_c/rosidl_typesupport_c", line 24, in main
    generate_c(args.generator_arguments_file, args.typesupports)
  File "/opt/ros/humble/local/lib/python3.10/dist-packages/rosidl_typesupport_c/__init__.py", line 28, in generate_c
    return generate_files(
  File "/opt/ros/humble/local/lib/python3.10/dist-packages/rosidl_cmake/__init__.py", line 74, in generate_files
gmake[1]: *** [CMakeFiles/Makefile2:291: CMakeFiles/rm_interface__rosidl_typesupport_fastrtps_cpp.dir/all] Interrupt
    idl_file = parse_idl_file(locator)
  File "/opt/ros/humble/local/lib/python3.10/dist-packages/rosidl_parser/parser.py", line 64, in parse_idl_file
    content = parse_idl_string(string, png_file=png_file)
  File "/opt/ros/humble/local/lib/python3.10/dist-packages/rosidl_parser/parser.py", line 72, in parse_idl_string
    tree = get_ast_from_idl_string(idl_string)
  File "/opt/ros/humble/local/lib/python3.10/dist-packages/rosidl_parser/parser.py", line 89, in get_ast_from_idl_string
gmake[1]: *** [CMakeFiles/Makefile2:369: CMakeFiles/rm_interface__rosidl_typesupport_introspection_cpp.dir/all] Error 2
    return _parser.parse(idl_string)
  File "/usr/lib/python3/dist-packages/lark/lark.py", line 619, in parse
    return self.parser.parse(text, start=start, on_error=on_error)
  File "/usr/lib/python3/dist-packages/lark/parser_frontends.py", line 99, in parse
    return self.parser.parse(text, start=start, on_error=on_error)
  File "/usr/lib/python3/dist-packages/lark/parser_frontends.py", line 99, in parse
    return self.parser.parse(text, start=start, on_error=on_error)
  File "/usr/lib/python3/dist-packages/lark/parser_frontends.py", line 99, in parse
    return self.parser.parse(stream, chosen_start, **kw)
  File "/usr/lib/python3/dist-packages/lark/parsers/earley.py", line 266, in parse
    return self.parser.parse(stream, chosen_start, **kw)
  File "/usr/lib/python3/dist-packages/lark/parsers/earley.py", line 266, in parse
    return self.parser.parse(stream, chosen_start, **kw)
KeyboardInterrupt
    to_scan = self._parse(lexer, columns, to_scan, start_symbol)
  File "/usr/lib/python3/dist-packages/lark/parsers/xearley.py", line 144, in _parse
    to_scan = self._parse(lexer, columns, to_scan, start_symbol)
  File "/usr/lib/python3/dist-packages/lark/parsers/xearley.py", line 144, in _parse
    self.predict_and_complete(i, to_scan, columns, transitives)
  File "/usr/lib/python3/dist-packages/lark/parsers/earley.py", line 140, in predict_and_complete
    new_item = Item(rule, 0, i)
  File "/usr/lib/python3/dist-packages/lark/parsers/earley_common.py", line 23, in __init__
    self.predict_and_complete(i, to_scan, columns, transitives)
  File "/usr/lib/python3/dist-packages/lark/parsers/earley.py", line 140, in predict_and_complete
    new_item = Item(rule, 0, i)
  File "/usr/lib/python3/dist-packages/lark/parsers/earley_common.py", line 9, in __init__
    self._hash = hash((self.s, self.start))
  File "/usr/lib/python3/dist-packages/lark/grammar.py", line 113, in __hash__
    def __init__(self, rule, ptr, start):
KeyboardInterrupt
    def __hash__(self):
KeyboardInterrupt
gmake[2]: *** [CMakeFiles/rm_interface__rosidl_typesupport_c.dir/build.make:81: rosidl_typesupport_c/rm_interface/srv/save_pcd__type_support.cpp] Interrupt
gmake[1]: *** [CMakeFiles/Makefile2:342: CMakeFiles/rm_interface__rosidl_typesupport_c.dir/all] Interrupt
gmake[2]: *** [CMakeFiles/rm_interface__rosidl_typesupport_introspection_c.dir/build.make:83: rosidl_typesupport_introspection_c/rm_interface/srv/detail/save_pcd__rosidl_typesupport_introspection_c.h] Interrupt
gmake[1]: *** [CMakeFiles/Makefile2:316: CMakeFiles/rm_interface__rosidl_typesupport_introspection_c.dir/all] Interrupt
gmake[2]: *** [CMakeFiles/rm_interface__rosidl_typesupport_fastrtps_c.dir/build.make:83: rosidl_typesupport_fastrtps_c/rm_interface/srv/detail/save_pcd__rosidl_typesupport_fastrtps_c.h] Interrupt
gmake[1]: *** [CMakeFiles/Makefile2:238: CMakeFiles/rm_interface__rosidl_typesupport_fastrtps_c.dir/all] Interrupt
gmake: *** [Makefile:146: all] Interrupt
