[0.015s] Invoking command in '/home/sentry-nov/code/colcon_3/build/rm_interface': CMAKE_PREFIX_PATH=/opt/ros/humble /usr/bin/cmake /home/sentry-nov/code/colcon_3/src/common/rm_interface -DCMAKE_BUILD_TYPE=Release -DCMAKE_INSTALL_PREFIX=/home/sentry-nov/code/colcon_3/install/rm_interface
[0.258s] -- The C compiler identification is GNU 11.4.0
[0.401s] -- The CXX compiler identification is GNU 11.4.0
[0.419s] -- Detecting C compiler ABI info
[0.523s] -- Detecting C compiler ABI info - done
[0.530s] -- Check for working C compiler: /usr/bin/cc - skipped
[0.532s] -- Detecting C compile features
[0.534s] -- Detecting C compile features - done
[0.538s] -- Detecting CXX compiler ABI info
[0.636s] -- Detecting CXX compiler ABI info - done
[0.644s] -- Check for working CXX compiler: /usr/bin/c++ - skipped
[0.644s] -- Detecting CXX compile features
[0.644s] -- Detecting CXX compile features - done
[0.659s] -- Found ament_cmake: 1.3.11 (/opt/ros/humble/share/ament_cmake/cmake)
[0.831s] -- Found Python3: /usr/bin/python3 (found version "3.10.12") found components: Interpreter 
[1.019s] -- Found rclcpp: 16.0.11 (/opt/ros/humble/share/rclcpp/cmake)
[1.086s] -- Found rosidl_generator_c: 3.1.6 (/opt/ros/humble/share/rosidl_generator_c/cmake)
[1.093s] -- Found rosidl_adapter: 3.1.6 (/opt/ros/humble/share/rosidl_adapter/cmake)
[1.106s] -- Found rosidl_generator_cpp: 3.1.6 (/opt/ros/humble/share/rosidl_generator_cpp/cmake)
[1.125s] -- Using all available rosidl_typesupport_c: rosidl_typesupport_fastrtps_c;rosidl_typesupport_introspection_c
[1.142s] -- Using all available rosidl_typesupport_cpp: rosidl_typesupport_fastrtps_cpp;rosidl_typesupport_introspection_cpp
[1.210s] -- Found rmw_implementation_cmake: 6.1.2 (/opt/ros/humble/share/rmw_implementation_cmake/cmake)
[1.215s] -- Found rmw_fastrtps_cpp: 6.2.7 (/opt/ros/humble/share/rmw_fastrtps_cpp/cmake)
[1.343s] -- Found OpenSSL: /usr/lib/x86_64-linux-gnu/libcrypto.so (found version "3.0.2")  
[1.402s] -- Found FastRTPS: /opt/ros/humble/include  
[1.444s] -- Using RMW implementation 'rmw_fastrtps_cpp' as default
[1.479s] -- Looking for pthread.h
[1.585s] -- Looking for pthread.h - found
[1.586s] -- Performing Test CMAKE_HAVE_LIBC_PTHREAD
[1.688s] -- Performing Test CMAKE_HAVE_LIBC_PTHREAD - Success
[1.689s] -- Found Threads: TRUE  
[1.795s] -- Found rosidl_default_generators: 1.2.0 (/opt/ros/humble/share/rosidl_default_generators/cmake)
[2.060s] -- Found ament_cmake_ros: 0.10.0 (/opt/ros/humble/share/ament_cmake_ros/cmake)
[2.373s] -- Using all available rosidl_typesupport_c: rosidl_typesupport_fastrtps_c;rosidl_typesupport_introspection_c
[2.490s] -- Using all available rosidl_typesupport_cpp: rosidl_typesupport_fastrtps_cpp;rosidl_typesupport_introspection_cpp
[2.516s] -- Found PythonInterp: /usr/bin/python3 (found suitable version "3.10.12", minimum required is "3.6") 
[2.519s] -- Found python_cmake_module: 0.10.0 (/opt/ros/humble/share/python_cmake_module/cmake)
[2.546s] -- Found PythonLibs: /usr/lib/x86_64-linux-gnu/libpython3.10.so (found suitable version "3.10.12", minimum required is "3.5") 
[2.546s] -- Using PYTHON_EXECUTABLE: /usr/bin/python3
[2.546s] -- Using PYTHON_INCLUDE_DIRS: /usr/include/python3.10
[2.546s] -- Using PYTHON_LIBRARIES: /usr/lib/x86_64-linux-gnu/libpython3.10.so
[2.569s] -- Found PythonExtra: .so  
[2.623s] -- Configuring done
[2.661s] -- Generating done
[2.671s] -- Build files have been written to: /home/sentry-nov/code/colcon_3/build/rm_interface
[2.684s] Invoked command in '/home/sentry-nov/code/colcon_3/build/rm_interface' returned '0': CMAKE_PREFIX_PATH=/opt/ros/humble /usr/bin/cmake /home/sentry-nov/code/colcon_3/src/common/rm_interface -DCMAKE_BUILD_TYPE=Release -DCMAKE_INSTALL_PREFIX=/home/sentry-nov/code/colcon_3/install/rm_interface
[2.686s] Invoking command in '/home/sentry-nov/code/colcon_3/build/rm_interface': CMAKE_PREFIX_PATH=/opt/ros/humble /usr/bin/cmake --build /home/sentry-nov/code/colcon_3/build/rm_interface -- -j12 -l12
[2.732s] [  2%] [34m[1mGenerating C code for ROS interfaces[0m
[2.743s] [  5%] [34m[1mGenerating C++ code for ROS interfaces[0m
[2.755s] [  5%] Built target ament_cmake_python_copy_rm_interface
[2.997s] running egg_info
[2.997s] creating rm_interface.egg-info
[2.998s] writing rm_interface.egg-info/PKG-INFO
[2.998s] writing dependency_links to rm_interface.egg-info/dependency_links.txt
[2.998s] writing top-level names to rm_interface.egg-info/top_level.txt
[2.998s] writing manifest file 'rm_interface.egg-info/SOURCES.txt'
[3.013s] reading manifest file 'rm_interface.egg-info/SOURCES.txt'
[3.014s] writing manifest file 'rm_interface.egg-info/SOURCES.txt'
[3.070s] [  5%] Built target ament_cmake_python_build_rm_interface_egg
[3.122s] [  7%] [32mBuilding C object CMakeFiles/rm_interface__rosidl_generator_c.dir/rosidl_generator_c/rm_interface/msg/detail/command__functions.c.o[0m
[3.123s] [ 10%] [32mBuilding C object CMakeFiles/rm_interface__rosidl_generator_c.dir/rosidl_generator_c/rm_interface/srv/detail/save_pcd__functions.c.o[0m
[3.129s] [ 10%] Built target rm_interface__cpp
[3.141s] [ 12%] [34m[1mGenerating C++ type support dispatch for ROS interfaces[0m
[3.144s] [ 15%] [34m[1mGenerating C++ type support for eProsima Fast-RTPS[0m
[3.145s] [ 17%] [34m[1mGenerating C++ introspection for ROS interfaces[0m
[3.314s] [ 20%] [32m[1mLinking C shared library librm_interface__rosidl_generator_c.so[0m
[3.363s] [ 20%] Built target rm_interface__rosidl_generator_c
[3.374s] [ 25%] [34m[1mGenerating C type support for eProsima Fast-RTPS[0m
[3.374s] [ 25%] [34m[1mGenerating C type support dispatch for ROS interfaces[0m
[3.376s] [ 28%] [34m[1mGenerating C introspection for ROS interfaces[0m
[3.498s] [ 33%] [32mBuilding CXX object CMakeFiles/rm_interface__rosidl_typesupport_introspection_cpp.dir/rosidl_typesupport_introspection_cpp/rm_interface/srv/detail/save_pcd__type_support.cpp.o[0m
[3.498s] [ 33%] [32mBuilding CXX object CMakeFiles/rm_interface__rosidl_typesupport_introspection_cpp.dir/rosidl_typesupport_introspection_cpp/rm_interface/msg/detail/command__type_support.cpp.o[0m
[3.510s] [ 38%] [32mBuilding CXX object CMakeFiles/rm_interface__rosidl_typesupport_cpp.dir/rosidl_typesupport_cpp/rm_interface/srv/save_pcd__type_support.cpp.o[0m
[3.510s] [ 38%] [32mBuilding CXX object CMakeFiles/rm_interface__rosidl_typesupport_cpp.dir/rosidl_typesupport_cpp/rm_interface/msg/command__type_support.cpp.o[0m
[3.542s] [ 43%] [32mBuilding CXX object CMakeFiles/rm_interface__rosidl_typesupport_fastrtps_cpp.dir/rosidl_typesupport_fastrtps_cpp/rm_interface/msg/detail/dds_fastrtps/command__type_support.cpp.o[0m
[3.543s] [ 43%] [32mBuilding CXX object CMakeFiles/rm_interface__rosidl_typesupport_fastrtps_cpp.dir/rosidl_typesupport_fastrtps_cpp/rm_interface/srv/detail/dds_fastrtps/save_pcd__type_support.cpp.o[0m
[3.653s] Traceback (most recent call last):
[3.653s]   File "/opt/ros/humble/lib/rosidl_typesupport_fastrtps_c/rosidl_typesupport_fastrtps_c", line 33, in <module>
[3.654s] Traceback (most recent call last):
[3.654s] gmake[2]: *** [CMakeFiles/rm_interface__rosidl_typesupport_cpp.dir/build.make:104: CMakeFiles/rm_interface__rosidl_typesupport_cpp.dir/rosidl_typesupport_cpp/rm_interface/msg/command__type_support.cpp.o] Interrupt
[3.654s] gmake[2]: *** [CMakeFiles/rm_interface__rosidl_typesupport_cpp.dir/build.make:90: CMakeFiles/rm_interface__rosidl_typesupport_cpp.dir/rosidl_typesupport_cpp/rm_interface/srv/save_pcd__type_support.cpp.o] Interrupt
[3.654s] gmake[2]: *** [CMakeFiles/rm_interface__rosidl_typesupport_fastrtps_cpp.dir/build.make:98: CMakeFiles/rm_interface__rosidl_typesupport_fastrtps_cpp.dir/rosidl_typesupport_fastrtps_cpp/rm_interface/srv/detail/dds_fastrtps/save_pcd__type_support.cpp.o] Interrupt
[3.654s]     sys.exit(main())
[3.654s]   File "/opt/ros/humble/lib/rosidl_typesupport_fastrtps_c/rosidl_typesupport_fastrtps_c", line 29, in main
[3.654s] gmake[2]: *** [CMakeFiles/rm_interface__rosidl_typesupport_fastrtps_cpp.dir/build.make:112: CMakeFiles/rm_interface__rosidl_typesupport_fastrtps_cpp.dir/rosidl_typesupport_fastrtps_cpp/rm_interface/msg/detail/dds_fastrtps/command__type_support.cpp.o] Interrupt
[3.654s]     generate_typesupport_fastrtps_c(args.generator_arguments_file)
[3.654s]   File "/opt/ros/humble/local/lib/python3.10/dist-packages/rosidl_typesupport_fastrtps_c/__init__.py", line 24, in generate_typesupport_fastrtps_c
[3.655s]     return generate_files(generator_arguments_file, mapping)
[3.655s]   File "/opt/ros/humble/local/lib/python3.10/dist-packages/rosidl_cmake/__init__.py", line 74, in generate_files
[3.655s]     idl_file = parse_idl_file(locator)
[3.655s]   File "/opt/ros/humble/local/lib/python3.10/dist-packages/rosidl_parser/parser.py", line 64, in parse_idl_file
[3.655s]     content = parse_idl_string(string, png_file=png_file)
[3.655s]   File "/opt/ros/humble/local/lib/python3.10/dist-packages/rosidl_parser/parser.py", line 72, in parse_idl_string
[3.655s] gmake[1]: *** [CMakeFiles/Makefile2:395: CMakeFiles/rm_interface__rosidl_typesupport_cpp.dir/all] Interrupt
[3.655s]   File "/opt/ros/humble/lib/rosidl_typesupport_introspection_c/rosidl_typesupport_introspection_c", line 31, in <module>
[3.655s]     sys.exit(main())
[3.655s]   File "/opt/ros/humble/lib/rosidl_typesupport_introspection_c/rosidl_typesupport_introspection_c", line 27, in main
[3.656s]     generate_c(args.generator_arguments_file)
[3.656s]   File "/opt/ros/humble/local/lib/python3.10/dist-packages/rosidl_typesupport_introspection_c/__init__.py", line 31, in generate_c
[3.656s]     return generate_files(generator_arguments_file, mapping)
[3.656s]   File "/opt/ros/humble/local/lib/python3.10/dist-packages/rosidl_cmake/__init__.py", line 74, in generate_files
[3.656s]     idl_file = parse_idl_file(locator)
[3.656s]   File "/opt/ros/humble/local/lib/python3.10/dist-packages/rosidl_parser/parser.py", line 64, in parse_idl_file
[3.656s]     content = parse_idl_string(string, png_file=png_file)
[3.656s]   File "/opt/ros/humble/local/lib/python3.10/dist-packages/rosidl_parser/parser.py", line 72, in parse_idl_string
[3.656s]     tree = get_ast_from_idl_string(idl_string)
[3.656s]   File "/opt/ros/humble/local/lib/python3.10/dist-packages/rosidl_parser/parser.py", line 89, in get_ast_from_idl_string
[3.656s]     return _parser.parse(idl_string)
[3.656s]   File "/usr/lib/python3/dist-packages/lark/lark.py", line 619, in parse
[3.656s]     tree = get_ast_from_idl_string(idl_string)
[3.657s] Traceback (most recent call last):
[3.657s]   File "/opt/ros/humble/local/lib/python3.10/dist-packages/rosidl_parser/parser.py", line 89, in get_ast_from_idl_string
[3.657s] gmake[2]: *** [CMakeFiles/rm_interface__rosidl_typesupport_introspection_cpp.dir/build.make:98: CMakeFiles/rm_interface__rosidl_typesupport_introspection_cpp.dir/rosidl_typesupport_introspection_cpp/rm_interface/srv/detail/save_pcd__type_support.cpp.o] Interrupt
[3.657s]     return _parser.parse(idl_string)
[3.657s]   File "/usr/lib/python3/dist-packages/lark/lark.py", line 619, in parse
[3.657s] gmake[2]: *** wait: No child processes. Stop.
[3.657s] gmake[2]: *** Waiting for unfinished jobs....
[3.657s] gmake[2]: *** wait: No child processes. Stop.
[3.657s]   File "/opt/ros/humble/lib/rosidl_typesupport_c/rosidl_typesupport_c", line 28, in <module>
[3.657s]     sys.exit(main())
[3.657s]   File "/opt/ros/humble/lib/rosidl_typesupport_c/rosidl_typesupport_c", line 24, in main
[3.657s]     generate_c(args.generator_arguments_file, args.typesupports)
[3.657s]   File "/opt/ros/humble/local/lib/python3.10/dist-packages/rosidl_typesupport_c/__init__.py", line 28, in generate_c
[3.657s]     return generate_files(
[3.658s]   File "/opt/ros/humble/local/lib/python3.10/dist-packages/rosidl_cmake/__init__.py", line 74, in generate_files
[3.658s] gmake[1]: *** [CMakeFiles/Makefile2:291: CMakeFiles/rm_interface__rosidl_typesupport_fastrtps_cpp.dir/all] Interrupt
[3.658s]     idl_file = parse_idl_file(locator)
[3.658s]   File "/opt/ros/humble/local/lib/python3.10/dist-packages/rosidl_parser/parser.py", line 64, in parse_idl_file
[3.658s]     content = parse_idl_string(string, png_file=png_file)
[3.658s]   File "/opt/ros/humble/local/lib/python3.10/dist-packages/rosidl_parser/parser.py", line 72, in parse_idl_string
[3.658s]     tree = get_ast_from_idl_string(idl_string)
[3.658s]   File "/opt/ros/humble/local/lib/python3.10/dist-packages/rosidl_parser/parser.py", line 89, in get_ast_from_idl_string
[3.658s] gmake[1]: *** [CMakeFiles/Makefile2:369: CMakeFiles/rm_interface__rosidl_typesupport_introspection_cpp.dir/all] Error 2
[3.658s]     return _parser.parse(idl_string)
[3.658s]   File "/usr/lib/python3/dist-packages/lark/lark.py", line 619, in parse
[3.658s]     return self.parser.parse(text, start=start, on_error=on_error)
[3.658s]   File "/usr/lib/python3/dist-packages/lark/parser_frontends.py", line 99, in parse
[3.658s]     return self.parser.parse(text, start=start, on_error=on_error)
[3.659s]   File "/usr/lib/python3/dist-packages/lark/parser_frontends.py", line 99, in parse
[3.659s]     return self.parser.parse(text, start=start, on_error=on_error)
[3.659s]   File "/usr/lib/python3/dist-packages/lark/parser_frontends.py", line 99, in parse
[3.659s]     return self.parser.parse(stream, chosen_start, **kw)
[3.659s]   File "/usr/lib/python3/dist-packages/lark/parsers/earley.py", line 266, in parse
[3.659s]     return self.parser.parse(stream, chosen_start, **kw)
[3.659s]   File "/usr/lib/python3/dist-packages/lark/parsers/earley.py", line 266, in parse
[3.659s]     return self.parser.parse(stream, chosen_start, **kw)
[3.659s] KeyboardInterrupt
[3.659s]     to_scan = self._parse(lexer, columns, to_scan, start_symbol)
[3.660s]   File "/usr/lib/python3/dist-packages/lark/parsers/xearley.py", line 144, in _parse
[3.660s]     to_scan = self._parse(lexer, columns, to_scan, start_symbol)
[3.660s]   File "/usr/lib/python3/dist-packages/lark/parsers/xearley.py", line 144, in _parse
[3.660s]     self.predict_and_complete(i, to_scan, columns, transitives)
[3.660s]   File "/usr/lib/python3/dist-packages/lark/parsers/earley.py", line 140, in predict_and_complete
[3.660s]     new_item = Item(rule, 0, i)
[3.661s]   File "/usr/lib/python3/dist-packages/lark/parsers/earley_common.py", line 23, in __init__
[3.661s]     self.predict_and_complete(i, to_scan, columns, transitives)
[3.661s]   File "/usr/lib/python3/dist-packages/lark/parsers/earley.py", line 140, in predict_and_complete
[3.661s]     new_item = Item(rule, 0, i)
[3.662s]   File "/usr/lib/python3/dist-packages/lark/parsers/earley_common.py", line 9, in __init__
[3.663s]     self._hash = hash((self.s, self.start))
[3.663s]   File "/usr/lib/python3/dist-packages/lark/grammar.py", line 113, in __hash__
[3.664s]     def __init__(self, rule, ptr, start):
[3.664s] KeyboardInterrupt
[3.664s]     def __hash__(self):
[3.664s] KeyboardInterrupt
[3.697s] gmake[2]: *** [CMakeFiles/rm_interface__rosidl_typesupport_c.dir/build.make:81: rosidl_typesupport_c/rm_interface/srv/save_pcd__type_support.cpp] Interrupt
[3.697s] gmake[1]: *** [CMakeFiles/Makefile2:342: CMakeFiles/rm_interface__rosidl_typesupport_c.dir/all] Interrupt
[3.698s] gmake[2]: *** [CMakeFiles/rm_interface__rosidl_typesupport_introspection_c.dir/build.make:83: rosidl_typesupport_introspection_c/rm_interface/srv/detail/save_pcd__rosidl_typesupport_introspection_c.h] Interrupt
[3.698s] gmake[1]: *** [CMakeFiles/Makefile2:316: CMakeFiles/rm_interface__rosidl_typesupport_introspection_c.dir/all] Interrupt
[3.698s] gmake[2]: *** [CMakeFiles/rm_interface__rosidl_typesupport_fastrtps_c.dir/build.make:83: rosidl_typesupport_fastrtps_c/rm_interface/srv/detail/save_pcd__rosidl_typesupport_fastrtps_c.h] Interrupt
[3.698s] gmake[1]: *** [CMakeFiles/Makefile2:238: CMakeFiles/rm_interface__rosidl_typesupport_fastrtps_c.dir/all] Interrupt
[3.699s] gmake: *** [Makefile:146: all] Interrupt
