[0.048s] Invoking command in '/home/sentry-nov/code/colcon_3/build/livox_ros_driver2': CMAKE_PREFIX_PATH=${CMAKE_PREFIX_PATH}:/opt/ros/humble /usr/bin/cmake /home/sentry-nov/code/colcon_3/src/common/livox_ros_driver2 -DCMAKE_INSTALL_PREFIX=/home/sentry-nov/code/colcon_3/install/livox_ros_driver2
[0.077s] -- livox_ros_driver2 version: 1.2.4
[0.079s] -- Found ament_cmake_auto: 1.3.11 (/opt/ros/humble/share/ament_cmake_auto/cmake)
[0.456s] -- Using all available rosidl_typesupport_c: rosidl_typesupport_fastrtps_c;rosidl_typesupport_introspection_c
[0.459s] -- Found rosidl_adapter: 3.1.6 (/opt/ros/humble/share/rosidl_adapter/cmake)
[0.497s] -- Using all available rosidl_typesupport_cpp: rosidl_typesupport_fastrtps_cpp;rosidl_typesupport_introspection_cpp
[0.574s] -- Found rmw_implementation_cmake: 6.1.2 (/opt/ros/humble/share/rmw_implementation_cmake/cmake)
[0.576s] -- Found rmw_fastrtps_cpp: 6.2.7 (/opt/ros/humble/share/rmw_fastrtps_cpp/cmake)
[0.726s] -- Using RMW implementation 'rmw_fastrtps_cpp' as default
[0.946s] -- Eigen found (include: /usr/include/eigen3, version: 3.4.0)
[1.010s] -- FLANN found (include: /usr/include, lib: /usr/lib/x86_64-linux-gnu/libflann_cpp.so)
[1.560s] -- OpenNI found (version: 1.5.4.0, include: /usr/include/ni, lib: /usr/lib/libOpenNI.so;libusb::libusb)
[1.569s] -- OpenNI2 found (version: 2.2.0.33, include: /usr/include/openni2, lib: /usr/lib/x86_64-linux-gnu/libOpenNI2.so;libusb::libusb)
[1.756s] -- Eigen found (include: /usr/include/eigen3, version: 3.4.0)
[1.765s] -- OpenNI found (version: 1.5.4.0, include: /usr/include/ni, lib: /usr/lib/libOpenNI.so;libusb::libusb)
[1.774s] -- OpenNI2 found (version: 2.2.0.33, include: /usr/include/openni2, lib: /usr/lib/x86_64-linux-gnu/libOpenNI2.so;libusb::libusb)
[1.963s] -- Found Qhull version 8.0.2
[2.212s] -- OpenNI found (version: 1.5.4.0, include: /usr/include/ni, lib: /usr/lib/libOpenNI.so;libusb::libusb)
[2.587s] -- Checking for module 'apr-1'
[2.596s] --   No package 'apr-1' found
[3.005s] -- Found ament_cmake_ros: 0.10.0 (/opt/ros/humble/share/ament_cmake_ros/cmake)
[3.378s] -- Using all available rosidl_typesupport_c: rosidl_typesupport_fastrtps_c;rosidl_typesupport_introspection_c
[3.918s] -- Using all available rosidl_typesupport_cpp: rosidl_typesupport_fastrtps_cpp;rosidl_typesupport_introspection_cpp
[3.957s] -- Found python_cmake_module: 0.10.0 (/opt/ros/humble/share/python_cmake_module/cmake)
[3.994s] -- Using PYTHON_EXECUTABLE: /usr/bin/python3
[3.994s] -- Using PYTHON_INCLUDE_DIRS: /usr/include/python3.10
[3.994s] -- Using PYTHON_LIBRARIES: /usr/lib/x86_64-linux-gnu/libpython3.10.so
[4.087s] -- Found ament_lint_auto: 0.12.11 (/opt/ros/humble/share/ament_lint_auto/cmake)
[4.124s] -- Added test 'copyright' to check source files copyright and LICENSE
[4.133s] -- Added test 'cppcheck' to perform static code analysis on C / C++ code
[4.134s] -- Configured cppcheck include dirs: /home/sentry-nov/code/colcon_3/src/common/livox_ros_driver2/3rdparty;/home/sentry-nov/code/colcon_3/src/common/livox_ros_driver2/src
[4.134s] -- Configured cppcheck exclude dirs and/or files: 
[4.143s] -- Added test 'cpplint' to check C / C++ code against the Google style
[4.143s] -- Configured cpplint exclude dirs and/or files: 
[4.145s] -- Added test 'flake8' to check Python code syntax and style conventions
[4.149s] -- Added test 'lint_cmake' to check CMake code style
[4.151s] -- Added test 'pep257' to check Python code against some of the docstring style conventions in PEP 257
[4.160s] -- Added test 'uncrustify' to check C / C++ code style
[4.160s] -- Configured uncrustify additional arguments: 
[4.162s] -- Added test 'xmllint' to check XML markup files
[4.170s] -- Configuring done
[4.367s] -- Generating done
[4.415s] -- Build files have been written to: /home/sentry-nov/code/colcon_3/build/livox_ros_driver2
[4.470s] Invoked command in '/home/sentry-nov/code/colcon_3/build/livox_ros_driver2' returned '0': CMAKE_PREFIX_PATH=${CMAKE_PREFIX_PATH}:/opt/ros/humble /usr/bin/cmake /home/sentry-nov/code/colcon_3/src/common/livox_ros_driver2 -DCMAKE_INSTALL_PREFIX=/home/sentry-nov/code/colcon_3/install/livox_ros_driver2
[4.471s] Invoking command in '/home/sentry-nov/code/colcon_3/build/livox_ros_driver2': CMAKE_PREFIX_PATH=${CMAKE_PREFIX_PATH}:/opt/ros/humble /usr/bin/cmake --build /home/sentry-nov/code/colcon_3/build/livox_ros_driver2 -- -j12 -l12
[4.567s] [35m[1mConsolidate compiler generated dependencies of target livox_ros_driver2_node[0m
[4.569s] [35m[1mConsolidate compiler generated dependencies of target livox_interfaces2__rosidl_generator_c[0m
[4.589s] [  1%] Built target livox_interfaces2__cpp
[4.608s] [  5%] Built target livox_ros_driver2_node
[4.611s] [ 12%] Built target livox_interfaces2__rosidl_generator_c
[4.631s] [35m[1mConsolidate compiler generated dependencies of target livox_interfaces2__rosidl_typesupport_introspection_cpp[0m
[4.645s] [35m[1mConsolidate compiler generated dependencies of target livox_interfaces2__rosidl_typesupport_fastrtps_c[0m
[4.648s] [35m[1mConsolidate compiler generated dependencies of target livox_interfaces2__rosidl_typesupport_fastrtps_cpp[0m
[4.651s] [35m[1mConsolidate compiler generated dependencies of target livox_interfaces2__rosidl_typesupport_introspection_c[0m
[4.660s] [35m[1mConsolidate compiler generated dependencies of target livox_interfaces2__rosidl_typesupport_cpp[0m
[4.675s] [ 12%] Built target ament_cmake_python_copy_livox_ros_driver2
[4.677s] [35m[1mConsolidate compiler generated dependencies of target livox_interfaces2__rosidl_typesupport_c[0m
[4.695s] [ 19%] Built target livox_interfaces2__rosidl_typesupport_introspection_c
[4.699s] [ 26%] Built target livox_interfaces2__rosidl_typesupport_fastrtps_c
[4.707s] [ 33%] Built target livox_interfaces2__rosidl_typesupport_fastrtps_cpp
[4.715s] [ 40%] Built target livox_interfaces2__rosidl_typesupport_cpp
[4.717s] [ 47%] Built target livox_interfaces2__rosidl_typesupport_introspection_cpp
[4.730s] [ 54%] Built target livox_interfaces2__rosidl_typesupport_c
[4.769s] [35m[1mConsolidate compiler generated dependencies of target livox_ros_driver2[0m
[4.782s] [ 54%] Built target livox_interfaces2
[4.830s] [ 56%] Built target livox_interfaces2__py
[4.860s] [35m[1mConsolidate compiler generated dependencies of target livox_interfaces2__rosidl_generator_py[0m
[4.890s] [ 84%] Built target livox_ros_driver2
[4.899s] [ 89%] Built target livox_interfaces2__rosidl_generator_py
[4.930s] [35m[1mConsolidate compiler generated dependencies of target livox_ros_driver2__rosidl_typesupport_introspection_c__pyext[0m
[4.933s] [35m[1mConsolidate compiler generated dependencies of target livox_ros_driver2__rosidl_typesupport_fastrtps_c__pyext[0m
[4.970s] [ 92%] Built target livox_ros_driver2__rosidl_typesupport_introspection_c__pyext
[4.972s] [35m[1mConsolidate compiler generated dependencies of target livox_ros_driver2__rosidl_typesupport_c__pyext[0m
[4.976s] [ 96%] Built target livox_ros_driver2__rosidl_typesupport_fastrtps_c__pyext
[5.003s] [100%] Built target livox_ros_driver2__rosidl_typesupport_c__pyext
[5.139s] running egg_info
[5.140s] writing livox_ros_driver2.egg-info/PKG-INFO
[5.140s] writing dependency_links to livox_ros_driver2.egg-info/dependency_links.txt
[5.141s] writing top-level names to livox_ros_driver2.egg-info/top_level.txt
[5.145s] reading manifest file 'livox_ros_driver2.egg-info/SOURCES.txt'
[5.146s] writing manifest file 'livox_ros_driver2.egg-info/SOURCES.txt'
[5.206s] [100%] Built target ament_cmake_python_build_livox_ros_driver2_egg
[5.231s] Invoked command in '/home/sentry-nov/code/colcon_3/build/livox_ros_driver2' returned '0': CMAKE_PREFIX_PATH=${CMAKE_PREFIX_PATH}:/opt/ros/humble /usr/bin/cmake --build /home/sentry-nov/code/colcon_3/build/livox_ros_driver2 -- -j12 -l12
[5.234s] Invoking command in '/home/sentry-nov/code/colcon_3/build/livox_ros_driver2': CMAKE_PREFIX_PATH=${CMAKE_PREFIX_PATH}:/opt/ros/humble /usr/bin/cmake --install /home/sentry-nov/code/colcon_3/build/livox_ros_driver2
[5.251s] -- Install configuration: "Release"
[5.251s] -- Up-to-date: /home/sentry-nov/code/colcon_3/install/livox_ros_driver2/share/ament_index/resource_index/rosidl_interfaces/livox_ros_driver2
[5.252s] -- Up-to-date: /home/sentry-nov/code/colcon_3/install/livox_ros_driver2/include/livox_ros_driver2/livox_ros_driver2
[5.252s] -- Up-to-date: /home/sentry-nov/code/colcon_3/install/livox_ros_driver2/include/livox_ros_driver2/livox_ros_driver2/msg
[5.252s] -- Up-to-date: /home/sentry-nov/code/colcon_3/install/livox_ros_driver2/include/livox_ros_driver2/livox_ros_driver2/msg/rosidl_generator_c__visibility_control.h
[5.252s] -- Up-to-date: /home/sentry-nov/code/colcon_3/install/livox_ros_driver2/include/livox_ros_driver2/livox_ros_driver2/msg/detail
[5.252s] -- Up-to-date: /home/sentry-nov/code/colcon_3/install/livox_ros_driver2/include/livox_ros_driver2/livox_ros_driver2/msg/detail/custom_msg__functions.c
[5.252s] -- Up-to-date: /home/sentry-nov/code/colcon_3/install/livox_ros_driver2/include/livox_ros_driver2/livox_ros_driver2/msg/detail/custom_msg__struct.h
[5.252s] -- Up-to-date: /home/sentry-nov/code/colcon_3/install/livox_ros_driver2/include/livox_ros_driver2/livox_ros_driver2/msg/detail/custom_point__functions.h
[5.252s] -- Up-to-date: /home/sentry-nov/code/colcon_3/install/livox_ros_driver2/include/livox_ros_driver2/livox_ros_driver2/msg/detail/custom_point__struct.h
[5.252s] -- Up-to-date: /home/sentry-nov/code/colcon_3/install/livox_ros_driver2/include/livox_ros_driver2/livox_ros_driver2/msg/detail/custom_msg__type_support.h
[5.252s] -- Up-to-date: /home/sentry-nov/code/colcon_3/install/livox_ros_driver2/include/livox_ros_driver2/livox_ros_driver2/msg/detail/custom_msg__functions.h
[5.253s] -- Up-to-date: /home/sentry-nov/code/colcon_3/install/livox_ros_driver2/include/livox_ros_driver2/livox_ros_driver2/msg/detail/custom_point__functions.c
[5.253s] -- Up-to-date: /home/sentry-nov/code/colcon_3/install/livox_ros_driver2/include/livox_ros_driver2/livox_ros_driver2/msg/detail/custom_point__type_support.h
[5.253s] -- Up-to-date: /home/sentry-nov/code/colcon_3/install/livox_ros_driver2/include/livox_ros_driver2/livox_ros_driver2/msg/custom_point.h
[5.253s] -- Up-to-date: /home/sentry-nov/code/colcon_3/install/livox_ros_driver2/include/livox_ros_driver2/livox_ros_driver2/msg/custom_msg.h
[5.253s] -- Up-to-date: /home/sentry-nov/code/colcon_3/install/livox_ros_driver2/share/livox_ros_driver2/environment/library_path.sh
[5.253s] -- Installing: /home/sentry-nov/code/colcon_3/install/livox_ros_driver2/share/livox_ros_driver2/environment/library_path.dsv
[5.254s] -- Up-to-date: /home/sentry-nov/code/colcon_3/install/livox_ros_driver2/lib/liblivox_ros_driver2__rosidl_generator_c.so
[5.255s] -- Up-to-date: /home/sentry-nov/code/colcon_3/install/livox_ros_driver2/include/livox_ros_driver2/livox_ros_driver2
[5.255s] -- Up-to-date: /home/sentry-nov/code/colcon_3/install/livox_ros_driver2/include/livox_ros_driver2/livox_ros_driver2/msg
[5.255s] -- Up-to-date: /home/sentry-nov/code/colcon_3/install/livox_ros_driver2/include/livox_ros_driver2/livox_ros_driver2/msg/detail
[5.255s] -- Up-to-date: /home/sentry-nov/code/colcon_3/install/livox_ros_driver2/include/livox_ros_driver2/livox_ros_driver2/msg/detail/custom_msg__rosidl_typesupport_fastrtps_c.h
[5.255s] -- Up-to-date: /home/sentry-nov/code/colcon_3/install/livox_ros_driver2/include/livox_ros_driver2/livox_ros_driver2/msg/detail/custom_point__rosidl_typesupport_fastrtps_c.h
[5.255s] -- Up-to-date: /home/sentry-nov/code/colcon_3/install/livox_ros_driver2/include/livox_ros_driver2/livox_ros_driver2/msg/rosidl_typesupport_fastrtps_c__visibility_control.h
[5.256s] -- Up-to-date: /home/sentry-nov/code/colcon_3/install/livox_ros_driver2/lib/liblivox_ros_driver2__rosidl_typesupport_fastrtps_c.so
[5.257s] -- Up-to-date: /home/sentry-nov/code/colcon_3/install/livox_ros_driver2/include/livox_ros_driver2/livox_ros_driver2
[5.257s] -- Up-to-date: /home/sentry-nov/code/colcon_3/install/livox_ros_driver2/include/livox_ros_driver2/livox_ros_driver2/msg
[5.257s] -- Up-to-date: /home/sentry-nov/code/colcon_3/install/livox_ros_driver2/include/livox_ros_driver2/livox_ros_driver2/msg/detail
[5.257s] -- Up-to-date: /home/sentry-nov/code/colcon_3/install/livox_ros_driver2/include/livox_ros_driver2/livox_ros_driver2/msg/detail/custom_point__rosidl_typesupport_introspection_c.h
[5.257s] -- Up-to-date: /home/sentry-nov/code/colcon_3/install/livox_ros_driver2/include/livox_ros_driver2/livox_ros_driver2/msg/detail/custom_msg__rosidl_typesupport_introspection_c.h
[5.257s] -- Up-to-date: /home/sentry-nov/code/colcon_3/install/livox_ros_driver2/include/livox_ros_driver2/livox_ros_driver2/msg/detail/custom_msg__type_support.c
[5.257s] -- Up-to-date: /home/sentry-nov/code/colcon_3/install/livox_ros_driver2/include/livox_ros_driver2/livox_ros_driver2/msg/detail/custom_point__type_support.c
[5.257s] -- Up-to-date: /home/sentry-nov/code/colcon_3/install/livox_ros_driver2/include/livox_ros_driver2/livox_ros_driver2/msg/rosidl_typesupport_introspection_c__visibility_control.h
[5.258s] -- Up-to-date: /home/sentry-nov/code/colcon_3/install/livox_ros_driver2/lib/liblivox_ros_driver2__rosidl_typesupport_introspection_c.so
[5.260s] -- Up-to-date: /home/sentry-nov/code/colcon_3/install/livox_ros_driver2/lib/liblivox_ros_driver2__rosidl_typesupport_c.so
[5.260s] -- Up-to-date: /home/sentry-nov/code/colcon_3/install/livox_ros_driver2/include/livox_ros_driver2/livox_ros_driver2
[5.260s] -- Up-to-date: /home/sentry-nov/code/colcon_3/install/livox_ros_driver2/include/livox_ros_driver2/livox_ros_driver2/msg
[5.260s] -- Up-to-date: /home/sentry-nov/code/colcon_3/install/livox_ros_driver2/include/livox_ros_driver2/livox_ros_driver2/msg/detail
[5.260s] -- Up-to-date: /home/sentry-nov/code/colcon_3/install/livox_ros_driver2/include/livox_ros_driver2/livox_ros_driver2/msg/detail/custom_point__builder.hpp
[5.262s] -- Up-to-date: /home/sentry-nov/code/colcon_3/install/livox_ros_driver2/include/livox_ros_driver2/livox_ros_driver2/msg/detail/custom_point__struct.hpp
[5.262s] -- Up-to-date: /home/sentry-nov/code/colcon_3/install/livox_ros_driver2/include/livox_ros_driver2/livox_ros_driver2/msg/detail/custom_point__type_support.hpp
[5.262s] -- Up-to-date: /home/sentry-nov/code/colcon_3/install/livox_ros_driver2/include/livox_ros_driver2/livox_ros_driver2/msg/detail/custom_msg__type_support.hpp
[5.262s] -- Up-to-date: /home/sentry-nov/code/colcon_3/install/livox_ros_driver2/include/livox_ros_driver2/livox_ros_driver2/msg/detail/custom_msg__builder.hpp
[5.262s] -- Up-to-date: /home/sentry-nov/code/colcon_3/install/livox_ros_driver2/include/livox_ros_driver2/livox_ros_driver2/msg/detail/custom_msg__traits.hpp
[5.262s] -- Up-to-date: /home/sentry-nov/code/colcon_3/install/livox_ros_driver2/include/livox_ros_driver2/livox_ros_driver2/msg/detail/custom_point__traits.hpp
[5.263s] -- Up-to-date: /home/sentry-nov/code/colcon_3/install/livox_ros_driver2/include/livox_ros_driver2/livox_ros_driver2/msg/detail/custom_msg__struct.hpp
[5.263s] -- Up-to-date: /home/sentry-nov/code/colcon_3/install/livox_ros_driver2/include/livox_ros_driver2/livox_ros_driver2/msg/rosidl_generator_cpp__visibility_control.hpp
[5.263s] -- Up-to-date: /home/sentry-nov/code/colcon_3/install/livox_ros_driver2/include/livox_ros_driver2/livox_ros_driver2/msg/custom_point.hpp
[5.263s] -- Up-to-date: /home/sentry-nov/code/colcon_3/install/livox_ros_driver2/include/livox_ros_driver2/livox_ros_driver2/msg/custom_msg.hpp
[5.263s] -- Up-to-date: /home/sentry-nov/code/colcon_3/install/livox_ros_driver2/include/livox_ros_driver2/livox_ros_driver2
[5.263s] -- Up-to-date: /home/sentry-nov/code/colcon_3/install/livox_ros_driver2/include/livox_ros_driver2/livox_ros_driver2/msg
[5.263s] -- Up-to-date: /home/sentry-nov/code/colcon_3/install/livox_ros_driver2/include/livox_ros_driver2/livox_ros_driver2/msg/detail
[5.263s] -- Up-to-date: /home/sentry-nov/code/colcon_3/install/livox_ros_driver2/include/livox_ros_driver2/livox_ros_driver2/msg/detail/custom_msg__rosidl_typesupport_fastrtps_cpp.hpp
[5.263s] -- Up-to-date: /home/sentry-nov/code/colcon_3/install/livox_ros_driver2/include/livox_ros_driver2/livox_ros_driver2/msg/detail/custom_point__rosidl_typesupport_fastrtps_cpp.hpp
[5.263s] -- Up-to-date: /home/sentry-nov/code/colcon_3/install/livox_ros_driver2/include/livox_ros_driver2/livox_ros_driver2/msg/detail/dds_fastrtps
[5.264s] -- Up-to-date: /home/sentry-nov/code/colcon_3/install/livox_ros_driver2/include/livox_ros_driver2/livox_ros_driver2/msg/rosidl_typesupport_fastrtps_cpp__visibility_control.h
[5.265s] -- Up-to-date: /home/sentry-nov/code/colcon_3/install/livox_ros_driver2/lib/liblivox_ros_driver2__rosidl_typesupport_fastrtps_cpp.so
[5.265s] -- Up-to-date: /home/sentry-nov/code/colcon_3/install/livox_ros_driver2/include/livox_ros_driver2/livox_ros_driver2
[5.266s] -- Up-to-date: /home/sentry-nov/code/colcon_3/install/livox_ros_driver2/include/livox_ros_driver2/livox_ros_driver2/msg
[5.266s] -- Up-to-date: /home/sentry-nov/code/colcon_3/install/livox_ros_driver2/include/livox_ros_driver2/livox_ros_driver2/msg/detail
[5.266s] -- Up-to-date: /home/sentry-nov/code/colcon_3/install/livox_ros_driver2/include/livox_ros_driver2/livox_ros_driver2/msg/detail/custom_point__type_support.cpp
[5.267s] -- Up-to-date: /home/sentry-nov/code/colcon_3/install/livox_ros_driver2/include/livox_ros_driver2/livox_ros_driver2/msg/detail/custom_msg__rosidl_typesupport_introspection_cpp.hpp
[5.267s] -- Up-to-date: /home/sentry-nov/code/colcon_3/install/livox_ros_driver2/include/livox_ros_driver2/livox_ros_driver2/msg/detail/custom_point__rosidl_typesupport_introspection_cpp.hpp
[5.267s] -- Up-to-date: /home/sentry-nov/code/colcon_3/install/livox_ros_driver2/include/livox_ros_driver2/livox_ros_driver2/msg/detail/custom_msg__type_support.cpp
[5.268s] -- Up-to-date: /home/sentry-nov/code/colcon_3/install/livox_ros_driver2/lib/liblivox_ros_driver2__rosidl_typesupport_introspection_cpp.so
[5.269s] -- Up-to-date: /home/sentry-nov/code/colcon_3/install/livox_ros_driver2/lib/liblivox_ros_driver2__rosidl_typesupport_cpp.so
[5.270s] -- Up-to-date: /home/sentry-nov/code/colcon_3/install/livox_ros_driver2/share/livox_ros_driver2/environment/pythonpath.sh
[5.270s] -- Installing: /home/sentry-nov/code/colcon_3/install/livox_ros_driver2/share/livox_ros_driver2/environment/pythonpath.dsv
[5.270s] -- Up-to-date: /home/sentry-nov/code/colcon_3/install/livox_ros_driver2/local/lib/python3.10/dist-packages/livox_ros_driver2-1.0.0-py3.10.egg-info
[5.270s] -- Installing: /home/sentry-nov/code/colcon_3/install/livox_ros_driver2/local/lib/python3.10/dist-packages/livox_ros_driver2-1.0.0-py3.10.egg-info/top_level.txt
[5.270s] -- Installing: /home/sentry-nov/code/colcon_3/install/livox_ros_driver2/local/lib/python3.10/dist-packages/livox_ros_driver2-1.0.0-py3.10.egg-info/dependency_links.txt
[5.271s] -- Installing: /home/sentry-nov/code/colcon_3/install/livox_ros_driver2/local/lib/python3.10/dist-packages/livox_ros_driver2-1.0.0-py3.10.egg-info/PKG-INFO
[5.271s] -- Installing: /home/sentry-nov/code/colcon_3/install/livox_ros_driver2/local/lib/python3.10/dist-packages/livox_ros_driver2-1.0.0-py3.10.egg-info/SOURCES.txt
[5.271s] -- Up-to-date: /home/sentry-nov/code/colcon_3/install/livox_ros_driver2/local/lib/python3.10/dist-packages/livox_ros_driver2
[5.272s] -- Up-to-date: /home/sentry-nov/code/colcon_3/install/livox_ros_driver2/local/lib/python3.10/dist-packages/livox_ros_driver2/_livox_ros_driver2_s.ep.rosidl_typesupport_c.c
[5.272s] -- Up-to-date: /home/sentry-nov/code/colcon_3/install/livox_ros_driver2/local/lib/python3.10/dist-packages/livox_ros_driver2/_livox_ros_driver2_s.ep.rosidl_typesupport_fastrtps_c.c
[5.272s] -- Up-to-date: /home/sentry-nov/code/colcon_3/install/livox_ros_driver2/local/lib/python3.10/dist-packages/livox_ros_driver2/livox_ros_driver2_s__rosidl_typesupport_c.cpython-310-x86_64-linux-gnu.so
[5.272s] -- Up-to-date: /home/sentry-nov/code/colcon_3/install/livox_ros_driver2/local/lib/python3.10/dist-packages/livox_ros_driver2/_livox_ros_driver2_s.ep.rosidl_typesupport_introspection_c.c
[5.273s] -- Up-to-date: /home/sentry-nov/code/colcon_3/install/livox_ros_driver2/local/lib/python3.10/dist-packages/livox_ros_driver2/livox_ros_driver2_s__rosidl_typesupport_fastrtps_c.cpython-310-x86_64-linux-gnu.so
[5.273s] -- Up-to-date: /home/sentry-nov/code/colcon_3/install/livox_ros_driver2/local/lib/python3.10/dist-packages/livox_ros_driver2/livox_ros_driver2_s__rosidl_typesupport_introspection_c.cpython-310-x86_64-linux-gnu.so
[5.273s] -- Installing: /home/sentry-nov/code/colcon_3/install/livox_ros_driver2/local/lib/python3.10/dist-packages/livox_ros_driver2/__init__.py
[5.273s] -- Up-to-date: /home/sentry-nov/code/colcon_3/install/livox_ros_driver2/local/lib/python3.10/dist-packages/livox_ros_driver2/msg
[5.273s] -- Up-to-date: /home/sentry-nov/code/colcon_3/install/livox_ros_driver2/local/lib/python3.10/dist-packages/livox_ros_driver2/msg/_custom_msg.py
[5.273s] -- Up-to-date: /home/sentry-nov/code/colcon_3/install/livox_ros_driver2/local/lib/python3.10/dist-packages/livox_ros_driver2/msg/_custom_point.py
[5.273s] -- Up-to-date: /home/sentry-nov/code/colcon_3/install/livox_ros_driver2/local/lib/python3.10/dist-packages/livox_ros_driver2/msg/_custom_point_s.c
[5.273s] -- Up-to-date: /home/sentry-nov/code/colcon_3/install/livox_ros_driver2/local/lib/python3.10/dist-packages/livox_ros_driver2/msg/_custom_msg_s.c
[5.273s] -- Up-to-date: /home/sentry-nov/code/colcon_3/install/livox_ros_driver2/local/lib/python3.10/dist-packages/livox_ros_driver2/msg/__init__.py
[5.273s] -- Up-to-date: /home/sentry-nov/code/colcon_3/install/livox_ros_driver2/local/lib/python3.10/dist-packages/livox_ros_driver2/liblivox_interfaces2__rosidl_generator_py.so
[5.332s] Listing '/home/sentry-nov/code/colcon_3/install/livox_ros_driver2/local/lib/python3.10/dist-packages/livox_ros_driver2'...
[5.332s] Compiling '/home/sentry-nov/code/colcon_3/install/livox_ros_driver2/local/lib/python3.10/dist-packages/livox_ros_driver2/__init__.py'...
[5.332s] Listing '/home/sentry-nov/code/colcon_3/install/livox_ros_driver2/local/lib/python3.10/dist-packages/livox_ros_driver2/msg'...
[5.348s] -- Up-to-date: /home/sentry-nov/code/colcon_3/install/livox_ros_driver2/local/lib/python3.10/dist-packages/livox_ros_driver2/livox_ros_driver2_s__rosidl_typesupport_fastrtps_c.cpython-310-x86_64-linux-gnu.so
[5.350s] -- Up-to-date: /home/sentry-nov/code/colcon_3/install/livox_ros_driver2/local/lib/python3.10/dist-packages/livox_ros_driver2/livox_ros_driver2_s__rosidl_typesupport_introspection_c.cpython-310-x86_64-linux-gnu.so
[5.351s] -- Up-to-date: /home/sentry-nov/code/colcon_3/install/livox_ros_driver2/local/lib/python3.10/dist-packages/livox_ros_driver2/livox_ros_driver2_s__rosidl_typesupport_c.cpython-310-x86_64-linux-gnu.so
[5.353s] -- Up-to-date: /home/sentry-nov/code/colcon_3/install/livox_ros_driver2/lib/liblivox_interfaces2__rosidl_generator_py.so
[5.353s] -- Up-to-date: /home/sentry-nov/code/colcon_3/install/livox_ros_driver2/share/livox_ros_driver2/msg/CustomPoint.idl
[5.353s] -- Up-to-date: /home/sentry-nov/code/colcon_3/install/livox_ros_driver2/share/livox_ros_driver2/msg/CustomMsg.idl
[5.353s] -- Up-to-date: /home/sentry-nov/code/colcon_3/install/livox_ros_driver2/share/livox_ros_driver2/msg/CustomPoint.msg
[5.353s] -- Up-to-date: /home/sentry-nov/code/colcon_3/install/livox_ros_driver2/share/livox_ros_driver2/msg/CustomMsg.msg
[5.355s] -- Up-to-date: /home/sentry-nov/code/colcon_3/install/livox_ros_driver2/lib/livox_ros_driver2/livox_ros_driver2_node
[5.357s] -- Up-to-date: /home/sentry-nov/code/colcon_3/install/livox_ros_driver2/lib/liblivox_ros_driver2.so
[5.357s] -- Up-to-date: /home/sentry-nov/code/colcon_3/install/livox_ros_driver2/share/livox_ros_driver2/config
[5.357s] -- Up-to-date: /home/sentry-nov/code/colcon_3/install/livox_ros_driver2/share/livox_ros_driver2/config/display_point_cloud_ROS2.rviz
[5.357s] -- Up-to-date: /home/sentry-nov/code/colcon_3/install/livox_ros_driver2/share/livox_ros_driver2/config/HAP_config.json
[5.357s] -- Up-to-date: /home/sentry-nov/code/colcon_3/install/livox_ros_driver2/share/livox_ros_driver2/config/display_point_cloud_ROS1.rviz
[5.357s] -- Up-to-date: /home/sentry-nov/code/colcon_3/install/livox_ros_driver2/share/livox_ros_driver2/config/mixed_HAP_MID360_config.json
[5.358s] -- Installing: /home/sentry-nov/code/colcon_3/install/livox_ros_driver2/share/livox_ros_driver2/config/MID360_config.json
[5.358s] -- Up-to-date: /home/sentry-nov/code/colcon_3/install/livox_ros_driver2/share/livox_ros_driver2/launch_ROS2
[5.359s] -- Up-to-date: /home/sentry-nov/code/colcon_3/install/livox_ros_driver2/share/livox_ros_driver2/launch_ROS2/rviz_MID360_launch.py
[5.359s] -- Up-to-date: /home/sentry-nov/code/colcon_3/install/livox_ros_driver2/share/livox_ros_driver2/launch_ROS2/msg_HAP_launch.py
[5.359s] -- Up-to-date: /home/sentry-nov/code/colcon_3/install/livox_ros_driver2/share/livox_ros_driver2/launch_ROS2/msg_MID360_launch.py
[5.359s] -- Up-to-date: /home/sentry-nov/code/colcon_3/install/livox_ros_driver2/share/livox_ros_driver2/launch_ROS2/rviz_HAP_launch.py
[5.359s] -- Up-to-date: /home/sentry-nov/code/colcon_3/install/livox_ros_driver2/share/livox_ros_driver2/launch_ROS2/rviz_mixed.py
[5.359s] -- Up-to-date: /home/sentry-nov/code/colcon_3/install/livox_ros_driver2/share/ament_index/resource_index/package_run_dependencies/livox_ros_driver2
[5.359s] -- Installing: /home/sentry-nov/code/colcon_3/install/livox_ros_driver2/share/ament_index/resource_index/parent_prefix_path/livox_ros_driver2
[5.359s] -- Up-to-date: /home/sentry-nov/code/colcon_3/install/livox_ros_driver2/share/livox_ros_driver2/environment/ament_prefix_path.sh
[5.360s] -- Installing: /home/sentry-nov/code/colcon_3/install/livox_ros_driver2/share/livox_ros_driver2/environment/ament_prefix_path.dsv
[5.361s] -- Up-to-date: /home/sentry-nov/code/colcon_3/install/livox_ros_driver2/share/livox_ros_driver2/environment/path.sh
[5.361s] -- Installing: /home/sentry-nov/code/colcon_3/install/livox_ros_driver2/share/livox_ros_driver2/environment/path.dsv
[5.363s] -- Up-to-date: /home/sentry-nov/code/colcon_3/install/livox_ros_driver2/share/livox_ros_driver2/local_setup.bash
[5.364s] -- Up-to-date: /home/sentry-nov/code/colcon_3/install/livox_ros_driver2/share/livox_ros_driver2/local_setup.sh
[5.364s] -- Up-to-date: /home/sentry-nov/code/colcon_3/install/livox_ros_driver2/share/livox_ros_driver2/local_setup.zsh
[5.364s] -- Installing: /home/sentry-nov/code/colcon_3/install/livox_ros_driver2/share/livox_ros_driver2/local_setup.dsv
[5.364s] -- Installing: /home/sentry-nov/code/colcon_3/install/livox_ros_driver2/share/livox_ros_driver2/package.dsv
[5.364s] -- Up-to-date: /home/sentry-nov/code/colcon_3/install/livox_ros_driver2/share/ament_index/resource_index/packages/livox_ros_driver2
[5.364s] -- Up-to-date: /home/sentry-nov/code/colcon_3/install/livox_ros_driver2/share/livox_ros_driver2/cmake/export_livox_interfaces2__rosidl_generator_cExport.cmake
[5.364s] -- Up-to-date: /home/sentry-nov/code/colcon_3/install/livox_ros_driver2/share/livox_ros_driver2/cmake/export_livox_interfaces2__rosidl_generator_cExport-release.cmake
[5.364s] -- Up-to-date: /home/sentry-nov/code/colcon_3/install/livox_ros_driver2/share/livox_ros_driver2/cmake/export_livox_interfaces2__rosidl_typesupport_fastrtps_cExport.cmake
[5.364s] -- Up-to-date: /home/sentry-nov/code/colcon_3/install/livox_ros_driver2/share/livox_ros_driver2/cmake/export_livox_interfaces2__rosidl_typesupport_fastrtps_cExport-release.cmake
[5.365s] -- Up-to-date: /home/sentry-nov/code/colcon_3/install/livox_ros_driver2/share/livox_ros_driver2/cmake/livox_interfaces2__rosidl_typesupport_introspection_cExport.cmake
[5.365s] -- Up-to-date: /home/sentry-nov/code/colcon_3/install/livox_ros_driver2/share/livox_ros_driver2/cmake/livox_interfaces2__rosidl_typesupport_introspection_cExport-release.cmake
[5.366s] -- Up-to-date: /home/sentry-nov/code/colcon_3/install/livox_ros_driver2/share/livox_ros_driver2/cmake/livox_interfaces2__rosidl_typesupport_cExport.cmake
[5.366s] -- Up-to-date: /home/sentry-nov/code/colcon_3/install/livox_ros_driver2/share/livox_ros_driver2/cmake/livox_interfaces2__rosidl_typesupport_cExport-release.cmake
[5.367s] -- Up-to-date: /home/sentry-nov/code/colcon_3/install/livox_ros_driver2/share/livox_ros_driver2/cmake/export_livox_interfaces2__rosidl_generator_cppExport.cmake
[5.368s] -- Up-to-date: /home/sentry-nov/code/colcon_3/install/livox_ros_driver2/share/livox_ros_driver2/cmake/export_livox_interfaces2__rosidl_typesupport_fastrtps_cppExport.cmake
[5.368s] -- Up-to-date: /home/sentry-nov/code/colcon_3/install/livox_ros_driver2/share/livox_ros_driver2/cmake/export_livox_interfaces2__rosidl_typesupport_fastrtps_cppExport-release.cmake
[5.369s] -- Up-to-date: /home/sentry-nov/code/colcon_3/install/livox_ros_driver2/share/livox_ros_driver2/cmake/livox_interfaces2__rosidl_typesupport_introspection_cppExport.cmake
[5.369s] -- Up-to-date: /home/sentry-nov/code/colcon_3/install/livox_ros_driver2/share/livox_ros_driver2/cmake/livox_interfaces2__rosidl_typesupport_introspection_cppExport-release.cmake
[5.369s] -- Up-to-date: /home/sentry-nov/code/colcon_3/install/livox_ros_driver2/share/livox_ros_driver2/cmake/livox_interfaces2__rosidl_typesupport_cppExport.cmake
[5.370s] -- Up-to-date: /home/sentry-nov/code/colcon_3/install/livox_ros_driver2/share/livox_ros_driver2/cmake/livox_interfaces2__rosidl_typesupport_cppExport-release.cmake
[5.370s] -- Up-to-date: /home/sentry-nov/code/colcon_3/install/livox_ros_driver2/share/livox_ros_driver2/cmake/export_livox_interfaces2__rosidl_generator_pyExport.cmake
[5.370s] -- Up-to-date: /home/sentry-nov/code/colcon_3/install/livox_ros_driver2/share/livox_ros_driver2/cmake/export_livox_interfaces2__rosidl_generator_pyExport-release.cmake
[5.371s] -- Up-to-date: /home/sentry-nov/code/colcon_3/install/livox_ros_driver2/share/ament_index/resource_index/rclcpp_components/livox_ros_driver2
[5.371s] -- Up-to-date: /home/sentry-nov/code/colcon_3/install/livox_ros_driver2/share/livox_ros_driver2/cmake/rosidl_cmake-extras.cmake
[5.371s] -- Up-to-date: /home/sentry-nov/code/colcon_3/install/livox_ros_driver2/share/livox_ros_driver2/cmake/ament_cmake_export_dependencies-extras.cmake
[5.371s] -- Up-to-date: /home/sentry-nov/code/colcon_3/install/livox_ros_driver2/share/livox_ros_driver2/cmake/ament_cmake_export_include_directories-extras.cmake
[5.371s] -- Up-to-date: /home/sentry-nov/code/colcon_3/install/livox_ros_driver2/share/livox_ros_driver2/cmake/ament_cmake_export_libraries-extras.cmake
[5.371s] -- Up-to-date: /home/sentry-nov/code/colcon_3/install/livox_ros_driver2/share/livox_ros_driver2/cmake/ament_cmake_export_targets-extras.cmake
[5.371s] -- Up-to-date: /home/sentry-nov/code/colcon_3/install/livox_ros_driver2/share/livox_ros_driver2/cmake/rosidl_cmake_export_typesupport_targets-extras.cmake
[5.371s] -- Up-to-date: /home/sentry-nov/code/colcon_3/install/livox_ros_driver2/share/livox_ros_driver2/cmake/rosidl_cmake_export_typesupport_libraries-extras.cmake
[5.371s] -- Up-to-date: /home/sentry-nov/code/colcon_3/install/livox_ros_driver2/share/livox_ros_driver2/cmake/livox_ros_driver2Config.cmake
[5.372s] -- Up-to-date: /home/sentry-nov/code/colcon_3/install/livox_ros_driver2/share/livox_ros_driver2/cmake/livox_ros_driver2Config-version.cmake
[5.372s] -- Up-to-date: /home/sentry-nov/code/colcon_3/install/livox_ros_driver2/share/livox_ros_driver2/package.xml
[5.376s] Invoked command in '/home/sentry-nov/code/colcon_3/build/livox_ros_driver2' returned '0': CMAKE_PREFIX_PATH=${CMAKE_PREFIX_PATH}:/opt/ros/humble /usr/bin/cmake --install /home/sentry-nov/code/colcon_3/build/livox_ros_driver2
