[0.044s] Invoking command in '/home/sentry-nov/code/colcon_3/build/robot_decision_system': CMAKE_PREFIX_PATH=${CMAKE_PREFIX_PATH}:/opt/ros/humble /usr/bin/cmake /home/sentry-nov/code/colcon_3/src/robot_decision_system -DCMAKE_INSTALL_PREFIX=/home/sentry-nov/code/colcon_3/install/robot_decision_system
[0.575s] -- The C compiler identification is GNU 11.4.0
[0.813s] -- The CXX compiler identification is GNU 11.4.0
[0.828s] -- Detecting C compiler ABI info
[0.935s] -- Detecting C compiler ABI info - done
[0.942s] -- Check for working C compiler: /usr/bin/cc - skipped
[0.943s] -- Detecting C compile features
[0.944s] -- Detecting C compile features - done
[0.949s] -- Detecting CXX compiler ABI info
[1.117s] -- Detecting CXX compiler ABI info - done
[1.130s] -- Check for working CXX compiler: /usr/bin/c++ - skipped
[1.130s] -- Detecting CXX compile features
[1.131s] -- Detecting CXX compile features - done
[1.139s] -- Found ament_cmake: 1.3.11 (/opt/ros/humble/share/ament_cmake/cmake)
[1.346s] -- Found Python3: /usr/bin/python3 (found version "3.10.12") found components: Interpreter 
[1.471s] -- Found rclcpp: 16.0.11 (/opt/ros/humble/share/rclcpp/cmake)
[1.537s] -- Found rosidl_generator_c: 3.1.6 (/opt/ros/humble/share/rosidl_generator_c/cmake)
[1.546s] -- Found rosidl_adapter: 3.1.6 (/opt/ros/humble/share/rosidl_adapter/cmake)
[1.558s] -- Found rosidl_generator_cpp: 3.1.6 (/opt/ros/humble/share/rosidl_generator_cpp/cmake)
[1.574s] -- Using all available rosidl_typesupport_c: rosidl_typesupport_fastrtps_c;rosidl_typesupport_introspection_c
[1.596s] -- Using all available rosidl_typesupport_cpp: rosidl_typesupport_fastrtps_cpp;rosidl_typesupport_introspection_cpp
[1.658s] -- Found rmw_implementation_cmake: 6.1.2 (/opt/ros/humble/share/rmw_implementation_cmake/cmake)
[1.663s] -- Found rmw_fastrtps_cpp: 6.2.7 (/opt/ros/humble/share/rmw_fastrtps_cpp/cmake)
[1.816s] -- Found OpenSSL: /usr/lib/x86_64-linux-gnu/libcrypto.so (found version "3.0.2")  
[1.847s] -- Found FastRTPS: /opt/ros/humble/include  
[1.896s] -- Using RMW implementation 'rmw_fastrtps_cpp' as default
[1.911s] -- Looking for pthread.h
[1.997s] -- Looking for pthread.h - found
[1.998s] -- Performing Test CMAKE_HAVE_LIBC_PTHREAD
[2.086s] -- Performing Test CMAKE_HAVE_LIBC_PTHREAD - Success
[2.087s] -- Found Threads: TRUE  
[2.143s] -- Found geometry_msgs: 4.2.4 (/opt/ros/humble/share/geometry_msgs/cmake)
[2.157s] -- Found nav_msgs: 4.2.4 (/opt/ros/humble/share/nav_msgs/cmake)
[2.177s] -- Found rosidl_default_generators: 1.2.0 (/opt/ros/humble/share/rosidl_default_generators/cmake)
[2.450s] -- Found ament_cmake_ros: 0.10.0 (/opt/ros/humble/share/ament_cmake_ros/cmake)
[2.761s] -- Using all available rosidl_typesupport_c: rosidl_typesupport_fastrtps_c;rosidl_typesupport_introspection_c
[2.871s] -- Using all available rosidl_typesupport_cpp: rosidl_typesupport_fastrtps_cpp;rosidl_typesupport_introspection_cpp
[2.895s] -- Found PythonInterp: /usr/bin/python3 (found suitable version "3.10.12", minimum required is "3.6") 
[2.901s] -- Found python_cmake_module: 0.10.0 (/opt/ros/humble/share/python_cmake_module/cmake)
[2.936s] -- Found PythonLibs: /usr/lib/x86_64-linux-gnu/libpython3.10.so (found suitable version "3.10.12", minimum required is "3.5") 
[2.936s] -- Using PYTHON_EXECUTABLE: /usr/bin/python3
[2.937s] -- Using PYTHON_INCLUDE_DIRS: /usr/include/python3.10
[2.937s] -- Using PYTHON_LIBRARIES: /usr/lib/x86_64-linux-gnu/libpython3.10.so
[2.963s] -- Found PythonExtra: .so  
[3.003s] [0mCMake Deprecation Warning at /opt/ros/humble/share/rosidl_cmake/cmake/rosidl_target_interfaces.cmake:32 (message):
[3.003s]   Use rosidl_get_typesupport_target() and target_link_libraries() instead of
[3.003s]   rosidl_target_interfaces()
[3.003s] Call Stack (most recent call first):
[3.003s]   CMakeLists.txt:34 (rosidl_target_interfaces)
[3.003s] 
[3.003s] [0m
[3.008s] -- Found ament_lint_auto: 0.12.11 (/opt/ros/humble/share/ament_lint_auto/cmake)
[3.069s] -- Added test 'cppcheck' to perform static code analysis on C / C++ code
[3.070s] -- Configured cppcheck include dirs: 
[3.070s] -- Configured cppcheck exclude dirs and/or files: 
[3.072s] -- Added test 'lint_cmake' to check CMake code style
[3.074s] -- Added test 'uncrustify' to check C / C++ code style
[3.074s] -- Configured uncrustify additional arguments: 
[3.076s] -- Added test 'xmllint' to check XML markup files
[3.079s] -- Configuring done
[3.114s] -- Generating done
[3.126s] -- Build files have been written to: /home/sentry-nov/code/colcon_3/build/robot_decision_system
