[0.049s] Invoking command in '/home/sentry-nov/code/colcon_3/build/debug_tools': CMAKE_PREFIX_PATH=${CMAKE_PREFIX_PATH}:/opt/ros/humble /usr/bin/cmake --build /home/sentry-nov/code/colcon_3/build/debug_tools -- -j12 -l12
[0.117s] Invoked command in '/home/sentry-nov/code/colcon_3/build/debug_tools' returned '0': CMAKE_PREFIX_PATH=${CMAKE_PREFIX_PATH}:/opt/ros/humble /usr/bin/cmake --build /home/sentry-nov/code/colcon_3/build/debug_tools -- -j12 -l12
[0.140s] Invoking command in '/home/sentry-nov/code/colcon_3/build/debug_tools': CMAKE_PREFIX_PATH=${CMAKE_PREFIX_PATH}:/opt/ros/humble /usr/bin/cmake --install /home/sentry-nov/code/colcon_3/build/debug_tools
[0.158s] -- Install configuration: "Release"
[0.158s] -- Up-to-date: /home/sentry-nov/code/colcon_3/install/debug_tools/include
[0.158s] -- Up-to-date: /home/sentry-nov/code/colcon_3/install/debug_tools/include/debug_tools
[0.158s] -- Up-to-date: /home/sentry-nov/code/colcon_3/install/debug_tools/include/debug_tools/color_print.h
[0.159s] -- Up-to-date: /home/sentry-nov/code/colcon_3/install/debug_tools/include/debug_tools/debug_tools.h
[0.159s] -- Up-to-date: /home/sentry-nov/code/colcon_3/install/debug_tools/share/ament_index/resource_index/package_run_dependencies/debug_tools
[0.159s] -- Up-to-date: /home/sentry-nov/code/colcon_3/install/debug_tools/share/ament_index/resource_index/parent_prefix_path/debug_tools
[0.159s] -- Up-to-date: /home/sentry-nov/code/colcon_3/install/debug_tools/share/debug_tools/environment/ament_prefix_path.sh
[0.159s] -- Up-to-date: /home/sentry-nov/code/colcon_3/install/debug_tools/share/debug_tools/environment/ament_prefix_path.dsv
[0.159s] -- Up-to-date: /home/sentry-nov/code/colcon_3/install/debug_tools/share/debug_tools/environment/path.sh
[0.159s] -- Up-to-date: /home/sentry-nov/code/colcon_3/install/debug_tools/share/debug_tools/environment/path.dsv
[0.159s] -- Up-to-date: /home/sentry-nov/code/colcon_3/install/debug_tools/share/debug_tools/local_setup.bash
[0.159s] -- Up-to-date: /home/sentry-nov/code/colcon_3/install/debug_tools/share/debug_tools/local_setup.sh
[0.159s] -- Up-to-date: /home/sentry-nov/code/colcon_3/install/debug_tools/share/debug_tools/local_setup.zsh
[0.159s] -- Up-to-date: /home/sentry-nov/code/colcon_3/install/debug_tools/share/debug_tools/local_setup.dsv
[0.159s] -- Installing: /home/sentry-nov/code/colcon_3/install/debug_tools/share/debug_tools/package.dsv
[0.160s] -- Up-to-date: /home/sentry-nov/code/colcon_3/install/debug_tools/share/ament_index/resource_index/packages/debug_tools
[0.160s] -- Up-to-date: /home/sentry-nov/code/colcon_3/install/debug_tools/share/debug_tools/cmake/ament_cmake_export_include_directories-extras.cmake
[0.160s] -- Up-to-date: /home/sentry-nov/code/colcon_3/install/debug_tools/share/debug_tools/cmake/debug_toolsConfig.cmake
[0.160s] -- Up-to-date: /home/sentry-nov/code/colcon_3/install/debug_tools/share/debug_tools/cmake/debug_toolsConfig-version.cmake
[0.160s] -- Up-to-date: /home/sentry-nov/code/colcon_3/install/debug_tools/share/debug_tools/package.xml
[0.172s] Invoked command in '/home/sentry-nov/code/colcon_3/build/debug_tools' returned '0': CMAKE_PREFIX_PATH=${CMAKE_PREFIX_PATH}:/opt/ros/humble /usr/bin/cmake --install /home/sentry-nov/code/colcon_3/build/debug_tools
