[0.036s] Invoking command in '/home/sentry-nov/code/colcon_3/build/auto_start': CMAKE_PREFIX_PATH=${CMAKE_PREFIX_PATH}:/opt/ros/humble /usr/bin/cmake /home/sentry-nov/code/colcon_3/src/auto_start -DCMAKE_INSTALL_PREFIX=/home/sentry-nov/code/colcon_3/install/auto_start
[0.090s] -- Found ament_cmake: 1.3.11 (/opt/ros/humble/share/ament_cmake/cmake)
[0.357s] -- Found rclcpp: 16.0.11 (/opt/ros/humble/share/rclcpp/cmake)
[0.450s] -- Found rosidl_generator_c: 3.1.6 (/opt/ros/humble/share/rosidl_generator_c/cmake)
[0.460s] -- Found rosidl_adapter: 3.1.6 (/opt/ros/humble/share/rosidl_adapter/cmake)
[0.479s] -- Found rosidl_generator_cpp: 3.1.6 (/opt/ros/humble/share/rosidl_generator_cpp/cmake)
[0.509s] -- Using all available rosidl_typesupport_c: rosidl_typesupport_fastrtps_c;rosidl_typesupport_introspection_c
[0.541s] -- Using all available rosidl_typesupport_cpp: rosidl_typesupport_fastrtps_cpp;rosidl_typesupport_introspection_cpp
[0.617s] -- Found rmw_implementation_cmake: 6.1.2 (/opt/ros/humble/share/rmw_implementation_cmake/cmake)
[0.623s] -- Found rmw_fastrtps_cpp: 6.2.7 (/opt/ros/humble/share/rmw_fastrtps_cpp/cmake)
[0.800s] -- Using RMW implementation 'rmw_fastrtps_cpp' as default
[1.094s] -- Configuring done
[1.112s] -- Generating done
[1.117s] -- Build files have been written to: /home/sentry-nov/code/colcon_3/build/auto_start
[1.130s] Invoked command in '/home/sentry-nov/code/colcon_3/build/auto_start' returned '0': CMAKE_PREFIX_PATH=${CMAKE_PREFIX_PATH}:/opt/ros/humble /usr/bin/cmake /home/sentry-nov/code/colcon_3/src/auto_start -DCMAKE_INSTALL_PREFIX=/home/sentry-nov/code/colcon_3/install/auto_start
[1.131s] Invoking command in '/home/sentry-nov/code/colcon_3/build/auto_start': CMAKE_PREFIX_PATH=${CMAKE_PREFIX_PATH}:/opt/ros/humble /usr/bin/cmake --build /home/sentry-nov/code/colcon_3/build/auto_start -- -j12 -l12
[1.188s] Invoked command in '/home/sentry-nov/code/colcon_3/build/auto_start' returned '0': CMAKE_PREFIX_PATH=${CMAKE_PREFIX_PATH}:/opt/ros/humble /usr/bin/cmake --build /home/sentry-nov/code/colcon_3/build/auto_start -- -j12 -l12
[1.191s] Invoking command in '/home/sentry-nov/code/colcon_3/build/auto_start': CMAKE_PREFIX_PATH=${CMAKE_PREFIX_PATH}:/opt/ros/humble /usr/bin/cmake --install /home/sentry-nov/code/colcon_3/build/auto_start
[1.203s] -- Install configuration: "Release"
[1.203s] -- Up-to-date: /home/sentry-nov/code/colcon_3/install/auto_start/share/auto_start/rviz
[1.203s] -- Up-to-date: /home/sentry-nov/code/colcon_3/install/auto_start/share/auto_start/rviz/odom_icp.rviz
[1.203s] -- Up-to-date: /home/sentry-nov/code/colcon_3/install/auto_start/share/auto_start/rviz/odom_mapping.rviz
[1.203s] -- Up-to-date: /home/sentry-nov/code/colcon_3/install/auto_start/share/auto_start/rviz/mapping_ikd.rviz
[1.203s] -- Up-to-date: /home/sentry-nov/code/colcon_3/install/auto_start/share/auto_start/rviz/planning.rviz
[1.204s] -- Up-to-date: /home/sentry-nov/code/colcon_3/install/auto_start/share/auto_start/launch
[1.204s] -- Up-to-date: /home/sentry-nov/code/colcon_3/install/auto_start/share/auto_start/launch/odom_icp.launch.py
[1.204s] -- Up-to-date: /home/sentry-nov/code/colcon_3/install/auto_start/share/auto_start/launch/decision.launch.py
[1.204s] -- Up-to-date: /home/sentry-nov/code/colcon_3/install/auto_start/share/auto_start/launch/planning.launch.py
[1.204s] -- Up-to-date: /home/sentry-nov/code/colcon_3/install/auto_start/share/auto_start/launch/mapping_ikd.launch.py
[1.204s] -- Up-to-date: /home/sentry-nov/code/colcon_3/install/auto_start/share/auto_start/launch/path_motion.launch.py
[1.204s] -- Up-to-date: /home/sentry-nov/code/colcon_3/install/auto_start/share/auto_start/launch/odom_mapping.launch.py
[1.204s] -- Up-to-date: /home/sentry-nov/code/colcon_3/install/auto_start/share/auto_start/launch/manager.py
[1.204s] -- Up-to-date: /home/sentry-nov/code/colcon_3/install/auto_start/share/auto_start/config
[1.205s] -- Up-to-date: /home/sentry-nov/code/colcon_3/install/auto_start/share/auto_start/config/path_planning.yaml
[1.205s] -- Up-to-date: /home/sentry-nov/code/colcon_3/install/auto_start/share/auto_start/config/path_motion_planning.yaml
[1.205s] -- Up-to-date: /home/sentry-nov/code/colcon_3/install/auto_start/share/auto_start/config/region_points.yaml
[1.205s] -- Up-to-date: /home/sentry-nov/code/colcon_3/install/auto_start/share/auto_start/config/path_planning copy.yaml
[1.205s] -- Up-to-date: /home/sentry-nov/code/colcon_3/install/auto_start/share/ament_index/resource_index/package_run_dependencies/auto_start
[1.205s] -- Installing: /home/sentry-nov/code/colcon_3/install/auto_start/share/ament_index/resource_index/parent_prefix_path/auto_start
[1.205s] -- Up-to-date: /home/sentry-nov/code/colcon_3/install/auto_start/share/auto_start/environment/ament_prefix_path.sh
[1.205s] -- Installing: /home/sentry-nov/code/colcon_3/install/auto_start/share/auto_start/environment/ament_prefix_path.dsv
[1.206s] -- Up-to-date: /home/sentry-nov/code/colcon_3/install/auto_start/share/auto_start/environment/path.sh
[1.206s] -- Installing: /home/sentry-nov/code/colcon_3/install/auto_start/share/auto_start/environment/path.dsv
[1.206s] -- Up-to-date: /home/sentry-nov/code/colcon_3/install/auto_start/share/auto_start/local_setup.bash
[1.206s] -- Up-to-date: /home/sentry-nov/code/colcon_3/install/auto_start/share/auto_start/local_setup.sh
[1.206s] -- Up-to-date: /home/sentry-nov/code/colcon_3/install/auto_start/share/auto_start/local_setup.zsh
[1.206s] -- Installing: /home/sentry-nov/code/colcon_3/install/auto_start/share/auto_start/local_setup.dsv
[1.206s] -- Installing: /home/sentry-nov/code/colcon_3/install/auto_start/share/auto_start/package.dsv
[1.206s] -- Up-to-date: /home/sentry-nov/code/colcon_3/install/auto_start/share/ament_index/resource_index/packages/auto_start
[1.207s] -- Up-to-date: /home/sentry-nov/code/colcon_3/install/auto_start/share/auto_start/cmake/auto_startConfig.cmake
[1.207s] -- Up-to-date: /home/sentry-nov/code/colcon_3/install/auto_start/share/auto_start/cmake/auto_startConfig-version.cmake
[1.207s] -- Up-to-date: /home/sentry-nov/code/colcon_3/install/auto_start/share/auto_start/package.xml
[1.209s] Invoked command in '/home/sentry-nov/code/colcon_3/build/auto_start' returned '0': CMAKE_PREFIX_PATH=${CMAKE_PREFIX_PATH}:/opt/ros/humble /usr/bin/cmake --install /home/sentry-nov/code/colcon_3/build/auto_start
