[0.021s] Invoking command in '/home/sentry-nov/code/colcon_3/build/icp_relocalization': AMENT_PREFIX_PATH=/home/sentry-nov/code/colcon_3/install/debug_tools:${AMENT_PREFIX_PATH} CMAKE_PREFIX_PATH=/home/sentry-nov/code/colcon_3/install/debug_tools:/opt/ros/humble /usr/bin/cmake --build /home/sentry-nov/code/colcon_3/build/icp_relocalization -- -j12 -l12
[0.128s] [ 33%] Built target gravity_node
[0.143s] [ 66%] Built target icp_relocalization_sync_node
[0.145s] [100%] Built target icp_relocalization_node
[0.166s] Invoked command in '/home/sentry-nov/code/colcon_3/build/icp_relocalization' returned '0': AMENT_PREFIX_PATH=/home/sentry-nov/code/colcon_3/install/debug_tools:${AMENT_PREFIX_PATH} CMAKE_PREFIX_PATH=/home/sentry-nov/code/colcon_3/install/debug_tools:/opt/ros/humble /usr/bin/cmake --build /home/sentry-nov/code/colcon_3/build/icp_relocalization -- -j12 -l12
[0.170s] Invoking command in '/home/sentry-nov/code/colcon_3/build/icp_relocalization': AMENT_PREFIX_PATH=/home/sentry-nov/code/colcon_3/install/debug_tools:${AMENT_PREFIX_PATH} CMAKE_PREFIX_PATH=/home/sentry-nov/code/colcon_3/install/debug_tools:/opt/ros/humble /usr/bin/cmake --install /home/sentry-nov/code/colcon_3/build/icp_relocalization
[0.178s] -- Install configuration: "Release"
[0.180s] -- Up-to-date: /home/sentry-nov/code/colcon_3/install/icp_relocalization/lib/icp_relocalization/icp_relocalization_node
[0.182s] -- Up-to-date: /home/sentry-nov/code/colcon_3/install/icp_relocalization/lib/icp_relocalization/icp_relocalization_sync_node
[0.185s] -- Up-to-date: /home/sentry-nov/code/colcon_3/install/icp_relocalization/lib/icp_relocalization/gravity_node
[0.185s] -- Up-to-date: /home/sentry-nov/code/colcon_3/install/icp_relocalization/share/ament_index/resource_index/package_run_dependencies/icp_relocalization
[0.185s] -- Up-to-date: /home/sentry-nov/code/colcon_3/install/icp_relocalization/share/ament_index/resource_index/parent_prefix_path/icp_relocalization
[0.185s] -- Up-to-date: /home/sentry-nov/code/colcon_3/install/icp_relocalization/share/icp_relocalization/environment/ament_prefix_path.sh
[0.185s] -- Up-to-date: /home/sentry-nov/code/colcon_3/install/icp_relocalization/share/icp_relocalization/environment/ament_prefix_path.dsv
[0.185s] -- Up-to-date: /home/sentry-nov/code/colcon_3/install/icp_relocalization/share/icp_relocalization/environment/path.sh
[0.185s] -- Up-to-date: /home/sentry-nov/code/colcon_3/install/icp_relocalization/share/icp_relocalization/environment/path.dsv
[0.185s] -- Up-to-date: /home/sentry-nov/code/colcon_3/install/icp_relocalization/share/icp_relocalization/local_setup.bash
[0.186s] -- Up-to-date: /home/sentry-nov/code/colcon_3/install/icp_relocalization/share/icp_relocalization/local_setup.sh
[0.186s] -- Up-to-date: /home/sentry-nov/code/colcon_3/install/icp_relocalization/share/icp_relocalization/local_setup.zsh
[0.186s] -- Up-to-date: /home/sentry-nov/code/colcon_3/install/icp_relocalization/share/icp_relocalization/local_setup.dsv
[0.186s] -- Installing: /home/sentry-nov/code/colcon_3/install/icp_relocalization/share/icp_relocalization/package.dsv
[0.186s] -- Up-to-date: /home/sentry-nov/code/colcon_3/install/icp_relocalization/share/ament_index/resource_index/packages/icp_relocalization
[0.186s] -- Up-to-date: /home/sentry-nov/code/colcon_3/install/icp_relocalization/share/icp_relocalization/cmake/icp_relocalizationConfig.cmake
[0.186s] -- Up-to-date: /home/sentry-nov/code/colcon_3/install/icp_relocalization/share/icp_relocalization/cmake/icp_relocalizationConfig-version.cmake
[0.186s] -- Up-to-date: /home/sentry-nov/code/colcon_3/install/icp_relocalization/share/icp_relocalization/package.xml
[0.190s] Invoked command in '/home/sentry-nov/code/colcon_3/build/icp_relocalization' returned '0': AMENT_PREFIX_PATH=/home/sentry-nov/code/colcon_3/install/debug_tools:${AMENT_PREFIX_PATH} CMAKE_PREFIX_PATH=/home/sentry-nov/code/colcon_3/install/debug_tools:/opt/ros/humble /usr/bin/cmake --install /home/sentry-nov/code/colcon_3/build/icp_relocalization
