[0.032s] Invoking command in '/home/sentry-nov/code/colcon_3/build/robot_decision_system': CMAKE_PREFIX_PATH=${CMAKE_PREFIX_PATH}:/opt/ros/humble /usr/bin/cmake --build /home/sentry-nov/code/colcon_3/build/robot_decision_system -- -j12 -l12
[0.128s] [  2%] Built target robot_decision_system__cpp
[0.139s] [ 11%] Built target robot_decision_system__rosidl_generator_c
[0.182s] [ 11%] Built target ament_cmake_python_copy_robot_decision_system
[0.215s] [ 20%] Built target robot_decision_system__rosidl_typesupport_cpp
[0.217s] [ 28%] Built target robot_decision_system__rosidl_typesupport_fastrtps_cpp
[0.218s] [ 37%] Built target robot_decision_system__rosidl_typesupport_introspection_cpp
[0.251s] [ 45%] Built target robot_decision_system__rosidl_typesupport_fastrtps_c
[0.274s] [ 54%] Built target robot_decision_system__rosidl_typesupport_introspection_c
[0.296s] [ 62%] Built target robot_decision_system__rosidl_typesupport_c
[0.364s] [ 62%] Built target robot_decision_system
[0.449s] [ 65%] Built target robot_decision_system__py
[0.480s] [ 71%] Built target robot_decision_red
[0.489s] [ 77%] Built target robot_decision_blue
[0.531s] [ 82%] Built target robot_decision_system__rosidl_generator_py
[0.577s] [ 88%] Built target robot_decision_system__rosidl_typesupport_fastrtps_c__pyext
[0.587s] [ 94%] Built target robot_decision_system__rosidl_typesupport_introspection_c__pyext
[0.597s] [100%] Built target robot_decision_system__rosidl_typesupport_c__pyext
[0.656s] running egg_info
[0.656s] writing robot_decision_system.egg-info/PKG-INFO
[0.656s] writing dependency_links to robot_decision_system.egg-info/dependency_links.txt
[0.657s] writing top-level names to robot_decision_system.egg-info/top_level.txt
[0.659s] reading manifest file 'robot_decision_system.egg-info/SOURCES.txt'
[0.659s] writing manifest file 'robot_decision_system.egg-info/SOURCES.txt'
[0.694s] [100%] Built target ament_cmake_python_build_robot_decision_system_egg
[0.715s] Invoked command in '/home/sentry-nov/code/colcon_3/build/robot_decision_system' returned '0': CMAKE_PREFIX_PATH=${CMAKE_PREFIX_PATH}:/opt/ros/humble /usr/bin/cmake --build /home/sentry-nov/code/colcon_3/build/robot_decision_system -- -j12 -l12
[0.717s] Invoking command in '/home/sentry-nov/code/colcon_3/build/robot_decision_system': CMAKE_PREFIX_PATH=${CMAKE_PREFIX_PATH}:/opt/ros/humble /usr/bin/cmake --install /home/sentry-nov/code/colcon_3/build/robot_decision_system
[0.730s] -- Install configuration: ""
[0.730s] -- Up-to-date: /home/sentry-nov/code/colcon_3/install/robot_decision_system/share/ament_index/resource_index/rosidl_interfaces/robot_decision_system
[0.730s] -- Up-to-date: /home/sentry-nov/code/colcon_3/install/robot_decision_system/include/robot_decision_system/robot_decision_system
[0.730s] -- Up-to-date: /home/sentry-nov/code/colcon_3/install/robot_decision_system/include/robot_decision_system/robot_decision_system/srv
[0.730s] -- Up-to-date: /home/sentry-nov/code/colcon_3/install/robot_decision_system/include/robot_decision_system/robot_decision_system/srv/detail
[0.731s] -- Up-to-date: /home/sentry-nov/code/colcon_3/install/robot_decision_system/include/robot_decision_system/robot_decision_system/srv/detail/nav_srv__struct.h
[0.731s] -- Up-to-date: /home/sentry-nov/code/colcon_3/install/robot_decision_system/include/robot_decision_system/robot_decision_system/srv/detail/nav_srv__type_support.h
[0.731s] -- Up-to-date: /home/sentry-nov/code/colcon_3/install/robot_decision_system/include/robot_decision_system/robot_decision_system/srv/detail/nav_srv__functions.h
[0.731s] -- Up-to-date: /home/sentry-nov/code/colcon_3/install/robot_decision_system/include/robot_decision_system/robot_decision_system/srv/detail/nav_srv__functions.c
[0.731s] -- Up-to-date: /home/sentry-nov/code/colcon_3/install/robot_decision_system/include/robot_decision_system/robot_decision_system/srv/nav_srv.h
[0.731s] -- Up-to-date: /home/sentry-nov/code/colcon_3/install/robot_decision_system/include/robot_decision_system/robot_decision_system/msg
[0.731s] -- Up-to-date: /home/sentry-nov/code/colcon_3/install/robot_decision_system/include/robot_decision_system/robot_decision_system/msg/rosidl_generator_c__visibility_control.h
[0.732s] -- Up-to-date: /home/sentry-nov/code/colcon_3/install/robot_decision_system/share/robot_decision_system/environment/library_path.sh
[0.732s] -- Up-to-date: /home/sentry-nov/code/colcon_3/install/robot_decision_system/share/robot_decision_system/environment/library_path.dsv
[0.732s] -- Up-to-date: /home/sentry-nov/code/colcon_3/install/robot_decision_system/lib/librobot_decision_system__rosidl_generator_c.so
[0.732s] -- Up-to-date: /home/sentry-nov/code/colcon_3/install/robot_decision_system/include/robot_decision_system/robot_decision_system
[0.732s] -- Up-to-date: /home/sentry-nov/code/colcon_3/install/robot_decision_system/include/robot_decision_system/robot_decision_system/srv
[0.732s] -- Up-to-date: /home/sentry-nov/code/colcon_3/install/robot_decision_system/include/robot_decision_system/robot_decision_system/srv/detail
[0.733s] -- Up-to-date: /home/sentry-nov/code/colcon_3/install/robot_decision_system/include/robot_decision_system/robot_decision_system/srv/detail/nav_srv__rosidl_typesupport_fastrtps_c.h
[0.733s] -- Up-to-date: /home/sentry-nov/code/colcon_3/install/robot_decision_system/include/robot_decision_system/robot_decision_system/msg
[0.733s] -- Up-to-date: /home/sentry-nov/code/colcon_3/install/robot_decision_system/include/robot_decision_system/robot_decision_system/msg/rosidl_typesupport_fastrtps_c__visibility_control.h
[0.733s] -- Up-to-date: /home/sentry-nov/code/colcon_3/install/robot_decision_system/lib/librobot_decision_system__rosidl_typesupport_fastrtps_c.so
[0.734s] -- Up-to-date: /home/sentry-nov/code/colcon_3/install/robot_decision_system/include/robot_decision_system/robot_decision_system
[0.734s] -- Up-to-date: /home/sentry-nov/code/colcon_3/install/robot_decision_system/include/robot_decision_system/robot_decision_system/srv
[0.734s] -- Up-to-date: /home/sentry-nov/code/colcon_3/install/robot_decision_system/include/robot_decision_system/robot_decision_system/srv/detail
[0.734s] -- Up-to-date: /home/sentry-nov/code/colcon_3/install/robot_decision_system/include/robot_decision_system/robot_decision_system/srv/detail/nav_srv__type_support.hpp
[0.734s] -- Up-to-date: /home/sentry-nov/code/colcon_3/install/robot_decision_system/include/robot_decision_system/robot_decision_system/srv/detail/nav_srv__struct.hpp
[0.734s] -- Up-to-date: /home/sentry-nov/code/colcon_3/install/robot_decision_system/include/robot_decision_system/robot_decision_system/srv/detail/nav_srv__traits.hpp
[0.734s] -- Up-to-date: /home/sentry-nov/code/colcon_3/install/robot_decision_system/include/robot_decision_system/robot_decision_system/srv/detail/nav_srv__builder.hpp
[0.735s] -- Up-to-date: /home/sentry-nov/code/colcon_3/install/robot_decision_system/include/robot_decision_system/robot_decision_system/srv/nav_srv.hpp
[0.735s] -- Up-to-date: /home/sentry-nov/code/colcon_3/install/robot_decision_system/include/robot_decision_system/robot_decision_system/msg
[0.735s] -- Up-to-date: /home/sentry-nov/code/colcon_3/install/robot_decision_system/include/robot_decision_system/robot_decision_system/msg/rosidl_generator_cpp__visibility_control.hpp
[0.736s] -- Up-to-date: /home/sentry-nov/code/colcon_3/install/robot_decision_system/include/robot_decision_system/robot_decision_system
[0.736s] -- Up-to-date: /home/sentry-nov/code/colcon_3/install/robot_decision_system/include/robot_decision_system/robot_decision_system/srv
[0.736s] -- Up-to-date: /home/sentry-nov/code/colcon_3/install/robot_decision_system/include/robot_decision_system/robot_decision_system/srv/detail
[0.737s] -- Up-to-date: /home/sentry-nov/code/colcon_3/install/robot_decision_system/include/robot_decision_system/robot_decision_system/srv/detail/dds_fastrtps
[0.737s] -- Up-to-date: /home/sentry-nov/code/colcon_3/install/robot_decision_system/include/robot_decision_system/robot_decision_system/srv/detail/nav_srv__rosidl_typesupport_fastrtps_cpp.hpp
[0.737s] -- Up-to-date: /home/sentry-nov/code/colcon_3/install/robot_decision_system/include/robot_decision_system/robot_decision_system/msg
[0.737s] -- Up-to-date: /home/sentry-nov/code/colcon_3/install/robot_decision_system/include/robot_decision_system/robot_decision_system/msg/rosidl_typesupport_fastrtps_cpp__visibility_control.h
[0.737s] -- Up-to-date: /home/sentry-nov/code/colcon_3/install/robot_decision_system/lib/librobot_decision_system__rosidl_typesupport_fastrtps_cpp.so
[0.738s] -- Up-to-date: /home/sentry-nov/code/colcon_3/install/robot_decision_system/include/robot_decision_system/robot_decision_system
[0.738s] -- Up-to-date: /home/sentry-nov/code/colcon_3/install/robot_decision_system/include/robot_decision_system/robot_decision_system/srv
[0.738s] -- Up-to-date: /home/sentry-nov/code/colcon_3/install/robot_decision_system/include/robot_decision_system/robot_decision_system/srv/detail
[0.738s] -- Up-to-date: /home/sentry-nov/code/colcon_3/install/robot_decision_system/include/robot_decision_system/robot_decision_system/srv/detail/nav_srv__type_support.c
[0.739s] -- Up-to-date: /home/sentry-nov/code/colcon_3/install/robot_decision_system/include/robot_decision_system/robot_decision_system/srv/detail/nav_srv__rosidl_typesupport_introspection_c.h
[0.739s] -- Up-to-date: /home/sentry-nov/code/colcon_3/install/robot_decision_system/include/robot_decision_system/robot_decision_system/msg
[0.739s] -- Up-to-date: /home/sentry-nov/code/colcon_3/install/robot_decision_system/include/robot_decision_system/robot_decision_system/msg/rosidl_typesupport_introspection_c__visibility_control.h
[0.739s] -- Up-to-date: /home/sentry-nov/code/colcon_3/install/robot_decision_system/lib/librobot_decision_system__rosidl_typesupport_introspection_c.so
[0.739s] -- Up-to-date: /home/sentry-nov/code/colcon_3/install/robot_decision_system/lib/librobot_decision_system__rosidl_typesupport_c.so
[0.740s] -- Up-to-date: /home/sentry-nov/code/colcon_3/install/robot_decision_system/include/robot_decision_system/robot_decision_system
[0.740s] -- Up-to-date: /home/sentry-nov/code/colcon_3/install/robot_decision_system/include/robot_decision_system/robot_decision_system/srv
[0.741s] -- Up-to-date: /home/sentry-nov/code/colcon_3/install/robot_decision_system/include/robot_decision_system/robot_decision_system/srv/detail
[0.741s] -- Up-to-date: /home/sentry-nov/code/colcon_3/install/robot_decision_system/include/robot_decision_system/robot_decision_system/srv/detail/nav_srv__type_support.cpp
[0.742s] -- Up-to-date: /home/sentry-nov/code/colcon_3/install/robot_decision_system/include/robot_decision_system/robot_decision_system/srv/detail/nav_srv__rosidl_typesupport_introspection_cpp.hpp
[0.742s] -- Up-to-date: /home/sentry-nov/code/colcon_3/install/robot_decision_system/lib/librobot_decision_system__rosidl_typesupport_introspection_cpp.so
[0.742s] -- Up-to-date: /home/sentry-nov/code/colcon_3/install/robot_decision_system/lib/librobot_decision_system__rosidl_typesupport_cpp.so
[0.742s] -- Up-to-date: /home/sentry-nov/code/colcon_3/install/robot_decision_system/share/robot_decision_system/environment/pythonpath.sh
[0.743s] -- Up-to-date: /home/sentry-nov/code/colcon_3/install/robot_decision_system/share/robot_decision_system/environment/pythonpath.dsv
[0.744s] -- Up-to-date: /home/sentry-nov/code/colcon_3/install/robot_decision_system/local/lib/python3.10/dist-packages/robot_decision_system-0.0.0-py3.10.egg-info
[0.745s] -- Installing: /home/sentry-nov/code/colcon_3/install/robot_decision_system/local/lib/python3.10/dist-packages/robot_decision_system-0.0.0-py3.10.egg-info/top_level.txt
[0.745s] -- Installing: /home/sentry-nov/code/colcon_3/install/robot_decision_system/local/lib/python3.10/dist-packages/robot_decision_system-0.0.0-py3.10.egg-info/dependency_links.txt
[0.745s] -- Installing: /home/sentry-nov/code/colcon_3/install/robot_decision_system/local/lib/python3.10/dist-packages/robot_decision_system-0.0.0-py3.10.egg-info/PKG-INFO
[0.745s] -- Installing: /home/sentry-nov/code/colcon_3/install/robot_decision_system/local/lib/python3.10/dist-packages/robot_decision_system-0.0.0-py3.10.egg-info/SOURCES.txt
[0.746s] -- Up-to-date: /home/sentry-nov/code/colcon_3/install/robot_decision_system/local/lib/python3.10/dist-packages/robot_decision_system
[0.746s] -- Up-to-date: /home/sentry-nov/code/colcon_3/install/robot_decision_system/local/lib/python3.10/dist-packages/robot_decision_system/robot_decision_system_s__rosidl_typesupport_c.cpython-310-x86_64-linux-gnu.so
[0.746s] -- Up-to-date: /home/sentry-nov/code/colcon_3/install/robot_decision_system/local/lib/python3.10/dist-packages/robot_decision_system/robot_decision_system_s__rosidl_typesupport_introspection_c.cpython-310-x86_64-linux-gnu.so
[0.746s] -- Up-to-date: /home/sentry-nov/code/colcon_3/install/robot_decision_system/local/lib/python3.10/dist-packages/robot_decision_system/srv
[0.746s] -- Up-to-date: /home/sentry-nov/code/colcon_3/install/robot_decision_system/local/lib/python3.10/dist-packages/robot_decision_system/srv/_nav_srv_s.c
[0.746s] -- Up-to-date: /home/sentry-nov/code/colcon_3/install/robot_decision_system/local/lib/python3.10/dist-packages/robot_decision_system/srv/_nav_srv.py
[0.747s] -- Up-to-date: /home/sentry-nov/code/colcon_3/install/robot_decision_system/local/lib/python3.10/dist-packages/robot_decision_system/srv/__init__.py
[0.747s] -- Up-to-date: /home/sentry-nov/code/colcon_3/install/robot_decision_system/local/lib/python3.10/dist-packages/robot_decision_system/_robot_decision_system_s.ep.rosidl_typesupport_introspection_c.c
[0.747s] -- Up-to-date: /home/sentry-nov/code/colcon_3/install/robot_decision_system/local/lib/python3.10/dist-packages/robot_decision_system/_robot_decision_system_s.ep.rosidl_typesupport_c.c
[0.747s] -- Up-to-date: /home/sentry-nov/code/colcon_3/install/robot_decision_system/local/lib/python3.10/dist-packages/robot_decision_system/robot_decision_system_s__rosidl_typesupport_fastrtps_c.cpython-310-x86_64-linux-gnu.so
[0.747s] -- Up-to-date: /home/sentry-nov/code/colcon_3/install/robot_decision_system/local/lib/python3.10/dist-packages/robot_decision_system/__init__.py
[0.748s] -- Up-to-date: /home/sentry-nov/code/colcon_3/install/robot_decision_system/local/lib/python3.10/dist-packages/robot_decision_system/_robot_decision_system_s.ep.rosidl_typesupport_fastrtps_c.c
[0.748s] -- Up-to-date: /home/sentry-nov/code/colcon_3/install/robot_decision_system/local/lib/python3.10/dist-packages/robot_decision_system/librobot_decision_system__rosidl_generator_py.so
[0.767s] Listing '/home/sentry-nov/code/colcon_3/install/robot_decision_system/local/lib/python3.10/dist-packages/robot_decision_system'...
[0.767s] Listing '/home/sentry-nov/code/colcon_3/install/robot_decision_system/local/lib/python3.10/dist-packages/robot_decision_system/srv'...
[0.772s] -- Up-to-date: /home/sentry-nov/code/colcon_3/install/robot_decision_system/local/lib/python3.10/dist-packages/robot_decision_system/robot_decision_system_s__rosidl_typesupport_fastrtps_c.cpython-310-x86_64-linux-gnu.so
[0.772s] -- Up-to-date: /home/sentry-nov/code/colcon_3/install/robot_decision_system/local/lib/python3.10/dist-packages/robot_decision_system/robot_decision_system_s__rosidl_typesupport_introspection_c.cpython-310-x86_64-linux-gnu.so
[0.772s] -- Up-to-date: /home/sentry-nov/code/colcon_3/install/robot_decision_system/local/lib/python3.10/dist-packages/robot_decision_system/robot_decision_system_s__rosidl_typesupport_c.cpython-310-x86_64-linux-gnu.so
[0.773s] -- Up-to-date: /home/sentry-nov/code/colcon_3/install/robot_decision_system/lib/librobot_decision_system__rosidl_generator_py.so
[0.774s] -- Up-to-date: /home/sentry-nov/code/colcon_3/install/robot_decision_system/share/robot_decision_system/srv/NavSrv.idl
[0.774s] -- Up-to-date: /home/sentry-nov/code/colcon_3/install/robot_decision_system/share/robot_decision_system/srv/NavSrv.srv
[0.775s] -- Up-to-date: /home/sentry-nov/code/colcon_3/install/robot_decision_system/share/robot_decision_system/srv/NavSrv_Request.msg
[0.775s] -- Up-to-date: /home/sentry-nov/code/colcon_3/install/robot_decision_system/share/robot_decision_system/srv/NavSrv_Response.msg
[0.775s] -- Up-to-date: /home/sentry-nov/code/colcon_3/install/robot_decision_system/lib/robot_decision_system/robot_decision_blue
[0.776s] -- Up-to-date: /home/sentry-nov/code/colcon_3/install/robot_decision_system/lib/robot_decision_system/robot_decision_red
[0.776s] -- Up-to-date: /home/sentry-nov/code/colcon_3/install/robot_decision_system/share/ament_index/resource_index/package_run_dependencies/robot_decision_system
[0.776s] -- Up-to-date: /home/sentry-nov/code/colcon_3/install/robot_decision_system/share/ament_index/resource_index/parent_prefix_path/robot_decision_system
[0.776s] -- Up-to-date: /home/sentry-nov/code/colcon_3/install/robot_decision_system/share/robot_decision_system/environment/ament_prefix_path.sh
[0.776s] -- Up-to-date: /home/sentry-nov/code/colcon_3/install/robot_decision_system/share/robot_decision_system/environment/ament_prefix_path.dsv
[0.777s] -- Up-to-date: /home/sentry-nov/code/colcon_3/install/robot_decision_system/share/robot_decision_system/environment/path.sh
[0.777s] -- Up-to-date: /home/sentry-nov/code/colcon_3/install/robot_decision_system/share/robot_decision_system/environment/path.dsv
[0.777s] -- Up-to-date: /home/sentry-nov/code/colcon_3/install/robot_decision_system/share/robot_decision_system/local_setup.bash
[0.777s] -- Up-to-date: /home/sentry-nov/code/colcon_3/install/robot_decision_system/share/robot_decision_system/local_setup.sh
[0.778s] -- Up-to-date: /home/sentry-nov/code/colcon_3/install/robot_decision_system/share/robot_decision_system/local_setup.zsh
[0.778s] -- Up-to-date: /home/sentry-nov/code/colcon_3/install/robot_decision_system/share/robot_decision_system/local_setup.dsv
[0.778s] -- Installing: /home/sentry-nov/code/colcon_3/install/robot_decision_system/share/robot_decision_system/package.dsv
[0.778s] -- Up-to-date: /home/sentry-nov/code/colcon_3/install/robot_decision_system/share/ament_index/resource_index/packages/robot_decision_system
[0.778s] -- Up-to-date: /home/sentry-nov/code/colcon_3/install/robot_decision_system/share/robot_decision_system/cmake/export_robot_decision_system__rosidl_generator_cExport.cmake
[0.778s] -- Up-to-date: /home/sentry-nov/code/colcon_3/install/robot_decision_system/share/robot_decision_system/cmake/export_robot_decision_system__rosidl_generator_cExport-noconfig.cmake
[0.778s] -- Up-to-date: /home/sentry-nov/code/colcon_3/install/robot_decision_system/share/robot_decision_system/cmake/export_robot_decision_system__rosidl_typesupport_fastrtps_cExport.cmake
[0.778s] -- Up-to-date: /home/sentry-nov/code/colcon_3/install/robot_decision_system/share/robot_decision_system/cmake/export_robot_decision_system__rosidl_typesupport_fastrtps_cExport-noconfig.cmake
[0.779s] -- Up-to-date: /home/sentry-nov/code/colcon_3/install/robot_decision_system/share/robot_decision_system/cmake/export_robot_decision_system__rosidl_generator_cppExport.cmake
[0.779s] -- Up-to-date: /home/sentry-nov/code/colcon_3/install/robot_decision_system/share/robot_decision_system/cmake/export_robot_decision_system__rosidl_typesupport_fastrtps_cppExport.cmake
[0.779s] -- Up-to-date: /home/sentry-nov/code/colcon_3/install/robot_decision_system/share/robot_decision_system/cmake/export_robot_decision_system__rosidl_typesupport_fastrtps_cppExport-noconfig.cmake
[0.779s] -- Up-to-date: /home/sentry-nov/code/colcon_3/install/robot_decision_system/share/robot_decision_system/cmake/robot_decision_system__rosidl_typesupport_introspection_cExport.cmake
[0.779s] -- Up-to-date: /home/sentry-nov/code/colcon_3/install/robot_decision_system/share/robot_decision_system/cmake/robot_decision_system__rosidl_typesupport_introspection_cExport-noconfig.cmake
[0.779s] -- Up-to-date: /home/sentry-nov/code/colcon_3/install/robot_decision_system/share/robot_decision_system/cmake/robot_decision_system__rosidl_typesupport_cExport.cmake
[0.779s] -- Up-to-date: /home/sentry-nov/code/colcon_3/install/robot_decision_system/share/robot_decision_system/cmake/robot_decision_system__rosidl_typesupport_cExport-noconfig.cmake
[0.779s] -- Up-to-date: /home/sentry-nov/code/colcon_3/install/robot_decision_system/share/robot_decision_system/cmake/robot_decision_system__rosidl_typesupport_introspection_cppExport.cmake
[0.779s] -- Up-to-date: /home/sentry-nov/code/colcon_3/install/robot_decision_system/share/robot_decision_system/cmake/robot_decision_system__rosidl_typesupport_introspection_cppExport-noconfig.cmake
[0.779s] -- Up-to-date: /home/sentry-nov/code/colcon_3/install/robot_decision_system/share/robot_decision_system/cmake/robot_decision_system__rosidl_typesupport_cppExport.cmake
[0.779s] -- Up-to-date: /home/sentry-nov/code/colcon_3/install/robot_decision_system/share/robot_decision_system/cmake/robot_decision_system__rosidl_typesupport_cppExport-noconfig.cmake
[0.779s] -- Up-to-date: /home/sentry-nov/code/colcon_3/install/robot_decision_system/share/robot_decision_system/cmake/export_robot_decision_system__rosidl_generator_pyExport.cmake
[0.780s] -- Up-to-date: /home/sentry-nov/code/colcon_3/install/robot_decision_system/share/robot_decision_system/cmake/export_robot_decision_system__rosidl_generator_pyExport-noconfig.cmake
[0.780s] -- Up-to-date: /home/sentry-nov/code/colcon_3/install/robot_decision_system/share/robot_decision_system/cmake/rosidl_cmake-extras.cmake
[0.780s] -- Up-to-date: /home/sentry-nov/code/colcon_3/install/robot_decision_system/share/robot_decision_system/cmake/ament_cmake_export_include_directories-extras.cmake
[0.780s] -- Up-to-date: /home/sentry-nov/code/colcon_3/install/robot_decision_system/share/robot_decision_system/cmake/ament_cmake_export_libraries-extras.cmake
[0.780s] -- Up-to-date: /home/sentry-nov/code/colcon_3/install/robot_decision_system/share/robot_decision_system/cmake/ament_cmake_export_targets-extras.cmake
[0.780s] -- Up-to-date: /home/sentry-nov/code/colcon_3/install/robot_decision_system/share/robot_decision_system/cmake/rosidl_cmake_export_typesupport_targets-extras.cmake
[0.780s] -- Up-to-date: /home/sentry-nov/code/colcon_3/install/robot_decision_system/share/robot_decision_system/cmake/ament_cmake_export_dependencies-extras.cmake
[0.780s] -- Up-to-date: /home/sentry-nov/code/colcon_3/install/robot_decision_system/share/robot_decision_system/cmake/rosidl_cmake_export_typesupport_libraries-extras.cmake
[0.781s] -- Up-to-date: /home/sentry-nov/code/colcon_3/install/robot_decision_system/share/robot_decision_system/cmake/robot_decision_systemConfig.cmake
[0.781s] -- Up-to-date: /home/sentry-nov/code/colcon_3/install/robot_decision_system/share/robot_decision_system/cmake/robot_decision_systemConfig-version.cmake
[0.781s] -- Up-to-date: /home/sentry-nov/code/colcon_3/install/robot_decision_system/share/robot_decision_system/package.xml
[0.821s] Invoked command in '/home/sentry-nov/code/colcon_3/build/robot_decision_system' returned '0': CMAKE_PREFIX_PATH=${CMAKE_PREFIX_PATH}:/opt/ros/humble /usr/bin/cmake --install /home/sentry-nov/code/colcon_3/build/robot_decision_system
