[0.031s] Invoking command in '/home/sentry-nov/code/colcon_3/build/z_related_map': AMENT_PREFIX_PATH=/home/sentry-nov/code/colcon_3/install/debug_tools:${AMENT_PREFIX_PATH} CMAKE_PREFIX_PATH=/home/sentry-nov/code/colcon_3/install/debug_tools:/opt/ros/humble /usr/bin/cmake --build /home/sentry-nov/code/colcon_3/build/z_related_map -- -j12 -l12
[0.411s] [ 60%] Built target z_related_map
[0.422s] [ 73%] Built target test_cloud_generator_node
[0.458s] [ 86%] Built target test_node
[0.463s] [100%] Built target test_prob_node
[0.479s] Invoked command in '/home/sentry-nov/code/colcon_3/build/z_related_map' returned '0': AMENT_PREFIX_PATH=/home/sentry-nov/code/colcon_3/install/debug_tools:${AMENT_PREFIX_PATH} CMAKE_PREFIX_PATH=/home/sentry-nov/code/colcon_3/install/debug_tools:/opt/ros/humble /usr/bin/cmake --build /home/sentry-nov/code/colcon_3/build/z_related_map -- -j12 -l12
[0.483s] Invoking command in '/home/sentry-nov/code/colcon_3/build/z_related_map': AMENT_PREFIX_PATH=/home/sentry-nov/code/colcon_3/install/debug_tools:${AMENT_PREFIX_PATH} CMAKE_PREFIX_PATH=/home/sentry-nov/code/colcon_3/install/debug_tools:/opt/ros/humble /usr/bin/cmake --install /home/sentry-nov/code/colcon_3/build/z_related_map
[0.490s] -- Install configuration: "Release"
[0.493s] -- Up-to-date: /home/sentry-nov/code/colcon_3/install/z_related_map/share/z_related_map/environment/library_path.sh
[0.493s] -- Up-to-date: /home/sentry-nov/code/colcon_3/install/z_related_map/share/z_related_map/environment/library_path.dsv
[0.493s] -- Up-to-date: /home/sentry-nov/code/colcon_3/install/z_related_map/include
[0.493s] -- Up-to-date: /home/sentry-nov/code/colcon_3/install/z_related_map/include/z_related_map
[0.494s] -- Up-to-date: /home/sentry-nov/code/colcon_3/install/z_related_map/include/z_related_map/z_related_map_ros.h
[0.494s] -- Up-to-date: /home/sentry-nov/code/colcon_3/install/z_related_map/include/z_related_map/prob
[0.494s] -- Up-to-date: /home/sentry-nov/code/colcon_3/install/z_related_map/include/z_related_map/prob/sliding_map.h
[0.495s] -- Up-to-date: /home/sentry-nov/code/colcon_3/install/z_related_map/include/z_related_map/prob/prob_map.h
[0.495s] -- Up-to-date: /home/sentry-nov/code/colcon_3/install/z_related_map/include/z_related_map/prob/math_cal.hpp
[0.495s] -- Up-to-date: /home/sentry-nov/code/colcon_3/install/z_related_map/include/z_related_map/prob/counter_map.h
[0.495s] -- Up-to-date: /home/sentry-nov/code/colcon_3/install/z_related_map/include/z_related_map/prob/config.hpp
[0.495s] -- Up-to-date: /home/sentry-nov/code/colcon_3/install/z_related_map/include/z_related_map/prob/raycaster.h
[0.495s] -- Up-to-date: /home/sentry-nov/code/colcon_3/install/z_related_map/include/z_related_map/local_map.h
[0.495s] -- Up-to-date: /home/sentry-nov/code/colcon_3/install/z_related_map/include/z_related_map/cloud_generator.h
[0.495s] -- Up-to-date: /home/sentry-nov/code/colcon_3/install/z_related_map/include/z_related_map/global_map.h
[0.495s] -- Up-to-date: /home/sentry-nov/code/colcon_3/install/z_related_map/include/z_related_map/z_related_map.h
[0.495s] -- Up-to-date: /home/sentry-nov/code/colcon_3/install/z_related_map/lib/libz_related_map.a
[0.497s] -- Up-to-date: /home/sentry-nov/code/colcon_3/install/z_related_map/lib/z_related_map/test_cloud_generator_node
[0.499s] -- Up-to-date: /home/sentry-nov/code/colcon_3/install/z_related_map/lib/z_related_map/test_node
[0.501s] -- Up-to-date: /home/sentry-nov/code/colcon_3/install/z_related_map/lib/z_related_map/test_prob_node
[0.502s] -- Up-to-date: /home/sentry-nov/code/colcon_3/install/z_related_map/share/ament_index/resource_index/package_run_dependencies/z_related_map
[0.502s] -- Up-to-date: /home/sentry-nov/code/colcon_3/install/z_related_map/share/ament_index/resource_index/parent_prefix_path/z_related_map
[0.502s] -- Up-to-date: /home/sentry-nov/code/colcon_3/install/z_related_map/share/z_related_map/environment/ament_prefix_path.sh
[0.502s] -- Up-to-date: /home/sentry-nov/code/colcon_3/install/z_related_map/share/z_related_map/environment/ament_prefix_path.dsv
[0.503s] -- Up-to-date: /home/sentry-nov/code/colcon_3/install/z_related_map/share/z_related_map/environment/path.sh
[0.503s] -- Up-to-date: /home/sentry-nov/code/colcon_3/install/z_related_map/share/z_related_map/environment/path.dsv
[0.503s] -- Up-to-date: /home/sentry-nov/code/colcon_3/install/z_related_map/share/z_related_map/local_setup.bash
[0.503s] -- Up-to-date: /home/sentry-nov/code/colcon_3/install/z_related_map/share/z_related_map/local_setup.sh
[0.503s] -- Up-to-date: /home/sentry-nov/code/colcon_3/install/z_related_map/share/z_related_map/local_setup.zsh
[0.503s] -- Up-to-date: /home/sentry-nov/code/colcon_3/install/z_related_map/share/z_related_map/local_setup.dsv
[0.503s] -- Installing: /home/sentry-nov/code/colcon_3/install/z_related_map/share/z_related_map/package.dsv
[0.503s] -- Up-to-date: /home/sentry-nov/code/colcon_3/install/z_related_map/share/ament_index/resource_index/packages/z_related_map
[0.504s] -- Up-to-date: /home/sentry-nov/code/colcon_3/install/z_related_map/share/z_related_map/cmake/ament_cmake_export_include_directories-extras.cmake
[0.504s] -- Up-to-date: /home/sentry-nov/code/colcon_3/install/z_related_map/share/z_related_map/cmake/ament_cmake_export_libraries-extras.cmake
[0.504s] -- Up-to-date: /home/sentry-nov/code/colcon_3/install/z_related_map/share/z_related_map/cmake/z_related_mapConfig.cmake
[0.504s] -- Up-to-date: /home/sentry-nov/code/colcon_3/install/z_related_map/share/z_related_map/cmake/z_related_mapConfig-version.cmake
[0.504s] -- Up-to-date: /home/sentry-nov/code/colcon_3/install/z_related_map/share/z_related_map/package.xml
[0.506s] Invoked command in '/home/sentry-nov/code/colcon_3/build/z_related_map' returned '0': AMENT_PREFIX_PATH=/home/sentry-nov/code/colcon_3/install/debug_tools:${AMENT_PREFIX_PATH} CMAKE_PREFIX_PATH=/home/sentry-nov/code/colcon_3/install/debug_tools:/opt/ros/humble /usr/bin/cmake --install /home/sentry-nov/code/colcon_3/build/z_related_map
