-- Found ament_cmake: 1.3.11 (/opt/ros/humble/share/ament_cmake/cmake)
-- Found rclcpp: 16.0.11 (/opt/ros/humble/share/rclcpp/cmake)
-- Found rosidl_generator_c: 3.1.6 (/opt/ros/humble/share/rosidl_generator_c/cmake)
-- Found rosidl_adapter: 3.1.6 (/opt/ros/humble/share/rosidl_adapter/cmake)
-- Found rosidl_generator_cpp: 3.1.6 (/opt/ros/humble/share/rosidl_generator_cpp/cmake)
-- Using all available rosidl_typesupport_c: rosidl_typesupport_fastrtps_c;rosidl_typesupport_introspection_c
-- Using all available rosidl_typesupport_cpp: rosidl_typesupport_fastrtps_cpp;rosidl_typesupport_introspection_cpp
-- Found rmw_implementation_cmake: 6.1.2 (/opt/ros/humble/share/rmw_implementation_cmake/cmake)
-- Found rmw_fastrtps_cpp: 6.2.7 (/opt/ros/humble/share/rmw_fastrtps_cpp/cmake)
-- Using RMW implementation 'rmw_fastrtps_cpp' as default
-- Found sensor_msgs: 4.2.4 (/opt/ros/humble/share/sensor_msgs/cmake)
-- Found nav_msgs: 4.2.4 (/opt/ros/humble/share/nav_msgs/cmake)
-- Found visualization_msgs: 4.2.4 (/opt/ros/humble/share/visualization_msgs/cmake)
-- Found pcl_ros: 2.4.5 (/opt/ros/humble/share/pcl_ros/cmake)
-- Eigen found (include: /usr/include/eigen3, version: 3.4.0)
-- FLANN found (include: /usr/include, lib: /usr/lib/x86_64-linux-gnu/libflann_cpp.so)
-- OpenNI found (version: 1.5.4.0, include: /usr/include/ni, lib: /usr/lib/libOpenNI.so;libusb::libusb)
-- OpenNI2 found (version: 2.2.0.33, include: /usr/include/openni2, lib: /usr/lib/x86_64-linux-gnu/libOpenNI2.so;libusb::libusb)
-- Eigen found (include: /usr/include/eigen3, version: 3.4.0)
-- OpenNI found (version: 1.5.4.0, include: /usr/include/ni, lib: /usr/lib/libOpenNI.so;libusb::libusb)
-- OpenNI2 found (version: 2.2.0.33, include: /usr/include/openni2, lib: /usr/lib/x86_64-linux-gnu/libOpenNI2.so;libusb::libusb)
-- Found Qhull version 8.0.2
-- OpenNI found (version: 1.5.4.0, include: /usr/include/ni, lib: /usr/lib/libOpenNI.so;libusb::libusb)
-- Found eigen3_cmake_module: 0.1.1 (/opt/ros/humble/share/eigen3_cmake_module/cmake)
-- Ensuring Eigen3 include directory is part of orocos-kdl CMake target
-- Found altitude_map: 0.0.0 (/home/sentry-nov/code/colcon_3/install/altitude_map/share/altitude_map/cmake)
-- Found debug_tools: 0.0.0 (/home/sentry-nov/code/colcon_3/install/debug_tools/share/debug_tools/cmake)
-- Found rm_interface: 0.0.0 (/home/sentry-nov/code/colcon_3/install/rm_interface/share/rm_interface/cmake)
-- Configuring done
-- Generating done
-- Build files have been written to: /home/sentry-nov/code/colcon_3/build/path_planning
[35m[1mConsolidate compiler generated dependencies of target test_set_hhid_node[0m
[35m[1mConsolidate compiler generated dependencies of target test_hash_uuid_node[0m
[35m[1mConsolidate compiler generated dependencies of target test_vel_estimator_node[0m
[35m[1mConsolidate compiler generated dependencies of target path_planning[0m
[ 10%] Built target test_set_hhid_node
[ 20%] Built target test_hash_uuid_node
[ 35%] Built target test_vel_estimator_node
gmake[2]: Warning: File '/home/sentry-nov/code/colcon_3/src/navigation/path_planning/src/nav_core/gl_nav.cpp' has modification time 24011 s in the future
[ 40%] [32mBuilding CXX object CMakeFiles/path_planning.dir/src/nav_core/gl_nav.cpp.o[0m
[ 45%] [32mBuilding CXX object CMakeFiles/path_planning.dir/src/path_searcher/theta_star.cpp.o[0m
[ 50%] [32mBuilding CXX object CMakeFiles/path_planning.dir/src/nav_core/global_nav.cpp.o[0m
[ 60%] [32mBuilding CXX object CMakeFiles/path_planning.dir/src/nav_core/nav_core.cpp.o[0m
[ 60%] [32mBuilding CXX object CMakeFiles/path_planning.dir/src/nav_core/local_nav.cpp.o[0m
[ 65%] [32mBuilding CXX object CMakeFiles/path_planning.dir/src/util/vel_estimator.cpp.o[0m
[ 70%] [32m[1mLinking CXX shared library libpath_planning.so[0m
gmake[2]: warning: Clock skew detected. Your build may be incomplete.
[ 70%] Built target path_planning
[35m[1mConsolidate compiler generated dependencies of target global_nav_ros_node[0m
[35m[1mConsolidate compiler generated dependencies of target local_nav_ros_node[0m
gmake[2]: Warning: File '/home/sentry-nov/code/colcon_3/src/navigation/path_planning/src/nav_core/gl_nav_ros.cpp' has modification time 24806 s in the future
[ 75%] [32mBuilding CXX object CMakeFiles/gl_nav_ros_node.dir/src/nav_core/gl_nav_ros.cpp.o[0m
gmake[2]: Warning: File '/home/sentry-nov/code/colcon_3/src/navigation/path_planning/src/nav_core/local_nav_ros.cpp' has modification time 22958 s in the future
[ 80%] [32mBuilding CXX object CMakeFiles/local_nav_ros_node.dir/src/nav_core/local_nav_ros.cpp.o[0m
[ 85%] [32mBuilding CXX object CMakeFiles/global_nav_ros_node.dir/src/nav_core/global_nav_ros.cpp.o[0m
[ 90%] [32m[1mLinking CXX executable global_nav_ros_node[0m
[ 90%] Built target global_nav_ros_node
[ 95%] [32m[1mLinking CXX executable local_nav_ros_node[0m
gmake[2]: warning: Clock skew detected. Your build may be incomplete.
[ 95%] Built target local_nav_ros_node
[100%] [32m[1mLinking CXX executable gl_nav_ros_node[0m
gmake[2]: warning: Clock skew detected. Your build may be incomplete.
[100%] Built target gl_nav_ros_node
-- Install configuration: "Release"
-- Installing: /home/sentry-nov/code/colcon_3/install/path_planning/lib/libpath_planning.so
-- Set runtime path of "/home/sentry-nov/code/colcon_3/install/path_planning/lib/libpath_planning.so" to ""
-- Up-to-date: /home/sentry-nov/code/colcon_3/install/path_planning/share/path_planning/environment/library_path.sh
-- Installing: /home/sentry-nov/code/colcon_3/install/path_planning/share/path_planning/environment/library_path.dsv
-- Up-to-date: /home/sentry-nov/code/colcon_3/install/path_planning/include
-- Up-to-date: /home/sentry-nov/code/colcon_3/install/path_planning/include/path_planning
-- Up-to-date: /home/sentry-nov/code/colcon_3/install/path_planning/include/path_planning/util
-- Installing: /home/sentry-nov/code/colcon_3/install/path_planning/include/path_planning/util/group_run.h
-- Up-to-date: /home/sentry-nov/code/colcon_3/install/path_planning/include/path_planning/util/vis_ros.h
-- Up-to-date: /home/sentry-nov/code/colcon_3/install/path_planning/include/path_planning/util/vel_estimator.h
-- Up-to-date: /home/sentry-nov/code/colcon_3/install/path_planning/include/path_planning/nav_core
-- Installing: /home/sentry-nov/code/colcon_3/install/path_planning/include/path_planning/nav_core/gl_nav.h
-- Installing: /home/sentry-nov/code/colcon_3/install/path_planning/include/path_planning/nav_core/nav_core.h
-- Installing: /home/sentry-nov/code/colcon_3/install/path_planning/include/path_planning/nav_core/local_nav.h
-- Installing: /home/sentry-nov/code/colcon_3/install/path_planning/include/path_planning/nav_core/global_nav.h
-- Up-to-date: /home/sentry-nov/code/colcon_3/install/path_planning/include/path_planning/path_searcher
-- Installing: /home/sentry-nov/code/colcon_3/install/path_planning/include/path_planning/path_searcher/path_searcher.h
-- Installing: /home/sentry-nov/code/colcon_3/install/path_planning/include/path_planning/path_searcher/theta_star.h
-- Up-to-date: /home/sentry-nov/code/colcon_3/install/path_planning/include/path_planning/path_searcher/gird_node.h
-- Installing: /home/sentry-nov/code/colcon_3/install/path_planning/lib/path_planning/gl_nav_ros_node
-- Set runtime path of "/home/sentry-nov/code/colcon_3/install/path_planning/lib/path_planning/gl_nav_ros_node" to ""
-- Installing: /home/sentry-nov/code/colcon_3/install/path_planning/lib/path_planning/global_nav_ros_node
-- Set runtime path of "/home/sentry-nov/code/colcon_3/install/path_planning/lib/path_planning/global_nav_ros_node" to ""
-- Installing: /home/sentry-nov/code/colcon_3/install/path_planning/lib/path_planning/local_nav_ros_node
-- Set runtime path of "/home/sentry-nov/code/colcon_3/install/path_planning/lib/path_planning/local_nav_ros_node" to ""
-- Up-to-date: /home/sentry-nov/code/colcon_3/install/path_planning/lib/path_planning/test_hash_uuid_node
-- Up-to-date: /home/sentry-nov/code/colcon_3/install/path_planning/lib/path_planning/test_set_hhid_node
-- Up-to-date: /home/sentry-nov/code/colcon_3/install/path_planning/lib/path_planning/test_vel_estimator_node
-- Up-to-date: /home/sentry-nov/code/colcon_3/install/path_planning/share/ament_index/resource_index/package_run_dependencies/path_planning
-- Installing: /home/sentry-nov/code/colcon_3/install/path_planning/share/ament_index/resource_index/parent_prefix_path/path_planning
-- Up-to-date: /home/sentry-nov/code/colcon_3/install/path_planning/share/path_planning/environment/ament_prefix_path.sh
-- Installing: /home/sentry-nov/code/colcon_3/install/path_planning/share/path_planning/environment/ament_prefix_path.dsv
-- Up-to-date: /home/sentry-nov/code/colcon_3/install/path_planning/share/path_planning/environment/path.sh
-- Installing: /home/sentry-nov/code/colcon_3/install/path_planning/share/path_planning/environment/path.dsv
-- Up-to-date: /home/sentry-nov/code/colcon_3/install/path_planning/share/path_planning/local_setup.bash
-- Up-to-date: /home/sentry-nov/code/colcon_3/install/path_planning/share/path_planning/local_setup.sh
-- Up-to-date: /home/sentry-nov/code/colcon_3/install/path_planning/share/path_planning/local_setup.zsh
-- Installing: /home/sentry-nov/code/colcon_3/install/path_planning/share/path_planning/local_setup.dsv
-- Installing: /home/sentry-nov/code/colcon_3/install/path_planning/share/path_planning/package.dsv
-- Up-to-date: /home/sentry-nov/code/colcon_3/install/path_planning/share/ament_index/resource_index/packages/path_planning
-- Up-to-date: /home/sentry-nov/code/colcon_3/install/path_planning/share/path_planning/cmake/ament_cmake_export_include_directories-extras.cmake
-- Up-to-date: /home/sentry-nov/code/colcon_3/install/path_planning/share/path_planning/cmake/ament_cmake_export_libraries-extras.cmake
-- Up-to-date: /home/sentry-nov/code/colcon_3/install/path_planning/share/path_planning/cmake/path_planningConfig.cmake
-- Up-to-date: /home/sentry-nov/code/colcon_3/install/path_planning/share/path_planning/cmake/path_planningConfig-version.cmake
-- Up-to-date: /home/sentry-nov/code/colcon_3/install/path_planning/share/path_planning/package.xml
