[0.000000] (-) TimerEvent: {}
[0.000297] (-) JobUnselected: {'identifier': 'behaviortree_cpp'}
[0.000400] (-) JobUnselected: {'identifier': 'debug_tools'}
[0.000455] (-) JobUnselected: {'identifier': 'decision_node_pkg'}
[0.000622] (-) JobUnselected: {'identifier': 'fast_lio'}
[0.000756] (-) JobUnselected: {'identifier': 'icp_relocalization'}
[0.000807] (-) JobUnselected: {'identifier': 'ikd_tree_mapping'}
[0.000868] (-) JobUnselected: {'identifier': 'livox_ros_driver2'}
[0.000909] (-) JobUnselected: {'identifier': 'm_detector'}
[0.000949] (-) JobUnselected: {'identifier': 'motion_planning'}
[0.000988] (-) JobUnselected: {'identifier': 'point_lio'}
[0.001106] (-) JobUnselected: {'identifier': 'rm_decision'}
[0.001198] (-) JobUnselected: {'identifier': 'rm_interface'}
[0.001259] (-) JobUnselected: {'identifier': 'rm_serial'}
[0.001352] (-) JobUnselected: {'identifier': 'rviz_plugin'}
[0.001597] (-) JobUnselected: {'identifier': 'sentry_decision_system'}
[0.001648] (-) JobUnselected: {'identifier': 'tilted_lidar'}
[0.001804] (-) JobUnselected: {'identifier': 'z_related_map'}
[0.001885] (auto_start) JobQueued: {'identifier': 'auto_start', 'dependencies': OrderedDict()}
[0.001927] (path_planning) JobQueued: {'identifier': 'path_planning', 'dependencies': OrderedDict([('debug_tools', '/home/sentry-nov/code/colcon_3/install/debug_tools'), ('rm_interface', '/home/sentry-nov/code/colcon_3/install/rm_interface'), ('z_related_map', '/home/sentry-nov/code/colcon_3/install/z_related_map')])}
[0.001957] (auto_start) JobStarted: {'identifier': 'auto_start'}
[0.007653] (path_planning) JobStarted: {'identifier': 'path_planning'}
[0.020784] (path_planning) JobEnded: {'identifier': 'path_planning', 'rc': 1}
[0.021838] (auto_start) JobEnded: {'identifier': 'auto_start', 'rc': 'SIGINT'}
[0.032466] (-) EventReactorShutdown: {}
